[2024-05-28T18:07:31.281+0000] {processor.py:161} INFO - Started process (PID=88) to work on /home/airflow/.local/lib/python3.12/site-packages/airflow/example_dags/example_branch_python_dop_operator_3.py
[2024-05-28T18:07:31.288+0000] {processor.py:830} INFO - Processing file /home/airflow/.local/lib/python3.12/site-packages/airflow/example_dags/example_branch_python_dop_operator_3.py for tasks to queue
[2024-05-28T18:07:31.296+0000] {logging_mixin.py:188} INFO - [2024-05-28T18:07:31.295+0000] {dagbag.py:545} INFO - Filling up the DagBag from /home/airflow/.local/lib/python3.12/site-packages/airflow/example_dags/example_branch_python_dop_operator_3.py
[2024-05-28T18:07:31.359+0000] {processor.py:840} INFO - DAG(s) 'example_branch_dop_operator_v3' retrieved from /home/airflow/.local/lib/python3.12/site-packages/airflow/example_dags/example_branch_python_dop_operator_3.py
[2024-05-28T18:07:32.272+0000] {logging_mixin.py:188} INFO - [2024-05-28T18:07:32.268+0000] {dag.py:3096} INFO - Sync 1 DAGs
[2024-05-28T18:07:32.498+0000] {logging_mixin.py:188} INFO - [2024-05-28T18:07:32.496+0000] {dag.py:3954} INFO - Setting next_dagrun for example_branch_dop_operator_v3 to 2024-05-28 18:06:00+00:00, run_after=2024-05-28 18:07:00+00:00
[2024-05-28T18:07:32.631+0000] {processor.py:183} INFO - Processing /home/airflow/.local/lib/python3.12/site-packages/airflow/example_dags/example_branch_python_dop_operator_3.py took 1.380 seconds
[2024-05-28T18:08:03.266+0000] {processor.py:161} INFO - Started process (PID=146) to work on /home/airflow/.local/lib/python3.12/site-packages/airflow/example_dags/example_branch_python_dop_operator_3.py
[2024-05-28T18:08:03.278+0000] {processor.py:830} INFO - Processing file /home/airflow/.local/lib/python3.12/site-packages/airflow/example_dags/example_branch_python_dop_operator_3.py for tasks to queue
[2024-05-28T18:08:03.297+0000] {logging_mixin.py:188} INFO - [2024-05-28T18:08:03.295+0000] {dagbag.py:545} INFO - Filling up the DagBag from /home/airflow/.local/lib/python3.12/site-packages/airflow/example_dags/example_branch_python_dop_operator_3.py
[2024-05-28T18:08:03.392+0000] {processor.py:840} INFO - DAG(s) 'example_branch_dop_operator_v3' retrieved from /home/airflow/.local/lib/python3.12/site-packages/airflow/example_dags/example_branch_python_dop_operator_3.py
[2024-05-28T18:08:03.606+0000] {logging_mixin.py:188} INFO - [2024-05-28T18:08:03.605+0000] {dag.py:3096} INFO - Sync 1 DAGs
[2024-05-28T18:08:03.849+0000] {logging_mixin.py:188} INFO - [2024-05-28T18:08:03.848+0000] {dag.py:3954} INFO - Setting next_dagrun for example_branch_dop_operator_v3 to 2024-05-28 18:07:00+00:00, run_after=2024-05-28 18:08:00+00:00
[2024-05-28T18:08:04.018+0000] {processor.py:183} INFO - Processing /home/airflow/.local/lib/python3.12/site-packages/airflow/example_dags/example_branch_python_dop_operator_3.py took 0.805 seconds
[2024-05-28T18:08:34.366+0000] {processor.py:161} INFO - Started process (PID=205) to work on /home/airflow/.local/lib/python3.12/site-packages/airflow/example_dags/example_branch_python_dop_operator_3.py
[2024-05-28T18:08:34.367+0000] {processor.py:830} INFO - Processing file /home/airflow/.local/lib/python3.12/site-packages/airflow/example_dags/example_branch_python_dop_operator_3.py for tasks to queue
[2024-05-28T18:08:34.372+0000] {logging_mixin.py:188} INFO - [2024-05-28T18:08:34.371+0000] {dagbag.py:545} INFO - Filling up the DagBag from /home/airflow/.local/lib/python3.12/site-packages/airflow/example_dags/example_branch_python_dop_operator_3.py
[2024-05-28T18:08:34.393+0000] {processor.py:840} INFO - DAG(s) 'example_branch_dop_operator_v3' retrieved from /home/airflow/.local/lib/python3.12/site-packages/airflow/example_dags/example_branch_python_dop_operator_3.py
[2024-05-28T18:08:34.460+0000] {logging_mixin.py:188} INFO - [2024-05-28T18:08:34.459+0000] {dag.py:3096} INFO - Sync 1 DAGs
[2024-05-28T18:08:34.615+0000] {logging_mixin.py:188} INFO - [2024-05-28T18:08:34.608+0000] {dag.py:3954} INFO - Setting next_dagrun for example_branch_dop_operator_v3 to 2024-05-28 18:07:00+00:00, run_after=2024-05-28 18:08:00+00:00
[2024-05-28T18:08:34.709+0000] {processor.py:183} INFO - Processing /home/airflow/.local/lib/python3.12/site-packages/airflow/example_dags/example_branch_python_dop_operator_3.py took 0.359 seconds
[2024-05-28T18:09:04.979+0000] {processor.py:161} INFO - Started process (PID=263) to work on /home/airflow/.local/lib/python3.12/site-packages/airflow/example_dags/example_branch_python_dop_operator_3.py
[2024-05-28T18:09:04.981+0000] {processor.py:830} INFO - Processing file /home/airflow/.local/lib/python3.12/site-packages/airflow/example_dags/example_branch_python_dop_operator_3.py for tasks to queue
[2024-05-28T18:09:04.985+0000] {logging_mixin.py:188} INFO - [2024-05-28T18:09:04.985+0000] {dagbag.py:545} INFO - Filling up the DagBag from /home/airflow/.local/lib/python3.12/site-packages/airflow/example_dags/example_branch_python_dop_operator_3.py
[2024-05-28T18:09:05.009+0000] {processor.py:840} INFO - DAG(s) 'example_branch_dop_operator_v3' retrieved from /home/airflow/.local/lib/python3.12/site-packages/airflow/example_dags/example_branch_python_dop_operator_3.py
[2024-05-28T18:09:05.057+0000] {logging_mixin.py:188} INFO - [2024-05-28T18:09:05.057+0000] {dag.py:3096} INFO - Sync 1 DAGs
[2024-05-28T18:09:05.124+0000] {logging_mixin.py:188} INFO - [2024-05-28T18:09:05.123+0000] {dag.py:3954} INFO - Setting next_dagrun for example_branch_dop_operator_v3 to 2024-05-28 18:08:00+00:00, run_after=2024-05-28 18:09:00+00:00
[2024-05-28T18:09:05.192+0000] {processor.py:183} INFO - Processing /home/airflow/.local/lib/python3.12/site-packages/airflow/example_dags/example_branch_python_dop_operator_3.py took 0.229 seconds
[2024-05-28T18:09:35.504+0000] {processor.py:161} INFO - Started process (PID=320) to work on /home/airflow/.local/lib/python3.12/site-packages/airflow/example_dags/example_branch_python_dop_operator_3.py
[2024-05-28T18:09:35.508+0000] {processor.py:830} INFO - Processing file /home/airflow/.local/lib/python3.12/site-packages/airflow/example_dags/example_branch_python_dop_operator_3.py for tasks to queue
[2024-05-28T18:09:35.523+0000] {logging_mixin.py:188} INFO - [2024-05-28T18:09:35.522+0000] {dagbag.py:545} INFO - Filling up the DagBag from /home/airflow/.local/lib/python3.12/site-packages/airflow/example_dags/example_branch_python_dop_operator_3.py
[2024-05-28T18:09:35.599+0000] {processor.py:840} INFO - DAG(s) 'example_branch_dop_operator_v3' retrieved from /home/airflow/.local/lib/python3.12/site-packages/airflow/example_dags/example_branch_python_dop_operator_3.py
[2024-05-28T18:09:35.785+0000] {logging_mixin.py:188} INFO - [2024-05-28T18:09:35.783+0000] {dag.py:3096} INFO - Sync 1 DAGs
[2024-05-28T18:09:35.905+0000] {logging_mixin.py:188} INFO - [2024-05-28T18:09:35.904+0000] {dag.py:3954} INFO - Setting next_dagrun for example_branch_dop_operator_v3 to 2024-05-28 18:08:00+00:00, run_after=2024-05-28 18:09:00+00:00
[2024-05-28T18:09:35.972+0000] {processor.py:183} INFO - Processing /home/airflow/.local/lib/python3.12/site-packages/airflow/example_dags/example_branch_python_dop_operator_3.py took 0.509 seconds
[2024-05-28T18:10:06.882+0000] {processor.py:161} INFO - Started process (PID=378) to work on /home/airflow/.local/lib/python3.12/site-packages/airflow/example_dags/example_branch_python_dop_operator_3.py
[2024-05-28T18:10:06.886+0000] {processor.py:830} INFO - Processing file /home/airflow/.local/lib/python3.12/site-packages/airflow/example_dags/example_branch_python_dop_operator_3.py for tasks to queue
[2024-05-28T18:10:06.889+0000] {logging_mixin.py:188} INFO - [2024-05-28T18:10:06.888+0000] {dagbag.py:545} INFO - Filling up the DagBag from /home/airflow/.local/lib/python3.12/site-packages/airflow/example_dags/example_branch_python_dop_operator_3.py
[2024-05-28T18:10:06.909+0000] {processor.py:840} INFO - DAG(s) 'example_branch_dop_operator_v3' retrieved from /home/airflow/.local/lib/python3.12/site-packages/airflow/example_dags/example_branch_python_dop_operator_3.py
[2024-05-28T18:10:06.963+0000] {logging_mixin.py:188} INFO - [2024-05-28T18:10:06.962+0000] {dag.py:3096} INFO - Sync 1 DAGs
[2024-05-28T18:10:07.033+0000] {logging_mixin.py:188} INFO - [2024-05-28T18:10:07.032+0000] {dag.py:3954} INFO - Setting next_dagrun for example_branch_dop_operator_v3 to 2024-05-28 18:09:00+00:00, run_after=2024-05-28 18:10:00+00:00
[2024-05-28T18:10:07.109+0000] {processor.py:183} INFO - Processing /home/airflow/.local/lib/python3.12/site-packages/airflow/example_dags/example_branch_python_dop_operator_3.py took 0.239 seconds
[2024-05-28T18:10:37.887+0000] {processor.py:161} INFO - Started process (PID=436) to work on /home/airflow/.local/lib/python3.12/site-packages/airflow/example_dags/example_branch_python_dop_operator_3.py
[2024-05-28T18:10:37.894+0000] {processor.py:830} INFO - Processing file /home/airflow/.local/lib/python3.12/site-packages/airflow/example_dags/example_branch_python_dop_operator_3.py for tasks to queue
[2024-05-28T18:10:37.907+0000] {logging_mixin.py:188} INFO - [2024-05-28T18:10:37.905+0000] {dagbag.py:545} INFO - Filling up the DagBag from /home/airflow/.local/lib/python3.12/site-packages/airflow/example_dags/example_branch_python_dop_operator_3.py
[2024-05-28T18:10:38.000+0000] {processor.py:840} INFO - DAG(s) 'example_branch_dop_operator_v3' retrieved from /home/airflow/.local/lib/python3.12/site-packages/airflow/example_dags/example_branch_python_dop_operator_3.py
[2024-05-28T18:10:38.083+0000] {logging_mixin.py:188} INFO - [2024-05-28T18:10:38.082+0000] {dag.py:3096} INFO - Sync 1 DAGs
[2024-05-28T18:10:38.335+0000] {logging_mixin.py:188} INFO - [2024-05-28T18:10:38.334+0000] {dag.py:3954} INFO - Setting next_dagrun for example_branch_dop_operator_v3 to 2024-05-28 18:09:00+00:00, run_after=2024-05-28 18:10:00+00:00
[2024-05-28T18:10:38.560+0000] {processor.py:183} INFO - Processing /home/airflow/.local/lib/python3.12/site-packages/airflow/example_dags/example_branch_python_dop_operator_3.py took 0.707 seconds
[2024-05-28T18:11:09.204+0000] {processor.py:161} INFO - Started process (PID=494) to work on /home/airflow/.local/lib/python3.12/site-packages/airflow/example_dags/example_branch_python_dop_operator_3.py
[2024-05-28T18:11:09.207+0000] {processor.py:830} INFO - Processing file /home/airflow/.local/lib/python3.12/site-packages/airflow/example_dags/example_branch_python_dop_operator_3.py for tasks to queue
[2024-05-28T18:11:09.215+0000] {logging_mixin.py:188} INFO - [2024-05-28T18:11:09.213+0000] {dagbag.py:545} INFO - Filling up the DagBag from /home/airflow/.local/lib/python3.12/site-packages/airflow/example_dags/example_branch_python_dop_operator_3.py
[2024-05-28T18:11:09.246+0000] {processor.py:840} INFO - DAG(s) 'example_branch_dop_operator_v3' retrieved from /home/airflow/.local/lib/python3.12/site-packages/airflow/example_dags/example_branch_python_dop_operator_3.py
[2024-05-28T18:11:09.293+0000] {logging_mixin.py:188} INFO - [2024-05-28T18:11:09.292+0000] {dag.py:3096} INFO - Sync 1 DAGs
[2024-05-28T18:11:09.358+0000] {logging_mixin.py:188} INFO - [2024-05-28T18:11:09.358+0000] {dag.py:3954} INFO - Setting next_dagrun for example_branch_dop_operator_v3 to 2024-05-28 18:10:00+00:00, run_after=2024-05-28 18:11:00+00:00
[2024-05-28T18:11:09.405+0000] {processor.py:183} INFO - Processing /home/airflow/.local/lib/python3.12/site-packages/airflow/example_dags/example_branch_python_dop_operator_3.py took 0.227 seconds
[2024-05-28T18:11:43.670+0000] {processor.py:161} INFO - Started process (PID=552) to work on /home/airflow/.local/lib/python3.12/site-packages/airflow/example_dags/example_branch_python_dop_operator_3.py
[2024-05-28T18:11:43.677+0000] {processor.py:830} INFO - Processing file /home/airflow/.local/lib/python3.12/site-packages/airflow/example_dags/example_branch_python_dop_operator_3.py for tasks to queue
[2024-05-28T18:11:43.696+0000] {logging_mixin.py:188} INFO - [2024-05-28T18:11:43.693+0000] {dagbag.py:545} INFO - Filling up the DagBag from /home/airflow/.local/lib/python3.12/site-packages/airflow/example_dags/example_branch_python_dop_operator_3.py
[2024-05-28T18:11:43.777+0000] {processor.py:840} INFO - DAG(s) 'example_branch_dop_operator_v3' retrieved from /home/airflow/.local/lib/python3.12/site-packages/airflow/example_dags/example_branch_python_dop_operator_3.py
[2024-05-28T18:11:43.935+0000] {logging_mixin.py:188} INFO - [2024-05-28T18:11:43.934+0000] {dag.py:3096} INFO - Sync 1 DAGs
[2024-05-28T18:11:44.186+0000] {logging_mixin.py:188} INFO - [2024-05-28T18:11:44.185+0000] {dag.py:3954} INFO - Setting next_dagrun for example_branch_dop_operator_v3 to 2024-05-28 18:10:00+00:00, run_after=2024-05-28 18:11:00+00:00
[2024-05-28T18:11:44.362+0000] {processor.py:183} INFO - Processing /home/airflow/.local/lib/python3.12/site-packages/airflow/example_dags/example_branch_python_dop_operator_3.py took 0.737 seconds
[2024-05-28T18:12:15.160+0000] {processor.py:161} INFO - Started process (PID=610) to work on /home/airflow/.local/lib/python3.12/site-packages/airflow/example_dags/example_branch_python_dop_operator_3.py
[2024-05-28T18:12:15.164+0000] {processor.py:830} INFO - Processing file /home/airflow/.local/lib/python3.12/site-packages/airflow/example_dags/example_branch_python_dop_operator_3.py for tasks to queue
[2024-05-28T18:12:15.170+0000] {logging_mixin.py:188} INFO - [2024-05-28T18:12:15.169+0000] {dagbag.py:545} INFO - Filling up the DagBag from /home/airflow/.local/lib/python3.12/site-packages/airflow/example_dags/example_branch_python_dop_operator_3.py
[2024-05-28T18:12:15.208+0000] {processor.py:840} INFO - DAG(s) 'example_branch_dop_operator_v3' retrieved from /home/airflow/.local/lib/python3.12/site-packages/airflow/example_dags/example_branch_python_dop_operator_3.py
[2024-05-28T18:12:15.278+0000] {logging_mixin.py:188} INFO - [2024-05-28T18:12:15.277+0000] {dag.py:3096} INFO - Sync 1 DAGs
[2024-05-28T18:12:15.335+0000] {logging_mixin.py:188} INFO - [2024-05-28T18:12:15.335+0000] {dag.py:3954} INFO - Setting next_dagrun for example_branch_dop_operator_v3 to 2024-05-28 18:11:00+00:00, run_after=2024-05-28 18:12:00+00:00
[2024-05-28T18:12:15.384+0000] {processor.py:183} INFO - Processing /home/airflow/.local/lib/python3.12/site-packages/airflow/example_dags/example_branch_python_dop_operator_3.py took 0.245 seconds
[2024-05-28T18:12:45.699+0000] {processor.py:161} INFO - Started process (PID=666) to work on /home/airflow/.local/lib/python3.12/site-packages/airflow/example_dags/example_branch_python_dop_operator_3.py
[2024-05-28T18:12:45.709+0000] {processor.py:830} INFO - Processing file /home/airflow/.local/lib/python3.12/site-packages/airflow/example_dags/example_branch_python_dop_operator_3.py for tasks to queue
[2024-05-28T18:12:45.717+0000] {logging_mixin.py:188} INFO - [2024-05-28T18:12:45.716+0000] {dagbag.py:545} INFO - Filling up the DagBag from /home/airflow/.local/lib/python3.12/site-packages/airflow/example_dags/example_branch_python_dop_operator_3.py
[2024-05-28T18:12:45.770+0000] {processor.py:840} INFO - DAG(s) 'example_branch_dop_operator_v3' retrieved from /home/airflow/.local/lib/python3.12/site-packages/airflow/example_dags/example_branch_python_dop_operator_3.py
[2024-05-28T18:12:45.847+0000] {logging_mixin.py:188} INFO - [2024-05-28T18:12:45.846+0000] {dag.py:3096} INFO - Sync 1 DAGs
[2024-05-28T18:12:45.942+0000] {logging_mixin.py:188} INFO - [2024-05-28T18:12:45.942+0000] {dag.py:3954} INFO - Setting next_dagrun for example_branch_dop_operator_v3 to 2024-05-28 18:11:00+00:00, run_after=2024-05-28 18:12:00+00:00
[2024-05-28T18:12:46.005+0000] {processor.py:183} INFO - Processing /home/airflow/.local/lib/python3.12/site-packages/airflow/example_dags/example_branch_python_dop_operator_3.py took 0.338 seconds
[2024-05-28T18:13:16.282+0000] {processor.py:161} INFO - Started process (PID=724) to work on /home/airflow/.local/lib/python3.12/site-packages/airflow/example_dags/example_branch_python_dop_operator_3.py
[2024-05-28T18:13:16.285+0000] {processor.py:830} INFO - Processing file /home/airflow/.local/lib/python3.12/site-packages/airflow/example_dags/example_branch_python_dop_operator_3.py for tasks to queue
[2024-05-28T18:13:16.289+0000] {logging_mixin.py:188} INFO - [2024-05-28T18:13:16.289+0000] {dagbag.py:545} INFO - Filling up the DagBag from /home/airflow/.local/lib/python3.12/site-packages/airflow/example_dags/example_branch_python_dop_operator_3.py
[2024-05-28T18:13:16.312+0000] {processor.py:840} INFO - DAG(s) 'example_branch_dop_operator_v3' retrieved from /home/airflow/.local/lib/python3.12/site-packages/airflow/example_dags/example_branch_python_dop_operator_3.py
[2024-05-28T18:13:16.355+0000] {logging_mixin.py:188} INFO - [2024-05-28T18:13:16.355+0000] {dag.py:3096} INFO - Sync 1 DAGs
[2024-05-28T18:13:16.421+0000] {logging_mixin.py:188} INFO - [2024-05-28T18:13:16.420+0000] {dag.py:3954} INFO - Setting next_dagrun for example_branch_dop_operator_v3 to 2024-05-28 18:12:00+00:00, run_after=2024-05-28 18:13:00+00:00
[2024-05-28T18:13:16.494+0000] {processor.py:183} INFO - Processing /home/airflow/.local/lib/python3.12/site-packages/airflow/example_dags/example_branch_python_dop_operator_3.py took 0.226 seconds
[2024-05-28T18:13:46.901+0000] {processor.py:161} INFO - Started process (PID=783) to work on /home/airflow/.local/lib/python3.12/site-packages/airflow/example_dags/example_branch_python_dop_operator_3.py
[2024-05-28T18:13:46.907+0000] {processor.py:830} INFO - Processing file /home/airflow/.local/lib/python3.12/site-packages/airflow/example_dags/example_branch_python_dop_operator_3.py for tasks to queue
[2024-05-28T18:13:46.921+0000] {logging_mixin.py:188} INFO - [2024-05-28T18:13:46.919+0000] {dagbag.py:545} INFO - Filling up the DagBag from /home/airflow/.local/lib/python3.12/site-packages/airflow/example_dags/example_branch_python_dop_operator_3.py
[2024-05-28T18:13:47.007+0000] {processor.py:840} INFO - DAG(s) 'example_branch_dop_operator_v3' retrieved from /home/airflow/.local/lib/python3.12/site-packages/airflow/example_dags/example_branch_python_dop_operator_3.py
[2024-05-28T18:13:47.052+0000] {logging_mixin.py:188} INFO - [2024-05-28T18:13:47.051+0000] {dag.py:3096} INFO - Sync 1 DAGs
[2024-05-28T18:13:47.117+0000] {logging_mixin.py:188} INFO - [2024-05-28T18:13:47.116+0000] {dag.py:3954} INFO - Setting next_dagrun for example_branch_dop_operator_v3 to 2024-05-28 18:12:00+00:00, run_after=2024-05-28 18:13:00+00:00
[2024-05-28T18:13:47.193+0000] {processor.py:183} INFO - Processing /home/airflow/.local/lib/python3.12/site-packages/airflow/example_dags/example_branch_python_dop_operator_3.py took 0.327 seconds
[2024-05-28T18:14:17.571+0000] {processor.py:161} INFO - Started process (PID=841) to work on /home/airflow/.local/lib/python3.12/site-packages/airflow/example_dags/example_branch_python_dop_operator_3.py
[2024-05-28T18:14:17.574+0000] {processor.py:830} INFO - Processing file /home/airflow/.local/lib/python3.12/site-packages/airflow/example_dags/example_branch_python_dop_operator_3.py for tasks to queue
[2024-05-28T18:14:17.580+0000] {logging_mixin.py:188} INFO - [2024-05-28T18:14:17.579+0000] {dagbag.py:545} INFO - Filling up the DagBag from /home/airflow/.local/lib/python3.12/site-packages/airflow/example_dags/example_branch_python_dop_operator_3.py
[2024-05-28T18:14:17.608+0000] {processor.py:840} INFO - DAG(s) 'example_branch_dop_operator_v3' retrieved from /home/airflow/.local/lib/python3.12/site-packages/airflow/example_dags/example_branch_python_dop_operator_3.py
[2024-05-28T18:14:17.674+0000] {logging_mixin.py:188} INFO - [2024-05-28T18:14:17.674+0000] {dag.py:3096} INFO - Sync 1 DAGs
[2024-05-28T18:14:17.794+0000] {logging_mixin.py:188} INFO - [2024-05-28T18:14:17.792+0000] {dag.py:3954} INFO - Setting next_dagrun for example_branch_dop_operator_v3 to 2024-05-28 18:13:00+00:00, run_after=2024-05-28 18:14:00+00:00
[2024-05-28T18:14:17.872+0000] {processor.py:183} INFO - Processing /home/airflow/.local/lib/python3.12/site-packages/airflow/example_dags/example_branch_python_dop_operator_3.py took 0.321 seconds
[2024-05-28T18:14:49.364+0000] {processor.py:161} INFO - Started process (PID=899) to work on /home/airflow/.local/lib/python3.12/site-packages/airflow/example_dags/example_branch_python_dop_operator_3.py
[2024-05-28T18:14:49.368+0000] {processor.py:830} INFO - Processing file /home/airflow/.local/lib/python3.12/site-packages/airflow/example_dags/example_branch_python_dop_operator_3.py for tasks to queue
[2024-05-28T18:14:49.381+0000] {logging_mixin.py:188} INFO - [2024-05-28T18:14:49.380+0000] {dagbag.py:545} INFO - Filling up the DagBag from /home/airflow/.local/lib/python3.12/site-packages/airflow/example_dags/example_branch_python_dop_operator_3.py
[2024-05-28T18:14:49.418+0000] {processor.py:840} INFO - DAG(s) 'example_branch_dop_operator_v3' retrieved from /home/airflow/.local/lib/python3.12/site-packages/airflow/example_dags/example_branch_python_dop_operator_3.py
[2024-05-28T18:14:49.487+0000] {logging_mixin.py:188} INFO - [2024-05-28T18:14:49.487+0000] {dag.py:3096} INFO - Sync 1 DAGs
[2024-05-28T18:14:49.588+0000] {logging_mixin.py:188} INFO - [2024-05-28T18:14:49.587+0000] {dag.py:3954} INFO - Setting next_dagrun for example_branch_dop_operator_v3 to 2024-05-28 18:13:00+00:00, run_after=2024-05-28 18:14:00+00:00
[2024-05-28T18:14:49.656+0000] {processor.py:183} INFO - Processing /home/airflow/.local/lib/python3.12/site-packages/airflow/example_dags/example_branch_python_dop_operator_3.py took 0.323 seconds
[2024-05-28T18:15:26.697+0000] {processor.py:161} INFO - Started process (PID=963) to work on /home/airflow/.local/lib/python3.12/site-packages/airflow/example_dags/example_branch_python_dop_operator_3.py
[2024-05-28T18:15:26.708+0000] {processor.py:830} INFO - Processing file /home/airflow/.local/lib/python3.12/site-packages/airflow/example_dags/example_branch_python_dop_operator_3.py for tasks to queue
[2024-05-28T18:15:26.719+0000] {logging_mixin.py:188} INFO - [2024-05-28T18:15:26.718+0000] {dagbag.py:545} INFO - Filling up the DagBag from /home/airflow/.local/lib/python3.12/site-packages/airflow/example_dags/example_branch_python_dop_operator_3.py
[2024-05-28T18:15:26.801+0000] {processor.py:840} INFO - DAG(s) 'example_branch_dop_operator_v3' retrieved from /home/airflow/.local/lib/python3.12/site-packages/airflow/example_dags/example_branch_python_dop_operator_3.py
[2024-05-28T18:15:26.953+0000] {logging_mixin.py:188} INFO - [2024-05-28T18:15:26.952+0000] {dag.py:3096} INFO - Sync 1 DAGs
[2024-05-28T18:15:27.180+0000] {logging_mixin.py:188} INFO - [2024-05-28T18:15:27.179+0000] {dag.py:3954} INFO - Setting next_dagrun for example_branch_dop_operator_v3 to 2024-05-28 18:14:00+00:00, run_after=2024-05-28 18:15:00+00:00
[2024-05-28T18:15:27.339+0000] {processor.py:183} INFO - Processing /home/airflow/.local/lib/python3.12/site-packages/airflow/example_dags/example_branch_python_dop_operator_3.py took 0.676 seconds
[2024-05-28T18:15:59.605+0000] {processor.py:161} INFO - Started process (PID=1021) to work on /home/airflow/.local/lib/python3.12/site-packages/airflow/example_dags/example_branch_python_dop_operator_3.py
[2024-05-28T18:15:59.610+0000] {processor.py:830} INFO - Processing file /home/airflow/.local/lib/python3.12/site-packages/airflow/example_dags/example_branch_python_dop_operator_3.py for tasks to queue
[2024-05-28T18:15:59.630+0000] {logging_mixin.py:188} INFO - [2024-05-28T18:15:59.617+0000] {dagbag.py:545} INFO - Filling up the DagBag from /home/airflow/.local/lib/python3.12/site-packages/airflow/example_dags/example_branch_python_dop_operator_3.py
[2024-05-28T18:15:59.827+0000] {processor.py:840} INFO - DAG(s) 'example_branch_dop_operator_v3' retrieved from /home/airflow/.local/lib/python3.12/site-packages/airflow/example_dags/example_branch_python_dop_operator_3.py
[2024-05-28T18:16:00.035+0000] {logging_mixin.py:188} INFO - [2024-05-28T18:16:00.024+0000] {dag.py:3096} INFO - Sync 1 DAGs
[2024-05-28T18:16:00.322+0000] {logging_mixin.py:188} INFO - [2024-05-28T18:16:00.321+0000] {dag.py:3954} INFO - Setting next_dagrun for example_branch_dop_operator_v3 to 2024-05-28 18:15:00+00:00, run_after=2024-05-28 18:16:00+00:00
[2024-05-28T18:16:00.467+0000] {processor.py:183} INFO - Processing /home/airflow/.local/lib/python3.12/site-packages/airflow/example_dags/example_branch_python_dop_operator_3.py took 0.967 seconds
[2024-05-28T18:16:32.848+0000] {processor.py:161} INFO - Started process (PID=1079) to work on /home/airflow/.local/lib/python3.12/site-packages/airflow/example_dags/example_branch_python_dop_operator_3.py
[2024-05-28T18:16:32.851+0000] {processor.py:830} INFO - Processing file /home/airflow/.local/lib/python3.12/site-packages/airflow/example_dags/example_branch_python_dop_operator_3.py for tasks to queue
[2024-05-28T18:16:32.856+0000] {logging_mixin.py:188} INFO - [2024-05-28T18:16:32.855+0000] {dagbag.py:545} INFO - Filling up the DagBag from /home/airflow/.local/lib/python3.12/site-packages/airflow/example_dags/example_branch_python_dop_operator_3.py
[2024-05-28T18:16:32.885+0000] {processor.py:840} INFO - DAG(s) 'example_branch_dop_operator_v3' retrieved from /home/airflow/.local/lib/python3.12/site-packages/airflow/example_dags/example_branch_python_dop_operator_3.py
[2024-05-28T18:16:32.957+0000] {logging_mixin.py:188} INFO - [2024-05-28T18:16:32.954+0000] {dag.py:3096} INFO - Sync 1 DAGs
[2024-05-28T18:16:33.060+0000] {logging_mixin.py:188} INFO - [2024-05-28T18:16:33.060+0000] {dag.py:3954} INFO - Setting next_dagrun for example_branch_dop_operator_v3 to 2024-05-28 18:15:00+00:00, run_after=2024-05-28 18:16:00+00:00
[2024-05-28T18:16:33.130+0000] {processor.py:183} INFO - Processing /home/airflow/.local/lib/python3.12/site-packages/airflow/example_dags/example_branch_python_dop_operator_3.py took 0.302 seconds
[2024-05-28T18:17:08.426+0000] {processor.py:161} INFO - Started process (PID=1136) to work on /home/airflow/.local/lib/python3.12/site-packages/airflow/example_dags/example_branch_python_dop_operator_3.py
[2024-05-28T18:17:08.429+0000] {processor.py:830} INFO - Processing file /home/airflow/.local/lib/python3.12/site-packages/airflow/example_dags/example_branch_python_dop_operator_3.py for tasks to queue
[2024-05-28T18:17:08.435+0000] {logging_mixin.py:188} INFO - [2024-05-28T18:17:08.434+0000] {dagbag.py:545} INFO - Filling up the DagBag from /home/airflow/.local/lib/python3.12/site-packages/airflow/example_dags/example_branch_python_dop_operator_3.py
[2024-05-28T18:17:08.470+0000] {processor.py:840} INFO - DAG(s) 'example_branch_dop_operator_v3' retrieved from /home/airflow/.local/lib/python3.12/site-packages/airflow/example_dags/example_branch_python_dop_operator_3.py
[2024-05-28T18:17:08.533+0000] {logging_mixin.py:188} INFO - [2024-05-28T18:17:08.533+0000] {dag.py:3096} INFO - Sync 1 DAGs
[2024-05-28T18:17:08.625+0000] {logging_mixin.py:188} INFO - [2024-05-28T18:17:08.624+0000] {dag.py:3954} INFO - Setting next_dagrun for example_branch_dop_operator_v3 to 2024-05-28 18:16:00+00:00, run_after=2024-05-28 18:17:00+00:00
[2024-05-28T18:17:08.697+0000] {processor.py:183} INFO - Processing /home/airflow/.local/lib/python3.12/site-packages/airflow/example_dags/example_branch_python_dop_operator_3.py took 0.300 seconds
[2024-05-28T18:17:38.910+0000] {processor.py:161} INFO - Started process (PID=1194) to work on /home/airflow/.local/lib/python3.12/site-packages/airflow/example_dags/example_branch_python_dop_operator_3.py
[2024-05-28T18:17:38.912+0000] {processor.py:830} INFO - Processing file /home/airflow/.local/lib/python3.12/site-packages/airflow/example_dags/example_branch_python_dop_operator_3.py for tasks to queue
[2024-05-28T18:17:38.916+0000] {logging_mixin.py:188} INFO - [2024-05-28T18:17:38.916+0000] {dagbag.py:545} INFO - Filling up the DagBag from /home/airflow/.local/lib/python3.12/site-packages/airflow/example_dags/example_branch_python_dop_operator_3.py
[2024-05-28T18:17:38.940+0000] {processor.py:840} INFO - DAG(s) 'example_branch_dop_operator_v3' retrieved from /home/airflow/.local/lib/python3.12/site-packages/airflow/example_dags/example_branch_python_dop_operator_3.py
[2024-05-28T18:17:38.997+0000] {logging_mixin.py:188} INFO - [2024-05-28T18:17:38.996+0000] {dag.py:3096} INFO - Sync 1 DAGs
[2024-05-28T18:17:39.071+0000] {logging_mixin.py:188} INFO - [2024-05-28T18:17:39.071+0000] {dag.py:3954} INFO - Setting next_dagrun for example_branch_dop_operator_v3 to 2024-05-28 18:16:00+00:00, run_after=2024-05-28 18:17:00+00:00
[2024-05-28T18:17:39.144+0000] {processor.py:183} INFO - Processing /home/airflow/.local/lib/python3.12/site-packages/airflow/example_dags/example_branch_python_dop_operator_3.py took 0.248 seconds
[2024-05-28T18:18:09.427+0000] {processor.py:161} INFO - Started process (PID=1252) to work on /home/airflow/.local/lib/python3.12/site-packages/airflow/example_dags/example_branch_python_dop_operator_3.py
[2024-05-28T18:18:09.429+0000] {processor.py:830} INFO - Processing file /home/airflow/.local/lib/python3.12/site-packages/airflow/example_dags/example_branch_python_dop_operator_3.py for tasks to queue
[2024-05-28T18:18:09.432+0000] {logging_mixin.py:188} INFO - [2024-05-28T18:18:09.431+0000] {dagbag.py:545} INFO - Filling up the DagBag from /home/airflow/.local/lib/python3.12/site-packages/airflow/example_dags/example_branch_python_dop_operator_3.py
[2024-05-28T18:18:09.469+0000] {processor.py:840} INFO - DAG(s) 'example_branch_dop_operator_v3' retrieved from /home/airflow/.local/lib/python3.12/site-packages/airflow/example_dags/example_branch_python_dop_operator_3.py
[2024-05-28T18:18:09.525+0000] {logging_mixin.py:188} INFO - [2024-05-28T18:18:09.524+0000] {dag.py:3096} INFO - Sync 1 DAGs
[2024-05-28T18:18:09.576+0000] {logging_mixin.py:188} INFO - [2024-05-28T18:18:09.575+0000] {dag.py:3954} INFO - Setting next_dagrun for example_branch_dop_operator_v3 to 2024-05-28 18:17:00+00:00, run_after=2024-05-28 18:18:00+00:00
[2024-05-28T18:18:09.613+0000] {processor.py:183} INFO - Processing /home/airflow/.local/lib/python3.12/site-packages/airflow/example_dags/example_branch_python_dop_operator_3.py took 0.198 seconds
[2024-05-28T18:18:40.009+0000] {processor.py:161} INFO - Started process (PID=1310) to work on /home/airflow/.local/lib/python3.12/site-packages/airflow/example_dags/example_branch_python_dop_operator_3.py
[2024-05-28T18:18:40.012+0000] {processor.py:830} INFO - Processing file /home/airflow/.local/lib/python3.12/site-packages/airflow/example_dags/example_branch_python_dop_operator_3.py for tasks to queue
[2024-05-28T18:18:40.017+0000] {logging_mixin.py:188} INFO - [2024-05-28T18:18:40.016+0000] {dagbag.py:545} INFO - Filling up the DagBag from /home/airflow/.local/lib/python3.12/site-packages/airflow/example_dags/example_branch_python_dop_operator_3.py
[2024-05-28T18:18:40.035+0000] {processor.py:840} INFO - DAG(s) 'example_branch_dop_operator_v3' retrieved from /home/airflow/.local/lib/python3.12/site-packages/airflow/example_dags/example_branch_python_dop_operator_3.py
[2024-05-28T18:18:40.081+0000] {logging_mixin.py:188} INFO - [2024-05-28T18:18:40.080+0000] {dag.py:3096} INFO - Sync 1 DAGs
[2024-05-28T18:18:40.146+0000] {logging_mixin.py:188} INFO - [2024-05-28T18:18:40.146+0000] {dag.py:3954} INFO - Setting next_dagrun for example_branch_dop_operator_v3 to 2024-05-28 18:17:00+00:00, run_after=2024-05-28 18:18:00+00:00
[2024-05-28T18:18:40.192+0000] {processor.py:183} INFO - Processing /home/airflow/.local/lib/python3.12/site-packages/airflow/example_dags/example_branch_python_dop_operator_3.py took 0.199 seconds
[2024-05-28T18:19:11.807+0000] {processor.py:161} INFO - Started process (PID=1369) to work on /home/airflow/.local/lib/python3.12/site-packages/airflow/example_dags/example_branch_python_dop_operator_3.py
[2024-05-28T18:19:11.810+0000] {processor.py:830} INFO - Processing file /home/airflow/.local/lib/python3.12/site-packages/airflow/example_dags/example_branch_python_dop_operator_3.py for tasks to queue
[2024-05-28T18:19:11.821+0000] {logging_mixin.py:188} INFO - [2024-05-28T18:19:11.820+0000] {dagbag.py:545} INFO - Filling up the DagBag from /home/airflow/.local/lib/python3.12/site-packages/airflow/example_dags/example_branch_python_dop_operator_3.py
[2024-05-28T18:19:11.868+0000] {processor.py:840} INFO - DAG(s) 'example_branch_dop_operator_v3' retrieved from /home/airflow/.local/lib/python3.12/site-packages/airflow/example_dags/example_branch_python_dop_operator_3.py
[2024-05-28T18:19:11.936+0000] {logging_mixin.py:188} INFO - [2024-05-28T18:19:11.935+0000] {dag.py:3096} INFO - Sync 1 DAGs
[2024-05-28T18:19:12.031+0000] {logging_mixin.py:188} INFO - [2024-05-28T18:19:12.031+0000] {dag.py:3954} INFO - Setting next_dagrun for example_branch_dop_operator_v3 to 2024-05-28 18:18:00+00:00, run_after=2024-05-28 18:19:00+00:00
[2024-05-28T18:19:12.085+0000] {processor.py:183} INFO - Processing /home/airflow/.local/lib/python3.12/site-packages/airflow/example_dags/example_branch_python_dop_operator_3.py took 0.304 seconds
[2024-05-28T18:19:43.153+0000] {processor.py:161} INFO - Started process (PID=1427) to work on /home/airflow/.local/lib/python3.12/site-packages/airflow/example_dags/example_branch_python_dop_operator_3.py
[2024-05-28T18:19:43.156+0000] {processor.py:830} INFO - Processing file /home/airflow/.local/lib/python3.12/site-packages/airflow/example_dags/example_branch_python_dop_operator_3.py for tasks to queue
[2024-05-28T18:19:43.163+0000] {logging_mixin.py:188} INFO - [2024-05-28T18:19:43.163+0000] {dagbag.py:545} INFO - Filling up the DagBag from /home/airflow/.local/lib/python3.12/site-packages/airflow/example_dags/example_branch_python_dop_operator_3.py
[2024-05-28T18:19:43.189+0000] {processor.py:840} INFO - DAG(s) 'example_branch_dop_operator_v3' retrieved from /home/airflow/.local/lib/python3.12/site-packages/airflow/example_dags/example_branch_python_dop_operator_3.py
[2024-05-28T18:19:43.256+0000] {logging_mixin.py:188} INFO - [2024-05-28T18:19:43.255+0000] {dag.py:3096} INFO - Sync 1 DAGs
[2024-05-28T18:19:43.353+0000] {logging_mixin.py:188} INFO - [2024-05-28T18:19:43.352+0000] {dag.py:3954} INFO - Setting next_dagrun for example_branch_dop_operator_v3 to 2024-05-28 18:18:00+00:00, run_after=2024-05-28 18:19:00+00:00
[2024-05-28T18:19:43.451+0000] {processor.py:183} INFO - Processing /home/airflow/.local/lib/python3.12/site-packages/airflow/example_dags/example_branch_python_dop_operator_3.py took 0.312 seconds
[2024-05-28T18:20:14.567+0000] {processor.py:161} INFO - Started process (PID=1485) to work on /home/airflow/.local/lib/python3.12/site-packages/airflow/example_dags/example_branch_python_dop_operator_3.py
[2024-05-28T18:20:14.570+0000] {processor.py:830} INFO - Processing file /home/airflow/.local/lib/python3.12/site-packages/airflow/example_dags/example_branch_python_dop_operator_3.py for tasks to queue
[2024-05-28T18:20:14.583+0000] {logging_mixin.py:188} INFO - [2024-05-28T18:20:14.582+0000] {dagbag.py:545} INFO - Filling up the DagBag from /home/airflow/.local/lib/python3.12/site-packages/airflow/example_dags/example_branch_python_dop_operator_3.py
[2024-05-28T18:20:14.609+0000] {processor.py:840} INFO - DAG(s) 'example_branch_dop_operator_v3' retrieved from /home/airflow/.local/lib/python3.12/site-packages/airflow/example_dags/example_branch_python_dop_operator_3.py
[2024-05-28T18:20:14.660+0000] {logging_mixin.py:188} INFO - [2024-05-28T18:20:14.660+0000] {dag.py:3096} INFO - Sync 1 DAGs
[2024-05-28T18:20:14.730+0000] {logging_mixin.py:188} INFO - [2024-05-28T18:20:14.730+0000] {dag.py:3954} INFO - Setting next_dagrun for example_branch_dop_operator_v3 to 2024-05-28 18:19:00+00:00, run_after=2024-05-28 18:20:00+00:00
[2024-05-28T18:20:14.786+0000] {processor.py:183} INFO - Processing /home/airflow/.local/lib/python3.12/site-packages/airflow/example_dags/example_branch_python_dop_operator_3.py took 0.240 seconds
[2024-05-28T18:20:48.317+0000] {processor.py:161} INFO - Started process (PID=1543) to work on /home/airflow/.local/lib/python3.12/site-packages/airflow/example_dags/example_branch_python_dop_operator_3.py
[2024-05-28T18:20:48.346+0000] {processor.py:830} INFO - Processing file /home/airflow/.local/lib/python3.12/site-packages/airflow/example_dags/example_branch_python_dop_operator_3.py for tasks to queue
[2024-05-28T18:20:48.367+0000] {logging_mixin.py:188} INFO - [2024-05-28T18:20:48.364+0000] {dagbag.py:545} INFO - Filling up the DagBag from /home/airflow/.local/lib/python3.12/site-packages/airflow/example_dags/example_branch_python_dop_operator_3.py
[2024-05-28T18:20:48.481+0000] {processor.py:840} INFO - DAG(s) 'example_branch_dop_operator_v3' retrieved from /home/airflow/.local/lib/python3.12/site-packages/airflow/example_dags/example_branch_python_dop_operator_3.py
[2024-05-28T18:20:48.662+0000] {logging_mixin.py:188} INFO - [2024-05-28T18:20:48.661+0000] {dag.py:3096} INFO - Sync 1 DAGs
[2024-05-28T18:20:48.953+0000] {logging_mixin.py:188} INFO - [2024-05-28T18:20:48.953+0000] {dag.py:3954} INFO - Setting next_dagrun for example_branch_dop_operator_v3 to 2024-05-28 18:19:00+00:00, run_after=2024-05-28 18:20:00+00:00
[2024-05-28T18:20:49.246+0000] {processor.py:183} INFO - Processing /home/airflow/.local/lib/python3.12/site-packages/airflow/example_dags/example_branch_python_dop_operator_3.py took 0.986 seconds
[2024-05-28T18:21:19.838+0000] {processor.py:161} INFO - Started process (PID=1600) to work on /home/airflow/.local/lib/python3.12/site-packages/airflow/example_dags/example_branch_python_dop_operator_3.py
[2024-05-28T18:21:19.841+0000] {processor.py:830} INFO - Processing file /home/airflow/.local/lib/python3.12/site-packages/airflow/example_dags/example_branch_python_dop_operator_3.py for tasks to queue
[2024-05-28T18:21:19.847+0000] {logging_mixin.py:188} INFO - [2024-05-28T18:21:19.846+0000] {dagbag.py:545} INFO - Filling up the DagBag from /home/airflow/.local/lib/python3.12/site-packages/airflow/example_dags/example_branch_python_dop_operator_3.py
[2024-05-28T18:21:19.873+0000] {processor.py:840} INFO - DAG(s) 'example_branch_dop_operator_v3' retrieved from /home/airflow/.local/lib/python3.12/site-packages/airflow/example_dags/example_branch_python_dop_operator_3.py
[2024-05-28T18:21:19.921+0000] {logging_mixin.py:188} INFO - [2024-05-28T18:21:19.920+0000] {dag.py:3096} INFO - Sync 1 DAGs
[2024-05-28T18:21:20.139+0000] {logging_mixin.py:188} INFO - [2024-05-28T18:21:20.138+0000] {dag.py:3954} INFO - Setting next_dagrun for example_branch_dop_operator_v3 to 2024-05-28 18:20:00+00:00, run_after=2024-05-28 18:21:00+00:00
[2024-05-28T18:21:20.320+0000] {processor.py:183} INFO - Processing /home/airflow/.local/lib/python3.12/site-packages/airflow/example_dags/example_branch_python_dop_operator_3.py took 0.501 seconds
