[2024-05-28T18:07:39.554+0000] {processor.py:161} INFO - Started process (PID=98) to work on /home/airflow/.local/lib/python3.12/site-packages/airflow/example_dags/example_short_circuit_operator.py
[2024-05-28T18:07:39.557+0000] {processor.py:830} INFO - Processing file /home/airflow/.local/lib/python3.12/site-packages/airflow/example_dags/example_short_circuit_operator.py for tasks to queue
[2024-05-28T18:07:39.566+0000] {logging_mixin.py:188} INFO - [2024-05-28T18:07:39.564+0000] {dagbag.py:545} INFO - Filling up the DagBag from /home/airflow/.local/lib/python3.12/site-packages/airflow/example_dags/example_short_circuit_operator.py
[2024-05-28T18:07:39.599+0000] {processor.py:840} INFO - DAG(s) 'example_short_circuit_operator' retrieved from /home/airflow/.local/lib/python3.12/site-packages/airflow/example_dags/example_short_circuit_operator.py
[2024-05-28T18:07:40.434+0000] {logging_mixin.py:188} INFO - [2024-05-28T18:07:40.433+0000] {dag.py:3096} INFO - Sync 1 DAGs
[2024-05-28T18:07:40.523+0000] {logging_mixin.py:188} INFO - [2024-05-28T18:07:40.522+0000] {dag.py:3954} INFO - Setting next_dagrun for example_short_circuit_operator to 2024-05-27 00:00:00+00:00, run_after=2024-05-28 00:00:00+00:00
[2024-05-28T18:07:40.607+0000] {processor.py:183} INFO - Processing /home/airflow/.local/lib/python3.12/site-packages/airflow/example_dags/example_short_circuit_operator.py took 1.075 seconds
[2024-05-28T18:08:12.123+0000] {processor.py:161} INFO - Started process (PID=156) to work on /home/airflow/.local/lib/python3.12/site-packages/airflow/example_dags/example_short_circuit_operator.py
[2024-05-28T18:08:12.139+0000] {processor.py:830} INFO - Processing file /home/airflow/.local/lib/python3.12/site-packages/airflow/example_dags/example_short_circuit_operator.py for tasks to queue
[2024-05-28T18:08:12.146+0000] {logging_mixin.py:188} INFO - [2024-05-28T18:08:12.145+0000] {dagbag.py:545} INFO - Filling up the DagBag from /home/airflow/.local/lib/python3.12/site-packages/airflow/example_dags/example_short_circuit_operator.py
[2024-05-28T18:08:12.269+0000] {processor.py:840} INFO - DAG(s) 'example_short_circuit_operator' retrieved from /home/airflow/.local/lib/python3.12/site-packages/airflow/example_dags/example_short_circuit_operator.py
[2024-05-28T18:08:12.534+0000] {logging_mixin.py:188} INFO - [2024-05-28T18:08:12.533+0000] {dag.py:3096} INFO - Sync 1 DAGs
[2024-05-28T18:08:12.724+0000] {logging_mixin.py:188} INFO - [2024-05-28T18:08:12.723+0000] {dag.py:3954} INFO - Setting next_dagrun for example_short_circuit_operator to 2024-05-27 00:00:00+00:00, run_after=2024-05-28 00:00:00+00:00
[2024-05-28T18:08:12.886+0000] {processor.py:183} INFO - Processing /home/airflow/.local/lib/python3.12/site-packages/airflow/example_dags/example_short_circuit_operator.py took 0.834 seconds
[2024-05-28T18:08:43.334+0000] {processor.py:161} INFO - Started process (PID=214) to work on /home/airflow/.local/lib/python3.12/site-packages/airflow/example_dags/example_short_circuit_operator.py
[2024-05-28T18:08:43.337+0000] {processor.py:830} INFO - Processing file /home/airflow/.local/lib/python3.12/site-packages/airflow/example_dags/example_short_circuit_operator.py for tasks to queue
[2024-05-28T18:08:43.343+0000] {logging_mixin.py:188} INFO - [2024-05-28T18:08:43.341+0000] {dagbag.py:545} INFO - Filling up the DagBag from /home/airflow/.local/lib/python3.12/site-packages/airflow/example_dags/example_short_circuit_operator.py
[2024-05-28T18:08:43.361+0000] {processor.py:840} INFO - DAG(s) 'example_short_circuit_operator' retrieved from /home/airflow/.local/lib/python3.12/site-packages/airflow/example_dags/example_short_circuit_operator.py
[2024-05-28T18:08:43.435+0000] {logging_mixin.py:188} INFO - [2024-05-28T18:08:43.433+0000] {dag.py:3096} INFO - Sync 1 DAGs
[2024-05-28T18:08:43.550+0000] {logging_mixin.py:188} INFO - [2024-05-28T18:08:43.548+0000] {dag.py:3954} INFO - Setting next_dagrun for example_short_circuit_operator to 2024-05-27 00:00:00+00:00, run_after=2024-05-28 00:00:00+00:00
[2024-05-28T18:08:43.673+0000] {processor.py:183} INFO - Processing /home/airflow/.local/lib/python3.12/site-packages/airflow/example_dags/example_short_circuit_operator.py took 0.354 seconds
[2024-05-28T18:09:14.200+0000] {processor.py:161} INFO - Started process (PID=272) to work on /home/airflow/.local/lib/python3.12/site-packages/airflow/example_dags/example_short_circuit_operator.py
[2024-05-28T18:09:14.206+0000] {processor.py:830} INFO - Processing file /home/airflow/.local/lib/python3.12/site-packages/airflow/example_dags/example_short_circuit_operator.py for tasks to queue
[2024-05-28T18:09:14.219+0000] {logging_mixin.py:188} INFO - [2024-05-28T18:09:14.217+0000] {dagbag.py:545} INFO - Filling up the DagBag from /home/airflow/.local/lib/python3.12/site-packages/airflow/example_dags/example_short_circuit_operator.py
[2024-05-28T18:09:14.289+0000] {processor.py:840} INFO - DAG(s) 'example_short_circuit_operator' retrieved from /home/airflow/.local/lib/python3.12/site-packages/airflow/example_dags/example_short_circuit_operator.py
[2024-05-28T18:09:14.387+0000] {logging_mixin.py:188} INFO - [2024-05-28T18:09:14.387+0000] {dag.py:3096} INFO - Sync 1 DAGs
[2024-05-28T18:09:14.476+0000] {logging_mixin.py:188} INFO - [2024-05-28T18:09:14.475+0000] {dag.py:3954} INFO - Setting next_dagrun for example_short_circuit_operator to 2024-05-27 00:00:00+00:00, run_after=2024-05-28 00:00:00+00:00
[2024-05-28T18:09:14.553+0000] {processor.py:183} INFO - Processing /home/airflow/.local/lib/python3.12/site-packages/airflow/example_dags/example_short_circuit_operator.py took 0.396 seconds
[2024-05-28T18:09:45.416+0000] {processor.py:161} INFO - Started process (PID=330) to work on /home/airflow/.local/lib/python3.12/site-packages/airflow/example_dags/example_short_circuit_operator.py
[2024-05-28T18:09:45.419+0000] {processor.py:830} INFO - Processing file /home/airflow/.local/lib/python3.12/site-packages/airflow/example_dags/example_short_circuit_operator.py for tasks to queue
[2024-05-28T18:09:45.432+0000] {logging_mixin.py:188} INFO - [2024-05-28T18:09:45.431+0000] {dagbag.py:545} INFO - Filling up the DagBag from /home/airflow/.local/lib/python3.12/site-packages/airflow/example_dags/example_short_circuit_operator.py
[2024-05-28T18:09:45.545+0000] {processor.py:840} INFO - DAG(s) 'example_short_circuit_operator' retrieved from /home/airflow/.local/lib/python3.12/site-packages/airflow/example_dags/example_short_circuit_operator.py
[2024-05-28T18:09:45.719+0000] {logging_mixin.py:188} INFO - [2024-05-28T18:09:45.718+0000] {dag.py:3096} INFO - Sync 1 DAGs
[2024-05-28T18:09:45.945+0000] {logging_mixin.py:188} INFO - [2024-05-28T18:09:45.933+0000] {dag.py:3954} INFO - Setting next_dagrun for example_short_circuit_operator to 2024-05-27 00:00:00+00:00, run_after=2024-05-28 00:00:00+00:00
[2024-05-28T18:09:46.123+0000] {processor.py:183} INFO - Processing /home/airflow/.local/lib/python3.12/site-packages/airflow/example_dags/example_short_circuit_operator.py took 0.744 seconds
[2024-05-28T18:10:16.386+0000] {processor.py:161} INFO - Started process (PID=387) to work on /home/airflow/.local/lib/python3.12/site-packages/airflow/example_dags/example_short_circuit_operator.py
[2024-05-28T18:10:16.390+0000] {processor.py:830} INFO - Processing file /home/airflow/.local/lib/python3.12/site-packages/airflow/example_dags/example_short_circuit_operator.py for tasks to queue
[2024-05-28T18:10:16.400+0000] {logging_mixin.py:188} INFO - [2024-05-28T18:10:16.398+0000] {dagbag.py:545} INFO - Filling up the DagBag from /home/airflow/.local/lib/python3.12/site-packages/airflow/example_dags/example_short_circuit_operator.py
[2024-05-28T18:10:16.434+0000] {processor.py:840} INFO - DAG(s) 'example_short_circuit_operator' retrieved from /home/airflow/.local/lib/python3.12/site-packages/airflow/example_dags/example_short_circuit_operator.py
[2024-05-28T18:10:16.548+0000] {logging_mixin.py:188} INFO - [2024-05-28T18:10:16.548+0000] {dag.py:3096} INFO - Sync 1 DAGs
[2024-05-28T18:10:16.648+0000] {logging_mixin.py:188} INFO - [2024-05-28T18:10:16.647+0000] {dag.py:3954} INFO - Setting next_dagrun for example_short_circuit_operator to 2024-05-27 00:00:00+00:00, run_after=2024-05-28 00:00:00+00:00
[2024-05-28T18:10:16.700+0000] {processor.py:183} INFO - Processing /home/airflow/.local/lib/python3.12/site-packages/airflow/example_dags/example_short_circuit_operator.py took 0.339 seconds
[2024-05-28T18:10:47.190+0000] {processor.py:161} INFO - Started process (PID=446) to work on /home/airflow/.local/lib/python3.12/site-packages/airflow/example_dags/example_short_circuit_operator.py
[2024-05-28T18:10:47.194+0000] {processor.py:830} INFO - Processing file /home/airflow/.local/lib/python3.12/site-packages/airflow/example_dags/example_short_circuit_operator.py for tasks to queue
[2024-05-28T18:10:47.200+0000] {logging_mixin.py:188} INFO - [2024-05-28T18:10:47.199+0000] {dagbag.py:545} INFO - Filling up the DagBag from /home/airflow/.local/lib/python3.12/site-packages/airflow/example_dags/example_short_circuit_operator.py
[2024-05-28T18:10:47.225+0000] {processor.py:840} INFO - DAG(s) 'example_short_circuit_operator' retrieved from /home/airflow/.local/lib/python3.12/site-packages/airflow/example_dags/example_short_circuit_operator.py
[2024-05-28T18:10:47.305+0000] {logging_mixin.py:188} INFO - [2024-05-28T18:10:47.305+0000] {dag.py:3096} INFO - Sync 1 DAGs
[2024-05-28T18:10:47.374+0000] {logging_mixin.py:188} INFO - [2024-05-28T18:10:47.373+0000] {dag.py:3954} INFO - Setting next_dagrun for example_short_circuit_operator to 2024-05-27 00:00:00+00:00, run_after=2024-05-28 00:00:00+00:00
[2024-05-28T18:10:47.464+0000] {processor.py:183} INFO - Processing /home/airflow/.local/lib/python3.12/site-packages/airflow/example_dags/example_short_circuit_operator.py took 0.291 seconds
[2024-05-28T18:11:17.700+0000] {processor.py:161} INFO - Started process (PID=504) to work on /home/airflow/.local/lib/python3.12/site-packages/airflow/example_dags/example_short_circuit_operator.py
[2024-05-28T18:11:17.712+0000] {processor.py:830} INFO - Processing file /home/airflow/.local/lib/python3.12/site-packages/airflow/example_dags/example_short_circuit_operator.py for tasks to queue
[2024-05-28T18:11:17.720+0000] {logging_mixin.py:188} INFO - [2024-05-28T18:11:17.718+0000] {dagbag.py:545} INFO - Filling up the DagBag from /home/airflow/.local/lib/python3.12/site-packages/airflow/example_dags/example_short_circuit_operator.py
[2024-05-28T18:11:17.762+0000] {processor.py:840} INFO - DAG(s) 'example_short_circuit_operator' retrieved from /home/airflow/.local/lib/python3.12/site-packages/airflow/example_dags/example_short_circuit_operator.py
[2024-05-28T18:11:17.840+0000] {logging_mixin.py:188} INFO - [2024-05-28T18:11:17.839+0000] {dag.py:3096} INFO - Sync 1 DAGs
[2024-05-28T18:11:17.923+0000] {logging_mixin.py:188} INFO - [2024-05-28T18:11:17.922+0000] {dag.py:3954} INFO - Setting next_dagrun for example_short_circuit_operator to 2024-05-27 00:00:00+00:00, run_after=2024-05-28 00:00:00+00:00
[2024-05-28T18:11:18.007+0000] {processor.py:183} INFO - Processing /home/airflow/.local/lib/python3.12/site-packages/airflow/example_dags/example_short_circuit_operator.py took 0.343 seconds
[2024-05-28T18:11:48.199+0000] {processor.py:161} INFO - Started process (PID=561) to work on /home/airflow/.local/lib/python3.12/site-packages/airflow/example_dags/example_short_circuit_operator.py
[2024-05-28T18:11:48.202+0000] {processor.py:830} INFO - Processing file /home/airflow/.local/lib/python3.12/site-packages/airflow/example_dags/example_short_circuit_operator.py for tasks to queue
[2024-05-28T18:11:48.206+0000] {logging_mixin.py:188} INFO - [2024-05-28T18:11:48.205+0000] {dagbag.py:545} INFO - Filling up the DagBag from /home/airflow/.local/lib/python3.12/site-packages/airflow/example_dags/example_short_circuit_operator.py
[2024-05-28T18:11:48.225+0000] {processor.py:840} INFO - DAG(s) 'example_short_circuit_operator' retrieved from /home/airflow/.local/lib/python3.12/site-packages/airflow/example_dags/example_short_circuit_operator.py
[2024-05-28T18:11:48.289+0000] {logging_mixin.py:188} INFO - [2024-05-28T18:11:48.289+0000] {dag.py:3096} INFO - Sync 1 DAGs
[2024-05-28T18:11:48.345+0000] {logging_mixin.py:188} INFO - [2024-05-28T18:11:48.344+0000] {dag.py:3954} INFO - Setting next_dagrun for example_short_circuit_operator to 2024-05-27 00:00:00+00:00, run_after=2024-05-28 00:00:00+00:00
[2024-05-28T18:11:48.391+0000] {processor.py:183} INFO - Processing /home/airflow/.local/lib/python3.12/site-packages/airflow/example_dags/example_short_circuit_operator.py took 0.206 seconds
[2024-05-28T18:12:18.866+0000] {processor.py:161} INFO - Started process (PID=618) to work on /home/airflow/.local/lib/python3.12/site-packages/airflow/example_dags/example_short_circuit_operator.py
[2024-05-28T18:12:18.869+0000] {processor.py:830} INFO - Processing file /home/airflow/.local/lib/python3.12/site-packages/airflow/example_dags/example_short_circuit_operator.py for tasks to queue
[2024-05-28T18:12:18.876+0000] {logging_mixin.py:188} INFO - [2024-05-28T18:12:18.875+0000] {dagbag.py:545} INFO - Filling up the DagBag from /home/airflow/.local/lib/python3.12/site-packages/airflow/example_dags/example_short_circuit_operator.py
[2024-05-28T18:12:18.907+0000] {processor.py:840} INFO - DAG(s) 'example_short_circuit_operator' retrieved from /home/airflow/.local/lib/python3.12/site-packages/airflow/example_dags/example_short_circuit_operator.py
[2024-05-28T18:12:19.016+0000] {logging_mixin.py:188} INFO - [2024-05-28T18:12:19.016+0000] {dag.py:3096} INFO - Sync 1 DAGs
[2024-05-28T18:12:19.104+0000] {logging_mixin.py:188} INFO - [2024-05-28T18:12:19.102+0000] {dag.py:3954} INFO - Setting next_dagrun for example_short_circuit_operator to 2024-05-27 00:00:00+00:00, run_after=2024-05-28 00:00:00+00:00
[2024-05-28T18:12:19.187+0000] {processor.py:183} INFO - Processing /home/airflow/.local/lib/python3.12/site-packages/airflow/example_dags/example_short_circuit_operator.py took 0.345 seconds
[2024-05-28T18:12:49.777+0000] {processor.py:161} INFO - Started process (PID=676) to work on /home/airflow/.local/lib/python3.12/site-packages/airflow/example_dags/example_short_circuit_operator.py
[2024-05-28T18:12:49.784+0000] {processor.py:830} INFO - Processing file /home/airflow/.local/lib/python3.12/site-packages/airflow/example_dags/example_short_circuit_operator.py for tasks to queue
[2024-05-28T18:12:49.796+0000] {logging_mixin.py:188} INFO - [2024-05-28T18:12:49.794+0000] {dagbag.py:545} INFO - Filling up the DagBag from /home/airflow/.local/lib/python3.12/site-packages/airflow/example_dags/example_short_circuit_operator.py
[2024-05-28T18:12:49.838+0000] {processor.py:840} INFO - DAG(s) 'example_short_circuit_operator' retrieved from /home/airflow/.local/lib/python3.12/site-packages/airflow/example_dags/example_short_circuit_operator.py
[2024-05-28T18:12:49.917+0000] {logging_mixin.py:188} INFO - [2024-05-28T18:12:49.917+0000] {dag.py:3096} INFO - Sync 1 DAGs
[2024-05-28T18:12:50.052+0000] {logging_mixin.py:188} INFO - [2024-05-28T18:12:50.051+0000] {dag.py:3954} INFO - Setting next_dagrun for example_short_circuit_operator to 2024-05-27 00:00:00+00:00, run_after=2024-05-28 00:00:00+00:00
[2024-05-28T18:12:50.138+0000] {processor.py:183} INFO - Processing /home/airflow/.local/lib/python3.12/site-packages/airflow/example_dags/example_short_circuit_operator.py took 0.401 seconds
[2024-05-28T18:13:21.075+0000] {processor.py:161} INFO - Started process (PID=742) to work on /home/airflow/.local/lib/python3.12/site-packages/airflow/example_dags/example_short_circuit_operator.py
[2024-05-28T18:13:21.078+0000] {processor.py:830} INFO - Processing file /home/airflow/.local/lib/python3.12/site-packages/airflow/example_dags/example_short_circuit_operator.py for tasks to queue
[2024-05-28T18:13:21.085+0000] {logging_mixin.py:188} INFO - [2024-05-28T18:13:21.084+0000] {dagbag.py:545} INFO - Filling up the DagBag from /home/airflow/.local/lib/python3.12/site-packages/airflow/example_dags/example_short_circuit_operator.py
[2024-05-28T18:13:21.112+0000] {processor.py:840} INFO - DAG(s) 'example_short_circuit_operator' retrieved from /home/airflow/.local/lib/python3.12/site-packages/airflow/example_dags/example_short_circuit_operator.py
[2024-05-28T18:13:21.192+0000] {logging_mixin.py:188} INFO - [2024-05-28T18:13:21.192+0000] {dag.py:3096} INFO - Sync 1 DAGs
[2024-05-28T18:13:21.247+0000] {logging_mixin.py:188} INFO - [2024-05-28T18:13:21.247+0000] {dag.py:3954} INFO - Setting next_dagrun for example_short_circuit_operator to 2024-05-27 00:00:00+00:00, run_after=2024-05-28 00:00:00+00:00
[2024-05-28T18:13:21.298+0000] {processor.py:183} INFO - Processing /home/airflow/.local/lib/python3.12/site-packages/airflow/example_dags/example_short_circuit_operator.py took 0.250 seconds
[2024-05-28T18:13:54.038+0000] {processor.py:161} INFO - Started process (PID=801) to work on /home/airflow/.local/lib/python3.12/site-packages/airflow/example_dags/example_short_circuit_operator.py
[2024-05-28T18:13:54.054+0000] {processor.py:830} INFO - Processing file /home/airflow/.local/lib/python3.12/site-packages/airflow/example_dags/example_short_circuit_operator.py for tasks to queue
[2024-05-28T18:13:54.061+0000] {logging_mixin.py:188} INFO - [2024-05-28T18:13:54.060+0000] {dagbag.py:545} INFO - Filling up the DagBag from /home/airflow/.local/lib/python3.12/site-packages/airflow/example_dags/example_short_circuit_operator.py
[2024-05-28T18:13:54.099+0000] {processor.py:840} INFO - DAG(s) 'example_short_circuit_operator' retrieved from /home/airflow/.local/lib/python3.12/site-packages/airflow/example_dags/example_short_circuit_operator.py
[2024-05-28T18:13:54.193+0000] {logging_mixin.py:188} INFO - [2024-05-28T18:13:54.192+0000] {dag.py:3096} INFO - Sync 1 DAGs
[2024-05-28T18:13:54.268+0000] {logging_mixin.py:188} INFO - [2024-05-28T18:13:54.268+0000] {dag.py:3954} INFO - Setting next_dagrun for example_short_circuit_operator to 2024-05-27 00:00:00+00:00, run_after=2024-05-28 00:00:00+00:00
[2024-05-28T18:13:54.347+0000] {processor.py:183} INFO - Processing /home/airflow/.local/lib/python3.12/site-packages/airflow/example_dags/example_short_circuit_operator.py took 0.328 seconds
[2024-05-28T18:14:28.512+0000] {processor.py:161} INFO - Started process (PID=860) to work on /home/airflow/.local/lib/python3.12/site-packages/airflow/example_dags/example_short_circuit_operator.py
[2024-05-28T18:14:28.525+0000] {processor.py:830} INFO - Processing file /home/airflow/.local/lib/python3.12/site-packages/airflow/example_dags/example_short_circuit_operator.py for tasks to queue
[2024-05-28T18:14:28.544+0000] {logging_mixin.py:188} INFO - [2024-05-28T18:14:28.541+0000] {dagbag.py:545} INFO - Filling up the DagBag from /home/airflow/.local/lib/python3.12/site-packages/airflow/example_dags/example_short_circuit_operator.py
[2024-05-28T18:14:28.633+0000] {processor.py:840} INFO - DAG(s) 'example_short_circuit_operator' retrieved from /home/airflow/.local/lib/python3.12/site-packages/airflow/example_dags/example_short_circuit_operator.py
[2024-05-28T18:14:28.949+0000] {logging_mixin.py:188} INFO - [2024-05-28T18:14:28.948+0000] {dag.py:3096} INFO - Sync 1 DAGs
[2024-05-28T18:14:29.233+0000] {logging_mixin.py:188} INFO - [2024-05-28T18:14:29.232+0000] {dag.py:3954} INFO - Setting next_dagrun for example_short_circuit_operator to 2024-05-27 00:00:00+00:00, run_after=2024-05-28 00:00:00+00:00
[2024-05-28T18:14:29.538+0000] {processor.py:183} INFO - Processing /home/airflow/.local/lib/python3.12/site-packages/airflow/example_dags/example_short_circuit_operator.py took 1.112 seconds
[2024-05-28T18:15:00.538+0000] {processor.py:161} INFO - Started process (PID=918) to work on /home/airflow/.local/lib/python3.12/site-packages/airflow/example_dags/example_short_circuit_operator.py
[2024-05-28T18:15:00.541+0000] {processor.py:830} INFO - Processing file /home/airflow/.local/lib/python3.12/site-packages/airflow/example_dags/example_short_circuit_operator.py for tasks to queue
[2024-05-28T18:15:00.548+0000] {logging_mixin.py:188} INFO - [2024-05-28T18:15:00.547+0000] {dagbag.py:545} INFO - Filling up the DagBag from /home/airflow/.local/lib/python3.12/site-packages/airflow/example_dags/example_short_circuit_operator.py
[2024-05-28T18:15:00.586+0000] {processor.py:840} INFO - DAG(s) 'example_short_circuit_operator' retrieved from /home/airflow/.local/lib/python3.12/site-packages/airflow/example_dags/example_short_circuit_operator.py
[2024-05-28T18:15:00.705+0000] {logging_mixin.py:188} INFO - [2024-05-28T18:15:00.705+0000] {dag.py:3096} INFO - Sync 1 DAGs
[2024-05-28T18:15:00.753+0000] {logging_mixin.py:188} INFO - [2024-05-28T18:15:00.753+0000] {dag.py:3954} INFO - Setting next_dagrun for example_short_circuit_operator to 2024-05-27 00:00:00+00:00, run_after=2024-05-28 00:00:00+00:00
[2024-05-28T18:15:00.798+0000] {processor.py:183} INFO - Processing /home/airflow/.local/lib/python3.12/site-packages/airflow/example_dags/example_short_circuit_operator.py took 0.302 seconds
[2024-05-28T18:15:33.315+0000] {processor.py:161} INFO - Started process (PID=974) to work on /home/airflow/.local/lib/python3.12/site-packages/airflow/example_dags/example_short_circuit_operator.py
[2024-05-28T18:15:33.320+0000] {processor.py:830} INFO - Processing file /home/airflow/.local/lib/python3.12/site-packages/airflow/example_dags/example_short_circuit_operator.py for tasks to queue
[2024-05-28T18:15:33.338+0000] {logging_mixin.py:188} INFO - [2024-05-28T18:15:33.336+0000] {dagbag.py:545} INFO - Filling up the DagBag from /home/airflow/.local/lib/python3.12/site-packages/airflow/example_dags/example_short_circuit_operator.py
[2024-05-28T18:15:33.371+0000] {processor.py:840} INFO - DAG(s) 'example_short_circuit_operator' retrieved from /home/airflow/.local/lib/python3.12/site-packages/airflow/example_dags/example_short_circuit_operator.py
[2024-05-28T18:15:33.565+0000] {logging_mixin.py:188} INFO - [2024-05-28T18:15:33.564+0000] {dag.py:3096} INFO - Sync 1 DAGs
[2024-05-28T18:15:33.643+0000] {logging_mixin.py:188} INFO - [2024-05-28T18:15:33.642+0000] {dag.py:3954} INFO - Setting next_dagrun for example_short_circuit_operator to 2024-05-27 00:00:00+00:00, run_after=2024-05-28 00:00:00+00:00
[2024-05-28T18:15:33.707+0000] {processor.py:183} INFO - Processing /home/airflow/.local/lib/python3.12/site-packages/airflow/example_dags/example_short_circuit_operator.py took 0.445 seconds
[2024-05-28T18:16:07.815+0000] {processor.py:161} INFO - Started process (PID=1032) to work on /home/airflow/.local/lib/python3.12/site-packages/airflow/example_dags/example_short_circuit_operator.py
[2024-05-28T18:16:07.859+0000] {processor.py:830} INFO - Processing file /home/airflow/.local/lib/python3.12/site-packages/airflow/example_dags/example_short_circuit_operator.py for tasks to queue
[2024-05-28T18:16:07.880+0000] {logging_mixin.py:188} INFO - [2024-05-28T18:16:07.879+0000] {dagbag.py:545} INFO - Filling up the DagBag from /home/airflow/.local/lib/python3.12/site-packages/airflow/example_dags/example_short_circuit_operator.py
[2024-05-28T18:16:07.956+0000] {processor.py:840} INFO - DAG(s) 'example_short_circuit_operator' retrieved from /home/airflow/.local/lib/python3.12/site-packages/airflow/example_dags/example_short_circuit_operator.py
[2024-05-28T18:16:08.167+0000] {logging_mixin.py:188} INFO - [2024-05-28T18:16:08.166+0000] {dag.py:3096} INFO - Sync 1 DAGs
[2024-05-28T18:16:08.380+0000] {logging_mixin.py:188} INFO - [2024-05-28T18:16:08.380+0000] {dag.py:3954} INFO - Setting next_dagrun for example_short_circuit_operator to 2024-05-27 00:00:00+00:00, run_after=2024-05-28 00:00:00+00:00
[2024-05-28T18:16:08.518+0000] {processor.py:183} INFO - Processing /home/airflow/.local/lib/python3.12/site-packages/airflow/example_dags/example_short_circuit_operator.py took 0.767 seconds
[2024-05-28T18:16:39.327+0000] {processor.py:161} INFO - Started process (PID=1091) to work on /home/airflow/.local/lib/python3.12/site-packages/airflow/example_dags/example_short_circuit_operator.py
[2024-05-28T18:16:39.334+0000] {processor.py:830} INFO - Processing file /home/airflow/.local/lib/python3.12/site-packages/airflow/example_dags/example_short_circuit_operator.py for tasks to queue
[2024-05-28T18:16:39.392+0000] {logging_mixin.py:188} INFO - [2024-05-28T18:16:39.390+0000] {dagbag.py:545} INFO - Filling up the DagBag from /home/airflow/.local/lib/python3.12/site-packages/airflow/example_dags/example_short_circuit_operator.py
[2024-05-28T18:16:39.498+0000] {processor.py:840} INFO - DAG(s) 'example_short_circuit_operator' retrieved from /home/airflow/.local/lib/python3.12/site-packages/airflow/example_dags/example_short_circuit_operator.py
[2024-05-28T18:16:39.788+0000] {logging_mixin.py:188} INFO - [2024-05-28T18:16:39.782+0000] {dag.py:3096} INFO - Sync 1 DAGs
[2024-05-28T18:16:40.109+0000] {logging_mixin.py:188} INFO - [2024-05-28T18:16:40.108+0000] {dag.py:3954} INFO - Setting next_dagrun for example_short_circuit_operator to 2024-05-27 00:00:00+00:00, run_after=2024-05-28 00:00:00+00:00
[2024-05-28T18:16:40.361+0000] {processor.py:183} INFO - Processing /home/airflow/.local/lib/python3.12/site-packages/airflow/example_dags/example_short_circuit_operator.py took 1.072 seconds
[2024-05-28T18:17:11.017+0000] {processor.py:161} INFO - Started process (PID=1148) to work on /home/airflow/.local/lib/python3.12/site-packages/airflow/example_dags/example_short_circuit_operator.py
[2024-05-28T18:17:11.023+0000] {processor.py:830} INFO - Processing file /home/airflow/.local/lib/python3.12/site-packages/airflow/example_dags/example_short_circuit_operator.py for tasks to queue
[2024-05-28T18:17:11.036+0000] {logging_mixin.py:188} INFO - [2024-05-28T18:17:11.035+0000] {dagbag.py:545} INFO - Filling up the DagBag from /home/airflow/.local/lib/python3.12/site-packages/airflow/example_dags/example_short_circuit_operator.py
[2024-05-28T18:17:11.091+0000] {processor.py:840} INFO - DAG(s) 'example_short_circuit_operator' retrieved from /home/airflow/.local/lib/python3.12/site-packages/airflow/example_dags/example_short_circuit_operator.py
[2024-05-28T18:17:11.227+0000] {logging_mixin.py:188} INFO - [2024-05-28T18:17:11.226+0000] {dag.py:3096} INFO - Sync 1 DAGs
[2024-05-28T18:17:11.345+0000] {logging_mixin.py:188} INFO - [2024-05-28T18:17:11.344+0000] {dag.py:3954} INFO - Setting next_dagrun for example_short_circuit_operator to 2024-05-27 00:00:00+00:00, run_after=2024-05-28 00:00:00+00:00
[2024-05-28T18:17:11.547+0000] {processor.py:183} INFO - Processing /home/airflow/.local/lib/python3.12/site-packages/airflow/example_dags/example_short_circuit_operator.py took 0.567 seconds
[2024-05-28T18:17:41.627+0000] {processor.py:161} INFO - Started process (PID=1206) to work on /home/airflow/.local/lib/python3.12/site-packages/airflow/example_dags/example_short_circuit_operator.py
[2024-05-28T18:17:41.629+0000] {processor.py:830} INFO - Processing file /home/airflow/.local/lib/python3.12/site-packages/airflow/example_dags/example_short_circuit_operator.py for tasks to queue
[2024-05-28T18:17:41.633+0000] {logging_mixin.py:188} INFO - [2024-05-28T18:17:41.632+0000] {dagbag.py:545} INFO - Filling up the DagBag from /home/airflow/.local/lib/python3.12/site-packages/airflow/example_dags/example_short_circuit_operator.py
[2024-05-28T18:17:41.647+0000] {processor.py:840} INFO - DAG(s) 'example_short_circuit_operator' retrieved from /home/airflow/.local/lib/python3.12/site-packages/airflow/example_dags/example_short_circuit_operator.py
[2024-05-28T18:17:41.702+0000] {logging_mixin.py:188} INFO - [2024-05-28T18:17:41.701+0000] {dag.py:3096} INFO - Sync 1 DAGs
[2024-05-28T18:17:41.747+0000] {logging_mixin.py:188} INFO - [2024-05-28T18:17:41.746+0000] {dag.py:3954} INFO - Setting next_dagrun for example_short_circuit_operator to 2024-05-27 00:00:00+00:00, run_after=2024-05-28 00:00:00+00:00
[2024-05-28T18:17:41.785+0000] {processor.py:183} INFO - Processing /home/airflow/.local/lib/python3.12/site-packages/airflow/example_dags/example_short_circuit_operator.py took 0.170 seconds
[2024-05-28T18:18:11.909+0000] {processor.py:161} INFO - Started process (PID=1264) to work on /home/airflow/.local/lib/python3.12/site-packages/airflow/example_dags/example_short_circuit_operator.py
[2024-05-28T18:18:11.912+0000] {processor.py:830} INFO - Processing file /home/airflow/.local/lib/python3.12/site-packages/airflow/example_dags/example_short_circuit_operator.py for tasks to queue
[2024-05-28T18:18:11.917+0000] {logging_mixin.py:188} INFO - [2024-05-28T18:18:11.917+0000] {dagbag.py:545} INFO - Filling up the DagBag from /home/airflow/.local/lib/python3.12/site-packages/airflow/example_dags/example_short_circuit_operator.py
[2024-05-28T18:18:11.949+0000] {processor.py:840} INFO - DAG(s) 'example_short_circuit_operator' retrieved from /home/airflow/.local/lib/python3.12/site-packages/airflow/example_dags/example_short_circuit_operator.py
[2024-05-28T18:18:12.023+0000] {logging_mixin.py:188} INFO - [2024-05-28T18:18:12.023+0000] {dag.py:3096} INFO - Sync 1 DAGs
[2024-05-28T18:18:12.088+0000] {logging_mixin.py:188} INFO - [2024-05-28T18:18:12.088+0000] {dag.py:3954} INFO - Setting next_dagrun for example_short_circuit_operator to 2024-05-27 00:00:00+00:00, run_after=2024-05-28 00:00:00+00:00
[2024-05-28T18:18:12.135+0000] {processor.py:183} INFO - Processing /home/airflow/.local/lib/python3.12/site-packages/airflow/example_dags/example_short_circuit_operator.py took 0.245 seconds
[2024-05-28T18:18:42.641+0000] {processor.py:161} INFO - Started process (PID=1322) to work on /home/airflow/.local/lib/python3.12/site-packages/airflow/example_dags/example_short_circuit_operator.py
[2024-05-28T18:18:42.643+0000] {processor.py:830} INFO - Processing file /home/airflow/.local/lib/python3.12/site-packages/airflow/example_dags/example_short_circuit_operator.py for tasks to queue
[2024-05-28T18:18:42.648+0000] {logging_mixin.py:188} INFO - [2024-05-28T18:18:42.647+0000] {dagbag.py:545} INFO - Filling up the DagBag from /home/airflow/.local/lib/python3.12/site-packages/airflow/example_dags/example_short_circuit_operator.py
[2024-05-28T18:18:42.671+0000] {processor.py:840} INFO - DAG(s) 'example_short_circuit_operator' retrieved from /home/airflow/.local/lib/python3.12/site-packages/airflow/example_dags/example_short_circuit_operator.py
[2024-05-28T18:18:42.754+0000] {logging_mixin.py:188} INFO - [2024-05-28T18:18:42.753+0000] {dag.py:3096} INFO - Sync 1 DAGs
[2024-05-28T18:18:42.833+0000] {logging_mixin.py:188} INFO - [2024-05-28T18:18:42.832+0000] {dag.py:3954} INFO - Setting next_dagrun for example_short_circuit_operator to 2024-05-27 00:00:00+00:00, run_after=2024-05-28 00:00:00+00:00
[2024-05-28T18:18:42.898+0000] {processor.py:183} INFO - Processing /home/airflow/.local/lib/python3.12/site-packages/airflow/example_dags/example_short_circuit_operator.py took 0.282 seconds
[2024-05-28T18:19:14.799+0000] {processor.py:161} INFO - Started process (PID=1380) to work on /home/airflow/.local/lib/python3.12/site-packages/airflow/example_dags/example_short_circuit_operator.py
[2024-05-28T18:19:14.801+0000] {processor.py:830} INFO - Processing file /home/airflow/.local/lib/python3.12/site-packages/airflow/example_dags/example_short_circuit_operator.py for tasks to queue
[2024-05-28T18:19:14.807+0000] {logging_mixin.py:188} INFO - [2024-05-28T18:19:14.806+0000] {dagbag.py:545} INFO - Filling up the DagBag from /home/airflow/.local/lib/python3.12/site-packages/airflow/example_dags/example_short_circuit_operator.py
[2024-05-28T18:19:14.830+0000] {processor.py:840} INFO - DAG(s) 'example_short_circuit_operator' retrieved from /home/airflow/.local/lib/python3.12/site-packages/airflow/example_dags/example_short_circuit_operator.py
[2024-05-28T18:19:14.907+0000] {logging_mixin.py:188} INFO - [2024-05-28T18:19:14.906+0000] {dag.py:3096} INFO - Sync 1 DAGs
[2024-05-28T18:19:15.003+0000] {logging_mixin.py:188} INFO - [2024-05-28T18:19:15.002+0000] {dag.py:3954} INFO - Setting next_dagrun for example_short_circuit_operator to 2024-05-27 00:00:00+00:00, run_after=2024-05-28 00:00:00+00:00
[2024-05-28T18:19:15.096+0000] {processor.py:183} INFO - Processing /home/airflow/.local/lib/python3.12/site-packages/airflow/example_dags/example_short_circuit_operator.py took 0.315 seconds
[2024-05-28T18:19:45.771+0000] {processor.py:161} INFO - Started process (PID=1437) to work on /home/airflow/.local/lib/python3.12/site-packages/airflow/example_dags/example_short_circuit_operator.py
[2024-05-28T18:19:45.779+0000] {processor.py:830} INFO - Processing file /home/airflow/.local/lib/python3.12/site-packages/airflow/example_dags/example_short_circuit_operator.py for tasks to queue
[2024-05-28T18:19:45.789+0000] {logging_mixin.py:188} INFO - [2024-05-28T18:19:45.787+0000] {dagbag.py:545} INFO - Filling up the DagBag from /home/airflow/.local/lib/python3.12/site-packages/airflow/example_dags/example_short_circuit_operator.py
[2024-05-28T18:19:45.815+0000] {processor.py:840} INFO - DAG(s) 'example_short_circuit_operator' retrieved from /home/airflow/.local/lib/python3.12/site-packages/airflow/example_dags/example_short_circuit_operator.py
[2024-05-28T18:19:45.924+0000] {logging_mixin.py:188} INFO - [2024-05-28T18:19:45.921+0000] {dag.py:3096} INFO - Sync 1 DAGs
[2024-05-28T18:19:46.099+0000] {logging_mixin.py:188} INFO - [2024-05-28T18:19:46.098+0000] {dag.py:3954} INFO - Setting next_dagrun for example_short_circuit_operator to 2024-05-27 00:00:00+00:00, run_after=2024-05-28 00:00:00+00:00
[2024-05-28T18:19:46.241+0000] {processor.py:183} INFO - Processing /home/airflow/.local/lib/python3.12/site-packages/airflow/example_dags/example_short_circuit_operator.py took 0.517 seconds
[2024-05-28T18:20:16.840+0000] {processor.py:161} INFO - Started process (PID=1494) to work on /home/airflow/.local/lib/python3.12/site-packages/airflow/example_dags/example_short_circuit_operator.py
[2024-05-28T18:20:16.842+0000] {processor.py:830} INFO - Processing file /home/airflow/.local/lib/python3.12/site-packages/airflow/example_dags/example_short_circuit_operator.py for tasks to queue
[2024-05-28T18:20:16.846+0000] {logging_mixin.py:188} INFO - [2024-05-28T18:20:16.845+0000] {dagbag.py:545} INFO - Filling up the DagBag from /home/airflow/.local/lib/python3.12/site-packages/airflow/example_dags/example_short_circuit_operator.py
[2024-05-28T18:20:16.866+0000] {processor.py:840} INFO - DAG(s) 'example_short_circuit_operator' retrieved from /home/airflow/.local/lib/python3.12/site-packages/airflow/example_dags/example_short_circuit_operator.py
[2024-05-28T18:20:16.915+0000] {logging_mixin.py:188} INFO - [2024-05-28T18:20:16.914+0000] {dag.py:3096} INFO - Sync 1 DAGs
[2024-05-28T18:20:17.009+0000] {logging_mixin.py:188} INFO - [2024-05-28T18:20:17.009+0000] {dag.py:3954} INFO - Setting next_dagrun for example_short_circuit_operator to 2024-05-27 00:00:00+00:00, run_after=2024-05-28 00:00:00+00:00
[2024-05-28T18:20:17.067+0000] {processor.py:183} INFO - Processing /home/airflow/.local/lib/python3.12/site-packages/airflow/example_dags/example_short_circuit_operator.py took 0.241 seconds
[2024-05-28T18:20:55.838+0000] {processor.py:161} INFO - Started process (PID=1562) to work on /home/airflow/.local/lib/python3.12/site-packages/airflow/example_dags/example_short_circuit_operator.py
[2024-05-28T18:20:55.840+0000] {processor.py:830} INFO - Processing file /home/airflow/.local/lib/python3.12/site-packages/airflow/example_dags/example_short_circuit_operator.py for tasks to queue
[2024-05-28T18:20:55.849+0000] {logging_mixin.py:188} INFO - [2024-05-28T18:20:55.848+0000] {dagbag.py:545} INFO - Filling up the DagBag from /home/airflow/.local/lib/python3.12/site-packages/airflow/example_dags/example_short_circuit_operator.py
[2024-05-28T18:20:55.873+0000] {processor.py:840} INFO - DAG(s) 'example_short_circuit_operator' retrieved from /home/airflow/.local/lib/python3.12/site-packages/airflow/example_dags/example_short_circuit_operator.py
[2024-05-28T18:20:55.991+0000] {logging_mixin.py:188} INFO - [2024-05-28T18:20:55.990+0000] {dag.py:3096} INFO - Sync 1 DAGs
[2024-05-28T18:20:56.086+0000] {logging_mixin.py:188} INFO - [2024-05-28T18:20:56.085+0000] {dag.py:3954} INFO - Setting next_dagrun for example_short_circuit_operator to 2024-05-27 00:00:00+00:00, run_after=2024-05-28 00:00:00+00:00
[2024-05-28T18:20:56.186+0000] {processor.py:183} INFO - Processing /home/airflow/.local/lib/python3.12/site-packages/airflow/example_dags/example_short_circuit_operator.py took 0.377 seconds
[2024-05-28T18:21:30.677+0000] {processor.py:161} INFO - Started process (PID=1620) to work on /home/airflow/.local/lib/python3.12/site-packages/airflow/example_dags/example_short_circuit_operator.py
[2024-05-28T18:21:30.731+0000] {processor.py:830} INFO - Processing file /home/airflow/.local/lib/python3.12/site-packages/airflow/example_dags/example_short_circuit_operator.py for tasks to queue
[2024-05-28T18:21:30.738+0000] {logging_mixin.py:188} INFO - [2024-05-28T18:21:30.737+0000] {dagbag.py:545} INFO - Filling up the DagBag from /home/airflow/.local/lib/python3.12/site-packages/airflow/example_dags/example_short_circuit_operator.py
[2024-05-28T18:21:30.819+0000] {processor.py:840} INFO - DAG(s) 'example_short_circuit_operator' retrieved from /home/airflow/.local/lib/python3.12/site-packages/airflow/example_dags/example_short_circuit_operator.py
[2024-05-28T18:21:31.116+0000] {logging_mixin.py:188} INFO - [2024-05-28T18:21:31.114+0000] {dag.py:3096} INFO - Sync 1 DAGs
[2024-05-28T18:21:31.401+0000] {logging_mixin.py:188} INFO - [2024-05-28T18:21:31.395+0000] {dag.py:3954} INFO - Setting next_dagrun for example_short_circuit_operator to 2024-05-27 00:00:00+00:00, run_after=2024-05-28 00:00:00+00:00
[2024-05-28T18:21:31.666+0000] {processor.py:183} INFO - Processing /home/airflow/.local/lib/python3.12/site-packages/airflow/example_dags/example_short_circuit_operator.py took 1.070 seconds
