[2024-05-28T18:07:12.154+0000] {processor.py:161} INFO - Started process (PID=57) to work on /home/airflow/.local/lib/python3.12/site-packages/airflow/example_dags/example_dag_decorator.py
[2024-05-28T18:07:12.169+0000] {processor.py:830} INFO - Processing file /home/airflow/.local/lib/python3.12/site-packages/airflow/example_dags/example_dag_decorator.py for tasks to queue
[2024-05-28T18:07:12.178+0000] {logging_mixin.py:188} INFO - [2024-05-28T18:07:12.177+0000] {dagbag.py:545} INFO - Filling up the DagBag from /home/airflow/.local/lib/python3.12/site-packages/airflow/example_dags/example_dag_decorator.py
[2024-05-28T18:07:14.108+0000] {processor.py:840} INFO - DAG(s) 'example_dag_decorator' retrieved from /home/airflow/.local/lib/python3.12/site-packages/airflow/example_dags/example_dag_decorator.py
[2024-05-28T18:07:14.893+0000] {logging_mixin.py:188} INFO - [2024-05-28T18:07:14.893+0000] {dag.py:3096} INFO - Sync 1 DAGs
[2024-05-28T18:07:15.024+0000] {logging_mixin.py:188} INFO - [2024-05-28T18:07:15.023+0000] {dag.py:3954} INFO - Setting next_dagrun for example_dag_decorator to None, run_after=None
[2024-05-28T18:07:15.226+0000] {processor.py:183} INFO - Processing /home/airflow/.local/lib/python3.12/site-packages/airflow/example_dags/example_dag_decorator.py took 3.115 seconds
[2024-05-28T18:07:47.796+0000] {processor.py:161} INFO - Started process (PID=118) to work on /home/airflow/.local/lib/python3.12/site-packages/airflow/example_dags/example_dag_decorator.py
[2024-05-28T18:07:47.799+0000] {processor.py:830} INFO - Processing file /home/airflow/.local/lib/python3.12/site-packages/airflow/example_dags/example_dag_decorator.py for tasks to queue
[2024-05-28T18:07:47.803+0000] {logging_mixin.py:188} INFO - [2024-05-28T18:07:47.802+0000] {dagbag.py:545} INFO - Filling up the DagBag from /home/airflow/.local/lib/python3.12/site-packages/airflow/example_dags/example_dag_decorator.py
[2024-05-28T18:07:48.151+0000] {processor.py:840} INFO - DAG(s) 'example_dag_decorator' retrieved from /home/airflow/.local/lib/python3.12/site-packages/airflow/example_dags/example_dag_decorator.py
[2024-05-28T18:07:48.580+0000] {logging_mixin.py:188} INFO - [2024-05-28T18:07:48.580+0000] {dag.py:3096} INFO - Sync 1 DAGs
[2024-05-28T18:07:48.614+0000] {logging_mixin.py:188} INFO - [2024-05-28T18:07:48.614+0000] {dag.py:3954} INFO - Setting next_dagrun for example_dag_decorator to None, run_after=None
[2024-05-28T18:07:48.679+0000] {processor.py:183} INFO - Processing /home/airflow/.local/lib/python3.12/site-packages/airflow/example_dags/example_dag_decorator.py took 0.901 seconds
[2024-05-28T18:08:19.184+0000] {processor.py:161} INFO - Started process (PID=180) to work on /home/airflow/.local/lib/python3.12/site-packages/airflow/example_dags/example_dag_decorator.py
[2024-05-28T18:08:19.188+0000] {processor.py:830} INFO - Processing file /home/airflow/.local/lib/python3.12/site-packages/airflow/example_dags/example_dag_decorator.py for tasks to queue
[2024-05-28T18:08:19.193+0000] {logging_mixin.py:188} INFO - [2024-05-28T18:08:19.192+0000] {dagbag.py:545} INFO - Filling up the DagBag from /home/airflow/.local/lib/python3.12/site-packages/airflow/example_dags/example_dag_decorator.py
[2024-05-28T18:08:19.662+0000] {processor.py:840} INFO - DAG(s) 'example_dag_decorator' retrieved from /home/airflow/.local/lib/python3.12/site-packages/airflow/example_dags/example_dag_decorator.py
[2024-05-28T18:08:20.111+0000] {logging_mixin.py:188} INFO - [2024-05-28T18:08:20.111+0000] {dag.py:3096} INFO - Sync 1 DAGs
[2024-05-28T18:08:20.149+0000] {logging_mixin.py:188} INFO - [2024-05-28T18:08:20.148+0000] {dag.py:3954} INFO - Setting next_dagrun for example_dag_decorator to None, run_after=None
[2024-05-28T18:08:20.204+0000] {processor.py:183} INFO - Processing /home/airflow/.local/lib/python3.12/site-packages/airflow/example_dags/example_dag_decorator.py took 1.044 seconds
[2024-05-28T18:08:51.236+0000] {processor.py:161} INFO - Started process (PID=240) to work on /home/airflow/.local/lib/python3.12/site-packages/airflow/example_dags/example_dag_decorator.py
[2024-05-28T18:08:51.238+0000] {processor.py:830} INFO - Processing file /home/airflow/.local/lib/python3.12/site-packages/airflow/example_dags/example_dag_decorator.py for tasks to queue
[2024-05-28T18:08:51.243+0000] {logging_mixin.py:188} INFO - [2024-05-28T18:08:51.242+0000] {dagbag.py:545} INFO - Filling up the DagBag from /home/airflow/.local/lib/python3.12/site-packages/airflow/example_dags/example_dag_decorator.py
[2024-05-28T18:08:51.524+0000] {processor.py:840} INFO - DAG(s) 'example_dag_decorator' retrieved from /home/airflow/.local/lib/python3.12/site-packages/airflow/example_dags/example_dag_decorator.py
[2024-05-28T18:08:52.161+0000] {logging_mixin.py:188} INFO - [2024-05-28T18:08:52.160+0000] {dag.py:3096} INFO - Sync 1 DAGs
[2024-05-28T18:08:52.209+0000] {logging_mixin.py:188} INFO - [2024-05-28T18:08:52.208+0000] {dag.py:3954} INFO - Setting next_dagrun for example_dag_decorator to None, run_after=None
[2024-05-28T18:08:52.313+0000] {processor.py:183} INFO - Processing /home/airflow/.local/lib/python3.12/site-packages/airflow/example_dags/example_dag_decorator.py took 1.096 seconds
[2024-05-28T18:09:22.420+0000] {processor.py:161} INFO - Started process (PID=300) to work on /home/airflow/.local/lib/python3.12/site-packages/airflow/example_dags/example_dag_decorator.py
[2024-05-28T18:09:22.422+0000] {processor.py:830} INFO - Processing file /home/airflow/.local/lib/python3.12/site-packages/airflow/example_dags/example_dag_decorator.py for tasks to queue
[2024-05-28T18:09:22.428+0000] {logging_mixin.py:188} INFO - [2024-05-28T18:09:22.427+0000] {dagbag.py:545} INFO - Filling up the DagBag from /home/airflow/.local/lib/python3.12/site-packages/airflow/example_dags/example_dag_decorator.py
[2024-05-28T18:09:22.777+0000] {processor.py:840} INFO - DAG(s) 'example_dag_decorator' retrieved from /home/airflow/.local/lib/python3.12/site-packages/airflow/example_dags/example_dag_decorator.py
[2024-05-28T18:09:23.101+0000] {logging_mixin.py:188} INFO - [2024-05-28T18:09:23.100+0000] {dag.py:3096} INFO - Sync 1 DAGs
[2024-05-28T18:09:23.144+0000] {logging_mixin.py:188} INFO - [2024-05-28T18:09:23.144+0000] {dag.py:3954} INFO - Setting next_dagrun for example_dag_decorator to None, run_after=None
[2024-05-28T18:09:23.215+0000] {processor.py:183} INFO - Processing /home/airflow/.local/lib/python3.12/site-packages/airflow/example_dags/example_dag_decorator.py took 0.809 seconds
[2024-05-28T18:09:53.387+0000] {processor.py:161} INFO - Started process (PID=358) to work on /home/airflow/.local/lib/python3.12/site-packages/airflow/example_dags/example_dag_decorator.py
[2024-05-28T18:09:53.390+0000] {processor.py:830} INFO - Processing file /home/airflow/.local/lib/python3.12/site-packages/airflow/example_dags/example_dag_decorator.py for tasks to queue
[2024-05-28T18:09:53.395+0000] {logging_mixin.py:188} INFO - [2024-05-28T18:09:53.394+0000] {dagbag.py:545} INFO - Filling up the DagBag from /home/airflow/.local/lib/python3.12/site-packages/airflow/example_dags/example_dag_decorator.py
[2024-05-28T18:09:53.700+0000] {processor.py:840} INFO - DAG(s) 'example_dag_decorator' retrieved from /home/airflow/.local/lib/python3.12/site-packages/airflow/example_dags/example_dag_decorator.py
[2024-05-28T18:09:54.027+0000] {logging_mixin.py:188} INFO - [2024-05-28T18:09:54.026+0000] {dag.py:3096} INFO - Sync 1 DAGs
[2024-05-28T18:09:54.060+0000] {logging_mixin.py:188} INFO - [2024-05-28T18:09:54.059+0000] {dag.py:3954} INFO - Setting next_dagrun for example_dag_decorator to None, run_after=None
[2024-05-28T18:09:54.120+0000] {processor.py:183} INFO - Processing /home/airflow/.local/lib/python3.12/site-packages/airflow/example_dags/example_dag_decorator.py took 0.750 seconds
[2024-05-28T18:10:24.717+0000] {processor.py:161} INFO - Started process (PID=416) to work on /home/airflow/.local/lib/python3.12/site-packages/airflow/example_dags/example_dag_decorator.py
[2024-05-28T18:10:24.720+0000] {processor.py:830} INFO - Processing file /home/airflow/.local/lib/python3.12/site-packages/airflow/example_dags/example_dag_decorator.py for tasks to queue
[2024-05-28T18:10:24.726+0000] {logging_mixin.py:188} INFO - [2024-05-28T18:10:24.725+0000] {dagbag.py:545} INFO - Filling up the DagBag from /home/airflow/.local/lib/python3.12/site-packages/airflow/example_dags/example_dag_decorator.py
[2024-05-28T18:10:25.214+0000] {processor.py:840} INFO - DAG(s) 'example_dag_decorator' retrieved from /home/airflow/.local/lib/python3.12/site-packages/airflow/example_dags/example_dag_decorator.py
[2024-05-28T18:10:25.561+0000] {logging_mixin.py:188} INFO - [2024-05-28T18:10:25.561+0000] {dag.py:3096} INFO - Sync 1 DAGs
[2024-05-28T18:10:25.590+0000] {logging_mixin.py:188} INFO - [2024-05-28T18:10:25.590+0000] {dag.py:3954} INFO - Setting next_dagrun for example_dag_decorator to None, run_after=None
[2024-05-28T18:10:25.633+0000] {processor.py:183} INFO - Processing /home/airflow/.local/lib/python3.12/site-packages/airflow/example_dags/example_dag_decorator.py took 0.939 seconds
[2024-05-28T18:10:55.708+0000] {processor.py:161} INFO - Started process (PID=474) to work on /home/airflow/.local/lib/python3.12/site-packages/airflow/example_dags/example_dag_decorator.py
[2024-05-28T18:10:55.710+0000] {processor.py:830} INFO - Processing file /home/airflow/.local/lib/python3.12/site-packages/airflow/example_dags/example_dag_decorator.py for tasks to queue
[2024-05-28T18:10:55.715+0000] {logging_mixin.py:188} INFO - [2024-05-28T18:10:55.714+0000] {dagbag.py:545} INFO - Filling up the DagBag from /home/airflow/.local/lib/python3.12/site-packages/airflow/example_dags/example_dag_decorator.py
[2024-05-28T18:10:56.037+0000] {processor.py:840} INFO - DAG(s) 'example_dag_decorator' retrieved from /home/airflow/.local/lib/python3.12/site-packages/airflow/example_dags/example_dag_decorator.py
[2024-05-28T18:10:56.422+0000] {logging_mixin.py:188} INFO - [2024-05-28T18:10:56.422+0000] {dag.py:3096} INFO - Sync 1 DAGs
[2024-05-28T18:10:56.466+0000] {logging_mixin.py:188} INFO - [2024-05-28T18:10:56.465+0000] {dag.py:3954} INFO - Setting next_dagrun for example_dag_decorator to None, run_after=None
[2024-05-28T18:10:56.522+0000] {processor.py:183} INFO - Processing /home/airflow/.local/lib/python3.12/site-packages/airflow/example_dags/example_dag_decorator.py took 0.828 seconds
[2024-05-28T18:11:29.813+0000] {processor.py:161} INFO - Started process (PID=525) to work on /home/airflow/.local/lib/python3.12/site-packages/airflow/example_dags/example_dag_decorator.py
[2024-05-28T18:11:29.839+0000] {processor.py:830} INFO - Processing file /home/airflow/.local/lib/python3.12/site-packages/airflow/example_dags/example_dag_decorator.py for tasks to queue
[2024-05-28T18:11:29.880+0000] {logging_mixin.py:188} INFO - [2024-05-28T18:11:29.879+0000] {dagbag.py:545} INFO - Filling up the DagBag from /home/airflow/.local/lib/python3.12/site-packages/airflow/example_dags/example_dag_decorator.py
[2024-05-28T18:11:31.024+0000] {processor.py:840} INFO - DAG(s) 'example_dag_decorator' retrieved from /home/airflow/.local/lib/python3.12/site-packages/airflow/example_dags/example_dag_decorator.py
[2024-05-28T18:11:32.167+0000] {logging_mixin.py:188} INFO - [2024-05-28T18:11:32.165+0000] {dag.py:3096} INFO - Sync 1 DAGs
[2024-05-28T18:11:32.318+0000] {logging_mixin.py:188} INFO - [2024-05-28T18:11:32.312+0000] {dag.py:3954} INFO - Setting next_dagrun for example_dag_decorator to None, run_after=None
[2024-05-28T18:11:32.512+0000] {processor.py:183} INFO - Processing /home/airflow/.local/lib/python3.12/site-packages/airflow/example_dags/example_dag_decorator.py took 2.750 seconds
[2024-05-28T18:12:02.721+0000] {processor.py:161} INFO - Started process (PID=584) to work on /home/airflow/.local/lib/python3.12/site-packages/airflow/example_dags/example_dag_decorator.py
[2024-05-28T18:12:02.724+0000] {processor.py:830} INFO - Processing file /home/airflow/.local/lib/python3.12/site-packages/airflow/example_dags/example_dag_decorator.py for tasks to queue
[2024-05-28T18:12:02.728+0000] {logging_mixin.py:188} INFO - [2024-05-28T18:12:02.727+0000] {dagbag.py:545} INFO - Filling up the DagBag from /home/airflow/.local/lib/python3.12/site-packages/airflow/example_dags/example_dag_decorator.py
[2024-05-28T18:12:03.042+0000] {processor.py:840} INFO - DAG(s) 'example_dag_decorator' retrieved from /home/airflow/.local/lib/python3.12/site-packages/airflow/example_dags/example_dag_decorator.py
[2024-05-28T18:12:03.299+0000] {logging_mixin.py:188} INFO - [2024-05-28T18:12:03.299+0000] {dag.py:3096} INFO - Sync 1 DAGs
[2024-05-28T18:12:03.329+0000] {logging_mixin.py:188} INFO - [2024-05-28T18:12:03.329+0000] {dag.py:3954} INFO - Setting next_dagrun for example_dag_decorator to None, run_after=None
[2024-05-28T18:12:03.377+0000] {processor.py:183} INFO - Processing /home/airflow/.local/lib/python3.12/site-packages/airflow/example_dags/example_dag_decorator.py took 0.674 seconds
[2024-05-28T18:12:33.617+0000] {processor.py:161} INFO - Started process (PID=642) to work on /home/airflow/.local/lib/python3.12/site-packages/airflow/example_dags/example_dag_decorator.py
[2024-05-28T18:12:33.619+0000] {processor.py:830} INFO - Processing file /home/airflow/.local/lib/python3.12/site-packages/airflow/example_dags/example_dag_decorator.py for tasks to queue
[2024-05-28T18:12:33.625+0000] {logging_mixin.py:188} INFO - [2024-05-28T18:12:33.624+0000] {dagbag.py:545} INFO - Filling up the DagBag from /home/airflow/.local/lib/python3.12/site-packages/airflow/example_dags/example_dag_decorator.py
[2024-05-28T18:12:33.917+0000] {processor.py:840} INFO - DAG(s) 'example_dag_decorator' retrieved from /home/airflow/.local/lib/python3.12/site-packages/airflow/example_dags/example_dag_decorator.py
[2024-05-28T18:12:34.233+0000] {logging_mixin.py:188} INFO - [2024-05-28T18:12:34.233+0000] {dag.py:3096} INFO - Sync 1 DAGs
[2024-05-28T18:12:34.260+0000] {logging_mixin.py:188} INFO - [2024-05-28T18:12:34.260+0000] {dag.py:3954} INFO - Setting next_dagrun for example_dag_decorator to None, run_after=None
[2024-05-28T18:12:34.616+0000] {processor.py:183} INFO - Processing /home/airflow/.local/lib/python3.12/site-packages/airflow/example_dags/example_dag_decorator.py took 1.016 seconds
[2024-05-28T18:13:05.133+0000] {processor.py:161} INFO - Started process (PID=701) to work on /home/airflow/.local/lib/python3.12/site-packages/airflow/example_dags/example_dag_decorator.py
[2024-05-28T18:13:05.136+0000] {processor.py:830} INFO - Processing file /home/airflow/.local/lib/python3.12/site-packages/airflow/example_dags/example_dag_decorator.py for tasks to queue
[2024-05-28T18:13:05.142+0000] {logging_mixin.py:188} INFO - [2024-05-28T18:13:05.141+0000] {dagbag.py:545} INFO - Filling up the DagBag from /home/airflow/.local/lib/python3.12/site-packages/airflow/example_dags/example_dag_decorator.py
[2024-05-28T18:13:05.571+0000] {processor.py:840} INFO - DAG(s) 'example_dag_decorator' retrieved from /home/airflow/.local/lib/python3.12/site-packages/airflow/example_dags/example_dag_decorator.py
[2024-05-28T18:13:06.011+0000] {logging_mixin.py:188} INFO - [2024-05-28T18:13:06.010+0000] {dag.py:3096} INFO - Sync 1 DAGs
[2024-05-28T18:13:06.071+0000] {logging_mixin.py:188} INFO - [2024-05-28T18:13:06.070+0000] {dag.py:3954} INFO - Setting next_dagrun for example_dag_decorator to None, run_after=None
[2024-05-28T18:13:06.217+0000] {processor.py:183} INFO - Processing /home/airflow/.local/lib/python3.12/site-packages/airflow/example_dags/example_dag_decorator.py took 1.106 seconds
[2024-05-28T18:13:37.339+0000] {processor.py:161} INFO - Started process (PID=760) to work on /home/airflow/.local/lib/python3.12/site-packages/airflow/example_dags/example_dag_decorator.py
[2024-05-28T18:13:37.344+0000] {processor.py:830} INFO - Processing file /home/airflow/.local/lib/python3.12/site-packages/airflow/example_dags/example_dag_decorator.py for tasks to queue
[2024-05-28T18:13:37.356+0000] {logging_mixin.py:188} INFO - [2024-05-28T18:13:37.355+0000] {dagbag.py:545} INFO - Filling up the DagBag from /home/airflow/.local/lib/python3.12/site-packages/airflow/example_dags/example_dag_decorator.py
[2024-05-28T18:13:38.083+0000] {processor.py:840} INFO - DAG(s) 'example_dag_decorator' retrieved from /home/airflow/.local/lib/python3.12/site-packages/airflow/example_dags/example_dag_decorator.py
[2024-05-28T18:13:38.776+0000] {logging_mixin.py:188} INFO - [2024-05-28T18:13:38.775+0000] {dag.py:3096} INFO - Sync 1 DAGs
[2024-05-28T18:13:38.860+0000] {logging_mixin.py:188} INFO - [2024-05-28T18:13:38.859+0000] {dag.py:3954} INFO - Setting next_dagrun for example_dag_decorator to None, run_after=None
[2024-05-28T18:13:38.952+0000] {processor.py:183} INFO - Processing /home/airflow/.local/lib/python3.12/site-packages/airflow/example_dags/example_dag_decorator.py took 1.655 seconds
[2024-05-28T18:14:09.120+0000] {processor.py:161} INFO - Started process (PID=818) to work on /home/airflow/.local/lib/python3.12/site-packages/airflow/example_dags/example_dag_decorator.py
[2024-05-28T18:14:09.124+0000] {processor.py:830} INFO - Processing file /home/airflow/.local/lib/python3.12/site-packages/airflow/example_dags/example_dag_decorator.py for tasks to queue
[2024-05-28T18:14:09.130+0000] {logging_mixin.py:188} INFO - [2024-05-28T18:14:09.129+0000] {dagbag.py:545} INFO - Filling up the DagBag from /home/airflow/.local/lib/python3.12/site-packages/airflow/example_dags/example_dag_decorator.py
[2024-05-28T18:14:09.702+0000] {processor.py:840} INFO - DAG(s) 'example_dag_decorator' retrieved from /home/airflow/.local/lib/python3.12/site-packages/airflow/example_dags/example_dag_decorator.py
[2024-05-28T18:14:10.857+0000] {logging_mixin.py:188} INFO - [2024-05-28T18:14:10.856+0000] {dag.py:3096} INFO - Sync 1 DAGs
[2024-05-28T18:14:10.947+0000] {logging_mixin.py:188} INFO - [2024-05-28T18:14:10.946+0000] {dag.py:3954} INFO - Setting next_dagrun for example_dag_decorator to None, run_after=None
[2024-05-28T18:14:11.157+0000] {processor.py:183} INFO - Processing /home/airflow/.local/lib/python3.12/site-packages/airflow/example_dags/example_dag_decorator.py took 2.062 seconds
[2024-05-28T18:14:41.700+0000] {processor.py:161} INFO - Started process (PID=878) to work on /home/airflow/.local/lib/python3.12/site-packages/airflow/example_dags/example_dag_decorator.py
[2024-05-28T18:14:41.705+0000] {processor.py:830} INFO - Processing file /home/airflow/.local/lib/python3.12/site-packages/airflow/example_dags/example_dag_decorator.py for tasks to queue
[2024-05-28T18:14:41.718+0000] {logging_mixin.py:188} INFO - [2024-05-28T18:14:41.717+0000] {dagbag.py:545} INFO - Filling up the DagBag from /home/airflow/.local/lib/python3.12/site-packages/airflow/example_dags/example_dag_decorator.py
[2024-05-28T18:14:42.684+0000] {processor.py:840} INFO - DAG(s) 'example_dag_decorator' retrieved from /home/airflow/.local/lib/python3.12/site-packages/airflow/example_dags/example_dag_decorator.py
[2024-05-28T18:14:44.549+0000] {logging_mixin.py:188} INFO - [2024-05-28T18:14:44.549+0000] {dag.py:3096} INFO - Sync 1 DAGs
[2024-05-28T18:14:44.598+0000] {logging_mixin.py:188} INFO - [2024-05-28T18:14:44.597+0000] {dag.py:3954} INFO - Setting next_dagrun for example_dag_decorator to None, run_after=None
[2024-05-28T18:14:44.705+0000] {processor.py:183} INFO - Processing /home/airflow/.local/lib/python3.12/site-packages/airflow/example_dags/example_dag_decorator.py took 3.042 seconds
[2024-05-28T18:15:15.408+0000] {processor.py:161} INFO - Started process (PID=939) to work on /home/airflow/.local/lib/python3.12/site-packages/airflow/example_dags/example_dag_decorator.py
[2024-05-28T18:15:15.416+0000] {processor.py:830} INFO - Processing file /home/airflow/.local/lib/python3.12/site-packages/airflow/example_dags/example_dag_decorator.py for tasks to queue
[2024-05-28T18:15:15.441+0000] {logging_mixin.py:188} INFO - [2024-05-28T18:15:15.439+0000] {dagbag.py:545} INFO - Filling up the DagBag from /home/airflow/.local/lib/python3.12/site-packages/airflow/example_dags/example_dag_decorator.py
[2024-05-28T18:15:16.888+0000] {processor.py:840} INFO - DAG(s) 'example_dag_decorator' retrieved from /home/airflow/.local/lib/python3.12/site-packages/airflow/example_dags/example_dag_decorator.py
[2024-05-28T18:15:18.236+0000] {logging_mixin.py:188} INFO - [2024-05-28T18:15:18.232+0000] {dag.py:3096} INFO - Sync 1 DAGs
[2024-05-28T18:15:18.345+0000] {logging_mixin.py:188} INFO - [2024-05-28T18:15:18.343+0000] {dag.py:3954} INFO - Setting next_dagrun for example_dag_decorator to None, run_after=None
[2024-05-28T18:15:19.321+0000] {processor.py:183} INFO - Processing /home/airflow/.local/lib/python3.12/site-packages/airflow/example_dags/example_dag_decorator.py took 3.988 seconds
[2024-05-28T18:15:49.883+0000] {processor.py:161} INFO - Started process (PID=1000) to work on /home/airflow/.local/lib/python3.12/site-packages/airflow/example_dags/example_dag_decorator.py
[2024-05-28T18:15:49.907+0000] {processor.py:830} INFO - Processing file /home/airflow/.local/lib/python3.12/site-packages/airflow/example_dags/example_dag_decorator.py for tasks to queue
[2024-05-28T18:15:49.937+0000] {logging_mixin.py:188} INFO - [2024-05-28T18:15:49.927+0000] {dagbag.py:545} INFO - Filling up the DagBag from /home/airflow/.local/lib/python3.12/site-packages/airflow/example_dags/example_dag_decorator.py
[2024-05-28T18:15:51.133+0000] {processor.py:840} INFO - DAG(s) 'example_dag_decorator' retrieved from /home/airflow/.local/lib/python3.12/site-packages/airflow/example_dags/example_dag_decorator.py
[2024-05-28T18:15:52.068+0000] {logging_mixin.py:188} INFO - [2024-05-28T18:15:52.060+0000] {dag.py:3096} INFO - Sync 1 DAGs
[2024-05-28T18:15:52.133+0000] {logging_mixin.py:188} INFO - [2024-05-28T18:15:52.132+0000] {dag.py:3954} INFO - Setting next_dagrun for example_dag_decorator to None, run_after=None
[2024-05-28T18:15:52.321+0000] {processor.py:183} INFO - Processing /home/airflow/.local/lib/python3.12/site-packages/airflow/example_dags/example_dag_decorator.py took 2.491 seconds
[2024-05-28T18:16:25.794+0000] {processor.py:161} INFO - Started process (PID=1066) to work on /home/airflow/.local/lib/python3.12/site-packages/airflow/example_dags/example_dag_decorator.py
[2024-05-28T18:16:25.797+0000] {processor.py:830} INFO - Processing file /home/airflow/.local/lib/python3.12/site-packages/airflow/example_dags/example_dag_decorator.py for tasks to queue
[2024-05-28T18:16:25.826+0000] {logging_mixin.py:188} INFO - [2024-05-28T18:16:25.818+0000] {dagbag.py:545} INFO - Filling up the DagBag from /home/airflow/.local/lib/python3.12/site-packages/airflow/example_dags/example_dag_decorator.py
[2024-05-28T18:16:27.108+0000] {processor.py:840} INFO - DAG(s) 'example_dag_decorator' retrieved from /home/airflow/.local/lib/python3.12/site-packages/airflow/example_dags/example_dag_decorator.py
[2024-05-28T18:16:29.426+0000] {logging_mixin.py:188} INFO - [2024-05-28T18:16:29.425+0000] {dag.py:3096} INFO - Sync 1 DAGs
[2024-05-28T18:16:29.501+0000] {logging_mixin.py:188} INFO - [2024-05-28T18:16:29.501+0000] {dag.py:3954} INFO - Setting next_dagrun for example_dag_decorator to None, run_after=None
[2024-05-28T18:16:29.631+0000] {processor.py:183} INFO - Processing /home/airflow/.local/lib/python3.12/site-packages/airflow/example_dags/example_dag_decorator.py took 3.898 seconds
[2024-05-28T18:17:00.738+0000] {processor.py:161} INFO - Started process (PID=1126) to work on /home/airflow/.local/lib/python3.12/site-packages/airflow/example_dags/example_dag_decorator.py
[2024-05-28T18:17:00.788+0000] {processor.py:830} INFO - Processing file /home/airflow/.local/lib/python3.12/site-packages/airflow/example_dags/example_dag_decorator.py for tasks to queue
[2024-05-28T18:17:00.841+0000] {logging_mixin.py:188} INFO - [2024-05-28T18:17:00.838+0000] {dagbag.py:545} INFO - Filling up the DagBag from /home/airflow/.local/lib/python3.12/site-packages/airflow/example_dags/example_dag_decorator.py
[2024-05-28T18:17:02.201+0000] {processor.py:840} INFO - DAG(s) 'example_dag_decorator' retrieved from /home/airflow/.local/lib/python3.12/site-packages/airflow/example_dags/example_dag_decorator.py
[2024-05-28T18:17:04.017+0000] {logging_mixin.py:188} INFO - [2024-05-28T18:17:04.016+0000] {dag.py:3096} INFO - Sync 1 DAGs
[2024-05-28T18:17:04.105+0000] {logging_mixin.py:188} INFO - [2024-05-28T18:17:04.104+0000] {dag.py:3954} INFO - Setting next_dagrun for example_dag_decorator to None, run_after=None
[2024-05-28T18:17:04.245+0000] {processor.py:183} INFO - Processing /home/airflow/.local/lib/python3.12/site-packages/airflow/example_dags/example_dag_decorator.py took 3.649 seconds
[2024-05-28T18:17:34.394+0000] {processor.py:161} INFO - Started process (PID=1185) to work on /home/airflow/.local/lib/python3.12/site-packages/airflow/example_dags/example_dag_decorator.py
[2024-05-28T18:17:34.396+0000] {processor.py:830} INFO - Processing file /home/airflow/.local/lib/python3.12/site-packages/airflow/example_dags/example_dag_decorator.py for tasks to queue
[2024-05-28T18:17:34.404+0000] {logging_mixin.py:188} INFO - [2024-05-28T18:17:34.399+0000] {dagbag.py:545} INFO - Filling up the DagBag from /home/airflow/.local/lib/python3.12/site-packages/airflow/example_dags/example_dag_decorator.py
[2024-05-28T18:17:34.778+0000] {processor.py:840} INFO - DAG(s) 'example_dag_decorator' retrieved from /home/airflow/.local/lib/python3.12/site-packages/airflow/example_dags/example_dag_decorator.py
[2024-05-28T18:17:35.389+0000] {logging_mixin.py:188} INFO - [2024-05-28T18:17:35.388+0000] {dag.py:3096} INFO - Sync 1 DAGs
[2024-05-28T18:17:35.428+0000] {logging_mixin.py:188} INFO - [2024-05-28T18:17:35.427+0000] {dag.py:3954} INFO - Setting next_dagrun for example_dag_decorator to None, run_after=None
[2024-05-28T18:17:35.487+0000] {processor.py:183} INFO - Processing /home/airflow/.local/lib/python3.12/site-packages/airflow/example_dags/example_dag_decorator.py took 1.114 seconds
[2024-05-28T18:18:06.258+0000] {processor.py:161} INFO - Started process (PID=1244) to work on /home/airflow/.local/lib/python3.12/site-packages/airflow/example_dags/example_dag_decorator.py
[2024-05-28T18:18:06.261+0000] {processor.py:830} INFO - Processing file /home/airflow/.local/lib/python3.12/site-packages/airflow/example_dags/example_dag_decorator.py for tasks to queue
[2024-05-28T18:18:06.268+0000] {logging_mixin.py:188} INFO - [2024-05-28T18:18:06.267+0000] {dagbag.py:545} INFO - Filling up the DagBag from /home/airflow/.local/lib/python3.12/site-packages/airflow/example_dags/example_dag_decorator.py
[2024-05-28T18:18:07.216+0000] {processor.py:840} INFO - DAG(s) 'example_dag_decorator' retrieved from /home/airflow/.local/lib/python3.12/site-packages/airflow/example_dags/example_dag_decorator.py
[2024-05-28T18:18:07.286+0000] {logging_mixin.py:188} INFO - [2024-05-28T18:18:07.285+0000] {dag.py:3096} INFO - Sync 1 DAGs
[2024-05-28T18:18:07.334+0000] {logging_mixin.py:188} INFO - [2024-05-28T18:18:07.333+0000] {dag.py:3954} INFO - Setting next_dagrun for example_dag_decorator to None, run_after=None
[2024-05-28T18:18:07.379+0000] {processor.py:183} INFO - Processing /home/airflow/.local/lib/python3.12/site-packages/airflow/example_dags/example_dag_decorator.py took 1.150 seconds
[2024-05-28T18:18:37.597+0000] {processor.py:161} INFO - Started process (PID=1302) to work on /home/airflow/.local/lib/python3.12/site-packages/airflow/example_dags/example_dag_decorator.py
[2024-05-28T18:18:37.602+0000] {processor.py:830} INFO - Processing file /home/airflow/.local/lib/python3.12/site-packages/airflow/example_dags/example_dag_decorator.py for tasks to queue
[2024-05-28T18:18:37.609+0000] {logging_mixin.py:188} INFO - [2024-05-28T18:18:37.608+0000] {dagbag.py:545} INFO - Filling up the DagBag from /home/airflow/.local/lib/python3.12/site-packages/airflow/example_dags/example_dag_decorator.py
[2024-05-28T18:18:37.959+0000] {processor.py:840} INFO - DAG(s) 'example_dag_decorator' retrieved from /home/airflow/.local/lib/python3.12/site-packages/airflow/example_dags/example_dag_decorator.py
[2024-05-28T18:18:38.027+0000] {logging_mixin.py:188} INFO - [2024-05-28T18:18:38.026+0000] {dag.py:3096} INFO - Sync 1 DAGs
[2024-05-28T18:18:38.062+0000] {logging_mixin.py:188} INFO - [2024-05-28T18:18:38.061+0000] {dag.py:3954} INFO - Setting next_dagrun for example_dag_decorator to None, run_after=None
[2024-05-28T18:18:38.114+0000] {processor.py:183} INFO - Processing /home/airflow/.local/lib/python3.12/site-packages/airflow/example_dags/example_dag_decorator.py took 0.538 seconds
[2024-05-28T18:19:08.449+0000] {processor.py:161} INFO - Started process (PID=1360) to work on /home/airflow/.local/lib/python3.12/site-packages/airflow/example_dags/example_dag_decorator.py
[2024-05-28T18:19:08.451+0000] {processor.py:830} INFO - Processing file /home/airflow/.local/lib/python3.12/site-packages/airflow/example_dags/example_dag_decorator.py for tasks to queue
[2024-05-28T18:19:08.457+0000] {logging_mixin.py:188} INFO - [2024-05-28T18:19:08.456+0000] {dagbag.py:545} INFO - Filling up the DagBag from /home/airflow/.local/lib/python3.12/site-packages/airflow/example_dags/example_dag_decorator.py
[2024-05-28T18:19:08.982+0000] {processor.py:840} INFO - DAG(s) 'example_dag_decorator' retrieved from /home/airflow/.local/lib/python3.12/site-packages/airflow/example_dags/example_dag_decorator.py
[2024-05-28T18:19:09.607+0000] {logging_mixin.py:188} INFO - [2024-05-28T18:19:09.607+0000] {dag.py:3096} INFO - Sync 1 DAGs
[2024-05-28T18:19:09.630+0000] {logging_mixin.py:188} INFO - [2024-05-28T18:19:09.630+0000] {dag.py:3954} INFO - Setting next_dagrun for example_dag_decorator to None, run_after=None
[2024-05-28T18:19:09.672+0000] {processor.py:183} INFO - Processing /home/airflow/.local/lib/python3.12/site-packages/airflow/example_dags/example_dag_decorator.py took 1.244 seconds
[2024-05-28T18:19:40.110+0000] {processor.py:161} INFO - Started process (PID=1419) to work on /home/airflow/.local/lib/python3.12/site-packages/airflow/example_dags/example_dag_decorator.py
[2024-05-28T18:19:40.117+0000] {processor.py:830} INFO - Processing file /home/airflow/.local/lib/python3.12/site-packages/airflow/example_dags/example_dag_decorator.py for tasks to queue
[2024-05-28T18:19:40.130+0000] {logging_mixin.py:188} INFO - [2024-05-28T18:19:40.128+0000] {dagbag.py:545} INFO - Filling up the DagBag from /home/airflow/.local/lib/python3.12/site-packages/airflow/example_dags/example_dag_decorator.py
[2024-05-28T18:19:40.763+0000] {processor.py:840} INFO - DAG(s) 'example_dag_decorator' retrieved from /home/airflow/.local/lib/python3.12/site-packages/airflow/example_dags/example_dag_decorator.py
[2024-05-28T18:19:42.153+0000] {logging_mixin.py:188} INFO - [2024-05-28T18:19:42.152+0000] {dag.py:3096} INFO - Sync 1 DAGs
[2024-05-28T18:19:42.206+0000] {logging_mixin.py:188} INFO - [2024-05-28T18:19:42.205+0000] {dag.py:3954} INFO - Setting next_dagrun for example_dag_decorator to None, run_after=None
[2024-05-28T18:19:42.270+0000] {processor.py:183} INFO - Processing /home/airflow/.local/lib/python3.12/site-packages/airflow/example_dags/example_dag_decorator.py took 2.208 seconds
[2024-05-28T18:20:12.840+0000] {processor.py:161} INFO - Started process (PID=1481) to work on /home/airflow/.local/lib/python3.12/site-packages/airflow/example_dags/example_dag_decorator.py
[2024-05-28T18:20:12.854+0000] {processor.py:830} INFO - Processing file /home/airflow/.local/lib/python3.12/site-packages/airflow/example_dags/example_dag_decorator.py for tasks to queue
[2024-05-28T18:20:12.872+0000] {logging_mixin.py:188} INFO - [2024-05-28T18:20:12.871+0000] {dagbag.py:545} INFO - Filling up the DagBag from /home/airflow/.local/lib/python3.12/site-packages/airflow/example_dags/example_dag_decorator.py
[2024-05-28T18:20:13.467+0000] {processor.py:840} INFO - DAG(s) 'example_dag_decorator' retrieved from /home/airflow/.local/lib/python3.12/site-packages/airflow/example_dags/example_dag_decorator.py
[2024-05-28T18:20:14.288+0000] {logging_mixin.py:188} INFO - [2024-05-28T18:20:14.287+0000] {dag.py:3096} INFO - Sync 1 DAGs
[2024-05-28T18:20:14.326+0000] {logging_mixin.py:188} INFO - [2024-05-28T18:20:14.325+0000] {dag.py:3954} INFO - Setting next_dagrun for example_dag_decorator to None, run_after=None
[2024-05-28T18:20:14.531+0000] {processor.py:183} INFO - Processing /home/airflow/.local/lib/python3.12/site-packages/airflow/example_dags/example_dag_decorator.py took 1.729 seconds
[2024-05-28T18:20:45.888+0000] {processor.py:161} INFO - Started process (PID=1541) to work on /home/airflow/.local/lib/python3.12/site-packages/airflow/example_dags/example_dag_decorator.py
[2024-05-28T18:20:45.923+0000] {processor.py:830} INFO - Processing file /home/airflow/.local/lib/python3.12/site-packages/airflow/example_dags/example_dag_decorator.py for tasks to queue
[2024-05-28T18:20:45.941+0000] {logging_mixin.py:188} INFO - [2024-05-28T18:20:45.934+0000] {dagbag.py:545} INFO - Filling up the DagBag from /home/airflow/.local/lib/python3.12/site-packages/airflow/example_dags/example_dag_decorator.py
[2024-05-28T18:20:47.210+0000] {processor.py:840} INFO - DAG(s) 'example_dag_decorator' retrieved from /home/airflow/.local/lib/python3.12/site-packages/airflow/example_dags/example_dag_decorator.py
[2024-05-28T18:20:50.978+0000] {logging_mixin.py:188} INFO - [2024-05-28T18:20:50.967+0000] {dag.py:3096} INFO - Sync 1 DAGs
[2024-05-28T18:20:51.559+0000] {logging_mixin.py:188} INFO - [2024-05-28T18:20:51.549+0000] {dag.py:3954} INFO - Setting next_dagrun for example_dag_decorator to None, run_after=None
[2024-05-28T18:20:51.956+0000] {processor.py:183} INFO - Processing /home/airflow/.local/lib/python3.12/site-packages/airflow/example_dags/example_dag_decorator.py took 6.168 seconds
[2024-05-28T18:21:22.469+0000] {processor.py:161} INFO - Started process (PID=1601) to work on /home/airflow/.local/lib/python3.12/site-packages/airflow/example_dags/example_dag_decorator.py
[2024-05-28T18:21:22.477+0000] {processor.py:830} INFO - Processing file /home/airflow/.local/lib/python3.12/site-packages/airflow/example_dags/example_dag_decorator.py for tasks to queue
[2024-05-28T18:21:22.484+0000] {logging_mixin.py:188} INFO - [2024-05-28T18:21:22.483+0000] {dagbag.py:545} INFO - Filling up the DagBag from /home/airflow/.local/lib/python3.12/site-packages/airflow/example_dags/example_dag_decorator.py
[2024-05-28T18:21:24.495+0000] {processor.py:840} INFO - DAG(s) 'example_dag_decorator' retrieved from /home/airflow/.local/lib/python3.12/site-packages/airflow/example_dags/example_dag_decorator.py
[2024-05-28T18:21:25.681+0000] {logging_mixin.py:188} INFO - [2024-05-28T18:21:25.680+0000] {dag.py:3096} INFO - Sync 1 DAGs
[2024-05-28T18:21:25.780+0000] {logging_mixin.py:188} INFO - [2024-05-28T18:21:25.778+0000] {dag.py:3954} INFO - Setting next_dagrun for example_dag_decorator to None, run_after=None
[2024-05-28T18:21:25.925+0000] {processor.py:183} INFO - Processing /home/airflow/.local/lib/python3.12/site-packages/airflow/example_dags/example_dag_decorator.py took 3.514 seconds
