[2024-05-28T18:07:28.648+0000] {processor.py:161} INFO - Started process (PID=84) to work on /home/airflow/.local/lib/python3.12/site-packages/airflow/example_dags/example_python_operator.py
[2024-05-28T18:07:28.652+0000] {processor.py:830} INFO - Processing file /home/airflow/.local/lib/python3.12/site-packages/airflow/example_dags/example_python_operator.py for tasks to queue
[2024-05-28T18:07:28.658+0000] {logging_mixin.py:188} INFO - [2024-05-28T18:07:28.657+0000] {dagbag.py:545} INFO - Filling up the DagBag from /home/airflow/.local/lib/python3.12/site-packages/airflow/example_dags/example_python_operator.py
[2024-05-28T18:07:28.717+0000] {processor.py:840} INFO - DAG(s) 'example_python_operator' retrieved from /home/airflow/.local/lib/python3.12/site-packages/airflow/example_dags/example_python_operator.py
[2024-05-28T18:07:29.196+0000] {logging_mixin.py:188} INFO - [2024-05-28T18:07:29.195+0000] {dag.py:3096} INFO - Sync 1 DAGs
[2024-05-28T18:07:29.278+0000] {logging_mixin.py:188} INFO - [2024-05-28T18:07:29.277+0000] {dag.py:3954} INFO - Setting next_dagrun for example_python_operator to None, run_after=None
[2024-05-28T18:07:29.397+0000] {processor.py:183} INFO - Processing /home/airflow/.local/lib/python3.12/site-packages/airflow/example_dags/example_python_operator.py took 0.769 seconds
[2024-05-28T18:08:00.387+0000] {processor.py:161} INFO - Started process (PID=142) to work on /home/airflow/.local/lib/python3.12/site-packages/airflow/example_dags/example_python_operator.py
[2024-05-28T18:08:00.403+0000] {processor.py:830} INFO - Processing file /home/airflow/.local/lib/python3.12/site-packages/airflow/example_dags/example_python_operator.py for tasks to queue
[2024-05-28T18:08:00.462+0000] {logging_mixin.py:188} INFO - [2024-05-28T18:08:00.444+0000] {dagbag.py:545} INFO - Filling up the DagBag from /home/airflow/.local/lib/python3.12/site-packages/airflow/example_dags/example_python_operator.py
[2024-05-28T18:08:00.668+0000] {processor.py:840} INFO - DAG(s) 'example_python_operator' retrieved from /home/airflow/.local/lib/python3.12/site-packages/airflow/example_dags/example_python_operator.py
[2024-05-28T18:08:00.936+0000] {logging_mixin.py:188} INFO - [2024-05-28T18:08:00.936+0000] {dag.py:3096} INFO - Sync 1 DAGs
[2024-05-28T18:08:01.168+0000] {logging_mixin.py:188} INFO - [2024-05-28T18:08:01.167+0000] {dag.py:3954} INFO - Setting next_dagrun for example_python_operator to None, run_after=None
[2024-05-28T18:08:01.320+0000] {processor.py:183} INFO - Processing /home/airflow/.local/lib/python3.12/site-packages/airflow/example_dags/example_python_operator.py took 1.029 seconds
[2024-05-28T18:08:32.109+0000] {processor.py:161} INFO - Started process (PID=200) to work on /home/airflow/.local/lib/python3.12/site-packages/airflow/example_dags/example_python_operator.py
[2024-05-28T18:08:32.113+0000] {processor.py:830} INFO - Processing file /home/airflow/.local/lib/python3.12/site-packages/airflow/example_dags/example_python_operator.py for tasks to queue
[2024-05-28T18:08:32.119+0000] {logging_mixin.py:188} INFO - [2024-05-28T18:08:32.118+0000] {dagbag.py:545} INFO - Filling up the DagBag from /home/airflow/.local/lib/python3.12/site-packages/airflow/example_dags/example_python_operator.py
[2024-05-28T18:08:32.172+0000] {processor.py:840} INFO - DAG(s) 'example_python_operator' retrieved from /home/airflow/.local/lib/python3.12/site-packages/airflow/example_dags/example_python_operator.py
[2024-05-28T18:08:32.240+0000] {logging_mixin.py:188} INFO - [2024-05-28T18:08:32.240+0000] {dag.py:3096} INFO - Sync 1 DAGs
[2024-05-28T18:08:32.278+0000] {logging_mixin.py:188} INFO - [2024-05-28T18:08:32.278+0000] {dag.py:3954} INFO - Setting next_dagrun for example_python_operator to None, run_after=None
[2024-05-28T18:08:32.337+0000] {processor.py:183} INFO - Processing /home/airflow/.local/lib/python3.12/site-packages/airflow/example_dags/example_python_operator.py took 0.254 seconds
[2024-05-28T18:09:02.884+0000] {processor.py:161} INFO - Started process (PID=258) to work on /home/airflow/.local/lib/python3.12/site-packages/airflow/example_dags/example_python_operator.py
[2024-05-28T18:09:02.891+0000] {processor.py:830} INFO - Processing file /home/airflow/.local/lib/python3.12/site-packages/airflow/example_dags/example_python_operator.py for tasks to queue
[2024-05-28T18:09:02.904+0000] {logging_mixin.py:188} INFO - [2024-05-28T18:09:02.902+0000] {dagbag.py:545} INFO - Filling up the DagBag from /home/airflow/.local/lib/python3.12/site-packages/airflow/example_dags/example_python_operator.py
[2024-05-28T18:09:02.981+0000] {processor.py:840} INFO - DAG(s) 'example_python_operator' retrieved from /home/airflow/.local/lib/python3.12/site-packages/airflow/example_dags/example_python_operator.py
[2024-05-28T18:09:03.047+0000] {logging_mixin.py:188} INFO - [2024-05-28T18:09:03.046+0000] {dag.py:3096} INFO - Sync 1 DAGs
[2024-05-28T18:09:03.086+0000] {logging_mixin.py:188} INFO - [2024-05-28T18:09:03.085+0000] {dag.py:3954} INFO - Setting next_dagrun for example_python_operator to None, run_after=None
[2024-05-28T18:09:03.132+0000] {processor.py:183} INFO - Processing /home/airflow/.local/lib/python3.12/site-packages/airflow/example_dags/example_python_operator.py took 0.296 seconds
[2024-05-28T18:09:33.982+0000] {processor.py:161} INFO - Started process (PID=316) to work on /home/airflow/.local/lib/python3.12/site-packages/airflow/example_dags/example_python_operator.py
[2024-05-28T18:09:33.986+0000] {processor.py:830} INFO - Processing file /home/airflow/.local/lib/python3.12/site-packages/airflow/example_dags/example_python_operator.py for tasks to queue
[2024-05-28T18:09:33.992+0000] {logging_mixin.py:188} INFO - [2024-05-28T18:09:33.991+0000] {dagbag.py:545} INFO - Filling up the DagBag from /home/airflow/.local/lib/python3.12/site-packages/airflow/example_dags/example_python_operator.py
[2024-05-28T18:09:34.020+0000] {processor.py:840} INFO - DAG(s) 'example_python_operator' retrieved from /home/airflow/.local/lib/python3.12/site-packages/airflow/example_dags/example_python_operator.py
[2024-05-28T18:09:34.087+0000] {logging_mixin.py:188} INFO - [2024-05-28T18:09:34.087+0000] {dag.py:3096} INFO - Sync 1 DAGs
[2024-05-28T18:09:34.134+0000] {logging_mixin.py:188} INFO - [2024-05-28T18:09:34.133+0000] {dag.py:3954} INFO - Setting next_dagrun for example_python_operator to None, run_after=None
[2024-05-28T18:09:34.245+0000] {processor.py:183} INFO - Processing /home/airflow/.local/lib/python3.12/site-packages/airflow/example_dags/example_python_operator.py took 0.325 seconds
[2024-05-28T18:10:05.445+0000] {processor.py:161} INFO - Started process (PID=374) to work on /home/airflow/.local/lib/python3.12/site-packages/airflow/example_dags/example_python_operator.py
[2024-05-28T18:10:05.447+0000] {processor.py:830} INFO - Processing file /home/airflow/.local/lib/python3.12/site-packages/airflow/example_dags/example_python_operator.py for tasks to queue
[2024-05-28T18:10:05.452+0000] {logging_mixin.py:188} INFO - [2024-05-28T18:10:05.451+0000] {dagbag.py:545} INFO - Filling up the DagBag from /home/airflow/.local/lib/python3.12/site-packages/airflow/example_dags/example_python_operator.py
[2024-05-28T18:10:05.483+0000] {processor.py:840} INFO - DAG(s) 'example_python_operator' retrieved from /home/airflow/.local/lib/python3.12/site-packages/airflow/example_dags/example_python_operator.py
[2024-05-28T18:10:05.533+0000] {logging_mixin.py:188} INFO - [2024-05-28T18:10:05.532+0000] {dag.py:3096} INFO - Sync 1 DAGs
[2024-05-28T18:10:05.565+0000] {logging_mixin.py:188} INFO - [2024-05-28T18:10:05.565+0000] {dag.py:3954} INFO - Setting next_dagrun for example_python_operator to None, run_after=None
[2024-05-28T18:10:05.619+0000] {processor.py:183} INFO - Processing /home/airflow/.local/lib/python3.12/site-packages/airflow/example_dags/example_python_operator.py took 0.219 seconds
[2024-05-28T18:10:36.277+0000] {processor.py:161} INFO - Started process (PID=432) to work on /home/airflow/.local/lib/python3.12/site-packages/airflow/example_dags/example_python_operator.py
[2024-05-28T18:10:36.279+0000] {processor.py:830} INFO - Processing file /home/airflow/.local/lib/python3.12/site-packages/airflow/example_dags/example_python_operator.py for tasks to queue
[2024-05-28T18:10:36.288+0000] {logging_mixin.py:188} INFO - [2024-05-28T18:10:36.288+0000] {dagbag.py:545} INFO - Filling up the DagBag from /home/airflow/.local/lib/python3.12/site-packages/airflow/example_dags/example_python_operator.py
[2024-05-28T18:10:36.322+0000] {processor.py:840} INFO - DAG(s) 'example_python_operator' retrieved from /home/airflow/.local/lib/python3.12/site-packages/airflow/example_dags/example_python_operator.py
[2024-05-28T18:10:36.428+0000] {logging_mixin.py:188} INFO - [2024-05-28T18:10:36.427+0000] {dag.py:3096} INFO - Sync 1 DAGs
[2024-05-28T18:10:36.487+0000] {logging_mixin.py:188} INFO - [2024-05-28T18:10:36.486+0000] {dag.py:3954} INFO - Setting next_dagrun for example_python_operator to None, run_after=None
[2024-05-28T18:10:36.567+0000] {processor.py:183} INFO - Processing /home/airflow/.local/lib/python3.12/site-packages/airflow/example_dags/example_python_operator.py took 0.309 seconds
[2024-05-28T18:11:06.763+0000] {processor.py:161} INFO - Started process (PID=490) to work on /home/airflow/.local/lib/python3.12/site-packages/airflow/example_dags/example_python_operator.py
[2024-05-28T18:11:06.776+0000] {processor.py:830} INFO - Processing file /home/airflow/.local/lib/python3.12/site-packages/airflow/example_dags/example_python_operator.py for tasks to queue
[2024-05-28T18:11:06.788+0000] {logging_mixin.py:188} INFO - [2024-05-28T18:11:06.787+0000] {dagbag.py:545} INFO - Filling up the DagBag from /home/airflow/.local/lib/python3.12/site-packages/airflow/example_dags/example_python_operator.py
[2024-05-28T18:11:06.825+0000] {processor.py:840} INFO - DAG(s) 'example_python_operator' retrieved from /home/airflow/.local/lib/python3.12/site-packages/airflow/example_dags/example_python_operator.py
[2024-05-28T18:11:06.881+0000] {logging_mixin.py:188} INFO - [2024-05-28T18:11:06.880+0000] {dag.py:3096} INFO - Sync 1 DAGs
[2024-05-28T18:11:06.917+0000] {logging_mixin.py:188} INFO - [2024-05-28T18:11:06.917+0000] {dag.py:3954} INFO - Setting next_dagrun for example_python_operator to None, run_after=None
[2024-05-28T18:11:06.985+0000] {processor.py:183} INFO - Processing /home/airflow/.local/lib/python3.12/site-packages/airflow/example_dags/example_python_operator.py took 0.246 seconds
[2024-05-28T18:11:40.090+0000] {processor.py:161} INFO - Started process (PID=547) to work on /home/airflow/.local/lib/python3.12/site-packages/airflow/example_dags/example_python_operator.py
[2024-05-28T18:11:40.106+0000] {processor.py:830} INFO - Processing file /home/airflow/.local/lib/python3.12/site-packages/airflow/example_dags/example_python_operator.py for tasks to queue
[2024-05-28T18:11:40.118+0000] {logging_mixin.py:188} INFO - [2024-05-28T18:11:40.116+0000] {dagbag.py:545} INFO - Filling up the DagBag from /home/airflow/.local/lib/python3.12/site-packages/airflow/example_dags/example_python_operator.py
[2024-05-28T18:11:40.187+0000] {processor.py:840} INFO - DAG(s) 'example_python_operator' retrieved from /home/airflow/.local/lib/python3.12/site-packages/airflow/example_dags/example_python_operator.py
[2024-05-28T18:11:40.378+0000] {logging_mixin.py:188} INFO - [2024-05-28T18:11:40.369+0000] {dag.py:3096} INFO - Sync 1 DAGs
[2024-05-28T18:11:40.557+0000] {logging_mixin.py:188} INFO - [2024-05-28T18:11:40.555+0000] {dag.py:3954} INFO - Setting next_dagrun for example_python_operator to None, run_after=None
[2024-05-28T18:11:40.781+0000] {processor.py:183} INFO - Processing /home/airflow/.local/lib/python3.12/site-packages/airflow/example_dags/example_python_operator.py took 0.721 seconds
[2024-05-28T18:12:11.424+0000] {processor.py:161} INFO - Started process (PID=604) to work on /home/airflow/.local/lib/python3.12/site-packages/airflow/example_dags/example_python_operator.py
[2024-05-28T18:12:11.429+0000] {processor.py:830} INFO - Processing file /home/airflow/.local/lib/python3.12/site-packages/airflow/example_dags/example_python_operator.py for tasks to queue
[2024-05-28T18:12:11.444+0000] {logging_mixin.py:188} INFO - [2024-05-28T18:12:11.442+0000] {dagbag.py:545} INFO - Filling up the DagBag from /home/airflow/.local/lib/python3.12/site-packages/airflow/example_dags/example_python_operator.py
[2024-05-28T18:12:11.489+0000] {processor.py:840} INFO - DAG(s) 'example_python_operator' retrieved from /home/airflow/.local/lib/python3.12/site-packages/airflow/example_dags/example_python_operator.py
[2024-05-28T18:12:11.558+0000] {logging_mixin.py:188} INFO - [2024-05-28T18:12:11.557+0000] {dag.py:3096} INFO - Sync 1 DAGs
[2024-05-28T18:12:11.591+0000] {logging_mixin.py:188} INFO - [2024-05-28T18:12:11.591+0000] {dag.py:3954} INFO - Setting next_dagrun for example_python_operator to None, run_after=None
[2024-05-28T18:12:11.691+0000] {processor.py:183} INFO - Processing /home/airflow/.local/lib/python3.12/site-packages/airflow/example_dags/example_python_operator.py took 0.297 seconds
[2024-05-28T18:12:41.916+0000] {processor.py:161} INFO - Started process (PID=662) to work on /home/airflow/.local/lib/python3.12/site-packages/airflow/example_dags/example_python_operator.py
[2024-05-28T18:12:41.919+0000] {processor.py:830} INFO - Processing file /home/airflow/.local/lib/python3.12/site-packages/airflow/example_dags/example_python_operator.py for tasks to queue
[2024-05-28T18:12:41.926+0000] {logging_mixin.py:188} INFO - [2024-05-28T18:12:41.924+0000] {dagbag.py:545} INFO - Filling up the DagBag from /home/airflow/.local/lib/python3.12/site-packages/airflow/example_dags/example_python_operator.py
[2024-05-28T18:12:42.011+0000] {processor.py:840} INFO - DAG(s) 'example_python_operator' retrieved from /home/airflow/.local/lib/python3.12/site-packages/airflow/example_dags/example_python_operator.py
[2024-05-28T18:12:42.067+0000] {logging_mixin.py:188} INFO - [2024-05-28T18:12:42.067+0000] {dag.py:3096} INFO - Sync 1 DAGs
[2024-05-28T18:12:42.101+0000] {logging_mixin.py:188} INFO - [2024-05-28T18:12:42.101+0000] {dag.py:3954} INFO - Setting next_dagrun for example_python_operator to None, run_after=None
[2024-05-28T18:12:42.152+0000] {processor.py:183} INFO - Processing /home/airflow/.local/lib/python3.12/site-packages/airflow/example_dags/example_python_operator.py took 0.265 seconds
[2024-05-28T18:13:12.798+0000] {processor.py:161} INFO - Started process (PID=720) to work on /home/airflow/.local/lib/python3.12/site-packages/airflow/example_dags/example_python_operator.py
[2024-05-28T18:13:12.801+0000] {processor.py:830} INFO - Processing file /home/airflow/.local/lib/python3.12/site-packages/airflow/example_dags/example_python_operator.py for tasks to queue
[2024-05-28T18:13:12.807+0000] {logging_mixin.py:188} INFO - [2024-05-28T18:13:12.806+0000] {dagbag.py:545} INFO - Filling up the DagBag from /home/airflow/.local/lib/python3.12/site-packages/airflow/example_dags/example_python_operator.py
[2024-05-28T18:13:12.833+0000] {processor.py:840} INFO - DAG(s) 'example_python_operator' retrieved from /home/airflow/.local/lib/python3.12/site-packages/airflow/example_dags/example_python_operator.py
[2024-05-28T18:13:12.885+0000] {logging_mixin.py:188} INFO - [2024-05-28T18:13:12.884+0000] {dag.py:3096} INFO - Sync 1 DAGs
[2024-05-28T18:13:12.958+0000] {logging_mixin.py:188} INFO - [2024-05-28T18:13:12.957+0000] {dag.py:3954} INFO - Setting next_dagrun for example_python_operator to None, run_after=None
[2024-05-28T18:13:13.062+0000] {processor.py:183} INFO - Processing /home/airflow/.local/lib/python3.12/site-packages/airflow/example_dags/example_python_operator.py took 0.299 seconds
[2024-05-28T18:13:44.427+0000] {processor.py:161} INFO - Started process (PID=779) to work on /home/airflow/.local/lib/python3.12/site-packages/airflow/example_dags/example_python_operator.py
[2024-05-28T18:13:44.437+0000] {processor.py:830} INFO - Processing file /home/airflow/.local/lib/python3.12/site-packages/airflow/example_dags/example_python_operator.py for tasks to queue
[2024-05-28T18:13:44.458+0000] {logging_mixin.py:188} INFO - [2024-05-28T18:13:44.456+0000] {dagbag.py:545} INFO - Filling up the DagBag from /home/airflow/.local/lib/python3.12/site-packages/airflow/example_dags/example_python_operator.py
[2024-05-28T18:13:44.557+0000] {processor.py:840} INFO - DAG(s) 'example_python_operator' retrieved from /home/airflow/.local/lib/python3.12/site-packages/airflow/example_dags/example_python_operator.py
[2024-05-28T18:13:44.709+0000] {logging_mixin.py:188} INFO - [2024-05-28T18:13:44.709+0000] {dag.py:3096} INFO - Sync 1 DAGs
[2024-05-28T18:13:44.886+0000] {logging_mixin.py:188} INFO - [2024-05-28T18:13:44.885+0000] {dag.py:3954} INFO - Setting next_dagrun for example_python_operator to None, run_after=None
[2024-05-28T18:13:45.124+0000] {processor.py:183} INFO - Processing /home/airflow/.local/lib/python3.12/site-packages/airflow/example_dags/example_python_operator.py took 0.733 seconds
[2024-05-28T18:14:16.590+0000] {processor.py:161} INFO - Started process (PID=837) to work on /home/airflow/.local/lib/python3.12/site-packages/airflow/example_dags/example_python_operator.py
[2024-05-28T18:14:16.593+0000] {processor.py:830} INFO - Processing file /home/airflow/.local/lib/python3.12/site-packages/airflow/example_dags/example_python_operator.py for tasks to queue
[2024-05-28T18:14:16.599+0000] {logging_mixin.py:188} INFO - [2024-05-28T18:14:16.598+0000] {dagbag.py:545} INFO - Filling up the DagBag from /home/airflow/.local/lib/python3.12/site-packages/airflow/example_dags/example_python_operator.py
[2024-05-28T18:14:16.660+0000] {processor.py:840} INFO - DAG(s) 'example_python_operator' retrieved from /home/airflow/.local/lib/python3.12/site-packages/airflow/example_dags/example_python_operator.py
[2024-05-28T18:14:16.796+0000] {logging_mixin.py:188} INFO - [2024-05-28T18:14:16.795+0000] {dag.py:3096} INFO - Sync 1 DAGs
[2024-05-28T18:14:16.877+0000] {logging_mixin.py:188} INFO - [2024-05-28T18:14:16.876+0000] {dag.py:3954} INFO - Setting next_dagrun for example_python_operator to None, run_after=None
[2024-05-28T18:14:16.972+0000] {processor.py:183} INFO - Processing /home/airflow/.local/lib/python3.12/site-packages/airflow/example_dags/example_python_operator.py took 0.399 seconds
[2024-05-28T18:14:48.508+0000] {processor.py:161} INFO - Started process (PID=895) to work on /home/airflow/.local/lib/python3.12/site-packages/airflow/example_dags/example_python_operator.py
[2024-05-28T18:14:48.511+0000] {processor.py:830} INFO - Processing file /home/airflow/.local/lib/python3.12/site-packages/airflow/example_dags/example_python_operator.py for tasks to queue
[2024-05-28T18:14:48.521+0000] {logging_mixin.py:188} INFO - [2024-05-28T18:14:48.518+0000] {dagbag.py:545} INFO - Filling up the DagBag from /home/airflow/.local/lib/python3.12/site-packages/airflow/example_dags/example_python_operator.py
[2024-05-28T18:14:48.564+0000] {processor.py:840} INFO - DAG(s) 'example_python_operator' retrieved from /home/airflow/.local/lib/python3.12/site-packages/airflow/example_dags/example_python_operator.py
[2024-05-28T18:14:48.682+0000] {logging_mixin.py:188} INFO - [2024-05-28T18:14:48.681+0000] {dag.py:3096} INFO - Sync 1 DAGs
[2024-05-28T18:14:48.758+0000] {logging_mixin.py:188} INFO - [2024-05-28T18:14:48.758+0000] {dag.py:3954} INFO - Setting next_dagrun for example_python_operator to None, run_after=None
[2024-05-28T18:14:48.840+0000] {processor.py:183} INFO - Processing /home/airflow/.local/lib/python3.12/site-packages/airflow/example_dags/example_python_operator.py took 0.359 seconds
[2024-05-28T18:15:24.920+0000] {processor.py:161} INFO - Started process (PID=958) to work on /home/airflow/.local/lib/python3.12/site-packages/airflow/example_dags/example_python_operator.py
[2024-05-28T18:15:24.936+0000] {processor.py:830} INFO - Processing file /home/airflow/.local/lib/python3.12/site-packages/airflow/example_dags/example_python_operator.py for tasks to queue
[2024-05-28T18:15:24.967+0000] {logging_mixin.py:188} INFO - [2024-05-28T18:15:24.966+0000] {dagbag.py:545} INFO - Filling up the DagBag from /home/airflow/.local/lib/python3.12/site-packages/airflow/example_dags/example_python_operator.py
[2024-05-28T18:15:25.137+0000] {processor.py:840} INFO - DAG(s) 'example_python_operator' retrieved from /home/airflow/.local/lib/python3.12/site-packages/airflow/example_dags/example_python_operator.py
[2024-05-28T18:15:25.386+0000] {logging_mixin.py:188} INFO - [2024-05-28T18:15:25.377+0000] {dag.py:3096} INFO - Sync 1 DAGs
[2024-05-28T18:15:25.557+0000] {logging_mixin.py:188} INFO - [2024-05-28T18:15:25.555+0000] {dag.py:3954} INFO - Setting next_dagrun for example_python_operator to None, run_after=None
[2024-05-28T18:15:25.705+0000] {processor.py:183} INFO - Processing /home/airflow/.local/lib/python3.12/site-packages/airflow/example_dags/example_python_operator.py took 0.853 seconds
[2024-05-28T18:15:56.403+0000] {processor.py:161} INFO - Started process (PID=1017) to work on /home/airflow/.local/lib/python3.12/site-packages/airflow/example_dags/example_python_operator.py
[2024-05-28T18:15:56.412+0000] {processor.py:830} INFO - Processing file /home/airflow/.local/lib/python3.12/site-packages/airflow/example_dags/example_python_operator.py for tasks to queue
[2024-05-28T18:15:56.438+0000] {logging_mixin.py:188} INFO - [2024-05-28T18:15:56.437+0000] {dagbag.py:545} INFO - Filling up the DagBag from /home/airflow/.local/lib/python3.12/site-packages/airflow/example_dags/example_python_operator.py
[2024-05-28T18:15:56.561+0000] {processor.py:840} INFO - DAG(s) 'example_python_operator' retrieved from /home/airflow/.local/lib/python3.12/site-packages/airflow/example_dags/example_python_operator.py
[2024-05-28T18:15:56.807+0000] {logging_mixin.py:188} INFO - [2024-05-28T18:15:56.806+0000] {dag.py:3096} INFO - Sync 1 DAGs
[2024-05-28T18:15:57.026+0000] {logging_mixin.py:188} INFO - [2024-05-28T18:15:57.025+0000] {dag.py:3954} INFO - Setting next_dagrun for example_python_operator to None, run_after=None
[2024-05-28T18:15:57.337+0000] {processor.py:183} INFO - Processing /home/airflow/.local/lib/python3.12/site-packages/airflow/example_dags/example_python_operator.py took 1.012 seconds
[2024-05-28T18:16:31.938+0000] {processor.py:161} INFO - Started process (PID=1075) to work on /home/airflow/.local/lib/python3.12/site-packages/airflow/example_dags/example_python_operator.py
[2024-05-28T18:16:31.966+0000] {processor.py:830} INFO - Processing file /home/airflow/.local/lib/python3.12/site-packages/airflow/example_dags/example_python_operator.py for tasks to queue
[2024-05-28T18:16:31.971+0000] {logging_mixin.py:188} INFO - [2024-05-28T18:16:31.971+0000] {dagbag.py:545} INFO - Filling up the DagBag from /home/airflow/.local/lib/python3.12/site-packages/airflow/example_dags/example_python_operator.py
[2024-05-28T18:16:32.033+0000] {processor.py:840} INFO - DAG(s) 'example_python_operator' retrieved from /home/airflow/.local/lib/python3.12/site-packages/airflow/example_dags/example_python_operator.py
[2024-05-28T18:16:32.168+0000] {logging_mixin.py:188} INFO - [2024-05-28T18:16:32.167+0000] {dag.py:3096} INFO - Sync 1 DAGs
[2024-05-28T18:16:32.238+0000] {logging_mixin.py:188} INFO - [2024-05-28T18:16:32.238+0000] {dag.py:3954} INFO - Setting next_dagrun for example_python_operator to None, run_after=None
[2024-05-28T18:16:32.342+0000] {processor.py:183} INFO - Processing /home/airflow/.local/lib/python3.12/site-packages/airflow/example_dags/example_python_operator.py took 0.437 seconds
[2024-05-28T18:17:05.797+0000] {processor.py:161} INFO - Started process (PID=1132) to work on /home/airflow/.local/lib/python3.12/site-packages/airflow/example_dags/example_python_operator.py
[2024-05-28T18:17:05.814+0000] {processor.py:830} INFO - Processing file /home/airflow/.local/lib/python3.12/site-packages/airflow/example_dags/example_python_operator.py for tasks to queue
[2024-05-28T18:17:05.840+0000] {logging_mixin.py:188} INFO - [2024-05-28T18:17:05.837+0000] {dagbag.py:545} INFO - Filling up the DagBag from /home/airflow/.local/lib/python3.12/site-packages/airflow/example_dags/example_python_operator.py
[2024-05-28T18:17:06.045+0000] {processor.py:840} INFO - DAG(s) 'example_python_operator' retrieved from /home/airflow/.local/lib/python3.12/site-packages/airflow/example_dags/example_python_operator.py
[2024-05-28T18:17:06.308+0000] {logging_mixin.py:188} INFO - [2024-05-28T18:17:06.303+0000] {dag.py:3096} INFO - Sync 1 DAGs
[2024-05-28T18:17:06.483+0000] {logging_mixin.py:188} INFO - [2024-05-28T18:17:06.482+0000] {dag.py:3954} INFO - Setting next_dagrun for example_python_operator to None, run_after=None
[2024-05-28T18:17:06.717+0000] {processor.py:183} INFO - Processing /home/airflow/.local/lib/python3.12/site-packages/airflow/example_dags/example_python_operator.py took 1.040 seconds
[2024-05-28T18:17:36.921+0000] {processor.py:161} INFO - Started process (PID=1189) to work on /home/airflow/.local/lib/python3.12/site-packages/airflow/example_dags/example_python_operator.py
[2024-05-28T18:17:36.922+0000] {processor.py:830} INFO - Processing file /home/airflow/.local/lib/python3.12/site-packages/airflow/example_dags/example_python_operator.py for tasks to queue
[2024-05-28T18:17:36.926+0000] {logging_mixin.py:188} INFO - [2024-05-28T18:17:36.925+0000] {dagbag.py:545} INFO - Filling up the DagBag from /home/airflow/.local/lib/python3.12/site-packages/airflow/example_dags/example_python_operator.py
[2024-05-28T18:17:36.946+0000] {processor.py:840} INFO - DAG(s) 'example_python_operator' retrieved from /home/airflow/.local/lib/python3.12/site-packages/airflow/example_dags/example_python_operator.py
[2024-05-28T18:17:36.994+0000] {logging_mixin.py:188} INFO - [2024-05-28T18:17:36.994+0000] {dag.py:3096} INFO - Sync 1 DAGs
[2024-05-28T18:17:37.019+0000] {logging_mixin.py:188} INFO - [2024-05-28T18:17:37.019+0000] {dag.py:3954} INFO - Setting next_dagrun for example_python_operator to None, run_after=None
[2024-05-28T18:17:37.080+0000] {processor.py:183} INFO - Processing /home/airflow/.local/lib/python3.12/site-packages/airflow/example_dags/example_python_operator.py took 0.171 seconds
[2024-05-28T18:18:07.454+0000] {processor.py:161} INFO - Started process (PID=1247) to work on /home/airflow/.local/lib/python3.12/site-packages/airflow/example_dags/example_python_operator.py
[2024-05-28T18:18:07.456+0000] {processor.py:830} INFO - Processing file /home/airflow/.local/lib/python3.12/site-packages/airflow/example_dags/example_python_operator.py for tasks to queue
[2024-05-28T18:18:07.460+0000] {logging_mixin.py:188} INFO - [2024-05-28T18:18:07.460+0000] {dagbag.py:545} INFO - Filling up the DagBag from /home/airflow/.local/lib/python3.12/site-packages/airflow/example_dags/example_python_operator.py
[2024-05-28T18:18:07.485+0000] {processor.py:840} INFO - DAG(s) 'example_python_operator' retrieved from /home/airflow/.local/lib/python3.12/site-packages/airflow/example_dags/example_python_operator.py
[2024-05-28T18:18:07.551+0000] {logging_mixin.py:188} INFO - [2024-05-28T18:18:07.550+0000] {dag.py:3096} INFO - Sync 1 DAGs
[2024-05-28T18:18:07.586+0000] {logging_mixin.py:188} INFO - [2024-05-28T18:18:07.585+0000] {dag.py:3954} INFO - Setting next_dagrun for example_python_operator to None, run_after=None
[2024-05-28T18:18:07.694+0000] {processor.py:183} INFO - Processing /home/airflow/.local/lib/python3.12/site-packages/airflow/example_dags/example_python_operator.py took 0.256 seconds
[2024-05-28T18:18:38.179+0000] {processor.py:161} INFO - Started process (PID=1305) to work on /home/airflow/.local/lib/python3.12/site-packages/airflow/example_dags/example_python_operator.py
[2024-05-28T18:18:38.180+0000] {processor.py:830} INFO - Processing file /home/airflow/.local/lib/python3.12/site-packages/airflow/example_dags/example_python_operator.py for tasks to queue
[2024-05-28T18:18:38.186+0000] {logging_mixin.py:188} INFO - [2024-05-28T18:18:38.185+0000] {dagbag.py:545} INFO - Filling up the DagBag from /home/airflow/.local/lib/python3.12/site-packages/airflow/example_dags/example_python_operator.py
[2024-05-28T18:18:38.207+0000] {processor.py:840} INFO - DAG(s) 'example_python_operator' retrieved from /home/airflow/.local/lib/python3.12/site-packages/airflow/example_dags/example_python_operator.py
[2024-05-28T18:18:38.253+0000] {logging_mixin.py:188} INFO - [2024-05-28T18:18:38.252+0000] {dag.py:3096} INFO - Sync 1 DAGs
[2024-05-28T18:18:38.287+0000] {logging_mixin.py:188} INFO - [2024-05-28T18:18:38.286+0000] {dag.py:3954} INFO - Setting next_dagrun for example_python_operator to None, run_after=None
[2024-05-28T18:18:38.338+0000] {processor.py:183} INFO - Processing /home/airflow/.local/lib/python3.12/site-packages/airflow/example_dags/example_python_operator.py took 0.172 seconds
[2024-05-28T18:19:09.274+0000] {processor.py:161} INFO - Started process (PID=1363) to work on /home/airflow/.local/lib/python3.12/site-packages/airflow/example_dags/example_python_operator.py
[2024-05-28T18:19:09.276+0000] {processor.py:830} INFO - Processing file /home/airflow/.local/lib/python3.12/site-packages/airflow/example_dags/example_python_operator.py for tasks to queue
[2024-05-28T18:19:09.280+0000] {logging_mixin.py:188} INFO - [2024-05-28T18:19:09.280+0000] {dagbag.py:545} INFO - Filling up the DagBag from /home/airflow/.local/lib/python3.12/site-packages/airflow/example_dags/example_python_operator.py
[2024-05-28T18:19:09.305+0000] {processor.py:840} INFO - DAG(s) 'example_python_operator' retrieved from /home/airflow/.local/lib/python3.12/site-packages/airflow/example_dags/example_python_operator.py
[2024-05-28T18:19:09.362+0000] {logging_mixin.py:188} INFO - [2024-05-28T18:19:09.362+0000] {dag.py:3096} INFO - Sync 1 DAGs
[2024-05-28T18:19:09.393+0000] {logging_mixin.py:188} INFO - [2024-05-28T18:19:09.393+0000] {dag.py:3954} INFO - Setting next_dagrun for example_python_operator to None, run_after=None
[2024-05-28T18:19:09.444+0000] {processor.py:183} INFO - Processing /home/airflow/.local/lib/python3.12/site-packages/airflow/example_dags/example_python_operator.py took 0.187 seconds
[2024-05-28T18:19:41.390+0000] {processor.py:161} INFO - Started process (PID=1422) to work on /home/airflow/.local/lib/python3.12/site-packages/airflow/example_dags/example_python_operator.py
[2024-05-28T18:19:41.396+0000] {processor.py:830} INFO - Processing file /home/airflow/.local/lib/python3.12/site-packages/airflow/example_dags/example_python_operator.py for tasks to queue
[2024-05-28T18:19:41.409+0000] {logging_mixin.py:188} INFO - [2024-05-28T18:19:41.407+0000] {dagbag.py:545} INFO - Filling up the DagBag from /home/airflow/.local/lib/python3.12/site-packages/airflow/example_dags/example_python_operator.py
[2024-05-28T18:19:41.484+0000] {processor.py:840} INFO - DAG(s) 'example_python_operator' retrieved from /home/airflow/.local/lib/python3.12/site-packages/airflow/example_dags/example_python_operator.py
[2024-05-28T18:19:41.641+0000] {logging_mixin.py:188} INFO - [2024-05-28T18:19:41.639+0000] {dag.py:3096} INFO - Sync 1 DAGs
[2024-05-28T18:19:41.715+0000] {logging_mixin.py:188} INFO - [2024-05-28T18:19:41.714+0000] {dag.py:3954} INFO - Setting next_dagrun for example_python_operator to None, run_after=None
[2024-05-28T18:19:41.837+0000] {processor.py:183} INFO - Processing /home/airflow/.local/lib/python3.12/site-packages/airflow/example_dags/example_python_operator.py took 0.478 seconds
[2024-05-28T18:20:12.144+0000] {processor.py:161} INFO - Started process (PID=1479) to work on /home/airflow/.local/lib/python3.12/site-packages/airflow/example_dags/example_python_operator.py
[2024-05-28T18:20:12.147+0000] {processor.py:830} INFO - Processing file /home/airflow/.local/lib/python3.12/site-packages/airflow/example_dags/example_python_operator.py for tasks to queue
[2024-05-28T18:20:12.155+0000] {logging_mixin.py:188} INFO - [2024-05-28T18:20:12.153+0000] {dagbag.py:545} INFO - Filling up the DagBag from /home/airflow/.local/lib/python3.12/site-packages/airflow/example_dags/example_python_operator.py
[2024-05-28T18:20:12.210+0000] {processor.py:840} INFO - DAG(s) 'example_python_operator' retrieved from /home/airflow/.local/lib/python3.12/site-packages/airflow/example_dags/example_python_operator.py
[2024-05-28T18:20:12.368+0000] {logging_mixin.py:188} INFO - [2024-05-28T18:20:12.365+0000] {dag.py:3096} INFO - Sync 1 DAGs
[2024-05-28T18:20:12.472+0000] {logging_mixin.py:188} INFO - [2024-05-28T18:20:12.471+0000] {dag.py:3954} INFO - Setting next_dagrun for example_python_operator to None, run_after=None
[2024-05-28T18:20:12.570+0000] {processor.py:183} INFO - Processing /home/airflow/.local/lib/python3.12/site-packages/airflow/example_dags/example_python_operator.py took 0.456 seconds
[2024-05-28T18:20:44.252+0000] {processor.py:161} INFO - Started process (PID=1538) to work on /home/airflow/.local/lib/python3.12/site-packages/airflow/example_dags/example_python_operator.py
[2024-05-28T18:20:44.260+0000] {processor.py:830} INFO - Processing file /home/airflow/.local/lib/python3.12/site-packages/airflow/example_dags/example_python_operator.py for tasks to queue
[2024-05-28T18:20:44.288+0000] {logging_mixin.py:188} INFO - [2024-05-28T18:20:44.287+0000] {dagbag.py:545} INFO - Filling up the DagBag from /home/airflow/.local/lib/python3.12/site-packages/airflow/example_dags/example_python_operator.py
[2024-05-28T18:20:44.364+0000] {processor.py:840} INFO - DAG(s) 'example_python_operator' retrieved from /home/airflow/.local/lib/python3.12/site-packages/airflow/example_dags/example_python_operator.py
[2024-05-28T18:20:44.539+0000] {logging_mixin.py:188} INFO - [2024-05-28T18:20:44.538+0000] {dag.py:3096} INFO - Sync 1 DAGs
[2024-05-28T18:20:44.617+0000] {logging_mixin.py:188} INFO - [2024-05-28T18:20:44.617+0000] {dag.py:3954} INFO - Setting next_dagrun for example_python_operator to None, run_after=None
[2024-05-28T18:20:44.858+0000] {processor.py:183} INFO - Processing /home/airflow/.local/lib/python3.12/site-packages/airflow/example_dags/example_python_operator.py took 0.665 seconds
[2024-05-28T18:21:15.464+0000] {processor.py:161} INFO - Started process (PID=1596) to work on /home/airflow/.local/lib/python3.12/site-packages/airflow/example_dags/example_python_operator.py
[2024-05-28T18:21:15.469+0000] {processor.py:830} INFO - Processing file /home/airflow/.local/lib/python3.12/site-packages/airflow/example_dags/example_python_operator.py for tasks to queue
[2024-05-28T18:21:15.479+0000] {logging_mixin.py:188} INFO - [2024-05-28T18:21:15.478+0000] {dagbag.py:545} INFO - Filling up the DagBag from /home/airflow/.local/lib/python3.12/site-packages/airflow/example_dags/example_python_operator.py
[2024-05-28T18:21:15.532+0000] {processor.py:840} INFO - DAG(s) 'example_python_operator' retrieved from /home/airflow/.local/lib/python3.12/site-packages/airflow/example_dags/example_python_operator.py
[2024-05-28T18:21:15.757+0000] {logging_mixin.py:188} INFO - [2024-05-28T18:21:15.757+0000] {dag.py:3096} INFO - Sync 1 DAGs
[2024-05-28T18:21:15.891+0000] {logging_mixin.py:188} INFO - [2024-05-28T18:21:15.887+0000] {dag.py:3954} INFO - Setting next_dagrun for example_python_operator to None, run_after=None
[2024-05-28T18:21:16.049+0000] {processor.py:183} INFO - Processing /home/airflow/.local/lib/python3.12/site-packages/airflow/example_dags/example_python_operator.py took 0.624 seconds
[2024-05-28T18:21:46.358+0000] {processor.py:161} INFO - Started process (PID=1652) to work on /home/airflow/.local/lib/python3.12/site-packages/airflow/example_dags/example_python_operator.py
[2024-05-28T18:21:46.364+0000] {processor.py:830} INFO - Processing file /home/airflow/.local/lib/python3.12/site-packages/airflow/example_dags/example_python_operator.py for tasks to queue
[2024-05-28T18:21:46.381+0000] {logging_mixin.py:188} INFO - [2024-05-28T18:21:46.377+0000] {dagbag.py:545} INFO - Filling up the DagBag from /home/airflow/.local/lib/python3.12/site-packages/airflow/example_dags/example_python_operator.py
[2024-05-28T18:21:46.458+0000] {processor.py:840} INFO - DAG(s) 'example_python_operator' retrieved from /home/airflow/.local/lib/python3.12/site-packages/airflow/example_dags/example_python_operator.py
[2024-05-28T18:21:46.606+0000] {logging_mixin.py:188} INFO - [2024-05-28T18:21:46.605+0000] {dag.py:3096} INFO - Sync 1 DAGs
[2024-05-28T18:21:46.728+0000] {logging_mixin.py:188} INFO - [2024-05-28T18:21:46.727+0000] {dag.py:3954} INFO - Setting next_dagrun for example_python_operator to None, run_after=None
[2024-05-28T18:21:46.875+0000] {processor.py:183} INFO - Processing /home/airflow/.local/lib/python3.12/site-packages/airflow/example_dags/example_python_operator.py took 0.570 seconds
