[2024-05-28T18:07:16.180+0000] {processor.py:161} INFO - Started process (PID=62) to work on /home/airflow/.local/lib/python3.12/site-packages/airflow/example_dags/example_task_group.py
[2024-05-28T18:07:16.190+0000] {processor.py:830} INFO - Processing file /home/airflow/.local/lib/python3.12/site-packages/airflow/example_dags/example_task_group.py for tasks to queue
[2024-05-28T18:07:16.209+0000] {logging_mixin.py:188} INFO - [2024-05-28T18:07:16.208+0000] {dagbag.py:545} INFO - Filling up the DagBag from /home/airflow/.local/lib/python3.12/site-packages/airflow/example_dags/example_task_group.py
[2024-05-28T18:07:16.250+0000] {processor.py:840} INFO - DAG(s) 'example_task_group' retrieved from /home/airflow/.local/lib/python3.12/site-packages/airflow/example_dags/example_task_group.py
[2024-05-28T18:07:16.800+0000] {logging_mixin.py:188} INFO - [2024-05-28T18:07:16.793+0000] {dag.py:3096} INFO - Sync 1 DAGs
[2024-05-28T18:07:17.096+0000] {logging_mixin.py:188} INFO - [2024-05-28T18:07:17.095+0000] {dag.py:3954} INFO - Setting next_dagrun for example_task_group to 2024-05-27 00:00:00+00:00, run_after=2024-05-28 00:00:00+00:00
[2024-05-28T18:07:17.416+0000] {processor.py:183} INFO - Processing /home/airflow/.local/lib/python3.12/site-packages/airflow/example_dags/example_task_group.py took 1.264 seconds
[2024-05-28T18:07:49.300+0000] {processor.py:161} INFO - Started process (PID=127) to work on /home/airflow/.local/lib/python3.12/site-packages/airflow/example_dags/example_task_group.py
[2024-05-28T18:07:49.302+0000] {processor.py:830} INFO - Processing file /home/airflow/.local/lib/python3.12/site-packages/airflow/example_dags/example_task_group.py for tasks to queue
[2024-05-28T18:07:49.307+0000] {logging_mixin.py:188} INFO - [2024-05-28T18:07:49.306+0000] {dagbag.py:545} INFO - Filling up the DagBag from /home/airflow/.local/lib/python3.12/site-packages/airflow/example_dags/example_task_group.py
[2024-05-28T18:07:49.323+0000] {processor.py:840} INFO - DAG(s) 'example_task_group' retrieved from /home/airflow/.local/lib/python3.12/site-packages/airflow/example_dags/example_task_group.py
[2024-05-28T18:07:49.372+0000] {logging_mixin.py:188} INFO - [2024-05-28T18:07:49.371+0000] {dag.py:3096} INFO - Sync 1 DAGs
[2024-05-28T18:07:49.426+0000] {logging_mixin.py:188} INFO - [2024-05-28T18:07:49.425+0000] {dag.py:3954} INFO - Setting next_dagrun for example_task_group to 2024-05-27 00:00:00+00:00, run_after=2024-05-28 00:00:00+00:00
[2024-05-28T18:07:49.497+0000] {processor.py:183} INFO - Processing /home/airflow/.local/lib/python3.12/site-packages/airflow/example_dags/example_task_group.py took 0.210 seconds
[2024-05-28T18:08:19.990+0000] {processor.py:161} INFO - Started process (PID=183) to work on /home/airflow/.local/lib/python3.12/site-packages/airflow/example_dags/example_task_group.py
[2024-05-28T18:08:19.992+0000] {processor.py:830} INFO - Processing file /home/airflow/.local/lib/python3.12/site-packages/airflow/example_dags/example_task_group.py for tasks to queue
[2024-05-28T18:08:19.998+0000] {logging_mixin.py:188} INFO - [2024-05-28T18:08:19.997+0000] {dagbag.py:545} INFO - Filling up the DagBag from /home/airflow/.local/lib/python3.12/site-packages/airflow/example_dags/example_task_group.py
[2024-05-28T18:08:20.026+0000] {processor.py:840} INFO - DAG(s) 'example_task_group' retrieved from /home/airflow/.local/lib/python3.12/site-packages/airflow/example_dags/example_task_group.py
[2024-05-28T18:08:20.093+0000] {logging_mixin.py:188} INFO - [2024-05-28T18:08:20.092+0000] {dag.py:3096} INFO - Sync 1 DAGs
[2024-05-28T18:08:20.162+0000] {logging_mixin.py:188} INFO - [2024-05-28T18:08:20.162+0000] {dag.py:3954} INFO - Setting next_dagrun for example_task_group to 2024-05-27 00:00:00+00:00, run_after=2024-05-28 00:00:00+00:00
[2024-05-28T18:08:20.217+0000] {processor.py:183} INFO - Processing /home/airflow/.local/lib/python3.12/site-packages/airflow/example_dags/example_task_group.py took 0.249 seconds
[2024-05-28T18:08:51.239+0000] {processor.py:161} INFO - Started process (PID=241) to work on /home/airflow/.local/lib/python3.12/site-packages/airflow/example_dags/example_task_group.py
[2024-05-28T18:08:51.242+0000] {processor.py:830} INFO - Processing file /home/airflow/.local/lib/python3.12/site-packages/airflow/example_dags/example_task_group.py for tasks to queue
[2024-05-28T18:08:51.246+0000] {logging_mixin.py:188} INFO - [2024-05-28T18:08:51.245+0000] {dagbag.py:545} INFO - Filling up the DagBag from /home/airflow/.local/lib/python3.12/site-packages/airflow/example_dags/example_task_group.py
[2024-05-28T18:08:51.273+0000] {processor.py:840} INFO - DAG(s) 'example_task_group' retrieved from /home/airflow/.local/lib/python3.12/site-packages/airflow/example_dags/example_task_group.py
[2024-05-28T18:08:51.321+0000] {logging_mixin.py:188} INFO - [2024-05-28T18:08:51.320+0000] {dag.py:3096} INFO - Sync 1 DAGs
[2024-05-28T18:08:51.363+0000] {logging_mixin.py:188} INFO - [2024-05-28T18:08:51.362+0000] {dag.py:3954} INFO - Setting next_dagrun for example_task_group to 2024-05-27 00:00:00+00:00, run_after=2024-05-28 00:00:00+00:00
[2024-05-28T18:08:51.399+0000] {processor.py:183} INFO - Processing /home/airflow/.local/lib/python3.12/site-packages/airflow/example_dags/example_task_group.py took 0.179 seconds
[2024-05-28T18:09:22.154+0000] {processor.py:161} INFO - Started process (PID=298) to work on /home/airflow/.local/lib/python3.12/site-packages/airflow/example_dags/example_task_group.py
[2024-05-28T18:09:22.156+0000] {processor.py:830} INFO - Processing file /home/airflow/.local/lib/python3.12/site-packages/airflow/example_dags/example_task_group.py for tasks to queue
[2024-05-28T18:09:22.160+0000] {logging_mixin.py:188} INFO - [2024-05-28T18:09:22.159+0000] {dagbag.py:545} INFO - Filling up the DagBag from /home/airflow/.local/lib/python3.12/site-packages/airflow/example_dags/example_task_group.py
[2024-05-28T18:09:22.181+0000] {processor.py:840} INFO - DAG(s) 'example_task_group' retrieved from /home/airflow/.local/lib/python3.12/site-packages/airflow/example_dags/example_task_group.py
[2024-05-28T18:09:22.234+0000] {logging_mixin.py:188} INFO - [2024-05-28T18:09:22.234+0000] {dag.py:3096} INFO - Sync 1 DAGs
[2024-05-28T18:09:22.290+0000] {logging_mixin.py:188} INFO - [2024-05-28T18:09:22.289+0000] {dag.py:3954} INFO - Setting next_dagrun for example_task_group to 2024-05-27 00:00:00+00:00, run_after=2024-05-28 00:00:00+00:00
[2024-05-28T18:09:22.341+0000] {processor.py:183} INFO - Processing /home/airflow/.local/lib/python3.12/site-packages/airflow/example_dags/example_task_group.py took 0.200 seconds
[2024-05-28T18:09:52.775+0000] {processor.py:161} INFO - Started process (PID=356) to work on /home/airflow/.local/lib/python3.12/site-packages/airflow/example_dags/example_task_group.py
[2024-05-28T18:09:52.778+0000] {processor.py:830} INFO - Processing file /home/airflow/.local/lib/python3.12/site-packages/airflow/example_dags/example_task_group.py for tasks to queue
[2024-05-28T18:09:52.790+0000] {logging_mixin.py:188} INFO - [2024-05-28T18:09:52.788+0000] {dagbag.py:545} INFO - Filling up the DagBag from /home/airflow/.local/lib/python3.12/site-packages/airflow/example_dags/example_task_group.py
[2024-05-28T18:09:52.851+0000] {processor.py:840} INFO - DAG(s) 'example_task_group' retrieved from /home/airflow/.local/lib/python3.12/site-packages/airflow/example_dags/example_task_group.py
[2024-05-28T18:09:53.021+0000] {logging_mixin.py:188} INFO - [2024-05-28T18:09:53.020+0000] {dag.py:3096} INFO - Sync 1 DAGs
[2024-05-28T18:09:53.152+0000] {logging_mixin.py:188} INFO - [2024-05-28T18:09:53.152+0000] {dag.py:3954} INFO - Setting next_dagrun for example_task_group to 2024-05-27 00:00:00+00:00, run_after=2024-05-28 00:00:00+00:00
[2024-05-28T18:09:53.312+0000] {processor.py:183} INFO - Processing /home/airflow/.local/lib/python3.12/site-packages/airflow/example_dags/example_task_group.py took 0.583 seconds
[2024-05-28T18:10:23.641+0000] {processor.py:161} INFO - Started process (PID=414) to work on /home/airflow/.local/lib/python3.12/site-packages/airflow/example_dags/example_task_group.py
[2024-05-28T18:10:23.654+0000] {processor.py:830} INFO - Processing file /home/airflow/.local/lib/python3.12/site-packages/airflow/example_dags/example_task_group.py for tasks to queue
[2024-05-28T18:10:23.673+0000] {logging_mixin.py:188} INFO - [2024-05-28T18:10:23.670+0000] {dagbag.py:545} INFO - Filling up the DagBag from /home/airflow/.local/lib/python3.12/site-packages/airflow/example_dags/example_task_group.py
[2024-05-28T18:10:23.723+0000] {processor.py:840} INFO - DAG(s) 'example_task_group' retrieved from /home/airflow/.local/lib/python3.12/site-packages/airflow/example_dags/example_task_group.py
[2024-05-28T18:10:23.779+0000] {logging_mixin.py:188} INFO - [2024-05-28T18:10:23.778+0000] {dag.py:3096} INFO - Sync 1 DAGs
[2024-05-28T18:10:23.832+0000] {logging_mixin.py:188} INFO - [2024-05-28T18:10:23.831+0000] {dag.py:3954} INFO - Setting next_dagrun for example_task_group to 2024-05-27 00:00:00+00:00, run_after=2024-05-28 00:00:00+00:00
[2024-05-28T18:10:23.877+0000] {processor.py:183} INFO - Processing /home/airflow/.local/lib/python3.12/site-packages/airflow/example_dags/example_task_group.py took 0.296 seconds
[2024-05-28T18:10:54.597+0000] {processor.py:161} INFO - Started process (PID=472) to work on /home/airflow/.local/lib/python3.12/site-packages/airflow/example_dags/example_task_group.py
[2024-05-28T18:10:54.600+0000] {processor.py:830} INFO - Processing file /home/airflow/.local/lib/python3.12/site-packages/airflow/example_dags/example_task_group.py for tasks to queue
[2024-05-28T18:10:54.607+0000] {logging_mixin.py:188} INFO - [2024-05-28T18:10:54.606+0000] {dagbag.py:545} INFO - Filling up the DagBag from /home/airflow/.local/lib/python3.12/site-packages/airflow/example_dags/example_task_group.py
[2024-05-28T18:10:54.649+0000] {processor.py:840} INFO - DAG(s) 'example_task_group' retrieved from /home/airflow/.local/lib/python3.12/site-packages/airflow/example_dags/example_task_group.py
[2024-05-28T18:10:54.744+0000] {logging_mixin.py:188} INFO - [2024-05-28T18:10:54.743+0000] {dag.py:3096} INFO - Sync 1 DAGs
[2024-05-28T18:10:54.875+0000] {logging_mixin.py:188} INFO - [2024-05-28T18:10:54.874+0000] {dag.py:3954} INFO - Setting next_dagrun for example_task_group to 2024-05-27 00:00:00+00:00, run_after=2024-05-28 00:00:00+00:00
[2024-05-28T18:10:54.969+0000] {processor.py:183} INFO - Processing /home/airflow/.local/lib/python3.12/site-packages/airflow/example_dags/example_task_group.py took 0.390 seconds
[2024-05-28T18:11:33.693+0000] {processor.py:161} INFO - Started process (PID=530) to work on /home/airflow/.local/lib/python3.12/site-packages/airflow/example_dags/example_task_group.py
[2024-05-28T18:11:33.704+0000] {processor.py:830} INFO - Processing file /home/airflow/.local/lib/python3.12/site-packages/airflow/example_dags/example_task_group.py for tasks to queue
[2024-05-28T18:11:33.712+0000] {logging_mixin.py:188} INFO - [2024-05-28T18:11:33.711+0000] {dagbag.py:545} INFO - Filling up the DagBag from /home/airflow/.local/lib/python3.12/site-packages/airflow/example_dags/example_task_group.py
[2024-05-28T18:11:33.775+0000] {processor.py:840} INFO - DAG(s) 'example_task_group' retrieved from /home/airflow/.local/lib/python3.12/site-packages/airflow/example_dags/example_task_group.py
[2024-05-28T18:11:33.925+0000] {logging_mixin.py:188} INFO - [2024-05-28T18:11:33.924+0000] {dag.py:3096} INFO - Sync 1 DAGs
[2024-05-28T18:11:34.179+0000] {logging_mixin.py:188} INFO - [2024-05-28T18:11:34.178+0000] {dag.py:3954} INFO - Setting next_dagrun for example_task_group to 2024-05-27 00:00:00+00:00, run_after=2024-05-28 00:00:00+00:00
[2024-05-28T18:11:34.386+0000] {processor.py:183} INFO - Processing /home/airflow/.local/lib/python3.12/site-packages/airflow/example_dags/example_task_group.py took 0.734 seconds
[2024-05-28T18:12:04.807+0000] {processor.py:161} INFO - Started process (PID=588) to work on /home/airflow/.local/lib/python3.12/site-packages/airflow/example_dags/example_task_group.py
[2024-05-28T18:12:04.810+0000] {processor.py:830} INFO - Processing file /home/airflow/.local/lib/python3.12/site-packages/airflow/example_dags/example_task_group.py for tasks to queue
[2024-05-28T18:12:04.814+0000] {logging_mixin.py:188} INFO - [2024-05-28T18:12:04.813+0000] {dagbag.py:545} INFO - Filling up the DagBag from /home/airflow/.local/lib/python3.12/site-packages/airflow/example_dags/example_task_group.py
[2024-05-28T18:12:04.832+0000] {processor.py:840} INFO - DAG(s) 'example_task_group' retrieved from /home/airflow/.local/lib/python3.12/site-packages/airflow/example_dags/example_task_group.py
[2024-05-28T18:12:04.890+0000] {logging_mixin.py:188} INFO - [2024-05-28T18:12:04.889+0000] {dag.py:3096} INFO - Sync 1 DAGs
[2024-05-28T18:12:04.985+0000] {logging_mixin.py:188} INFO - [2024-05-28T18:12:04.985+0000] {dag.py:3954} INFO - Setting next_dagrun for example_task_group to 2024-05-27 00:00:00+00:00, run_after=2024-05-28 00:00:00+00:00
[2024-05-28T18:12:05.053+0000] {processor.py:183} INFO - Processing /home/airflow/.local/lib/python3.12/site-packages/airflow/example_dags/example_task_group.py took 0.265 seconds
[2024-05-28T18:12:36.521+0000] {processor.py:161} INFO - Started process (PID=646) to work on /home/airflow/.local/lib/python3.12/site-packages/airflow/example_dags/example_task_group.py
[2024-05-28T18:12:36.528+0000] {processor.py:830} INFO - Processing file /home/airflow/.local/lib/python3.12/site-packages/airflow/example_dags/example_task_group.py for tasks to queue
[2024-05-28T18:12:36.535+0000] {logging_mixin.py:188} INFO - [2024-05-28T18:12:36.533+0000] {dagbag.py:545} INFO - Filling up the DagBag from /home/airflow/.local/lib/python3.12/site-packages/airflow/example_dags/example_task_group.py
[2024-05-28T18:12:36.591+0000] {processor.py:840} INFO - DAG(s) 'example_task_group' retrieved from /home/airflow/.local/lib/python3.12/site-packages/airflow/example_dags/example_task_group.py
[2024-05-28T18:12:36.780+0000] {logging_mixin.py:188} INFO - [2024-05-28T18:12:36.779+0000] {dag.py:3096} INFO - Sync 1 DAGs
[2024-05-28T18:12:37.059+0000] {logging_mixin.py:188} INFO - [2024-05-28T18:12:37.058+0000] {dag.py:3954} INFO - Setting next_dagrun for example_task_group to 2024-05-27 00:00:00+00:00, run_after=2024-05-28 00:00:00+00:00
[2024-05-28T18:12:37.256+0000] {processor.py:183} INFO - Processing /home/airflow/.local/lib/python3.12/site-packages/airflow/example_dags/example_task_group.py took 0.791 seconds
[2024-05-28T18:13:07.618+0000] {processor.py:161} INFO - Started process (PID=704) to work on /home/airflow/.local/lib/python3.12/site-packages/airflow/example_dags/example_task_group.py
[2024-05-28T18:13:07.620+0000] {processor.py:830} INFO - Processing file /home/airflow/.local/lib/python3.12/site-packages/airflow/example_dags/example_task_group.py for tasks to queue
[2024-05-28T18:13:07.625+0000] {logging_mixin.py:188} INFO - [2024-05-28T18:13:07.624+0000] {dagbag.py:545} INFO - Filling up the DagBag from /home/airflow/.local/lib/python3.12/site-packages/airflow/example_dags/example_task_group.py
[2024-05-28T18:13:07.658+0000] {processor.py:840} INFO - DAG(s) 'example_task_group' retrieved from /home/airflow/.local/lib/python3.12/site-packages/airflow/example_dags/example_task_group.py
[2024-05-28T18:13:07.753+0000] {logging_mixin.py:188} INFO - [2024-05-28T18:13:07.753+0000] {dag.py:3096} INFO - Sync 1 DAGs
[2024-05-28T18:13:07.832+0000] {logging_mixin.py:188} INFO - [2024-05-28T18:13:07.831+0000] {dag.py:3954} INFO - Setting next_dagrun for example_task_group to 2024-05-27 00:00:00+00:00, run_after=2024-05-28 00:00:00+00:00
[2024-05-28T18:13:07.898+0000] {processor.py:183} INFO - Processing /home/airflow/.local/lib/python3.12/site-packages/airflow/example_dags/example_task_group.py took 0.295 seconds
[2024-05-28T18:13:39.054+0000] {processor.py:161} INFO - Started process (PID=763) to work on /home/airflow/.local/lib/python3.12/site-packages/airflow/example_dags/example_task_group.py
[2024-05-28T18:13:39.057+0000] {processor.py:830} INFO - Processing file /home/airflow/.local/lib/python3.12/site-packages/airflow/example_dags/example_task_group.py for tasks to queue
[2024-05-28T18:13:39.065+0000] {logging_mixin.py:188} INFO - [2024-05-28T18:13:39.063+0000] {dagbag.py:545} INFO - Filling up the DagBag from /home/airflow/.local/lib/python3.12/site-packages/airflow/example_dags/example_task_group.py
[2024-05-28T18:13:39.091+0000] {processor.py:840} INFO - DAG(s) 'example_task_group' retrieved from /home/airflow/.local/lib/python3.12/site-packages/airflow/example_dags/example_task_group.py
[2024-05-28T18:13:39.168+0000] {logging_mixin.py:188} INFO - [2024-05-28T18:13:39.168+0000] {dag.py:3096} INFO - Sync 1 DAGs
[2024-05-28T18:13:39.233+0000] {logging_mixin.py:188} INFO - [2024-05-28T18:13:39.232+0000] {dag.py:3954} INFO - Setting next_dagrun for example_task_group to 2024-05-27 00:00:00+00:00, run_after=2024-05-28 00:00:00+00:00
[2024-05-28T18:13:39.293+0000] {processor.py:183} INFO - Processing /home/airflow/.local/lib/python3.12/site-packages/airflow/example_dags/example_task_group.py took 0.275 seconds
[2024-05-28T18:14:10.421+0000] {processor.py:161} INFO - Started process (PID=821) to work on /home/airflow/.local/lib/python3.12/site-packages/airflow/example_dags/example_task_group.py
[2024-05-28T18:14:10.428+0000] {processor.py:830} INFO - Processing file /home/airflow/.local/lib/python3.12/site-packages/airflow/example_dags/example_task_group.py for tasks to queue
[2024-05-28T18:14:10.436+0000] {logging_mixin.py:188} INFO - [2024-05-28T18:14:10.435+0000] {dagbag.py:545} INFO - Filling up the DagBag from /home/airflow/.local/lib/python3.12/site-packages/airflow/example_dags/example_task_group.py
[2024-05-28T18:14:10.528+0000] {processor.py:840} INFO - DAG(s) 'example_task_group' retrieved from /home/airflow/.local/lib/python3.12/site-packages/airflow/example_dags/example_task_group.py
[2024-05-28T18:14:10.694+0000] {logging_mixin.py:188} INFO - [2024-05-28T18:14:10.693+0000] {dag.py:3096} INFO - Sync 1 DAGs
[2024-05-28T18:14:10.949+0000] {logging_mixin.py:188} INFO - [2024-05-28T18:14:10.938+0000] {dag.py:3954} INFO - Setting next_dagrun for example_task_group to 2024-05-27 00:00:00+00:00, run_after=2024-05-28 00:00:00+00:00
[2024-05-28T18:14:11.133+0000] {processor.py:183} INFO - Processing /home/airflow/.local/lib/python3.12/site-packages/airflow/example_dags/example_task_group.py took 0.756 seconds
[2024-05-28T18:14:41.708+0000] {processor.py:161} INFO - Started process (PID=879) to work on /home/airflow/.local/lib/python3.12/site-packages/airflow/example_dags/example_task_group.py
[2024-05-28T18:14:41.715+0000] {processor.py:830} INFO - Processing file /home/airflow/.local/lib/python3.12/site-packages/airflow/example_dags/example_task_group.py for tasks to queue
[2024-05-28T18:14:41.727+0000] {logging_mixin.py:188} INFO - [2024-05-28T18:14:41.724+0000] {dagbag.py:545} INFO - Filling up the DagBag from /home/airflow/.local/lib/python3.12/site-packages/airflow/example_dags/example_task_group.py
[2024-05-28T18:14:41.799+0000] {processor.py:840} INFO - DAG(s) 'example_task_group' retrieved from /home/airflow/.local/lib/python3.12/site-packages/airflow/example_dags/example_task_group.py
[2024-05-28T18:14:41.992+0000] {logging_mixin.py:188} INFO - [2024-05-28T18:14:41.991+0000] {dag.py:3096} INFO - Sync 1 DAGs
[2024-05-28T18:14:42.215+0000] {logging_mixin.py:188} INFO - [2024-05-28T18:14:42.210+0000] {dag.py:3954} INFO - Setting next_dagrun for example_task_group to 2024-05-27 00:00:00+00:00, run_after=2024-05-28 00:00:00+00:00
[2024-05-28T18:14:42.378+0000] {processor.py:183} INFO - Processing /home/airflow/.local/lib/python3.12/site-packages/airflow/example_dags/example_task_group.py took 0.712 seconds
[2024-05-28T18:15:12.841+0000] {processor.py:161} INFO - Started process (PID=936) to work on /home/airflow/.local/lib/python3.12/site-packages/airflow/example_dags/example_task_group.py
[2024-05-28T18:15:12.845+0000] {processor.py:830} INFO - Processing file /home/airflow/.local/lib/python3.12/site-packages/airflow/example_dags/example_task_group.py for tasks to queue
[2024-05-28T18:15:12.858+0000] {logging_mixin.py:188} INFO - [2024-05-28T18:15:12.857+0000] {dagbag.py:545} INFO - Filling up the DagBag from /home/airflow/.local/lib/python3.12/site-packages/airflow/example_dags/example_task_group.py
[2024-05-28T18:15:12.902+0000] {processor.py:840} INFO - DAG(s) 'example_task_group' retrieved from /home/airflow/.local/lib/python3.12/site-packages/airflow/example_dags/example_task_group.py
[2024-05-28T18:15:13.006+0000] {logging_mixin.py:188} INFO - [2024-05-28T18:15:13.005+0000] {dag.py:3096} INFO - Sync 1 DAGs
[2024-05-28T18:15:13.096+0000] {logging_mixin.py:188} INFO - [2024-05-28T18:15:13.095+0000] {dag.py:3954} INFO - Setting next_dagrun for example_task_group to 2024-05-27 00:00:00+00:00, run_after=2024-05-28 00:00:00+00:00
[2024-05-28T18:15:13.163+0000] {processor.py:183} INFO - Processing /home/airflow/.local/lib/python3.12/site-packages/airflow/example_dags/example_task_group.py took 0.349 seconds
[2024-05-28T18:15:45.557+0000] {processor.py:161} INFO - Started process (PID=994) to work on /home/airflow/.local/lib/python3.12/site-packages/airflow/example_dags/example_task_group.py
[2024-05-28T18:15:45.561+0000] {processor.py:830} INFO - Processing file /home/airflow/.local/lib/python3.12/site-packages/airflow/example_dags/example_task_group.py for tasks to queue
[2024-05-28T18:15:45.586+0000] {logging_mixin.py:188} INFO - [2024-05-28T18:15:45.574+0000] {dagbag.py:545} INFO - Filling up the DagBag from /home/airflow/.local/lib/python3.12/site-packages/airflow/example_dags/example_task_group.py
[2024-05-28T18:15:45.696+0000] {processor.py:840} INFO - DAG(s) 'example_task_group' retrieved from /home/airflow/.local/lib/python3.12/site-packages/airflow/example_dags/example_task_group.py
[2024-05-28T18:15:45.971+0000] {logging_mixin.py:188} INFO - [2024-05-28T18:15:45.970+0000] {dag.py:3096} INFO - Sync 1 DAGs
[2024-05-28T18:15:46.317+0000] {logging_mixin.py:188} INFO - [2024-05-28T18:15:46.315+0000] {dag.py:3954} INFO - Setting next_dagrun for example_task_group to 2024-05-27 00:00:00+00:00, run_after=2024-05-28 00:00:00+00:00
[2024-05-28T18:15:46.573+0000] {processor.py:183} INFO - Processing /home/airflow/.local/lib/python3.12/site-packages/airflow/example_dags/example_task_group.py took 1.077 seconds
[2024-05-28T18:16:22.313+0000] {processor.py:161} INFO - Started process (PID=1059) to work on /home/airflow/.local/lib/python3.12/site-packages/airflow/example_dags/example_task_group.py
[2024-05-28T18:16:22.320+0000] {processor.py:830} INFO - Processing file /home/airflow/.local/lib/python3.12/site-packages/airflow/example_dags/example_task_group.py for tasks to queue
[2024-05-28T18:16:22.347+0000] {logging_mixin.py:188} INFO - [2024-05-28T18:16:22.342+0000] {dagbag.py:545} INFO - Filling up the DagBag from /home/airflow/.local/lib/python3.12/site-packages/airflow/example_dags/example_task_group.py
[2024-05-28T18:16:22.405+0000] {processor.py:840} INFO - DAG(s) 'example_task_group' retrieved from /home/airflow/.local/lib/python3.12/site-packages/airflow/example_dags/example_task_group.py
[2024-05-28T18:16:22.557+0000] {logging_mixin.py:188} INFO - [2024-05-28T18:16:22.556+0000] {dag.py:3096} INFO - Sync 1 DAGs
[2024-05-28T18:16:22.748+0000] {logging_mixin.py:188} INFO - [2024-05-28T18:16:22.747+0000] {dag.py:3954} INFO - Setting next_dagrun for example_task_group to 2024-05-27 00:00:00+00:00, run_after=2024-05-28 00:00:00+00:00
[2024-05-28T18:16:22.937+0000] {processor.py:183} INFO - Processing /home/airflow/.local/lib/python3.12/site-packages/airflow/example_dags/example_task_group.py took 0.680 seconds
[2024-05-28T18:16:53.664+0000] {processor.py:161} INFO - Started process (PID=1115) to work on /home/airflow/.local/lib/python3.12/site-packages/airflow/example_dags/example_task_group.py
[2024-05-28T18:16:53.671+0000] {processor.py:830} INFO - Processing file /home/airflow/.local/lib/python3.12/site-packages/airflow/example_dags/example_task_group.py for tasks to queue
[2024-05-28T18:16:53.686+0000] {logging_mixin.py:188} INFO - [2024-05-28T18:16:53.683+0000] {dagbag.py:545} INFO - Filling up the DagBag from /home/airflow/.local/lib/python3.12/site-packages/airflow/example_dags/example_task_group.py
[2024-05-28T18:16:53.730+0000] {processor.py:840} INFO - DAG(s) 'example_task_group' retrieved from /home/airflow/.local/lib/python3.12/site-packages/airflow/example_dags/example_task_group.py
[2024-05-28T18:16:53.816+0000] {logging_mixin.py:188} INFO - [2024-05-28T18:16:53.816+0000] {dag.py:3096} INFO - Sync 1 DAGs
[2024-05-28T18:16:53.889+0000] {logging_mixin.py:188} INFO - [2024-05-28T18:16:53.889+0000] {dag.py:3954} INFO - Setting next_dagrun for example_task_group to 2024-05-27 00:00:00+00:00, run_after=2024-05-28 00:00:00+00:00
[2024-05-28T18:16:53.993+0000] {processor.py:183} INFO - Processing /home/airflow/.local/lib/python3.12/site-packages/airflow/example_dags/example_task_group.py took 0.359 seconds
[2024-05-28T18:17:24.914+0000] {processor.py:161} INFO - Started process (PID=1173) to work on /home/airflow/.local/lib/python3.12/site-packages/airflow/example_dags/example_task_group.py
[2024-05-28T18:17:24.916+0000] {processor.py:830} INFO - Processing file /home/airflow/.local/lib/python3.12/site-packages/airflow/example_dags/example_task_group.py for tasks to queue
[2024-05-28T18:17:24.919+0000] {logging_mixin.py:188} INFO - [2024-05-28T18:17:24.919+0000] {dagbag.py:545} INFO - Filling up the DagBag from /home/airflow/.local/lib/python3.12/site-packages/airflow/example_dags/example_task_group.py
[2024-05-28T18:17:24.939+0000] {processor.py:840} INFO - DAG(s) 'example_task_group' retrieved from /home/airflow/.local/lib/python3.12/site-packages/airflow/example_dags/example_task_group.py
[2024-05-28T18:17:24.988+0000] {logging_mixin.py:188} INFO - [2024-05-28T18:17:24.988+0000] {dag.py:3096} INFO - Sync 1 DAGs
[2024-05-28T18:17:25.038+0000] {logging_mixin.py:188} INFO - [2024-05-28T18:17:25.037+0000] {dag.py:3954} INFO - Setting next_dagrun for example_task_group to 2024-05-27 00:00:00+00:00, run_after=2024-05-28 00:00:00+00:00
[2024-05-28T18:17:25.074+0000] {processor.py:183} INFO - Processing /home/airflow/.local/lib/python3.12/site-packages/airflow/example_dags/example_task_group.py took 0.172 seconds
[2024-05-28T18:17:56.413+0000] {processor.py:161} INFO - Started process (PID=1231) to work on /home/airflow/.local/lib/python3.12/site-packages/airflow/example_dags/example_task_group.py
[2024-05-28T18:17:56.416+0000] {processor.py:830} INFO - Processing file /home/airflow/.local/lib/python3.12/site-packages/airflow/example_dags/example_task_group.py for tasks to queue
[2024-05-28T18:17:56.435+0000] {logging_mixin.py:188} INFO - [2024-05-28T18:17:56.434+0000] {dagbag.py:545} INFO - Filling up the DagBag from /home/airflow/.local/lib/python3.12/site-packages/airflow/example_dags/example_task_group.py
[2024-05-28T18:17:56.478+0000] {processor.py:840} INFO - DAG(s) 'example_task_group' retrieved from /home/airflow/.local/lib/python3.12/site-packages/airflow/example_dags/example_task_group.py
[2024-05-28T18:17:56.625+0000] {logging_mixin.py:188} INFO - [2024-05-28T18:17:56.623+0000] {dag.py:3096} INFO - Sync 1 DAGs
[2024-05-28T18:17:56.774+0000] {logging_mixin.py:188} INFO - [2024-05-28T18:17:56.765+0000] {dag.py:3954} INFO - Setting next_dagrun for example_task_group to 2024-05-27 00:00:00+00:00, run_after=2024-05-28 00:00:00+00:00
[2024-05-28T18:17:56.933+0000] {processor.py:183} INFO - Processing /home/airflow/.local/lib/python3.12/site-packages/airflow/example_dags/example_task_group.py took 0.555 seconds
[2024-05-28T18:18:27.830+0000] {processor.py:161} INFO - Started process (PID=1287) to work on /home/airflow/.local/lib/python3.12/site-packages/airflow/example_dags/example_task_group.py
[2024-05-28T18:18:27.831+0000] {processor.py:830} INFO - Processing file /home/airflow/.local/lib/python3.12/site-packages/airflow/example_dags/example_task_group.py for tasks to queue
[2024-05-28T18:18:27.835+0000] {logging_mixin.py:188} INFO - [2024-05-28T18:18:27.834+0000] {dagbag.py:545} INFO - Filling up the DagBag from /home/airflow/.local/lib/python3.12/site-packages/airflow/example_dags/example_task_group.py
[2024-05-28T18:18:27.849+0000] {processor.py:840} INFO - DAG(s) 'example_task_group' retrieved from /home/airflow/.local/lib/python3.12/site-packages/airflow/example_dags/example_task_group.py
[2024-05-28T18:18:27.894+0000] {logging_mixin.py:188} INFO - [2024-05-28T18:18:27.894+0000] {dag.py:3096} INFO - Sync 1 DAGs
[2024-05-28T18:18:27.939+0000] {logging_mixin.py:188} INFO - [2024-05-28T18:18:27.938+0000] {dag.py:3954} INFO - Setting next_dagrun for example_task_group to 2024-05-27 00:00:00+00:00, run_after=2024-05-28 00:00:00+00:00
[2024-05-28T18:18:27.987+0000] {processor.py:183} INFO - Processing /home/airflow/.local/lib/python3.12/site-packages/airflow/example_dags/example_task_group.py took 0.169 seconds
[2024-05-28T18:18:58.327+0000] {processor.py:161} INFO - Started process (PID=1345) to work on /home/airflow/.local/lib/python3.12/site-packages/airflow/example_dags/example_task_group.py
[2024-05-28T18:18:58.329+0000] {processor.py:830} INFO - Processing file /home/airflow/.local/lib/python3.12/site-packages/airflow/example_dags/example_task_group.py for tasks to queue
[2024-05-28T18:18:58.335+0000] {logging_mixin.py:188} INFO - [2024-05-28T18:18:58.335+0000] {dagbag.py:545} INFO - Filling up the DagBag from /home/airflow/.local/lib/python3.12/site-packages/airflow/example_dags/example_task_group.py
[2024-05-28T18:18:58.359+0000] {processor.py:840} INFO - DAG(s) 'example_task_group' retrieved from /home/airflow/.local/lib/python3.12/site-packages/airflow/example_dags/example_task_group.py
[2024-05-28T18:18:58.406+0000] {logging_mixin.py:188} INFO - [2024-05-28T18:18:58.406+0000] {dag.py:3096} INFO - Sync 1 DAGs
[2024-05-28T18:18:58.545+0000] {logging_mixin.py:188} INFO - [2024-05-28T18:18:58.545+0000] {dag.py:3954} INFO - Setting next_dagrun for example_task_group to 2024-05-27 00:00:00+00:00, run_after=2024-05-28 00:00:00+00:00
[2024-05-28T18:18:58.623+0000] {processor.py:183} INFO - Processing /home/airflow/.local/lib/python3.12/site-packages/airflow/example_dags/example_task_group.py took 0.313 seconds
[2024-05-28T18:19:29.069+0000] {processor.py:161} INFO - Started process (PID=1403) to work on /home/airflow/.local/lib/python3.12/site-packages/airflow/example_dags/example_task_group.py
[2024-05-28T18:19:29.073+0000] {processor.py:830} INFO - Processing file /home/airflow/.local/lib/python3.12/site-packages/airflow/example_dags/example_task_group.py for tasks to queue
[2024-05-28T18:19:29.089+0000] {logging_mixin.py:188} INFO - [2024-05-28T18:19:29.087+0000] {dagbag.py:545} INFO - Filling up the DagBag from /home/airflow/.local/lib/python3.12/site-packages/airflow/example_dags/example_task_group.py
[2024-05-28T18:19:29.162+0000] {processor.py:840} INFO - DAG(s) 'example_task_group' retrieved from /home/airflow/.local/lib/python3.12/site-packages/airflow/example_dags/example_task_group.py
[2024-05-28T18:19:29.355+0000] {logging_mixin.py:188} INFO - [2024-05-28T18:19:29.352+0000] {dag.py:3096} INFO - Sync 1 DAGs
[2024-05-28T18:19:29.674+0000] {logging_mixin.py:188} INFO - [2024-05-28T18:19:29.670+0000] {dag.py:3954} INFO - Setting next_dagrun for example_task_group to 2024-05-27 00:00:00+00:00, run_after=2024-05-28 00:00:00+00:00
[2024-05-28T18:19:29.808+0000] {processor.py:183} INFO - Processing /home/airflow/.local/lib/python3.12/site-packages/airflow/example_dags/example_task_group.py took 0.768 seconds
[2024-05-28T18:20:00.116+0000] {processor.py:161} INFO - Started process (PID=1461) to work on /home/airflow/.local/lib/python3.12/site-packages/airflow/example_dags/example_task_group.py
[2024-05-28T18:20:00.121+0000] {processor.py:830} INFO - Processing file /home/airflow/.local/lib/python3.12/site-packages/airflow/example_dags/example_task_group.py for tasks to queue
[2024-05-28T18:20:00.139+0000] {logging_mixin.py:188} INFO - [2024-05-28T18:20:00.138+0000] {dagbag.py:545} INFO - Filling up the DagBag from /home/airflow/.local/lib/python3.12/site-packages/airflow/example_dags/example_task_group.py
[2024-05-28T18:20:00.167+0000] {processor.py:840} INFO - DAG(s) 'example_task_group' retrieved from /home/airflow/.local/lib/python3.12/site-packages/airflow/example_dags/example_task_group.py
[2024-05-28T18:20:00.248+0000] {logging_mixin.py:188} INFO - [2024-05-28T18:20:00.246+0000] {dag.py:3096} INFO - Sync 1 DAGs
[2024-05-28T18:20:00.320+0000] {logging_mixin.py:188} INFO - [2024-05-28T18:20:00.320+0000] {dag.py:3954} INFO - Setting next_dagrun for example_task_group to 2024-05-27 00:00:00+00:00, run_after=2024-05-28 00:00:00+00:00
[2024-05-28T18:20:00.375+0000] {processor.py:183} INFO - Processing /home/airflow/.local/lib/python3.12/site-packages/airflow/example_dags/example_task_group.py took 0.284 seconds
[2024-05-28T18:20:30.871+0000] {processor.py:161} INFO - Started process (PID=1519) to work on /home/airflow/.local/lib/python3.12/site-packages/airflow/example_dags/example_task_group.py
[2024-05-28T18:20:30.878+0000] {processor.py:830} INFO - Processing file /home/airflow/.local/lib/python3.12/site-packages/airflow/example_dags/example_task_group.py for tasks to queue
[2024-05-28T18:20:30.893+0000] {logging_mixin.py:188} INFO - [2024-05-28T18:20:30.890+0000] {dagbag.py:545} INFO - Filling up the DagBag from /home/airflow/.local/lib/python3.12/site-packages/airflow/example_dags/example_task_group.py
[2024-05-28T18:20:30.968+0000] {processor.py:840} INFO - DAG(s) 'example_task_group' retrieved from /home/airflow/.local/lib/python3.12/site-packages/airflow/example_dags/example_task_group.py
[2024-05-28T18:20:31.114+0000] {logging_mixin.py:188} INFO - [2024-05-28T18:20:31.112+0000] {dag.py:3096} INFO - Sync 1 DAGs
[2024-05-28T18:20:31.294+0000] {logging_mixin.py:188} INFO - [2024-05-28T18:20:31.291+0000] {dag.py:3954} INFO - Setting next_dagrun for example_task_group to 2024-05-27 00:00:00+00:00, run_after=2024-05-28 00:00:00+00:00
[2024-05-28T18:20:31.435+0000] {processor.py:183} INFO - Processing /home/airflow/.local/lib/python3.12/site-packages/airflow/example_dags/example_task_group.py took 0.632 seconds
[2024-05-28T18:21:02.012+0000] {processor.py:161} INFO - Started process (PID=1577) to work on /home/airflow/.local/lib/python3.12/site-packages/airflow/example_dags/example_task_group.py
[2024-05-28T18:21:02.017+0000] {processor.py:830} INFO - Processing file /home/airflow/.local/lib/python3.12/site-packages/airflow/example_dags/example_task_group.py for tasks to queue
[2024-05-28T18:21:02.046+0000] {logging_mixin.py:188} INFO - [2024-05-28T18:21:02.038+0000] {dagbag.py:545} INFO - Filling up the DagBag from /home/airflow/.local/lib/python3.12/site-packages/airflow/example_dags/example_task_group.py
[2024-05-28T18:21:02.140+0000] {processor.py:840} INFO - DAG(s) 'example_task_group' retrieved from /home/airflow/.local/lib/python3.12/site-packages/airflow/example_dags/example_task_group.py
[2024-05-28T18:21:02.302+0000] {logging_mixin.py:188} INFO - [2024-05-28T18:21:02.301+0000] {dag.py:3096} INFO - Sync 1 DAGs
[2024-05-28T18:21:02.491+0000] {logging_mixin.py:188} INFO - [2024-05-28T18:21:02.485+0000] {dag.py:3954} INFO - Setting next_dagrun for example_task_group to 2024-05-27 00:00:00+00:00, run_after=2024-05-28 00:00:00+00:00
[2024-05-28T18:21:02.676+0000] {processor.py:183} INFO - Processing /home/airflow/.local/lib/python3.12/site-packages/airflow/example_dags/example_task_group.py took 0.700 seconds
[2024-05-28T18:21:36.641+0000] {processor.py:161} INFO - Started process (PID=1635) to work on /home/airflow/.local/lib/python3.12/site-packages/airflow/example_dags/example_task_group.py
[2024-05-28T18:21:36.646+0000] {processor.py:830} INFO - Processing file /home/airflow/.local/lib/python3.12/site-packages/airflow/example_dags/example_task_group.py for tasks to queue
[2024-05-28T18:21:36.662+0000] {logging_mixin.py:188} INFO - [2024-05-28T18:21:36.660+0000] {dagbag.py:545} INFO - Filling up the DagBag from /home/airflow/.local/lib/python3.12/site-packages/airflow/example_dags/example_task_group.py
[2024-05-28T18:21:36.750+0000] {processor.py:840} INFO - DAG(s) 'example_task_group' retrieved from /home/airflow/.local/lib/python3.12/site-packages/airflow/example_dags/example_task_group.py
[2024-05-28T18:21:36.973+0000] {logging_mixin.py:188} INFO - [2024-05-28T18:21:36.972+0000] {dag.py:3096} INFO - Sync 1 DAGs
[2024-05-28T18:21:37.147+0000] {logging_mixin.py:188} INFO - [2024-05-28T18:21:37.144+0000] {dag.py:3954} INFO - Setting next_dagrun for example_task_group to 2024-05-27 00:00:00+00:00, run_after=2024-05-28 00:00:00+00:00
[2024-05-28T18:21:37.303+0000] {processor.py:183} INFO - Processing /home/airflow/.local/lib/python3.12/site-packages/airflow/example_dags/example_task_group.py took 0.710 seconds
