[2024-05-28T18:07:25.931+0000] {processor.py:161} INFO - Started process (PID=80) to work on /home/airflow/.local/lib/python3.12/site-packages/airflow/example_dags/example_params_trigger_ui.py
[2024-05-28T18:07:25.938+0000] {processor.py:830} INFO - Processing file /home/airflow/.local/lib/python3.12/site-packages/airflow/example_dags/example_params_trigger_ui.py for tasks to queue
[2024-05-28T18:07:25.955+0000] {logging_mixin.py:188} INFO - [2024-05-28T18:07:25.954+0000] {dagbag.py:545} INFO - Filling up the DagBag from /home/airflow/.local/lib/python3.12/site-packages/airflow/example_dags/example_params_trigger_ui.py
[2024-05-28T18:07:26.030+0000] {processor.py:840} INFO - DAG(s) 'example_params_trigger_ui' retrieved from /home/airflow/.local/lib/python3.12/site-packages/airflow/example_dags/example_params_trigger_ui.py
[2024-05-28T18:07:26.808+0000] {logging_mixin.py:188} INFO - [2024-05-28T18:07:26.807+0000] {dag.py:3096} INFO - Sync 1 DAGs
[2024-05-28T18:07:26.881+0000] {logging_mixin.py:188} INFO - [2024-05-28T18:07:26.878+0000] {dag.py:3954} INFO - Setting next_dagrun for example_params_trigger_ui to None, run_after=None
[2024-05-28T18:07:26.984+0000] {processor.py:183} INFO - Processing /home/airflow/.local/lib/python3.12/site-packages/airflow/example_dags/example_params_trigger_ui.py took 1.072 seconds
[2024-05-28T18:07:58.402+0000] {processor.py:161} INFO - Started process (PID=138) to work on /home/airflow/.local/lib/python3.12/site-packages/airflow/example_dags/example_params_trigger_ui.py
[2024-05-28T18:07:58.414+0000] {processor.py:830} INFO - Processing file /home/airflow/.local/lib/python3.12/site-packages/airflow/example_dags/example_params_trigger_ui.py for tasks to queue
[2024-05-28T18:07:58.429+0000] {logging_mixin.py:188} INFO - [2024-05-28T18:07:58.420+0000] {dagbag.py:545} INFO - Filling up the DagBag from /home/airflow/.local/lib/python3.12/site-packages/airflow/example_dags/example_params_trigger_ui.py
[2024-05-28T18:07:58.561+0000] {processor.py:840} INFO - DAG(s) 'example_params_trigger_ui' retrieved from /home/airflow/.local/lib/python3.12/site-packages/airflow/example_dags/example_params_trigger_ui.py
[2024-05-28T18:07:58.804+0000] {logging_mixin.py:188} INFO - [2024-05-28T18:07:58.803+0000] {dag.py:3096} INFO - Sync 1 DAGs
[2024-05-28T18:07:58.857+0000] {logging_mixin.py:188} INFO - [2024-05-28T18:07:58.856+0000] {dag.py:3954} INFO - Setting next_dagrun for example_params_trigger_ui to None, run_after=None
[2024-05-28T18:07:58.990+0000] {processor.py:183} INFO - Processing /home/airflow/.local/lib/python3.12/site-packages/airflow/example_dags/example_params_trigger_ui.py took 0.617 seconds
[2024-05-28T18:08:29.428+0000] {processor.py:161} INFO - Started process (PID=196) to work on /home/airflow/.local/lib/python3.12/site-packages/airflow/example_dags/example_params_trigger_ui.py
[2024-05-28T18:08:29.431+0000] {processor.py:830} INFO - Processing file /home/airflow/.local/lib/python3.12/site-packages/airflow/example_dags/example_params_trigger_ui.py for tasks to queue
[2024-05-28T18:08:29.435+0000] {logging_mixin.py:188} INFO - [2024-05-28T18:08:29.434+0000] {dagbag.py:545} INFO - Filling up the DagBag from /home/airflow/.local/lib/python3.12/site-packages/airflow/example_dags/example_params_trigger_ui.py
[2024-05-28T18:08:29.494+0000] {processor.py:840} INFO - DAG(s) 'example_params_trigger_ui' retrieved from /home/airflow/.local/lib/python3.12/site-packages/airflow/example_dags/example_params_trigger_ui.py
[2024-05-28T18:08:29.655+0000] {logging_mixin.py:188} INFO - [2024-05-28T18:08:29.654+0000] {dag.py:3096} INFO - Sync 1 DAGs
[2024-05-28T18:08:29.700+0000] {logging_mixin.py:188} INFO - [2024-05-28T18:08:29.700+0000] {dag.py:3954} INFO - Setting next_dagrun for example_params_trigger_ui to None, run_after=None
[2024-05-28T18:08:29.743+0000] {processor.py:183} INFO - Processing /home/airflow/.local/lib/python3.12/site-packages/airflow/example_dags/example_params_trigger_ui.py took 0.332 seconds
[2024-05-28T18:08:59.902+0000] {processor.py:161} INFO - Started process (PID=254) to work on /home/airflow/.local/lib/python3.12/site-packages/airflow/example_dags/example_params_trigger_ui.py
[2024-05-28T18:08:59.906+0000] {processor.py:830} INFO - Processing file /home/airflow/.local/lib/python3.12/site-packages/airflow/example_dags/example_params_trigger_ui.py for tasks to queue
[2024-05-28T18:08:59.916+0000] {logging_mixin.py:188} INFO - [2024-05-28T18:08:59.915+0000] {dagbag.py:545} INFO - Filling up the DagBag from /home/airflow/.local/lib/python3.12/site-packages/airflow/example_dags/example_params_trigger_ui.py
[2024-05-28T18:09:00.022+0000] {processor.py:840} INFO - DAG(s) 'example_params_trigger_ui' retrieved from /home/airflow/.local/lib/python3.12/site-packages/airflow/example_dags/example_params_trigger_ui.py
[2024-05-28T18:09:00.162+0000] {logging_mixin.py:188} INFO - [2024-05-28T18:09:00.162+0000] {dag.py:3096} INFO - Sync 1 DAGs
[2024-05-28T18:09:00.193+0000] {logging_mixin.py:188} INFO - [2024-05-28T18:09:00.192+0000] {dag.py:3954} INFO - Setting next_dagrun for example_params_trigger_ui to None, run_after=None
[2024-05-28T18:09:00.238+0000] {processor.py:183} INFO - Processing /home/airflow/.local/lib/python3.12/site-packages/airflow/example_dags/example_params_trigger_ui.py took 0.369 seconds
[2024-05-28T18:09:30.985+0000] {processor.py:161} INFO - Started process (PID=312) to work on /home/airflow/.local/lib/python3.12/site-packages/airflow/example_dags/example_params_trigger_ui.py
[2024-05-28T18:09:30.987+0000] {processor.py:830} INFO - Processing file /home/airflow/.local/lib/python3.12/site-packages/airflow/example_dags/example_params_trigger_ui.py for tasks to queue
[2024-05-28T18:09:30.992+0000] {logging_mixin.py:188} INFO - [2024-05-28T18:09:30.992+0000] {dagbag.py:545} INFO - Filling up the DagBag from /home/airflow/.local/lib/python3.12/site-packages/airflow/example_dags/example_params_trigger_ui.py
[2024-05-28T18:09:31.030+0000] {processor.py:840} INFO - DAG(s) 'example_params_trigger_ui' retrieved from /home/airflow/.local/lib/python3.12/site-packages/airflow/example_dags/example_params_trigger_ui.py
[2024-05-28T18:09:31.155+0000] {logging_mixin.py:188} INFO - [2024-05-28T18:09:31.154+0000] {dag.py:3096} INFO - Sync 1 DAGs
[2024-05-28T18:09:31.195+0000] {logging_mixin.py:188} INFO - [2024-05-28T18:09:31.195+0000] {dag.py:3954} INFO - Setting next_dagrun for example_params_trigger_ui to None, run_after=None
[2024-05-28T18:09:31.264+0000] {processor.py:183} INFO - Processing /home/airflow/.local/lib/python3.12/site-packages/airflow/example_dags/example_params_trigger_ui.py took 0.315 seconds
[2024-05-28T18:10:01.396+0000] {processor.py:161} INFO - Started process (PID=370) to work on /home/airflow/.local/lib/python3.12/site-packages/airflow/example_dags/example_params_trigger_ui.py
[2024-05-28T18:10:01.399+0000] {processor.py:830} INFO - Processing file /home/airflow/.local/lib/python3.12/site-packages/airflow/example_dags/example_params_trigger_ui.py for tasks to queue
[2024-05-28T18:10:01.406+0000] {logging_mixin.py:188} INFO - [2024-05-28T18:10:01.405+0000] {dagbag.py:545} INFO - Filling up the DagBag from /home/airflow/.local/lib/python3.12/site-packages/airflow/example_dags/example_params_trigger_ui.py
[2024-05-28T18:10:01.473+0000] {processor.py:840} INFO - DAG(s) 'example_params_trigger_ui' retrieved from /home/airflow/.local/lib/python3.12/site-packages/airflow/example_dags/example_params_trigger_ui.py
[2024-05-28T18:10:01.602+0000] {logging_mixin.py:188} INFO - [2024-05-28T18:10:01.601+0000] {dag.py:3096} INFO - Sync 1 DAGs
[2024-05-28T18:10:01.634+0000] {logging_mixin.py:188} INFO - [2024-05-28T18:10:01.633+0000] {dag.py:3954} INFO - Setting next_dagrun for example_params_trigger_ui to None, run_after=None
[2024-05-28T18:10:01.698+0000] {processor.py:183} INFO - Processing /home/airflow/.local/lib/python3.12/site-packages/airflow/example_dags/example_params_trigger_ui.py took 0.329 seconds
[2024-05-28T18:10:32.512+0000] {processor.py:161} INFO - Started process (PID=428) to work on /home/airflow/.local/lib/python3.12/site-packages/airflow/example_dags/example_params_trigger_ui.py
[2024-05-28T18:10:32.515+0000] {processor.py:830} INFO - Processing file /home/airflow/.local/lib/python3.12/site-packages/airflow/example_dags/example_params_trigger_ui.py for tasks to queue
[2024-05-28T18:10:32.521+0000] {logging_mixin.py:188} INFO - [2024-05-28T18:10:32.520+0000] {dagbag.py:545} INFO - Filling up the DagBag from /home/airflow/.local/lib/python3.12/site-packages/airflow/example_dags/example_params_trigger_ui.py
[2024-05-28T18:10:32.556+0000] {processor.py:840} INFO - DAG(s) 'example_params_trigger_ui' retrieved from /home/airflow/.local/lib/python3.12/site-packages/airflow/example_dags/example_params_trigger_ui.py
[2024-05-28T18:10:32.698+0000] {logging_mixin.py:188} INFO - [2024-05-28T18:10:32.698+0000] {dag.py:3096} INFO - Sync 1 DAGs
[2024-05-28T18:10:32.737+0000] {logging_mixin.py:188} INFO - [2024-05-28T18:10:32.737+0000] {dag.py:3954} INFO - Setting next_dagrun for example_params_trigger_ui to None, run_after=None
[2024-05-28T18:10:32.802+0000] {processor.py:183} INFO - Processing /home/airflow/.local/lib/python3.12/site-packages/airflow/example_dags/example_params_trigger_ui.py took 0.307 seconds
[2024-05-28T18:11:03.633+0000] {processor.py:161} INFO - Started process (PID=486) to work on /home/airflow/.local/lib/python3.12/site-packages/airflow/example_dags/example_params_trigger_ui.py
[2024-05-28T18:11:03.636+0000] {processor.py:830} INFO - Processing file /home/airflow/.local/lib/python3.12/site-packages/airflow/example_dags/example_params_trigger_ui.py for tasks to queue
[2024-05-28T18:11:03.643+0000] {logging_mixin.py:188} INFO - [2024-05-28T18:11:03.642+0000] {dagbag.py:545} INFO - Filling up the DagBag from /home/airflow/.local/lib/python3.12/site-packages/airflow/example_dags/example_params_trigger_ui.py
[2024-05-28T18:11:03.691+0000] {processor.py:840} INFO - DAG(s) 'example_params_trigger_ui' retrieved from /home/airflow/.local/lib/python3.12/site-packages/airflow/example_dags/example_params_trigger_ui.py
[2024-05-28T18:11:03.827+0000] {logging_mixin.py:188} INFO - [2024-05-28T18:11:03.826+0000] {dag.py:3096} INFO - Sync 1 DAGs
[2024-05-28T18:11:03.866+0000] {logging_mixin.py:188} INFO - [2024-05-28T18:11:03.866+0000] {dag.py:3954} INFO - Setting next_dagrun for example_params_trigger_ui to None, run_after=None
[2024-05-28T18:11:03.963+0000] {processor.py:183} INFO - Processing /home/airflow/.local/lib/python3.12/site-packages/airflow/example_dags/example_params_trigger_ui.py took 0.359 seconds
[2024-05-28T18:11:38.095+0000] {processor.py:161} INFO - Started process (PID=542) to work on /home/airflow/.local/lib/python3.12/site-packages/airflow/example_dags/example_params_trigger_ui.py
[2024-05-28T18:11:38.100+0000] {processor.py:830} INFO - Processing file /home/airflow/.local/lib/python3.12/site-packages/airflow/example_dags/example_params_trigger_ui.py for tasks to queue
[2024-05-28T18:11:38.110+0000] {logging_mixin.py:188} INFO - [2024-05-28T18:11:38.109+0000] {dagbag.py:545} INFO - Filling up the DagBag from /home/airflow/.local/lib/python3.12/site-packages/airflow/example_dags/example_params_trigger_ui.py
[2024-05-28T18:11:38.214+0000] {processor.py:840} INFO - DAG(s) 'example_params_trigger_ui' retrieved from /home/airflow/.local/lib/python3.12/site-packages/airflow/example_dags/example_params_trigger_ui.py
[2024-05-28T18:11:38.651+0000] {logging_mixin.py:188} INFO - [2024-05-28T18:11:38.648+0000] {dag.py:3096} INFO - Sync 1 DAGs
[2024-05-28T18:11:38.756+0000] {logging_mixin.py:188} INFO - [2024-05-28T18:11:38.755+0000] {dag.py:3954} INFO - Setting next_dagrun for example_params_trigger_ui to None, run_after=None
[2024-05-28T18:11:38.875+0000] {processor.py:183} INFO - Processing /home/airflow/.local/lib/python3.12/site-packages/airflow/example_dags/example_params_trigger_ui.py took 0.815 seconds
[2024-05-28T18:12:09.632+0000] {processor.py:161} INFO - Started process (PID=600) to work on /home/airflow/.local/lib/python3.12/site-packages/airflow/example_dags/example_params_trigger_ui.py
[2024-05-28T18:12:09.635+0000] {processor.py:830} INFO - Processing file /home/airflow/.local/lib/python3.12/site-packages/airflow/example_dags/example_params_trigger_ui.py for tasks to queue
[2024-05-28T18:12:09.643+0000] {logging_mixin.py:188} INFO - [2024-05-28T18:12:09.641+0000] {dagbag.py:545} INFO - Filling up the DagBag from /home/airflow/.local/lib/python3.12/site-packages/airflow/example_dags/example_params_trigger_ui.py
[2024-05-28T18:12:09.697+0000] {processor.py:840} INFO - DAG(s) 'example_params_trigger_ui' retrieved from /home/airflow/.local/lib/python3.12/site-packages/airflow/example_dags/example_params_trigger_ui.py
[2024-05-28T18:12:09.876+0000] {logging_mixin.py:188} INFO - [2024-05-28T18:12:09.876+0000] {dag.py:3096} INFO - Sync 1 DAGs
[2024-05-28T18:12:09.948+0000] {logging_mixin.py:188} INFO - [2024-05-28T18:12:09.947+0000] {dag.py:3954} INFO - Setting next_dagrun for example_params_trigger_ui to None, run_after=None
[2024-05-28T18:12:10.048+0000] {processor.py:183} INFO - Processing /home/airflow/.local/lib/python3.12/site-packages/airflow/example_dags/example_params_trigger_ui.py took 0.449 seconds
[2024-05-28T18:12:40.240+0000] {processor.py:161} INFO - Started process (PID=658) to work on /home/airflow/.local/lib/python3.12/site-packages/airflow/example_dags/example_params_trigger_ui.py
[2024-05-28T18:12:40.243+0000] {processor.py:830} INFO - Processing file /home/airflow/.local/lib/python3.12/site-packages/airflow/example_dags/example_params_trigger_ui.py for tasks to queue
[2024-05-28T18:12:40.250+0000] {logging_mixin.py:188} INFO - [2024-05-28T18:12:40.248+0000] {dagbag.py:545} INFO - Filling up the DagBag from /home/airflow/.local/lib/python3.12/site-packages/airflow/example_dags/example_params_trigger_ui.py
[2024-05-28T18:12:40.310+0000] {processor.py:840} INFO - DAG(s) 'example_params_trigger_ui' retrieved from /home/airflow/.local/lib/python3.12/site-packages/airflow/example_dags/example_params_trigger_ui.py
[2024-05-28T18:12:40.493+0000] {logging_mixin.py:188} INFO - [2024-05-28T18:12:40.492+0000] {dag.py:3096} INFO - Sync 1 DAGs
[2024-05-28T18:12:40.544+0000] {logging_mixin.py:188} INFO - [2024-05-28T18:12:40.543+0000] {dag.py:3954} INFO - Setting next_dagrun for example_params_trigger_ui to None, run_after=None
[2024-05-28T18:12:40.614+0000] {processor.py:183} INFO - Processing /home/airflow/.local/lib/python3.12/site-packages/airflow/example_dags/example_params_trigger_ui.py took 0.398 seconds
[2024-05-28T18:13:11.195+0000] {processor.py:161} INFO - Started process (PID=716) to work on /home/airflow/.local/lib/python3.12/site-packages/airflow/example_dags/example_params_trigger_ui.py
[2024-05-28T18:13:11.197+0000] {processor.py:830} INFO - Processing file /home/airflow/.local/lib/python3.12/site-packages/airflow/example_dags/example_params_trigger_ui.py for tasks to queue
[2024-05-28T18:13:11.201+0000] {logging_mixin.py:188} INFO - [2024-05-28T18:13:11.200+0000] {dagbag.py:545} INFO - Filling up the DagBag from /home/airflow/.local/lib/python3.12/site-packages/airflow/example_dags/example_params_trigger_ui.py
[2024-05-28T18:13:11.242+0000] {processor.py:840} INFO - DAG(s) 'example_params_trigger_ui' retrieved from /home/airflow/.local/lib/python3.12/site-packages/airflow/example_dags/example_params_trigger_ui.py
[2024-05-28T18:13:11.375+0000] {logging_mixin.py:188} INFO - [2024-05-28T18:13:11.375+0000] {dag.py:3096} INFO - Sync 1 DAGs
[2024-05-28T18:13:11.417+0000] {logging_mixin.py:188} INFO - [2024-05-28T18:13:11.416+0000] {dag.py:3954} INFO - Setting next_dagrun for example_params_trigger_ui to None, run_after=None
[2024-05-28T18:13:11.481+0000] {processor.py:183} INFO - Processing /home/airflow/.local/lib/python3.12/site-packages/airflow/example_dags/example_params_trigger_ui.py took 0.301 seconds
[2024-05-28T18:13:43.298+0000] {processor.py:161} INFO - Started process (PID=775) to work on /home/airflow/.local/lib/python3.12/site-packages/airflow/example_dags/example_params_trigger_ui.py
[2024-05-28T18:13:43.308+0000] {processor.py:830} INFO - Processing file /home/airflow/.local/lib/python3.12/site-packages/airflow/example_dags/example_params_trigger_ui.py for tasks to queue
[2024-05-28T18:13:43.323+0000] {logging_mixin.py:188} INFO - [2024-05-28T18:13:43.321+0000] {dagbag.py:545} INFO - Filling up the DagBag from /home/airflow/.local/lib/python3.12/site-packages/airflow/example_dags/example_params_trigger_ui.py
[2024-05-28T18:13:43.444+0000] {processor.py:840} INFO - DAG(s) 'example_params_trigger_ui' retrieved from /home/airflow/.local/lib/python3.12/site-packages/airflow/example_dags/example_params_trigger_ui.py
[2024-05-28T18:13:43.886+0000] {logging_mixin.py:188} INFO - [2024-05-28T18:13:43.886+0000] {dag.py:3096} INFO - Sync 1 DAGs
[2024-05-28T18:13:43.968+0000] {logging_mixin.py:188} INFO - [2024-05-28T18:13:43.968+0000] {dag.py:3954} INFO - Setting next_dagrun for example_params_trigger_ui to None, run_after=None
[2024-05-28T18:13:44.027+0000] {processor.py:183} INFO - Processing /home/airflow/.local/lib/python3.12/site-packages/airflow/example_dags/example_params_trigger_ui.py took 0.772 seconds
[2024-05-28T18:14:15.215+0000] {processor.py:161} INFO - Started process (PID=833) to work on /home/airflow/.local/lib/python3.12/site-packages/airflow/example_dags/example_params_trigger_ui.py
[2024-05-28T18:14:15.217+0000] {processor.py:830} INFO - Processing file /home/airflow/.local/lib/python3.12/site-packages/airflow/example_dags/example_params_trigger_ui.py for tasks to queue
[2024-05-28T18:14:15.222+0000] {logging_mixin.py:188} INFO - [2024-05-28T18:14:15.221+0000] {dagbag.py:545} INFO - Filling up the DagBag from /home/airflow/.local/lib/python3.12/site-packages/airflow/example_dags/example_params_trigger_ui.py
[2024-05-28T18:14:15.302+0000] {processor.py:840} INFO - DAG(s) 'example_params_trigger_ui' retrieved from /home/airflow/.local/lib/python3.12/site-packages/airflow/example_dags/example_params_trigger_ui.py
[2024-05-28T18:14:15.604+0000] {logging_mixin.py:188} INFO - [2024-05-28T18:14:15.603+0000] {dag.py:3096} INFO - Sync 1 DAGs
[2024-05-28T18:14:15.658+0000] {logging_mixin.py:188} INFO - [2024-05-28T18:14:15.658+0000] {dag.py:3954} INFO - Setting next_dagrun for example_params_trigger_ui to None, run_after=None
[2024-05-28T18:14:15.760+0000] {processor.py:183} INFO - Processing /home/airflow/.local/lib/python3.12/site-packages/airflow/example_dags/example_params_trigger_ui.py took 0.574 seconds
[2024-05-28T18:14:47.656+0000] {processor.py:161} INFO - Started process (PID=891) to work on /home/airflow/.local/lib/python3.12/site-packages/airflow/example_dags/example_params_trigger_ui.py
[2024-05-28T18:14:47.659+0000] {processor.py:830} INFO - Processing file /home/airflow/.local/lib/python3.12/site-packages/airflow/example_dags/example_params_trigger_ui.py for tasks to queue
[2024-05-28T18:14:47.665+0000] {logging_mixin.py:188} INFO - [2024-05-28T18:14:47.664+0000] {dagbag.py:545} INFO - Filling up the DagBag from /home/airflow/.local/lib/python3.12/site-packages/airflow/example_dags/example_params_trigger_ui.py
[2024-05-28T18:14:47.703+0000] {processor.py:840} INFO - DAG(s) 'example_params_trigger_ui' retrieved from /home/airflow/.local/lib/python3.12/site-packages/airflow/example_dags/example_params_trigger_ui.py
[2024-05-28T18:14:47.863+0000] {logging_mixin.py:188} INFO - [2024-05-28T18:14:47.862+0000] {dag.py:3096} INFO - Sync 1 DAGs
[2024-05-28T18:14:47.918+0000] {logging_mixin.py:188} INFO - [2024-05-28T18:14:47.917+0000] {dag.py:3954} INFO - Setting next_dagrun for example_params_trigger_ui to None, run_after=None
[2024-05-28T18:14:47.993+0000] {processor.py:183} INFO - Processing /home/airflow/.local/lib/python3.12/site-packages/airflow/example_dags/example_params_trigger_ui.py took 0.353 seconds
[2024-05-28T18:15:22.480+0000] {processor.py:161} INFO - Started process (PID=954) to work on /home/airflow/.local/lib/python3.12/site-packages/airflow/example_dags/example_params_trigger_ui.py
[2024-05-28T18:15:22.501+0000] {processor.py:830} INFO - Processing file /home/airflow/.local/lib/python3.12/site-packages/airflow/example_dags/example_params_trigger_ui.py for tasks to queue
[2024-05-28T18:15:22.541+0000] {logging_mixin.py:188} INFO - [2024-05-28T18:15:22.528+0000] {dagbag.py:545} INFO - Filling up the DagBag from /home/airflow/.local/lib/python3.12/site-packages/airflow/example_dags/example_params_trigger_ui.py
[2024-05-28T18:15:22.813+0000] {processor.py:840} INFO - DAG(s) 'example_params_trigger_ui' retrieved from /home/airflow/.local/lib/python3.12/site-packages/airflow/example_dags/example_params_trigger_ui.py
[2024-05-28T18:15:23.337+0000] {logging_mixin.py:188} INFO - [2024-05-28T18:15:23.336+0000] {dag.py:3096} INFO - Sync 1 DAGs
[2024-05-28T18:15:23.388+0000] {logging_mixin.py:188} INFO - [2024-05-28T18:15:23.387+0000] {dag.py:3954} INFO - Setting next_dagrun for example_params_trigger_ui to None, run_after=None
[2024-05-28T18:15:23.571+0000] {processor.py:183} INFO - Processing /home/airflow/.local/lib/python3.12/site-packages/airflow/example_dags/example_params_trigger_ui.py took 1.237 seconds
[2024-05-28T18:15:54.164+0000] {processor.py:161} INFO - Started process (PID=1012) to work on /home/airflow/.local/lib/python3.12/site-packages/airflow/example_dags/example_params_trigger_ui.py
[2024-05-28T18:15:54.181+0000] {processor.py:830} INFO - Processing file /home/airflow/.local/lib/python3.12/site-packages/airflow/example_dags/example_params_trigger_ui.py for tasks to queue
[2024-05-28T18:15:54.191+0000] {logging_mixin.py:188} INFO - [2024-05-28T18:15:54.189+0000] {dagbag.py:545} INFO - Filling up the DagBag from /home/airflow/.local/lib/python3.12/site-packages/airflow/example_dags/example_params_trigger_ui.py
[2024-05-28T18:15:54.357+0000] {processor.py:840} INFO - DAG(s) 'example_params_trigger_ui' retrieved from /home/airflow/.local/lib/python3.12/site-packages/airflow/example_dags/example_params_trigger_ui.py
[2024-05-28T18:15:54.771+0000] {logging_mixin.py:188} INFO - [2024-05-28T18:15:54.771+0000] {dag.py:3096} INFO - Sync 1 DAGs
[2024-05-28T18:15:54.814+0000] {logging_mixin.py:188} INFO - [2024-05-28T18:15:54.813+0000] {dag.py:3954} INFO - Setting next_dagrun for example_params_trigger_ui to None, run_after=None
[2024-05-28T18:15:54.865+0000] {processor.py:183} INFO - Processing /home/airflow/.local/lib/python3.12/site-packages/airflow/example_dags/example_params_trigger_ui.py took 0.775 seconds
[2024-05-28T18:16:29.825+0000] {processor.py:161} INFO - Started process (PID=1071) to work on /home/airflow/.local/lib/python3.12/site-packages/airflow/example_dags/example_params_trigger_ui.py
[2024-05-28T18:16:29.832+0000] {processor.py:830} INFO - Processing file /home/airflow/.local/lib/python3.12/site-packages/airflow/example_dags/example_params_trigger_ui.py for tasks to queue
[2024-05-28T18:16:29.851+0000] {logging_mixin.py:188} INFO - [2024-05-28T18:16:29.850+0000] {dagbag.py:545} INFO - Filling up the DagBag from /home/airflow/.local/lib/python3.12/site-packages/airflow/example_dags/example_params_trigger_ui.py
[2024-05-28T18:16:30.001+0000] {processor.py:840} INFO - DAG(s) 'example_params_trigger_ui' retrieved from /home/airflow/.local/lib/python3.12/site-packages/airflow/example_dags/example_params_trigger_ui.py
[2024-05-28T18:16:30.616+0000] {logging_mixin.py:188} INFO - [2024-05-28T18:16:30.615+0000] {dag.py:3096} INFO - Sync 1 DAGs
[2024-05-28T18:16:30.784+0000] {logging_mixin.py:188} INFO - [2024-05-28T18:16:30.783+0000] {dag.py:3954} INFO - Setting next_dagrun for example_params_trigger_ui to None, run_after=None
[2024-05-28T18:16:31.034+0000] {processor.py:183} INFO - Processing /home/airflow/.local/lib/python3.12/site-packages/airflow/example_dags/example_params_trigger_ui.py took 1.243 seconds
[2024-05-28T18:17:03.470+0000] {processor.py:161} INFO - Started process (PID=1128) to work on /home/airflow/.local/lib/python3.12/site-packages/airflow/example_dags/example_params_trigger_ui.py
[2024-05-28T18:17:03.474+0000] {processor.py:830} INFO - Processing file /home/airflow/.local/lib/python3.12/site-packages/airflow/example_dags/example_params_trigger_ui.py for tasks to queue
[2024-05-28T18:17:03.481+0000] {logging_mixin.py:188} INFO - [2024-05-28T18:17:03.480+0000] {dagbag.py:545} INFO - Filling up the DagBag from /home/airflow/.local/lib/python3.12/site-packages/airflow/example_dags/example_params_trigger_ui.py
[2024-05-28T18:17:03.609+0000] {processor.py:840} INFO - DAG(s) 'example_params_trigger_ui' retrieved from /home/airflow/.local/lib/python3.12/site-packages/airflow/example_dags/example_params_trigger_ui.py
[2024-05-28T18:17:04.052+0000] {logging_mixin.py:188} INFO - [2024-05-28T18:17:04.050+0000] {dag.py:3096} INFO - Sync 1 DAGs
[2024-05-28T18:17:04.180+0000] {logging_mixin.py:188} INFO - [2024-05-28T18:17:04.179+0000] {dag.py:3954} INFO - Setting next_dagrun for example_params_trigger_ui to None, run_after=None
[2024-05-28T18:17:04.271+0000] {processor.py:183} INFO - Processing /home/airflow/.local/lib/python3.12/site-packages/airflow/example_dags/example_params_trigger_ui.py took 0.871 seconds
[2024-05-28T18:17:34.412+0000] {processor.py:161} INFO - Started process (PID=1186) to work on /home/airflow/.local/lib/python3.12/site-packages/airflow/example_dags/example_params_trigger_ui.py
[2024-05-28T18:17:34.415+0000] {processor.py:830} INFO - Processing file /home/airflow/.local/lib/python3.12/site-packages/airflow/example_dags/example_params_trigger_ui.py for tasks to queue
[2024-05-28T18:17:34.420+0000] {logging_mixin.py:188} INFO - [2024-05-28T18:17:34.419+0000] {dagbag.py:545} INFO - Filling up the DagBag from /home/airflow/.local/lib/python3.12/site-packages/airflow/example_dags/example_params_trigger_ui.py
[2024-05-28T18:17:34.478+0000] {processor.py:840} INFO - DAG(s) 'example_params_trigger_ui' retrieved from /home/airflow/.local/lib/python3.12/site-packages/airflow/example_dags/example_params_trigger_ui.py
[2024-05-28T18:17:34.676+0000] {logging_mixin.py:188} INFO - [2024-05-28T18:17:34.675+0000] {dag.py:3096} INFO - Sync 1 DAGs
[2024-05-28T18:17:34.720+0000] {logging_mixin.py:188} INFO - [2024-05-28T18:17:34.719+0000] {dag.py:3954} INFO - Setting next_dagrun for example_params_trigger_ui to None, run_after=None
[2024-05-28T18:17:34.783+0000] {processor.py:183} INFO - Processing /home/airflow/.local/lib/python3.12/site-packages/airflow/example_dags/example_params_trigger_ui.py took 0.393 seconds
[2024-05-28T18:18:04.858+0000] {processor.py:161} INFO - Started process (PID=1243) to work on /home/airflow/.local/lib/python3.12/site-packages/airflow/example_dags/example_params_trigger_ui.py
[2024-05-28T18:18:04.860+0000] {processor.py:830} INFO - Processing file /home/airflow/.local/lib/python3.12/site-packages/airflow/example_dags/example_params_trigger_ui.py for tasks to queue
[2024-05-28T18:18:04.865+0000] {logging_mixin.py:188} INFO - [2024-05-28T18:18:04.864+0000] {dagbag.py:545} INFO - Filling up the DagBag from /home/airflow/.local/lib/python3.12/site-packages/airflow/example_dags/example_params_trigger_ui.py
[2024-05-28T18:18:04.910+0000] {processor.py:840} INFO - DAG(s) 'example_params_trigger_ui' retrieved from /home/airflow/.local/lib/python3.12/site-packages/airflow/example_dags/example_params_trigger_ui.py
[2024-05-28T18:18:05.059+0000] {logging_mixin.py:188} INFO - [2024-05-28T18:18:05.058+0000] {dag.py:3096} INFO - Sync 1 DAGs
[2024-05-28T18:18:05.091+0000] {logging_mixin.py:188} INFO - [2024-05-28T18:18:05.090+0000] {dag.py:3954} INFO - Setting next_dagrun for example_params_trigger_ui to None, run_after=None
[2024-05-28T18:18:05.142+0000] {processor.py:183} INFO - Processing /home/airflow/.local/lib/python3.12/site-packages/airflow/example_dags/example_params_trigger_ui.py took 0.297 seconds
[2024-05-28T18:18:35.243+0000] {processor.py:161} INFO - Started process (PID=1301) to work on /home/airflow/.local/lib/python3.12/site-packages/airflow/example_dags/example_params_trigger_ui.py
[2024-05-28T18:18:35.246+0000] {processor.py:830} INFO - Processing file /home/airflow/.local/lib/python3.12/site-packages/airflow/example_dags/example_params_trigger_ui.py for tasks to queue
[2024-05-28T18:18:35.250+0000] {logging_mixin.py:188} INFO - [2024-05-28T18:18:35.250+0000] {dagbag.py:545} INFO - Filling up the DagBag from /home/airflow/.local/lib/python3.12/site-packages/airflow/example_dags/example_params_trigger_ui.py
[2024-05-28T18:18:35.305+0000] {processor.py:840} INFO - DAG(s) 'example_params_trigger_ui' retrieved from /home/airflow/.local/lib/python3.12/site-packages/airflow/example_dags/example_params_trigger_ui.py
[2024-05-28T18:18:35.602+0000] {logging_mixin.py:188} INFO - [2024-05-28T18:18:35.600+0000] {dag.py:3096} INFO - Sync 1 DAGs
[2024-05-28T18:18:35.678+0000] {logging_mixin.py:188} INFO - [2024-05-28T18:18:35.677+0000] {dag.py:3954} INFO - Setting next_dagrun for example_params_trigger_ui to None, run_after=None
[2024-05-28T18:18:35.783+0000] {processor.py:183} INFO - Processing /home/airflow/.local/lib/python3.12/site-packages/airflow/example_dags/example_params_trigger_ui.py took 0.558 seconds
[2024-05-28T18:19:06.352+0000] {processor.py:161} INFO - Started process (PID=1359) to work on /home/airflow/.local/lib/python3.12/site-packages/airflow/example_dags/example_params_trigger_ui.py
[2024-05-28T18:19:06.354+0000] {processor.py:830} INFO - Processing file /home/airflow/.local/lib/python3.12/site-packages/airflow/example_dags/example_params_trigger_ui.py for tasks to queue
[2024-05-28T18:19:06.360+0000] {logging_mixin.py:188} INFO - [2024-05-28T18:19:06.359+0000] {dagbag.py:545} INFO - Filling up the DagBag from /home/airflow/.local/lib/python3.12/site-packages/airflow/example_dags/example_params_trigger_ui.py
[2024-05-28T18:19:06.408+0000] {processor.py:840} INFO - DAG(s) 'example_params_trigger_ui' retrieved from /home/airflow/.local/lib/python3.12/site-packages/airflow/example_dags/example_params_trigger_ui.py
[2024-05-28T18:19:06.571+0000] {logging_mixin.py:188} INFO - [2024-05-28T18:19:06.570+0000] {dag.py:3096} INFO - Sync 1 DAGs
[2024-05-28T18:19:06.610+0000] {logging_mixin.py:188} INFO - [2024-05-28T18:19:06.609+0000] {dag.py:3954} INFO - Setting next_dagrun for example_params_trigger_ui to None, run_after=None
[2024-05-28T18:19:06.671+0000] {processor.py:183} INFO - Processing /home/airflow/.local/lib/python3.12/site-packages/airflow/example_dags/example_params_trigger_ui.py took 0.337 seconds
[2024-05-28T18:19:37.031+0000] {processor.py:161} INFO - Started process (PID=1417) to work on /home/airflow/.local/lib/python3.12/site-packages/airflow/example_dags/example_params_trigger_ui.py
[2024-05-28T18:19:37.034+0000] {processor.py:830} INFO - Processing file /home/airflow/.local/lib/python3.12/site-packages/airflow/example_dags/example_params_trigger_ui.py for tasks to queue
[2024-05-28T18:19:37.051+0000] {logging_mixin.py:188} INFO - [2024-05-28T18:19:37.043+0000] {dagbag.py:545} INFO - Filling up the DagBag from /home/airflow/.local/lib/python3.12/site-packages/airflow/example_dags/example_params_trigger_ui.py
[2024-05-28T18:19:37.173+0000] {processor.py:840} INFO - DAG(s) 'example_params_trigger_ui' retrieved from /home/airflow/.local/lib/python3.12/site-packages/airflow/example_dags/example_params_trigger_ui.py
[2024-05-28T18:19:37.718+0000] {logging_mixin.py:188} INFO - [2024-05-28T18:19:37.716+0000] {dag.py:3096} INFO - Sync 1 DAGs
[2024-05-28T18:19:37.847+0000] {logging_mixin.py:188} INFO - [2024-05-28T18:19:37.846+0000] {dag.py:3954} INFO - Setting next_dagrun for example_params_trigger_ui to None, run_after=None
[2024-05-28T18:19:38.039+0000] {processor.py:183} INFO - Processing /home/airflow/.local/lib/python3.12/site-packages/airflow/example_dags/example_params_trigger_ui.py took 1.064 seconds
[2024-05-28T18:20:08.381+0000] {processor.py:161} INFO - Started process (PID=1473) to work on /home/airflow/.local/lib/python3.12/site-packages/airflow/example_dags/example_params_trigger_ui.py
[2024-05-28T18:20:08.391+0000] {processor.py:830} INFO - Processing file /home/airflow/.local/lib/python3.12/site-packages/airflow/example_dags/example_params_trigger_ui.py for tasks to queue
[2024-05-28T18:20:08.405+0000] {logging_mixin.py:188} INFO - [2024-05-28T18:20:08.404+0000] {dagbag.py:545} INFO - Filling up the DagBag from /home/airflow/.local/lib/python3.12/site-packages/airflow/example_dags/example_params_trigger_ui.py
[2024-05-28T18:20:08.546+0000] {processor.py:840} INFO - DAG(s) 'example_params_trigger_ui' retrieved from /home/airflow/.local/lib/python3.12/site-packages/airflow/example_dags/example_params_trigger_ui.py
[2024-05-28T18:20:09.003+0000] {logging_mixin.py:188} INFO - [2024-05-28T18:20:08.996+0000] {dag.py:3096} INFO - Sync 1 DAGs
[2024-05-28T18:20:09.125+0000] {logging_mixin.py:188} INFO - [2024-05-28T18:20:09.125+0000] {dag.py:3954} INFO - Setting next_dagrun for example_params_trigger_ui to None, run_after=None
[2024-05-28T18:20:09.237+0000] {processor.py:183} INFO - Processing /home/airflow/.local/lib/python3.12/site-packages/airflow/example_dags/example_params_trigger_ui.py took 0.889 seconds
[2024-05-28T18:20:39.972+0000] {processor.py:161} INFO - Started process (PID=1531) to work on /home/airflow/.local/lib/python3.12/site-packages/airflow/example_dags/example_params_trigger_ui.py
[2024-05-28T18:20:39.983+0000] {processor.py:830} INFO - Processing file /home/airflow/.local/lib/python3.12/site-packages/airflow/example_dags/example_params_trigger_ui.py for tasks to queue
[2024-05-28T18:20:40.001+0000] {logging_mixin.py:188} INFO - [2024-05-28T18:20:40.000+0000] {dagbag.py:545} INFO - Filling up the DagBag from /home/airflow/.local/lib/python3.12/site-packages/airflow/example_dags/example_params_trigger_ui.py
[2024-05-28T18:20:40.149+0000] {processor.py:840} INFO - DAG(s) 'example_params_trigger_ui' retrieved from /home/airflow/.local/lib/python3.12/site-packages/airflow/example_dags/example_params_trigger_ui.py
[2024-05-28T18:20:40.582+0000] {logging_mixin.py:188} INFO - [2024-05-28T18:20:40.581+0000] {dag.py:3096} INFO - Sync 1 DAGs
[2024-05-28T18:20:40.692+0000] {logging_mixin.py:188} INFO - [2024-05-28T18:20:40.692+0000] {dag.py:3954} INFO - Setting next_dagrun for example_params_trigger_ui to None, run_after=None
[2024-05-28T18:20:40.882+0000] {processor.py:183} INFO - Processing /home/airflow/.local/lib/python3.12/site-packages/airflow/example_dags/example_params_trigger_ui.py took 0.968 seconds
[2024-05-28T18:21:11.329+0000] {processor.py:161} INFO - Started process (PID=1589) to work on /home/airflow/.local/lib/python3.12/site-packages/airflow/example_dags/example_params_trigger_ui.py
[2024-05-28T18:21:11.331+0000] {processor.py:830} INFO - Processing file /home/airflow/.local/lib/python3.12/site-packages/airflow/example_dags/example_params_trigger_ui.py for tasks to queue
[2024-05-28T18:21:11.337+0000] {logging_mixin.py:188} INFO - [2024-05-28T18:21:11.336+0000] {dagbag.py:545} INFO - Filling up the DagBag from /home/airflow/.local/lib/python3.12/site-packages/airflow/example_dags/example_params_trigger_ui.py
[2024-05-28T18:21:11.371+0000] {processor.py:840} INFO - DAG(s) 'example_params_trigger_ui' retrieved from /home/airflow/.local/lib/python3.12/site-packages/airflow/example_dags/example_params_trigger_ui.py
[2024-05-28T18:21:11.526+0000] {logging_mixin.py:188} INFO - [2024-05-28T18:21:11.525+0000] {dag.py:3096} INFO - Sync 1 DAGs
[2024-05-28T18:21:11.585+0000] {logging_mixin.py:188} INFO - [2024-05-28T18:21:11.585+0000] {dag.py:3954} INFO - Setting next_dagrun for example_params_trigger_ui to None, run_after=None
[2024-05-28T18:21:11.654+0000] {processor.py:183} INFO - Processing /home/airflow/.local/lib/python3.12/site-packages/airflow/example_dags/example_params_trigger_ui.py took 0.344 seconds
[2024-05-28T18:21:42.663+0000] {processor.py:161} INFO - Started process (PID=1647) to work on /home/airflow/.local/lib/python3.12/site-packages/airflow/example_dags/example_params_trigger_ui.py
[2024-05-28T18:21:42.734+0000] {processor.py:830} INFO - Processing file /home/airflow/.local/lib/python3.12/site-packages/airflow/example_dags/example_params_trigger_ui.py for tasks to queue
[2024-05-28T18:21:42.774+0000] {logging_mixin.py:188} INFO - [2024-05-28T18:21:42.773+0000] {dagbag.py:545} INFO - Filling up the DagBag from /home/airflow/.local/lib/python3.12/site-packages/airflow/example_dags/example_params_trigger_ui.py
[2024-05-28T18:21:42.972+0000] {processor.py:840} INFO - DAG(s) 'example_params_trigger_ui' retrieved from /home/airflow/.local/lib/python3.12/site-packages/airflow/example_dags/example_params_trigger_ui.py
[2024-05-28T18:21:43.702+0000] {logging_mixin.py:188} INFO - [2024-05-28T18:21:43.699+0000] {dag.py:3096} INFO - Sync 1 DAGs
[2024-05-28T18:21:43.838+0000] {logging_mixin.py:188} INFO - [2024-05-28T18:21:43.836+0000] {dag.py:3954} INFO - Setting next_dagrun for example_params_trigger_ui to None, run_after=None
[2024-05-28T18:21:44.040+0000] {processor.py:183} INFO - Processing /home/airflow/.local/lib/python3.12/site-packages/airflow/example_dags/example_params_trigger_ui.py took 1.468 seconds
