[2024-05-28T18:07:29.579+0000] {processor.py:161} INFO - Started process (PID=86) to work on /home/airflow/.local/lib/python3.12/site-packages/airflow/example_dags/example_branch_labels.py
[2024-05-28T18:07:29.581+0000] {processor.py:830} INFO - Processing file /home/airflow/.local/lib/python3.12/site-packages/airflow/example_dags/example_branch_labels.py for tasks to queue
[2024-05-28T18:07:29.587+0000] {logging_mixin.py:188} INFO - [2024-05-28T18:07:29.586+0000] {dagbag.py:545} INFO - Filling up the DagBag from /home/airflow/.local/lib/python3.12/site-packages/airflow/example_dags/example_branch_labels.py
[2024-05-28T18:07:29.635+0000] {processor.py:840} INFO - DAG(s) 'example_branch_labels' retrieved from /home/airflow/.local/lib/python3.12/site-packages/airflow/example_dags/example_branch_labels.py
[2024-05-28T18:07:30.773+0000] {logging_mixin.py:188} INFO - [2024-05-28T18:07:30.772+0000] {dag.py:3096} INFO - Sync 1 DAGs
[2024-05-28T18:07:30.982+0000] {logging_mixin.py:188} INFO - [2024-05-28T18:07:30.979+0000] {dag.py:3954} INFO - Setting next_dagrun for example_branch_labels to 2024-05-27 00:00:00+00:00, run_after=2024-05-28 00:00:00+00:00
[2024-05-28T18:07:31.142+0000] {processor.py:183} INFO - Processing /home/airflow/.local/lib/python3.12/site-packages/airflow/example_dags/example_branch_labels.py took 1.581 seconds
[2024-05-28T18:08:01.576+0000] {processor.py:161} INFO - Started process (PID=144) to work on /home/airflow/.local/lib/python3.12/site-packages/airflow/example_dags/example_branch_labels.py
[2024-05-28T18:08:01.581+0000] {processor.py:830} INFO - Processing file /home/airflow/.local/lib/python3.12/site-packages/airflow/example_dags/example_branch_labels.py for tasks to queue
[2024-05-28T18:08:01.587+0000] {logging_mixin.py:188} INFO - [2024-05-28T18:08:01.586+0000] {dagbag.py:545} INFO - Filling up the DagBag from /home/airflow/.local/lib/python3.12/site-packages/airflow/example_dags/example_branch_labels.py
[2024-05-28T18:08:01.646+0000] {processor.py:840} INFO - DAG(s) 'example_branch_labels' retrieved from /home/airflow/.local/lib/python3.12/site-packages/airflow/example_dags/example_branch_labels.py
[2024-05-28T18:08:01.796+0000] {logging_mixin.py:188} INFO - [2024-05-28T18:08:01.789+0000] {dag.py:3096} INFO - Sync 1 DAGs
[2024-05-28T18:08:02.046+0000] {logging_mixin.py:188} INFO - [2024-05-28T18:08:02.045+0000] {dag.py:3954} INFO - Setting next_dagrun for example_branch_labels to 2024-05-27 00:00:00+00:00, run_after=2024-05-28 00:00:00+00:00
[2024-05-28T18:08:02.223+0000] {processor.py:183} INFO - Processing /home/airflow/.local/lib/python3.12/site-packages/airflow/example_dags/example_branch_labels.py took 0.678 seconds
[2024-05-28T18:08:32.411+0000] {processor.py:161} INFO - Started process (PID=202) to work on /home/airflow/.local/lib/python3.12/site-packages/airflow/example_dags/example_branch_labels.py
[2024-05-28T18:08:32.414+0000] {processor.py:830} INFO - Processing file /home/airflow/.local/lib/python3.12/site-packages/airflow/example_dags/example_branch_labels.py for tasks to queue
[2024-05-28T18:08:32.419+0000] {logging_mixin.py:188} INFO - [2024-05-28T18:08:32.419+0000] {dagbag.py:545} INFO - Filling up the DagBag from /home/airflow/.local/lib/python3.12/site-packages/airflow/example_dags/example_branch_labels.py
[2024-05-28T18:08:32.469+0000] {processor.py:840} INFO - DAG(s) 'example_branch_labels' retrieved from /home/airflow/.local/lib/python3.12/site-packages/airflow/example_dags/example_branch_labels.py
[2024-05-28T18:08:32.553+0000] {logging_mixin.py:188} INFO - [2024-05-28T18:08:32.552+0000] {dag.py:3096} INFO - Sync 1 DAGs
[2024-05-28T18:08:32.618+0000] {logging_mixin.py:188} INFO - [2024-05-28T18:08:32.618+0000] {dag.py:3954} INFO - Setting next_dagrun for example_branch_labels to 2024-05-27 00:00:00+00:00, run_after=2024-05-28 00:00:00+00:00
[2024-05-28T18:08:32.671+0000] {processor.py:183} INFO - Processing /home/airflow/.local/lib/python3.12/site-packages/airflow/example_dags/example_branch_labels.py took 0.276 seconds
[2024-05-28T18:09:03.192+0000] {processor.py:161} INFO - Started process (PID=260) to work on /home/airflow/.local/lib/python3.12/site-packages/airflow/example_dags/example_branch_labels.py
[2024-05-28T18:09:03.194+0000] {processor.py:830} INFO - Processing file /home/airflow/.local/lib/python3.12/site-packages/airflow/example_dags/example_branch_labels.py for tasks to queue
[2024-05-28T18:09:03.199+0000] {logging_mixin.py:188} INFO - [2024-05-28T18:09:03.198+0000] {dagbag.py:545} INFO - Filling up the DagBag from /home/airflow/.local/lib/python3.12/site-packages/airflow/example_dags/example_branch_labels.py
[2024-05-28T18:09:03.220+0000] {processor.py:840} INFO - DAG(s) 'example_branch_labels' retrieved from /home/airflow/.local/lib/python3.12/site-packages/airflow/example_dags/example_branch_labels.py
[2024-05-28T18:09:03.268+0000] {logging_mixin.py:188} INFO - [2024-05-28T18:09:03.267+0000] {dag.py:3096} INFO - Sync 1 DAGs
[2024-05-28T18:09:03.381+0000] {logging_mixin.py:188} INFO - [2024-05-28T18:09:03.380+0000] {dag.py:3954} INFO - Setting next_dagrun for example_branch_labels to 2024-05-27 00:00:00+00:00, run_after=2024-05-28 00:00:00+00:00
[2024-05-28T18:09:03.480+0000] {processor.py:183} INFO - Processing /home/airflow/.local/lib/python3.12/site-packages/airflow/example_dags/example_branch_labels.py took 0.305 seconds
[2024-05-28T18:09:34.428+0000] {processor.py:161} INFO - Started process (PID=318) to work on /home/airflow/.local/lib/python3.12/site-packages/airflow/example_dags/example_branch_labels.py
[2024-05-28T18:09:34.439+0000] {processor.py:830} INFO - Processing file /home/airflow/.local/lib/python3.12/site-packages/airflow/example_dags/example_branch_labels.py for tasks to queue
[2024-05-28T18:09:34.457+0000] {logging_mixin.py:188} INFO - [2024-05-28T18:09:34.450+0000] {dagbag.py:545} INFO - Filling up the DagBag from /home/airflow/.local/lib/python3.12/site-packages/airflow/example_dags/example_branch_labels.py
[2024-05-28T18:09:34.539+0000] {processor.py:840} INFO - DAG(s) 'example_branch_labels' retrieved from /home/airflow/.local/lib/python3.12/site-packages/airflow/example_dags/example_branch_labels.py
[2024-05-28T18:09:34.804+0000] {logging_mixin.py:188} INFO - [2024-05-28T18:09:34.802+0000] {dag.py:3096} INFO - Sync 1 DAGs
[2024-05-28T18:09:35.049+0000] {logging_mixin.py:188} INFO - [2024-05-28T18:09:35.049+0000] {dag.py:3954} INFO - Setting next_dagrun for example_branch_labels to 2024-05-27 00:00:00+00:00, run_after=2024-05-28 00:00:00+00:00
[2024-05-28T18:09:35.207+0000] {processor.py:183} INFO - Processing /home/airflow/.local/lib/python3.12/site-packages/airflow/example_dags/example_branch_labels.py took 0.817 seconds
[2024-05-28T18:10:05.702+0000] {processor.py:161} INFO - Started process (PID=376) to work on /home/airflow/.local/lib/python3.12/site-packages/airflow/example_dags/example_branch_labels.py
[2024-05-28T18:10:05.706+0000] {processor.py:830} INFO - Processing file /home/airflow/.local/lib/python3.12/site-packages/airflow/example_dags/example_branch_labels.py for tasks to queue
[2024-05-28T18:10:05.716+0000] {logging_mixin.py:188} INFO - [2024-05-28T18:10:05.716+0000] {dagbag.py:545} INFO - Filling up the DagBag from /home/airflow/.local/lib/python3.12/site-packages/airflow/example_dags/example_branch_labels.py
[2024-05-28T18:10:05.733+0000] {processor.py:840} INFO - DAG(s) 'example_branch_labels' retrieved from /home/airflow/.local/lib/python3.12/site-packages/airflow/example_dags/example_branch_labels.py
[2024-05-28T18:10:05.776+0000] {logging_mixin.py:188} INFO - [2024-05-28T18:10:05.776+0000] {dag.py:3096} INFO - Sync 1 DAGs
[2024-05-28T18:10:05.829+0000] {logging_mixin.py:188} INFO - [2024-05-28T18:10:05.828+0000] {dag.py:3954} INFO - Setting next_dagrun for example_branch_labels to 2024-05-27 00:00:00+00:00, run_after=2024-05-28 00:00:00+00:00
[2024-05-28T18:10:05.892+0000] {processor.py:183} INFO - Processing /home/airflow/.local/lib/python3.12/site-packages/airflow/example_dags/example_branch_labels.py took 0.216 seconds
[2024-05-28T18:10:36.682+0000] {processor.py:161} INFO - Started process (PID=434) to work on /home/airflow/.local/lib/python3.12/site-packages/airflow/example_dags/example_branch_labels.py
[2024-05-28T18:10:36.710+0000] {processor.py:830} INFO - Processing file /home/airflow/.local/lib/python3.12/site-packages/airflow/example_dags/example_branch_labels.py for tasks to queue
[2024-05-28T18:10:36.724+0000] {logging_mixin.py:188} INFO - [2024-05-28T18:10:36.723+0000] {dagbag.py:545} INFO - Filling up the DagBag from /home/airflow/.local/lib/python3.12/site-packages/airflow/example_dags/example_branch_labels.py
[2024-05-28T18:10:36.748+0000] {processor.py:840} INFO - DAG(s) 'example_branch_labels' retrieved from /home/airflow/.local/lib/python3.12/site-packages/airflow/example_dags/example_branch_labels.py
[2024-05-28T18:10:36.817+0000] {logging_mixin.py:188} INFO - [2024-05-28T18:10:36.816+0000] {dag.py:3096} INFO - Sync 1 DAGs
[2024-05-28T18:10:36.887+0000] {logging_mixin.py:188} INFO - [2024-05-28T18:10:36.887+0000] {dag.py:3954} INFO - Setting next_dagrun for example_branch_labels to 2024-05-27 00:00:00+00:00, run_after=2024-05-28 00:00:00+00:00
[2024-05-28T18:10:36.965+0000] {processor.py:183} INFO - Processing /home/airflow/.local/lib/python3.12/site-packages/airflow/example_dags/example_branch_labels.py took 0.327 seconds
[2024-05-28T18:11:07.053+0000] {processor.py:161} INFO - Started process (PID=492) to work on /home/airflow/.local/lib/python3.12/site-packages/airflow/example_dags/example_branch_labels.py
[2024-05-28T18:11:07.055+0000] {processor.py:830} INFO - Processing file /home/airflow/.local/lib/python3.12/site-packages/airflow/example_dags/example_branch_labels.py for tasks to queue
[2024-05-28T18:11:07.059+0000] {logging_mixin.py:188} INFO - [2024-05-28T18:11:07.058+0000] {dagbag.py:545} INFO - Filling up the DagBag from /home/airflow/.local/lib/python3.12/site-packages/airflow/example_dags/example_branch_labels.py
[2024-05-28T18:11:07.082+0000] {processor.py:840} INFO - DAG(s) 'example_branch_labels' retrieved from /home/airflow/.local/lib/python3.12/site-packages/airflow/example_dags/example_branch_labels.py
[2024-05-28T18:11:07.142+0000] {logging_mixin.py:188} INFO - [2024-05-28T18:11:07.141+0000] {dag.py:3096} INFO - Sync 1 DAGs
[2024-05-28T18:11:07.218+0000] {logging_mixin.py:188} INFO - [2024-05-28T18:11:07.217+0000] {dag.py:3954} INFO - Setting next_dagrun for example_branch_labels to 2024-05-27 00:00:00+00:00, run_after=2024-05-28 00:00:00+00:00
[2024-05-28T18:11:07.278+0000] {processor.py:183} INFO - Processing /home/airflow/.local/lib/python3.12/site-packages/airflow/example_dags/example_branch_labels.py took 0.241 seconds
[2024-05-28T18:11:42.096+0000] {processor.py:161} INFO - Started process (PID=550) to work on /home/airflow/.local/lib/python3.12/site-packages/airflow/example_dags/example_branch_labels.py
[2024-05-28T18:11:42.105+0000] {processor.py:830} INFO - Processing file /home/airflow/.local/lib/python3.12/site-packages/airflow/example_dags/example_branch_labels.py for tasks to queue
[2024-05-28T18:11:42.118+0000] {logging_mixin.py:188} INFO - [2024-05-28T18:11:42.117+0000] {dagbag.py:545} INFO - Filling up the DagBag from /home/airflow/.local/lib/python3.12/site-packages/airflow/example_dags/example_branch_labels.py
[2024-05-28T18:11:42.181+0000] {processor.py:840} INFO - DAG(s) 'example_branch_labels' retrieved from /home/airflow/.local/lib/python3.12/site-packages/airflow/example_dags/example_branch_labels.py
[2024-05-28T18:11:42.323+0000] {logging_mixin.py:188} INFO - [2024-05-28T18:11:42.322+0000] {dag.py:3096} INFO - Sync 1 DAGs
[2024-05-28T18:11:42.527+0000] {logging_mixin.py:188} INFO - [2024-05-28T18:11:42.526+0000] {dag.py:3954} INFO - Setting next_dagrun for example_branch_labels to 2024-05-27 00:00:00+00:00, run_after=2024-05-28 00:00:00+00:00
[2024-05-28T18:11:42.651+0000] {processor.py:183} INFO - Processing /home/airflow/.local/lib/python3.12/site-packages/airflow/example_dags/example_branch_labels.py took 0.596 seconds
[2024-05-28T18:12:12.785+0000] {processor.py:161} INFO - Started process (PID=606) to work on /home/airflow/.local/lib/python3.12/site-packages/airflow/example_dags/example_branch_labels.py
[2024-05-28T18:12:12.787+0000] {processor.py:830} INFO - Processing file /home/airflow/.local/lib/python3.12/site-packages/airflow/example_dags/example_branch_labels.py for tasks to queue
[2024-05-28T18:12:12.791+0000] {logging_mixin.py:188} INFO - [2024-05-28T18:12:12.790+0000] {dagbag.py:545} INFO - Filling up the DagBag from /home/airflow/.local/lib/python3.12/site-packages/airflow/example_dags/example_branch_labels.py
[2024-05-28T18:12:12.811+0000] {processor.py:840} INFO - DAG(s) 'example_branch_labels' retrieved from /home/airflow/.local/lib/python3.12/site-packages/airflow/example_dags/example_branch_labels.py
[2024-05-28T18:12:12.865+0000] {logging_mixin.py:188} INFO - [2024-05-28T18:12:12.864+0000] {dag.py:3096} INFO - Sync 1 DAGs
[2024-05-28T18:12:12.939+0000] {logging_mixin.py:188} INFO - [2024-05-28T18:12:12.938+0000] {dag.py:3954} INFO - Setting next_dagrun for example_branch_labels to 2024-05-27 00:00:00+00:00, run_after=2024-05-28 00:00:00+00:00
[2024-05-28T18:12:13.010+0000] {processor.py:183} INFO - Processing /home/airflow/.local/lib/python3.12/site-packages/airflow/example_dags/example_branch_labels.py took 0.240 seconds
[2024-05-28T18:12:43.266+0000] {processor.py:161} INFO - Started process (PID=664) to work on /home/airflow/.local/lib/python3.12/site-packages/airflow/example_dags/example_branch_labels.py
[2024-05-28T18:12:43.269+0000] {processor.py:830} INFO - Processing file /home/airflow/.local/lib/python3.12/site-packages/airflow/example_dags/example_branch_labels.py for tasks to queue
[2024-05-28T18:12:43.277+0000] {logging_mixin.py:188} INFO - [2024-05-28T18:12:43.276+0000] {dagbag.py:545} INFO - Filling up the DagBag from /home/airflow/.local/lib/python3.12/site-packages/airflow/example_dags/example_branch_labels.py
[2024-05-28T18:12:43.303+0000] {processor.py:840} INFO - DAG(s) 'example_branch_labels' retrieved from /home/airflow/.local/lib/python3.12/site-packages/airflow/example_dags/example_branch_labels.py
[2024-05-28T18:12:43.352+0000] {logging_mixin.py:188} INFO - [2024-05-28T18:12:43.352+0000] {dag.py:3096} INFO - Sync 1 DAGs
[2024-05-28T18:12:43.403+0000] {logging_mixin.py:188} INFO - [2024-05-28T18:12:43.403+0000] {dag.py:3954} INFO - Setting next_dagrun for example_branch_labels to 2024-05-27 00:00:00+00:00, run_after=2024-05-28 00:00:00+00:00
[2024-05-28T18:12:43.466+0000] {processor.py:183} INFO - Processing /home/airflow/.local/lib/python3.12/site-packages/airflow/example_dags/example_branch_labels.py took 0.222 seconds
[2024-05-28T18:13:13.918+0000] {processor.py:161} INFO - Started process (PID=722) to work on /home/airflow/.local/lib/python3.12/site-packages/airflow/example_dags/example_branch_labels.py
[2024-05-28T18:13:13.921+0000] {processor.py:830} INFO - Processing file /home/airflow/.local/lib/python3.12/site-packages/airflow/example_dags/example_branch_labels.py for tasks to queue
[2024-05-28T18:13:13.927+0000] {logging_mixin.py:188} INFO - [2024-05-28T18:13:13.926+0000] {dagbag.py:545} INFO - Filling up the DagBag from /home/airflow/.local/lib/python3.12/site-packages/airflow/example_dags/example_branch_labels.py
[2024-05-28T18:13:13.965+0000] {processor.py:840} INFO - DAG(s) 'example_branch_labels' retrieved from /home/airflow/.local/lib/python3.12/site-packages/airflow/example_dags/example_branch_labels.py
[2024-05-28T18:13:14.039+0000] {logging_mixin.py:188} INFO - [2024-05-28T18:13:14.038+0000] {dag.py:3096} INFO - Sync 1 DAGs
[2024-05-28T18:13:14.097+0000] {logging_mixin.py:188} INFO - [2024-05-28T18:13:14.096+0000] {dag.py:3954} INFO - Setting next_dagrun for example_branch_labels to 2024-05-27 00:00:00+00:00, run_after=2024-05-28 00:00:00+00:00
[2024-05-28T18:13:14.146+0000] {processor.py:183} INFO - Processing /home/airflow/.local/lib/python3.12/site-packages/airflow/example_dags/example_branch_labels.py took 0.246 seconds
[2024-05-28T18:13:45.290+0000] {processor.py:161} INFO - Started process (PID=781) to work on /home/airflow/.local/lib/python3.12/site-packages/airflow/example_dags/example_branch_labels.py
[2024-05-28T18:13:45.295+0000] {processor.py:830} INFO - Processing file /home/airflow/.local/lib/python3.12/site-packages/airflow/example_dags/example_branch_labels.py for tasks to queue
[2024-05-28T18:13:45.303+0000] {logging_mixin.py:188} INFO - [2024-05-28T18:13:45.302+0000] {dagbag.py:545} INFO - Filling up the DagBag from /home/airflow/.local/lib/python3.12/site-packages/airflow/example_dags/example_branch_labels.py
[2024-05-28T18:13:45.358+0000] {processor.py:840} INFO - DAG(s) 'example_branch_labels' retrieved from /home/airflow/.local/lib/python3.12/site-packages/airflow/example_dags/example_branch_labels.py
[2024-05-28T18:13:45.501+0000] {logging_mixin.py:188} INFO - [2024-05-28T18:13:45.500+0000] {dag.py:3096} INFO - Sync 1 DAGs
[2024-05-28T18:13:45.628+0000] {logging_mixin.py:188} INFO - [2024-05-28T18:13:45.627+0000] {dag.py:3954} INFO - Setting next_dagrun for example_branch_labels to 2024-05-27 00:00:00+00:00, run_after=2024-05-28 00:00:00+00:00
[2024-05-28T18:13:45.704+0000] {processor.py:183} INFO - Processing /home/airflow/.local/lib/python3.12/site-packages/airflow/example_dags/example_branch_labels.py took 0.437 seconds
[2024-05-28T18:14:17.099+0000] {processor.py:161} INFO - Started process (PID=839) to work on /home/airflow/.local/lib/python3.12/site-packages/airflow/example_dags/example_branch_labels.py
[2024-05-28T18:14:17.104+0000] {processor.py:830} INFO - Processing file /home/airflow/.local/lib/python3.12/site-packages/airflow/example_dags/example_branch_labels.py for tasks to queue
[2024-05-28T18:14:17.111+0000] {logging_mixin.py:188} INFO - [2024-05-28T18:14:17.110+0000] {dagbag.py:545} INFO - Filling up the DagBag from /home/airflow/.local/lib/python3.12/site-packages/airflow/example_dags/example_branch_labels.py
[2024-05-28T18:14:17.149+0000] {processor.py:840} INFO - DAG(s) 'example_branch_labels' retrieved from /home/airflow/.local/lib/python3.12/site-packages/airflow/example_dags/example_branch_labels.py
[2024-05-28T18:14:17.256+0000] {logging_mixin.py:188} INFO - [2024-05-28T18:14:17.255+0000] {dag.py:3096} INFO - Sync 1 DAGs
[2024-05-28T18:14:17.382+0000] {logging_mixin.py:188} INFO - [2024-05-28T18:14:17.381+0000] {dag.py:3954} INFO - Setting next_dagrun for example_branch_labels to 2024-05-27 00:00:00+00:00, run_after=2024-05-28 00:00:00+00:00
[2024-05-28T18:14:17.496+0000] {processor.py:183} INFO - Processing /home/airflow/.local/lib/python3.12/site-packages/airflow/example_dags/example_branch_labels.py took 0.425 seconds
[2024-05-28T18:14:48.945+0000] {processor.py:161} INFO - Started process (PID=897) to work on /home/airflow/.local/lib/python3.12/site-packages/airflow/example_dags/example_branch_labels.py
[2024-05-28T18:14:48.953+0000] {processor.py:830} INFO - Processing file /home/airflow/.local/lib/python3.12/site-packages/airflow/example_dags/example_branch_labels.py for tasks to queue
[2024-05-28T18:14:48.962+0000] {logging_mixin.py:188} INFO - [2024-05-28T18:14:48.961+0000] {dagbag.py:545} INFO - Filling up the DagBag from /home/airflow/.local/lib/python3.12/site-packages/airflow/example_dags/example_branch_labels.py
[2024-05-28T18:14:49.001+0000] {processor.py:840} INFO - DAG(s) 'example_branch_labels' retrieved from /home/airflow/.local/lib/python3.12/site-packages/airflow/example_dags/example_branch_labels.py
[2024-05-28T18:14:49.074+0000] {logging_mixin.py:188} INFO - [2024-05-28T18:14:49.074+0000] {dag.py:3096} INFO - Sync 1 DAGs
[2024-05-28T18:14:49.160+0000] {logging_mixin.py:188} INFO - [2024-05-28T18:14:49.160+0000] {dag.py:3954} INFO - Setting next_dagrun for example_branch_labels to 2024-05-27 00:00:00+00:00, run_after=2024-05-28 00:00:00+00:00
[2024-05-28T18:14:49.227+0000] {processor.py:183} INFO - Processing /home/airflow/.local/lib/python3.12/site-packages/airflow/example_dags/example_branch_labels.py took 0.317 seconds
[2024-05-28T18:15:25.885+0000] {processor.py:161} INFO - Started process (PID=961) to work on /home/airflow/.local/lib/python3.12/site-packages/airflow/example_dags/example_branch_labels.py
[2024-05-28T18:15:25.896+0000] {processor.py:830} INFO - Processing file /home/airflow/.local/lib/python3.12/site-packages/airflow/example_dags/example_branch_labels.py for tasks to queue
[2024-05-28T18:15:25.904+0000] {logging_mixin.py:188} INFO - [2024-05-28T18:15:25.903+0000] {dagbag.py:545} INFO - Filling up the DagBag from /home/airflow/.local/lib/python3.12/site-packages/airflow/example_dags/example_branch_labels.py
[2024-05-28T18:15:25.995+0000] {processor.py:840} INFO - DAG(s) 'example_branch_labels' retrieved from /home/airflow/.local/lib/python3.12/site-packages/airflow/example_dags/example_branch_labels.py
[2024-05-28T18:15:26.164+0000] {logging_mixin.py:188} INFO - [2024-05-28T18:15:26.164+0000] {dag.py:3096} INFO - Sync 1 DAGs
[2024-05-28T18:15:26.373+0000] {logging_mixin.py:188} INFO - [2024-05-28T18:15:26.372+0000] {dag.py:3954} INFO - Setting next_dagrun for example_branch_labels to 2024-05-27 00:00:00+00:00, run_after=2024-05-28 00:00:00+00:00
[2024-05-28T18:15:26.506+0000] {processor.py:183} INFO - Processing /home/airflow/.local/lib/python3.12/site-packages/airflow/example_dags/example_branch_labels.py took 0.675 seconds
[2024-05-28T18:15:58.518+0000] {processor.py:161} INFO - Started process (PID=1019) to work on /home/airflow/.local/lib/python3.12/site-packages/airflow/example_dags/example_branch_labels.py
[2024-05-28T18:15:58.539+0000] {processor.py:830} INFO - Processing file /home/airflow/.local/lib/python3.12/site-packages/airflow/example_dags/example_branch_labels.py for tasks to queue
[2024-05-28T18:15:58.549+0000] {logging_mixin.py:188} INFO - [2024-05-28T18:15:58.547+0000] {dagbag.py:545} INFO - Filling up the DagBag from /home/airflow/.local/lib/python3.12/site-packages/airflow/example_dags/example_branch_labels.py
[2024-05-28T18:15:58.600+0000] {processor.py:840} INFO - DAG(s) 'example_branch_labels' retrieved from /home/airflow/.local/lib/python3.12/site-packages/airflow/example_dags/example_branch_labels.py
[2024-05-28T18:15:58.817+0000] {logging_mixin.py:188} INFO - [2024-05-28T18:15:58.804+0000] {dag.py:3096} INFO - Sync 1 DAGs
[2024-05-28T18:15:59.115+0000] {logging_mixin.py:188} INFO - [2024-05-28T18:15:59.113+0000] {dag.py:3954} INFO - Setting next_dagrun for example_branch_labels to 2024-05-27 00:00:00+00:00, run_after=2024-05-28 00:00:00+00:00
[2024-05-28T18:15:59.301+0000] {processor.py:183} INFO - Processing /home/airflow/.local/lib/python3.12/site-packages/airflow/example_dags/example_branch_labels.py took 0.827 seconds
[2024-05-28T18:16:32.498+0000] {processor.py:161} INFO - Started process (PID=1077) to work on /home/airflow/.local/lib/python3.12/site-packages/airflow/example_dags/example_branch_labels.py
[2024-05-28T18:16:32.500+0000] {processor.py:830} INFO - Processing file /home/airflow/.local/lib/python3.12/site-packages/airflow/example_dags/example_branch_labels.py for tasks to queue
[2024-05-28T18:16:32.506+0000] {logging_mixin.py:188} INFO - [2024-05-28T18:16:32.505+0000] {dagbag.py:545} INFO - Filling up the DagBag from /home/airflow/.local/lib/python3.12/site-packages/airflow/example_dags/example_branch_labels.py
[2024-05-28T18:16:32.531+0000] {processor.py:840} INFO - DAG(s) 'example_branch_labels' retrieved from /home/airflow/.local/lib/python3.12/site-packages/airflow/example_dags/example_branch_labels.py
[2024-05-28T18:16:32.618+0000] {logging_mixin.py:188} INFO - [2024-05-28T18:16:32.617+0000] {dag.py:3096} INFO - Sync 1 DAGs
[2024-05-28T18:16:32.710+0000] {logging_mixin.py:188} INFO - [2024-05-28T18:16:32.710+0000] {dag.py:3954} INFO - Setting next_dagrun for example_branch_labels to 2024-05-27 00:00:00+00:00, run_after=2024-05-28 00:00:00+00:00
[2024-05-28T18:16:32.770+0000] {processor.py:183} INFO - Processing /home/airflow/.local/lib/python3.12/site-packages/airflow/example_dags/example_branch_labels.py took 0.291 seconds
[2024-05-28T18:17:07.763+0000] {processor.py:161} INFO - Started process (PID=1134) to work on /home/airflow/.local/lib/python3.12/site-packages/airflow/example_dags/example_branch_labels.py
[2024-05-28T18:17:07.865+0000] {processor.py:830} INFO - Processing file /home/airflow/.local/lib/python3.12/site-packages/airflow/example_dags/example_branch_labels.py for tasks to queue
[2024-05-28T18:17:07.884+0000] {logging_mixin.py:188} INFO - [2024-05-28T18:17:07.875+0000] {dagbag.py:545} INFO - Filling up the DagBag from /home/airflow/.local/lib/python3.12/site-packages/airflow/example_dags/example_branch_labels.py
[2024-05-28T18:17:07.958+0000] {processor.py:840} INFO - DAG(s) 'example_branch_labels' retrieved from /home/airflow/.local/lib/python3.12/site-packages/airflow/example_dags/example_branch_labels.py
[2024-05-28T18:17:08.050+0000] {logging_mixin.py:188} INFO - [2024-05-28T18:17:08.049+0000] {dag.py:3096} INFO - Sync 1 DAGs
[2024-05-28T18:17:08.158+0000] {logging_mixin.py:188} INFO - [2024-05-28T18:17:08.157+0000] {dag.py:3954} INFO - Setting next_dagrun for example_branch_labels to 2024-05-27 00:00:00+00:00, run_after=2024-05-28 00:00:00+00:00
[2024-05-28T18:17:08.297+0000] {processor.py:183} INFO - Processing /home/airflow/.local/lib/python3.12/site-packages/airflow/example_dags/example_branch_labels.py took 0.604 seconds
[2024-05-28T18:17:38.627+0000] {processor.py:161} INFO - Started process (PID=1192) to work on /home/airflow/.local/lib/python3.12/site-packages/airflow/example_dags/example_branch_labels.py
[2024-05-28T18:17:38.629+0000] {processor.py:830} INFO - Processing file /home/airflow/.local/lib/python3.12/site-packages/airflow/example_dags/example_branch_labels.py for tasks to queue
[2024-05-28T18:17:38.634+0000] {logging_mixin.py:188} INFO - [2024-05-28T18:17:38.633+0000] {dagbag.py:545} INFO - Filling up the DagBag from /home/airflow/.local/lib/python3.12/site-packages/airflow/example_dags/example_branch_labels.py
[2024-05-28T18:17:38.658+0000] {processor.py:840} INFO - DAG(s) 'example_branch_labels' retrieved from /home/airflow/.local/lib/python3.12/site-packages/airflow/example_dags/example_branch_labels.py
[2024-05-28T18:17:38.710+0000] {logging_mixin.py:188} INFO - [2024-05-28T18:17:38.710+0000] {dag.py:3096} INFO - Sync 1 DAGs
[2024-05-28T18:17:38.785+0000] {logging_mixin.py:188} INFO - [2024-05-28T18:17:38.784+0000] {dag.py:3954} INFO - Setting next_dagrun for example_branch_labels to 2024-05-27 00:00:00+00:00, run_after=2024-05-28 00:00:00+00:00
[2024-05-28T18:17:38.846+0000] {processor.py:183} INFO - Processing /home/airflow/.local/lib/python3.12/site-packages/airflow/example_dags/example_branch_labels.py took 0.245 seconds
[2024-05-28T18:18:09.233+0000] {processor.py:161} INFO - Started process (PID=1250) to work on /home/airflow/.local/lib/python3.12/site-packages/airflow/example_dags/example_branch_labels.py
[2024-05-28T18:18:09.235+0000] {processor.py:830} INFO - Processing file /home/airflow/.local/lib/python3.12/site-packages/airflow/example_dags/example_branch_labels.py for tasks to queue
[2024-05-28T18:18:09.238+0000] {logging_mixin.py:188} INFO - [2024-05-28T18:18:09.238+0000] {dagbag.py:545} INFO - Filling up the DagBag from /home/airflow/.local/lib/python3.12/site-packages/airflow/example_dags/example_branch_labels.py
[2024-05-28T18:18:09.257+0000] {processor.py:840} INFO - DAG(s) 'example_branch_labels' retrieved from /home/airflow/.local/lib/python3.12/site-packages/airflow/example_dags/example_branch_labels.py
[2024-05-28T18:18:09.308+0000] {logging_mixin.py:188} INFO - [2024-05-28T18:18:09.307+0000] {dag.py:3096} INFO - Sync 1 DAGs
[2024-05-28T18:18:09.360+0000] {logging_mixin.py:188} INFO - [2024-05-28T18:18:09.359+0000] {dag.py:3954} INFO - Setting next_dagrun for example_branch_labels to 2024-05-27 00:00:00+00:00, run_after=2024-05-28 00:00:00+00:00
[2024-05-28T18:18:09.394+0000] {processor.py:183} INFO - Processing /home/airflow/.local/lib/python3.12/site-packages/airflow/example_dags/example_branch_labels.py took 0.179 seconds
[2024-05-28T18:18:39.748+0000] {processor.py:161} INFO - Started process (PID=1308) to work on /home/airflow/.local/lib/python3.12/site-packages/airflow/example_dags/example_branch_labels.py
[2024-05-28T18:18:39.750+0000] {processor.py:830} INFO - Processing file /home/airflow/.local/lib/python3.12/site-packages/airflow/example_dags/example_branch_labels.py for tasks to queue
[2024-05-28T18:18:39.755+0000] {logging_mixin.py:188} INFO - [2024-05-28T18:18:39.754+0000] {dagbag.py:545} INFO - Filling up the DagBag from /home/airflow/.local/lib/python3.12/site-packages/airflow/example_dags/example_branch_labels.py
[2024-05-28T18:18:39.774+0000] {processor.py:840} INFO - DAG(s) 'example_branch_labels' retrieved from /home/airflow/.local/lib/python3.12/site-packages/airflow/example_dags/example_branch_labels.py
[2024-05-28T18:18:39.825+0000] {logging_mixin.py:188} INFO - [2024-05-28T18:18:39.825+0000] {dag.py:3096} INFO - Sync 1 DAGs
[2024-05-28T18:18:39.889+0000] {logging_mixin.py:188} INFO - [2024-05-28T18:18:39.889+0000] {dag.py:3954} INFO - Setting next_dagrun for example_branch_labels to 2024-05-27 00:00:00+00:00, run_after=2024-05-28 00:00:00+00:00
[2024-05-28T18:18:39.941+0000] {processor.py:183} INFO - Processing /home/airflow/.local/lib/python3.12/site-packages/airflow/example_dags/example_branch_labels.py took 0.211 seconds
[2024-05-28T18:19:11.497+0000] {processor.py:161} INFO - Started process (PID=1367) to work on /home/airflow/.local/lib/python3.12/site-packages/airflow/example_dags/example_branch_labels.py
[2024-05-28T18:19:11.499+0000] {processor.py:830} INFO - Processing file /home/airflow/.local/lib/python3.12/site-packages/airflow/example_dags/example_branch_labels.py for tasks to queue
[2024-05-28T18:19:11.503+0000] {logging_mixin.py:188} INFO - [2024-05-28T18:19:11.503+0000] {dagbag.py:545} INFO - Filling up the DagBag from /home/airflow/.local/lib/python3.12/site-packages/airflow/example_dags/example_branch_labels.py
[2024-05-28T18:19:11.523+0000] {processor.py:840} INFO - DAG(s) 'example_branch_labels' retrieved from /home/airflow/.local/lib/python3.12/site-packages/airflow/example_dags/example_branch_labels.py
[2024-05-28T18:19:11.569+0000] {logging_mixin.py:188} INFO - [2024-05-28T18:19:11.568+0000] {dag.py:3096} INFO - Sync 1 DAGs
[2024-05-28T18:19:11.624+0000] {logging_mixin.py:188} INFO - [2024-05-28T18:19:11.624+0000] {dag.py:3954} INFO - Setting next_dagrun for example_branch_labels to 2024-05-27 00:00:00+00:00, run_after=2024-05-28 00:00:00+00:00
[2024-05-28T18:19:11.681+0000] {processor.py:183} INFO - Processing /home/airflow/.local/lib/python3.12/site-packages/airflow/example_dags/example_branch_labels.py took 0.207 seconds
[2024-05-28T18:19:42.758+0000] {processor.py:161} INFO - Started process (PID=1425) to work on /home/airflow/.local/lib/python3.12/site-packages/airflow/example_dags/example_branch_labels.py
[2024-05-28T18:19:42.761+0000] {processor.py:830} INFO - Processing file /home/airflow/.local/lib/python3.12/site-packages/airflow/example_dags/example_branch_labels.py for tasks to queue
[2024-05-28T18:19:42.767+0000] {logging_mixin.py:188} INFO - [2024-05-28T18:19:42.766+0000] {dagbag.py:545} INFO - Filling up the DagBag from /home/airflow/.local/lib/python3.12/site-packages/airflow/example_dags/example_branch_labels.py
[2024-05-28T18:19:42.792+0000] {processor.py:840} INFO - DAG(s) 'example_branch_labels' retrieved from /home/airflow/.local/lib/python3.12/site-packages/airflow/example_dags/example_branch_labels.py
[2024-05-28T18:19:42.867+0000] {logging_mixin.py:188} INFO - [2024-05-28T18:19:42.866+0000] {dag.py:3096} INFO - Sync 1 DAGs
[2024-05-28T18:19:43.004+0000] {logging_mixin.py:188} INFO - [2024-05-28T18:19:43.003+0000] {dag.py:3954} INFO - Setting next_dagrun for example_branch_labels to 2024-05-27 00:00:00+00:00, run_after=2024-05-28 00:00:00+00:00
[2024-05-28T18:19:43.083+0000] {processor.py:183} INFO - Processing /home/airflow/.local/lib/python3.12/site-packages/airflow/example_dags/example_branch_labels.py took 0.349 seconds
[2024-05-28T18:20:14.046+0000] {processor.py:161} INFO - Started process (PID=1484) to work on /home/airflow/.local/lib/python3.12/site-packages/airflow/example_dags/example_branch_labels.py
[2024-05-28T18:20:14.049+0000] {processor.py:830} INFO - Processing file /home/airflow/.local/lib/python3.12/site-packages/airflow/example_dags/example_branch_labels.py for tasks to queue
[2024-05-28T18:20:14.058+0000] {logging_mixin.py:188} INFO - [2024-05-28T18:20:14.056+0000] {dagbag.py:545} INFO - Filling up the DagBag from /home/airflow/.local/lib/python3.12/site-packages/airflow/example_dags/example_branch_labels.py
[2024-05-28T18:20:14.094+0000] {processor.py:840} INFO - DAG(s) 'example_branch_labels' retrieved from /home/airflow/.local/lib/python3.12/site-packages/airflow/example_dags/example_branch_labels.py
[2024-05-28T18:20:14.178+0000] {logging_mixin.py:188} INFO - [2024-05-28T18:20:14.177+0000] {dag.py:3096} INFO - Sync 1 DAGs
[2024-05-28T18:20:14.281+0000] {logging_mixin.py:188} INFO - [2024-05-28T18:20:14.280+0000] {dag.py:3954} INFO - Setting next_dagrun for example_branch_labels to 2024-05-27 00:00:00+00:00, run_after=2024-05-28 00:00:00+00:00
[2024-05-28T18:20:14.368+0000] {processor.py:183} INFO - Processing /home/airflow/.local/lib/python3.12/site-packages/airflow/example_dags/example_branch_labels.py took 0.347 seconds
[2024-05-28T18:20:46.248+0000] {processor.py:161} INFO - Started process (PID=1542) to work on /home/airflow/.local/lib/python3.12/site-packages/airflow/example_dags/example_branch_labels.py
[2024-05-28T18:20:46.253+0000] {processor.py:830} INFO - Processing file /home/airflow/.local/lib/python3.12/site-packages/airflow/example_dags/example_branch_labels.py for tasks to queue
[2024-05-28T18:20:46.273+0000] {logging_mixin.py:188} INFO - [2024-05-28T18:20:46.272+0000] {dagbag.py:545} INFO - Filling up the DagBag from /home/airflow/.local/lib/python3.12/site-packages/airflow/example_dags/example_branch_labels.py
[2024-05-28T18:20:46.368+0000] {processor.py:840} INFO - DAG(s) 'example_branch_labels' retrieved from /home/airflow/.local/lib/python3.12/site-packages/airflow/example_dags/example_branch_labels.py
[2024-05-28T18:20:46.567+0000] {logging_mixin.py:188} INFO - [2024-05-28T18:20:46.566+0000] {dag.py:3096} INFO - Sync 1 DAGs
[2024-05-28T18:20:46.859+0000] {logging_mixin.py:188} INFO - [2024-05-28T18:20:46.857+0000] {dag.py:3954} INFO - Setting next_dagrun for example_branch_labels to 2024-05-27 00:00:00+00:00, run_after=2024-05-28 00:00:00+00:00
[2024-05-28T18:20:47.090+0000] {processor.py:183} INFO - Processing /home/airflow/.local/lib/python3.12/site-packages/airflow/example_dags/example_branch_labels.py took 0.906 seconds
[2024-05-28T18:21:17.806+0000] {processor.py:161} INFO - Started process (PID=1599) to work on /home/airflow/.local/lib/python3.12/site-packages/airflow/example_dags/example_branch_labels.py
[2024-05-28T18:21:17.809+0000] {processor.py:830} INFO - Processing file /home/airflow/.local/lib/python3.12/site-packages/airflow/example_dags/example_branch_labels.py for tasks to queue
[2024-05-28T18:21:17.814+0000] {logging_mixin.py:188} INFO - [2024-05-28T18:21:17.813+0000] {dagbag.py:545} INFO - Filling up the DagBag from /home/airflow/.local/lib/python3.12/site-packages/airflow/example_dags/example_branch_labels.py
[2024-05-28T18:21:17.836+0000] {processor.py:840} INFO - DAG(s) 'example_branch_labels' retrieved from /home/airflow/.local/lib/python3.12/site-packages/airflow/example_dags/example_branch_labels.py
[2024-05-28T18:21:17.899+0000] {logging_mixin.py:188} INFO - [2024-05-28T18:21:17.897+0000] {dag.py:3096} INFO - Sync 1 DAGs
[2024-05-28T18:21:17.992+0000] {logging_mixin.py:188} INFO - [2024-05-28T18:21:17.992+0000] {dag.py:3954} INFO - Setting next_dagrun for example_branch_labels to 2024-05-27 00:00:00+00:00, run_after=2024-05-28 00:00:00+00:00
[2024-05-28T18:21:18.143+0000] {processor.py:183} INFO - Processing /home/airflow/.local/lib/python3.12/site-packages/airflow/example_dags/example_branch_labels.py took 0.354 seconds
[2024-05-28T18:21:48.857+0000] {processor.py:161} INFO - Started process (PID=1657) to work on /home/airflow/.local/lib/python3.12/site-packages/airflow/example_dags/example_branch_labels.py
[2024-05-28T18:21:48.874+0000] {processor.py:830} INFO - Processing file /home/airflow/.local/lib/python3.12/site-packages/airflow/example_dags/example_branch_labels.py for tasks to queue
[2024-05-28T18:21:48.882+0000] {logging_mixin.py:188} INFO - [2024-05-28T18:21:48.880+0000] {dagbag.py:545} INFO - Filling up the DagBag from /home/airflow/.local/lib/python3.12/site-packages/airflow/example_dags/example_branch_labels.py
[2024-05-28T18:21:48.911+0000] {processor.py:840} INFO - DAG(s) 'example_branch_labels' retrieved from /home/airflow/.local/lib/python3.12/site-packages/airflow/example_dags/example_branch_labels.py
[2024-05-28T18:21:49.024+0000] {logging_mixin.py:188} INFO - [2024-05-28T18:21:49.023+0000] {dag.py:3096} INFO - Sync 1 DAGs
[2024-05-28T18:21:49.152+0000] {logging_mixin.py:188} INFO - [2024-05-28T18:21:49.151+0000] {dag.py:3954} INFO - Setting next_dagrun for example_branch_labels to 2024-05-27 00:00:00+00:00, run_after=2024-05-28 00:00:00+00:00
[2024-05-28T18:21:49.260+0000] {processor.py:183} INFO - Processing /home/airflow/.local/lib/python3.12/site-packages/airflow/example_dags/example_branch_labels.py took 0.436 seconds
