[2024-05-28T18:07:26.669+0000] {processor.py:161} INFO - Started process (PID=81) to work on /home/airflow/.local/lib/python3.12/site-packages/airflow/example_dags/example_xcomargs.py
[2024-05-28T18:07:26.672+0000] {processor.py:830} INFO - Processing file /home/airflow/.local/lib/python3.12/site-packages/airflow/example_dags/example_xcomargs.py for tasks to queue
[2024-05-28T18:07:26.678+0000] {logging_mixin.py:188} INFO - [2024-05-28T18:07:26.677+0000] {dagbag.py:545} INFO - Filling up the DagBag from /home/airflow/.local/lib/python3.12/site-packages/airflow/example_dags/example_xcomargs.py
[2024-05-28T18:07:26.717+0000] {processor.py:840} INFO - DAG(s) 'example_xcom_args', 'example_xcom_args_with_operators' retrieved from /home/airflow/.local/lib/python3.12/site-packages/airflow/example_dags/example_xcomargs.py
[2024-05-28T18:07:27.306+0000] {logging_mixin.py:188} INFO - [2024-05-28T18:07:27.305+0000] {dag.py:3096} INFO - Sync 2 DAGs
[2024-05-28T18:07:27.351+0000] {logging_mixin.py:188} INFO - [2024-05-28T18:07:27.350+0000] {dag.py:3954} INFO - Setting next_dagrun for example_xcom_args to None, run_after=None
[2024-05-28T18:07:27.361+0000] {logging_mixin.py:188} INFO - [2024-05-28T18:07:27.361+0000] {dag.py:3954} INFO - Setting next_dagrun for example_xcom_args_with_operators to None, run_after=None
[2024-05-28T18:07:27.485+0000] {processor.py:183} INFO - Processing /home/airflow/.local/lib/python3.12/site-packages/airflow/example_dags/example_xcomargs.py took 0.839 seconds
[2024-05-28T18:07:58.664+0000] {processor.py:161} INFO - Started process (PID=139) to work on /home/airflow/.local/lib/python3.12/site-packages/airflow/example_dags/example_xcomargs.py
[2024-05-28T18:07:58.667+0000] {processor.py:830} INFO - Processing file /home/airflow/.local/lib/python3.12/site-packages/airflow/example_dags/example_xcomargs.py for tasks to queue
[2024-05-28T18:07:58.682+0000] {logging_mixin.py:188} INFO - [2024-05-28T18:07:58.680+0000] {dagbag.py:545} INFO - Filling up the DagBag from /home/airflow/.local/lib/python3.12/site-packages/airflow/example_dags/example_xcomargs.py
[2024-05-28T18:07:58.723+0000] {processor.py:840} INFO - DAG(s) 'example_xcom_args', 'example_xcom_args_with_operators' retrieved from /home/airflow/.local/lib/python3.12/site-packages/airflow/example_dags/example_xcomargs.py
[2024-05-28T18:07:58.816+0000] {logging_mixin.py:188} INFO - [2024-05-28T18:07:58.813+0000] {dag.py:3096} INFO - Sync 2 DAGs
[2024-05-28T18:07:58.875+0000] {logging_mixin.py:188} INFO - [2024-05-28T18:07:58.874+0000] {dag.py:3954} INFO - Setting next_dagrun for example_xcom_args to None, run_after=None
[2024-05-28T18:07:58.907+0000] {logging_mixin.py:188} INFO - [2024-05-28T18:07:58.906+0000] {dag.py:3954} INFO - Setting next_dagrun for example_xcom_args_with_operators to None, run_after=None
[2024-05-28T18:07:59.070+0000] {processor.py:183} INFO - Processing /home/airflow/.local/lib/python3.12/site-packages/airflow/example_dags/example_xcomargs.py took 0.427 seconds
[2024-05-28T18:08:29.430+0000] {processor.py:161} INFO - Started process (PID=197) to work on /home/airflow/.local/lib/python3.12/site-packages/airflow/example_dags/example_xcomargs.py
[2024-05-28T18:08:29.432+0000] {processor.py:830} INFO - Processing file /home/airflow/.local/lib/python3.12/site-packages/airflow/example_dags/example_xcomargs.py for tasks to queue
[2024-05-28T18:08:29.438+0000] {logging_mixin.py:188} INFO - [2024-05-28T18:08:29.436+0000] {dagbag.py:545} INFO - Filling up the DagBag from /home/airflow/.local/lib/python3.12/site-packages/airflow/example_dags/example_xcomargs.py
[2024-05-28T18:08:29.479+0000] {processor.py:840} INFO - DAG(s) 'example_xcom_args_with_operators', 'example_xcom_args' retrieved from /home/airflow/.local/lib/python3.12/site-packages/airflow/example_dags/example_xcomargs.py
[2024-05-28T18:08:29.572+0000] {logging_mixin.py:188} INFO - [2024-05-28T18:08:29.572+0000] {dag.py:3096} INFO - Sync 2 DAGs
[2024-05-28T18:08:29.605+0000] {logging_mixin.py:188} INFO - [2024-05-28T18:08:29.604+0000] {dag.py:3954} INFO - Setting next_dagrun for example_xcom_args to None, run_after=None
[2024-05-28T18:08:29.616+0000] {logging_mixin.py:188} INFO - [2024-05-28T18:08:29.615+0000] {dag.py:3954} INFO - Setting next_dagrun for example_xcom_args_with_operators to None, run_after=None
[2024-05-28T18:08:29.672+0000] {processor.py:183} INFO - Processing /home/airflow/.local/lib/python3.12/site-packages/airflow/example_dags/example_xcomargs.py took 0.260 seconds
[2024-05-28T18:09:00.260+0000] {processor.py:161} INFO - Started process (PID=255) to work on /home/airflow/.local/lib/python3.12/site-packages/airflow/example_dags/example_xcomargs.py
[2024-05-28T18:09:00.262+0000] {processor.py:830} INFO - Processing file /home/airflow/.local/lib/python3.12/site-packages/airflow/example_dags/example_xcomargs.py for tasks to queue
[2024-05-28T18:09:00.267+0000] {logging_mixin.py:188} INFO - [2024-05-28T18:09:00.266+0000] {dagbag.py:545} INFO - Filling up the DagBag from /home/airflow/.local/lib/python3.12/site-packages/airflow/example_dags/example_xcomargs.py
[2024-05-28T18:09:00.293+0000] {processor.py:840} INFO - DAG(s) 'example_xcom_args_with_operators', 'example_xcom_args' retrieved from /home/airflow/.local/lib/python3.12/site-packages/airflow/example_dags/example_xcomargs.py
[2024-05-28T18:09:00.358+0000] {logging_mixin.py:188} INFO - [2024-05-28T18:09:00.357+0000] {dag.py:3096} INFO - Sync 2 DAGs
[2024-05-28T18:09:00.411+0000] {logging_mixin.py:188} INFO - [2024-05-28T18:09:00.411+0000] {dag.py:3954} INFO - Setting next_dagrun for example_xcom_args to None, run_after=None
[2024-05-28T18:09:00.425+0000] {logging_mixin.py:188} INFO - [2024-05-28T18:09:00.425+0000] {dag.py:3954} INFO - Setting next_dagrun for example_xcom_args_with_operators to None, run_after=None
[2024-05-28T18:09:00.512+0000] {processor.py:183} INFO - Processing /home/airflow/.local/lib/python3.12/site-packages/airflow/example_dags/example_xcomargs.py took 0.268 seconds
[2024-05-28T18:09:31.281+0000] {processor.py:161} INFO - Started process (PID=313) to work on /home/airflow/.local/lib/python3.12/site-packages/airflow/example_dags/example_xcomargs.py
[2024-05-28T18:09:31.285+0000] {processor.py:830} INFO - Processing file /home/airflow/.local/lib/python3.12/site-packages/airflow/example_dags/example_xcomargs.py for tasks to queue
[2024-05-28T18:09:31.294+0000] {logging_mixin.py:188} INFO - [2024-05-28T18:09:31.292+0000] {dagbag.py:545} INFO - Filling up the DagBag from /home/airflow/.local/lib/python3.12/site-packages/airflow/example_dags/example_xcomargs.py
[2024-05-28T18:09:31.328+0000] {processor.py:840} INFO - DAG(s) 'example_xcom_args_with_operators', 'example_xcom_args' retrieved from /home/airflow/.local/lib/python3.12/site-packages/airflow/example_dags/example_xcomargs.py
[2024-05-28T18:09:31.401+0000] {logging_mixin.py:188} INFO - [2024-05-28T18:09:31.400+0000] {dag.py:3096} INFO - Sync 2 DAGs
[2024-05-28T18:09:31.459+0000] {logging_mixin.py:188} INFO - [2024-05-28T18:09:31.458+0000] {dag.py:3954} INFO - Setting next_dagrun for example_xcom_args to None, run_after=None
[2024-05-28T18:09:31.483+0000] {logging_mixin.py:188} INFO - [2024-05-28T18:09:31.482+0000] {dag.py:3954} INFO - Setting next_dagrun for example_xcom_args_with_operators to None, run_after=None
[2024-05-28T18:09:31.562+0000] {processor.py:183} INFO - Processing /home/airflow/.local/lib/python3.12/site-packages/airflow/example_dags/example_xcomargs.py took 0.301 seconds
[2024-05-28T18:10:01.717+0000] {processor.py:161} INFO - Started process (PID=371) to work on /home/airflow/.local/lib/python3.12/site-packages/airflow/example_dags/example_xcomargs.py
[2024-05-28T18:10:01.719+0000] {processor.py:830} INFO - Processing file /home/airflow/.local/lib/python3.12/site-packages/airflow/example_dags/example_xcomargs.py for tasks to queue
[2024-05-28T18:10:01.723+0000] {logging_mixin.py:188} INFO - [2024-05-28T18:10:01.722+0000] {dagbag.py:545} INFO - Filling up the DagBag from /home/airflow/.local/lib/python3.12/site-packages/airflow/example_dags/example_xcomargs.py
[2024-05-28T18:10:01.742+0000] {processor.py:840} INFO - DAG(s) 'example_xcom_args', 'example_xcom_args_with_operators' retrieved from /home/airflow/.local/lib/python3.12/site-packages/airflow/example_dags/example_xcomargs.py
[2024-05-28T18:10:01.791+0000] {logging_mixin.py:188} INFO - [2024-05-28T18:10:01.791+0000] {dag.py:3096} INFO - Sync 2 DAGs
[2024-05-28T18:10:01.822+0000] {logging_mixin.py:188} INFO - [2024-05-28T18:10:01.822+0000] {dag.py:3954} INFO - Setting next_dagrun for example_xcom_args to None, run_after=None
[2024-05-28T18:10:01.830+0000] {logging_mixin.py:188} INFO - [2024-05-28T18:10:01.829+0000] {dag.py:3954} INFO - Setting next_dagrun for example_xcom_args_with_operators to None, run_after=None
[2024-05-28T18:10:01.867+0000] {processor.py:183} INFO - Processing /home/airflow/.local/lib/python3.12/site-packages/airflow/example_dags/example_xcomargs.py took 0.164 seconds
[2024-05-28T18:10:32.808+0000] {processor.py:161} INFO - Started process (PID=429) to work on /home/airflow/.local/lib/python3.12/site-packages/airflow/example_dags/example_xcomargs.py
[2024-05-28T18:10:32.810+0000] {processor.py:830} INFO - Processing file /home/airflow/.local/lib/python3.12/site-packages/airflow/example_dags/example_xcomargs.py for tasks to queue
[2024-05-28T18:10:32.817+0000] {logging_mixin.py:188} INFO - [2024-05-28T18:10:32.815+0000] {dagbag.py:545} INFO - Filling up the DagBag from /home/airflow/.local/lib/python3.12/site-packages/airflow/example_dags/example_xcomargs.py
[2024-05-28T18:10:32.842+0000] {processor.py:840} INFO - DAG(s) 'example_xcom_args_with_operators', 'example_xcom_args' retrieved from /home/airflow/.local/lib/python3.12/site-packages/airflow/example_dags/example_xcomargs.py
[2024-05-28T18:10:32.901+0000] {logging_mixin.py:188} INFO - [2024-05-28T18:10:32.901+0000] {dag.py:3096} INFO - Sync 2 DAGs
[2024-05-28T18:10:32.947+0000] {logging_mixin.py:188} INFO - [2024-05-28T18:10:32.945+0000] {dag.py:3954} INFO - Setting next_dagrun for example_xcom_args to None, run_after=None
[2024-05-28T18:10:32.961+0000] {logging_mixin.py:188} INFO - [2024-05-28T18:10:32.960+0000] {dag.py:3954} INFO - Setting next_dagrun for example_xcom_args_with_operators to None, run_after=None
[2024-05-28T18:10:33.016+0000] {processor.py:183} INFO - Processing /home/airflow/.local/lib/python3.12/site-packages/airflow/example_dags/example_xcomargs.py took 0.221 seconds
[2024-05-28T18:11:03.992+0000] {processor.py:161} INFO - Started process (PID=487) to work on /home/airflow/.local/lib/python3.12/site-packages/airflow/example_dags/example_xcomargs.py
[2024-05-28T18:11:03.996+0000] {processor.py:830} INFO - Processing file /home/airflow/.local/lib/python3.12/site-packages/airflow/example_dags/example_xcomargs.py for tasks to queue
[2024-05-28T18:11:04.002+0000] {logging_mixin.py:188} INFO - [2024-05-28T18:11:04.001+0000] {dagbag.py:545} INFO - Filling up the DagBag from /home/airflow/.local/lib/python3.12/site-packages/airflow/example_dags/example_xcomargs.py
[2024-05-28T18:11:04.021+0000] {processor.py:840} INFO - DAG(s) 'example_xcom_args', 'example_xcom_args_with_operators' retrieved from /home/airflow/.local/lib/python3.12/site-packages/airflow/example_dags/example_xcomargs.py
[2024-05-28T18:11:04.080+0000] {logging_mixin.py:188} INFO - [2024-05-28T18:11:04.079+0000] {dag.py:3096} INFO - Sync 2 DAGs
[2024-05-28T18:11:04.135+0000] {logging_mixin.py:188} INFO - [2024-05-28T18:11:04.134+0000] {dag.py:3954} INFO - Setting next_dagrun for example_xcom_args to None, run_after=None
[2024-05-28T18:11:04.149+0000] {logging_mixin.py:188} INFO - [2024-05-28T18:11:04.148+0000] {dag.py:3954} INFO - Setting next_dagrun for example_xcom_args_with_operators to None, run_after=None
[2024-05-28T18:11:04.209+0000] {processor.py:183} INFO - Processing /home/airflow/.local/lib/python3.12/site-packages/airflow/example_dags/example_xcomargs.py took 0.235 seconds
[2024-05-28T18:11:38.477+0000] {processor.py:161} INFO - Started process (PID=543) to work on /home/airflow/.local/lib/python3.12/site-packages/airflow/example_dags/example_xcomargs.py
[2024-05-28T18:11:38.484+0000] {processor.py:830} INFO - Processing file /home/airflow/.local/lib/python3.12/site-packages/airflow/example_dags/example_xcomargs.py for tasks to queue
[2024-05-28T18:11:38.505+0000] {logging_mixin.py:188} INFO - [2024-05-28T18:11:38.503+0000] {dagbag.py:545} INFO - Filling up the DagBag from /home/airflow/.local/lib/python3.12/site-packages/airflow/example_dags/example_xcomargs.py
[2024-05-28T18:11:38.592+0000] {processor.py:840} INFO - DAG(s) 'example_xcom_args', 'example_xcom_args_with_operators' retrieved from /home/airflow/.local/lib/python3.12/site-packages/airflow/example_dags/example_xcomargs.py
[2024-05-28T18:11:38.753+0000] {logging_mixin.py:188} INFO - [2024-05-28T18:11:38.751+0000] {dag.py:3096} INFO - Sync 2 DAGs
[2024-05-28T18:11:38.848+0000] {logging_mixin.py:188} INFO - [2024-05-28T18:11:38.847+0000] {dag.py:3954} INFO - Setting next_dagrun for example_xcom_args to None, run_after=None
[2024-05-28T18:11:38.873+0000] {logging_mixin.py:188} INFO - [2024-05-28T18:11:38.873+0000] {dag.py:3954} INFO - Setting next_dagrun for example_xcom_args_with_operators to None, run_after=None
[2024-05-28T18:11:39.030+0000] {processor.py:183} INFO - Processing /home/airflow/.local/lib/python3.12/site-packages/airflow/example_dags/example_xcomargs.py took 0.597 seconds
[2024-05-28T18:12:09.635+0000] {processor.py:161} INFO - Started process (PID=601) to work on /home/airflow/.local/lib/python3.12/site-packages/airflow/example_dags/example_xcomargs.py
[2024-05-28T18:12:09.638+0000] {processor.py:830} INFO - Processing file /home/airflow/.local/lib/python3.12/site-packages/airflow/example_dags/example_xcomargs.py for tasks to queue
[2024-05-28T18:12:09.648+0000] {logging_mixin.py:188} INFO - [2024-05-28T18:12:09.647+0000] {dagbag.py:545} INFO - Filling up the DagBag from /home/airflow/.local/lib/python3.12/site-packages/airflow/example_dags/example_xcomargs.py
[2024-05-28T18:12:09.685+0000] {processor.py:840} INFO - DAG(s) 'example_xcom_args', 'example_xcom_args_with_operators' retrieved from /home/airflow/.local/lib/python3.12/site-packages/airflow/example_dags/example_xcomargs.py
[2024-05-28T18:12:09.763+0000] {logging_mixin.py:188} INFO - [2024-05-28T18:12:09.763+0000] {dag.py:3096} INFO - Sync 2 DAGs
[2024-05-28T18:12:09.807+0000] {logging_mixin.py:188} INFO - [2024-05-28T18:12:09.807+0000] {dag.py:3954} INFO - Setting next_dagrun for example_xcom_args to None, run_after=None
[2024-05-28T18:12:09.823+0000] {logging_mixin.py:188} INFO - [2024-05-28T18:12:09.823+0000] {dag.py:3954} INFO - Setting next_dagrun for example_xcom_args_with_operators to None, run_after=None
[2024-05-28T18:12:09.881+0000] {processor.py:183} INFO - Processing /home/airflow/.local/lib/python3.12/site-packages/airflow/example_dags/example_xcomargs.py took 0.282 seconds
[2024-05-28T18:12:40.236+0000] {processor.py:161} INFO - Started process (PID=659) to work on /home/airflow/.local/lib/python3.12/site-packages/airflow/example_dags/example_xcomargs.py
[2024-05-28T18:12:40.239+0000] {processor.py:830} INFO - Processing file /home/airflow/.local/lib/python3.12/site-packages/airflow/example_dags/example_xcomargs.py for tasks to queue
[2024-05-28T18:12:40.246+0000] {logging_mixin.py:188} INFO - [2024-05-28T18:12:40.245+0000] {dagbag.py:545} INFO - Filling up the DagBag from /home/airflow/.local/lib/python3.12/site-packages/airflow/example_dags/example_xcomargs.py
[2024-05-28T18:12:40.286+0000] {processor.py:840} INFO - DAG(s) 'example_xcom_args_with_operators', 'example_xcom_args' retrieved from /home/airflow/.local/lib/python3.12/site-packages/airflow/example_dags/example_xcomargs.py
[2024-05-28T18:12:40.357+0000] {logging_mixin.py:188} INFO - [2024-05-28T18:12:40.357+0000] {dag.py:3096} INFO - Sync 2 DAGs
[2024-05-28T18:12:40.400+0000] {logging_mixin.py:188} INFO - [2024-05-28T18:12:40.400+0000] {dag.py:3954} INFO - Setting next_dagrun for example_xcom_args to None, run_after=None
[2024-05-28T18:12:40.414+0000] {logging_mixin.py:188} INFO - [2024-05-28T18:12:40.414+0000] {dag.py:3954} INFO - Setting next_dagrun for example_xcom_args_with_operators to None, run_after=None
[2024-05-28T18:12:40.479+0000] {processor.py:183} INFO - Processing /home/airflow/.local/lib/python3.12/site-packages/airflow/example_dags/example_xcomargs.py took 0.266 seconds
[2024-05-28T18:13:11.195+0000] {processor.py:161} INFO - Started process (PID=717) to work on /home/airflow/.local/lib/python3.12/site-packages/airflow/example_dags/example_xcomargs.py
[2024-05-28T18:13:11.197+0000] {processor.py:830} INFO - Processing file /home/airflow/.local/lib/python3.12/site-packages/airflow/example_dags/example_xcomargs.py for tasks to queue
[2024-05-28T18:13:11.202+0000] {logging_mixin.py:188} INFO - [2024-05-28T18:13:11.201+0000] {dagbag.py:545} INFO - Filling up the DagBag from /home/airflow/.local/lib/python3.12/site-packages/airflow/example_dags/example_xcomargs.py
[2024-05-28T18:13:11.226+0000] {processor.py:840} INFO - DAG(s) 'example_xcom_args', 'example_xcom_args_with_operators' retrieved from /home/airflow/.local/lib/python3.12/site-packages/airflow/example_dags/example_xcomargs.py
[2024-05-28T18:13:11.294+0000] {logging_mixin.py:188} INFO - [2024-05-28T18:13:11.294+0000] {dag.py:3096} INFO - Sync 2 DAGs
[2024-05-28T18:13:11.328+0000] {logging_mixin.py:188} INFO - [2024-05-28T18:13:11.328+0000] {dag.py:3954} INFO - Setting next_dagrun for example_xcom_args to None, run_after=None
[2024-05-28T18:13:11.338+0000] {logging_mixin.py:188} INFO - [2024-05-28T18:13:11.337+0000] {dag.py:3954} INFO - Setting next_dagrun for example_xcom_args_with_operators to None, run_after=None
[2024-05-28T18:13:11.380+0000] {processor.py:183} INFO - Processing /home/airflow/.local/lib/python3.12/site-packages/airflow/example_dags/example_xcomargs.py took 0.199 seconds
[2024-05-28T18:13:43.948+0000] {processor.py:161} INFO - Started process (PID=776) to work on /home/airflow/.local/lib/python3.12/site-packages/airflow/example_dags/example_xcomargs.py
[2024-05-28T18:13:43.954+0000] {processor.py:830} INFO - Processing file /home/airflow/.local/lib/python3.12/site-packages/airflow/example_dags/example_xcomargs.py for tasks to queue
[2024-05-28T18:13:43.964+0000] {logging_mixin.py:188} INFO - [2024-05-28T18:13:43.962+0000] {dagbag.py:545} INFO - Filling up the DagBag from /home/airflow/.local/lib/python3.12/site-packages/airflow/example_dags/example_xcomargs.py
[2024-05-28T18:13:43.989+0000] {processor.py:840} INFO - DAG(s) 'example_xcom_args_with_operators', 'example_xcom_args' retrieved from /home/airflow/.local/lib/python3.12/site-packages/airflow/example_dags/example_xcomargs.py
[2024-05-28T18:13:44.070+0000] {logging_mixin.py:188} INFO - [2024-05-28T18:13:44.069+0000] {dag.py:3096} INFO - Sync 2 DAGs
[2024-05-28T18:13:44.138+0000] {logging_mixin.py:188} INFO - [2024-05-28T18:13:44.137+0000] {dag.py:3954} INFO - Setting next_dagrun for example_xcom_args to None, run_after=None
[2024-05-28T18:13:44.156+0000] {logging_mixin.py:188} INFO - [2024-05-28T18:13:44.155+0000] {dag.py:3954} INFO - Setting next_dagrun for example_xcom_args_with_operators to None, run_after=None
[2024-05-28T18:13:44.208+0000] {processor.py:183} INFO - Processing /home/airflow/.local/lib/python3.12/site-packages/airflow/example_dags/example_xcomargs.py took 0.304 seconds
[2024-05-28T18:14:15.579+0000] {processor.py:161} INFO - Started process (PID=834) to work on /home/airflow/.local/lib/python3.12/site-packages/airflow/example_dags/example_xcomargs.py
[2024-05-28T18:14:15.585+0000] {processor.py:830} INFO - Processing file /home/airflow/.local/lib/python3.12/site-packages/airflow/example_dags/example_xcomargs.py for tasks to queue
[2024-05-28T18:14:15.593+0000] {logging_mixin.py:188} INFO - [2024-05-28T18:14:15.590+0000] {dagbag.py:545} INFO - Filling up the DagBag from /home/airflow/.local/lib/python3.12/site-packages/airflow/example_dags/example_xcomargs.py
[2024-05-28T18:14:15.639+0000] {processor.py:840} INFO - DAG(s) 'example_xcom_args_with_operators', 'example_xcom_args' retrieved from /home/airflow/.local/lib/python3.12/site-packages/airflow/example_dags/example_xcomargs.py
[2024-05-28T18:14:15.747+0000] {logging_mixin.py:188} INFO - [2024-05-28T18:14:15.746+0000] {dag.py:3096} INFO - Sync 2 DAGs
[2024-05-28T18:14:15.853+0000] {logging_mixin.py:188} INFO - [2024-05-28T18:14:15.851+0000] {dag.py:3954} INFO - Setting next_dagrun for example_xcom_args to None, run_after=None
[2024-05-28T18:14:15.878+0000] {logging_mixin.py:188} INFO - [2024-05-28T18:14:15.876+0000] {dag.py:3954} INFO - Setting next_dagrun for example_xcom_args_with_operators to None, run_after=None
[2024-05-28T18:14:16.010+0000] {processor.py:183} INFO - Processing /home/airflow/.local/lib/python3.12/site-packages/airflow/example_dags/example_xcomargs.py took 0.469 seconds
[2024-05-28T18:14:47.920+0000] {processor.py:161} INFO - Started process (PID=892) to work on /home/airflow/.local/lib/python3.12/site-packages/airflow/example_dags/example_xcomargs.py
[2024-05-28T18:14:47.924+0000] {processor.py:830} INFO - Processing file /home/airflow/.local/lib/python3.12/site-packages/airflow/example_dags/example_xcomargs.py for tasks to queue
[2024-05-28T18:14:47.930+0000] {logging_mixin.py:188} INFO - [2024-05-28T18:14:47.929+0000] {dagbag.py:545} INFO - Filling up the DagBag from /home/airflow/.local/lib/python3.12/site-packages/airflow/example_dags/example_xcomargs.py
[2024-05-28T18:14:47.968+0000] {processor.py:840} INFO - DAG(s) 'example_xcom_args', 'example_xcom_args_with_operators' retrieved from /home/airflow/.local/lib/python3.12/site-packages/airflow/example_dags/example_xcomargs.py
[2024-05-28T18:14:48.057+0000] {logging_mixin.py:188} INFO - [2024-05-28T18:14:48.056+0000] {dag.py:3096} INFO - Sync 2 DAGs
[2024-05-28T18:14:48.111+0000] {logging_mixin.py:188} INFO - [2024-05-28T18:14:48.110+0000] {dag.py:3954} INFO - Setting next_dagrun for example_xcom_args to None, run_after=None
[2024-05-28T18:14:48.125+0000] {logging_mixin.py:188} INFO - [2024-05-28T18:14:48.124+0000] {dag.py:3954} INFO - Setting next_dagrun for example_xcom_args_with_operators to None, run_after=None
[2024-05-28T18:14:48.204+0000] {processor.py:183} INFO - Processing /home/airflow/.local/lib/python3.12/site-packages/airflow/example_dags/example_xcomargs.py took 0.304 seconds
[2024-05-28T18:15:23.164+0000] {processor.py:161} INFO - Started process (PID=955) to work on /home/airflow/.local/lib/python3.12/site-packages/airflow/example_dags/example_xcomargs.py
[2024-05-28T18:15:23.173+0000] {processor.py:830} INFO - Processing file /home/airflow/.local/lib/python3.12/site-packages/airflow/example_dags/example_xcomargs.py for tasks to queue
[2024-05-28T18:15:23.184+0000] {logging_mixin.py:188} INFO - [2024-05-28T18:15:23.182+0000] {dagbag.py:545} INFO - Filling up the DagBag from /home/airflow/.local/lib/python3.12/site-packages/airflow/example_dags/example_xcomargs.py
[2024-05-28T18:15:23.256+0000] {processor.py:840} INFO - DAG(s) 'example_xcom_args_with_operators', 'example_xcom_args' retrieved from /home/airflow/.local/lib/python3.12/site-packages/airflow/example_dags/example_xcomargs.py
[2024-05-28T18:15:23.421+0000] {logging_mixin.py:188} INFO - [2024-05-28T18:15:23.416+0000] {dag.py:3096} INFO - Sync 2 DAGs
[2024-05-28T18:15:23.550+0000] {logging_mixin.py:188} INFO - [2024-05-28T18:15:23.548+0000] {dag.py:3954} INFO - Setting next_dagrun for example_xcom_args to None, run_after=None
[2024-05-28T18:15:23.581+0000] {logging_mixin.py:188} INFO - [2024-05-28T18:15:23.581+0000] {dag.py:3954} INFO - Setting next_dagrun for example_xcom_args_with_operators to None, run_after=None
[2024-05-28T18:15:23.742+0000] {processor.py:183} INFO - Processing /home/airflow/.local/lib/python3.12/site-packages/airflow/example_dags/example_xcomargs.py took 0.624 seconds
[2024-05-28T18:15:54.767+0000] {processor.py:161} INFO - Started process (PID=1013) to work on /home/airflow/.local/lib/python3.12/site-packages/airflow/example_dags/example_xcomargs.py
[2024-05-28T18:15:54.769+0000] {processor.py:830} INFO - Processing file /home/airflow/.local/lib/python3.12/site-packages/airflow/example_dags/example_xcomargs.py for tasks to queue
[2024-05-28T18:15:54.773+0000] {logging_mixin.py:188} INFO - [2024-05-28T18:15:54.772+0000] {dagbag.py:545} INFO - Filling up the DagBag from /home/airflow/.local/lib/python3.12/site-packages/airflow/example_dags/example_xcomargs.py
[2024-05-28T18:15:54.804+0000] {processor.py:840} INFO - DAG(s) 'example_xcom_args', 'example_xcom_args_with_operators' retrieved from /home/airflow/.local/lib/python3.12/site-packages/airflow/example_dags/example_xcomargs.py
[2024-05-28T18:15:54.873+0000] {logging_mixin.py:188} INFO - [2024-05-28T18:15:54.872+0000] {dag.py:3096} INFO - Sync 2 DAGs
[2024-05-28T18:15:54.919+0000] {logging_mixin.py:188} INFO - [2024-05-28T18:15:54.918+0000] {dag.py:3954} INFO - Setting next_dagrun for example_xcom_args to None, run_after=None
[2024-05-28T18:15:54.930+0000] {logging_mixin.py:188} INFO - [2024-05-28T18:15:54.929+0000] {dag.py:3954} INFO - Setting next_dagrun for example_xcom_args_with_operators to None, run_after=None
[2024-05-28T18:15:55.012+0000] {processor.py:183} INFO - Processing /home/airflow/.local/lib/python3.12/site-packages/airflow/example_dags/example_xcomargs.py took 0.264 seconds
[2024-05-28T18:16:30.575+0000] {processor.py:161} INFO - Started process (PID=1072) to work on /home/airflow/.local/lib/python3.12/site-packages/airflow/example_dags/example_xcomargs.py
[2024-05-28T18:16:30.595+0000] {processor.py:830} INFO - Processing file /home/airflow/.local/lib/python3.12/site-packages/airflow/example_dags/example_xcomargs.py for tasks to queue
[2024-05-28T18:16:30.612+0000] {logging_mixin.py:188} INFO - [2024-05-28T18:16:30.601+0000] {dagbag.py:545} INFO - Filling up the DagBag from /home/airflow/.local/lib/python3.12/site-packages/airflow/example_dags/example_xcomargs.py
[2024-05-28T18:16:30.710+0000] {processor.py:840} INFO - DAG(s) 'example_xcom_args_with_operators', 'example_xcom_args' retrieved from /home/airflow/.local/lib/python3.12/site-packages/airflow/example_dags/example_xcomargs.py
[2024-05-28T18:16:31.000+0000] {logging_mixin.py:188} INFO - [2024-05-28T18:16:30.998+0000] {dag.py:3096} INFO - Sync 2 DAGs
[2024-05-28T18:16:31.125+0000] {logging_mixin.py:188} INFO - [2024-05-28T18:16:31.124+0000] {dag.py:3954} INFO - Setting next_dagrun for example_xcom_args to None, run_after=None
[2024-05-28T18:16:31.159+0000] {logging_mixin.py:188} INFO - [2024-05-28T18:16:31.158+0000] {dag.py:3954} INFO - Setting next_dagrun for example_xcom_args_with_operators to None, run_after=None
[2024-05-28T18:16:31.429+0000] {processor.py:183} INFO - Processing /home/airflow/.local/lib/python3.12/site-packages/airflow/example_dags/example_xcomargs.py took 0.914 seconds
[2024-05-28T18:17:04.395+0000] {processor.py:161} INFO - Started process (PID=1129) to work on /home/airflow/.local/lib/python3.12/site-packages/airflow/example_dags/example_xcomargs.py
[2024-05-28T18:17:04.400+0000] {processor.py:830} INFO - Processing file /home/airflow/.local/lib/python3.12/site-packages/airflow/example_dags/example_xcomargs.py for tasks to queue
[2024-05-28T18:17:04.407+0000] {logging_mixin.py:188} INFO - [2024-05-28T18:17:04.406+0000] {dagbag.py:545} INFO - Filling up the DagBag from /home/airflow/.local/lib/python3.12/site-packages/airflow/example_dags/example_xcomargs.py
[2024-05-28T18:17:04.448+0000] {processor.py:840} INFO - DAG(s) 'example_xcom_args_with_operators', 'example_xcom_args' retrieved from /home/airflow/.local/lib/python3.12/site-packages/airflow/example_dags/example_xcomargs.py
[2024-05-28T18:17:04.618+0000] {logging_mixin.py:188} INFO - [2024-05-28T18:17:04.617+0000] {dag.py:3096} INFO - Sync 2 DAGs
[2024-05-28T18:17:04.802+0000] {logging_mixin.py:188} INFO - [2024-05-28T18:17:04.791+0000] {dag.py:3954} INFO - Setting next_dagrun for example_xcom_args to None, run_after=None
[2024-05-28T18:17:04.854+0000] {logging_mixin.py:188} INFO - [2024-05-28T18:17:04.849+0000] {dag.py:3954} INFO - Setting next_dagrun for example_xcom_args_with_operators to None, run_after=None
[2024-05-28T18:17:05.104+0000] {processor.py:183} INFO - Processing /home/airflow/.local/lib/python3.12/site-packages/airflow/example_dags/example_xcomargs.py took 0.736 seconds
[2024-05-28T18:17:35.601+0000] {processor.py:161} INFO - Started process (PID=1187) to work on /home/airflow/.local/lib/python3.12/site-packages/airflow/example_dags/example_xcomargs.py
[2024-05-28T18:17:35.605+0000] {processor.py:830} INFO - Processing file /home/airflow/.local/lib/python3.12/site-packages/airflow/example_dags/example_xcomargs.py for tasks to queue
[2024-05-28T18:17:35.611+0000] {logging_mixin.py:188} INFO - [2024-05-28T18:17:35.610+0000] {dagbag.py:545} INFO - Filling up the DagBag from /home/airflow/.local/lib/python3.12/site-packages/airflow/example_dags/example_xcomargs.py
[2024-05-28T18:17:35.644+0000] {processor.py:840} INFO - DAG(s) 'example_xcom_args', 'example_xcom_args_with_operators' retrieved from /home/airflow/.local/lib/python3.12/site-packages/airflow/example_dags/example_xcomargs.py
[2024-05-28T18:17:35.744+0000] {logging_mixin.py:188} INFO - [2024-05-28T18:17:35.743+0000] {dag.py:3096} INFO - Sync 2 DAGs
[2024-05-28T18:17:35.776+0000] {logging_mixin.py:188} INFO - [2024-05-28T18:17:35.775+0000] {dag.py:3954} INFO - Setting next_dagrun for example_xcom_args to None, run_after=None
[2024-05-28T18:17:35.783+0000] {logging_mixin.py:188} INFO - [2024-05-28T18:17:35.783+0000] {dag.py:3954} INFO - Setting next_dagrun for example_xcom_args_with_operators to None, run_after=None
[2024-05-28T18:17:35.818+0000] {processor.py:183} INFO - Processing /home/airflow/.local/lib/python3.12/site-packages/airflow/example_dags/example_xcomargs.py took 0.238 seconds
[2024-05-28T18:18:06.268+0000] {processor.py:161} INFO - Started process (PID=1245) to work on /home/airflow/.local/lib/python3.12/site-packages/airflow/example_dags/example_xcomargs.py
[2024-05-28T18:18:06.275+0000] {processor.py:830} INFO - Processing file /home/airflow/.local/lib/python3.12/site-packages/airflow/example_dags/example_xcomargs.py for tasks to queue
[2024-05-28T18:18:06.285+0000] {logging_mixin.py:188} INFO - [2024-05-28T18:18:06.283+0000] {dagbag.py:545} INFO - Filling up the DagBag from /home/airflow/.local/lib/python3.12/site-packages/airflow/example_dags/example_xcomargs.py
[2024-05-28T18:18:06.332+0000] {processor.py:840} INFO - DAG(s) 'example_xcom_args_with_operators', 'example_xcom_args' retrieved from /home/airflow/.local/lib/python3.12/site-packages/airflow/example_dags/example_xcomargs.py
[2024-05-28T18:18:06.567+0000] {logging_mixin.py:188} INFO - [2024-05-28T18:18:06.566+0000] {dag.py:3096} INFO - Sync 2 DAGs
[2024-05-28T18:18:06.785+0000] {logging_mixin.py:188} INFO - [2024-05-28T18:18:06.772+0000] {dag.py:3954} INFO - Setting next_dagrun for example_xcom_args to None, run_after=None
[2024-05-28T18:18:06.864+0000] {logging_mixin.py:188} INFO - [2024-05-28T18:18:06.863+0000] {dag.py:3954} INFO - Setting next_dagrun for example_xcom_args_with_operators to None, run_after=None
[2024-05-28T18:18:07.012+0000] {processor.py:183} INFO - Processing /home/airflow/.local/lib/python3.12/site-packages/airflow/example_dags/example_xcomargs.py took 0.781 seconds
[2024-05-28T18:18:37.590+0000] {processor.py:161} INFO - Started process (PID=1303) to work on /home/airflow/.local/lib/python3.12/site-packages/airflow/example_dags/example_xcomargs.py
[2024-05-28T18:18:37.602+0000] {processor.py:830} INFO - Processing file /home/airflow/.local/lib/python3.12/site-packages/airflow/example_dags/example_xcomargs.py for tasks to queue
[2024-05-28T18:18:37.607+0000] {logging_mixin.py:188} INFO - [2024-05-28T18:18:37.606+0000] {dagbag.py:545} INFO - Filling up the DagBag from /home/airflow/.local/lib/python3.12/site-packages/airflow/example_dags/example_xcomargs.py
[2024-05-28T18:18:37.647+0000] {processor.py:840} INFO - DAG(s) 'example_xcom_args', 'example_xcom_args_with_operators' retrieved from /home/airflow/.local/lib/python3.12/site-packages/airflow/example_dags/example_xcomargs.py
[2024-05-28T18:18:37.718+0000] {logging_mixin.py:188} INFO - [2024-05-28T18:18:37.717+0000] {dag.py:3096} INFO - Sync 2 DAGs
[2024-05-28T18:18:37.806+0000] {logging_mixin.py:188} INFO - [2024-05-28T18:18:37.805+0000] {dag.py:3954} INFO - Setting next_dagrun for example_xcom_args to None, run_after=None
[2024-05-28T18:18:37.815+0000] {logging_mixin.py:188} INFO - [2024-05-28T18:18:37.814+0000] {dag.py:3954} INFO - Setting next_dagrun for example_xcom_args_with_operators to None, run_after=None
[2024-05-28T18:18:37.855+0000] {processor.py:183} INFO - Processing /home/airflow/.local/lib/python3.12/site-packages/airflow/example_dags/example_xcomargs.py took 0.281 seconds
[2024-05-28T18:19:08.452+0000] {processor.py:161} INFO - Started process (PID=1361) to work on /home/airflow/.local/lib/python3.12/site-packages/airflow/example_dags/example_xcomargs.py
[2024-05-28T18:19:08.454+0000] {processor.py:830} INFO - Processing file /home/airflow/.local/lib/python3.12/site-packages/airflow/example_dags/example_xcomargs.py for tasks to queue
[2024-05-28T18:19:08.459+0000] {logging_mixin.py:188} INFO - [2024-05-28T18:19:08.458+0000] {dagbag.py:545} INFO - Filling up the DagBag from /home/airflow/.local/lib/python3.12/site-packages/airflow/example_dags/example_xcomargs.py
[2024-05-28T18:19:08.484+0000] {processor.py:840} INFO - DAG(s) 'example_xcom_args_with_operators', 'example_xcom_args' retrieved from /home/airflow/.local/lib/python3.12/site-packages/airflow/example_dags/example_xcomargs.py
[2024-05-28T18:19:08.601+0000] {logging_mixin.py:188} INFO - [2024-05-28T18:19:08.600+0000] {dag.py:3096} INFO - Sync 2 DAGs
[2024-05-28T18:19:08.663+0000] {logging_mixin.py:188} INFO - [2024-05-28T18:19:08.663+0000] {dag.py:3954} INFO - Setting next_dagrun for example_xcom_args to None, run_after=None
[2024-05-28T18:19:08.677+0000] {logging_mixin.py:188} INFO - [2024-05-28T18:19:08.676+0000] {dag.py:3954} INFO - Setting next_dagrun for example_xcom_args_with_operators to None, run_after=None
[2024-05-28T18:19:08.744+0000] {processor.py:183} INFO - Processing /home/airflow/.local/lib/python3.12/site-packages/airflow/example_dags/example_xcomargs.py took 0.315 seconds
[2024-05-28T18:19:39.122+0000] {processor.py:161} INFO - Started process (PID=1418) to work on /home/airflow/.local/lib/python3.12/site-packages/airflow/example_dags/example_xcomargs.py
[2024-05-28T18:19:39.143+0000] {processor.py:830} INFO - Processing file /home/airflow/.local/lib/python3.12/site-packages/airflow/example_dags/example_xcomargs.py for tasks to queue
[2024-05-28T18:19:39.161+0000] {logging_mixin.py:188} INFO - [2024-05-28T18:19:39.158+0000] {dagbag.py:545} INFO - Filling up the DagBag from /home/airflow/.local/lib/python3.12/site-packages/airflow/example_dags/example_xcomargs.py
[2024-05-28T18:19:39.243+0000] {processor.py:840} INFO - DAG(s) 'example_xcom_args_with_operators', 'example_xcom_args' retrieved from /home/airflow/.local/lib/python3.12/site-packages/airflow/example_dags/example_xcomargs.py
[2024-05-28T18:19:39.507+0000] {logging_mixin.py:188} INFO - [2024-05-28T18:19:39.506+0000] {dag.py:3096} INFO - Sync 2 DAGs
[2024-05-28T18:19:39.625+0000] {logging_mixin.py:188} INFO - [2024-05-28T18:19:39.618+0000] {dag.py:3954} INFO - Setting next_dagrun for example_xcom_args to None, run_after=None
[2024-05-28T18:19:39.674+0000] {logging_mixin.py:188} INFO - [2024-05-28T18:19:39.673+0000] {dag.py:3954} INFO - Setting next_dagrun for example_xcom_args_with_operators to None, run_after=None
[2024-05-28T18:19:39.819+0000] {processor.py:183} INFO - Processing /home/airflow/.local/lib/python3.12/site-packages/airflow/example_dags/example_xcomargs.py took 0.739 seconds
[2024-05-28T18:20:10.422+0000] {processor.py:161} INFO - Started process (PID=1476) to work on /home/airflow/.local/lib/python3.12/site-packages/airflow/example_dags/example_xcomargs.py
[2024-05-28T18:20:10.431+0000] {processor.py:830} INFO - Processing file /home/airflow/.local/lib/python3.12/site-packages/airflow/example_dags/example_xcomargs.py for tasks to queue
[2024-05-28T18:20:10.449+0000] {logging_mixin.py:188} INFO - [2024-05-28T18:20:10.446+0000] {dagbag.py:545} INFO - Filling up the DagBag from /home/airflow/.local/lib/python3.12/site-packages/airflow/example_dags/example_xcomargs.py
[2024-05-28T18:20:10.476+0000] {processor.py:840} INFO - DAG(s) 'example_xcom_args', 'example_xcom_args_with_operators' retrieved from /home/airflow/.local/lib/python3.12/site-packages/airflow/example_dags/example_xcomargs.py
[2024-05-28T18:20:10.592+0000] {logging_mixin.py:188} INFO - [2024-05-28T18:20:10.591+0000] {dag.py:3096} INFO - Sync 2 DAGs
[2024-05-28T18:20:10.640+0000] {logging_mixin.py:188} INFO - [2024-05-28T18:20:10.639+0000] {dag.py:3954} INFO - Setting next_dagrun for example_xcom_args to None, run_after=None
[2024-05-28T18:20:10.648+0000] {logging_mixin.py:188} INFO - [2024-05-28T18:20:10.647+0000] {dag.py:3954} INFO - Setting next_dagrun for example_xcom_args_with_operators to None, run_after=None
[2024-05-28T18:20:10.689+0000] {processor.py:183} INFO - Processing /home/airflow/.local/lib/python3.12/site-packages/airflow/example_dags/example_xcomargs.py took 0.322 seconds
[2024-05-28T18:20:41.140+0000] {processor.py:161} INFO - Started process (PID=1532) to work on /home/airflow/.local/lib/python3.12/site-packages/airflow/example_dags/example_xcomargs.py
[2024-05-28T18:20:41.152+0000] {processor.py:830} INFO - Processing file /home/airflow/.local/lib/python3.12/site-packages/airflow/example_dags/example_xcomargs.py for tasks to queue
[2024-05-28T18:20:41.186+0000] {logging_mixin.py:188} INFO - [2024-05-28T18:20:41.185+0000] {dagbag.py:545} INFO - Filling up the DagBag from /home/airflow/.local/lib/python3.12/site-packages/airflow/example_dags/example_xcomargs.py
[2024-05-28T18:20:41.257+0000] {processor.py:840} INFO - DAG(s) 'example_xcom_args', 'example_xcom_args_with_operators' retrieved from /home/airflow/.local/lib/python3.12/site-packages/airflow/example_dags/example_xcomargs.py
[2024-05-28T18:20:41.455+0000] {logging_mixin.py:188} INFO - [2024-05-28T18:20:41.454+0000] {dag.py:3096} INFO - Sync 2 DAGs
[2024-05-28T18:20:41.562+0000] {logging_mixin.py:188} INFO - [2024-05-28T18:20:41.560+0000] {dag.py:3954} INFO - Setting next_dagrun for example_xcom_args to None, run_after=None
[2024-05-28T18:20:41.592+0000] {logging_mixin.py:188} INFO - [2024-05-28T18:20:41.591+0000] {dag.py:3954} INFO - Setting next_dagrun for example_xcom_args_with_operators to None, run_after=None
[2024-05-28T18:20:41.660+0000] {processor.py:183} INFO - Processing /home/airflow/.local/lib/python3.12/site-packages/airflow/example_dags/example_xcomargs.py took 0.582 seconds
[2024-05-28T18:21:12.388+0000] {processor.py:161} INFO - Started process (PID=1590) to work on /home/airflow/.local/lib/python3.12/site-packages/airflow/example_dags/example_xcomargs.py
[2024-05-28T18:21:12.427+0000] {processor.py:830} INFO - Processing file /home/airflow/.local/lib/python3.12/site-packages/airflow/example_dags/example_xcomargs.py for tasks to queue
[2024-05-28T18:21:12.466+0000] {logging_mixin.py:188} INFO - [2024-05-28T18:21:12.466+0000] {dagbag.py:545} INFO - Filling up the DagBag from /home/airflow/.local/lib/python3.12/site-packages/airflow/example_dags/example_xcomargs.py
[2024-05-28T18:21:12.507+0000] {processor.py:840} INFO - DAG(s) 'example_xcom_args', 'example_xcom_args_with_operators' retrieved from /home/airflow/.local/lib/python3.12/site-packages/airflow/example_dags/example_xcomargs.py
[2024-05-28T18:21:12.565+0000] {logging_mixin.py:188} INFO - [2024-05-28T18:21:12.564+0000] {dag.py:3096} INFO - Sync 2 DAGs
[2024-05-28T18:21:12.603+0000] {logging_mixin.py:188} INFO - [2024-05-28T18:21:12.602+0000] {dag.py:3954} INFO - Setting next_dagrun for example_xcom_args to None, run_after=None
[2024-05-28T18:21:12.613+0000] {logging_mixin.py:188} INFO - [2024-05-28T18:21:12.613+0000] {dag.py:3954} INFO - Setting next_dagrun for example_xcom_args_with_operators to None, run_after=None
[2024-05-28T18:21:12.655+0000] {processor.py:183} INFO - Processing /home/airflow/.local/lib/python3.12/site-packages/airflow/example_dags/example_xcomargs.py took 0.294 seconds
[2024-05-28T18:21:43.481+0000] {processor.py:161} INFO - Started process (PID=1648) to work on /home/airflow/.local/lib/python3.12/site-packages/airflow/example_dags/example_xcomargs.py
[2024-05-28T18:21:43.501+0000] {processor.py:830} INFO - Processing file /home/airflow/.local/lib/python3.12/site-packages/airflow/example_dags/example_xcomargs.py for tasks to queue
[2024-05-28T18:21:43.522+0000] {logging_mixin.py:188} INFO - [2024-05-28T18:21:43.520+0000] {dagbag.py:545} INFO - Filling up the DagBag from /home/airflow/.local/lib/python3.12/site-packages/airflow/example_dags/example_xcomargs.py
[2024-05-28T18:21:43.642+0000] {processor.py:840} INFO - DAG(s) 'example_xcom_args', 'example_xcom_args_with_operators' retrieved from /home/airflow/.local/lib/python3.12/site-packages/airflow/example_dags/example_xcomargs.py
[2024-05-28T18:21:43.813+0000] {logging_mixin.py:188} INFO - [2024-05-28T18:21:43.812+0000] {dag.py:3096} INFO - Sync 2 DAGs
[2024-05-28T18:21:43.944+0000] {logging_mixin.py:188} INFO - [2024-05-28T18:21:43.942+0000] {dag.py:3954} INFO - Setting next_dagrun for example_xcom_args to None, run_after=None
[2024-05-28T18:21:44.016+0000] {logging_mixin.py:188} INFO - [2024-05-28T18:21:44.013+0000] {dag.py:3954} INFO - Setting next_dagrun for example_xcom_args_with_operators to None, run_after=None
[2024-05-28T18:21:44.203+0000] {processor.py:183} INFO - Processing /home/airflow/.local/lib/python3.12/site-packages/airflow/example_dags/example_xcomargs.py took 0.788 seconds
