[2024-05-28T18:07:25.631+0000] {processor.py:161} INFO - Started process (PID=79) to work on /home/airflow/.local/lib/python3.12/site-packages/airflow/example_dags/example_task_group_decorator.py
[2024-05-28T18:07:25.634+0000] {processor.py:830} INFO - Processing file /home/airflow/.local/lib/python3.12/site-packages/airflow/example_dags/example_task_group_decorator.py for tasks to queue
[2024-05-28T18:07:25.640+0000] {logging_mixin.py:188} INFO - [2024-05-28T18:07:25.639+0000] {dagbag.py:545} INFO - Filling up the DagBag from /home/airflow/.local/lib/python3.12/site-packages/airflow/example_dags/example_task_group_decorator.py
[2024-05-28T18:07:25.712+0000] {processor.py:840} INFO - DAG(s) 'example_task_group_decorator' retrieved from /home/airflow/.local/lib/python3.12/site-packages/airflow/example_dags/example_task_group_decorator.py
[2024-05-28T18:07:26.306+0000] {logging_mixin.py:188} INFO - [2024-05-28T18:07:26.305+0000] {dag.py:3096} INFO - Sync 1 DAGs
[2024-05-28T18:07:26.399+0000] {logging_mixin.py:188} INFO - [2024-05-28T18:07:26.398+0000] {dag.py:3954} INFO - Setting next_dagrun for example_task_group_decorator to 2024-05-27 00:00:00+00:00, run_after=2024-05-28 00:00:00+00:00
[2024-05-28T18:07:26.533+0000] {processor.py:183} INFO - Processing /home/airflow/.local/lib/python3.12/site-packages/airflow/example_dags/example_task_group_decorator.py took 0.927 seconds
[2024-05-28T18:07:57.709+0000] {processor.py:161} INFO - Started process (PID=137) to work on /home/airflow/.local/lib/python3.12/site-packages/airflow/example_dags/example_task_group_decorator.py
[2024-05-28T18:07:57.712+0000] {processor.py:830} INFO - Processing file /home/airflow/.local/lib/python3.12/site-packages/airflow/example_dags/example_task_group_decorator.py for tasks to queue
[2024-05-28T18:07:57.723+0000] {logging_mixin.py:188} INFO - [2024-05-28T18:07:57.722+0000] {dagbag.py:545} INFO - Filling up the DagBag from /home/airflow/.local/lib/python3.12/site-packages/airflow/example_dags/example_task_group_decorator.py
[2024-05-28T18:07:57.927+0000] {processor.py:840} INFO - DAG(s) 'example_task_group_decorator' retrieved from /home/airflow/.local/lib/python3.12/site-packages/airflow/example_dags/example_task_group_decorator.py
[2024-05-28T18:07:58.231+0000] {logging_mixin.py:188} INFO - [2024-05-28T18:07:58.230+0000] {dag.py:3096} INFO - Sync 1 DAGs
[2024-05-28T18:07:58.407+0000] {logging_mixin.py:188} INFO - [2024-05-28T18:07:58.406+0000] {dag.py:3954} INFO - Setting next_dagrun for example_task_group_decorator to 2024-05-27 00:00:00+00:00, run_after=2024-05-28 00:00:00+00:00
[2024-05-28T18:07:58.567+0000] {processor.py:183} INFO - Processing /home/airflow/.local/lib/python3.12/site-packages/airflow/example_dags/example_task_group_decorator.py took 0.892 seconds
[2024-05-28T18:08:29.071+0000] {processor.py:161} INFO - Started process (PID=195) to work on /home/airflow/.local/lib/python3.12/site-packages/airflow/example_dags/example_task_group_decorator.py
[2024-05-28T18:08:29.074+0000] {processor.py:830} INFO - Processing file /home/airflow/.local/lib/python3.12/site-packages/airflow/example_dags/example_task_group_decorator.py for tasks to queue
[2024-05-28T18:08:29.082+0000] {logging_mixin.py:188} INFO - [2024-05-28T18:08:29.081+0000] {dagbag.py:545} INFO - Filling up the DagBag from /home/airflow/.local/lib/python3.12/site-packages/airflow/example_dags/example_task_group_decorator.py
[2024-05-28T18:08:29.133+0000] {processor.py:840} INFO - DAG(s) 'example_task_group_decorator' retrieved from /home/airflow/.local/lib/python3.12/site-packages/airflow/example_dags/example_task_group_decorator.py
[2024-05-28T18:08:29.205+0000] {logging_mixin.py:188} INFO - [2024-05-28T18:08:29.204+0000] {dag.py:3096} INFO - Sync 1 DAGs
[2024-05-28T18:08:29.271+0000] {logging_mixin.py:188} INFO - [2024-05-28T18:08:29.271+0000] {dag.py:3954} INFO - Setting next_dagrun for example_task_group_decorator to 2024-05-27 00:00:00+00:00, run_after=2024-05-28 00:00:00+00:00
[2024-05-28T18:08:29.337+0000] {processor.py:183} INFO - Processing /home/airflow/.local/lib/python3.12/site-packages/airflow/example_dags/example_task_group_decorator.py took 0.288 seconds
[2024-05-28T18:08:59.900+0000] {processor.py:161} INFO - Started process (PID=253) to work on /home/airflow/.local/lib/python3.12/site-packages/airflow/example_dags/example_task_group_decorator.py
[2024-05-28T18:08:59.905+0000] {processor.py:830} INFO - Processing file /home/airflow/.local/lib/python3.12/site-packages/airflow/example_dags/example_task_group_decorator.py for tasks to queue
[2024-05-28T18:08:59.915+0000] {logging_mixin.py:188} INFO - [2024-05-28T18:08:59.913+0000] {dagbag.py:545} INFO - Filling up the DagBag from /home/airflow/.local/lib/python3.12/site-packages/airflow/example_dags/example_task_group_decorator.py
[2024-05-28T18:09:00.034+0000] {processor.py:840} INFO - DAG(s) 'example_task_group_decorator' retrieved from /home/airflow/.local/lib/python3.12/site-packages/airflow/example_dags/example_task_group_decorator.py
[2024-05-28T18:09:00.100+0000] {logging_mixin.py:188} INFO - [2024-05-28T18:09:00.099+0000] {dag.py:3096} INFO - Sync 1 DAGs
[2024-05-28T18:09:00.160+0000] {logging_mixin.py:188} INFO - [2024-05-28T18:09:00.159+0000] {dag.py:3954} INFO - Setting next_dagrun for example_task_group_decorator to 2024-05-27 00:00:00+00:00, run_after=2024-05-28 00:00:00+00:00
[2024-05-28T18:09:00.201+0000] {processor.py:183} INFO - Processing /home/airflow/.local/lib/python3.12/site-packages/airflow/example_dags/example_task_group_decorator.py took 0.336 seconds
[2024-05-28T18:09:30.984+0000] {processor.py:161} INFO - Started process (PID=311) to work on /home/airflow/.local/lib/python3.12/site-packages/airflow/example_dags/example_task_group_decorator.py
[2024-05-28T18:09:30.987+0000] {processor.py:830} INFO - Processing file /home/airflow/.local/lib/python3.12/site-packages/airflow/example_dags/example_task_group_decorator.py for tasks to queue
[2024-05-28T18:09:30.992+0000] {logging_mixin.py:188} INFO - [2024-05-28T18:09:30.992+0000] {dagbag.py:545} INFO - Filling up the DagBag from /home/airflow/.local/lib/python3.12/site-packages/airflow/example_dags/example_task_group_decorator.py
[2024-05-28T18:09:31.034+0000] {processor.py:840} INFO - DAG(s) 'example_task_group_decorator' retrieved from /home/airflow/.local/lib/python3.12/site-packages/airflow/example_dags/example_task_group_decorator.py
[2024-05-28T18:09:31.095+0000] {logging_mixin.py:188} INFO - [2024-05-28T18:09:31.095+0000] {dag.py:3096} INFO - Sync 1 DAGs
[2024-05-28T18:09:31.151+0000] {logging_mixin.py:188} INFO - [2024-05-28T18:09:31.151+0000] {dag.py:3954} INFO - Setting next_dagrun for example_task_group_decorator to 2024-05-27 00:00:00+00:00, run_after=2024-05-28 00:00:00+00:00
[2024-05-28T18:09:31.200+0000] {processor.py:183} INFO - Processing /home/airflow/.local/lib/python3.12/site-packages/airflow/example_dags/example_task_group_decorator.py took 0.261 seconds
[2024-05-28T18:10:01.396+0000] {processor.py:161} INFO - Started process (PID=369) to work on /home/airflow/.local/lib/python3.12/site-packages/airflow/example_dags/example_task_group_decorator.py
[2024-05-28T18:10:01.399+0000] {processor.py:830} INFO - Processing file /home/airflow/.local/lib/python3.12/site-packages/airflow/example_dags/example_task_group_decorator.py for tasks to queue
[2024-05-28T18:10:01.408+0000] {logging_mixin.py:188} INFO - [2024-05-28T18:10:01.405+0000] {dagbag.py:545} INFO - Filling up the DagBag from /home/airflow/.local/lib/python3.12/site-packages/airflow/example_dags/example_task_group_decorator.py
[2024-05-28T18:10:01.480+0000] {processor.py:840} INFO - DAG(s) 'example_task_group_decorator' retrieved from /home/airflow/.local/lib/python3.12/site-packages/airflow/example_dags/example_task_group_decorator.py
[2024-05-28T18:10:01.544+0000] {logging_mixin.py:188} INFO - [2024-05-28T18:10:01.543+0000] {dag.py:3096} INFO - Sync 1 DAGs
[2024-05-28T18:10:01.597+0000] {logging_mixin.py:188} INFO - [2024-05-28T18:10:01.597+0000] {dag.py:3954} INFO - Setting next_dagrun for example_task_group_decorator to 2024-05-27 00:00:00+00:00, run_after=2024-05-28 00:00:00+00:00
[2024-05-28T18:10:01.648+0000] {processor.py:183} INFO - Processing /home/airflow/.local/lib/python3.12/site-packages/airflow/example_dags/example_task_group_decorator.py took 0.286 seconds
[2024-05-28T18:10:32.506+0000] {processor.py:161} INFO - Started process (PID=427) to work on /home/airflow/.local/lib/python3.12/site-packages/airflow/example_dags/example_task_group_decorator.py
[2024-05-28T18:10:32.508+0000] {processor.py:830} INFO - Processing file /home/airflow/.local/lib/python3.12/site-packages/airflow/example_dags/example_task_group_decorator.py for tasks to queue
[2024-05-28T18:10:32.513+0000] {logging_mixin.py:188} INFO - [2024-05-28T18:10:32.512+0000] {dagbag.py:545} INFO - Filling up the DagBag from /home/airflow/.local/lib/python3.12/site-packages/airflow/example_dags/example_task_group_decorator.py
[2024-05-28T18:10:32.556+0000] {processor.py:840} INFO - DAG(s) 'example_task_group_decorator' retrieved from /home/airflow/.local/lib/python3.12/site-packages/airflow/example_dags/example_task_group_decorator.py
[2024-05-28T18:10:32.631+0000] {logging_mixin.py:188} INFO - [2024-05-28T18:10:32.630+0000] {dag.py:3096} INFO - Sync 1 DAGs
[2024-05-28T18:10:32.687+0000] {logging_mixin.py:188} INFO - [2024-05-28T18:10:32.686+0000] {dag.py:3954} INFO - Setting next_dagrun for example_task_group_decorator to 2024-05-27 00:00:00+00:00, run_after=2024-05-28 00:00:00+00:00
[2024-05-28T18:10:32.738+0000] {processor.py:183} INFO - Processing /home/airflow/.local/lib/python3.12/site-packages/airflow/example_dags/example_task_group_decorator.py took 0.252 seconds
[2024-05-28T18:11:03.624+0000] {processor.py:161} INFO - Started process (PID=485) to work on /home/airflow/.local/lib/python3.12/site-packages/airflow/example_dags/example_task_group_decorator.py
[2024-05-28T18:11:03.627+0000] {processor.py:830} INFO - Processing file /home/airflow/.local/lib/python3.12/site-packages/airflow/example_dags/example_task_group_decorator.py for tasks to queue
[2024-05-28T18:11:03.634+0000] {logging_mixin.py:188} INFO - [2024-05-28T18:11:03.633+0000] {dagbag.py:545} INFO - Filling up the DagBag from /home/airflow/.local/lib/python3.12/site-packages/airflow/example_dags/example_task_group_decorator.py
[2024-05-28T18:11:03.692+0000] {processor.py:840} INFO - DAG(s) 'example_task_group_decorator' retrieved from /home/airflow/.local/lib/python3.12/site-packages/airflow/example_dags/example_task_group_decorator.py
[2024-05-28T18:11:03.763+0000] {logging_mixin.py:188} INFO - [2024-05-28T18:11:03.762+0000] {dag.py:3096} INFO - Sync 1 DAGs
[2024-05-28T18:11:03.824+0000] {logging_mixin.py:188} INFO - [2024-05-28T18:11:03.823+0000] {dag.py:3954} INFO - Setting next_dagrun for example_task_group_decorator to 2024-05-27 00:00:00+00:00, run_after=2024-05-28 00:00:00+00:00
[2024-05-28T18:11:03.892+0000] {processor.py:183} INFO - Processing /home/airflow/.local/lib/python3.12/site-packages/airflow/example_dags/example_task_group_decorator.py took 0.295 seconds
[2024-05-28T18:11:37.650+0000] {processor.py:161} INFO - Started process (PID=541) to work on /home/airflow/.local/lib/python3.12/site-packages/airflow/example_dags/example_task_group_decorator.py
[2024-05-28T18:11:37.654+0000] {processor.py:830} INFO - Processing file /home/airflow/.local/lib/python3.12/site-packages/airflow/example_dags/example_task_group_decorator.py for tasks to queue
[2024-05-28T18:11:37.668+0000] {logging_mixin.py:188} INFO - [2024-05-28T18:11:37.666+0000] {dagbag.py:545} INFO - Filling up the DagBag from /home/airflow/.local/lib/python3.12/site-packages/airflow/example_dags/example_task_group_decorator.py
[2024-05-28T18:11:37.787+0000] {processor.py:840} INFO - DAG(s) 'example_task_group_decorator' retrieved from /home/airflow/.local/lib/python3.12/site-packages/airflow/example_dags/example_task_group_decorator.py
[2024-05-28T18:11:38.008+0000] {logging_mixin.py:188} INFO - [2024-05-28T18:11:38.007+0000] {dag.py:3096} INFO - Sync 1 DAGs
[2024-05-28T18:11:38.156+0000] {logging_mixin.py:188} INFO - [2024-05-28T18:11:38.155+0000] {dag.py:3954} INFO - Setting next_dagrun for example_task_group_decorator to 2024-05-27 00:00:00+00:00, run_after=2024-05-28 00:00:00+00:00
[2024-05-28T18:11:38.297+0000] {processor.py:183} INFO - Processing /home/airflow/.local/lib/python3.12/site-packages/airflow/example_dags/example_task_group_decorator.py took 0.685 seconds
[2024-05-28T18:12:08.495+0000] {processor.py:161} INFO - Started process (PID=599) to work on /home/airflow/.local/lib/python3.12/site-packages/airflow/example_dags/example_task_group_decorator.py
[2024-05-28T18:12:08.499+0000] {processor.py:830} INFO - Processing file /home/airflow/.local/lib/python3.12/site-packages/airflow/example_dags/example_task_group_decorator.py for tasks to queue
[2024-05-28T18:12:08.505+0000] {logging_mixin.py:188} INFO - [2024-05-28T18:12:08.504+0000] {dagbag.py:545} INFO - Filling up the DagBag from /home/airflow/.local/lib/python3.12/site-packages/airflow/example_dags/example_task_group_decorator.py
[2024-05-28T18:12:08.551+0000] {processor.py:840} INFO - DAG(s) 'example_task_group_decorator' retrieved from /home/airflow/.local/lib/python3.12/site-packages/airflow/example_dags/example_task_group_decorator.py
[2024-05-28T18:12:08.664+0000] {logging_mixin.py:188} INFO - [2024-05-28T18:12:08.663+0000] {dag.py:3096} INFO - Sync 1 DAGs
[2024-05-28T18:12:08.747+0000] {logging_mixin.py:188} INFO - [2024-05-28T18:12:08.745+0000] {dag.py:3954} INFO - Setting next_dagrun for example_task_group_decorator to 2024-05-27 00:00:00+00:00, run_after=2024-05-28 00:00:00+00:00
[2024-05-28T18:12:08.817+0000] {processor.py:183} INFO - Processing /home/airflow/.local/lib/python3.12/site-packages/airflow/example_dags/example_task_group_decorator.py took 0.330 seconds
[2024-05-28T18:12:38.910+0000] {processor.py:161} INFO - Started process (PID=657) to work on /home/airflow/.local/lib/python3.12/site-packages/airflow/example_dags/example_task_group_decorator.py
[2024-05-28T18:12:38.913+0000] {processor.py:830} INFO - Processing file /home/airflow/.local/lib/python3.12/site-packages/airflow/example_dags/example_task_group_decorator.py for tasks to queue
[2024-05-28T18:12:38.918+0000] {logging_mixin.py:188} INFO - [2024-05-28T18:12:38.918+0000] {dagbag.py:545} INFO - Filling up the DagBag from /home/airflow/.local/lib/python3.12/site-packages/airflow/example_dags/example_task_group_decorator.py
[2024-05-28T18:12:38.981+0000] {processor.py:840} INFO - DAG(s) 'example_task_group_decorator' retrieved from /home/airflow/.local/lib/python3.12/site-packages/airflow/example_dags/example_task_group_decorator.py
[2024-05-28T18:12:39.060+0000] {logging_mixin.py:188} INFO - [2024-05-28T18:12:39.059+0000] {dag.py:3096} INFO - Sync 1 DAGs
[2024-05-28T18:12:39.126+0000] {logging_mixin.py:188} INFO - [2024-05-28T18:12:39.125+0000] {dag.py:3954} INFO - Setting next_dagrun for example_task_group_decorator to 2024-05-27 00:00:00+00:00, run_after=2024-05-28 00:00:00+00:00
[2024-05-28T18:12:39.176+0000] {processor.py:183} INFO - Processing /home/airflow/.local/lib/python3.12/site-packages/airflow/example_dags/example_task_group_decorator.py took 0.281 seconds
[2024-05-28T18:13:09.831+0000] {processor.py:161} INFO - Started process (PID=715) to work on /home/airflow/.local/lib/python3.12/site-packages/airflow/example_dags/example_task_group_decorator.py
[2024-05-28T18:13:09.835+0000] {processor.py:830} INFO - Processing file /home/airflow/.local/lib/python3.12/site-packages/airflow/example_dags/example_task_group_decorator.py for tasks to queue
[2024-05-28T18:13:09.841+0000] {logging_mixin.py:188} INFO - [2024-05-28T18:13:09.840+0000] {dagbag.py:545} INFO - Filling up the DagBag from /home/airflow/.local/lib/python3.12/site-packages/airflow/example_dags/example_task_group_decorator.py
[2024-05-28T18:13:09.908+0000] {processor.py:840} INFO - DAG(s) 'example_task_group_decorator' retrieved from /home/airflow/.local/lib/python3.12/site-packages/airflow/example_dags/example_task_group_decorator.py
[2024-05-28T18:13:10.060+0000] {logging_mixin.py:188} INFO - [2024-05-28T18:13:10.059+0000] {dag.py:3096} INFO - Sync 1 DAGs
[2024-05-28T18:13:10.142+0000] {logging_mixin.py:188} INFO - [2024-05-28T18:13:10.142+0000] {dag.py:3954} INFO - Setting next_dagrun for example_task_group_decorator to 2024-05-27 00:00:00+00:00, run_after=2024-05-28 00:00:00+00:00
[2024-05-28T18:13:10.212+0000] {processor.py:183} INFO - Processing /home/airflow/.local/lib/python3.12/site-packages/airflow/example_dags/example_task_group_decorator.py took 0.405 seconds
[2024-05-28T18:13:43.046+0000] {processor.py:161} INFO - Started process (PID=774) to work on /home/airflow/.local/lib/python3.12/site-packages/airflow/example_dags/example_task_group_decorator.py
[2024-05-28T18:13:43.048+0000] {processor.py:830} INFO - Processing file /home/airflow/.local/lib/python3.12/site-packages/airflow/example_dags/example_task_group_decorator.py for tasks to queue
[2024-05-28T18:13:43.054+0000] {logging_mixin.py:188} INFO - [2024-05-28T18:13:43.053+0000] {dagbag.py:545} INFO - Filling up the DagBag from /home/airflow/.local/lib/python3.12/site-packages/airflow/example_dags/example_task_group_decorator.py
[2024-05-28T18:13:43.189+0000] {processor.py:840} INFO - DAG(s) 'example_task_group_decorator' retrieved from /home/airflow/.local/lib/python3.12/site-packages/airflow/example_dags/example_task_group_decorator.py
[2024-05-28T18:13:43.422+0000] {logging_mixin.py:188} INFO - [2024-05-28T18:13:43.421+0000] {dag.py:3096} INFO - Sync 1 DAGs
[2024-05-28T18:13:43.672+0000] {logging_mixin.py:188} INFO - [2024-05-28T18:13:43.671+0000] {dag.py:3954} INFO - Setting next_dagrun for example_task_group_decorator to 2024-05-27 00:00:00+00:00, run_after=2024-05-28 00:00:00+00:00
[2024-05-28T18:13:43.784+0000] {processor.py:183} INFO - Processing /home/airflow/.local/lib/python3.12/site-packages/airflow/example_dags/example_task_group_decorator.py took 0.776 seconds
[2024-05-28T18:14:15.021+0000] {processor.py:161} INFO - Started process (PID=832) to work on /home/airflow/.local/lib/python3.12/site-packages/airflow/example_dags/example_task_group_decorator.py
[2024-05-28T18:14:15.027+0000] {processor.py:830} INFO - Processing file /home/airflow/.local/lib/python3.12/site-packages/airflow/example_dags/example_task_group_decorator.py for tasks to queue
[2024-05-28T18:14:15.036+0000] {logging_mixin.py:188} INFO - [2024-05-28T18:14:15.034+0000] {dagbag.py:545} INFO - Filling up the DagBag from /home/airflow/.local/lib/python3.12/site-packages/airflow/example_dags/example_task_group_decorator.py
[2024-05-28T18:14:15.111+0000] {processor.py:840} INFO - DAG(s) 'example_task_group_decorator' retrieved from /home/airflow/.local/lib/python3.12/site-packages/airflow/example_dags/example_task_group_decorator.py
[2024-05-28T18:14:15.216+0000] {logging_mixin.py:188} INFO - [2024-05-28T18:14:15.215+0000] {dag.py:3096} INFO - Sync 1 DAGs
[2024-05-28T18:14:15.333+0000] {logging_mixin.py:188} INFO - [2024-05-28T18:14:15.333+0000] {dag.py:3954} INFO - Setting next_dagrun for example_task_group_decorator to 2024-05-27 00:00:00+00:00, run_after=2024-05-28 00:00:00+00:00
[2024-05-28T18:14:15.448+0000] {processor.py:183} INFO - Processing /home/airflow/.local/lib/python3.12/site-packages/airflow/example_dags/example_task_group_decorator.py took 0.468 seconds
[2024-05-28T18:14:47.530+0000] {processor.py:161} INFO - Started process (PID=890) to work on /home/airflow/.local/lib/python3.12/site-packages/airflow/example_dags/example_task_group_decorator.py
[2024-05-28T18:14:47.532+0000] {processor.py:830} INFO - Processing file /home/airflow/.local/lib/python3.12/site-packages/airflow/example_dags/example_task_group_decorator.py for tasks to queue
[2024-05-28T18:14:47.538+0000] {logging_mixin.py:188} INFO - [2024-05-28T18:14:47.537+0000] {dagbag.py:545} INFO - Filling up the DagBag from /home/airflow/.local/lib/python3.12/site-packages/airflow/example_dags/example_task_group_decorator.py
[2024-05-28T18:14:47.600+0000] {processor.py:840} INFO - DAG(s) 'example_task_group_decorator' retrieved from /home/airflow/.local/lib/python3.12/site-packages/airflow/example_dags/example_task_group_decorator.py
[2024-05-28T18:14:47.683+0000] {logging_mixin.py:188} INFO - [2024-05-28T18:14:47.681+0000] {dag.py:3096} INFO - Sync 1 DAGs
[2024-05-28T18:14:47.755+0000] {logging_mixin.py:188} INFO - [2024-05-28T18:14:47.754+0000] {dag.py:3954} INFO - Setting next_dagrun for example_task_group_decorator to 2024-05-27 00:00:00+00:00, run_after=2024-05-28 00:00:00+00:00
[2024-05-28T18:14:47.807+0000] {processor.py:183} INFO - Processing /home/airflow/.local/lib/python3.12/site-packages/airflow/example_dags/example_task_group_decorator.py took 0.293 seconds
[2024-05-28T18:15:21.508+0000] {processor.py:161} INFO - Started process (PID=953) to work on /home/airflow/.local/lib/python3.12/site-packages/airflow/example_dags/example_task_group_decorator.py
[2024-05-28T18:15:21.522+0000] {processor.py:830} INFO - Processing file /home/airflow/.local/lib/python3.12/site-packages/airflow/example_dags/example_task_group_decorator.py for tasks to queue
[2024-05-28T18:15:21.547+0000] {logging_mixin.py:188} INFO - [2024-05-28T18:15:21.546+0000] {dagbag.py:545} INFO - Filling up the DagBag from /home/airflow/.local/lib/python3.12/site-packages/airflow/example_dags/example_task_group_decorator.py
[2024-05-28T18:15:21.845+0000] {processor.py:840} INFO - DAG(s) 'example_task_group_decorator' retrieved from /home/airflow/.local/lib/python3.12/site-packages/airflow/example_dags/example_task_group_decorator.py
[2024-05-28T18:15:22.209+0000] {logging_mixin.py:188} INFO - [2024-05-28T18:15:22.199+0000] {dag.py:3096} INFO - Sync 1 DAGs
[2024-05-28T18:15:22.687+0000] {logging_mixin.py:188} INFO - [2024-05-28T18:15:22.686+0000] {dag.py:3954} INFO - Setting next_dagrun for example_task_group_decorator to 2024-05-27 00:00:00+00:00, run_after=2024-05-28 00:00:00+00:00
[2024-05-28T18:15:22.977+0000] {processor.py:183} INFO - Processing /home/airflow/.local/lib/python3.12/site-packages/airflow/example_dags/example_task_group_decorator.py took 1.549 seconds
[2024-05-28T18:15:53.737+0000] {processor.py:161} INFO - Started process (PID=1011) to work on /home/airflow/.local/lib/python3.12/site-packages/airflow/example_dags/example_task_group_decorator.py
[2024-05-28T18:15:53.744+0000] {processor.py:830} INFO - Processing file /home/airflow/.local/lib/python3.12/site-packages/airflow/example_dags/example_task_group_decorator.py for tasks to queue
[2024-05-28T18:15:53.759+0000] {logging_mixin.py:188} INFO - [2024-05-28T18:15:53.757+0000] {dagbag.py:545} INFO - Filling up the DagBag from /home/airflow/.local/lib/python3.12/site-packages/airflow/example_dags/example_task_group_decorator.py
[2024-05-28T18:15:53.919+0000] {processor.py:840} INFO - DAG(s) 'example_task_group_decorator' retrieved from /home/airflow/.local/lib/python3.12/site-packages/airflow/example_dags/example_task_group_decorator.py
[2024-05-28T18:15:54.192+0000] {logging_mixin.py:188} INFO - [2024-05-28T18:15:54.191+0000] {dag.py:3096} INFO - Sync 1 DAGs
[2024-05-28T18:15:54.439+0000] {logging_mixin.py:188} INFO - [2024-05-28T18:15:54.438+0000] {dag.py:3954} INFO - Setting next_dagrun for example_task_group_decorator to 2024-05-27 00:00:00+00:00, run_after=2024-05-28 00:00:00+00:00
[2024-05-28T18:15:54.556+0000] {processor.py:183} INFO - Processing /home/airflow/.local/lib/python3.12/site-packages/airflow/example_dags/example_task_group_decorator.py took 0.859 seconds
[2024-05-28T18:16:29.444+0000] {processor.py:161} INFO - Started process (PID=1070) to work on /home/airflow/.local/lib/python3.12/site-packages/airflow/example_dags/example_task_group_decorator.py
[2024-05-28T18:16:29.448+0000] {processor.py:830} INFO - Processing file /home/airflow/.local/lib/python3.12/site-packages/airflow/example_dags/example_task_group_decorator.py for tasks to queue
[2024-05-28T18:16:29.454+0000] {logging_mixin.py:188} INFO - [2024-05-28T18:16:29.453+0000] {dagbag.py:545} INFO - Filling up the DagBag from /home/airflow/.local/lib/python3.12/site-packages/airflow/example_dags/example_task_group_decorator.py
[2024-05-28T18:16:29.567+0000] {processor.py:840} INFO - DAG(s) 'example_task_group_decorator' retrieved from /home/airflow/.local/lib/python3.12/site-packages/airflow/example_dags/example_task_group_decorator.py
[2024-05-28T18:16:29.812+0000] {logging_mixin.py:188} INFO - [2024-05-28T18:16:29.811+0000] {dag.py:3096} INFO - Sync 1 DAGs
[2024-05-28T18:16:30.069+0000] {logging_mixin.py:188} INFO - [2024-05-28T18:16:30.067+0000] {dag.py:3954} INFO - Setting next_dagrun for example_task_group_decorator to 2024-05-27 00:00:00+00:00, run_after=2024-05-28 00:00:00+00:00
[2024-05-28T18:16:30.306+0000] {processor.py:183} INFO - Processing /home/airflow/.local/lib/python3.12/site-packages/airflow/example_dags/example_task_group_decorator.py took 0.905 seconds
[2024-05-28T18:17:02.304+0000] {processor.py:161} INFO - Started process (PID=1127) to work on /home/airflow/.local/lib/python3.12/site-packages/airflow/example_dags/example_task_group_decorator.py
[2024-05-28T18:17:02.315+0000] {processor.py:830} INFO - Processing file /home/airflow/.local/lib/python3.12/site-packages/airflow/example_dags/example_task_group_decorator.py for tasks to queue
[2024-05-28T18:17:02.337+0000] {logging_mixin.py:188} INFO - [2024-05-28T18:17:02.325+0000] {dagbag.py:545} INFO - Filling up the DagBag from /home/airflow/.local/lib/python3.12/site-packages/airflow/example_dags/example_task_group_decorator.py
[2024-05-28T18:17:02.473+0000] {processor.py:840} INFO - DAG(s) 'example_task_group_decorator' retrieved from /home/airflow/.local/lib/python3.12/site-packages/airflow/example_dags/example_task_group_decorator.py
[2024-05-28T18:17:02.783+0000] {logging_mixin.py:188} INFO - [2024-05-28T18:17:02.775+0000] {dag.py:3096} INFO - Sync 1 DAGs
[2024-05-28T18:17:03.007+0000] {logging_mixin.py:188} INFO - [2024-05-28T18:17:03.004+0000] {dag.py:3954} INFO - Setting next_dagrun for example_task_group_decorator to 2024-05-27 00:00:00+00:00, run_after=2024-05-28 00:00:00+00:00
[2024-05-28T18:17:03.165+0000] {processor.py:183} INFO - Processing /home/airflow/.local/lib/python3.12/site-packages/airflow/example_dags/example_task_group_decorator.py took 0.917 seconds
[2024-05-28T18:17:33.384+0000] {processor.py:161} INFO - Started process (PID=1184) to work on /home/airflow/.local/lib/python3.12/site-packages/airflow/example_dags/example_task_group_decorator.py
[2024-05-28T18:17:33.387+0000] {processor.py:830} INFO - Processing file /home/airflow/.local/lib/python3.12/site-packages/airflow/example_dags/example_task_group_decorator.py for tasks to queue
[2024-05-28T18:17:33.391+0000] {logging_mixin.py:188} INFO - [2024-05-28T18:17:33.390+0000] {dagbag.py:545} INFO - Filling up the DagBag from /home/airflow/.local/lib/python3.12/site-packages/airflow/example_dags/example_task_group_decorator.py
[2024-05-28T18:17:33.434+0000] {processor.py:840} INFO - DAG(s) 'example_task_group_decorator' retrieved from /home/airflow/.local/lib/python3.12/site-packages/airflow/example_dags/example_task_group_decorator.py
[2024-05-28T18:17:33.487+0000] {logging_mixin.py:188} INFO - [2024-05-28T18:17:33.487+0000] {dag.py:3096} INFO - Sync 1 DAGs
[2024-05-28T18:17:33.532+0000] {logging_mixin.py:188} INFO - [2024-05-28T18:17:33.531+0000] {dag.py:3954} INFO - Setting next_dagrun for example_task_group_decorator to 2024-05-27 00:00:00+00:00, run_after=2024-05-28 00:00:00+00:00
[2024-05-28T18:17:33.571+0000] {processor.py:183} INFO - Processing /home/airflow/.local/lib/python3.12/site-packages/airflow/example_dags/example_task_group_decorator.py took 0.204 seconds
[2024-05-28T18:18:03.841+0000] {processor.py:161} INFO - Started process (PID=1242) to work on /home/airflow/.local/lib/python3.12/site-packages/airflow/example_dags/example_task_group_decorator.py
[2024-05-28T18:18:03.843+0000] {processor.py:830} INFO - Processing file /home/airflow/.local/lib/python3.12/site-packages/airflow/example_dags/example_task_group_decorator.py for tasks to queue
[2024-05-28T18:18:03.848+0000] {logging_mixin.py:188} INFO - [2024-05-28T18:18:03.847+0000] {dagbag.py:545} INFO - Filling up the DagBag from /home/airflow/.local/lib/python3.12/site-packages/airflow/example_dags/example_task_group_decorator.py
[2024-05-28T18:18:03.898+0000] {processor.py:840} INFO - DAG(s) 'example_task_group_decorator' retrieved from /home/airflow/.local/lib/python3.12/site-packages/airflow/example_dags/example_task_group_decorator.py
[2024-05-28T18:18:03.980+0000] {logging_mixin.py:188} INFO - [2024-05-28T18:18:03.979+0000] {dag.py:3096} INFO - Sync 1 DAGs
[2024-05-28T18:18:04.046+0000] {logging_mixin.py:188} INFO - [2024-05-28T18:18:04.046+0000] {dag.py:3954} INFO - Setting next_dagrun for example_task_group_decorator to 2024-05-27 00:00:00+00:00, run_after=2024-05-28 00:00:00+00:00
[2024-05-28T18:18:04.099+0000] {processor.py:183} INFO - Processing /home/airflow/.local/lib/python3.12/site-packages/airflow/example_dags/example_task_group_decorator.py took 0.274 seconds
[2024-05-28T18:18:34.226+0000] {processor.py:161} INFO - Started process (PID=1300) to work on /home/airflow/.local/lib/python3.12/site-packages/airflow/example_dags/example_task_group_decorator.py
[2024-05-28T18:18:34.228+0000] {processor.py:830} INFO - Processing file /home/airflow/.local/lib/python3.12/site-packages/airflow/example_dags/example_task_group_decorator.py for tasks to queue
[2024-05-28T18:18:34.236+0000] {logging_mixin.py:188} INFO - [2024-05-28T18:18:34.235+0000] {dagbag.py:545} INFO - Filling up the DagBag from /home/airflow/.local/lib/python3.12/site-packages/airflow/example_dags/example_task_group_decorator.py
[2024-05-28T18:18:34.286+0000] {processor.py:840} INFO - DAG(s) 'example_task_group_decorator' retrieved from /home/airflow/.local/lib/python3.12/site-packages/airflow/example_dags/example_task_group_decorator.py
[2024-05-28T18:18:34.341+0000] {logging_mixin.py:188} INFO - [2024-05-28T18:18:34.341+0000] {dag.py:3096} INFO - Sync 1 DAGs
[2024-05-28T18:18:34.387+0000] {logging_mixin.py:188} INFO - [2024-05-28T18:18:34.386+0000] {dag.py:3954} INFO - Setting next_dagrun for example_task_group_decorator to 2024-05-27 00:00:00+00:00, run_after=2024-05-28 00:00:00+00:00
[2024-05-28T18:18:34.459+0000] {processor.py:183} INFO - Processing /home/airflow/.local/lib/python3.12/site-packages/airflow/example_dags/example_task_group_decorator.py took 0.253 seconds
[2024-05-28T18:19:05.013+0000] {processor.py:161} INFO - Started process (PID=1358) to work on /home/airflow/.local/lib/python3.12/site-packages/airflow/example_dags/example_task_group_decorator.py
[2024-05-28T18:19:05.016+0000] {processor.py:830} INFO - Processing file /home/airflow/.local/lib/python3.12/site-packages/airflow/example_dags/example_task_group_decorator.py for tasks to queue
[2024-05-28T18:19:05.020+0000] {logging_mixin.py:188} INFO - [2024-05-28T18:19:05.019+0000] {dagbag.py:545} INFO - Filling up the DagBag from /home/airflow/.local/lib/python3.12/site-packages/airflow/example_dags/example_task_group_decorator.py
[2024-05-28T18:19:05.065+0000] {processor.py:840} INFO - DAG(s) 'example_task_group_decorator' retrieved from /home/airflow/.local/lib/python3.12/site-packages/airflow/example_dags/example_task_group_decorator.py
[2024-05-28T18:19:05.142+0000] {logging_mixin.py:188} INFO - [2024-05-28T18:19:05.141+0000] {dag.py:3096} INFO - Sync 1 DAGs
[2024-05-28T18:19:05.218+0000] {logging_mixin.py:188} INFO - [2024-05-28T18:19:05.217+0000] {dag.py:3954} INFO - Setting next_dagrun for example_task_group_decorator to 2024-05-27 00:00:00+00:00, run_after=2024-05-28 00:00:00+00:00
[2024-05-28T18:19:05.293+0000] {processor.py:183} INFO - Processing /home/airflow/.local/lib/python3.12/site-packages/airflow/example_dags/example_task_group_decorator.py took 0.311 seconds
[2024-05-28T18:19:35.570+0000] {processor.py:161} INFO - Started process (PID=1416) to work on /home/airflow/.local/lib/python3.12/site-packages/airflow/example_dags/example_task_group_decorator.py
[2024-05-28T18:19:35.576+0000] {processor.py:830} INFO - Processing file /home/airflow/.local/lib/python3.12/site-packages/airflow/example_dags/example_task_group_decorator.py for tasks to queue
[2024-05-28T18:19:35.590+0000] {logging_mixin.py:188} INFO - [2024-05-28T18:19:35.588+0000] {dagbag.py:545} INFO - Filling up the DagBag from /home/airflow/.local/lib/python3.12/site-packages/airflow/example_dags/example_task_group_decorator.py
[2024-05-28T18:19:35.804+0000] {processor.py:840} INFO - DAG(s) 'example_task_group_decorator' retrieved from /home/airflow/.local/lib/python3.12/site-packages/airflow/example_dags/example_task_group_decorator.py
[2024-05-28T18:19:36.137+0000] {logging_mixin.py:188} INFO - [2024-05-28T18:19:36.136+0000] {dag.py:3096} INFO - Sync 1 DAGs
[2024-05-28T18:19:36.443+0000] {logging_mixin.py:188} INFO - [2024-05-28T18:19:36.441+0000] {dag.py:3954} INFO - Setting next_dagrun for example_task_group_decorator to 2024-05-27 00:00:00+00:00, run_after=2024-05-28 00:00:00+00:00
[2024-05-28T18:19:36.652+0000] {processor.py:183} INFO - Processing /home/airflow/.local/lib/python3.12/site-packages/airflow/example_dags/example_task_group_decorator.py took 1.175 seconds
[2024-05-28T18:20:06.963+0000] {processor.py:161} INFO - Started process (PID=1472) to work on /home/airflow/.local/lib/python3.12/site-packages/airflow/example_dags/example_task_group_decorator.py
[2024-05-28T18:20:06.967+0000] {processor.py:830} INFO - Processing file /home/airflow/.local/lib/python3.12/site-packages/airflow/example_dags/example_task_group_decorator.py for tasks to queue
[2024-05-28T18:20:06.973+0000] {logging_mixin.py:188} INFO - [2024-05-28T18:20:06.971+0000] {dagbag.py:545} INFO - Filling up the DagBag from /home/airflow/.local/lib/python3.12/site-packages/airflow/example_dags/example_task_group_decorator.py
[2024-05-28T18:20:07.060+0000] {processor.py:840} INFO - DAG(s) 'example_task_group_decorator' retrieved from /home/airflow/.local/lib/python3.12/site-packages/airflow/example_dags/example_task_group_decorator.py
[2024-05-28T18:20:07.157+0000] {logging_mixin.py:188} INFO - [2024-05-28T18:20:07.156+0000] {dag.py:3096} INFO - Sync 1 DAGs
[2024-05-28T18:20:07.247+0000] {logging_mixin.py:188} INFO - [2024-05-28T18:20:07.247+0000] {dag.py:3954} INFO - Setting next_dagrun for example_task_group_decorator to 2024-05-27 00:00:00+00:00, run_after=2024-05-28 00:00:00+00:00
[2024-05-28T18:20:07.321+0000] {processor.py:183} INFO - Processing /home/airflow/.local/lib/python3.12/site-packages/airflow/example_dags/example_task_group_decorator.py took 0.383 seconds
[2024-05-28T18:20:38.095+0000] {processor.py:161} INFO - Started process (PID=1530) to work on /home/airflow/.local/lib/python3.12/site-packages/airflow/example_dags/example_task_group_decorator.py
[2024-05-28T18:20:38.112+0000] {processor.py:830} INFO - Processing file /home/airflow/.local/lib/python3.12/site-packages/airflow/example_dags/example_task_group_decorator.py for tasks to queue
[2024-05-28T18:20:38.142+0000] {logging_mixin.py:188} INFO - [2024-05-28T18:20:38.141+0000] {dagbag.py:545} INFO - Filling up the DagBag from /home/airflow/.local/lib/python3.12/site-packages/airflow/example_dags/example_task_group_decorator.py
[2024-05-28T18:20:38.267+0000] {processor.py:840} INFO - DAG(s) 'example_task_group_decorator' retrieved from /home/airflow/.local/lib/python3.12/site-packages/airflow/example_dags/example_task_group_decorator.py
[2024-05-28T18:20:38.462+0000] {logging_mixin.py:188} INFO - [2024-05-28T18:20:38.458+0000] {dag.py:3096} INFO - Sync 1 DAGs
[2024-05-28T18:20:38.571+0000] {logging_mixin.py:188} INFO - [2024-05-28T18:20:38.570+0000] {dag.py:3954} INFO - Setting next_dagrun for example_task_group_decorator to 2024-05-27 00:00:00+00:00, run_after=2024-05-28 00:00:00+00:00
[2024-05-28T18:20:38.687+0000] {processor.py:183} INFO - Processing /home/airflow/.local/lib/python3.12/site-packages/airflow/example_dags/example_task_group_decorator.py took 0.691 seconds
[2024-05-28T18:21:08.961+0000] {processor.py:161} INFO - Started process (PID=1587) to work on /home/airflow/.local/lib/python3.12/site-packages/airflow/example_dags/example_task_group_decorator.py
[2024-05-28T18:21:08.972+0000] {processor.py:830} INFO - Processing file /home/airflow/.local/lib/python3.12/site-packages/airflow/example_dags/example_task_group_decorator.py for tasks to queue
[2024-05-28T18:21:08.988+0000] {logging_mixin.py:188} INFO - [2024-05-28T18:21:08.985+0000] {dagbag.py:545} INFO - Filling up the DagBag from /home/airflow/.local/lib/python3.12/site-packages/airflow/example_dags/example_task_group_decorator.py
[2024-05-28T18:21:09.115+0000] {processor.py:840} INFO - DAG(s) 'example_task_group_decorator' retrieved from /home/airflow/.local/lib/python3.12/site-packages/airflow/example_dags/example_task_group_decorator.py
[2024-05-28T18:21:09.364+0000] {logging_mixin.py:188} INFO - [2024-05-28T18:21:09.362+0000] {dag.py:3096} INFO - Sync 1 DAGs
[2024-05-28T18:21:09.630+0000] {logging_mixin.py:188} INFO - [2024-05-28T18:21:09.629+0000] {dag.py:3954} INFO - Setting next_dagrun for example_task_group_decorator to 2024-05-27 00:00:00+00:00, run_after=2024-05-28 00:00:00+00:00
[2024-05-28T18:21:09.729+0000] {processor.py:183} INFO - Processing /home/airflow/.local/lib/python3.12/site-packages/airflow/example_dags/example_task_group_decorator.py took 0.834 seconds
[2024-05-28T18:21:41.806+0000] {processor.py:161} INFO - Started process (PID=1646) to work on /home/airflow/.local/lib/python3.12/site-packages/airflow/example_dags/example_task_group_decorator.py
[2024-05-28T18:21:41.822+0000] {processor.py:830} INFO - Processing file /home/airflow/.local/lib/python3.12/site-packages/airflow/example_dags/example_task_group_decorator.py for tasks to queue
[2024-05-28T18:21:41.844+0000] {logging_mixin.py:188} INFO - [2024-05-28T18:21:41.843+0000] {dagbag.py:545} INFO - Filling up the DagBag from /home/airflow/.local/lib/python3.12/site-packages/airflow/example_dags/example_task_group_decorator.py
[2024-05-28T18:21:42.077+0000] {processor.py:840} INFO - DAG(s) 'example_task_group_decorator' retrieved from /home/airflow/.local/lib/python3.12/site-packages/airflow/example_dags/example_task_group_decorator.py
[2024-05-28T18:21:42.373+0000] {logging_mixin.py:188} INFO - [2024-05-28T18:21:42.373+0000] {dag.py:3096} INFO - Sync 1 DAGs
[2024-05-28T18:21:42.762+0000] {logging_mixin.py:188} INFO - [2024-05-28T18:21:42.759+0000] {dag.py:3954} INFO - Setting next_dagrun for example_task_group_decorator to 2024-05-27 00:00:00+00:00, run_after=2024-05-28 00:00:00+00:00
[2024-05-28T18:21:42.981+0000] {processor.py:183} INFO - Processing /home/airflow/.local/lib/python3.12/site-packages/airflow/example_dags/example_task_group_decorator.py took 1.242 seconds
