[2024-05-28T18:07:12.254+0000] {processor.py:161} INFO - Started process (PID=58) to work on /home/airflow/.local/lib/python3.12/site-packages/airflow/example_dags/example_bash_operator.py
[2024-05-28T18:07:12.259+0000] {processor.py:830} INFO - Processing file /home/airflow/.local/lib/python3.12/site-packages/airflow/example_dags/example_bash_operator.py for tasks to queue
[2024-05-28T18:07:12.267+0000] {logging_mixin.py:188} INFO - [2024-05-28T18:07:12.266+0000] {dagbag.py:545} INFO - Filling up the DagBag from /home/airflow/.local/lib/python3.12/site-packages/airflow/example_dags/example_bash_operator.py
[2024-05-28T18:07:12.321+0000] {processor.py:840} INFO - DAG(s) 'example_bash_operator' retrieved from /home/airflow/.local/lib/python3.12/site-packages/airflow/example_dags/example_bash_operator.py
[2024-05-28T18:07:13.198+0000] {logging_mixin.py:188} INFO - [2024-05-28T18:07:13.197+0000] {dag.py:3096} INFO - Sync 1 DAGs
[2024-05-28T18:07:13.437+0000] {logging_mixin.py:188} INFO - [2024-05-28T18:07:13.436+0000] {dag.py:3954} INFO - Setting next_dagrun for example_bash_operator to 2024-05-27 00:00:00+00:00, run_after=2024-05-28 00:00:00+00:00
[2024-05-28T18:07:13.662+0000] {processor.py:183} INFO - Processing /home/airflow/.local/lib/python3.12/site-packages/airflow/example_dags/example_bash_operator.py took 1.438 seconds
[2024-05-28T18:07:47.028+0000] {processor.py:161} INFO - Started process (PID=116) to work on /home/airflow/.local/lib/python3.12/site-packages/airflow/example_dags/example_bash_operator.py
[2024-05-28T18:07:47.034+0000] {processor.py:830} INFO - Processing file /home/airflow/.local/lib/python3.12/site-packages/airflow/example_dags/example_bash_operator.py for tasks to queue
[2024-05-28T18:07:47.053+0000] {logging_mixin.py:188} INFO - [2024-05-28T18:07:47.052+0000] {dagbag.py:545} INFO - Filling up the DagBag from /home/airflow/.local/lib/python3.12/site-packages/airflow/example_dags/example_bash_operator.py
[2024-05-28T18:07:47.109+0000] {processor.py:840} INFO - DAG(s) 'example_bash_operator' retrieved from /home/airflow/.local/lib/python3.12/site-packages/airflow/example_dags/example_bash_operator.py
[2024-05-28T18:07:47.207+0000] {logging_mixin.py:188} INFO - [2024-05-28T18:07:47.206+0000] {dag.py:3096} INFO - Sync 1 DAGs
[2024-05-28T18:07:47.283+0000] {logging_mixin.py:188} INFO - [2024-05-28T18:07:47.282+0000] {dag.py:3954} INFO - Setting next_dagrun for example_bash_operator to 2024-05-27 00:00:00+00:00, run_after=2024-05-28 00:00:00+00:00
[2024-05-28T18:07:47.341+0000] {processor.py:183} INFO - Processing /home/airflow/.local/lib/python3.12/site-packages/airflow/example_dags/example_bash_operator.py took 0.331 seconds
[2024-05-28T18:08:17.692+0000] {processor.py:161} INFO - Started process (PID=172) to work on /home/airflow/.local/lib/python3.12/site-packages/airflow/example_dags/example_bash_operator.py
[2024-05-28T18:08:17.695+0000] {processor.py:830} INFO - Processing file /home/airflow/.local/lib/python3.12/site-packages/airflow/example_dags/example_bash_operator.py for tasks to queue
[2024-05-28T18:08:17.704+0000] {logging_mixin.py:188} INFO - [2024-05-28T18:08:17.702+0000] {dagbag.py:545} INFO - Filling up the DagBag from /home/airflow/.local/lib/python3.12/site-packages/airflow/example_dags/example_bash_operator.py
[2024-05-28T18:08:17.749+0000] {processor.py:840} INFO - DAG(s) 'example_bash_operator' retrieved from /home/airflow/.local/lib/python3.12/site-packages/airflow/example_dags/example_bash_operator.py
[2024-05-28T18:08:17.849+0000] {logging_mixin.py:188} INFO - [2024-05-28T18:08:17.848+0000] {dag.py:3096} INFO - Sync 1 DAGs
[2024-05-28T18:08:17.965+0000] {logging_mixin.py:188} INFO - [2024-05-28T18:08:17.964+0000] {dag.py:3954} INFO - Setting next_dagrun for example_bash_operator to 2024-05-27 00:00:00+00:00, run_after=2024-05-28 00:00:00+00:00
[2024-05-28T18:08:18.045+0000] {processor.py:183} INFO - Processing /home/airflow/.local/lib/python3.12/site-packages/airflow/example_dags/example_bash_operator.py took 0.371 seconds
[2024-05-28T18:08:48.324+0000] {processor.py:161} INFO - Started process (PID=230) to work on /home/airflow/.local/lib/python3.12/site-packages/airflow/example_dags/example_bash_operator.py
[2024-05-28T18:08:48.327+0000] {processor.py:830} INFO - Processing file /home/airflow/.local/lib/python3.12/site-packages/airflow/example_dags/example_bash_operator.py for tasks to queue
[2024-05-28T18:08:48.332+0000] {logging_mixin.py:188} INFO - [2024-05-28T18:08:48.331+0000] {dagbag.py:545} INFO - Filling up the DagBag from /home/airflow/.local/lib/python3.12/site-packages/airflow/example_dags/example_bash_operator.py
[2024-05-28T18:08:48.363+0000] {processor.py:840} INFO - DAG(s) 'example_bash_operator' retrieved from /home/airflow/.local/lib/python3.12/site-packages/airflow/example_dags/example_bash_operator.py
[2024-05-28T18:08:48.446+0000] {logging_mixin.py:188} INFO - [2024-05-28T18:08:48.444+0000] {dag.py:3096} INFO - Sync 1 DAGs
[2024-05-28T18:08:48.529+0000] {logging_mixin.py:188} INFO - [2024-05-28T18:08:48.525+0000] {dag.py:3954} INFO - Setting next_dagrun for example_bash_operator to 2024-05-27 00:00:00+00:00, run_after=2024-05-28 00:00:00+00:00
[2024-05-28T18:08:48.612+0000] {processor.py:183} INFO - Processing /home/airflow/.local/lib/python3.12/site-packages/airflow/example_dags/example_bash_operator.py took 0.305 seconds
[2024-05-28T18:09:19.489+0000] {processor.py:161} INFO - Started process (PID=294) to work on /home/airflow/.local/lib/python3.12/site-packages/airflow/example_dags/example_bash_operator.py
[2024-05-28T18:09:19.491+0000] {processor.py:830} INFO - Processing file /home/airflow/.local/lib/python3.12/site-packages/airflow/example_dags/example_bash_operator.py for tasks to queue
[2024-05-28T18:09:19.496+0000] {logging_mixin.py:188} INFO - [2024-05-28T18:09:19.496+0000] {dagbag.py:545} INFO - Filling up the DagBag from /home/airflow/.local/lib/python3.12/site-packages/airflow/example_dags/example_bash_operator.py
[2024-05-28T18:09:19.530+0000] {processor.py:840} INFO - DAG(s) 'example_bash_operator' retrieved from /home/airflow/.local/lib/python3.12/site-packages/airflow/example_dags/example_bash_operator.py
[2024-05-28T18:09:19.599+0000] {logging_mixin.py:188} INFO - [2024-05-28T18:09:19.598+0000] {dag.py:3096} INFO - Sync 1 DAGs
[2024-05-28T18:09:19.698+0000] {logging_mixin.py:188} INFO - [2024-05-28T18:09:19.697+0000] {dag.py:3954} INFO - Setting next_dagrun for example_bash_operator to 2024-05-27 00:00:00+00:00, run_after=2024-05-28 00:00:00+00:00
[2024-05-28T18:09:19.750+0000] {processor.py:183} INFO - Processing /home/airflow/.local/lib/python3.12/site-packages/airflow/example_dags/example_bash_operator.py took 0.276 seconds
[2024-05-28T18:09:50.654+0000] {processor.py:161} INFO - Started process (PID=351) to work on /home/airflow/.local/lib/python3.12/site-packages/airflow/example_dags/example_bash_operator.py
[2024-05-28T18:09:50.657+0000] {processor.py:830} INFO - Processing file /home/airflow/.local/lib/python3.12/site-packages/airflow/example_dags/example_bash_operator.py for tasks to queue
[2024-05-28T18:09:50.663+0000] {logging_mixin.py:188} INFO - [2024-05-28T18:09:50.662+0000] {dagbag.py:545} INFO - Filling up the DagBag from /home/airflow/.local/lib/python3.12/site-packages/airflow/example_dags/example_bash_operator.py
[2024-05-28T18:09:50.703+0000] {processor.py:840} INFO - DAG(s) 'example_bash_operator' retrieved from /home/airflow/.local/lib/python3.12/site-packages/airflow/example_dags/example_bash_operator.py
[2024-05-28T18:09:50.819+0000] {logging_mixin.py:188} INFO - [2024-05-28T18:09:50.817+0000] {dag.py:3096} INFO - Sync 1 DAGs
[2024-05-28T18:09:50.937+0000] {logging_mixin.py:188} INFO - [2024-05-28T18:09:50.936+0000] {dag.py:3954} INFO - Setting next_dagrun for example_bash_operator to 2024-05-27 00:00:00+00:00, run_after=2024-05-28 00:00:00+00:00
[2024-05-28T18:09:51.016+0000] {processor.py:183} INFO - Processing /home/airflow/.local/lib/python3.12/site-packages/airflow/example_dags/example_bash_operator.py took 0.389 seconds
[2024-05-28T18:10:21.597+0000] {processor.py:161} INFO - Started process (PID=409) to work on /home/airflow/.local/lib/python3.12/site-packages/airflow/example_dags/example_bash_operator.py
[2024-05-28T18:10:21.601+0000] {processor.py:830} INFO - Processing file /home/airflow/.local/lib/python3.12/site-packages/airflow/example_dags/example_bash_operator.py for tasks to queue
[2024-05-28T18:10:21.609+0000] {logging_mixin.py:188} INFO - [2024-05-28T18:10:21.608+0000] {dagbag.py:545} INFO - Filling up the DagBag from /home/airflow/.local/lib/python3.12/site-packages/airflow/example_dags/example_bash_operator.py
[2024-05-28T18:10:21.656+0000] {processor.py:840} INFO - DAG(s) 'example_bash_operator' retrieved from /home/airflow/.local/lib/python3.12/site-packages/airflow/example_dags/example_bash_operator.py
[2024-05-28T18:10:21.771+0000] {logging_mixin.py:188} INFO - [2024-05-28T18:10:21.770+0000] {dag.py:3096} INFO - Sync 1 DAGs
[2024-05-28T18:10:21.864+0000] {logging_mixin.py:188} INFO - [2024-05-28T18:10:21.863+0000] {dag.py:3954} INFO - Setting next_dagrun for example_bash_operator to 2024-05-27 00:00:00+00:00, run_after=2024-05-28 00:00:00+00:00
[2024-05-28T18:10:21.941+0000] {processor.py:183} INFO - Processing /home/airflow/.local/lib/python3.12/site-packages/airflow/example_dags/example_bash_operator.py took 0.365 seconds
[2024-05-28T18:10:52.679+0000] {processor.py:161} INFO - Started process (PID=467) to work on /home/airflow/.local/lib/python3.12/site-packages/airflow/example_dags/example_bash_operator.py
[2024-05-28T18:10:52.681+0000] {processor.py:830} INFO - Processing file /home/airflow/.local/lib/python3.12/site-packages/airflow/example_dags/example_bash_operator.py for tasks to queue
[2024-05-28T18:10:52.686+0000] {logging_mixin.py:188} INFO - [2024-05-28T18:10:52.686+0000] {dagbag.py:545} INFO - Filling up the DagBag from /home/airflow/.local/lib/python3.12/site-packages/airflow/example_dags/example_bash_operator.py
[2024-05-28T18:10:52.710+0000] {processor.py:840} INFO - DAG(s) 'example_bash_operator' retrieved from /home/airflow/.local/lib/python3.12/site-packages/airflow/example_dags/example_bash_operator.py
[2024-05-28T18:10:52.788+0000] {logging_mixin.py:188} INFO - [2024-05-28T18:10:52.788+0000] {dag.py:3096} INFO - Sync 1 DAGs
[2024-05-28T18:10:52.841+0000] {logging_mixin.py:188} INFO - [2024-05-28T18:10:52.841+0000] {dag.py:3954} INFO - Setting next_dagrun for example_bash_operator to 2024-05-27 00:00:00+00:00, run_after=2024-05-28 00:00:00+00:00
[2024-05-28T18:10:52.895+0000] {processor.py:183} INFO - Processing /home/airflow/.local/lib/python3.12/site-packages/airflow/example_dags/example_bash_operator.py took 0.231 seconds
[2024-05-28T18:11:30.623+0000] {processor.py:161} INFO - Started process (PID=526) to work on /home/airflow/.local/lib/python3.12/site-packages/airflow/example_dags/example_bash_operator.py
[2024-05-28T18:11:30.642+0000] {processor.py:830} INFO - Processing file /home/airflow/.local/lib/python3.12/site-packages/airflow/example_dags/example_bash_operator.py for tasks to queue
[2024-05-28T18:11:30.676+0000] {logging_mixin.py:188} INFO - [2024-05-28T18:11:30.675+0000] {dagbag.py:545} INFO - Filling up the DagBag from /home/airflow/.local/lib/python3.12/site-packages/airflow/example_dags/example_bash_operator.py
[2024-05-28T18:11:30.781+0000] {processor.py:840} INFO - DAG(s) 'example_bash_operator' retrieved from /home/airflow/.local/lib/python3.12/site-packages/airflow/example_dags/example_bash_operator.py
[2024-05-28T18:11:31.040+0000] {logging_mixin.py:188} INFO - [2024-05-28T18:11:31.034+0000] {dag.py:3096} INFO - Sync 1 DAGs
[2024-05-28T18:11:31.319+0000] {logging_mixin.py:188} INFO - [2024-05-28T18:11:31.317+0000] {dag.py:3954} INFO - Setting next_dagrun for example_bash_operator to 2024-05-27 00:00:00+00:00, run_after=2024-05-28 00:00:00+00:00
[2024-05-28T18:11:31.586+0000] {processor.py:183} INFO - Processing /home/airflow/.local/lib/python3.12/site-packages/airflow/example_dags/example_bash_operator.py took 1.012 seconds
[2024-05-28T18:12:02.299+0000] {processor.py:161} INFO - Started process (PID=583) to work on /home/airflow/.local/lib/python3.12/site-packages/airflow/example_dags/example_bash_operator.py
[2024-05-28T18:12:02.302+0000] {processor.py:830} INFO - Processing file /home/airflow/.local/lib/python3.12/site-packages/airflow/example_dags/example_bash_operator.py for tasks to queue
[2024-05-28T18:12:02.305+0000] {logging_mixin.py:188} INFO - [2024-05-28T18:12:02.305+0000] {dagbag.py:545} INFO - Filling up the DagBag from /home/airflow/.local/lib/python3.12/site-packages/airflow/example_dags/example_bash_operator.py
[2024-05-28T18:12:02.335+0000] {processor.py:840} INFO - DAG(s) 'example_bash_operator' retrieved from /home/airflow/.local/lib/python3.12/site-packages/airflow/example_dags/example_bash_operator.py
[2024-05-28T18:12:02.416+0000] {logging_mixin.py:188} INFO - [2024-05-28T18:12:02.415+0000] {dag.py:3096} INFO - Sync 1 DAGs
[2024-05-28T18:12:02.546+0000] {logging_mixin.py:188} INFO - [2024-05-28T18:12:02.545+0000] {dag.py:3954} INFO - Setting next_dagrun for example_bash_operator to 2024-05-27 00:00:00+00:00, run_after=2024-05-28 00:00:00+00:00
[2024-05-28T18:12:02.636+0000] {processor.py:183} INFO - Processing /home/airflow/.local/lib/python3.12/site-packages/airflow/example_dags/example_bash_operator.py took 0.355 seconds
[2024-05-28T18:12:33.014+0000] {processor.py:161} INFO - Started process (PID=641) to work on /home/airflow/.local/lib/python3.12/site-packages/airflow/example_dags/example_bash_operator.py
[2024-05-28T18:12:33.030+0000] {processor.py:830} INFO - Processing file /home/airflow/.local/lib/python3.12/site-packages/airflow/example_dags/example_bash_operator.py for tasks to queue
[2024-05-28T18:12:33.047+0000] {logging_mixin.py:188} INFO - [2024-05-28T18:12:33.046+0000] {dagbag.py:545} INFO - Filling up the DagBag from /home/airflow/.local/lib/python3.12/site-packages/airflow/example_dags/example_bash_operator.py
[2024-05-28T18:12:33.120+0000] {processor.py:840} INFO - DAG(s) 'example_bash_operator' retrieved from /home/airflow/.local/lib/python3.12/site-packages/airflow/example_dags/example_bash_operator.py
[2024-05-28T18:12:33.318+0000] {logging_mixin.py:188} INFO - [2024-05-28T18:12:33.317+0000] {dag.py:3096} INFO - Sync 1 DAGs
[2024-05-28T18:12:33.431+0000] {logging_mixin.py:188} INFO - [2024-05-28T18:12:33.430+0000] {dag.py:3954} INFO - Setting next_dagrun for example_bash_operator to 2024-05-27 00:00:00+00:00, run_after=2024-05-28 00:00:00+00:00
[2024-05-28T18:12:33.501+0000] {processor.py:183} INFO - Processing /home/airflow/.local/lib/python3.12/site-packages/airflow/example_dags/example_bash_operator.py took 0.552 seconds
[2024-05-28T18:13:03.724+0000] {processor.py:161} INFO - Started process (PID=699) to work on /home/airflow/.local/lib/python3.12/site-packages/airflow/example_dags/example_bash_operator.py
[2024-05-28T18:13:03.730+0000] {processor.py:830} INFO - Processing file /home/airflow/.local/lib/python3.12/site-packages/airflow/example_dags/example_bash_operator.py for tasks to queue
[2024-05-28T18:13:03.739+0000] {logging_mixin.py:188} INFO - [2024-05-28T18:13:03.738+0000] {dagbag.py:545} INFO - Filling up the DagBag from /home/airflow/.local/lib/python3.12/site-packages/airflow/example_dags/example_bash_operator.py
[2024-05-28T18:13:03.802+0000] {processor.py:840} INFO - DAG(s) 'example_bash_operator' retrieved from /home/airflow/.local/lib/python3.12/site-packages/airflow/example_dags/example_bash_operator.py
[2024-05-28T18:13:03.875+0000] {logging_mixin.py:188} INFO - [2024-05-28T18:13:03.875+0000] {dag.py:3096} INFO - Sync 1 DAGs
[2024-05-28T18:13:03.933+0000] {logging_mixin.py:188} INFO - [2024-05-28T18:13:03.932+0000] {dag.py:3954} INFO - Setting next_dagrun for example_bash_operator to 2024-05-27 00:00:00+00:00, run_after=2024-05-28 00:00:00+00:00
[2024-05-28T18:13:03.985+0000] {processor.py:183} INFO - Processing /home/airflow/.local/lib/python3.12/site-packages/airflow/example_dags/example_bash_operator.py took 0.284 seconds
[2024-05-28T18:13:34.639+0000] {processor.py:161} INFO - Started process (PID=758) to work on /home/airflow/.local/lib/python3.12/site-packages/airflow/example_dags/example_bash_operator.py
[2024-05-28T18:13:34.653+0000] {processor.py:830} INFO - Processing file /home/airflow/.local/lib/python3.12/site-packages/airflow/example_dags/example_bash_operator.py for tasks to queue
[2024-05-28T18:13:34.672+0000] {logging_mixin.py:188} INFO - [2024-05-28T18:13:34.671+0000] {dagbag.py:545} INFO - Filling up the DagBag from /home/airflow/.local/lib/python3.12/site-packages/airflow/example_dags/example_bash_operator.py
[2024-05-28T18:13:34.784+0000] {processor.py:840} INFO - DAG(s) 'example_bash_operator' retrieved from /home/airflow/.local/lib/python3.12/site-packages/airflow/example_dags/example_bash_operator.py
[2024-05-28T18:13:34.969+0000] {logging_mixin.py:188} INFO - [2024-05-28T18:13:34.968+0000] {dag.py:3096} INFO - Sync 1 DAGs
[2024-05-28T18:13:35.078+0000] {logging_mixin.py:188} INFO - [2024-05-28T18:13:35.077+0000] {dag.py:3954} INFO - Setting next_dagrun for example_bash_operator to 2024-05-27 00:00:00+00:00, run_after=2024-05-28 00:00:00+00:00
[2024-05-28T18:13:35.133+0000] {processor.py:183} INFO - Processing /home/airflow/.local/lib/python3.12/site-packages/airflow/example_dags/example_bash_operator.py took 0.558 seconds
[2024-05-28T18:14:05.659+0000] {processor.py:161} INFO - Started process (PID=817) to work on /home/airflow/.local/lib/python3.12/site-packages/airflow/example_dags/example_bash_operator.py
[2024-05-28T18:14:05.662+0000] {processor.py:830} INFO - Processing file /home/airflow/.local/lib/python3.12/site-packages/airflow/example_dags/example_bash_operator.py for tasks to queue
[2024-05-28T18:14:05.668+0000] {logging_mixin.py:188} INFO - [2024-05-28T18:14:05.667+0000] {dagbag.py:545} INFO - Filling up the DagBag from /home/airflow/.local/lib/python3.12/site-packages/airflow/example_dags/example_bash_operator.py
[2024-05-28T18:14:05.707+0000] {processor.py:840} INFO - DAG(s) 'example_bash_operator' retrieved from /home/airflow/.local/lib/python3.12/site-packages/airflow/example_dags/example_bash_operator.py
[2024-05-28T18:14:05.791+0000] {logging_mixin.py:188} INFO - [2024-05-28T18:14:05.791+0000] {dag.py:3096} INFO - Sync 1 DAGs
[2024-05-28T18:14:05.866+0000] {logging_mixin.py:188} INFO - [2024-05-28T18:14:05.865+0000] {dag.py:3954} INFO - Setting next_dagrun for example_bash_operator to 2024-05-27 00:00:00+00:00, run_after=2024-05-28 00:00:00+00:00
[2024-05-28T18:14:05.956+0000] {processor.py:183} INFO - Processing /home/airflow/.local/lib/python3.12/site-packages/airflow/example_dags/example_bash_operator.py took 0.320 seconds
[2024-05-28T18:14:39.566+0000] {processor.py:161} INFO - Started process (PID=875) to work on /home/airflow/.local/lib/python3.12/site-packages/airflow/example_dags/example_bash_operator.py
[2024-05-28T18:14:39.581+0000] {processor.py:830} INFO - Processing file /home/airflow/.local/lib/python3.12/site-packages/airflow/example_dags/example_bash_operator.py for tasks to queue
[2024-05-28T18:14:39.606+0000] {logging_mixin.py:188} INFO - [2024-05-28T18:14:39.605+0000] {dagbag.py:545} INFO - Filling up the DagBag from /home/airflow/.local/lib/python3.12/site-packages/airflow/example_dags/example_bash_operator.py
[2024-05-28T18:14:39.754+0000] {processor.py:840} INFO - DAG(s) 'example_bash_operator' retrieved from /home/airflow/.local/lib/python3.12/site-packages/airflow/example_dags/example_bash_operator.py
[2024-05-28T18:14:40.065+0000] {logging_mixin.py:188} INFO - [2024-05-28T18:14:40.064+0000] {dag.py:3096} INFO - Sync 1 DAGs
[2024-05-28T18:14:40.310+0000] {logging_mixin.py:188} INFO - [2024-05-28T18:14:40.307+0000] {dag.py:3954} INFO - Setting next_dagrun for example_bash_operator to 2024-05-27 00:00:00+00:00, run_after=2024-05-28 00:00:00+00:00
[2024-05-28T18:14:40.570+0000] {processor.py:183} INFO - Processing /home/airflow/.local/lib/python3.12/site-packages/airflow/example_dags/example_bash_operator.py took 1.043 seconds
[2024-05-28T18:15:11.167+0000] {processor.py:161} INFO - Started process (PID=933) to work on /home/airflow/.local/lib/python3.12/site-packages/airflow/example_dags/example_bash_operator.py
[2024-05-28T18:15:11.173+0000] {processor.py:830} INFO - Processing file /home/airflow/.local/lib/python3.12/site-packages/airflow/example_dags/example_bash_operator.py for tasks to queue
[2024-05-28T18:15:11.180+0000] {logging_mixin.py:188} INFO - [2024-05-28T18:15:11.179+0000] {dagbag.py:545} INFO - Filling up the DagBag from /home/airflow/.local/lib/python3.12/site-packages/airflow/example_dags/example_bash_operator.py
[2024-05-28T18:15:11.226+0000] {processor.py:840} INFO - DAG(s) 'example_bash_operator' retrieved from /home/airflow/.local/lib/python3.12/site-packages/airflow/example_dags/example_bash_operator.py
[2024-05-28T18:15:11.325+0000] {logging_mixin.py:188} INFO - [2024-05-28T18:15:11.325+0000] {dag.py:3096} INFO - Sync 1 DAGs
[2024-05-28T18:15:11.449+0000] {logging_mixin.py:188} INFO - [2024-05-28T18:15:11.444+0000] {dag.py:3954} INFO - Setting next_dagrun for example_bash_operator to 2024-05-27 00:00:00+00:00, run_after=2024-05-28 00:00:00+00:00
[2024-05-28T18:15:11.534+0000] {processor.py:183} INFO - Processing /home/airflow/.local/lib/python3.12/site-packages/airflow/example_dags/example_bash_operator.py took 0.382 seconds
[2024-05-28T18:15:44.200+0000] {processor.py:161} INFO - Started process (PID=991) to work on /home/airflow/.local/lib/python3.12/site-packages/airflow/example_dags/example_bash_operator.py
[2024-05-28T18:15:44.205+0000] {processor.py:830} INFO - Processing file /home/airflow/.local/lib/python3.12/site-packages/airflow/example_dags/example_bash_operator.py for tasks to queue
[2024-05-28T18:15:44.222+0000] {logging_mixin.py:188} INFO - [2024-05-28T18:15:44.220+0000] {dagbag.py:545} INFO - Filling up the DagBag from /home/airflow/.local/lib/python3.12/site-packages/airflow/example_dags/example_bash_operator.py
[2024-05-28T18:15:44.307+0000] {processor.py:840} INFO - DAG(s) 'example_bash_operator' retrieved from /home/airflow/.local/lib/python3.12/site-packages/airflow/example_dags/example_bash_operator.py
[2024-05-28T18:15:44.537+0000] {logging_mixin.py:188} INFO - [2024-05-28T18:15:44.536+0000] {dag.py:3096} INFO - Sync 1 DAGs
[2024-05-28T18:15:44.668+0000] {logging_mixin.py:188} INFO - [2024-05-28T18:15:44.667+0000] {dag.py:3954} INFO - Setting next_dagrun for example_bash_operator to 2024-05-27 00:00:00+00:00, run_after=2024-05-28 00:00:00+00:00
[2024-05-28T18:15:44.799+0000] {processor.py:183} INFO - Processing /home/airflow/.local/lib/python3.12/site-packages/airflow/example_dags/example_bash_operator.py took 0.640 seconds
[2024-05-28T18:16:17.047+0000] {processor.py:161} INFO - Started process (PID=1044) to work on /home/airflow/.local/lib/python3.12/site-packages/airflow/example_dags/example_bash_operator.py
[2024-05-28T18:16:17.055+0000] {processor.py:830} INFO - Processing file /home/airflow/.local/lib/python3.12/site-packages/airflow/example_dags/example_bash_operator.py for tasks to queue
[2024-05-28T18:16:17.077+0000] {logging_mixin.py:188} INFO - [2024-05-28T18:16:17.076+0000] {dagbag.py:545} INFO - Filling up the DagBag from /home/airflow/.local/lib/python3.12/site-packages/airflow/example_dags/example_bash_operator.py
[2024-05-28T18:16:17.194+0000] {processor.py:840} INFO - DAG(s) 'example_bash_operator' retrieved from /home/airflow/.local/lib/python3.12/site-packages/airflow/example_dags/example_bash_operator.py
[2024-05-28T18:16:17.451+0000] {logging_mixin.py:188} INFO - [2024-05-28T18:16:17.450+0000] {dag.py:3096} INFO - Sync 1 DAGs
[2024-05-28T18:16:17.631+0000] {logging_mixin.py:188} INFO - [2024-05-28T18:16:17.628+0000] {dag.py:3954} INFO - Setting next_dagrun for example_bash_operator to 2024-05-27 00:00:00+00:00, run_after=2024-05-28 00:00:00+00:00
[2024-05-28T18:16:17.913+0000] {processor.py:183} INFO - Processing /home/airflow/.local/lib/python3.12/site-packages/airflow/example_dags/example_bash_operator.py took 0.931 seconds
[2024-05-28T18:16:48.656+0000] {processor.py:161} INFO - Started process (PID=1103) to work on /home/airflow/.local/lib/python3.12/site-packages/airflow/example_dags/example_bash_operator.py
[2024-05-28T18:16:48.676+0000] {processor.py:830} INFO - Processing file /home/airflow/.local/lib/python3.12/site-packages/airflow/example_dags/example_bash_operator.py for tasks to queue
[2024-05-28T18:16:48.718+0000] {logging_mixin.py:188} INFO - [2024-05-28T18:16:48.705+0000] {dagbag.py:545} INFO - Filling up the DagBag from /home/airflow/.local/lib/python3.12/site-packages/airflow/example_dags/example_bash_operator.py
[2024-05-28T18:16:48.952+0000] {processor.py:840} INFO - DAG(s) 'example_bash_operator' retrieved from /home/airflow/.local/lib/python3.12/site-packages/airflow/example_dags/example_bash_operator.py
[2024-05-28T18:16:49.314+0000] {logging_mixin.py:188} INFO - [2024-05-28T18:16:49.313+0000] {dag.py:3096} INFO - Sync 1 DAGs
[2024-05-28T18:16:49.615+0000] {logging_mixin.py:188} INFO - [2024-05-28T18:16:49.614+0000] {dag.py:3954} INFO - Setting next_dagrun for example_bash_operator to 2024-05-27 00:00:00+00:00, run_after=2024-05-28 00:00:00+00:00
[2024-05-28T18:16:49.818+0000] {processor.py:183} INFO - Processing /home/airflow/.local/lib/python3.12/site-packages/airflow/example_dags/example_bash_operator.py took 1.282 seconds
[2024-05-28T18:17:20.163+0000] {processor.py:161} INFO - Started process (PID=1158) to work on /home/airflow/.local/lib/python3.12/site-packages/airflow/example_dags/example_bash_operator.py
[2024-05-28T18:17:20.165+0000] {processor.py:830} INFO - Processing file /home/airflow/.local/lib/python3.12/site-packages/airflow/example_dags/example_bash_operator.py for tasks to queue
[2024-05-28T18:17:20.175+0000] {logging_mixin.py:188} INFO - [2024-05-28T18:17:20.173+0000] {dagbag.py:545} INFO - Filling up the DagBag from /home/airflow/.local/lib/python3.12/site-packages/airflow/example_dags/example_bash_operator.py
[2024-05-28T18:17:20.211+0000] {processor.py:840} INFO - DAG(s) 'example_bash_operator' retrieved from /home/airflow/.local/lib/python3.12/site-packages/airflow/example_dags/example_bash_operator.py
[2024-05-28T18:17:20.305+0000] {logging_mixin.py:188} INFO - [2024-05-28T18:17:20.304+0000] {dag.py:3096} INFO - Sync 1 DAGs
[2024-05-28T18:17:20.376+0000] {logging_mixin.py:188} INFO - [2024-05-28T18:17:20.375+0000] {dag.py:3954} INFO - Setting next_dagrun for example_bash_operator to 2024-05-27 00:00:00+00:00, run_after=2024-05-28 00:00:00+00:00
[2024-05-28T18:17:20.470+0000] {processor.py:183} INFO - Processing /home/airflow/.local/lib/python3.12/site-packages/airflow/example_dags/example_bash_operator.py took 0.322 seconds
[2024-05-28T18:17:50.850+0000] {processor.py:161} INFO - Started process (PID=1216) to work on /home/airflow/.local/lib/python3.12/site-packages/airflow/example_dags/example_bash_operator.py
[2024-05-28T18:17:50.857+0000] {processor.py:830} INFO - Processing file /home/airflow/.local/lib/python3.12/site-packages/airflow/example_dags/example_bash_operator.py for tasks to queue
[2024-05-28T18:17:50.875+0000] {logging_mixin.py:188} INFO - [2024-05-28T18:17:50.874+0000] {dagbag.py:545} INFO - Filling up the DagBag from /home/airflow/.local/lib/python3.12/site-packages/airflow/example_dags/example_bash_operator.py
[2024-05-28T18:17:51.057+0000] {processor.py:840} INFO - DAG(s) 'example_bash_operator' retrieved from /home/airflow/.local/lib/python3.12/site-packages/airflow/example_dags/example_bash_operator.py
[2024-05-28T18:17:51.341+0000] {logging_mixin.py:188} INFO - [2024-05-28T18:17:51.339+0000] {dag.py:3096} INFO - Sync 1 DAGs
[2024-05-28T18:17:51.595+0000] {logging_mixin.py:188} INFO - [2024-05-28T18:17:51.594+0000] {dag.py:3954} INFO - Setting next_dagrun for example_bash_operator to 2024-05-27 00:00:00+00:00, run_after=2024-05-28 00:00:00+00:00
[2024-05-28T18:17:51.817+0000] {processor.py:183} INFO - Processing /home/airflow/.local/lib/python3.12/site-packages/airflow/example_dags/example_bash_operator.py took 1.012 seconds
[2024-05-28T18:18:22.456+0000] {processor.py:161} INFO - Started process (PID=1274) to work on /home/airflow/.local/lib/python3.12/site-packages/airflow/example_dags/example_bash_operator.py
[2024-05-28T18:18:22.460+0000] {processor.py:830} INFO - Processing file /home/airflow/.local/lib/python3.12/site-packages/airflow/example_dags/example_bash_operator.py for tasks to queue
[2024-05-28T18:18:22.472+0000] {logging_mixin.py:188} INFO - [2024-05-28T18:18:22.470+0000] {dagbag.py:545} INFO - Filling up the DagBag from /home/airflow/.local/lib/python3.12/site-packages/airflow/example_dags/example_bash_operator.py
[2024-05-28T18:18:22.581+0000] {processor.py:840} INFO - DAG(s) 'example_bash_operator' retrieved from /home/airflow/.local/lib/python3.12/site-packages/airflow/example_dags/example_bash_operator.py
[2024-05-28T18:18:22.653+0000] {logging_mixin.py:188} INFO - [2024-05-28T18:18:22.653+0000] {dag.py:3096} INFO - Sync 1 DAGs
[2024-05-28T18:18:22.698+0000] {logging_mixin.py:188} INFO - [2024-05-28T18:18:22.697+0000] {dag.py:3954} INFO - Setting next_dagrun for example_bash_operator to 2024-05-27 00:00:00+00:00, run_after=2024-05-28 00:00:00+00:00
[2024-05-28T18:18:22.733+0000] {processor.py:183} INFO - Processing /home/airflow/.local/lib/python3.12/site-packages/airflow/example_dags/example_bash_operator.py took 0.317 seconds
[2024-05-28T18:18:53.182+0000] {processor.py:161} INFO - Started process (PID=1338) to work on /home/airflow/.local/lib/python3.12/site-packages/airflow/example_dags/example_bash_operator.py
[2024-05-28T18:18:53.184+0000] {processor.py:830} INFO - Processing file /home/airflow/.local/lib/python3.12/site-packages/airflow/example_dags/example_bash_operator.py for tasks to queue
[2024-05-28T18:18:53.188+0000] {logging_mixin.py:188} INFO - [2024-05-28T18:18:53.187+0000] {dagbag.py:545} INFO - Filling up the DagBag from /home/airflow/.local/lib/python3.12/site-packages/airflow/example_dags/example_bash_operator.py
[2024-05-28T18:18:53.212+0000] {processor.py:840} INFO - DAG(s) 'example_bash_operator' retrieved from /home/airflow/.local/lib/python3.12/site-packages/airflow/example_dags/example_bash_operator.py
[2024-05-28T18:18:53.277+0000] {logging_mixin.py:188} INFO - [2024-05-28T18:18:53.277+0000] {dag.py:3096} INFO - Sync 1 DAGs
[2024-05-28T18:18:53.349+0000] {logging_mixin.py:188} INFO - [2024-05-28T18:18:53.349+0000] {dag.py:3954} INFO - Setting next_dagrun for example_bash_operator to 2024-05-27 00:00:00+00:00, run_after=2024-05-28 00:00:00+00:00
[2024-05-28T18:18:53.420+0000] {processor.py:183} INFO - Processing /home/airflow/.local/lib/python3.12/site-packages/airflow/example_dags/example_bash_operator.py took 0.250 seconds
[2024-05-28T18:19:23.625+0000] {processor.py:161} INFO - Started process (PID=1396) to work on /home/airflow/.local/lib/python3.12/site-packages/airflow/example_dags/example_bash_operator.py
[2024-05-28T18:19:23.633+0000] {processor.py:830} INFO - Processing file /home/airflow/.local/lib/python3.12/site-packages/airflow/example_dags/example_bash_operator.py for tasks to queue
[2024-05-28T18:19:23.648+0000] {logging_mixin.py:188} INFO - [2024-05-28T18:19:23.646+0000] {dagbag.py:545} INFO - Filling up the DagBag from /home/airflow/.local/lib/python3.12/site-packages/airflow/example_dags/example_bash_operator.py
[2024-05-28T18:19:23.744+0000] {processor.py:840} INFO - DAG(s) 'example_bash_operator' retrieved from /home/airflow/.local/lib/python3.12/site-packages/airflow/example_dags/example_bash_operator.py
[2024-05-28T18:19:24.022+0000] {logging_mixin.py:188} INFO - [2024-05-28T18:19:24.020+0000] {dag.py:3096} INFO - Sync 1 DAGs
[2024-05-28T18:19:24.179+0000] {logging_mixin.py:188} INFO - [2024-05-28T18:19:24.177+0000] {dag.py:3954} INFO - Setting next_dagrun for example_bash_operator to 2024-05-27 00:00:00+00:00, run_after=2024-05-28 00:00:00+00:00
[2024-05-28T18:19:24.282+0000] {processor.py:183} INFO - Processing /home/airflow/.local/lib/python3.12/site-packages/airflow/example_dags/example_bash_operator.py took 0.705 seconds
[2024-05-28T18:19:54.623+0000] {processor.py:161} INFO - Started process (PID=1454) to work on /home/airflow/.local/lib/python3.12/site-packages/airflow/example_dags/example_bash_operator.py
[2024-05-28T18:19:54.626+0000] {processor.py:830} INFO - Processing file /home/airflow/.local/lib/python3.12/site-packages/airflow/example_dags/example_bash_operator.py for tasks to queue
[2024-05-28T18:19:54.633+0000] {logging_mixin.py:188} INFO - [2024-05-28T18:19:54.632+0000] {dagbag.py:545} INFO - Filling up the DagBag from /home/airflow/.local/lib/python3.12/site-packages/airflow/example_dags/example_bash_operator.py
[2024-05-28T18:19:54.685+0000] {processor.py:840} INFO - DAG(s) 'example_bash_operator' retrieved from /home/airflow/.local/lib/python3.12/site-packages/airflow/example_dags/example_bash_operator.py
[2024-05-28T18:19:54.805+0000] {logging_mixin.py:188} INFO - [2024-05-28T18:19:54.804+0000] {dag.py:3096} INFO - Sync 1 DAGs
[2024-05-28T18:19:54.873+0000] {logging_mixin.py:188} INFO - [2024-05-28T18:19:54.873+0000] {dag.py:3954} INFO - Setting next_dagrun for example_bash_operator to 2024-05-27 00:00:00+00:00, run_after=2024-05-28 00:00:00+00:00
[2024-05-28T18:19:54.931+0000] {processor.py:183} INFO - Processing /home/airflow/.local/lib/python3.12/site-packages/airflow/example_dags/example_bash_operator.py took 0.326 seconds
[2024-05-28T18:20:25.133+0000] {processor.py:161} INFO - Started process (PID=1512) to work on /home/airflow/.local/lib/python3.12/site-packages/airflow/example_dags/example_bash_operator.py
[2024-05-28T18:20:25.138+0000] {processor.py:830} INFO - Processing file /home/airflow/.local/lib/python3.12/site-packages/airflow/example_dags/example_bash_operator.py for tasks to queue
[2024-05-28T18:20:25.146+0000] {logging_mixin.py:188} INFO - [2024-05-28T18:20:25.144+0000] {dagbag.py:545} INFO - Filling up the DagBag from /home/airflow/.local/lib/python3.12/site-packages/airflow/example_dags/example_bash_operator.py
[2024-05-28T18:20:25.199+0000] {processor.py:840} INFO - DAG(s) 'example_bash_operator' retrieved from /home/airflow/.local/lib/python3.12/site-packages/airflow/example_dags/example_bash_operator.py
[2024-05-28T18:20:25.338+0000] {logging_mixin.py:188} INFO - [2024-05-28T18:20:25.337+0000] {dag.py:3096} INFO - Sync 1 DAGs
[2024-05-28T18:20:25.501+0000] {logging_mixin.py:188} INFO - [2024-05-28T18:20:25.488+0000] {dag.py:3954} INFO - Setting next_dagrun for example_bash_operator to 2024-05-27 00:00:00+00:00, run_after=2024-05-28 00:00:00+00:00
[2024-05-28T18:20:25.657+0000] {processor.py:183} INFO - Processing /home/airflow/.local/lib/python3.12/site-packages/airflow/example_dags/example_bash_operator.py took 0.550 seconds
[2024-05-28T18:20:57.890+0000] {processor.py:161} INFO - Started process (PID=1569) to work on /home/airflow/.local/lib/python3.12/site-packages/airflow/example_dags/example_bash_operator.py
[2024-05-28T18:20:57.894+0000] {processor.py:830} INFO - Processing file /home/airflow/.local/lib/python3.12/site-packages/airflow/example_dags/example_bash_operator.py for tasks to queue
[2024-05-28T18:20:57.902+0000] {logging_mixin.py:188} INFO - [2024-05-28T18:20:57.900+0000] {dagbag.py:545} INFO - Filling up the DagBag from /home/airflow/.local/lib/python3.12/site-packages/airflow/example_dags/example_bash_operator.py
[2024-05-28T18:20:57.999+0000] {processor.py:840} INFO - DAG(s) 'example_bash_operator' retrieved from /home/airflow/.local/lib/python3.12/site-packages/airflow/example_dags/example_bash_operator.py
[2024-05-28T18:20:58.184+0000] {logging_mixin.py:188} INFO - [2024-05-28T18:20:58.183+0000] {dag.py:3096} INFO - Sync 1 DAGs
[2024-05-28T18:20:58.388+0000] {logging_mixin.py:188} INFO - [2024-05-28T18:20:58.386+0000] {dag.py:3954} INFO - Setting next_dagrun for example_bash_operator to 2024-05-27 00:00:00+00:00, run_after=2024-05-28 00:00:00+00:00
[2024-05-28T18:20:58.562+0000] {processor.py:183} INFO - Processing /home/airflow/.local/lib/python3.12/site-packages/airflow/example_dags/example_bash_operator.py took 0.704 seconds
[2024-05-28T18:21:32.160+0000] {processor.py:161} INFO - Started process (PID=1622) to work on /home/airflow/.local/lib/python3.12/site-packages/airflow/example_dags/example_bash_operator.py
[2024-05-28T18:21:32.169+0000] {processor.py:830} INFO - Processing file /home/airflow/.local/lib/python3.12/site-packages/airflow/example_dags/example_bash_operator.py for tasks to queue
[2024-05-28T18:21:32.200+0000] {logging_mixin.py:188} INFO - [2024-05-28T18:21:32.199+0000] {dagbag.py:545} INFO - Filling up the DagBag from /home/airflow/.local/lib/python3.12/site-packages/airflow/example_dags/example_bash_operator.py
[2024-05-28T18:21:32.341+0000] {processor.py:840} INFO - DAG(s) 'example_bash_operator' retrieved from /home/airflow/.local/lib/python3.12/site-packages/airflow/example_dags/example_bash_operator.py
[2024-05-28T18:21:32.743+0000] {logging_mixin.py:188} INFO - [2024-05-28T18:21:32.742+0000] {dag.py:3096} INFO - Sync 1 DAGs
[2024-05-28T18:21:33.163+0000] {logging_mixin.py:188} INFO - [2024-05-28T18:21:33.161+0000] {dag.py:3954} INFO - Setting next_dagrun for example_bash_operator to 2024-05-27 00:00:00+00:00, run_after=2024-05-28 00:00:00+00:00
[2024-05-28T18:21:33.407+0000] {processor.py:183} INFO - Processing /home/airflow/.local/lib/python3.12/site-packages/airflow/example_dags/example_bash_operator.py took 1.289 seconds
