[2024-05-28T18:07:15.431+0000] {processor.py:161} INFO - Started process (PID=61) to work on /home/airflow/.local/lib/python3.12/site-packages/airflow/example_dags/example_latest_only_with_trigger.py
[2024-05-28T18:07:15.433+0000] {processor.py:830} INFO - Processing file /home/airflow/.local/lib/python3.12/site-packages/airflow/example_dags/example_latest_only_with_trigger.py for tasks to queue
[2024-05-28T18:07:15.452+0000] {logging_mixin.py:188} INFO - [2024-05-28T18:07:15.451+0000] {dagbag.py:545} INFO - Filling up the DagBag from /home/airflow/.local/lib/python3.12/site-packages/airflow/example_dags/example_latest_only_with_trigger.py
[2024-05-28T18:07:15.492+0000] {processor.py:840} INFO - DAG(s) 'latest_only_with_trigger' retrieved from /home/airflow/.local/lib/python3.12/site-packages/airflow/example_dags/example_latest_only_with_trigger.py
[2024-05-28T18:07:15.979+0000] {logging_mixin.py:188} INFO - [2024-05-28T18:07:15.979+0000] {dag.py:3096} INFO - Sync 1 DAGs
[2024-05-28T18:07:16.054+0000] {logging_mixin.py:188} INFO - [2024-05-28T18:07:16.053+0000] {dag.py:3954} INFO - Setting next_dagrun for latest_only_with_trigger to 2024-05-28 12:00:00+00:00, run_after=2024-05-28 16:00:00+00:00
[2024-05-28T18:07:16.181+0000] {processor.py:183} INFO - Processing /home/airflow/.local/lib/python3.12/site-packages/airflow/example_dags/example_latest_only_with_trigger.py took 0.809 seconds
[2024-05-28T18:07:49.024+0000] {processor.py:161} INFO - Started process (PID=126) to work on /home/airflow/.local/lib/python3.12/site-packages/airflow/example_dags/example_latest_only_with_trigger.py
[2024-05-28T18:07:49.026+0000] {processor.py:830} INFO - Processing file /home/airflow/.local/lib/python3.12/site-packages/airflow/example_dags/example_latest_only_with_trigger.py for tasks to queue
[2024-05-28T18:07:49.031+0000] {logging_mixin.py:188} INFO - [2024-05-28T18:07:49.030+0000] {dagbag.py:545} INFO - Filling up the DagBag from /home/airflow/.local/lib/python3.12/site-packages/airflow/example_dags/example_latest_only_with_trigger.py
[2024-05-28T18:07:49.060+0000] {processor.py:840} INFO - DAG(s) 'latest_only_with_trigger' retrieved from /home/airflow/.local/lib/python3.12/site-packages/airflow/example_dags/example_latest_only_with_trigger.py
[2024-05-28T18:07:49.131+0000] {logging_mixin.py:188} INFO - [2024-05-28T18:07:49.130+0000] {dag.py:3096} INFO - Sync 1 DAGs
[2024-05-28T18:07:49.185+0000] {logging_mixin.py:188} INFO - [2024-05-28T18:07:49.185+0000] {dag.py:3954} INFO - Setting next_dagrun for latest_only_with_trigger to 2024-05-28 12:00:00+00:00, run_after=2024-05-28 16:00:00+00:00
[2024-05-28T18:07:49.237+0000] {processor.py:183} INFO - Processing /home/airflow/.local/lib/python3.12/site-packages/airflow/example_dags/example_latest_only_with_trigger.py took 0.229 seconds
[2024-05-28T18:08:19.582+0000] {processor.py:161} INFO - Started process (PID=182) to work on /home/airflow/.local/lib/python3.12/site-packages/airflow/example_dags/example_latest_only_with_trigger.py
[2024-05-28T18:08:19.585+0000] {processor.py:830} INFO - Processing file /home/airflow/.local/lib/python3.12/site-packages/airflow/example_dags/example_latest_only_with_trigger.py for tasks to queue
[2024-05-28T18:08:19.593+0000] {logging_mixin.py:188} INFO - [2024-05-28T18:08:19.591+0000] {dagbag.py:545} INFO - Filling up the DagBag from /home/airflow/.local/lib/python3.12/site-packages/airflow/example_dags/example_latest_only_with_trigger.py
[2024-05-28T18:08:19.614+0000] {processor.py:840} INFO - DAG(s) 'latest_only_with_trigger' retrieved from /home/airflow/.local/lib/python3.12/site-packages/airflow/example_dags/example_latest_only_with_trigger.py
[2024-05-28T18:08:19.707+0000] {logging_mixin.py:188} INFO - [2024-05-28T18:08:19.706+0000] {dag.py:3096} INFO - Sync 1 DAGs
[2024-05-28T18:08:19.789+0000] {logging_mixin.py:188} INFO - [2024-05-28T18:08:19.788+0000] {dag.py:3954} INFO - Setting next_dagrun for latest_only_with_trigger to 2024-05-28 12:00:00+00:00, run_after=2024-05-28 16:00:00+00:00
[2024-05-28T18:08:19.852+0000] {processor.py:183} INFO - Processing /home/airflow/.local/lib/python3.12/site-packages/airflow/example_dags/example_latest_only_with_trigger.py took 0.292 seconds
[2024-05-28T18:08:49.978+0000] {processor.py:161} INFO - Started process (PID=239) to work on /home/airflow/.local/lib/python3.12/site-packages/airflow/example_dags/example_latest_only_with_trigger.py
[2024-05-28T18:08:49.981+0000] {processor.py:830} INFO - Processing file /home/airflow/.local/lib/python3.12/site-packages/airflow/example_dags/example_latest_only_with_trigger.py for tasks to queue
[2024-05-28T18:08:49.986+0000] {logging_mixin.py:188} INFO - [2024-05-28T18:08:49.985+0000] {dagbag.py:545} INFO - Filling up the DagBag from /home/airflow/.local/lib/python3.12/site-packages/airflow/example_dags/example_latest_only_with_trigger.py
[2024-05-28T18:08:50.000+0000] {processor.py:840} INFO - DAG(s) 'latest_only_with_trigger' retrieved from /home/airflow/.local/lib/python3.12/site-packages/airflow/example_dags/example_latest_only_with_trigger.py
[2024-05-28T18:08:50.054+0000] {logging_mixin.py:188} INFO - [2024-05-28T18:08:50.054+0000] {dag.py:3096} INFO - Sync 1 DAGs
[2024-05-28T18:08:50.112+0000] {logging_mixin.py:188} INFO - [2024-05-28T18:08:50.112+0000] {dag.py:3954} INFO - Setting next_dagrun for latest_only_with_trigger to 2024-05-28 12:00:00+00:00, run_after=2024-05-28 16:00:00+00:00
[2024-05-28T18:08:50.171+0000] {processor.py:183} INFO - Processing /home/airflow/.local/lib/python3.12/site-packages/airflow/example_dags/example_latest_only_with_trigger.py took 0.212 seconds
[2024-05-28T18:09:20.877+0000] {processor.py:161} INFO - Started process (PID=297) to work on /home/airflow/.local/lib/python3.12/site-packages/airflow/example_dags/example_latest_only_with_trigger.py
[2024-05-28T18:09:20.880+0000] {processor.py:830} INFO - Processing file /home/airflow/.local/lib/python3.12/site-packages/airflow/example_dags/example_latest_only_with_trigger.py for tasks to queue
[2024-05-28T18:09:20.887+0000] {logging_mixin.py:188} INFO - [2024-05-28T18:09:20.886+0000] {dagbag.py:545} INFO - Filling up the DagBag from /home/airflow/.local/lib/python3.12/site-packages/airflow/example_dags/example_latest_only_with_trigger.py
[2024-05-28T18:09:20.914+0000] {processor.py:840} INFO - DAG(s) 'latest_only_with_trigger' retrieved from /home/airflow/.local/lib/python3.12/site-packages/airflow/example_dags/example_latest_only_with_trigger.py
[2024-05-28T18:09:20.988+0000] {logging_mixin.py:188} INFO - [2024-05-28T18:09:20.987+0000] {dag.py:3096} INFO - Sync 1 DAGs
[2024-05-28T18:09:21.062+0000] {logging_mixin.py:188} INFO - [2024-05-28T18:09:21.061+0000] {dag.py:3954} INFO - Setting next_dagrun for latest_only_with_trigger to 2024-05-28 12:00:00+00:00, run_after=2024-05-28 16:00:00+00:00
[2024-05-28T18:09:21.115+0000] {processor.py:183} INFO - Processing /home/airflow/.local/lib/python3.12/site-packages/airflow/example_dags/example_latest_only_with_trigger.py took 0.261 seconds
[2024-05-28T18:09:51.317+0000] {processor.py:161} INFO - Started process (PID=355) to work on /home/airflow/.local/lib/python3.12/site-packages/airflow/example_dags/example_latest_only_with_trigger.py
[2024-05-28T18:09:51.320+0000] {processor.py:830} INFO - Processing file /home/airflow/.local/lib/python3.12/site-packages/airflow/example_dags/example_latest_only_with_trigger.py for tasks to queue
[2024-05-28T18:09:51.329+0000] {logging_mixin.py:188} INFO - [2024-05-28T18:09:51.328+0000] {dagbag.py:545} INFO - Filling up the DagBag from /home/airflow/.local/lib/python3.12/site-packages/airflow/example_dags/example_latest_only_with_trigger.py
[2024-05-28T18:09:51.347+0000] {processor.py:840} INFO - DAG(s) 'latest_only_with_trigger' retrieved from /home/airflow/.local/lib/python3.12/site-packages/airflow/example_dags/example_latest_only_with_trigger.py
[2024-05-28T18:09:51.419+0000] {logging_mixin.py:188} INFO - [2024-05-28T18:09:51.418+0000] {dag.py:3096} INFO - Sync 1 DAGs
[2024-05-28T18:09:51.520+0000] {logging_mixin.py:188} INFO - [2024-05-28T18:09:51.519+0000] {dag.py:3954} INFO - Setting next_dagrun for latest_only_with_trigger to 2024-05-28 12:00:00+00:00, run_after=2024-05-28 16:00:00+00:00
[2024-05-28T18:09:51.580+0000] {processor.py:183} INFO - Processing /home/airflow/.local/lib/python3.12/site-packages/airflow/example_dags/example_latest_only_with_trigger.py took 0.289 seconds
[2024-05-28T18:10:22.285+0000] {processor.py:161} INFO - Started process (PID=413) to work on /home/airflow/.local/lib/python3.12/site-packages/airflow/example_dags/example_latest_only_with_trigger.py
[2024-05-28T18:10:22.289+0000] {processor.py:830} INFO - Processing file /home/airflow/.local/lib/python3.12/site-packages/airflow/example_dags/example_latest_only_with_trigger.py for tasks to queue
[2024-05-28T18:10:22.299+0000] {logging_mixin.py:188} INFO - [2024-05-28T18:10:22.297+0000] {dagbag.py:545} INFO - Filling up the DagBag from /home/airflow/.local/lib/python3.12/site-packages/airflow/example_dags/example_latest_only_with_trigger.py
[2024-05-28T18:10:22.322+0000] {processor.py:840} INFO - DAG(s) 'latest_only_with_trigger' retrieved from /home/airflow/.local/lib/python3.12/site-packages/airflow/example_dags/example_latest_only_with_trigger.py
[2024-05-28T18:10:22.394+0000] {logging_mixin.py:188} INFO - [2024-05-28T18:10:22.394+0000] {dag.py:3096} INFO - Sync 1 DAGs
[2024-05-28T18:10:22.468+0000] {logging_mixin.py:188} INFO - [2024-05-28T18:10:22.467+0000] {dag.py:3954} INFO - Setting next_dagrun for latest_only_with_trigger to 2024-05-28 12:00:00+00:00, run_after=2024-05-28 16:00:00+00:00
[2024-05-28T18:10:22.522+0000] {processor.py:183} INFO - Processing /home/airflow/.local/lib/python3.12/site-packages/airflow/example_dags/example_latest_only_with_trigger.py took 0.255 seconds
[2024-05-28T18:10:53.280+0000] {processor.py:161} INFO - Started process (PID=470) to work on /home/airflow/.local/lib/python3.12/site-packages/airflow/example_dags/example_latest_only_with_trigger.py
[2024-05-28T18:10:53.282+0000] {processor.py:830} INFO - Processing file /home/airflow/.local/lib/python3.12/site-packages/airflow/example_dags/example_latest_only_with_trigger.py for tasks to queue
[2024-05-28T18:10:53.288+0000] {logging_mixin.py:188} INFO - [2024-05-28T18:10:53.286+0000] {dagbag.py:545} INFO - Filling up the DagBag from /home/airflow/.local/lib/python3.12/site-packages/airflow/example_dags/example_latest_only_with_trigger.py
[2024-05-28T18:10:53.302+0000] {processor.py:840} INFO - DAG(s) 'latest_only_with_trigger' retrieved from /home/airflow/.local/lib/python3.12/site-packages/airflow/example_dags/example_latest_only_with_trigger.py
[2024-05-28T18:10:53.353+0000] {logging_mixin.py:188} INFO - [2024-05-28T18:10:53.352+0000] {dag.py:3096} INFO - Sync 1 DAGs
[2024-05-28T18:10:53.400+0000] {logging_mixin.py:188} INFO - [2024-05-28T18:10:53.399+0000] {dag.py:3954} INFO - Setting next_dagrun for latest_only_with_trigger to 2024-05-28 12:00:00+00:00, run_after=2024-05-28 16:00:00+00:00
[2024-05-28T18:10:53.472+0000] {processor.py:183} INFO - Processing /home/airflow/.local/lib/python3.12/site-packages/airflow/example_dags/example_latest_only_with_trigger.py took 0.207 seconds
[2024-05-28T18:11:32.880+0000] {processor.py:161} INFO - Started process (PID=529) to work on /home/airflow/.local/lib/python3.12/site-packages/airflow/example_dags/example_latest_only_with_trigger.py
[2024-05-28T18:11:32.907+0000] {processor.py:830} INFO - Processing file /home/airflow/.local/lib/python3.12/site-packages/airflow/example_dags/example_latest_only_with_trigger.py for tasks to queue
[2024-05-28T18:11:32.940+0000] {logging_mixin.py:188} INFO - [2024-05-28T18:11:32.938+0000] {dagbag.py:545} INFO - Filling up the DagBag from /home/airflow/.local/lib/python3.12/site-packages/airflow/example_dags/example_latest_only_with_trigger.py
[2024-05-28T18:11:33.008+0000] {processor.py:840} INFO - DAG(s) 'latest_only_with_trigger' retrieved from /home/airflow/.local/lib/python3.12/site-packages/airflow/example_dags/example_latest_only_with_trigger.py
[2024-05-28T18:11:33.178+0000] {logging_mixin.py:188} INFO - [2024-05-28T18:11:33.177+0000] {dag.py:3096} INFO - Sync 1 DAGs
[2024-05-28T18:11:33.399+0000] {logging_mixin.py:188} INFO - [2024-05-28T18:11:33.398+0000] {dag.py:3954} INFO - Setting next_dagrun for latest_only_with_trigger to 2024-05-28 12:00:00+00:00, run_after=2024-05-28 16:00:00+00:00
[2024-05-28T18:11:33.579+0000] {processor.py:183} INFO - Processing /home/airflow/.local/lib/python3.12/site-packages/airflow/example_dags/example_latest_only_with_trigger.py took 0.756 seconds
[2024-05-28T18:12:04.528+0000] {processor.py:161} INFO - Started process (PID=587) to work on /home/airflow/.local/lib/python3.12/site-packages/airflow/example_dags/example_latest_only_with_trigger.py
[2024-05-28T18:12:04.531+0000] {processor.py:830} INFO - Processing file /home/airflow/.local/lib/python3.12/site-packages/airflow/example_dags/example_latest_only_with_trigger.py for tasks to queue
[2024-05-28T18:12:04.536+0000] {logging_mixin.py:188} INFO - [2024-05-28T18:12:04.536+0000] {dagbag.py:545} INFO - Filling up the DagBag from /home/airflow/.local/lib/python3.12/site-packages/airflow/example_dags/example_latest_only_with_trigger.py
[2024-05-28T18:12:04.554+0000] {processor.py:840} INFO - DAG(s) 'latest_only_with_trigger' retrieved from /home/airflow/.local/lib/python3.12/site-packages/airflow/example_dags/example_latest_only_with_trigger.py
[2024-05-28T18:12:04.637+0000] {logging_mixin.py:188} INFO - [2024-05-28T18:12:04.637+0000] {dag.py:3096} INFO - Sync 1 DAGs
[2024-05-28T18:12:04.707+0000] {logging_mixin.py:188} INFO - [2024-05-28T18:12:04.707+0000] {dag.py:3954} INFO - Setting next_dagrun for latest_only_with_trigger to 2024-05-28 12:00:00+00:00, run_after=2024-05-28 16:00:00+00:00
[2024-05-28T18:12:04.766+0000] {processor.py:183} INFO - Processing /home/airflow/.local/lib/python3.12/site-packages/airflow/example_dags/example_latest_only_with_trigger.py took 0.273 seconds
[2024-05-28T18:12:35.914+0000] {processor.py:161} INFO - Started process (PID=645) to work on /home/airflow/.local/lib/python3.12/site-packages/airflow/example_dags/example_latest_only_with_trigger.py
[2024-05-28T18:12:35.917+0000] {processor.py:830} INFO - Processing file /home/airflow/.local/lib/python3.12/site-packages/airflow/example_dags/example_latest_only_with_trigger.py for tasks to queue
[2024-05-28T18:12:35.923+0000] {logging_mixin.py:188} INFO - [2024-05-28T18:12:35.922+0000] {dagbag.py:545} INFO - Filling up the DagBag from /home/airflow/.local/lib/python3.12/site-packages/airflow/example_dags/example_latest_only_with_trigger.py
[2024-05-28T18:12:35.991+0000] {processor.py:840} INFO - DAG(s) 'latest_only_with_trigger' retrieved from /home/airflow/.local/lib/python3.12/site-packages/airflow/example_dags/example_latest_only_with_trigger.py
[2024-05-28T18:12:36.130+0000] {logging_mixin.py:188} INFO - [2024-05-28T18:12:36.129+0000] {dag.py:3096} INFO - Sync 1 DAGs
[2024-05-28T18:12:36.287+0000] {logging_mixin.py:188} INFO - [2024-05-28T18:12:36.285+0000] {dag.py:3954} INFO - Setting next_dagrun for latest_only_with_trigger to 2024-05-28 12:00:00+00:00, run_after=2024-05-28 16:00:00+00:00
[2024-05-28T18:12:36.416+0000] {processor.py:183} INFO - Processing /home/airflow/.local/lib/python3.12/site-packages/airflow/example_dags/example_latest_only_with_trigger.py took 0.554 seconds
[2024-05-28T18:13:07.347+0000] {processor.py:161} INFO - Started process (PID=703) to work on /home/airflow/.local/lib/python3.12/site-packages/airflow/example_dags/example_latest_only_with_trigger.py
[2024-05-28T18:13:07.350+0000] {processor.py:830} INFO - Processing file /home/airflow/.local/lib/python3.12/site-packages/airflow/example_dags/example_latest_only_with_trigger.py for tasks to queue
[2024-05-28T18:13:07.355+0000] {logging_mixin.py:188} INFO - [2024-05-28T18:13:07.354+0000] {dagbag.py:545} INFO - Filling up the DagBag from /home/airflow/.local/lib/python3.12/site-packages/airflow/example_dags/example_latest_only_with_trigger.py
[2024-05-28T18:13:07.371+0000] {processor.py:840} INFO - DAG(s) 'latest_only_with_trigger' retrieved from /home/airflow/.local/lib/python3.12/site-packages/airflow/example_dags/example_latest_only_with_trigger.py
[2024-05-28T18:13:07.439+0000] {logging_mixin.py:188} INFO - [2024-05-28T18:13:07.438+0000] {dag.py:3096} INFO - Sync 1 DAGs
[2024-05-28T18:13:07.512+0000] {logging_mixin.py:188} INFO - [2024-05-28T18:13:07.511+0000] {dag.py:3954} INFO - Setting next_dagrun for latest_only_with_trigger to 2024-05-28 12:00:00+00:00, run_after=2024-05-28 16:00:00+00:00
[2024-05-28T18:13:07.565+0000] {processor.py:183} INFO - Processing /home/airflow/.local/lib/python3.12/site-packages/airflow/example_dags/example_latest_only_with_trigger.py took 0.246 seconds
[2024-05-28T18:13:38.791+0000] {processor.py:161} INFO - Started process (PID=762) to work on /home/airflow/.local/lib/python3.12/site-packages/airflow/example_dags/example_latest_only_with_trigger.py
[2024-05-28T18:13:38.798+0000] {processor.py:830} INFO - Processing file /home/airflow/.local/lib/python3.12/site-packages/airflow/example_dags/example_latest_only_with_trigger.py for tasks to queue
[2024-05-28T18:13:38.815+0000] {logging_mixin.py:188} INFO - [2024-05-28T18:13:38.813+0000] {dagbag.py:545} INFO - Filling up the DagBag from /home/airflow/.local/lib/python3.12/site-packages/airflow/example_dags/example_latest_only_with_trigger.py
[2024-05-28T18:13:38.856+0000] {processor.py:840} INFO - DAG(s) 'latest_only_with_trigger' retrieved from /home/airflow/.local/lib/python3.12/site-packages/airflow/example_dags/example_latest_only_with_trigger.py
[2024-05-28T18:13:38.952+0000] {logging_mixin.py:188} INFO - [2024-05-28T18:13:38.951+0000] {dag.py:3096} INFO - Sync 1 DAGs
[2024-05-28T18:13:39.033+0000] {logging_mixin.py:188} INFO - [2024-05-28T18:13:39.032+0000] {dag.py:3954} INFO - Setting next_dagrun for latest_only_with_trigger to 2024-05-28 12:00:00+00:00, run_after=2024-05-28 16:00:00+00:00
[2024-05-28T18:13:39.106+0000] {processor.py:183} INFO - Processing /home/airflow/.local/lib/python3.12/site-packages/airflow/example_dags/example_latest_only_with_trigger.py took 0.359 seconds
[2024-05-28T18:14:09.514+0000] {processor.py:161} INFO - Started process (PID=820) to work on /home/airflow/.local/lib/python3.12/site-packages/airflow/example_dags/example_latest_only_with_trigger.py
[2024-05-28T18:14:09.517+0000] {processor.py:830} INFO - Processing file /home/airflow/.local/lib/python3.12/site-packages/airflow/example_dags/example_latest_only_with_trigger.py for tasks to queue
[2024-05-28T18:14:09.527+0000] {logging_mixin.py:188} INFO - [2024-05-28T18:14:09.524+0000] {dagbag.py:545} INFO - Filling up the DagBag from /home/airflow/.local/lib/python3.12/site-packages/airflow/example_dags/example_latest_only_with_trigger.py
[2024-05-28T18:14:09.588+0000] {processor.py:840} INFO - DAG(s) 'latest_only_with_trigger' retrieved from /home/airflow/.local/lib/python3.12/site-packages/airflow/example_dags/example_latest_only_with_trigger.py
[2024-05-28T18:14:09.707+0000] {logging_mixin.py:188} INFO - [2024-05-28T18:14:09.706+0000] {dag.py:3096} INFO - Sync 1 DAGs
[2024-05-28T18:14:10.004+0000] {logging_mixin.py:188} INFO - [2024-05-28T18:14:10.003+0000] {dag.py:3954} INFO - Setting next_dagrun for latest_only_with_trigger to 2024-05-28 12:00:00+00:00, run_after=2024-05-28 16:00:00+00:00
[2024-05-28T18:14:10.227+0000] {processor.py:183} INFO - Processing /home/airflow/.local/lib/python3.12/site-packages/airflow/example_dags/example_latest_only_with_trigger.py took 0.743 seconds
[2024-05-28T18:14:40.686+0000] {processor.py:161} INFO - Started process (PID=877) to work on /home/airflow/.local/lib/python3.12/site-packages/airflow/example_dags/example_latest_only_with_trigger.py
[2024-05-28T18:14:40.696+0000] {processor.py:830} INFO - Processing file /home/airflow/.local/lib/python3.12/site-packages/airflow/example_dags/example_latest_only_with_trigger.py for tasks to queue
[2024-05-28T18:14:40.719+0000] {logging_mixin.py:188} INFO - [2024-05-28T18:14:40.712+0000] {dagbag.py:545} INFO - Filling up the DagBag from /home/airflow/.local/lib/python3.12/site-packages/airflow/example_dags/example_latest_only_with_trigger.py
[2024-05-28T18:14:40.781+0000] {processor.py:840} INFO - DAG(s) 'latest_only_with_trigger' retrieved from /home/airflow/.local/lib/python3.12/site-packages/airflow/example_dags/example_latest_only_with_trigger.py
[2024-05-28T18:14:40.962+0000] {logging_mixin.py:188} INFO - [2024-05-28T18:14:40.961+0000] {dag.py:3096} INFO - Sync 1 DAGs
[2024-05-28T18:14:41.270+0000] {logging_mixin.py:188} INFO - [2024-05-28T18:14:41.269+0000] {dag.py:3954} INFO - Setting next_dagrun for latest_only_with_trigger to 2024-05-28 12:00:00+00:00, run_after=2024-05-28 16:00:00+00:00
[2024-05-28T18:14:41.483+0000] {processor.py:183} INFO - Processing /home/airflow/.local/lib/python3.12/site-packages/airflow/example_dags/example_latest_only_with_trigger.py took 0.866 seconds
[2024-05-28T18:15:11.688+0000] {processor.py:161} INFO - Started process (PID=935) to work on /home/airflow/.local/lib/python3.12/site-packages/airflow/example_dags/example_latest_only_with_trigger.py
[2024-05-28T18:15:11.691+0000] {processor.py:830} INFO - Processing file /home/airflow/.local/lib/python3.12/site-packages/airflow/example_dags/example_latest_only_with_trigger.py for tasks to queue
[2024-05-28T18:15:11.696+0000] {logging_mixin.py:188} INFO - [2024-05-28T18:15:11.695+0000] {dagbag.py:545} INFO - Filling up the DagBag from /home/airflow/.local/lib/python3.12/site-packages/airflow/example_dags/example_latest_only_with_trigger.py
[2024-05-28T18:15:11.712+0000] {processor.py:840} INFO - DAG(s) 'latest_only_with_trigger' retrieved from /home/airflow/.local/lib/python3.12/site-packages/airflow/example_dags/example_latest_only_with_trigger.py
[2024-05-28T18:15:11.787+0000] {logging_mixin.py:188} INFO - [2024-05-28T18:15:11.785+0000] {dag.py:3096} INFO - Sync 1 DAGs
[2024-05-28T18:15:11.868+0000] {logging_mixin.py:188} INFO - [2024-05-28T18:15:11.867+0000] {dag.py:3954} INFO - Setting next_dagrun for latest_only_with_trigger to 2024-05-28 12:00:00+00:00, run_after=2024-05-28 16:00:00+00:00
[2024-05-28T18:15:11.955+0000] {processor.py:183} INFO - Processing /home/airflow/.local/lib/python3.12/site-packages/airflow/example_dags/example_latest_only_with_trigger.py took 0.294 seconds
[2024-05-28T18:15:45.234+0000] {processor.py:161} INFO - Started process (PID=993) to work on /home/airflow/.local/lib/python3.12/site-packages/airflow/example_dags/example_latest_only_with_trigger.py
[2024-05-28T18:15:45.240+0000] {processor.py:830} INFO - Processing file /home/airflow/.local/lib/python3.12/site-packages/airflow/example_dags/example_latest_only_with_trigger.py for tasks to queue
[2024-05-28T18:15:45.257+0000] {logging_mixin.py:188} INFO - [2024-05-28T18:15:45.255+0000] {dagbag.py:545} INFO - Filling up the DagBag from /home/airflow/.local/lib/python3.12/site-packages/airflow/example_dags/example_latest_only_with_trigger.py
[2024-05-28T18:15:45.303+0000] {processor.py:840} INFO - DAG(s) 'latest_only_with_trigger' retrieved from /home/airflow/.local/lib/python3.12/site-packages/airflow/example_dags/example_latest_only_with_trigger.py
[2024-05-28T18:15:45.517+0000] {logging_mixin.py:188} INFO - [2024-05-28T18:15:45.514+0000] {dag.py:3096} INFO - Sync 1 DAGs
[2024-05-28T18:15:45.824+0000] {logging_mixin.py:188} INFO - [2024-05-28T18:15:45.823+0000] {dag.py:3954} INFO - Setting next_dagrun for latest_only_with_trigger to 2024-05-28 12:00:00+00:00, run_after=2024-05-28 16:00:00+00:00
[2024-05-28T18:15:46.070+0000] {processor.py:183} INFO - Processing /home/airflow/.local/lib/python3.12/site-packages/airflow/example_dags/example_latest_only_with_trigger.py took 0.898 seconds
[2024-05-28T18:16:18.376+0000] {processor.py:161} INFO - Started process (PID=1047) to work on /home/airflow/.local/lib/python3.12/site-packages/airflow/example_dags/example_latest_only_with_trigger.py
[2024-05-28T18:16:18.381+0000] {processor.py:830} INFO - Processing file /home/airflow/.local/lib/python3.12/site-packages/airflow/example_dags/example_latest_only_with_trigger.py for tasks to queue
[2024-05-28T18:16:18.401+0000] {logging_mixin.py:188} INFO - [2024-05-28T18:16:18.400+0000] {dagbag.py:545} INFO - Filling up the DagBag from /home/airflow/.local/lib/python3.12/site-packages/airflow/example_dags/example_latest_only_with_trigger.py
[2024-05-28T18:16:18.471+0000] {processor.py:840} INFO - DAG(s) 'latest_only_with_trigger' retrieved from /home/airflow/.local/lib/python3.12/site-packages/airflow/example_dags/example_latest_only_with_trigger.py
[2024-05-28T18:16:18.626+0000] {logging_mixin.py:188} INFO - [2024-05-28T18:16:18.625+0000] {dag.py:3096} INFO - Sync 1 DAGs
[2024-05-28T18:16:18.917+0000] {logging_mixin.py:188} INFO - [2024-05-28T18:16:18.916+0000] {dag.py:3954} INFO - Setting next_dagrun for latest_only_with_trigger to 2024-05-28 12:00:00+00:00, run_after=2024-05-28 16:00:00+00:00
[2024-05-28T18:16:19.172+0000] {processor.py:183} INFO - Processing /home/airflow/.local/lib/python3.12/site-packages/airflow/example_dags/example_latest_only_with_trigger.py took 0.860 seconds
[2024-05-28T18:16:51.511+0000] {processor.py:161} INFO - Started process (PID=1106) to work on /home/airflow/.local/lib/python3.12/site-packages/airflow/example_dags/example_latest_only_with_trigger.py
[2024-05-28T18:16:51.516+0000] {processor.py:830} INFO - Processing file /home/airflow/.local/lib/python3.12/site-packages/airflow/example_dags/example_latest_only_with_trigger.py for tasks to queue
[2024-05-28T18:16:51.535+0000] {logging_mixin.py:188} INFO - [2024-05-28T18:16:51.533+0000] {dagbag.py:545} INFO - Filling up the DagBag from /home/airflow/.local/lib/python3.12/site-packages/airflow/example_dags/example_latest_only_with_trigger.py
[2024-05-28T18:16:51.596+0000] {processor.py:840} INFO - DAG(s) 'latest_only_with_trigger' retrieved from /home/airflow/.local/lib/python3.12/site-packages/airflow/example_dags/example_latest_only_with_trigger.py
[2024-05-28T18:16:51.808+0000] {logging_mixin.py:188} INFO - [2024-05-28T18:16:51.805+0000] {dag.py:3096} INFO - Sync 1 DAGs
[2024-05-28T18:16:52.098+0000] {logging_mixin.py:188} INFO - [2024-05-28T18:16:52.096+0000] {dag.py:3954} INFO - Setting next_dagrun for latest_only_with_trigger to 2024-05-28 12:00:00+00:00, run_after=2024-05-28 16:00:00+00:00
[2024-05-28T18:16:52.316+0000] {processor.py:183} INFO - Processing /home/airflow/.local/lib/python3.12/site-packages/airflow/example_dags/example_latest_only_with_trigger.py took 0.859 seconds
[2024-05-28T18:17:22.428+0000] {processor.py:161} INFO - Started process (PID=1169) to work on /home/airflow/.local/lib/python3.12/site-packages/airflow/example_dags/example_latest_only_with_trigger.py
[2024-05-28T18:17:22.431+0000] {processor.py:830} INFO - Processing file /home/airflow/.local/lib/python3.12/site-packages/airflow/example_dags/example_latest_only_with_trigger.py for tasks to queue
[2024-05-28T18:17:22.435+0000] {logging_mixin.py:188} INFO - [2024-05-28T18:17:22.434+0000] {dagbag.py:545} INFO - Filling up the DagBag from /home/airflow/.local/lib/python3.12/site-packages/airflow/example_dags/example_latest_only_with_trigger.py
[2024-05-28T18:17:22.447+0000] {processor.py:840} INFO - DAG(s) 'latest_only_with_trigger' retrieved from /home/airflow/.local/lib/python3.12/site-packages/airflow/example_dags/example_latest_only_with_trigger.py
[2024-05-28T18:17:22.514+0000] {logging_mixin.py:188} INFO - [2024-05-28T18:17:22.513+0000] {dag.py:3096} INFO - Sync 1 DAGs
[2024-05-28T18:17:22.562+0000] {logging_mixin.py:188} INFO - [2024-05-28T18:17:22.562+0000] {dag.py:3954} INFO - Setting next_dagrun for latest_only_with_trigger to 2024-05-28 12:00:00+00:00, run_after=2024-05-28 16:00:00+00:00
[2024-05-28T18:17:22.599+0000] {processor.py:183} INFO - Processing /home/airflow/.local/lib/python3.12/site-packages/airflow/example_dags/example_latest_only_with_trigger.py took 0.185 seconds
[2024-05-28T18:17:53.245+0000] {processor.py:161} INFO - Started process (PID=1225) to work on /home/airflow/.local/lib/python3.12/site-packages/airflow/example_dags/example_latest_only_with_trigger.py
[2024-05-28T18:17:53.259+0000] {processor.py:830} INFO - Processing file /home/airflow/.local/lib/python3.12/site-packages/airflow/example_dags/example_latest_only_with_trigger.py for tasks to queue
[2024-05-28T18:17:53.327+0000] {logging_mixin.py:188} INFO - [2024-05-28T18:17:53.326+0000] {dagbag.py:545} INFO - Filling up the DagBag from /home/airflow/.local/lib/python3.12/site-packages/airflow/example_dags/example_latest_only_with_trigger.py
[2024-05-28T18:17:53.385+0000] {processor.py:840} INFO - DAG(s) 'latest_only_with_trigger' retrieved from /home/airflow/.local/lib/python3.12/site-packages/airflow/example_dags/example_latest_only_with_trigger.py
[2024-05-28T18:17:53.598+0000] {logging_mixin.py:188} INFO - [2024-05-28T18:17:53.597+0000] {dag.py:3096} INFO - Sync 1 DAGs
[2024-05-28T18:17:53.797+0000] {logging_mixin.py:188} INFO - [2024-05-28T18:17:53.796+0000] {dag.py:3954} INFO - Setting next_dagrun for latest_only_with_trigger to 2024-05-28 12:00:00+00:00, run_after=2024-05-28 16:00:00+00:00
[2024-05-28T18:17:53.909+0000] {processor.py:183} INFO - Processing /home/airflow/.local/lib/python3.12/site-packages/airflow/example_dags/example_latest_only_with_trigger.py took 0.732 seconds
[2024-05-28T18:18:24.212+0000] {processor.py:161} INFO - Started process (PID=1283) to work on /home/airflow/.local/lib/python3.12/site-packages/airflow/example_dags/example_latest_only_with_trigger.py
[2024-05-28T18:18:24.215+0000] {processor.py:830} INFO - Processing file /home/airflow/.local/lib/python3.12/site-packages/airflow/example_dags/example_latest_only_with_trigger.py for tasks to queue
[2024-05-28T18:18:24.226+0000] {logging_mixin.py:188} INFO - [2024-05-28T18:18:24.224+0000] {dagbag.py:545} INFO - Filling up the DagBag from /home/airflow/.local/lib/python3.12/site-packages/airflow/example_dags/example_latest_only_with_trigger.py
[2024-05-28T18:18:24.247+0000] {processor.py:840} INFO - DAG(s) 'latest_only_with_trigger' retrieved from /home/airflow/.local/lib/python3.12/site-packages/airflow/example_dags/example_latest_only_with_trigger.py
[2024-05-28T18:18:24.333+0000] {logging_mixin.py:188} INFO - [2024-05-28T18:18:24.332+0000] {dag.py:3096} INFO - Sync 1 DAGs
[2024-05-28T18:18:24.420+0000] {logging_mixin.py:188} INFO - [2024-05-28T18:18:24.419+0000] {dag.py:3954} INFO - Setting next_dagrun for latest_only_with_trigger to 2024-05-28 12:00:00+00:00, run_after=2024-05-28 16:00:00+00:00
[2024-05-28T18:18:24.489+0000] {processor.py:183} INFO - Processing /home/airflow/.local/lib/python3.12/site-packages/airflow/example_dags/example_latest_only_with_trigger.py took 0.299 seconds
[2024-05-28T18:18:54.817+0000] {processor.py:161} INFO - Started process (PID=1341) to work on /home/airflow/.local/lib/python3.12/site-packages/airflow/example_dags/example_latest_only_with_trigger.py
[2024-05-28T18:18:54.820+0000] {processor.py:830} INFO - Processing file /home/airflow/.local/lib/python3.12/site-packages/airflow/example_dags/example_latest_only_with_trigger.py for tasks to queue
[2024-05-28T18:18:54.826+0000] {logging_mixin.py:188} INFO - [2024-05-28T18:18:54.825+0000] {dagbag.py:545} INFO - Filling up the DagBag from /home/airflow/.local/lib/python3.12/site-packages/airflow/example_dags/example_latest_only_with_trigger.py
[2024-05-28T18:18:54.843+0000] {processor.py:840} INFO - DAG(s) 'latest_only_with_trigger' retrieved from /home/airflow/.local/lib/python3.12/site-packages/airflow/example_dags/example_latest_only_with_trigger.py
[2024-05-28T18:18:54.927+0000] {logging_mixin.py:188} INFO - [2024-05-28T18:18:54.926+0000] {dag.py:3096} INFO - Sync 1 DAGs
[2024-05-28T18:18:54.996+0000] {logging_mixin.py:188} INFO - [2024-05-28T18:18:54.995+0000] {dag.py:3954} INFO - Setting next_dagrun for latest_only_with_trigger to 2024-05-28 12:00:00+00:00, run_after=2024-05-28 16:00:00+00:00
[2024-05-28T18:18:55.058+0000] {processor.py:183} INFO - Processing /home/airflow/.local/lib/python3.12/site-packages/airflow/example_dags/example_latest_only_with_trigger.py took 0.258 seconds
[2024-05-28T18:19:25.321+0000] {processor.py:161} INFO - Started process (PID=1399) to work on /home/airflow/.local/lib/python3.12/site-packages/airflow/example_dags/example_latest_only_with_trigger.py
[2024-05-28T18:19:25.330+0000] {processor.py:830} INFO - Processing file /home/airflow/.local/lib/python3.12/site-packages/airflow/example_dags/example_latest_only_with_trigger.py for tasks to queue
[2024-05-28T18:19:25.337+0000] {logging_mixin.py:188} INFO - [2024-05-28T18:19:25.336+0000] {dagbag.py:545} INFO - Filling up the DagBag from /home/airflow/.local/lib/python3.12/site-packages/airflow/example_dags/example_latest_only_with_trigger.py
[2024-05-28T18:19:25.363+0000] {processor.py:840} INFO - DAG(s) 'latest_only_with_trigger' retrieved from /home/airflow/.local/lib/python3.12/site-packages/airflow/example_dags/example_latest_only_with_trigger.py
[2024-05-28T18:19:25.542+0000] {logging_mixin.py:188} INFO - [2024-05-28T18:19:25.541+0000] {dag.py:3096} INFO - Sync 1 DAGs
[2024-05-28T18:19:25.689+0000] {logging_mixin.py:188} INFO - [2024-05-28T18:19:25.687+0000] {dag.py:3954} INFO - Setting next_dagrun for latest_only_with_trigger to 2024-05-28 12:00:00+00:00, run_after=2024-05-28 16:00:00+00:00
[2024-05-28T18:19:25.829+0000] {processor.py:183} INFO - Processing /home/airflow/.local/lib/python3.12/site-packages/airflow/example_dags/example_latest_only_with_trigger.py took 0.539 seconds
[2024-05-28T18:19:55.990+0000] {processor.py:161} INFO - Started process (PID=1457) to work on /home/airflow/.local/lib/python3.12/site-packages/airflow/example_dags/example_latest_only_with_trigger.py
[2024-05-28T18:19:55.997+0000] {processor.py:830} INFO - Processing file /home/airflow/.local/lib/python3.12/site-packages/airflow/example_dags/example_latest_only_with_trigger.py for tasks to queue
[2024-05-28T18:19:56.012+0000] {logging_mixin.py:188} INFO - [2024-05-28T18:19:56.011+0000] {dagbag.py:545} INFO - Filling up the DagBag from /home/airflow/.local/lib/python3.12/site-packages/airflow/example_dags/example_latest_only_with_trigger.py
[2024-05-28T18:19:56.041+0000] {processor.py:840} INFO - DAG(s) 'latest_only_with_trigger' retrieved from /home/airflow/.local/lib/python3.12/site-packages/airflow/example_dags/example_latest_only_with_trigger.py
[2024-05-28T18:19:56.136+0000] {logging_mixin.py:188} INFO - [2024-05-28T18:19:56.135+0000] {dag.py:3096} INFO - Sync 1 DAGs
[2024-05-28T18:19:56.220+0000] {logging_mixin.py:188} INFO - [2024-05-28T18:19:56.219+0000] {dag.py:3954} INFO - Setting next_dagrun for latest_only_with_trigger to 2024-05-28 12:00:00+00:00, run_after=2024-05-28 16:00:00+00:00
[2024-05-28T18:19:56.340+0000] {processor.py:183} INFO - Processing /home/airflow/.local/lib/python3.12/site-packages/airflow/example_dags/example_latest_only_with_trigger.py took 0.382 seconds
[2024-05-28T18:20:26.763+0000] {processor.py:161} INFO - Started process (PID=1515) to work on /home/airflow/.local/lib/python3.12/site-packages/airflow/example_dags/example_latest_only_with_trigger.py
[2024-05-28T18:20:26.767+0000] {processor.py:830} INFO - Processing file /home/airflow/.local/lib/python3.12/site-packages/airflow/example_dags/example_latest_only_with_trigger.py for tasks to queue
[2024-05-28T18:20:26.776+0000] {logging_mixin.py:188} INFO - [2024-05-28T18:20:26.773+0000] {dagbag.py:545} INFO - Filling up the DagBag from /home/airflow/.local/lib/python3.12/site-packages/airflow/example_dags/example_latest_only_with_trigger.py
[2024-05-28T18:20:26.809+0000] {processor.py:840} INFO - DAG(s) 'latest_only_with_trigger' retrieved from /home/airflow/.local/lib/python3.12/site-packages/airflow/example_dags/example_latest_only_with_trigger.py
[2024-05-28T18:20:26.917+0000] {logging_mixin.py:188} INFO - [2024-05-28T18:20:26.914+0000] {dag.py:3096} INFO - Sync 1 DAGs
[2024-05-28T18:20:27.046+0000] {logging_mixin.py:188} INFO - [2024-05-28T18:20:27.044+0000] {dag.py:3954} INFO - Setting next_dagrun for latest_only_with_trigger to 2024-05-28 12:00:00+00:00, run_after=2024-05-28 16:00:00+00:00
[2024-05-28T18:20:27.245+0000] {processor.py:183} INFO - Processing /home/airflow/.local/lib/python3.12/site-packages/airflow/example_dags/example_latest_only_with_trigger.py took 0.517 seconds
[2024-05-28T18:20:58.739+0000] {processor.py:161} INFO - Started process (PID=1572) to work on /home/airflow/.local/lib/python3.12/site-packages/airflow/example_dags/example_latest_only_with_trigger.py
[2024-05-28T18:20:58.742+0000] {processor.py:830} INFO - Processing file /home/airflow/.local/lib/python3.12/site-packages/airflow/example_dags/example_latest_only_with_trigger.py for tasks to queue
[2024-05-28T18:20:58.753+0000] {logging_mixin.py:188} INFO - [2024-05-28T18:20:58.752+0000] {dagbag.py:545} INFO - Filling up the DagBag from /home/airflow/.local/lib/python3.12/site-packages/airflow/example_dags/example_latest_only_with_trigger.py
[2024-05-28T18:20:58.799+0000] {processor.py:840} INFO - DAG(s) 'latest_only_with_trigger' retrieved from /home/airflow/.local/lib/python3.12/site-packages/airflow/example_dags/example_latest_only_with_trigger.py
[2024-05-28T18:20:58.989+0000] {logging_mixin.py:188} INFO - [2024-05-28T18:20:58.987+0000] {dag.py:3096} INFO - Sync 1 DAGs
[2024-05-28T18:20:59.219+0000] {logging_mixin.py:188} INFO - [2024-05-28T18:20:59.218+0000] {dag.py:3954} INFO - Setting next_dagrun for latest_only_with_trigger to 2024-05-28 12:00:00+00:00, run_after=2024-05-28 16:00:00+00:00
[2024-05-28T18:20:59.384+0000] {processor.py:183} INFO - Processing /home/airflow/.local/lib/python3.12/site-packages/airflow/example_dags/example_latest_only_with_trigger.py took 0.687 seconds
[2024-05-28T18:21:34.019+0000] {processor.py:161} INFO - Started process (PID=1625) to work on /home/airflow/.local/lib/python3.12/site-packages/airflow/example_dags/example_latest_only_with_trigger.py
[2024-05-28T18:21:34.023+0000] {processor.py:830} INFO - Processing file /home/airflow/.local/lib/python3.12/site-packages/airflow/example_dags/example_latest_only_with_trigger.py for tasks to queue
[2024-05-28T18:21:34.031+0000] {logging_mixin.py:188} INFO - [2024-05-28T18:21:34.029+0000] {dagbag.py:545} INFO - Filling up the DagBag from /home/airflow/.local/lib/python3.12/site-packages/airflow/example_dags/example_latest_only_with_trigger.py
[2024-05-28T18:21:34.065+0000] {processor.py:840} INFO - DAG(s) 'latest_only_with_trigger' retrieved from /home/airflow/.local/lib/python3.12/site-packages/airflow/example_dags/example_latest_only_with_trigger.py
[2024-05-28T18:21:34.190+0000] {logging_mixin.py:188} INFO - [2024-05-28T18:21:34.189+0000] {dag.py:3096} INFO - Sync 1 DAGs
[2024-05-28T18:21:34.332+0000] {logging_mixin.py:188} INFO - [2024-05-28T18:21:34.329+0000] {dag.py:3954} INFO - Setting next_dagrun for latest_only_with_trigger to 2024-05-28 12:00:00+00:00, run_after=2024-05-28 16:00:00+00:00
[2024-05-28T18:21:34.478+0000] {processor.py:183} INFO - Processing /home/airflow/.local/lib/python3.12/site-packages/airflow/example_dags/example_latest_only_with_trigger.py took 0.505 seconds
