[2024-05-28T18:07:09.415+0000] {processor.py:161} INFO - Started process (PID=55) to work on /home/airflow/.local/lib/python3.12/site-packages/airflow/example_dags/example_complex.py
[2024-05-28T18:07:09.434+0000] {processor.py:830} INFO - Processing file /home/airflow/.local/lib/python3.12/site-packages/airflow/example_dags/example_complex.py for tasks to queue
[2024-05-28T18:07:09.445+0000] {logging_mixin.py:188} INFO - [2024-05-28T18:07:09.444+0000] {dagbag.py:545} INFO - Filling up the DagBag from /home/airflow/.local/lib/python3.12/site-packages/airflow/example_dags/example_complex.py
[2024-05-28T18:07:09.699+0000] {processor.py:840} INFO - DAG(s) 'example_complex' retrieved from /home/airflow/.local/lib/python3.12/site-packages/airflow/example_dags/example_complex.py
[2024-05-28T18:07:11.349+0000] {logging_mixin.py:188} INFO - [2024-05-28T18:07:11.348+0000] {dag.py:3096} INFO - Sync 1 DAGs
[2024-05-28T18:07:11.489+0000] {logging_mixin.py:188} INFO - [2024-05-28T18:07:11.488+0000] {dag.py:3954} INFO - Setting next_dagrun for example_complex to None, run_after=None
[2024-05-28T18:07:11.806+0000] {processor.py:183} INFO - Processing /home/airflow/.local/lib/python3.12/site-packages/airflow/example_dags/example_complex.py took 2.515 seconds
[2024-05-28T18:07:46.123+0000] {processor.py:161} INFO - Started process (PID=114) to work on /home/airflow/.local/lib/python3.12/site-packages/airflow/example_dags/example_complex.py
[2024-05-28T18:07:46.126+0000] {processor.py:830} INFO - Processing file /home/airflow/.local/lib/python3.12/site-packages/airflow/example_dags/example_complex.py for tasks to queue
[2024-05-28T18:07:46.133+0000] {logging_mixin.py:188} INFO - [2024-05-28T18:07:46.132+0000] {dagbag.py:545} INFO - Filling up the DagBag from /home/airflow/.local/lib/python3.12/site-packages/airflow/example_dags/example_complex.py
[2024-05-28T18:07:46.177+0000] {processor.py:840} INFO - DAG(s) 'example_complex' retrieved from /home/airflow/.local/lib/python3.12/site-packages/airflow/example_dags/example_complex.py
[2024-05-28T18:07:46.330+0000] {logging_mixin.py:188} INFO - [2024-05-28T18:07:46.329+0000] {dag.py:3096} INFO - Sync 1 DAGs
[2024-05-28T18:07:46.375+0000] {logging_mixin.py:188} INFO - [2024-05-28T18:07:46.374+0000] {dag.py:3954} INFO - Setting next_dagrun for example_complex to None, run_after=None
[2024-05-28T18:07:46.472+0000] {processor.py:183} INFO - Processing /home/airflow/.local/lib/python3.12/site-packages/airflow/example_dags/example_complex.py took 0.372 seconds
[2024-05-28T18:08:16.810+0000] {processor.py:161} INFO - Started process (PID=170) to work on /home/airflow/.local/lib/python3.12/site-packages/airflow/example_dags/example_complex.py
[2024-05-28T18:08:16.813+0000] {processor.py:830} INFO - Processing file /home/airflow/.local/lib/python3.12/site-packages/airflow/example_dags/example_complex.py for tasks to queue
[2024-05-28T18:08:16.819+0000] {logging_mixin.py:188} INFO - [2024-05-28T18:08:16.818+0000] {dagbag.py:545} INFO - Filling up the DagBag from /home/airflow/.local/lib/python3.12/site-packages/airflow/example_dags/example_complex.py
[2024-05-28T18:08:16.863+0000] {processor.py:840} INFO - DAG(s) 'example_complex' retrieved from /home/airflow/.local/lib/python3.12/site-packages/airflow/example_dags/example_complex.py
[2024-05-28T18:08:17.029+0000] {logging_mixin.py:188} INFO - [2024-05-28T18:08:17.028+0000] {dag.py:3096} INFO - Sync 1 DAGs
[2024-05-28T18:08:17.084+0000] {logging_mixin.py:188} INFO - [2024-05-28T18:08:17.083+0000] {dag.py:3954} INFO - Setting next_dagrun for example_complex to None, run_after=None
[2024-05-28T18:08:17.179+0000] {processor.py:183} INFO - Processing /home/airflow/.local/lib/python3.12/site-packages/airflow/example_dags/example_complex.py took 0.386 seconds
[2024-05-28T18:08:47.932+0000] {processor.py:161} INFO - Started process (PID=228) to work on /home/airflow/.local/lib/python3.12/site-packages/airflow/example_dags/example_complex.py
[2024-05-28T18:08:47.934+0000] {processor.py:830} INFO - Processing file /home/airflow/.local/lib/python3.12/site-packages/airflow/example_dags/example_complex.py for tasks to queue
[2024-05-28T18:08:47.939+0000] {logging_mixin.py:188} INFO - [2024-05-28T18:08:47.938+0000] {dagbag.py:545} INFO - Filling up the DagBag from /home/airflow/.local/lib/python3.12/site-packages/airflow/example_dags/example_complex.py
[2024-05-28T18:08:47.984+0000] {processor.py:840} INFO - DAG(s) 'example_complex' retrieved from /home/airflow/.local/lib/python3.12/site-packages/airflow/example_dags/example_complex.py
[2024-05-28T18:08:48.080+0000] {logging_mixin.py:188} INFO - [2024-05-28T18:08:48.079+0000] {dag.py:3096} INFO - Sync 1 DAGs
[2024-05-28T18:08:48.119+0000] {logging_mixin.py:188} INFO - [2024-05-28T18:08:48.118+0000] {dag.py:3954} INFO - Setting next_dagrun for example_complex to None, run_after=None
[2024-05-28T18:08:48.182+0000] {processor.py:183} INFO - Processing /home/airflow/.local/lib/python3.12/site-packages/airflow/example_dags/example_complex.py took 0.267 seconds
[2024-05-28T18:09:19.125+0000] {processor.py:161} INFO - Started process (PID=292) to work on /home/airflow/.local/lib/python3.12/site-packages/airflow/example_dags/example_complex.py
[2024-05-28T18:09:19.129+0000] {processor.py:830} INFO - Processing file /home/airflow/.local/lib/python3.12/site-packages/airflow/example_dags/example_complex.py for tasks to queue
[2024-05-28T18:09:19.134+0000] {logging_mixin.py:188} INFO - [2024-05-28T18:09:19.134+0000] {dagbag.py:545} INFO - Filling up the DagBag from /home/airflow/.local/lib/python3.12/site-packages/airflow/example_dags/example_complex.py
[2024-05-28T18:09:19.162+0000] {processor.py:840} INFO - DAG(s) 'example_complex' retrieved from /home/airflow/.local/lib/python3.12/site-packages/airflow/example_dags/example_complex.py
[2024-05-28T18:09:19.254+0000] {logging_mixin.py:188} INFO - [2024-05-28T18:09:19.253+0000] {dag.py:3096} INFO - Sync 1 DAGs
[2024-05-28T18:09:19.289+0000] {logging_mixin.py:188} INFO - [2024-05-28T18:09:19.289+0000] {dag.py:3954} INFO - Setting next_dagrun for example_complex to None, run_after=None
[2024-05-28T18:09:19.342+0000] {processor.py:183} INFO - Processing /home/airflow/.local/lib/python3.12/site-packages/airflow/example_dags/example_complex.py took 0.233 seconds
[2024-05-28T18:09:50.169+0000] {processor.py:161} INFO - Started process (PID=349) to work on /home/airflow/.local/lib/python3.12/site-packages/airflow/example_dags/example_complex.py
[2024-05-28T18:09:50.172+0000] {processor.py:830} INFO - Processing file /home/airflow/.local/lib/python3.12/site-packages/airflow/example_dags/example_complex.py for tasks to queue
[2024-05-28T18:09:50.179+0000] {logging_mixin.py:188} INFO - [2024-05-28T18:09:50.178+0000] {dagbag.py:545} INFO - Filling up the DagBag from /home/airflow/.local/lib/python3.12/site-packages/airflow/example_dags/example_complex.py
[2024-05-28T18:09:50.223+0000] {processor.py:840} INFO - DAG(s) 'example_complex' retrieved from /home/airflow/.local/lib/python3.12/site-packages/airflow/example_dags/example_complex.py
[2024-05-28T18:09:50.356+0000] {logging_mixin.py:188} INFO - [2024-05-28T18:09:50.355+0000] {dag.py:3096} INFO - Sync 1 DAGs
[2024-05-28T18:09:50.410+0000] {logging_mixin.py:188} INFO - [2024-05-28T18:09:50.409+0000] {dag.py:3954} INFO - Setting next_dagrun for example_complex to None, run_after=None
[2024-05-28T18:09:50.486+0000] {processor.py:183} INFO - Processing /home/airflow/.local/lib/python3.12/site-packages/airflow/example_dags/example_complex.py took 0.337 seconds
[2024-05-28T18:10:21.192+0000] {processor.py:161} INFO - Started process (PID=407) to work on /home/airflow/.local/lib/python3.12/site-packages/airflow/example_dags/example_complex.py
[2024-05-28T18:10:21.195+0000] {processor.py:830} INFO - Processing file /home/airflow/.local/lib/python3.12/site-packages/airflow/example_dags/example_complex.py for tasks to queue
[2024-05-28T18:10:21.201+0000] {logging_mixin.py:188} INFO - [2024-05-28T18:10:21.200+0000] {dagbag.py:545} INFO - Filling up the DagBag from /home/airflow/.local/lib/python3.12/site-packages/airflow/example_dags/example_complex.py
[2024-05-28T18:10:21.242+0000] {processor.py:840} INFO - DAG(s) 'example_complex' retrieved from /home/airflow/.local/lib/python3.12/site-packages/airflow/example_dags/example_complex.py
[2024-05-28T18:10:21.362+0000] {logging_mixin.py:188} INFO - [2024-05-28T18:10:21.361+0000] {dag.py:3096} INFO - Sync 1 DAGs
[2024-05-28T18:10:21.409+0000] {logging_mixin.py:188} INFO - [2024-05-28T18:10:21.408+0000] {dag.py:3954} INFO - Setting next_dagrun for example_complex to None, run_after=None
[2024-05-28T18:10:21.492+0000] {processor.py:183} INFO - Processing /home/airflow/.local/lib/python3.12/site-packages/airflow/example_dags/example_complex.py took 0.318 seconds
[2024-05-28T18:10:51.615+0000] {processor.py:161} INFO - Started process (PID=465) to work on /home/airflow/.local/lib/python3.12/site-packages/airflow/example_dags/example_complex.py
[2024-05-28T18:10:51.617+0000] {processor.py:830} INFO - Processing file /home/airflow/.local/lib/python3.12/site-packages/airflow/example_dags/example_complex.py for tasks to queue
[2024-05-28T18:10:51.621+0000] {logging_mixin.py:188} INFO - [2024-05-28T18:10:51.621+0000] {dagbag.py:545} INFO - Filling up the DagBag from /home/airflow/.local/lib/python3.12/site-packages/airflow/example_dags/example_complex.py
[2024-05-28T18:10:51.648+0000] {processor.py:840} INFO - DAG(s) 'example_complex' retrieved from /home/airflow/.local/lib/python3.12/site-packages/airflow/example_dags/example_complex.py
[2024-05-28T18:10:51.730+0000] {logging_mixin.py:188} INFO - [2024-05-28T18:10:51.730+0000] {dag.py:3096} INFO - Sync 1 DAGs
[2024-05-28T18:10:51.761+0000] {logging_mixin.py:188} INFO - [2024-05-28T18:10:51.761+0000] {dag.py:3954} INFO - Setting next_dagrun for example_complex to None, run_after=None
[2024-05-28T18:10:51.815+0000] {processor.py:183} INFO - Processing /home/airflow/.local/lib/python3.12/site-packages/airflow/example_dags/example_complex.py took 0.213 seconds
[2024-05-28T18:11:23.364+0000] {processor.py:161} INFO - Started process (PID=517) to work on /home/airflow/.local/lib/python3.12/site-packages/airflow/example_dags/example_complex.py
[2024-05-28T18:11:23.371+0000] {processor.py:830} INFO - Processing file /home/airflow/.local/lib/python3.12/site-packages/airflow/example_dags/example_complex.py for tasks to queue
[2024-05-28T18:11:23.382+0000] {logging_mixin.py:188} INFO - [2024-05-28T18:11:23.381+0000] {dagbag.py:545} INFO - Filling up the DagBag from /home/airflow/.local/lib/python3.12/site-packages/airflow/example_dags/example_complex.py
[2024-05-28T18:11:23.509+0000] {processor.py:840} INFO - DAG(s) 'example_complex' retrieved from /home/airflow/.local/lib/python3.12/site-packages/airflow/example_dags/example_complex.py
[2024-05-28T18:11:24.346+0000] {logging_mixin.py:188} INFO - [2024-05-28T18:11:24.336+0000] {dag.py:3096} INFO - Sync 1 DAGs
[2024-05-28T18:11:24.586+0000] {logging_mixin.py:188} INFO - [2024-05-28T18:11:24.584+0000] {dag.py:3954} INFO - Setting next_dagrun for example_complex to None, run_after=None
[2024-05-28T18:11:24.920+0000] {processor.py:183} INFO - Processing /home/airflow/.local/lib/python3.12/site-packages/airflow/example_dags/example_complex.py took 1.597 seconds
[2024-05-28T18:11:55.420+0000] {processor.py:161} INFO - Started process (PID=575) to work on /home/airflow/.local/lib/python3.12/site-packages/airflow/example_dags/example_complex.py
[2024-05-28T18:11:55.423+0000] {processor.py:830} INFO - Processing file /home/airflow/.local/lib/python3.12/site-packages/airflow/example_dags/example_complex.py for tasks to queue
[2024-05-28T18:11:55.430+0000] {logging_mixin.py:188} INFO - [2024-05-28T18:11:55.428+0000] {dagbag.py:545} INFO - Filling up the DagBag from /home/airflow/.local/lib/python3.12/site-packages/airflow/example_dags/example_complex.py
[2024-05-28T18:11:55.474+0000] {processor.py:840} INFO - DAG(s) 'example_complex' retrieved from /home/airflow/.local/lib/python3.12/site-packages/airflow/example_dags/example_complex.py
[2024-05-28T18:11:55.633+0000] {logging_mixin.py:188} INFO - [2024-05-28T18:11:55.632+0000] {dag.py:3096} INFO - Sync 1 DAGs
[2024-05-28T18:11:55.686+0000] {logging_mixin.py:188} INFO - [2024-05-28T18:11:55.686+0000] {dag.py:3954} INFO - Setting next_dagrun for example_complex to None, run_after=None
[2024-05-28T18:11:55.763+0000] {processor.py:183} INFO - Processing /home/airflow/.local/lib/python3.12/site-packages/airflow/example_dags/example_complex.py took 0.372 seconds
[2024-05-28T18:12:26.535+0000] {processor.py:161} INFO - Started process (PID=633) to work on /home/airflow/.local/lib/python3.12/site-packages/airflow/example_dags/example_complex.py
[2024-05-28T18:12:26.542+0000] {processor.py:830} INFO - Processing file /home/airflow/.local/lib/python3.12/site-packages/airflow/example_dags/example_complex.py for tasks to queue
[2024-05-28T18:12:26.548+0000] {logging_mixin.py:188} INFO - [2024-05-28T18:12:26.548+0000] {dagbag.py:545} INFO - Filling up the DagBag from /home/airflow/.local/lib/python3.12/site-packages/airflow/example_dags/example_complex.py
[2024-05-28T18:12:26.597+0000] {processor.py:840} INFO - DAG(s) 'example_complex' retrieved from /home/airflow/.local/lib/python3.12/site-packages/airflow/example_dags/example_complex.py
[2024-05-28T18:12:26.721+0000] {logging_mixin.py:188} INFO - [2024-05-28T18:12:26.720+0000] {dag.py:3096} INFO - Sync 1 DAGs
[2024-05-28T18:12:26.763+0000] {logging_mixin.py:188} INFO - [2024-05-28T18:12:26.762+0000] {dag.py:3954} INFO - Setting next_dagrun for example_complex to None, run_after=None
[2024-05-28T18:12:26.819+0000] {processor.py:183} INFO - Processing /home/airflow/.local/lib/python3.12/site-packages/airflow/example_dags/example_complex.py took 0.306 seconds
[2024-05-28T18:12:57.656+0000] {processor.py:161} INFO - Started process (PID=691) to work on /home/airflow/.local/lib/python3.12/site-packages/airflow/example_dags/example_complex.py
[2024-05-28T18:12:57.660+0000] {processor.py:830} INFO - Processing file /home/airflow/.local/lib/python3.12/site-packages/airflow/example_dags/example_complex.py for tasks to queue
[2024-05-28T18:12:57.666+0000] {logging_mixin.py:188} INFO - [2024-05-28T18:12:57.665+0000] {dagbag.py:545} INFO - Filling up the DagBag from /home/airflow/.local/lib/python3.12/site-packages/airflow/example_dags/example_complex.py
[2024-05-28T18:12:57.717+0000] {processor.py:840} INFO - DAG(s) 'example_complex' retrieved from /home/airflow/.local/lib/python3.12/site-packages/airflow/example_dags/example_complex.py
[2024-05-28T18:12:57.829+0000] {logging_mixin.py:188} INFO - [2024-05-28T18:12:57.828+0000] {dag.py:3096} INFO - Sync 1 DAGs
[2024-05-28T18:12:57.867+0000] {logging_mixin.py:188} INFO - [2024-05-28T18:12:57.866+0000] {dag.py:3954} INFO - Setting next_dagrun for example_complex to None, run_after=None
[2024-05-28T18:12:57.943+0000] {processor.py:183} INFO - Processing /home/airflow/.local/lib/python3.12/site-packages/airflow/example_dags/example_complex.py took 0.324 seconds
[2024-05-28T18:13:28.394+0000] {processor.py:161} INFO - Started process (PID=750) to work on /home/airflow/.local/lib/python3.12/site-packages/airflow/example_dags/example_complex.py
[2024-05-28T18:13:28.408+0000] {processor.py:830} INFO - Processing file /home/airflow/.local/lib/python3.12/site-packages/airflow/example_dags/example_complex.py for tasks to queue
[2024-05-28T18:13:28.421+0000] {logging_mixin.py:188} INFO - [2024-05-28T18:13:28.417+0000] {dagbag.py:545} INFO - Filling up the DagBag from /home/airflow/.local/lib/python3.12/site-packages/airflow/example_dags/example_complex.py
[2024-05-28T18:13:28.527+0000] {processor.py:840} INFO - DAG(s) 'example_complex' retrieved from /home/airflow/.local/lib/python3.12/site-packages/airflow/example_dags/example_complex.py
[2024-05-28T18:13:28.827+0000] {logging_mixin.py:188} INFO - [2024-05-28T18:13:28.826+0000] {dag.py:3096} INFO - Sync 1 DAGs
[2024-05-28T18:13:28.916+0000] {logging_mixin.py:188} INFO - [2024-05-28T18:13:28.914+0000] {dag.py:3954} INFO - Setting next_dagrun for example_complex to None, run_after=None
[2024-05-28T18:13:29.019+0000] {processor.py:183} INFO - Processing /home/airflow/.local/lib/python3.12/site-packages/airflow/example_dags/example_complex.py took 0.685 seconds
[2024-05-28T18:13:59.527+0000] {processor.py:161} INFO - Started process (PID=808) to work on /home/airflow/.local/lib/python3.12/site-packages/airflow/example_dags/example_complex.py
[2024-05-28T18:13:59.530+0000] {processor.py:830} INFO - Processing file /home/airflow/.local/lib/python3.12/site-packages/airflow/example_dags/example_complex.py for tasks to queue
[2024-05-28T18:13:59.535+0000] {logging_mixin.py:188} INFO - [2024-05-28T18:13:59.534+0000] {dagbag.py:545} INFO - Filling up the DagBag from /home/airflow/.local/lib/python3.12/site-packages/airflow/example_dags/example_complex.py
[2024-05-28T18:13:59.617+0000] {processor.py:840} INFO - DAG(s) 'example_complex' retrieved from /home/airflow/.local/lib/python3.12/site-packages/airflow/example_dags/example_complex.py
[2024-05-28T18:14:00.020+0000] {logging_mixin.py:188} INFO - [2024-05-28T18:14:00.019+0000] {dag.py:3096} INFO - Sync 1 DAGs
[2024-05-28T18:14:00.351+0000] {logging_mixin.py:188} INFO - [2024-05-28T18:14:00.339+0000] {dag.py:3954} INFO - Setting next_dagrun for example_complex to None, run_after=None
[2024-05-28T18:14:00.623+0000] {processor.py:183} INFO - Processing /home/airflow/.local/lib/python3.12/site-packages/airflow/example_dags/example_complex.py took 1.143 seconds
[2024-05-28T18:14:33.251+0000] {processor.py:161} INFO - Started process (PID=866) to work on /home/airflow/.local/lib/python3.12/site-packages/airflow/example_dags/example_complex.py
[2024-05-28T18:14:33.268+0000] {processor.py:830} INFO - Processing file /home/airflow/.local/lib/python3.12/site-packages/airflow/example_dags/example_complex.py for tasks to queue
[2024-05-28T18:14:33.290+0000] {logging_mixin.py:188} INFO - [2024-05-28T18:14:33.288+0000] {dagbag.py:545} INFO - Filling up the DagBag from /home/airflow/.local/lib/python3.12/site-packages/airflow/example_dags/example_complex.py
[2024-05-28T18:14:33.516+0000] {processor.py:840} INFO - DAG(s) 'example_complex' retrieved from /home/airflow/.local/lib/python3.12/site-packages/airflow/example_dags/example_complex.py
[2024-05-28T18:14:34.227+0000] {logging_mixin.py:188} INFO - [2024-05-28T18:14:34.226+0000] {dag.py:3096} INFO - Sync 1 DAGs
[2024-05-28T18:14:34.430+0000] {logging_mixin.py:188} INFO - [2024-05-28T18:14:34.429+0000] {dag.py:3954} INFO - Setting next_dagrun for example_complex to None, run_after=None
[2024-05-28T18:14:34.742+0000] {processor.py:183} INFO - Processing /home/airflow/.local/lib/python3.12/site-packages/airflow/example_dags/example_complex.py took 1.550 seconds
[2024-05-28T18:15:05.005+0000] {processor.py:161} INFO - Started process (PID=924) to work on /home/airflow/.local/lib/python3.12/site-packages/airflow/example_dags/example_complex.py
[2024-05-28T18:15:05.020+0000] {processor.py:830} INFO - Processing file /home/airflow/.local/lib/python3.12/site-packages/airflow/example_dags/example_complex.py for tasks to queue
[2024-05-28T18:15:05.037+0000] {logging_mixin.py:188} INFO - [2024-05-28T18:15:05.030+0000] {dagbag.py:545} INFO - Filling up the DagBag from /home/airflow/.local/lib/python3.12/site-packages/airflow/example_dags/example_complex.py
[2024-05-28T18:15:05.163+0000] {processor.py:840} INFO - DAG(s) 'example_complex' retrieved from /home/airflow/.local/lib/python3.12/site-packages/airflow/example_dags/example_complex.py
[2024-05-28T18:15:05.661+0000] {logging_mixin.py:188} INFO - [2024-05-28T18:15:05.658+0000] {dag.py:3096} INFO - Sync 1 DAGs
[2024-05-28T18:15:05.843+0000] {logging_mixin.py:188} INFO - [2024-05-28T18:15:05.842+0000] {dag.py:3954} INFO - Setting next_dagrun for example_complex to None, run_after=None
[2024-05-28T18:15:06.067+0000] {processor.py:183} INFO - Processing /home/airflow/.local/lib/python3.12/site-packages/airflow/example_dags/example_complex.py took 1.105 seconds
[2024-05-28T18:15:38.553+0000] {processor.py:161} INFO - Started process (PID=982) to work on /home/airflow/.local/lib/python3.12/site-packages/airflow/example_dags/example_complex.py
[2024-05-28T18:15:38.555+0000] {processor.py:830} INFO - Processing file /home/airflow/.local/lib/python3.12/site-packages/airflow/example_dags/example_complex.py for tasks to queue
[2024-05-28T18:15:38.560+0000] {logging_mixin.py:188} INFO - [2024-05-28T18:15:38.559+0000] {dagbag.py:545} INFO - Filling up the DagBag from /home/airflow/.local/lib/python3.12/site-packages/airflow/example_dags/example_complex.py
[2024-05-28T18:15:38.601+0000] {processor.py:840} INFO - DAG(s) 'example_complex' retrieved from /home/airflow/.local/lib/python3.12/site-packages/airflow/example_dags/example_complex.py
[2024-05-28T18:15:38.865+0000] {logging_mixin.py:188} INFO - [2024-05-28T18:15:38.864+0000] {dag.py:3096} INFO - Sync 1 DAGs
[2024-05-28T18:15:38.964+0000] {logging_mixin.py:188} INFO - [2024-05-28T18:15:38.963+0000] {dag.py:3954} INFO - Setting next_dagrun for example_complex to None, run_after=None
[2024-05-28T18:15:39.216+0000] {processor.py:183} INFO - Processing /home/airflow/.local/lib/python3.12/site-packages/airflow/example_dags/example_complex.py took 0.680 seconds
[2024-05-28T18:16:12.492+0000] {processor.py:161} INFO - Started process (PID=1040) to work on /home/airflow/.local/lib/python3.12/site-packages/airflow/example_dags/example_complex.py
[2024-05-28T18:16:12.517+0000] {processor.py:830} INFO - Processing file /home/airflow/.local/lib/python3.12/site-packages/airflow/example_dags/example_complex.py for tasks to queue
[2024-05-28T18:16:12.544+0000] {logging_mixin.py:188} INFO - [2024-05-28T18:16:12.532+0000] {dagbag.py:545} INFO - Filling up the DagBag from /home/airflow/.local/lib/python3.12/site-packages/airflow/example_dags/example_complex.py
[2024-05-28T18:16:12.654+0000] {processor.py:840} INFO - DAG(s) 'example_complex' retrieved from /home/airflow/.local/lib/python3.12/site-packages/airflow/example_dags/example_complex.py
[2024-05-28T18:16:13.250+0000] {logging_mixin.py:188} INFO - [2024-05-28T18:16:13.248+0000] {dag.py:3096} INFO - Sync 1 DAGs
[2024-05-28T18:16:13.490+0000] {logging_mixin.py:188} INFO - [2024-05-28T18:16:13.488+0000] {dag.py:3954} INFO - Setting next_dagrun for example_complex to None, run_after=None
[2024-05-28T18:16:13.743+0000] {processor.py:183} INFO - Processing /home/airflow/.local/lib/python3.12/site-packages/airflow/example_dags/example_complex.py took 1.326 seconds
[2024-05-28T18:16:44.191+0000] {processor.py:161} INFO - Started process (PID=1097) to work on /home/airflow/.local/lib/python3.12/site-packages/airflow/example_dags/example_complex.py
[2024-05-28T18:16:44.193+0000] {processor.py:830} INFO - Processing file /home/airflow/.local/lib/python3.12/site-packages/airflow/example_dags/example_complex.py for tasks to queue
[2024-05-28T18:16:44.197+0000] {logging_mixin.py:188} INFO - [2024-05-28T18:16:44.196+0000] {dagbag.py:545} INFO - Filling up the DagBag from /home/airflow/.local/lib/python3.12/site-packages/airflow/example_dags/example_complex.py
[2024-05-28T18:16:44.231+0000] {processor.py:840} INFO - DAG(s) 'example_complex' retrieved from /home/airflow/.local/lib/python3.12/site-packages/airflow/example_dags/example_complex.py
[2024-05-28T18:16:44.390+0000] {logging_mixin.py:188} INFO - [2024-05-28T18:16:44.389+0000] {dag.py:3096} INFO - Sync 1 DAGs
[2024-05-28T18:16:44.524+0000] {logging_mixin.py:188} INFO - [2024-05-28T18:16:44.521+0000] {dag.py:3954} INFO - Setting next_dagrun for example_complex to None, run_after=None
[2024-05-28T18:16:44.751+0000] {processor.py:183} INFO - Processing /home/airflow/.local/lib/python3.12/site-packages/airflow/example_dags/example_complex.py took 0.571 seconds
[2024-05-28T18:17:15.361+0000] {processor.py:161} INFO - Started process (PID=1154) to work on /home/airflow/.local/lib/python3.12/site-packages/airflow/example_dags/example_complex.py
[2024-05-28T18:17:15.364+0000] {processor.py:830} INFO - Processing file /home/airflow/.local/lib/python3.12/site-packages/airflow/example_dags/example_complex.py for tasks to queue
[2024-05-28T18:17:15.370+0000] {logging_mixin.py:188} INFO - [2024-05-28T18:17:15.368+0000] {dagbag.py:545} INFO - Filling up the DagBag from /home/airflow/.local/lib/python3.12/site-packages/airflow/example_dags/example_complex.py
[2024-05-28T18:17:15.418+0000] {processor.py:840} INFO - DAG(s) 'example_complex' retrieved from /home/airflow/.local/lib/python3.12/site-packages/airflow/example_dags/example_complex.py
[2024-05-28T18:17:15.550+0000] {logging_mixin.py:188} INFO - [2024-05-28T18:17:15.550+0000] {dag.py:3096} INFO - Sync 1 DAGs
[2024-05-28T18:17:15.576+0000] {logging_mixin.py:188} INFO - [2024-05-28T18:17:15.575+0000] {dag.py:3954} INFO - Setting next_dagrun for example_complex to None, run_after=None
[2024-05-28T18:17:15.618+0000] {processor.py:183} INFO - Processing /home/airflow/.local/lib/python3.12/site-packages/airflow/example_dags/example_complex.py took 0.283 seconds
[2024-05-28T18:17:45.915+0000] {processor.py:161} INFO - Started process (PID=1212) to work on /home/airflow/.local/lib/python3.12/site-packages/airflow/example_dags/example_complex.py
[2024-05-28T18:17:45.920+0000] {processor.py:830} INFO - Processing file /home/airflow/.local/lib/python3.12/site-packages/airflow/example_dags/example_complex.py for tasks to queue
[2024-05-28T18:17:45.931+0000] {logging_mixin.py:188} INFO - [2024-05-28T18:17:45.928+0000] {dagbag.py:545} INFO - Filling up the DagBag from /home/airflow/.local/lib/python3.12/site-packages/airflow/example_dags/example_complex.py
[2024-05-28T18:17:46.017+0000] {processor.py:840} INFO - DAG(s) 'example_complex' retrieved from /home/airflow/.local/lib/python3.12/site-packages/airflow/example_dags/example_complex.py
[2024-05-28T18:17:46.234+0000] {logging_mixin.py:188} INFO - [2024-05-28T18:17:46.233+0000] {dag.py:3096} INFO - Sync 1 DAGs
[2024-05-28T18:17:46.323+0000] {logging_mixin.py:188} INFO - [2024-05-28T18:17:46.322+0000] {dag.py:3954} INFO - Setting next_dagrun for example_complex to None, run_after=None
[2024-05-28T18:17:46.484+0000] {processor.py:183} INFO - Processing /home/airflow/.local/lib/python3.12/site-packages/airflow/example_dags/example_complex.py took 0.608 seconds
[2024-05-28T18:18:17.553+0000] {processor.py:161} INFO - Started process (PID=1270) to work on /home/airflow/.local/lib/python3.12/site-packages/airflow/example_dags/example_complex.py
[2024-05-28T18:18:17.555+0000] {processor.py:830} INFO - Processing file /home/airflow/.local/lib/python3.12/site-packages/airflow/example_dags/example_complex.py for tasks to queue
[2024-05-28T18:18:17.560+0000] {logging_mixin.py:188} INFO - [2024-05-28T18:18:17.559+0000] {dagbag.py:545} INFO - Filling up the DagBag from /home/airflow/.local/lib/python3.12/site-packages/airflow/example_dags/example_complex.py
[2024-05-28T18:18:17.587+0000] {processor.py:840} INFO - DAG(s) 'example_complex' retrieved from /home/airflow/.local/lib/python3.12/site-packages/airflow/example_dags/example_complex.py
[2024-05-28T18:18:17.809+0000] {logging_mixin.py:188} INFO - [2024-05-28T18:18:17.808+0000] {dag.py:3096} INFO - Sync 1 DAGs
[2024-05-28T18:18:17.862+0000] {logging_mixin.py:188} INFO - [2024-05-28T18:18:17.861+0000] {dag.py:3954} INFO - Setting next_dagrun for example_complex to None, run_after=None
[2024-05-28T18:18:17.945+0000] {processor.py:183} INFO - Processing /home/airflow/.local/lib/python3.12/site-packages/airflow/example_dags/example_complex.py took 0.415 seconds
[2024-05-28T18:18:48.101+0000] {processor.py:161} INFO - Started process (PID=1328) to work on /home/airflow/.local/lib/python3.12/site-packages/airflow/example_dags/example_complex.py
[2024-05-28T18:18:48.104+0000] {processor.py:830} INFO - Processing file /home/airflow/.local/lib/python3.12/site-packages/airflow/example_dags/example_complex.py for tasks to queue
[2024-05-28T18:18:48.108+0000] {logging_mixin.py:188} INFO - [2024-05-28T18:18:48.107+0000] {dagbag.py:545} INFO - Filling up the DagBag from /home/airflow/.local/lib/python3.12/site-packages/airflow/example_dags/example_complex.py
[2024-05-28T18:18:48.137+0000] {processor.py:840} INFO - DAG(s) 'example_complex' retrieved from /home/airflow/.local/lib/python3.12/site-packages/airflow/example_dags/example_complex.py
[2024-05-28T18:18:48.258+0000] {logging_mixin.py:188} INFO - [2024-05-28T18:18:48.256+0000] {dag.py:3096} INFO - Sync 1 DAGs
[2024-05-28T18:18:48.299+0000] {logging_mixin.py:188} INFO - [2024-05-28T18:18:48.299+0000] {dag.py:3954} INFO - Setting next_dagrun for example_complex to None, run_after=None
[2024-05-28T18:18:48.353+0000] {processor.py:183} INFO - Processing /home/airflow/.local/lib/python3.12/site-packages/airflow/example_dags/example_complex.py took 0.269 seconds
[2024-05-28T18:19:19.165+0000] {processor.py:161} INFO - Started process (PID=1386) to work on /home/airflow/.local/lib/python3.12/site-packages/airflow/example_dags/example_complex.py
[2024-05-28T18:19:19.204+0000] {processor.py:830} INFO - Processing file /home/airflow/.local/lib/python3.12/site-packages/airflow/example_dags/example_complex.py for tasks to queue
[2024-05-28T18:19:19.237+0000] {logging_mixin.py:188} INFO - [2024-05-28T18:19:19.236+0000] {dagbag.py:545} INFO - Filling up the DagBag from /home/airflow/.local/lib/python3.12/site-packages/airflow/example_dags/example_complex.py
[2024-05-28T18:19:19.307+0000] {processor.py:840} INFO - DAG(s) 'example_complex' retrieved from /home/airflow/.local/lib/python3.12/site-packages/airflow/example_dags/example_complex.py
[2024-05-28T18:19:19.492+0000] {logging_mixin.py:188} INFO - [2024-05-28T18:19:19.492+0000] {dag.py:3096} INFO - Sync 1 DAGs
[2024-05-28T18:19:19.545+0000] {logging_mixin.py:188} INFO - [2024-05-28T18:19:19.544+0000] {dag.py:3954} INFO - Setting next_dagrun for example_complex to None, run_after=None
[2024-05-28T18:19:19.609+0000] {processor.py:183} INFO - Processing /home/airflow/.local/lib/python3.12/site-packages/airflow/example_dags/example_complex.py took 0.506 seconds
[2024-05-28T18:19:49.761+0000] {processor.py:161} INFO - Started process (PID=1444) to work on /home/airflow/.local/lib/python3.12/site-packages/airflow/example_dags/example_complex.py
[2024-05-28T18:19:49.763+0000] {processor.py:830} INFO - Processing file /home/airflow/.local/lib/python3.12/site-packages/airflow/example_dags/example_complex.py for tasks to queue
[2024-05-28T18:19:49.771+0000] {logging_mixin.py:188} INFO - [2024-05-28T18:19:49.770+0000] {dagbag.py:545} INFO - Filling up the DagBag from /home/airflow/.local/lib/python3.12/site-packages/airflow/example_dags/example_complex.py
[2024-05-28T18:19:49.819+0000] {processor.py:840} INFO - DAG(s) 'example_complex' retrieved from /home/airflow/.local/lib/python3.12/site-packages/airflow/example_dags/example_complex.py
[2024-05-28T18:19:49.933+0000] {logging_mixin.py:188} INFO - [2024-05-28T18:19:49.932+0000] {dag.py:3096} INFO - Sync 1 DAGs
[2024-05-28T18:19:50.014+0000] {logging_mixin.py:188} INFO - [2024-05-28T18:19:50.013+0000] {dag.py:3954} INFO - Setting next_dagrun for example_complex to None, run_after=None
[2024-05-28T18:19:50.084+0000] {processor.py:183} INFO - Processing /home/airflow/.local/lib/python3.12/site-packages/airflow/example_dags/example_complex.py took 0.347 seconds
[2024-05-28T18:20:20.473+0000] {processor.py:161} INFO - Started process (PID=1501) to work on /home/airflow/.local/lib/python3.12/site-packages/airflow/example_dags/example_complex.py
[2024-05-28T18:20:20.477+0000] {processor.py:830} INFO - Processing file /home/airflow/.local/lib/python3.12/site-packages/airflow/example_dags/example_complex.py for tasks to queue
[2024-05-28T18:20:20.484+0000] {logging_mixin.py:188} INFO - [2024-05-28T18:20:20.483+0000] {dagbag.py:545} INFO - Filling up the DagBag from /home/airflow/.local/lib/python3.12/site-packages/airflow/example_dags/example_complex.py
[2024-05-28T18:20:20.537+0000] {processor.py:840} INFO - DAG(s) 'example_complex' retrieved from /home/airflow/.local/lib/python3.12/site-packages/airflow/example_dags/example_complex.py
[2024-05-28T18:20:20.676+0000] {logging_mixin.py:188} INFO - [2024-05-28T18:20:20.675+0000] {dag.py:3096} INFO - Sync 1 DAGs
[2024-05-28T18:20:20.727+0000] {logging_mixin.py:188} INFO - [2024-05-28T18:20:20.727+0000] {dag.py:3954} INFO - Setting next_dagrun for example_complex to None, run_after=None
[2024-05-28T18:20:20.785+0000] {processor.py:183} INFO - Processing /home/airflow/.local/lib/python3.12/site-packages/airflow/example_dags/example_complex.py took 0.355 seconds
[2024-05-28T18:20:52.752+0000] {processor.py:161} INFO - Started process (PID=1547) to work on /home/airflow/.local/lib/python3.12/site-packages/airflow/example_dags/example_complex.py
[2024-05-28T18:20:52.754+0000] {processor.py:830} INFO - Processing file /home/airflow/.local/lib/python3.12/site-packages/airflow/example_dags/example_complex.py for tasks to queue
[2024-05-28T18:20:52.761+0000] {logging_mixin.py:188} INFO - [2024-05-28T18:20:52.760+0000] {dagbag.py:545} INFO - Filling up the DagBag from /home/airflow/.local/lib/python3.12/site-packages/airflow/example_dags/example_complex.py
[2024-05-28T18:20:52.797+0000] {processor.py:840} INFO - DAG(s) 'example_complex' retrieved from /home/airflow/.local/lib/python3.12/site-packages/airflow/example_dags/example_complex.py
[2024-05-28T18:20:52.916+0000] {logging_mixin.py:188} INFO - [2024-05-28T18:20:52.916+0000] {dag.py:3096} INFO - Sync 1 DAGs
[2024-05-28T18:20:52.961+0000] {logging_mixin.py:188} INFO - [2024-05-28T18:20:52.961+0000] {dag.py:3954} INFO - Setting next_dagrun for example_complex to None, run_after=None
[2024-05-28T18:20:53.039+0000] {processor.py:183} INFO - Processing /home/airflow/.local/lib/python3.12/site-packages/airflow/example_dags/example_complex.py took 0.306 seconds
[2024-05-28T18:21:26.192+0000] {processor.py:161} INFO - Started process (PID=1611) to work on /home/airflow/.local/lib/python3.12/site-packages/airflow/example_dags/example_complex.py
[2024-05-28T18:21:26.195+0000] {processor.py:830} INFO - Processing file /home/airflow/.local/lib/python3.12/site-packages/airflow/example_dags/example_complex.py for tasks to queue
[2024-05-28T18:21:26.202+0000] {logging_mixin.py:188} INFO - [2024-05-28T18:21:26.200+0000] {dagbag.py:545} INFO - Filling up the DagBag from /home/airflow/.local/lib/python3.12/site-packages/airflow/example_dags/example_complex.py
[2024-05-28T18:21:26.329+0000] {processor.py:840} INFO - DAG(s) 'example_complex' retrieved from /home/airflow/.local/lib/python3.12/site-packages/airflow/example_dags/example_complex.py
[2024-05-28T18:21:26.610+0000] {logging_mixin.py:188} INFO - [2024-05-28T18:21:26.609+0000] {dag.py:3096} INFO - Sync 1 DAGs
[2024-05-28T18:21:26.708+0000] {logging_mixin.py:188} INFO - [2024-05-28T18:21:26.707+0000] {dag.py:3954} INFO - Setting next_dagrun for example_complex to None, run_after=None
[2024-05-28T18:21:26.863+0000] {processor.py:183} INFO - Processing /home/airflow/.local/lib/python3.12/site-packages/airflow/example_dags/example_complex.py took 0.726 seconds
