[2024-05-28T18:07:20.875+0000] {processor.py:161} INFO - Started process (PID=74) to work on /home/airflow/.local/lib/python3.12/site-packages/airflow/example_dags/example_sensor_decorator.py
[2024-05-28T18:07:20.878+0000] {processor.py:830} INFO - Processing file /home/airflow/.local/lib/python3.12/site-packages/airflow/example_dags/example_sensor_decorator.py for tasks to queue
[2024-05-28T18:07:20.885+0000] {logging_mixin.py:188} INFO - [2024-05-28T18:07:20.884+0000] {dagbag.py:545} INFO - Filling up the DagBag from /home/airflow/.local/lib/python3.12/site-packages/airflow/example_dags/example_sensor_decorator.py
[2024-05-28T18:07:20.941+0000] {processor.py:840} INFO - DAG(s) 'example_sensor_decorator' retrieved from /home/airflow/.local/lib/python3.12/site-packages/airflow/example_dags/example_sensor_decorator.py
[2024-05-28T18:07:22.447+0000] {logging_mixin.py:188} INFO - [2024-05-28T18:07:22.447+0000] {dag.py:3096} INFO - Sync 1 DAGs
[2024-05-28T18:07:22.571+0000] {logging_mixin.py:188} INFO - [2024-05-28T18:07:22.560+0000] {dag.py:3954} INFO - Setting next_dagrun for example_sensor_decorator to None, run_after=None
[2024-05-28T18:07:22.818+0000] {processor.py:183} INFO - Processing /home/airflow/.local/lib/python3.12/site-packages/airflow/example_dags/example_sensor_decorator.py took 1.962 seconds
[2024-05-28T18:07:53.247+0000] {processor.py:161} INFO - Started process (PID=131) to work on /home/airflow/.local/lib/python3.12/site-packages/airflow/example_dags/example_sensor_decorator.py
[2024-05-28T18:07:53.252+0000] {processor.py:830} INFO - Processing file /home/airflow/.local/lib/python3.12/site-packages/airflow/example_dags/example_sensor_decorator.py for tasks to queue
[2024-05-28T18:07:53.259+0000] {logging_mixin.py:188} INFO - [2024-05-28T18:07:53.258+0000] {dagbag.py:545} INFO - Filling up the DagBag from /home/airflow/.local/lib/python3.12/site-packages/airflow/example_dags/example_sensor_decorator.py
[2024-05-28T18:07:53.281+0000] {processor.py:840} INFO - DAG(s) 'example_sensor_decorator' retrieved from /home/airflow/.local/lib/python3.12/site-packages/airflow/example_dags/example_sensor_decorator.py
[2024-05-28T18:07:53.352+0000] {logging_mixin.py:188} INFO - [2024-05-28T18:07:53.351+0000] {dag.py:3096} INFO - Sync 1 DAGs
[2024-05-28T18:07:53.402+0000] {logging_mixin.py:188} INFO - [2024-05-28T18:07:53.401+0000] {dag.py:3954} INFO - Setting next_dagrun for example_sensor_decorator to None, run_after=None
[2024-05-28T18:07:53.493+0000] {processor.py:183} INFO - Processing /home/airflow/.local/lib/python3.12/site-packages/airflow/example_dags/example_sensor_decorator.py took 0.268 seconds
[2024-05-28T18:08:23.996+0000] {processor.py:161} INFO - Started process (PID=190) to work on /home/airflow/.local/lib/python3.12/site-packages/airflow/example_dags/example_sensor_decorator.py
[2024-05-28T18:08:23.999+0000] {processor.py:830} INFO - Processing file /home/airflow/.local/lib/python3.12/site-packages/airflow/example_dags/example_sensor_decorator.py for tasks to queue
[2024-05-28T18:08:24.006+0000] {logging_mixin.py:188} INFO - [2024-05-28T18:08:24.006+0000] {dagbag.py:545} INFO - Filling up the DagBag from /home/airflow/.local/lib/python3.12/site-packages/airflow/example_dags/example_sensor_decorator.py
[2024-05-28T18:08:24.025+0000] {processor.py:840} INFO - DAG(s) 'example_sensor_decorator' retrieved from /home/airflow/.local/lib/python3.12/site-packages/airflow/example_dags/example_sensor_decorator.py
[2024-05-28T18:08:24.081+0000] {logging_mixin.py:188} INFO - [2024-05-28T18:08:24.080+0000] {dag.py:3096} INFO - Sync 1 DAGs
[2024-05-28T18:08:24.112+0000] {logging_mixin.py:188} INFO - [2024-05-28T18:08:24.111+0000] {dag.py:3954} INFO - Setting next_dagrun for example_sensor_decorator to None, run_after=None
[2024-05-28T18:08:24.162+0000] {processor.py:183} INFO - Processing /home/airflow/.local/lib/python3.12/site-packages/airflow/example_dags/example_sensor_decorator.py took 0.183 seconds
[2024-05-28T18:08:55.058+0000] {processor.py:161} INFO - Started process (PID=248) to work on /home/airflow/.local/lib/python3.12/site-packages/airflow/example_dags/example_sensor_decorator.py
[2024-05-28T18:08:55.065+0000] {processor.py:830} INFO - Processing file /home/airflow/.local/lib/python3.12/site-packages/airflow/example_dags/example_sensor_decorator.py for tasks to queue
[2024-05-28T18:08:55.072+0000] {logging_mixin.py:188} INFO - [2024-05-28T18:08:55.071+0000] {dagbag.py:545} INFO - Filling up the DagBag from /home/airflow/.local/lib/python3.12/site-packages/airflow/example_dags/example_sensor_decorator.py
[2024-05-28T18:08:55.089+0000] {processor.py:840} INFO - DAG(s) 'example_sensor_decorator' retrieved from /home/airflow/.local/lib/python3.12/site-packages/airflow/example_dags/example_sensor_decorator.py
[2024-05-28T18:08:55.136+0000] {logging_mixin.py:188} INFO - [2024-05-28T18:08:55.135+0000] {dag.py:3096} INFO - Sync 1 DAGs
[2024-05-28T18:08:55.166+0000] {logging_mixin.py:188} INFO - [2024-05-28T18:08:55.166+0000] {dag.py:3954} INFO - Setting next_dagrun for example_sensor_decorator to None, run_after=None
[2024-05-28T18:08:55.217+0000] {processor.py:183} INFO - Processing /home/airflow/.local/lib/python3.12/site-packages/airflow/example_dags/example_sensor_decorator.py took 0.193 seconds
[2024-05-28T18:09:25.626+0000] {processor.py:161} INFO - Started process (PID=304) to work on /home/airflow/.local/lib/python3.12/site-packages/airflow/example_dags/example_sensor_decorator.py
[2024-05-28T18:09:25.630+0000] {processor.py:830} INFO - Processing file /home/airflow/.local/lib/python3.12/site-packages/airflow/example_dags/example_sensor_decorator.py for tasks to queue
[2024-05-28T18:09:25.638+0000] {logging_mixin.py:188} INFO - [2024-05-28T18:09:25.637+0000] {dagbag.py:545} INFO - Filling up the DagBag from /home/airflow/.local/lib/python3.12/site-packages/airflow/example_dags/example_sensor_decorator.py
[2024-05-28T18:09:25.668+0000] {processor.py:840} INFO - DAG(s) 'example_sensor_decorator' retrieved from /home/airflow/.local/lib/python3.12/site-packages/airflow/example_dags/example_sensor_decorator.py
[2024-05-28T18:09:25.735+0000] {logging_mixin.py:188} INFO - [2024-05-28T18:09:25.734+0000] {dag.py:3096} INFO - Sync 1 DAGs
[2024-05-28T18:09:25.789+0000] {logging_mixin.py:188} INFO - [2024-05-28T18:09:25.788+0000] {dag.py:3954} INFO - Setting next_dagrun for example_sensor_decorator to None, run_after=None
[2024-05-28T18:09:25.852+0000] {processor.py:183} INFO - Processing /home/airflow/.local/lib/python3.12/site-packages/airflow/example_dags/example_sensor_decorator.py took 0.257 seconds
[2024-05-28T18:09:56.442+0000] {processor.py:161} INFO - Started process (PID=362) to work on /home/airflow/.local/lib/python3.12/site-packages/airflow/example_dags/example_sensor_decorator.py
[2024-05-28T18:09:56.445+0000] {processor.py:830} INFO - Processing file /home/airflow/.local/lib/python3.12/site-packages/airflow/example_dags/example_sensor_decorator.py for tasks to queue
[2024-05-28T18:09:56.455+0000] {logging_mixin.py:188} INFO - [2024-05-28T18:09:56.454+0000] {dagbag.py:545} INFO - Filling up the DagBag from /home/airflow/.local/lib/python3.12/site-packages/airflow/example_dags/example_sensor_decorator.py
[2024-05-28T18:09:56.471+0000] {processor.py:840} INFO - DAG(s) 'example_sensor_decorator' retrieved from /home/airflow/.local/lib/python3.12/site-packages/airflow/example_dags/example_sensor_decorator.py
[2024-05-28T18:09:56.524+0000] {logging_mixin.py:188} INFO - [2024-05-28T18:09:56.523+0000] {dag.py:3096} INFO - Sync 1 DAGs
[2024-05-28T18:09:56.561+0000] {logging_mixin.py:188} INFO - [2024-05-28T18:09:56.561+0000] {dag.py:3954} INFO - Setting next_dagrun for example_sensor_decorator to None, run_after=None
[2024-05-28T18:09:56.613+0000] {processor.py:183} INFO - Processing /home/airflow/.local/lib/python3.12/site-packages/airflow/example_dags/example_sensor_decorator.py took 0.187 seconds
[2024-05-28T18:10:26.805+0000] {processor.py:161} INFO - Started process (PID=419) to work on /home/airflow/.local/lib/python3.12/site-packages/airflow/example_dags/example_sensor_decorator.py
[2024-05-28T18:10:26.816+0000] {processor.py:830} INFO - Processing file /home/airflow/.local/lib/python3.12/site-packages/airflow/example_dags/example_sensor_decorator.py for tasks to queue
[2024-05-28T18:10:26.828+0000] {logging_mixin.py:188} INFO - [2024-05-28T18:10:26.827+0000] {dagbag.py:545} INFO - Filling up the DagBag from /home/airflow/.local/lib/python3.12/site-packages/airflow/example_dags/example_sensor_decorator.py
[2024-05-28T18:10:26.866+0000] {processor.py:840} INFO - DAG(s) 'example_sensor_decorator' retrieved from /home/airflow/.local/lib/python3.12/site-packages/airflow/example_dags/example_sensor_decorator.py
[2024-05-28T18:10:26.990+0000] {logging_mixin.py:188} INFO - [2024-05-28T18:10:26.989+0000] {dag.py:3096} INFO - Sync 1 DAGs
[2024-05-28T18:10:27.040+0000] {logging_mixin.py:188} INFO - [2024-05-28T18:10:27.040+0000] {dag.py:3954} INFO - Setting next_dagrun for example_sensor_decorator to None, run_after=None
[2024-05-28T18:10:27.113+0000] {processor.py:183} INFO - Processing /home/airflow/.local/lib/python3.12/site-packages/airflow/example_dags/example_sensor_decorator.py took 0.349 seconds
[2024-05-28T18:10:57.380+0000] {processor.py:161} INFO - Started process (PID=477) to work on /home/airflow/.local/lib/python3.12/site-packages/airflow/example_dags/example_sensor_decorator.py
[2024-05-28T18:10:57.384+0000] {processor.py:830} INFO - Processing file /home/airflow/.local/lib/python3.12/site-packages/airflow/example_dags/example_sensor_decorator.py for tasks to queue
[2024-05-28T18:10:57.390+0000] {logging_mixin.py:188} INFO - [2024-05-28T18:10:57.390+0000] {dagbag.py:545} INFO - Filling up the DagBag from /home/airflow/.local/lib/python3.12/site-packages/airflow/example_dags/example_sensor_decorator.py
[2024-05-28T18:10:57.417+0000] {processor.py:840} INFO - DAG(s) 'example_sensor_decorator' retrieved from /home/airflow/.local/lib/python3.12/site-packages/airflow/example_dags/example_sensor_decorator.py
[2024-05-28T18:10:57.489+0000] {logging_mixin.py:188} INFO - [2024-05-28T18:10:57.488+0000] {dag.py:3096} INFO - Sync 1 DAGs
[2024-05-28T18:10:57.525+0000] {logging_mixin.py:188} INFO - [2024-05-28T18:10:57.525+0000] {dag.py:3954} INFO - Setting next_dagrun for example_sensor_decorator to None, run_after=None
[2024-05-28T18:10:57.586+0000] {processor.py:183} INFO - Processing /home/airflow/.local/lib/python3.12/site-packages/airflow/example_dags/example_sensor_decorator.py took 0.226 seconds
[2024-05-28T18:11:35.722+0000] {processor.py:161} INFO - Started process (PID=535) to work on /home/airflow/.local/lib/python3.12/site-packages/airflow/example_dags/example_sensor_decorator.py
[2024-05-28T18:11:35.726+0000] {processor.py:830} INFO - Processing file /home/airflow/.local/lib/python3.12/site-packages/airflow/example_dags/example_sensor_decorator.py for tasks to queue
[2024-05-28T18:11:35.740+0000] {logging_mixin.py:188} INFO - [2024-05-28T18:11:35.738+0000] {dagbag.py:545} INFO - Filling up the DagBag from /home/airflow/.local/lib/python3.12/site-packages/airflow/example_dags/example_sensor_decorator.py
[2024-05-28T18:11:35.778+0000] {processor.py:840} INFO - DAG(s) 'example_sensor_decorator' retrieved from /home/airflow/.local/lib/python3.12/site-packages/airflow/example_dags/example_sensor_decorator.py
[2024-05-28T18:11:35.889+0000] {logging_mixin.py:188} INFO - [2024-05-28T18:11:35.888+0000] {dag.py:3096} INFO - Sync 1 DAGs
[2024-05-28T18:11:35.987+0000] {logging_mixin.py:188} INFO - [2024-05-28T18:11:35.986+0000] {dag.py:3954} INFO - Setting next_dagrun for example_sensor_decorator to None, run_after=None
[2024-05-28T18:11:36.112+0000] {processor.py:183} INFO - Processing /home/airflow/.local/lib/python3.12/site-packages/airflow/example_dags/example_sensor_decorator.py took 0.425 seconds
[2024-05-28T18:12:06.664+0000] {processor.py:161} INFO - Started process (PID=593) to work on /home/airflow/.local/lib/python3.12/site-packages/airflow/example_dags/example_sensor_decorator.py
[2024-05-28T18:12:06.666+0000] {processor.py:830} INFO - Processing file /home/airflow/.local/lib/python3.12/site-packages/airflow/example_dags/example_sensor_decorator.py for tasks to queue
[2024-05-28T18:12:06.671+0000] {logging_mixin.py:188} INFO - [2024-05-28T18:12:06.670+0000] {dagbag.py:545} INFO - Filling up the DagBag from /home/airflow/.local/lib/python3.12/site-packages/airflow/example_dags/example_sensor_decorator.py
[2024-05-28T18:12:06.688+0000] {processor.py:840} INFO - DAG(s) 'example_sensor_decorator' retrieved from /home/airflow/.local/lib/python3.12/site-packages/airflow/example_dags/example_sensor_decorator.py
[2024-05-28T18:12:06.748+0000] {logging_mixin.py:188} INFO - [2024-05-28T18:12:06.747+0000] {dag.py:3096} INFO - Sync 1 DAGs
[2024-05-28T18:12:06.784+0000] {logging_mixin.py:188} INFO - [2024-05-28T18:12:06.783+0000] {dag.py:3954} INFO - Setting next_dagrun for example_sensor_decorator to None, run_after=None
[2024-05-28T18:12:06.848+0000] {processor.py:183} INFO - Processing /home/airflow/.local/lib/python3.12/site-packages/airflow/example_dags/example_sensor_decorator.py took 0.200 seconds
[2024-05-28T18:12:38.131+0000] {processor.py:161} INFO - Started process (PID=651) to work on /home/airflow/.local/lib/python3.12/site-packages/airflow/example_dags/example_sensor_decorator.py
[2024-05-28T18:12:38.135+0000] {processor.py:830} INFO - Processing file /home/airflow/.local/lib/python3.12/site-packages/airflow/example_dags/example_sensor_decorator.py for tasks to queue
[2024-05-28T18:12:38.142+0000] {logging_mixin.py:188} INFO - [2024-05-28T18:12:38.141+0000] {dagbag.py:545} INFO - Filling up the DagBag from /home/airflow/.local/lib/python3.12/site-packages/airflow/example_dags/example_sensor_decorator.py
[2024-05-28T18:12:38.170+0000] {processor.py:840} INFO - DAG(s) 'example_sensor_decorator' retrieved from /home/airflow/.local/lib/python3.12/site-packages/airflow/example_dags/example_sensor_decorator.py
[2024-05-28T18:12:38.223+0000] {logging_mixin.py:188} INFO - [2024-05-28T18:12:38.223+0000] {dag.py:3096} INFO - Sync 1 DAGs
[2024-05-28T18:12:38.262+0000] {logging_mixin.py:188} INFO - [2024-05-28T18:12:38.261+0000] {dag.py:3954} INFO - Setting next_dagrun for example_sensor_decorator to None, run_after=None
[2024-05-28T18:12:38.313+0000] {processor.py:183} INFO - Processing /home/airflow/.local/lib/python3.12/site-packages/airflow/example_dags/example_sensor_decorator.py took 0.201 seconds
[2024-05-28T18:13:08.867+0000] {processor.py:161} INFO - Started process (PID=709) to work on /home/airflow/.local/lib/python3.12/site-packages/airflow/example_dags/example_sensor_decorator.py
[2024-05-28T18:13:08.872+0000] {processor.py:830} INFO - Processing file /home/airflow/.local/lib/python3.12/site-packages/airflow/example_dags/example_sensor_decorator.py for tasks to queue
[2024-05-28T18:13:08.880+0000] {logging_mixin.py:188} INFO - [2024-05-28T18:13:08.879+0000] {dagbag.py:545} INFO - Filling up the DagBag from /home/airflow/.local/lib/python3.12/site-packages/airflow/example_dags/example_sensor_decorator.py
[2024-05-28T18:13:08.905+0000] {processor.py:840} INFO - DAG(s) 'example_sensor_decorator' retrieved from /home/airflow/.local/lib/python3.12/site-packages/airflow/example_dags/example_sensor_decorator.py
[2024-05-28T18:13:08.990+0000] {logging_mixin.py:188} INFO - [2024-05-28T18:13:08.990+0000] {dag.py:3096} INFO - Sync 1 DAGs
[2024-05-28T18:13:09.029+0000] {logging_mixin.py:188} INFO - [2024-05-28T18:13:09.028+0000] {dag.py:3954} INFO - Setting next_dagrun for example_sensor_decorator to None, run_after=None
[2024-05-28T18:13:09.078+0000] {processor.py:183} INFO - Processing /home/airflow/.local/lib/python3.12/site-packages/airflow/example_dags/example_sensor_decorator.py took 0.240 seconds
[2024-05-28T18:13:40.907+0000] {processor.py:161} INFO - Started process (PID=768) to work on /home/airflow/.local/lib/python3.12/site-packages/airflow/example_dags/example_sensor_decorator.py
[2024-05-28T18:13:40.937+0000] {processor.py:830} INFO - Processing file /home/airflow/.local/lib/python3.12/site-packages/airflow/example_dags/example_sensor_decorator.py for tasks to queue
[2024-05-28T18:13:40.957+0000] {logging_mixin.py:188} INFO - [2024-05-28T18:13:40.955+0000] {dagbag.py:545} INFO - Filling up the DagBag from /home/airflow/.local/lib/python3.12/site-packages/airflow/example_dags/example_sensor_decorator.py
[2024-05-28T18:13:41.012+0000] {processor.py:840} INFO - DAG(s) 'example_sensor_decorator' retrieved from /home/airflow/.local/lib/python3.12/site-packages/airflow/example_dags/example_sensor_decorator.py
[2024-05-28T18:13:41.161+0000] {logging_mixin.py:188} INFO - [2024-05-28T18:13:41.150+0000] {dag.py:3096} INFO - Sync 1 DAGs
[2024-05-28T18:13:41.316+0000] {logging_mixin.py:188} INFO - [2024-05-28T18:13:41.313+0000] {dag.py:3954} INFO - Setting next_dagrun for example_sensor_decorator to None, run_after=None
[2024-05-28T18:13:41.400+0000] {processor.py:183} INFO - Processing /home/airflow/.local/lib/python3.12/site-packages/airflow/example_dags/example_sensor_decorator.py took 0.553 seconds
[2024-05-28T18:14:12.894+0000] {processor.py:161} INFO - Started process (PID=826) to work on /home/airflow/.local/lib/python3.12/site-packages/airflow/example_dags/example_sensor_decorator.py
[2024-05-28T18:14:12.899+0000] {processor.py:830} INFO - Processing file /home/airflow/.local/lib/python3.12/site-packages/airflow/example_dags/example_sensor_decorator.py for tasks to queue
[2024-05-28T18:14:12.919+0000] {logging_mixin.py:188} INFO - [2024-05-28T18:14:12.916+0000] {dagbag.py:545} INFO - Filling up the DagBag from /home/airflow/.local/lib/python3.12/site-packages/airflow/example_dags/example_sensor_decorator.py
[2024-05-28T18:14:12.982+0000] {processor.py:840} INFO - DAG(s) 'example_sensor_decorator' retrieved from /home/airflow/.local/lib/python3.12/site-packages/airflow/example_dags/example_sensor_decorator.py
[2024-05-28T18:14:13.148+0000] {logging_mixin.py:188} INFO - [2024-05-28T18:14:13.148+0000] {dag.py:3096} INFO - Sync 1 DAGs
[2024-05-28T18:14:13.212+0000] {logging_mixin.py:188} INFO - [2024-05-28T18:14:13.211+0000] {dag.py:3954} INFO - Setting next_dagrun for example_sensor_decorator to None, run_after=None
[2024-05-28T18:14:13.322+0000] {processor.py:183} INFO - Processing /home/airflow/.local/lib/python3.12/site-packages/airflow/example_dags/example_sensor_decorator.py took 0.481 seconds
[2024-05-28T18:14:45.016+0000] {processor.py:161} INFO - Started process (PID=884) to work on /home/airflow/.local/lib/python3.12/site-packages/airflow/example_dags/example_sensor_decorator.py
[2024-05-28T18:14:45.023+0000] {processor.py:830} INFO - Processing file /home/airflow/.local/lib/python3.12/site-packages/airflow/example_dags/example_sensor_decorator.py for tasks to queue
[2024-05-28T18:14:45.037+0000] {logging_mixin.py:188} INFO - [2024-05-28T18:14:45.035+0000] {dagbag.py:545} INFO - Filling up the DagBag from /home/airflow/.local/lib/python3.12/site-packages/airflow/example_dags/example_sensor_decorator.py
[2024-05-28T18:14:45.099+0000] {processor.py:840} INFO - DAG(s) 'example_sensor_decorator' retrieved from /home/airflow/.local/lib/python3.12/site-packages/airflow/example_dags/example_sensor_decorator.py
[2024-05-28T18:14:45.248+0000] {logging_mixin.py:188} INFO - [2024-05-28T18:14:45.248+0000] {dag.py:3096} INFO - Sync 1 DAGs
[2024-05-28T18:14:45.360+0000] {logging_mixin.py:188} INFO - [2024-05-28T18:14:45.359+0000] {dag.py:3954} INFO - Setting next_dagrun for example_sensor_decorator to None, run_after=None
[2024-05-28T18:14:45.506+0000] {processor.py:183} INFO - Processing /home/airflow/.local/lib/python3.12/site-packages/airflow/example_dags/example_sensor_decorator.py took 0.535 seconds
[2024-05-28T18:15:18.320+0000] {processor.py:161} INFO - Started process (PID=942) to work on /home/airflow/.local/lib/python3.12/site-packages/airflow/example_dags/example_sensor_decorator.py
[2024-05-28T18:15:18.325+0000] {processor.py:830} INFO - Processing file /home/airflow/.local/lib/python3.12/site-packages/airflow/example_dags/example_sensor_decorator.py for tasks to queue
[2024-05-28T18:15:18.332+0000] {logging_mixin.py:188} INFO - [2024-05-28T18:15:18.331+0000] {dagbag.py:545} INFO - Filling up the DagBag from /home/airflow/.local/lib/python3.12/site-packages/airflow/example_dags/example_sensor_decorator.py
[2024-05-28T18:15:18.364+0000] {processor.py:840} INFO - DAG(s) 'example_sensor_decorator' retrieved from /home/airflow/.local/lib/python3.12/site-packages/airflow/example_dags/example_sensor_decorator.py
[2024-05-28T18:15:18.483+0000] {logging_mixin.py:188} INFO - [2024-05-28T18:15:18.481+0000] {dag.py:3096} INFO - Sync 1 DAGs
[2024-05-28T18:15:18.611+0000] {logging_mixin.py:188} INFO - [2024-05-28T18:15:18.609+0000] {dag.py:3954} INFO - Setting next_dagrun for example_sensor_decorator to None, run_after=None
[2024-05-28T18:15:18.822+0000] {processor.py:183} INFO - Processing /home/airflow/.local/lib/python3.12/site-packages/airflow/example_dags/example_sensor_decorator.py took 0.552 seconds
[2024-05-28T18:15:49.194+0000] {processor.py:161} INFO - Started process (PID=999) to work on /home/airflow/.local/lib/python3.12/site-packages/airflow/example_dags/example_sensor_decorator.py
[2024-05-28T18:15:49.201+0000] {processor.py:830} INFO - Processing file /home/airflow/.local/lib/python3.12/site-packages/airflow/example_dags/example_sensor_decorator.py for tasks to queue
[2024-05-28T18:15:49.232+0000] {logging_mixin.py:188} INFO - [2024-05-28T18:15:49.221+0000] {dagbag.py:545} INFO - Filling up the DagBag from /home/airflow/.local/lib/python3.12/site-packages/airflow/example_dags/example_sensor_decorator.py
[2024-05-28T18:15:49.314+0000] {processor.py:840} INFO - DAG(s) 'example_sensor_decorator' retrieved from /home/airflow/.local/lib/python3.12/site-packages/airflow/example_dags/example_sensor_decorator.py
[2024-05-28T18:15:49.454+0000] {logging_mixin.py:188} INFO - [2024-05-28T18:15:49.453+0000] {dag.py:3096} INFO - Sync 1 DAGs
[2024-05-28T18:15:49.570+0000] {logging_mixin.py:188} INFO - [2024-05-28T18:15:49.569+0000] {dag.py:3954} INFO - Setting next_dagrun for example_sensor_decorator to None, run_after=None
[2024-05-28T18:15:49.778+0000] {processor.py:183} INFO - Processing /home/airflow/.local/lib/python3.12/site-packages/airflow/example_dags/example_sensor_decorator.py took 0.641 seconds
[2024-05-28T18:16:24.680+0000] {processor.py:161} INFO - Started process (PID=1064) to work on /home/airflow/.local/lib/python3.12/site-packages/airflow/example_dags/example_sensor_decorator.py
[2024-05-28T18:16:24.686+0000] {processor.py:830} INFO - Processing file /home/airflow/.local/lib/python3.12/site-packages/airflow/example_dags/example_sensor_decorator.py for tasks to queue
[2024-05-28T18:16:24.700+0000] {logging_mixin.py:188} INFO - [2024-05-28T18:16:24.698+0000] {dagbag.py:545} INFO - Filling up the DagBag from /home/airflow/.local/lib/python3.12/site-packages/airflow/example_dags/example_sensor_decorator.py
[2024-05-28T18:16:24.799+0000] {processor.py:840} INFO - DAG(s) 'example_sensor_decorator' retrieved from /home/airflow/.local/lib/python3.12/site-packages/airflow/example_dags/example_sensor_decorator.py
[2024-05-28T18:16:24.967+0000] {logging_mixin.py:188} INFO - [2024-05-28T18:16:24.966+0000] {dag.py:3096} INFO - Sync 1 DAGs
[2024-05-28T18:16:25.090+0000] {logging_mixin.py:188} INFO - [2024-05-28T18:16:25.089+0000] {dag.py:3954} INFO - Setting next_dagrun for example_sensor_decorator to None, run_after=None
[2024-05-28T18:16:25.340+0000] {processor.py:183} INFO - Processing /home/airflow/.local/lib/python3.12/site-packages/airflow/example_dags/example_sensor_decorator.py took 0.714 seconds
[2024-05-28T18:16:55.559+0000] {processor.py:161} INFO - Started process (PID=1121) to work on /home/airflow/.local/lib/python3.12/site-packages/airflow/example_dags/example_sensor_decorator.py
[2024-05-28T18:16:55.564+0000] {processor.py:830} INFO - Processing file /home/airflow/.local/lib/python3.12/site-packages/airflow/example_dags/example_sensor_decorator.py for tasks to queue
[2024-05-28T18:16:55.570+0000] {logging_mixin.py:188} INFO - [2024-05-28T18:16:55.569+0000] {dagbag.py:545} INFO - Filling up the DagBag from /home/airflow/.local/lib/python3.12/site-packages/airflow/example_dags/example_sensor_decorator.py
[2024-05-28T18:16:55.593+0000] {processor.py:840} INFO - DAG(s) 'example_sensor_decorator' retrieved from /home/airflow/.local/lib/python3.12/site-packages/airflow/example_dags/example_sensor_decorator.py
[2024-05-28T18:16:55.679+0000] {logging_mixin.py:188} INFO - [2024-05-28T18:16:55.678+0000] {dag.py:3096} INFO - Sync 1 DAGs
[2024-05-28T18:16:55.731+0000] {logging_mixin.py:188} INFO - [2024-05-28T18:16:55.730+0000] {dag.py:3954} INFO - Setting next_dagrun for example_sensor_decorator to None, run_after=None
[2024-05-28T18:16:55.854+0000] {processor.py:183} INFO - Processing /home/airflow/.local/lib/python3.12/site-packages/airflow/example_dags/example_sensor_decorator.py took 0.324 seconds
[2024-05-28T18:17:26.025+0000] {processor.py:161} INFO - Started process (PID=1179) to work on /home/airflow/.local/lib/python3.12/site-packages/airflow/example_dags/example_sensor_decorator.py
[2024-05-28T18:17:26.029+0000] {processor.py:830} INFO - Processing file /home/airflow/.local/lib/python3.12/site-packages/airflow/example_dags/example_sensor_decorator.py for tasks to queue
[2024-05-28T18:17:26.036+0000] {logging_mixin.py:188} INFO - [2024-05-28T18:17:26.035+0000] {dagbag.py:545} INFO - Filling up the DagBag from /home/airflow/.local/lib/python3.12/site-packages/airflow/example_dags/example_sensor_decorator.py
[2024-05-28T18:17:26.055+0000] {processor.py:840} INFO - DAG(s) 'example_sensor_decorator' retrieved from /home/airflow/.local/lib/python3.12/site-packages/airflow/example_dags/example_sensor_decorator.py
[2024-05-28T18:17:26.119+0000] {logging_mixin.py:188} INFO - [2024-05-28T18:17:26.118+0000] {dag.py:3096} INFO - Sync 1 DAGs
[2024-05-28T18:17:26.166+0000] {logging_mixin.py:188} INFO - [2024-05-28T18:17:26.166+0000] {dag.py:3954} INFO - Setting next_dagrun for example_sensor_decorator to None, run_after=None
[2024-05-28T18:17:26.227+0000] {processor.py:183} INFO - Processing /home/airflow/.local/lib/python3.12/site-packages/airflow/example_dags/example_sensor_decorator.py took 0.230 seconds
[2024-05-28T18:17:59.359+0000] {processor.py:161} INFO - Started process (PID=1236) to work on /home/airflow/.local/lib/python3.12/site-packages/airflow/example_dags/example_sensor_decorator.py
[2024-05-28T18:17:59.469+0000] {processor.py:830} INFO - Processing file /home/airflow/.local/lib/python3.12/site-packages/airflow/example_dags/example_sensor_decorator.py for tasks to queue
[2024-05-28T18:17:59.490+0000] {logging_mixin.py:188} INFO - [2024-05-28T18:17:59.480+0000] {dagbag.py:545} INFO - Filling up the DagBag from /home/airflow/.local/lib/python3.12/site-packages/airflow/example_dags/example_sensor_decorator.py
[2024-05-28T18:17:59.535+0000] {processor.py:840} INFO - DAG(s) 'example_sensor_decorator' retrieved from /home/airflow/.local/lib/python3.12/site-packages/airflow/example_dags/example_sensor_decorator.py
[2024-05-28T18:17:59.731+0000] {logging_mixin.py:188} INFO - [2024-05-28T18:17:59.730+0000] {dag.py:3096} INFO - Sync 1 DAGs
[2024-05-28T18:17:59.940+0000] {logging_mixin.py:188} INFO - [2024-05-28T18:17:59.939+0000] {dag.py:3954} INFO - Setting next_dagrun for example_sensor_decorator to None, run_after=None
[2024-05-28T18:18:00.103+0000] {processor.py:183} INFO - Processing /home/airflow/.local/lib/python3.12/site-packages/airflow/example_dags/example_sensor_decorator.py took 0.800 seconds
[2024-05-28T18:18:30.411+0000] {processor.py:161} INFO - Started process (PID=1294) to work on /home/airflow/.local/lib/python3.12/site-packages/airflow/example_dags/example_sensor_decorator.py
[2024-05-28T18:18:30.416+0000] {processor.py:830} INFO - Processing file /home/airflow/.local/lib/python3.12/site-packages/airflow/example_dags/example_sensor_decorator.py for tasks to queue
[2024-05-28T18:18:30.439+0000] {logging_mixin.py:188} INFO - [2024-05-28T18:18:30.435+0000] {dagbag.py:545} INFO - Filling up the DagBag from /home/airflow/.local/lib/python3.12/site-packages/airflow/example_dags/example_sensor_decorator.py
[2024-05-28T18:18:30.464+0000] {processor.py:840} INFO - DAG(s) 'example_sensor_decorator' retrieved from /home/airflow/.local/lib/python3.12/site-packages/airflow/example_dags/example_sensor_decorator.py
[2024-05-28T18:18:30.535+0000] {logging_mixin.py:188} INFO - [2024-05-28T18:18:30.534+0000] {dag.py:3096} INFO - Sync 1 DAGs
[2024-05-28T18:18:30.582+0000] {logging_mixin.py:188} INFO - [2024-05-28T18:18:30.582+0000] {dag.py:3954} INFO - Setting next_dagrun for example_sensor_decorator to None, run_after=None
[2024-05-28T18:18:30.649+0000] {processor.py:183} INFO - Processing /home/airflow/.local/lib/python3.12/site-packages/airflow/example_dags/example_sensor_decorator.py took 0.265 seconds
[2024-05-28T18:19:01.100+0000] {processor.py:161} INFO - Started process (PID=1352) to work on /home/airflow/.local/lib/python3.12/site-packages/airflow/example_dags/example_sensor_decorator.py
[2024-05-28T18:19:01.103+0000] {processor.py:830} INFO - Processing file /home/airflow/.local/lib/python3.12/site-packages/airflow/example_dags/example_sensor_decorator.py for tasks to queue
[2024-05-28T18:19:01.108+0000] {logging_mixin.py:188} INFO - [2024-05-28T18:19:01.107+0000] {dagbag.py:545} INFO - Filling up the DagBag from /home/airflow/.local/lib/python3.12/site-packages/airflow/example_dags/example_sensor_decorator.py
[2024-05-28T18:19:01.127+0000] {processor.py:840} INFO - DAG(s) 'example_sensor_decorator' retrieved from /home/airflow/.local/lib/python3.12/site-packages/airflow/example_dags/example_sensor_decorator.py
[2024-05-28T18:19:01.177+0000] {logging_mixin.py:188} INFO - [2024-05-28T18:19:01.176+0000] {dag.py:3096} INFO - Sync 1 DAGs
[2024-05-28T18:19:01.212+0000] {logging_mixin.py:188} INFO - [2024-05-28T18:19:01.211+0000] {dag.py:3954} INFO - Setting next_dagrun for example_sensor_decorator to None, run_after=None
[2024-05-28T18:19:01.274+0000] {processor.py:183} INFO - Processing /home/airflow/.local/lib/python3.12/site-packages/airflow/example_dags/example_sensor_decorator.py took 0.196 seconds
[2024-05-28T18:19:31.685+0000] {processor.py:161} INFO - Started process (PID=1408) to work on /home/airflow/.local/lib/python3.12/site-packages/airflow/example_dags/example_sensor_decorator.py
[2024-05-28T18:19:31.689+0000] {processor.py:830} INFO - Processing file /home/airflow/.local/lib/python3.12/site-packages/airflow/example_dags/example_sensor_decorator.py for tasks to queue
[2024-05-28T18:19:31.696+0000] {logging_mixin.py:188} INFO - [2024-05-28T18:19:31.693+0000] {dagbag.py:545} INFO - Filling up the DagBag from /home/airflow/.local/lib/python3.12/site-packages/airflow/example_dags/example_sensor_decorator.py
[2024-05-28T18:19:31.727+0000] {processor.py:840} INFO - DAG(s) 'example_sensor_decorator' retrieved from /home/airflow/.local/lib/python3.12/site-packages/airflow/example_dags/example_sensor_decorator.py
[2024-05-28T18:19:31.788+0000] {logging_mixin.py:188} INFO - [2024-05-28T18:19:31.786+0000] {dag.py:3096} INFO - Sync 1 DAGs
[2024-05-28T18:19:31.835+0000] {logging_mixin.py:188} INFO - [2024-05-28T18:19:31.835+0000] {dag.py:3954} INFO - Setting next_dagrun for example_sensor_decorator to None, run_after=None
[2024-05-28T18:19:31.895+0000] {processor.py:183} INFO - Processing /home/airflow/.local/lib/python3.12/site-packages/airflow/example_dags/example_sensor_decorator.py took 0.230 seconds
[2024-05-28T18:20:02.317+0000] {processor.py:161} INFO - Started process (PID=1466) to work on /home/airflow/.local/lib/python3.12/site-packages/airflow/example_dags/example_sensor_decorator.py
[2024-05-28T18:20:02.324+0000] {processor.py:830} INFO - Processing file /home/airflow/.local/lib/python3.12/site-packages/airflow/example_dags/example_sensor_decorator.py for tasks to queue
[2024-05-28T18:20:02.340+0000] {logging_mixin.py:188} INFO - [2024-05-28T18:20:02.337+0000] {dagbag.py:545} INFO - Filling up the DagBag from /home/airflow/.local/lib/python3.12/site-packages/airflow/example_dags/example_sensor_decorator.py
[2024-05-28T18:20:02.380+0000] {processor.py:840} INFO - DAG(s) 'example_sensor_decorator' retrieved from /home/airflow/.local/lib/python3.12/site-packages/airflow/example_dags/example_sensor_decorator.py
[2024-05-28T18:20:02.514+0000] {logging_mixin.py:188} INFO - [2024-05-28T18:20:02.512+0000] {dag.py:3096} INFO - Sync 1 DAGs
[2024-05-28T18:20:02.632+0000] {logging_mixin.py:188} INFO - [2024-05-28T18:20:02.631+0000] {dag.py:3954} INFO - Setting next_dagrun for example_sensor_decorator to None, run_after=None
[2024-05-28T18:20:02.773+0000] {processor.py:183} INFO - Processing /home/airflow/.local/lib/python3.12/site-packages/airflow/example_dags/example_sensor_decorator.py took 0.495 seconds
[2024-05-28T18:20:34.082+0000] {processor.py:161} INFO - Started process (PID=1525) to work on /home/airflow/.local/lib/python3.12/site-packages/airflow/example_dags/example_sensor_decorator.py
[2024-05-28T18:20:34.100+0000] {processor.py:830} INFO - Processing file /home/airflow/.local/lib/python3.12/site-packages/airflow/example_dags/example_sensor_decorator.py for tasks to queue
[2024-05-28T18:20:34.108+0000] {logging_mixin.py:188} INFO - [2024-05-28T18:20:34.106+0000] {dagbag.py:545} INFO - Filling up the DagBag from /home/airflow/.local/lib/python3.12/site-packages/airflow/example_dags/example_sensor_decorator.py
[2024-05-28T18:20:34.167+0000] {processor.py:840} INFO - DAG(s) 'example_sensor_decorator' retrieved from /home/airflow/.local/lib/python3.12/site-packages/airflow/example_dags/example_sensor_decorator.py
[2024-05-28T18:20:34.308+0000] {logging_mixin.py:188} INFO - [2024-05-28T18:20:34.305+0000] {dag.py:3096} INFO - Sync 1 DAGs
[2024-05-28T18:20:34.442+0000] {logging_mixin.py:188} INFO - [2024-05-28T18:20:34.441+0000] {dag.py:3954} INFO - Setting next_dagrun for example_sensor_decorator to None, run_after=None
[2024-05-28T18:20:34.642+0000] {processor.py:183} INFO - Processing /home/airflow/.local/lib/python3.12/site-packages/airflow/example_dags/example_sensor_decorator.py took 0.629 seconds
[2024-05-28T18:21:04.794+0000] {processor.py:161} INFO - Started process (PID=1583) to work on /home/airflow/.local/lib/python3.12/site-packages/airflow/example_dags/example_sensor_decorator.py
[2024-05-28T18:21:04.797+0000] {processor.py:830} INFO - Processing file /home/airflow/.local/lib/python3.12/site-packages/airflow/example_dags/example_sensor_decorator.py for tasks to queue
[2024-05-28T18:21:04.800+0000] {logging_mixin.py:188} INFO - [2024-05-28T18:21:04.800+0000] {dagbag.py:545} INFO - Filling up the DagBag from /home/airflow/.local/lib/python3.12/site-packages/airflow/example_dags/example_sensor_decorator.py
[2024-05-28T18:21:04.817+0000] {processor.py:840} INFO - DAG(s) 'example_sensor_decorator' retrieved from /home/airflow/.local/lib/python3.12/site-packages/airflow/example_dags/example_sensor_decorator.py
[2024-05-28T18:21:04.865+0000] {logging_mixin.py:188} INFO - [2024-05-28T18:21:04.865+0000] {dag.py:3096} INFO - Sync 1 DAGs
[2024-05-28T18:21:04.893+0000] {logging_mixin.py:188} INFO - [2024-05-28T18:21:04.893+0000] {dag.py:3954} INFO - Setting next_dagrun for example_sensor_decorator to None, run_after=None
[2024-05-28T18:21:04.945+0000] {processor.py:183} INFO - Processing /home/airflow/.local/lib/python3.12/site-packages/airflow/example_dags/example_sensor_decorator.py took 0.169 seconds
[2024-05-28T18:21:38.729+0000] {processor.py:161} INFO - Started process (PID=1640) to work on /home/airflow/.local/lib/python3.12/site-packages/airflow/example_dags/example_sensor_decorator.py
[2024-05-28T18:21:38.732+0000] {processor.py:830} INFO - Processing file /home/airflow/.local/lib/python3.12/site-packages/airflow/example_dags/example_sensor_decorator.py for tasks to queue
[2024-05-28T18:21:38.737+0000] {logging_mixin.py:188} INFO - [2024-05-28T18:21:38.736+0000] {dagbag.py:545} INFO - Filling up the DagBag from /home/airflow/.local/lib/python3.12/site-packages/airflow/example_dags/example_sensor_decorator.py
[2024-05-28T18:21:38.806+0000] {processor.py:840} INFO - DAG(s) 'example_sensor_decorator' retrieved from /home/airflow/.local/lib/python3.12/site-packages/airflow/example_dags/example_sensor_decorator.py
[2024-05-28T18:21:39.020+0000] {logging_mixin.py:188} INFO - [2024-05-28T18:21:39.015+0000] {dag.py:3096} INFO - Sync 1 DAGs
[2024-05-28T18:21:39.334+0000] {logging_mixin.py:188} INFO - [2024-05-28T18:21:39.333+0000] {dag.py:3954} INFO - Setting next_dagrun for example_sensor_decorator to None, run_after=None
[2024-05-28T18:21:39.521+0000] {processor.py:183} INFO - Processing /home/airflow/.local/lib/python3.12/site-packages/airflow/example_dags/example_sensor_decorator.py took 0.827 seconds
