[2024-05-28T18:07:18.541+0000] {processor.py:161} INFO - Started process (PID=72) to work on /home/airflow/.local/lib/python3.12/site-packages/airflow/example_dags/example_setup_teardown.py
[2024-05-28T18:07:18.614+0000] {processor.py:830} INFO - Processing file /home/airflow/.local/lib/python3.12/site-packages/airflow/example_dags/example_setup_teardown.py for tasks to queue
[2024-05-28T18:07:18.696+0000] {logging_mixin.py:188} INFO - [2024-05-28T18:07:18.692+0000] {dagbag.py:545} INFO - Filling up the DagBag from /home/airflow/.local/lib/python3.12/site-packages/airflow/example_dags/example_setup_teardown.py
[2024-05-28T18:07:18.984+0000] {processor.py:840} INFO - DAG(s) 'example_setup_teardown' retrieved from /home/airflow/.local/lib/python3.12/site-packages/airflow/example_dags/example_setup_teardown.py
[2024-05-28T18:07:20.465+0000] {logging_mixin.py:188} INFO - [2024-05-28T18:07:20.463+0000] {dag.py:3096} INFO - Sync 1 DAGs
[2024-05-28T18:07:20.651+0000] {logging_mixin.py:188} INFO - [2024-05-28T18:07:20.649+0000] {dag.py:3954} INFO - Setting next_dagrun for example_setup_teardown to 2024-05-27 00:00:00+00:00, run_after=2024-05-28 00:00:00+00:00
[2024-05-28T18:07:20.755+0000] {processor.py:183} INFO - Processing /home/airflow/.local/lib/python3.12/site-packages/airflow/example_dags/example_setup_teardown.py took 2.352 seconds
[2024-05-28T18:07:50.927+0000] {processor.py:161} INFO - Started process (PID=130) to work on /home/airflow/.local/lib/python3.12/site-packages/airflow/example_dags/example_setup_teardown.py
[2024-05-28T18:07:50.929+0000] {processor.py:830} INFO - Processing file /home/airflow/.local/lib/python3.12/site-packages/airflow/example_dags/example_setup_teardown.py for tasks to queue
[2024-05-28T18:07:50.934+0000] {logging_mixin.py:188} INFO - [2024-05-28T18:07:50.933+0000] {dagbag.py:545} INFO - Filling up the DagBag from /home/airflow/.local/lib/python3.12/site-packages/airflow/example_dags/example_setup_teardown.py
[2024-05-28T18:07:50.969+0000] {processor.py:840} INFO - DAG(s) 'example_setup_teardown' retrieved from /home/airflow/.local/lib/python3.12/site-packages/airflow/example_dags/example_setup_teardown.py
[2024-05-28T18:07:51.026+0000] {logging_mixin.py:188} INFO - [2024-05-28T18:07:51.025+0000] {dag.py:3096} INFO - Sync 1 DAGs
[2024-05-28T18:07:51.106+0000] {logging_mixin.py:188} INFO - [2024-05-28T18:07:51.106+0000] {dag.py:3954} INFO - Setting next_dagrun for example_setup_teardown to 2024-05-27 00:00:00+00:00, run_after=2024-05-28 00:00:00+00:00
[2024-05-28T18:07:51.162+0000] {processor.py:183} INFO - Processing /home/airflow/.local/lib/python3.12/site-packages/airflow/example_dags/example_setup_teardown.py took 0.251 seconds
[2024-05-28T18:08:21.639+0000] {processor.py:161} INFO - Started process (PID=188) to work on /home/airflow/.local/lib/python3.12/site-packages/airflow/example_dags/example_setup_teardown.py
[2024-05-28T18:08:21.641+0000] {processor.py:830} INFO - Processing file /home/airflow/.local/lib/python3.12/site-packages/airflow/example_dags/example_setup_teardown.py for tasks to queue
[2024-05-28T18:08:21.648+0000] {logging_mixin.py:188} INFO - [2024-05-28T18:08:21.646+0000] {dagbag.py:545} INFO - Filling up the DagBag from /home/airflow/.local/lib/python3.12/site-packages/airflow/example_dags/example_setup_teardown.py
[2024-05-28T18:08:21.670+0000] {processor.py:840} INFO - DAG(s) 'example_setup_teardown' retrieved from /home/airflow/.local/lib/python3.12/site-packages/airflow/example_dags/example_setup_teardown.py
[2024-05-28T18:08:21.728+0000] {logging_mixin.py:188} INFO - [2024-05-28T18:08:21.727+0000] {dag.py:3096} INFO - Sync 1 DAGs
[2024-05-28T18:08:21.797+0000] {logging_mixin.py:188} INFO - [2024-05-28T18:08:21.796+0000] {dag.py:3954} INFO - Setting next_dagrun for example_setup_teardown to 2024-05-27 00:00:00+00:00, run_after=2024-05-28 00:00:00+00:00
[2024-05-28T18:08:21.853+0000] {processor.py:183} INFO - Processing /home/airflow/.local/lib/python3.12/site-packages/airflow/example_dags/example_setup_teardown.py took 0.231 seconds
[2024-05-28T18:08:52.448+0000] {processor.py:161} INFO - Started process (PID=244) to work on /home/airflow/.local/lib/python3.12/site-packages/airflow/example_dags/example_setup_teardown.py
[2024-05-28T18:08:52.455+0000] {processor.py:830} INFO - Processing file /home/airflow/.local/lib/python3.12/site-packages/airflow/example_dags/example_setup_teardown.py for tasks to queue
[2024-05-28T18:08:52.468+0000] {logging_mixin.py:188} INFO - [2024-05-28T18:08:52.467+0000] {dagbag.py:545} INFO - Filling up the DagBag from /home/airflow/.local/lib/python3.12/site-packages/airflow/example_dags/example_setup_teardown.py
[2024-05-28T18:08:52.507+0000] {processor.py:840} INFO - DAG(s) 'example_setup_teardown' retrieved from /home/airflow/.local/lib/python3.12/site-packages/airflow/example_dags/example_setup_teardown.py
[2024-05-28T18:08:52.666+0000] {logging_mixin.py:188} INFO - [2024-05-28T18:08:52.665+0000] {dag.py:3096} INFO - Sync 1 DAGs
[2024-05-28T18:08:52.851+0000] {logging_mixin.py:188} INFO - [2024-05-28T18:08:52.843+0000] {dag.py:3954} INFO - Setting next_dagrun for example_setup_teardown to 2024-05-27 00:00:00+00:00, run_after=2024-05-28 00:00:00+00:00
[2024-05-28T18:08:53.014+0000] {processor.py:183} INFO - Processing /home/airflow/.local/lib/python3.12/site-packages/airflow/example_dags/example_setup_teardown.py took 0.590 seconds
[2024-05-28T18:09:23.294+0000] {processor.py:161} INFO - Started process (PID=302) to work on /home/airflow/.local/lib/python3.12/site-packages/airflow/example_dags/example_setup_teardown.py
[2024-05-28T18:09:23.297+0000] {processor.py:830} INFO - Processing file /home/airflow/.local/lib/python3.12/site-packages/airflow/example_dags/example_setup_teardown.py for tasks to queue
[2024-05-28T18:09:23.301+0000] {logging_mixin.py:188} INFO - [2024-05-28T18:09:23.300+0000] {dagbag.py:545} INFO - Filling up the DagBag from /home/airflow/.local/lib/python3.12/site-packages/airflow/example_dags/example_setup_teardown.py
[2024-05-28T18:09:23.319+0000] {processor.py:840} INFO - DAG(s) 'example_setup_teardown' retrieved from /home/airflow/.local/lib/python3.12/site-packages/airflow/example_dags/example_setup_teardown.py
[2024-05-28T18:09:23.373+0000] {logging_mixin.py:188} INFO - [2024-05-28T18:09:23.372+0000] {dag.py:3096} INFO - Sync 1 DAGs
[2024-05-28T18:09:23.436+0000] {logging_mixin.py:188} INFO - [2024-05-28T18:09:23.436+0000] {dag.py:3954} INFO - Setting next_dagrun for example_setup_teardown to 2024-05-27 00:00:00+00:00, run_after=2024-05-28 00:00:00+00:00
[2024-05-28T18:09:23.495+0000] {processor.py:183} INFO - Processing /home/airflow/.local/lib/python3.12/site-packages/airflow/example_dags/example_setup_teardown.py took 0.220 seconds
[2024-05-28T18:09:54.210+0000] {processor.py:161} INFO - Started process (PID=360) to work on /home/airflow/.local/lib/python3.12/site-packages/airflow/example_dags/example_setup_teardown.py
[2024-05-28T18:09:54.214+0000] {processor.py:830} INFO - Processing file /home/airflow/.local/lib/python3.12/site-packages/airflow/example_dags/example_setup_teardown.py for tasks to queue
[2024-05-28T18:09:54.227+0000] {logging_mixin.py:188} INFO - [2024-05-28T18:09:54.226+0000] {dagbag.py:545} INFO - Filling up the DagBag from /home/airflow/.local/lib/python3.12/site-packages/airflow/example_dags/example_setup_teardown.py
[2024-05-28T18:09:54.249+0000] {processor.py:840} INFO - DAG(s) 'example_setup_teardown' retrieved from /home/airflow/.local/lib/python3.12/site-packages/airflow/example_dags/example_setup_teardown.py
[2024-05-28T18:09:54.312+0000] {logging_mixin.py:188} INFO - [2024-05-28T18:09:54.312+0000] {dag.py:3096} INFO - Sync 1 DAGs
[2024-05-28T18:09:54.380+0000] {logging_mixin.py:188} INFO - [2024-05-28T18:09:54.380+0000] {dag.py:3954} INFO - Setting next_dagrun for example_setup_teardown to 2024-05-27 00:00:00+00:00, run_after=2024-05-28 00:00:00+00:00
[2024-05-28T18:09:54.449+0000] {processor.py:183} INFO - Processing /home/airflow/.local/lib/python3.12/site-packages/airflow/example_dags/example_setup_teardown.py took 0.258 seconds
[2024-05-28T18:10:25.185+0000] {processor.py:161} INFO - Started process (PID=418) to work on /home/airflow/.local/lib/python3.12/site-packages/airflow/example_dags/example_setup_teardown.py
[2024-05-28T18:10:25.189+0000] {processor.py:830} INFO - Processing file /home/airflow/.local/lib/python3.12/site-packages/airflow/example_dags/example_setup_teardown.py for tasks to queue
[2024-05-28T18:10:25.194+0000] {logging_mixin.py:188} INFO - [2024-05-28T18:10:25.193+0000] {dagbag.py:545} INFO - Filling up the DagBag from /home/airflow/.local/lib/python3.12/site-packages/airflow/example_dags/example_setup_teardown.py
[2024-05-28T18:10:25.211+0000] {processor.py:840} INFO - DAG(s) 'example_setup_teardown' retrieved from /home/airflow/.local/lib/python3.12/site-packages/airflow/example_dags/example_setup_teardown.py
[2024-05-28T18:10:25.272+0000] {logging_mixin.py:188} INFO - [2024-05-28T18:10:25.271+0000] {dag.py:3096} INFO - Sync 1 DAGs
[2024-05-28T18:10:25.324+0000] {logging_mixin.py:188} INFO - [2024-05-28T18:10:25.323+0000] {dag.py:3954} INFO - Setting next_dagrun for example_setup_teardown to 2024-05-27 00:00:00+00:00, run_after=2024-05-28 00:00:00+00:00
[2024-05-28T18:10:25.365+0000] {processor.py:183} INFO - Processing /home/airflow/.local/lib/python3.12/site-packages/airflow/example_dags/example_setup_teardown.py took 0.196 seconds
[2024-05-28T18:10:56.021+0000] {processor.py:161} INFO - Started process (PID=476) to work on /home/airflow/.local/lib/python3.12/site-packages/airflow/example_dags/example_setup_teardown.py
[2024-05-28T18:10:56.022+0000] {processor.py:830} INFO - Processing file /home/airflow/.local/lib/python3.12/site-packages/airflow/example_dags/example_setup_teardown.py for tasks to queue
[2024-05-28T18:10:56.026+0000] {logging_mixin.py:188} INFO - [2024-05-28T18:10:56.025+0000] {dagbag.py:545} INFO - Filling up the DagBag from /home/airflow/.local/lib/python3.12/site-packages/airflow/example_dags/example_setup_teardown.py
[2024-05-28T18:10:56.044+0000] {processor.py:840} INFO - DAG(s) 'example_setup_teardown' retrieved from /home/airflow/.local/lib/python3.12/site-packages/airflow/example_dags/example_setup_teardown.py
[2024-05-28T18:10:56.093+0000] {logging_mixin.py:188} INFO - [2024-05-28T18:10:56.092+0000] {dag.py:3096} INFO - Sync 1 DAGs
[2024-05-28T18:10:56.191+0000] {logging_mixin.py:188} INFO - [2024-05-28T18:10:56.191+0000] {dag.py:3954} INFO - Setting next_dagrun for example_setup_teardown to 2024-05-27 00:00:00+00:00, run_after=2024-05-28 00:00:00+00:00
[2024-05-28T18:10:56.255+0000] {processor.py:183} INFO - Processing /home/airflow/.local/lib/python3.12/site-packages/airflow/example_dags/example_setup_teardown.py took 0.252 seconds
[2024-05-28T18:11:34.895+0000] {processor.py:161} INFO - Started process (PID=533) to work on /home/airflow/.local/lib/python3.12/site-packages/airflow/example_dags/example_setup_teardown.py
[2024-05-28T18:11:34.924+0000] {processor.py:830} INFO - Processing file /home/airflow/.local/lib/python3.12/site-packages/airflow/example_dags/example_setup_teardown.py for tasks to queue
[2024-05-28T18:11:34.947+0000] {logging_mixin.py:188} INFO - [2024-05-28T18:11:34.946+0000] {dagbag.py:545} INFO - Filling up the DagBag from /home/airflow/.local/lib/python3.12/site-packages/airflow/example_dags/example_setup_teardown.py
[2024-05-28T18:11:35.006+0000] {processor.py:840} INFO - DAG(s) 'example_setup_teardown' retrieved from /home/airflow/.local/lib/python3.12/site-packages/airflow/example_dags/example_setup_teardown.py
[2024-05-28T18:11:35.174+0000] {logging_mixin.py:188} INFO - [2024-05-28T18:11:35.173+0000] {dag.py:3096} INFO - Sync 1 DAGs
[2024-05-28T18:11:35.360+0000] {logging_mixin.py:188} INFO - [2024-05-28T18:11:35.359+0000] {dag.py:3954} INFO - Setting next_dagrun for example_setup_teardown to 2024-05-27 00:00:00+00:00, run_after=2024-05-28 00:00:00+00:00
[2024-05-28T18:11:35.555+0000] {processor.py:183} INFO - Processing /home/airflow/.local/lib/python3.12/site-packages/airflow/example_dags/example_setup_teardown.py took 0.716 seconds
[2024-05-28T18:12:05.899+0000] {processor.py:161} INFO - Started process (PID=591) to work on /home/airflow/.local/lib/python3.12/site-packages/airflow/example_dags/example_setup_teardown.py
[2024-05-28T18:12:05.903+0000] {processor.py:830} INFO - Processing file /home/airflow/.local/lib/python3.12/site-packages/airflow/example_dags/example_setup_teardown.py for tasks to queue
[2024-05-28T18:12:05.910+0000] {logging_mixin.py:188} INFO - [2024-05-28T18:12:05.909+0000] {dagbag.py:545} INFO - Filling up the DagBag from /home/airflow/.local/lib/python3.12/site-packages/airflow/example_dags/example_setup_teardown.py
[2024-05-28T18:12:05.944+0000] {processor.py:840} INFO - DAG(s) 'example_setup_teardown' retrieved from /home/airflow/.local/lib/python3.12/site-packages/airflow/example_dags/example_setup_teardown.py
[2024-05-28T18:12:06.083+0000] {logging_mixin.py:188} INFO - [2024-05-28T18:12:06.082+0000] {dag.py:3096} INFO - Sync 1 DAGs
[2024-05-28T18:12:06.127+0000] {logging_mixin.py:188} INFO - [2024-05-28T18:12:06.126+0000] {dag.py:3954} INFO - Setting next_dagrun for example_setup_teardown to 2024-05-27 00:00:00+00:00, run_after=2024-05-28 00:00:00+00:00
[2024-05-28T18:12:06.173+0000] {processor.py:183} INFO - Processing /home/airflow/.local/lib/python3.12/site-packages/airflow/example_dags/example_setup_teardown.py took 0.298 seconds
[2024-05-28T18:12:37.649+0000] {processor.py:161} INFO - Started process (PID=649) to work on /home/airflow/.local/lib/python3.12/site-packages/airflow/example_dags/example_setup_teardown.py
[2024-05-28T18:12:37.652+0000] {processor.py:830} INFO - Processing file /home/airflow/.local/lib/python3.12/site-packages/airflow/example_dags/example_setup_teardown.py for tasks to queue
[2024-05-28T18:12:37.657+0000] {logging_mixin.py:188} INFO - [2024-05-28T18:12:37.656+0000] {dagbag.py:545} INFO - Filling up the DagBag from /home/airflow/.local/lib/python3.12/site-packages/airflow/example_dags/example_setup_teardown.py
[2024-05-28T18:12:37.688+0000] {processor.py:840} INFO - DAG(s) 'example_setup_teardown' retrieved from /home/airflow/.local/lib/python3.12/site-packages/airflow/example_dags/example_setup_teardown.py
[2024-05-28T18:12:37.782+0000] {logging_mixin.py:188} INFO - [2024-05-28T18:12:37.781+0000] {dag.py:3096} INFO - Sync 1 DAGs
[2024-05-28T18:12:37.888+0000] {logging_mixin.py:188} INFO - [2024-05-28T18:12:37.887+0000] {dag.py:3954} INFO - Setting next_dagrun for example_setup_teardown to 2024-05-27 00:00:00+00:00, run_after=2024-05-28 00:00:00+00:00
[2024-05-28T18:12:38.024+0000] {processor.py:183} INFO - Processing /home/airflow/.local/lib/python3.12/site-packages/airflow/example_dags/example_setup_teardown.py took 0.412 seconds
[2024-05-28T18:13:08.437+0000] {processor.py:161} INFO - Started process (PID=707) to work on /home/airflow/.local/lib/python3.12/site-packages/airflow/example_dags/example_setup_teardown.py
[2024-05-28T18:13:08.447+0000] {processor.py:830} INFO - Processing file /home/airflow/.local/lib/python3.12/site-packages/airflow/example_dags/example_setup_teardown.py for tasks to queue
[2024-05-28T18:13:08.466+0000] {logging_mixin.py:188} INFO - [2024-05-28T18:13:08.463+0000] {dagbag.py:545} INFO - Filling up the DagBag from /home/airflow/.local/lib/python3.12/site-packages/airflow/example_dags/example_setup_teardown.py
[2024-05-28T18:13:08.524+0000] {processor.py:840} INFO - DAG(s) 'example_setup_teardown' retrieved from /home/airflow/.local/lib/python3.12/site-packages/airflow/example_dags/example_setup_teardown.py
[2024-05-28T18:13:08.574+0000] {logging_mixin.py:188} INFO - [2024-05-28T18:13:08.574+0000] {dag.py:3096} INFO - Sync 1 DAGs
[2024-05-28T18:13:08.623+0000] {logging_mixin.py:188} INFO - [2024-05-28T18:13:08.622+0000] {dag.py:3954} INFO - Setting next_dagrun for example_setup_teardown to 2024-05-27 00:00:00+00:00, run_after=2024-05-28 00:00:00+00:00
[2024-05-28T18:13:08.707+0000] {processor.py:183} INFO - Processing /home/airflow/.local/lib/python3.12/site-packages/airflow/example_dags/example_setup_teardown.py took 0.342 seconds
[2024-05-28T18:13:39.781+0000] {processor.py:161} INFO - Started process (PID=766) to work on /home/airflow/.local/lib/python3.12/site-packages/airflow/example_dags/example_setup_teardown.py
[2024-05-28T18:13:39.787+0000] {processor.py:830} INFO - Processing file /home/airflow/.local/lib/python3.12/site-packages/airflow/example_dags/example_setup_teardown.py for tasks to queue
[2024-05-28T18:13:39.802+0000] {logging_mixin.py:188} INFO - [2024-05-28T18:13:39.799+0000] {dagbag.py:545} INFO - Filling up the DagBag from /home/airflow/.local/lib/python3.12/site-packages/airflow/example_dags/example_setup_teardown.py
[2024-05-28T18:13:39.939+0000] {processor.py:840} INFO - DAG(s) 'example_setup_teardown' retrieved from /home/airflow/.local/lib/python3.12/site-packages/airflow/example_dags/example_setup_teardown.py
[2024-05-28T18:13:40.168+0000] {logging_mixin.py:188} INFO - [2024-05-28T18:13:40.167+0000] {dag.py:3096} INFO - Sync 1 DAGs
[2024-05-28T18:13:40.408+0000] {logging_mixin.py:188} INFO - [2024-05-28T18:13:40.408+0000] {dag.py:3954} INFO - Setting next_dagrun for example_setup_teardown to 2024-05-27 00:00:00+00:00, run_after=2024-05-28 00:00:00+00:00
[2024-05-28T18:13:40.618+0000] {processor.py:183} INFO - Processing /home/airflow/.local/lib/python3.12/site-packages/airflow/example_dags/example_setup_teardown.py took 0.896 seconds
[2024-05-28T18:14:12.025+0000] {processor.py:161} INFO - Started process (PID=824) to work on /home/airflow/.local/lib/python3.12/site-packages/airflow/example_dags/example_setup_teardown.py
[2024-05-28T18:14:12.030+0000] {processor.py:830} INFO - Processing file /home/airflow/.local/lib/python3.12/site-packages/airflow/example_dags/example_setup_teardown.py for tasks to queue
[2024-05-28T18:14:12.053+0000] {logging_mixin.py:188} INFO - [2024-05-28T18:14:12.045+0000] {dagbag.py:545} INFO - Filling up the DagBag from /home/airflow/.local/lib/python3.12/site-packages/airflow/example_dags/example_setup_teardown.py
[2024-05-28T18:14:12.093+0000] {processor.py:840} INFO - DAG(s) 'example_setup_teardown' retrieved from /home/airflow/.local/lib/python3.12/site-packages/airflow/example_dags/example_setup_teardown.py
[2024-05-28T18:14:12.221+0000] {logging_mixin.py:188} INFO - [2024-05-28T18:14:12.220+0000] {dag.py:3096} INFO - Sync 1 DAGs
[2024-05-28T18:14:12.351+0000] {logging_mixin.py:188} INFO - [2024-05-28T18:14:12.349+0000] {dag.py:3954} INFO - Setting next_dagrun for example_setup_teardown to 2024-05-27 00:00:00+00:00, run_after=2024-05-28 00:00:00+00:00
[2024-05-28T18:14:12.483+0000] {processor.py:183} INFO - Processing /home/airflow/.local/lib/python3.12/site-packages/airflow/example_dags/example_setup_teardown.py took 0.512 seconds
[2024-05-28T18:14:44.448+0000] {processor.py:161} INFO - Started process (PID=882) to work on /home/airflow/.local/lib/python3.12/site-packages/airflow/example_dags/example_setup_teardown.py
[2024-05-28T18:14:44.456+0000] {processor.py:830} INFO - Processing file /home/airflow/.local/lib/python3.12/site-packages/airflow/example_dags/example_setup_teardown.py for tasks to queue
[2024-05-28T18:14:44.465+0000] {logging_mixin.py:188} INFO - [2024-05-28T18:14:44.464+0000] {dagbag.py:545} INFO - Filling up the DagBag from /home/airflow/.local/lib/python3.12/site-packages/airflow/example_dags/example_setup_teardown.py
[2024-05-28T18:14:44.505+0000] {processor.py:840} INFO - DAG(s) 'example_setup_teardown' retrieved from /home/airflow/.local/lib/python3.12/site-packages/airflow/example_dags/example_setup_teardown.py
[2024-05-28T18:14:44.596+0000] {logging_mixin.py:188} INFO - [2024-05-28T18:14:44.595+0000] {dag.py:3096} INFO - Sync 1 DAGs
[2024-05-28T18:14:44.723+0000] {logging_mixin.py:188} INFO - [2024-05-28T18:14:44.722+0000] {dag.py:3954} INFO - Setting next_dagrun for example_setup_teardown to 2024-05-27 00:00:00+00:00, run_after=2024-05-28 00:00:00+00:00
[2024-05-28T18:14:44.850+0000] {processor.py:183} INFO - Processing /home/airflow/.local/lib/python3.12/site-packages/airflow/example_dags/example_setup_teardown.py took 0.427 seconds
[2024-05-28T18:15:15.944+0000] {processor.py:161} INFO - Started process (PID=940) to work on /home/airflow/.local/lib/python3.12/site-packages/airflow/example_dags/example_setup_teardown.py
[2024-05-28T18:15:15.949+0000] {processor.py:830} INFO - Processing file /home/airflow/.local/lib/python3.12/site-packages/airflow/example_dags/example_setup_teardown.py for tasks to queue
[2024-05-28T18:15:15.974+0000] {logging_mixin.py:188} INFO - [2024-05-28T18:15:15.962+0000] {dagbag.py:545} INFO - Filling up the DagBag from /home/airflow/.local/lib/python3.12/site-packages/airflow/example_dags/example_setup_teardown.py
[2024-05-28T18:15:16.035+0000] {processor.py:840} INFO - DAG(s) 'example_setup_teardown' retrieved from /home/airflow/.local/lib/python3.12/site-packages/airflow/example_dags/example_setup_teardown.py
[2024-05-28T18:15:16.263+0000] {logging_mixin.py:188} INFO - [2024-05-28T18:15:16.256+0000] {dag.py:3096} INFO - Sync 1 DAGs
[2024-05-28T18:15:16.583+0000] {logging_mixin.py:188} INFO - [2024-05-28T18:15:16.581+0000] {dag.py:3954} INFO - Setting next_dagrun for example_setup_teardown to 2024-05-27 00:00:00+00:00, run_after=2024-05-28 00:00:00+00:00
[2024-05-28T18:15:16.891+0000] {processor.py:183} INFO - Processing /home/airflow/.local/lib/python3.12/site-packages/airflow/example_dags/example_setup_teardown.py took 1.024 seconds
[2024-05-28T18:15:47.953+0000] {processor.py:161} INFO - Started process (PID=997) to work on /home/airflow/.local/lib/python3.12/site-packages/airflow/example_dags/example_setup_teardown.py
[2024-05-28T18:15:47.957+0000] {processor.py:830} INFO - Processing file /home/airflow/.local/lib/python3.12/site-packages/airflow/example_dags/example_setup_teardown.py for tasks to queue
[2024-05-28T18:15:47.972+0000] {logging_mixin.py:188} INFO - [2024-05-28T18:15:47.969+0000] {dagbag.py:545} INFO - Filling up the DagBag from /home/airflow/.local/lib/python3.12/site-packages/airflow/example_dags/example_setup_teardown.py
[2024-05-28T18:15:48.020+0000] {processor.py:840} INFO - DAG(s) 'example_setup_teardown' retrieved from /home/airflow/.local/lib/python3.12/site-packages/airflow/example_dags/example_setup_teardown.py
[2024-05-28T18:15:48.223+0000] {logging_mixin.py:188} INFO - [2024-05-28T18:15:48.221+0000] {dag.py:3096} INFO - Sync 1 DAGs
[2024-05-28T18:15:48.385+0000] {logging_mixin.py:188} INFO - [2024-05-28T18:15:48.384+0000] {dag.py:3954} INFO - Setting next_dagrun for example_setup_teardown to 2024-05-27 00:00:00+00:00, run_after=2024-05-28 00:00:00+00:00
[2024-05-28T18:15:48.584+0000] {processor.py:183} INFO - Processing /home/airflow/.local/lib/python3.12/site-packages/airflow/example_dags/example_setup_teardown.py took 0.667 seconds
[2024-05-28T18:16:23.830+0000] {processor.py:161} INFO - Started process (PID=1062) to work on /home/airflow/.local/lib/python3.12/site-packages/airflow/example_dags/example_setup_teardown.py
[2024-05-28T18:16:23.836+0000] {processor.py:830} INFO - Processing file /home/airflow/.local/lib/python3.12/site-packages/airflow/example_dags/example_setup_teardown.py for tasks to queue
[2024-05-28T18:16:23.845+0000] {logging_mixin.py:188} INFO - [2024-05-28T18:16:23.844+0000] {dagbag.py:545} INFO - Filling up the DagBag from /home/airflow/.local/lib/python3.12/site-packages/airflow/example_dags/example_setup_teardown.py
[2024-05-28T18:16:23.905+0000] {processor.py:840} INFO - DAG(s) 'example_setup_teardown' retrieved from /home/airflow/.local/lib/python3.12/site-packages/airflow/example_dags/example_setup_teardown.py
[2024-05-28T18:16:24.067+0000] {logging_mixin.py:188} INFO - [2024-05-28T18:16:24.066+0000] {dag.py:3096} INFO - Sync 1 DAGs
[2024-05-28T18:16:24.246+0000] {logging_mixin.py:188} INFO - [2024-05-28T18:16:24.244+0000] {dag.py:3954} INFO - Setting next_dagrun for example_setup_teardown to 2024-05-27 00:00:00+00:00, run_after=2024-05-28 00:00:00+00:00
[2024-05-28T18:16:24.436+0000] {processor.py:183} INFO - Processing /home/airflow/.local/lib/python3.12/site-packages/airflow/example_dags/example_setup_teardown.py took 0.674 seconds
[2024-05-28T18:16:54.653+0000] {processor.py:161} INFO - Started process (PID=1119) to work on /home/airflow/.local/lib/python3.12/site-packages/airflow/example_dags/example_setup_teardown.py
[2024-05-28T18:16:54.660+0000] {processor.py:830} INFO - Processing file /home/airflow/.local/lib/python3.12/site-packages/airflow/example_dags/example_setup_teardown.py for tasks to queue
[2024-05-28T18:16:54.689+0000] {logging_mixin.py:188} INFO - [2024-05-28T18:16:54.687+0000] {dagbag.py:545} INFO - Filling up the DagBag from /home/airflow/.local/lib/python3.12/site-packages/airflow/example_dags/example_setup_teardown.py
[2024-05-28T18:16:54.776+0000] {processor.py:840} INFO - DAG(s) 'example_setup_teardown' retrieved from /home/airflow/.local/lib/python3.12/site-packages/airflow/example_dags/example_setup_teardown.py
[2024-05-28T18:16:54.944+0000] {logging_mixin.py:188} INFO - [2024-05-28T18:16:54.943+0000] {dag.py:3096} INFO - Sync 1 DAGs
[2024-05-28T18:16:55.228+0000] {logging_mixin.py:188} INFO - [2024-05-28T18:16:55.227+0000] {dag.py:3954} INFO - Setting next_dagrun for example_setup_teardown to 2024-05-27 00:00:00+00:00, run_after=2024-05-28 00:00:00+00:00
[2024-05-28T18:16:55.429+0000] {processor.py:183} INFO - Processing /home/airflow/.local/lib/python3.12/site-packages/airflow/example_dags/example_setup_teardown.py took 0.817 seconds
[2024-05-28T18:17:25.762+0000] {processor.py:161} INFO - Started process (PID=1177) to work on /home/airflow/.local/lib/python3.12/site-packages/airflow/example_dags/example_setup_teardown.py
[2024-05-28T18:17:25.765+0000] {processor.py:830} INFO - Processing file /home/airflow/.local/lib/python3.12/site-packages/airflow/example_dags/example_setup_teardown.py for tasks to queue
[2024-05-28T18:17:25.768+0000] {logging_mixin.py:188} INFO - [2024-05-28T18:17:25.768+0000] {dagbag.py:545} INFO - Filling up the DagBag from /home/airflow/.local/lib/python3.12/site-packages/airflow/example_dags/example_setup_teardown.py
[2024-05-28T18:17:25.783+0000] {processor.py:840} INFO - DAG(s) 'example_setup_teardown' retrieved from /home/airflow/.local/lib/python3.12/site-packages/airflow/example_dags/example_setup_teardown.py
[2024-05-28T18:17:25.829+0000] {logging_mixin.py:188} INFO - [2024-05-28T18:17:25.829+0000] {dag.py:3096} INFO - Sync 1 DAGs
[2024-05-28T18:17:25.871+0000] {logging_mixin.py:188} INFO - [2024-05-28T18:17:25.870+0000] {dag.py:3954} INFO - Setting next_dagrun for example_setup_teardown to 2024-05-27 00:00:00+00:00, run_after=2024-05-28 00:00:00+00:00
[2024-05-28T18:17:25.909+0000] {processor.py:183} INFO - Processing /home/airflow/.local/lib/python3.12/site-packages/airflow/example_dags/example_setup_teardown.py took 0.162 seconds
[2024-05-28T18:17:58.366+0000] {processor.py:161} INFO - Started process (PID=1234) to work on /home/airflow/.local/lib/python3.12/site-packages/airflow/example_dags/example_setup_teardown.py
[2024-05-28T18:17:58.378+0000] {processor.py:830} INFO - Processing file /home/airflow/.local/lib/python3.12/site-packages/airflow/example_dags/example_setup_teardown.py for tasks to queue
[2024-05-28T18:17:58.385+0000] {logging_mixin.py:188} INFO - [2024-05-28T18:17:58.384+0000] {dagbag.py:545} INFO - Filling up the DagBag from /home/airflow/.local/lib/python3.12/site-packages/airflow/example_dags/example_setup_teardown.py
[2024-05-28T18:17:58.438+0000] {processor.py:840} INFO - DAG(s) 'example_setup_teardown' retrieved from /home/airflow/.local/lib/python3.12/site-packages/airflow/example_dags/example_setup_teardown.py
[2024-05-28T18:17:58.559+0000] {logging_mixin.py:188} INFO - [2024-05-28T18:17:58.558+0000] {dag.py:3096} INFO - Sync 1 DAGs
[2024-05-28T18:17:58.696+0000] {logging_mixin.py:188} INFO - [2024-05-28T18:17:58.695+0000] {dag.py:3954} INFO - Setting next_dagrun for example_setup_teardown to 2024-05-27 00:00:00+00:00, run_after=2024-05-28 00:00:00+00:00
[2024-05-28T18:17:58.826+0000] {processor.py:183} INFO - Processing /home/airflow/.local/lib/python3.12/site-packages/airflow/example_dags/example_setup_teardown.py took 0.496 seconds
[2024-05-28T18:18:29.267+0000] {processor.py:161} INFO - Started process (PID=1293) to work on /home/airflow/.local/lib/python3.12/site-packages/airflow/example_dags/example_setup_teardown.py
[2024-05-28T18:18:29.269+0000] {processor.py:830} INFO - Processing file /home/airflow/.local/lib/python3.12/site-packages/airflow/example_dags/example_setup_teardown.py for tasks to queue
[2024-05-28T18:18:29.274+0000] {logging_mixin.py:188} INFO - [2024-05-28T18:18:29.273+0000] {dagbag.py:545} INFO - Filling up the DagBag from /home/airflow/.local/lib/python3.12/site-packages/airflow/example_dags/example_setup_teardown.py
[2024-05-28T18:18:29.291+0000] {processor.py:840} INFO - DAG(s) 'example_setup_teardown' retrieved from /home/airflow/.local/lib/python3.12/site-packages/airflow/example_dags/example_setup_teardown.py
[2024-05-28T18:18:29.339+0000] {logging_mixin.py:188} INFO - [2024-05-28T18:18:29.338+0000] {dag.py:3096} INFO - Sync 1 DAGs
[2024-05-28T18:18:29.387+0000] {logging_mixin.py:188} INFO - [2024-05-28T18:18:29.386+0000] {dag.py:3954} INFO - Setting next_dagrun for example_setup_teardown to 2024-05-27 00:00:00+00:00, run_after=2024-05-28 00:00:00+00:00
[2024-05-28T18:18:29.440+0000] {processor.py:183} INFO - Processing /home/airflow/.local/lib/python3.12/site-packages/airflow/example_dags/example_setup_teardown.py took 0.187 seconds
[2024-05-28T18:18:59.811+0000] {processor.py:161} INFO - Started process (PID=1348) to work on /home/airflow/.local/lib/python3.12/site-packages/airflow/example_dags/example_setup_teardown.py
[2024-05-28T18:18:59.815+0000] {processor.py:830} INFO - Processing file /home/airflow/.local/lib/python3.12/site-packages/airflow/example_dags/example_setup_teardown.py for tasks to queue
[2024-05-28T18:18:59.828+0000] {logging_mixin.py:188} INFO - [2024-05-28T18:18:59.823+0000] {dagbag.py:545} INFO - Filling up the DagBag from /home/airflow/.local/lib/python3.12/site-packages/airflow/example_dags/example_setup_teardown.py
[2024-05-28T18:18:59.851+0000] {processor.py:840} INFO - DAG(s) 'example_setup_teardown' retrieved from /home/airflow/.local/lib/python3.12/site-packages/airflow/example_dags/example_setup_teardown.py
[2024-05-28T18:18:59.901+0000] {logging_mixin.py:188} INFO - [2024-05-28T18:18:59.901+0000] {dag.py:3096} INFO - Sync 1 DAGs
[2024-05-28T18:18:59.953+0000] {logging_mixin.py:188} INFO - [2024-05-28T18:18:59.952+0000] {dag.py:3954} INFO - Setting next_dagrun for example_setup_teardown to 2024-05-27 00:00:00+00:00, run_after=2024-05-28 00:00:00+00:00
[2024-05-28T18:19:00.005+0000] {processor.py:183} INFO - Processing /home/airflow/.local/lib/python3.12/site-packages/airflow/example_dags/example_setup_teardown.py took 0.230 seconds
[2024-05-28T18:19:31.080+0000] {processor.py:161} INFO - Started process (PID=1406) to work on /home/airflow/.local/lib/python3.12/site-packages/airflow/example_dags/example_setup_teardown.py
[2024-05-28T18:19:31.082+0000] {processor.py:830} INFO - Processing file /home/airflow/.local/lib/python3.12/site-packages/airflow/example_dags/example_setup_teardown.py for tasks to queue
[2024-05-28T18:19:31.086+0000] {logging_mixin.py:188} INFO - [2024-05-28T18:19:31.085+0000] {dagbag.py:545} INFO - Filling up the DagBag from /home/airflow/.local/lib/python3.12/site-packages/airflow/example_dags/example_setup_teardown.py
[2024-05-28T18:19:31.100+0000] {processor.py:840} INFO - DAG(s) 'example_setup_teardown' retrieved from /home/airflow/.local/lib/python3.12/site-packages/airflow/example_dags/example_setup_teardown.py
[2024-05-28T18:19:31.151+0000] {logging_mixin.py:188} INFO - [2024-05-28T18:19:31.151+0000] {dag.py:3096} INFO - Sync 1 DAGs
[2024-05-28T18:19:31.218+0000] {logging_mixin.py:188} INFO - [2024-05-28T18:19:31.218+0000] {dag.py:3954} INFO - Setting next_dagrun for example_setup_teardown to 2024-05-27 00:00:00+00:00, run_after=2024-05-28 00:00:00+00:00
[2024-05-28T18:19:31.272+0000] {processor.py:183} INFO - Processing /home/airflow/.local/lib/python3.12/site-packages/airflow/example_dags/example_setup_teardown.py took 0.210 seconds
[2024-05-28T18:20:01.491+0000] {processor.py:161} INFO - Started process (PID=1464) to work on /home/airflow/.local/lib/python3.12/site-packages/airflow/example_dags/example_setup_teardown.py
[2024-05-28T18:20:01.493+0000] {processor.py:830} INFO - Processing file /home/airflow/.local/lib/python3.12/site-packages/airflow/example_dags/example_setup_teardown.py for tasks to queue
[2024-05-28T18:20:01.497+0000] {logging_mixin.py:188} INFO - [2024-05-28T18:20:01.497+0000] {dagbag.py:545} INFO - Filling up the DagBag from /home/airflow/.local/lib/python3.12/site-packages/airflow/example_dags/example_setup_teardown.py
[2024-05-28T18:20:01.526+0000] {processor.py:840} INFO - DAG(s) 'example_setup_teardown' retrieved from /home/airflow/.local/lib/python3.12/site-packages/airflow/example_dags/example_setup_teardown.py
[2024-05-28T18:20:01.624+0000] {logging_mixin.py:188} INFO - [2024-05-28T18:20:01.623+0000] {dag.py:3096} INFO - Sync 1 DAGs
[2024-05-28T18:20:01.695+0000] {logging_mixin.py:188} INFO - [2024-05-28T18:20:01.694+0000] {dag.py:3954} INFO - Setting next_dagrun for example_setup_teardown to 2024-05-27 00:00:00+00:00, run_after=2024-05-28 00:00:00+00:00
[2024-05-28T18:20:01.801+0000] {processor.py:183} INFO - Processing /home/airflow/.local/lib/python3.12/site-packages/airflow/example_dags/example_setup_teardown.py took 0.332 seconds
[2024-05-28T18:20:32.044+0000] {processor.py:161} INFO - Started process (PID=1522) to work on /home/airflow/.local/lib/python3.12/site-packages/airflow/example_dags/example_setup_teardown.py
[2024-05-28T18:20:32.056+0000] {processor.py:830} INFO - Processing file /home/airflow/.local/lib/python3.12/site-packages/airflow/example_dags/example_setup_teardown.py for tasks to queue
[2024-05-28T18:20:32.074+0000] {logging_mixin.py:188} INFO - [2024-05-28T18:20:32.071+0000] {dagbag.py:545} INFO - Filling up the DagBag from /home/airflow/.local/lib/python3.12/site-packages/airflow/example_dags/example_setup_teardown.py
[2024-05-28T18:20:32.114+0000] {processor.py:840} INFO - DAG(s) 'example_setup_teardown' retrieved from /home/airflow/.local/lib/python3.12/site-packages/airflow/example_dags/example_setup_teardown.py
[2024-05-28T18:20:32.290+0000] {logging_mixin.py:188} INFO - [2024-05-28T18:20:32.288+0000] {dag.py:3096} INFO - Sync 1 DAGs
[2024-05-28T18:20:32.531+0000] {logging_mixin.py:188} INFO - [2024-05-28T18:20:32.530+0000] {dag.py:3954} INFO - Setting next_dagrun for example_setup_teardown to 2024-05-27 00:00:00+00:00, run_after=2024-05-28 00:00:00+00:00
[2024-05-28T18:20:32.762+0000] {processor.py:183} INFO - Processing /home/airflow/.local/lib/python3.12/site-packages/airflow/example_dags/example_setup_teardown.py took 0.784 seconds
[2024-05-28T18:21:03.845+0000] {processor.py:161} INFO - Started process (PID=1580) to work on /home/airflow/.local/lib/python3.12/site-packages/airflow/example_dags/example_setup_teardown.py
[2024-05-28T18:21:03.851+0000] {processor.py:830} INFO - Processing file /home/airflow/.local/lib/python3.12/site-packages/airflow/example_dags/example_setup_teardown.py for tasks to queue
[2024-05-28T18:21:03.859+0000] {logging_mixin.py:188} INFO - [2024-05-28T18:21:03.858+0000] {dagbag.py:545} INFO - Filling up the DagBag from /home/airflow/.local/lib/python3.12/site-packages/airflow/example_dags/example_setup_teardown.py
[2024-05-28T18:21:03.945+0000] {processor.py:840} INFO - DAG(s) 'example_setup_teardown' retrieved from /home/airflow/.local/lib/python3.12/site-packages/airflow/example_dags/example_setup_teardown.py
[2024-05-28T18:21:04.041+0000] {logging_mixin.py:188} INFO - [2024-05-28T18:21:04.040+0000] {dag.py:3096} INFO - Sync 1 DAGs
[2024-05-28T18:21:04.116+0000] {logging_mixin.py:188} INFO - [2024-05-28T18:21:04.115+0000] {dag.py:3954} INFO - Setting next_dagrun for example_setup_teardown to 2024-05-27 00:00:00+00:00, run_after=2024-05-28 00:00:00+00:00
[2024-05-28T18:21:04.186+0000] {processor.py:183} INFO - Processing /home/airflow/.local/lib/python3.12/site-packages/airflow/example_dags/example_setup_teardown.py took 0.375 seconds
[2024-05-28T18:21:37.793+0000] {processor.py:161} INFO - Started process (PID=1638) to work on /home/airflow/.local/lib/python3.12/site-packages/airflow/example_dags/example_setup_teardown.py
[2024-05-28T18:21:37.804+0000] {processor.py:830} INFO - Processing file /home/airflow/.local/lib/python3.12/site-packages/airflow/example_dags/example_setup_teardown.py for tasks to queue
[2024-05-28T18:21:37.813+0000] {logging_mixin.py:188} INFO - [2024-05-28T18:21:37.812+0000] {dagbag.py:545} INFO - Filling up the DagBag from /home/airflow/.local/lib/python3.12/site-packages/airflow/example_dags/example_setup_teardown.py
[2024-05-28T18:21:37.846+0000] {processor.py:840} INFO - DAG(s) 'example_setup_teardown' retrieved from /home/airflow/.local/lib/python3.12/site-packages/airflow/example_dags/example_setup_teardown.py
[2024-05-28T18:21:38.008+0000] {logging_mixin.py:188} INFO - [2024-05-28T18:21:38.007+0000] {dag.py:3096} INFO - Sync 1 DAGs
[2024-05-28T18:21:38.285+0000] {logging_mixin.py:188} INFO - [2024-05-28T18:21:38.284+0000] {dag.py:3954} INFO - Setting next_dagrun for example_setup_teardown to 2024-05-27 00:00:00+00:00, run_after=2024-05-28 00:00:00+00:00
[2024-05-28T18:21:38.492+0000] {processor.py:183} INFO - Processing /home/airflow/.local/lib/python3.12/site-packages/airflow/example_dags/example_setup_teardown.py took 0.761 seconds
