[2024-05-28T18:07:38.389+0000] {processor.py:161} INFO - Started process (PID=96) to work on /home/airflow/.local/lib/python3.12/site-packages/airflow/example_dags/example_skip_dag.py
[2024-05-28T18:07:38.392+0000] {processor.py:830} INFO - Processing file /home/airflow/.local/lib/python3.12/site-packages/airflow/example_dags/example_skip_dag.py for tasks to queue
[2024-05-28T18:07:38.401+0000] {logging_mixin.py:188} INFO - [2024-05-28T18:07:38.400+0000] {dagbag.py:545} INFO - Filling up the DagBag from /home/airflow/.local/lib/python3.12/site-packages/airflow/example_dags/example_skip_dag.py
[2024-05-28T18:07:38.459+0000] {processor.py:840} INFO - DAG(s) 'example_skip_dag' retrieved from /home/airflow/.local/lib/python3.12/site-packages/airflow/example_dags/example_skip_dag.py
[2024-05-28T18:07:39.243+0000] {logging_mixin.py:188} INFO - [2024-05-28T18:07:39.242+0000] {dag.py:3096} INFO - Sync 1 DAGs
[2024-05-28T18:07:39.349+0000] {logging_mixin.py:188} INFO - [2024-05-28T18:07:39.348+0000] {dag.py:3954} INFO - Setting next_dagrun for example_skip_dag to 2024-05-27 00:00:00+00:00, run_after=2024-05-28 00:00:00+00:00
[2024-05-28T18:07:39.452+0000] {processor.py:183} INFO - Processing /home/airflow/.local/lib/python3.12/site-packages/airflow/example_dags/example_skip_dag.py took 1.098 seconds
[2024-05-28T18:08:10.816+0000] {processor.py:161} INFO - Started process (PID=154) to work on /home/airflow/.local/lib/python3.12/site-packages/airflow/example_dags/example_skip_dag.py
[2024-05-28T18:08:10.833+0000] {processor.py:830} INFO - Processing file /home/airflow/.local/lib/python3.12/site-packages/airflow/example_dags/example_skip_dag.py for tasks to queue
[2024-05-28T18:08:10.863+0000] {logging_mixin.py:188} INFO - [2024-05-28T18:08:10.851+0000] {dagbag.py:545} INFO - Filling up the DagBag from /home/airflow/.local/lib/python3.12/site-packages/airflow/example_dags/example_skip_dag.py
[2024-05-28T18:08:10.966+0000] {processor.py:840} INFO - DAG(s) 'example_skip_dag' retrieved from /home/airflow/.local/lib/python3.12/site-packages/airflow/example_dags/example_skip_dag.py
[2024-05-28T18:08:11.228+0000] {logging_mixin.py:188} INFO - [2024-05-28T18:08:11.225+0000] {dag.py:3096} INFO - Sync 1 DAGs
[2024-05-28T18:08:11.568+0000] {logging_mixin.py:188} INFO - [2024-05-28T18:08:11.568+0000] {dag.py:3954} INFO - Setting next_dagrun for example_skip_dag to 2024-05-27 00:00:00+00:00, run_after=2024-05-28 00:00:00+00:00
[2024-05-28T18:08:11.860+0000] {processor.py:183} INFO - Processing /home/airflow/.local/lib/python3.12/site-packages/airflow/example_dags/example_skip_dag.py took 1.159 seconds
[2024-05-28T18:08:42.016+0000] {processor.py:161} INFO - Started process (PID=212) to work on /home/airflow/.local/lib/python3.12/site-packages/airflow/example_dags/example_skip_dag.py
[2024-05-28T18:08:42.019+0000] {processor.py:830} INFO - Processing file /home/airflow/.local/lib/python3.12/site-packages/airflow/example_dags/example_skip_dag.py for tasks to queue
[2024-05-28T18:08:42.024+0000] {logging_mixin.py:188} INFO - [2024-05-28T18:08:42.023+0000] {dagbag.py:545} INFO - Filling up the DagBag from /home/airflow/.local/lib/python3.12/site-packages/airflow/example_dags/example_skip_dag.py
[2024-05-28T18:08:42.040+0000] {processor.py:840} INFO - DAG(s) 'example_skip_dag' retrieved from /home/airflow/.local/lib/python3.12/site-packages/airflow/example_dags/example_skip_dag.py
[2024-05-28T18:08:42.102+0000] {logging_mixin.py:188} INFO - [2024-05-28T18:08:42.102+0000] {dag.py:3096} INFO - Sync 1 DAGs
[2024-05-28T18:08:42.174+0000] {logging_mixin.py:188} INFO - [2024-05-28T18:08:42.173+0000] {dag.py:3954} INFO - Setting next_dagrun for example_skip_dag to 2024-05-27 00:00:00+00:00, run_after=2024-05-28 00:00:00+00:00
[2024-05-28T18:08:42.239+0000] {processor.py:183} INFO - Processing /home/airflow/.local/lib/python3.12/site-packages/airflow/example_dags/example_skip_dag.py took 0.244 seconds
[2024-05-28T18:09:12.798+0000] {processor.py:161} INFO - Started process (PID=270) to work on /home/airflow/.local/lib/python3.12/site-packages/airflow/example_dags/example_skip_dag.py
[2024-05-28T18:09:12.800+0000] {processor.py:830} INFO - Processing file /home/airflow/.local/lib/python3.12/site-packages/airflow/example_dags/example_skip_dag.py for tasks to queue
[2024-05-28T18:09:12.804+0000] {logging_mixin.py:188} INFO - [2024-05-28T18:09:12.804+0000] {dagbag.py:545} INFO - Filling up the DagBag from /home/airflow/.local/lib/python3.12/site-packages/airflow/example_dags/example_skip_dag.py
[2024-05-28T18:09:12.817+0000] {processor.py:840} INFO - DAG(s) 'example_skip_dag' retrieved from /home/airflow/.local/lib/python3.12/site-packages/airflow/example_dags/example_skip_dag.py
[2024-05-28T18:09:12.866+0000] {logging_mixin.py:188} INFO - [2024-05-28T18:09:12.866+0000] {dag.py:3096} INFO - Sync 1 DAGs
[2024-05-28T18:09:12.920+0000] {logging_mixin.py:188} INFO - [2024-05-28T18:09:12.920+0000] {dag.py:3954} INFO - Setting next_dagrun for example_skip_dag to 2024-05-27 00:00:00+00:00, run_after=2024-05-28 00:00:00+00:00
[2024-05-28T18:09:12.985+0000] {processor.py:183} INFO - Processing /home/airflow/.local/lib/python3.12/site-packages/airflow/example_dags/example_skip_dag.py took 0.205 seconds
[2024-05-28T18:09:43.199+0000] {processor.py:161} INFO - Started process (PID=327) to work on /home/airflow/.local/lib/python3.12/site-packages/airflow/example_dags/example_skip_dag.py
[2024-05-28T18:09:43.202+0000] {processor.py:830} INFO - Processing file /home/airflow/.local/lib/python3.12/site-packages/airflow/example_dags/example_skip_dag.py for tasks to queue
[2024-05-28T18:09:43.210+0000] {logging_mixin.py:188} INFO - [2024-05-28T18:09:43.209+0000] {dagbag.py:545} INFO - Filling up the DagBag from /home/airflow/.local/lib/python3.12/site-packages/airflow/example_dags/example_skip_dag.py
[2024-05-28T18:09:43.235+0000] {processor.py:840} INFO - DAG(s) 'example_skip_dag' retrieved from /home/airflow/.local/lib/python3.12/site-packages/airflow/example_dags/example_skip_dag.py
[2024-05-28T18:09:43.310+0000] {logging_mixin.py:188} INFO - [2024-05-28T18:09:43.309+0000] {dag.py:3096} INFO - Sync 1 DAGs
[2024-05-28T18:09:43.442+0000] {logging_mixin.py:188} INFO - [2024-05-28T18:09:43.441+0000] {dag.py:3954} INFO - Setting next_dagrun for example_skip_dag to 2024-05-27 00:00:00+00:00, run_after=2024-05-28 00:00:00+00:00
[2024-05-28T18:09:43.552+0000] {processor.py:183} INFO - Processing /home/airflow/.local/lib/python3.12/site-packages/airflow/example_dags/example_skip_dag.py took 0.367 seconds
[2024-05-28T18:10:14.354+0000] {processor.py:161} INFO - Started process (PID=385) to work on /home/airflow/.local/lib/python3.12/site-packages/airflow/example_dags/example_skip_dag.py
[2024-05-28T18:10:14.361+0000] {processor.py:830} INFO - Processing file /home/airflow/.local/lib/python3.12/site-packages/airflow/example_dags/example_skip_dag.py for tasks to queue
[2024-05-28T18:10:14.370+0000] {logging_mixin.py:188} INFO - [2024-05-28T18:10:14.368+0000] {dagbag.py:545} INFO - Filling up the DagBag from /home/airflow/.local/lib/python3.12/site-packages/airflow/example_dags/example_skip_dag.py
[2024-05-28T18:10:14.400+0000] {processor.py:840} INFO - DAG(s) 'example_skip_dag' retrieved from /home/airflow/.local/lib/python3.12/site-packages/airflow/example_dags/example_skip_dag.py
[2024-05-28T18:10:14.499+0000] {logging_mixin.py:188} INFO - [2024-05-28T18:10:14.498+0000] {dag.py:3096} INFO - Sync 1 DAGs
[2024-05-28T18:10:14.587+0000] {logging_mixin.py:188} INFO - [2024-05-28T18:10:14.586+0000] {dag.py:3954} INFO - Setting next_dagrun for example_skip_dag to 2024-05-27 00:00:00+00:00, run_after=2024-05-28 00:00:00+00:00
[2024-05-28T18:10:14.695+0000] {processor.py:183} INFO - Processing /home/airflow/.local/lib/python3.12/site-packages/airflow/example_dags/example_skip_dag.py took 0.427 seconds
[2024-05-28T18:10:44.833+0000] {processor.py:161} INFO - Started process (PID=443) to work on /home/airflow/.local/lib/python3.12/site-packages/airflow/example_dags/example_skip_dag.py
[2024-05-28T18:10:44.837+0000] {processor.py:830} INFO - Processing file /home/airflow/.local/lib/python3.12/site-packages/airflow/example_dags/example_skip_dag.py for tasks to queue
[2024-05-28T18:10:44.842+0000] {logging_mixin.py:188} INFO - [2024-05-28T18:10:44.841+0000] {dagbag.py:545} INFO - Filling up the DagBag from /home/airflow/.local/lib/python3.12/site-packages/airflow/example_dags/example_skip_dag.py
[2024-05-28T18:10:44.858+0000] {processor.py:840} INFO - DAG(s) 'example_skip_dag' retrieved from /home/airflow/.local/lib/python3.12/site-packages/airflow/example_dags/example_skip_dag.py
[2024-05-28T18:10:44.956+0000] {logging_mixin.py:188} INFO - [2024-05-28T18:10:44.955+0000] {dag.py:3096} INFO - Sync 1 DAGs
[2024-05-28T18:10:45.017+0000] {logging_mixin.py:188} INFO - [2024-05-28T18:10:45.017+0000] {dag.py:3954} INFO - Setting next_dagrun for example_skip_dag to 2024-05-27 00:00:00+00:00, run_after=2024-05-28 00:00:00+00:00
[2024-05-28T18:10:45.063+0000] {processor.py:183} INFO - Processing /home/airflow/.local/lib/python3.12/site-packages/airflow/example_dags/example_skip_dag.py took 0.249 seconds
[2024-05-28T18:11:15.285+0000] {processor.py:161} INFO - Started process (PID=501) to work on /home/airflow/.local/lib/python3.12/site-packages/airflow/example_dags/example_skip_dag.py
[2024-05-28T18:11:15.287+0000] {processor.py:830} INFO - Processing file /home/airflow/.local/lib/python3.12/site-packages/airflow/example_dags/example_skip_dag.py for tasks to queue
[2024-05-28T18:11:15.292+0000] {logging_mixin.py:188} INFO - [2024-05-28T18:11:15.291+0000] {dagbag.py:545} INFO - Filling up the DagBag from /home/airflow/.local/lib/python3.12/site-packages/airflow/example_dags/example_skip_dag.py
[2024-05-28T18:11:15.312+0000] {processor.py:840} INFO - DAG(s) 'example_skip_dag' retrieved from /home/airflow/.local/lib/python3.12/site-packages/airflow/example_dags/example_skip_dag.py
[2024-05-28T18:11:15.372+0000] {logging_mixin.py:188} INFO - [2024-05-28T18:11:15.371+0000] {dag.py:3096} INFO - Sync 1 DAGs
[2024-05-28T18:11:15.447+0000] {logging_mixin.py:188} INFO - [2024-05-28T18:11:15.446+0000] {dag.py:3954} INFO - Setting next_dagrun for example_skip_dag to 2024-05-27 00:00:00+00:00, run_after=2024-05-28 00:00:00+00:00
[2024-05-28T18:11:15.516+0000] {processor.py:183} INFO - Processing /home/airflow/.local/lib/python3.12/site-packages/airflow/example_dags/example_skip_dag.py took 0.250 seconds
[2024-05-28T18:11:46.571+0000] {processor.py:161} INFO - Started process (PID=559) to work on /home/airflow/.local/lib/python3.12/site-packages/airflow/example_dags/example_skip_dag.py
[2024-05-28T18:11:46.577+0000] {processor.py:830} INFO - Processing file /home/airflow/.local/lib/python3.12/site-packages/airflow/example_dags/example_skip_dag.py for tasks to queue
[2024-05-28T18:11:46.609+0000] {logging_mixin.py:188} INFO - [2024-05-28T18:11:46.596+0000] {dagbag.py:545} INFO - Filling up the DagBag from /home/airflow/.local/lib/python3.12/site-packages/airflow/example_dags/example_skip_dag.py
[2024-05-28T18:11:46.644+0000] {processor.py:840} INFO - DAG(s) 'example_skip_dag' retrieved from /home/airflow/.local/lib/python3.12/site-packages/airflow/example_dags/example_skip_dag.py
[2024-05-28T18:11:46.772+0000] {logging_mixin.py:188} INFO - [2024-05-28T18:11:46.771+0000] {dag.py:3096} INFO - Sync 1 DAGs
[2024-05-28T18:11:46.875+0000] {logging_mixin.py:188} INFO - [2024-05-28T18:11:46.874+0000] {dag.py:3954} INFO - Setting next_dagrun for example_skip_dag to 2024-05-27 00:00:00+00:00, run_after=2024-05-28 00:00:00+00:00
[2024-05-28T18:11:47.001+0000] {processor.py:183} INFO - Processing /home/airflow/.local/lib/python3.12/site-packages/airflow/example_dags/example_skip_dag.py took 0.508 seconds
[2024-05-28T18:12:17.624+0000] {processor.py:161} INFO - Started process (PID=617) to work on /home/airflow/.local/lib/python3.12/site-packages/airflow/example_dags/example_skip_dag.py
[2024-05-28T18:12:17.629+0000] {processor.py:830} INFO - Processing file /home/airflow/.local/lib/python3.12/site-packages/airflow/example_dags/example_skip_dag.py for tasks to queue
[2024-05-28T18:12:17.645+0000] {logging_mixin.py:188} INFO - [2024-05-28T18:12:17.644+0000] {dagbag.py:545} INFO - Filling up the DagBag from /home/airflow/.local/lib/python3.12/site-packages/airflow/example_dags/example_skip_dag.py
[2024-05-28T18:12:17.669+0000] {processor.py:840} INFO - DAG(s) 'example_skip_dag' retrieved from /home/airflow/.local/lib/python3.12/site-packages/airflow/example_dags/example_skip_dag.py
[2024-05-28T18:12:17.739+0000] {logging_mixin.py:188} INFO - [2024-05-28T18:12:17.738+0000] {dag.py:3096} INFO - Sync 1 DAGs
[2024-05-28T18:12:17.809+0000] {logging_mixin.py:188} INFO - [2024-05-28T18:12:17.808+0000] {dag.py:3954} INFO - Setting next_dagrun for example_skip_dag to 2024-05-27 00:00:00+00:00, run_after=2024-05-28 00:00:00+00:00
[2024-05-28T18:12:17.873+0000] {processor.py:183} INFO - Processing /home/airflow/.local/lib/python3.12/site-packages/airflow/example_dags/example_skip_dag.py took 0.278 seconds
[2024-05-28T18:12:48.633+0000] {processor.py:161} INFO - Started process (PID=675) to work on /home/airflow/.local/lib/python3.12/site-packages/airflow/example_dags/example_skip_dag.py
[2024-05-28T18:12:48.636+0000] {processor.py:830} INFO - Processing file /home/airflow/.local/lib/python3.12/site-packages/airflow/example_dags/example_skip_dag.py for tasks to queue
[2024-05-28T18:12:48.642+0000] {logging_mixin.py:188} INFO - [2024-05-28T18:12:48.641+0000] {dagbag.py:545} INFO - Filling up the DagBag from /home/airflow/.local/lib/python3.12/site-packages/airflow/example_dags/example_skip_dag.py
[2024-05-28T18:12:48.676+0000] {processor.py:840} INFO - DAG(s) 'example_skip_dag' retrieved from /home/airflow/.local/lib/python3.12/site-packages/airflow/example_dags/example_skip_dag.py
[2024-05-28T18:12:48.756+0000] {logging_mixin.py:188} INFO - [2024-05-28T18:12:48.755+0000] {dag.py:3096} INFO - Sync 1 DAGs
[2024-05-28T18:12:48.826+0000] {logging_mixin.py:188} INFO - [2024-05-28T18:12:48.825+0000] {dag.py:3954} INFO - Setting next_dagrun for example_skip_dag to 2024-05-27 00:00:00+00:00, run_after=2024-05-28 00:00:00+00:00
[2024-05-28T18:12:48.890+0000] {processor.py:183} INFO - Processing /home/airflow/.local/lib/python3.12/site-packages/airflow/example_dags/example_skip_dag.py took 0.279 seconds
[2024-05-28T18:13:20.358+0000] {processor.py:161} INFO - Started process (PID=737) to work on /home/airflow/.local/lib/python3.12/site-packages/airflow/example_dags/example_skip_dag.py
[2024-05-28T18:13:20.375+0000] {processor.py:830} INFO - Processing file /home/airflow/.local/lib/python3.12/site-packages/airflow/example_dags/example_skip_dag.py for tasks to queue
[2024-05-28T18:13:20.386+0000] {logging_mixin.py:188} INFO - [2024-05-28T18:13:20.383+0000] {dagbag.py:545} INFO - Filling up the DagBag from /home/airflow/.local/lib/python3.12/site-packages/airflow/example_dags/example_skip_dag.py
[2024-05-28T18:13:20.493+0000] {processor.py:840} INFO - DAG(s) 'example_skip_dag' retrieved from /home/airflow/.local/lib/python3.12/site-packages/airflow/example_dags/example_skip_dag.py
[2024-05-28T18:13:20.678+0000] {logging_mixin.py:188} INFO - [2024-05-28T18:13:20.677+0000] {dag.py:3096} INFO - Sync 1 DAGs
[2024-05-28T18:13:20.877+0000] {logging_mixin.py:188} INFO - [2024-05-28T18:13:20.876+0000] {dag.py:3954} INFO - Setting next_dagrun for example_skip_dag to 2024-05-27 00:00:00+00:00, run_after=2024-05-28 00:00:00+00:00
[2024-05-28T18:13:20.977+0000] {processor.py:183} INFO - Processing /home/airflow/.local/lib/python3.12/site-packages/airflow/example_dags/example_skip_dag.py took 0.664 seconds
[2024-05-28T18:13:53.663+0000] {processor.py:161} INFO - Started process (PID=799) to work on /home/airflow/.local/lib/python3.12/site-packages/airflow/example_dags/example_skip_dag.py
[2024-05-28T18:13:53.671+0000] {processor.py:830} INFO - Processing file /home/airflow/.local/lib/python3.12/site-packages/airflow/example_dags/example_skip_dag.py for tasks to queue
[2024-05-28T18:13:53.677+0000] {logging_mixin.py:188} INFO - [2024-05-28T18:13:53.676+0000] {dagbag.py:545} INFO - Filling up the DagBag from /home/airflow/.local/lib/python3.12/site-packages/airflow/example_dags/example_skip_dag.py
[2024-05-28T18:13:53.700+0000] {processor.py:840} INFO - DAG(s) 'example_skip_dag' retrieved from /home/airflow/.local/lib/python3.12/site-packages/airflow/example_dags/example_skip_dag.py
[2024-05-28T18:13:53.755+0000] {logging_mixin.py:188} INFO - [2024-05-28T18:13:53.754+0000] {dag.py:3096} INFO - Sync 1 DAGs
[2024-05-28T18:13:53.825+0000] {logging_mixin.py:188} INFO - [2024-05-28T18:13:53.824+0000] {dag.py:3954} INFO - Setting next_dagrun for example_skip_dag to 2024-05-27 00:00:00+00:00, run_after=2024-05-28 00:00:00+00:00
[2024-05-28T18:13:53.883+0000] {processor.py:183} INFO - Processing /home/airflow/.local/lib/python3.12/site-packages/airflow/example_dags/example_skip_dag.py took 0.237 seconds
[2024-05-28T18:14:26.357+0000] {processor.py:161} INFO - Started process (PID=857) to work on /home/airflow/.local/lib/python3.12/site-packages/airflow/example_dags/example_skip_dag.py
[2024-05-28T18:14:26.362+0000] {processor.py:830} INFO - Processing file /home/airflow/.local/lib/python3.12/site-packages/airflow/example_dags/example_skip_dag.py for tasks to queue
[2024-05-28T18:14:26.382+0000] {logging_mixin.py:188} INFO - [2024-05-28T18:14:26.379+0000] {dagbag.py:545} INFO - Filling up the DagBag from /home/airflow/.local/lib/python3.12/site-packages/airflow/example_dags/example_skip_dag.py
[2024-05-28T18:14:26.441+0000] {processor.py:840} INFO - DAG(s) 'example_skip_dag' retrieved from /home/airflow/.local/lib/python3.12/site-packages/airflow/example_dags/example_skip_dag.py
[2024-05-28T18:14:26.573+0000] {logging_mixin.py:188} INFO - [2024-05-28T18:14:26.572+0000] {dag.py:3096} INFO - Sync 1 DAGs
[2024-05-28T18:14:26.740+0000] {logging_mixin.py:188} INFO - [2024-05-28T18:14:26.739+0000] {dag.py:3954} INFO - Setting next_dagrun for example_skip_dag to 2024-05-27 00:00:00+00:00, run_after=2024-05-28 00:00:00+00:00
[2024-05-28T18:14:26.911+0000] {processor.py:183} INFO - Processing /home/airflow/.local/lib/python3.12/site-packages/airflow/example_dags/example_skip_dag.py took 0.594 seconds
[2024-05-28T18:14:57.277+0000] {processor.py:161} INFO - Started process (PID=913) to work on /home/airflow/.local/lib/python3.12/site-packages/airflow/example_dags/example_skip_dag.py
[2024-05-28T18:14:57.280+0000] {processor.py:830} INFO - Processing file /home/airflow/.local/lib/python3.12/site-packages/airflow/example_dags/example_skip_dag.py for tasks to queue
[2024-05-28T18:14:57.285+0000] {logging_mixin.py:188} INFO - [2024-05-28T18:14:57.284+0000] {dagbag.py:545} INFO - Filling up the DagBag from /home/airflow/.local/lib/python3.12/site-packages/airflow/example_dags/example_skip_dag.py
[2024-05-28T18:14:57.331+0000] {processor.py:840} INFO - DAG(s) 'example_skip_dag' retrieved from /home/airflow/.local/lib/python3.12/site-packages/airflow/example_dags/example_skip_dag.py
[2024-05-28T18:14:57.504+0000] {logging_mixin.py:188} INFO - [2024-05-28T18:14:57.503+0000] {dag.py:3096} INFO - Sync 1 DAGs
[2024-05-28T18:14:57.711+0000] {logging_mixin.py:188} INFO - [2024-05-28T18:14:57.711+0000] {dag.py:3954} INFO - Setting next_dagrun for example_skip_dag to 2024-05-27 00:00:00+00:00, run_after=2024-05-28 00:00:00+00:00
[2024-05-28T18:14:57.909+0000] {processor.py:183} INFO - Processing /home/airflow/.local/lib/python3.12/site-packages/airflow/example_dags/example_skip_dag.py took 0.652 seconds
[2024-05-28T18:15:31.330+0000] {processor.py:161} INFO - Started process (PID=971) to work on /home/airflow/.local/lib/python3.12/site-packages/airflow/example_dags/example_skip_dag.py
[2024-05-28T18:15:31.342+0000] {processor.py:830} INFO - Processing file /home/airflow/.local/lib/python3.12/site-packages/airflow/example_dags/example_skip_dag.py for tasks to queue
[2024-05-28T18:15:31.372+0000] {logging_mixin.py:188} INFO - [2024-05-28T18:15:31.362+0000] {dagbag.py:545} INFO - Filling up the DagBag from /home/airflow/.local/lib/python3.12/site-packages/airflow/example_dags/example_skip_dag.py
[2024-05-28T18:15:31.447+0000] {processor.py:840} INFO - DAG(s) 'example_skip_dag' retrieved from /home/airflow/.local/lib/python3.12/site-packages/airflow/example_dags/example_skip_dag.py
[2024-05-28T18:15:31.640+0000] {logging_mixin.py:188} INFO - [2024-05-28T18:15:31.633+0000] {dag.py:3096} INFO - Sync 1 DAGs
[2024-05-28T18:15:31.858+0000] {logging_mixin.py:188} INFO - [2024-05-28T18:15:31.857+0000] {dag.py:3954} INFO - Setting next_dagrun for example_skip_dag to 2024-05-27 00:00:00+00:00, run_after=2024-05-28 00:00:00+00:00
[2024-05-28T18:15:32.040+0000] {processor.py:183} INFO - Processing /home/airflow/.local/lib/python3.12/site-packages/airflow/example_dags/example_skip_dag.py took 0.751 seconds
[2024-05-28T18:16:04.376+0000] {processor.py:161} INFO - Started process (PID=1028) to work on /home/airflow/.local/lib/python3.12/site-packages/airflow/example_dags/example_skip_dag.py
[2024-05-28T18:16:04.388+0000] {processor.py:830} INFO - Processing file /home/airflow/.local/lib/python3.12/site-packages/airflow/example_dags/example_skip_dag.py for tasks to queue
[2024-05-28T18:16:04.412+0000] {logging_mixin.py:188} INFO - [2024-05-28T18:16:04.410+0000] {dagbag.py:545} INFO - Filling up the DagBag from /home/airflow/.local/lib/python3.12/site-packages/airflow/example_dags/example_skip_dag.py
[2024-05-28T18:16:04.474+0000] {processor.py:840} INFO - DAG(s) 'example_skip_dag' retrieved from /home/airflow/.local/lib/python3.12/site-packages/airflow/example_dags/example_skip_dag.py
[2024-05-28T18:16:04.675+0000] {logging_mixin.py:188} INFO - [2024-05-28T18:16:04.674+0000] {dag.py:3096} INFO - Sync 1 DAGs
[2024-05-28T18:16:04.966+0000] {logging_mixin.py:188} INFO - [2024-05-28T18:16:04.965+0000] {dag.py:3954} INFO - Setting next_dagrun for example_skip_dag to 2024-05-27 00:00:00+00:00, run_after=2024-05-28 00:00:00+00:00
[2024-05-28T18:16:05.182+0000] {processor.py:183} INFO - Processing /home/airflow/.local/lib/python3.12/site-packages/airflow/example_dags/example_skip_dag.py took 0.842 seconds
[2024-05-28T18:16:36.071+0000] {processor.py:161} INFO - Started process (PID=1087) to work on /home/airflow/.local/lib/python3.12/site-packages/airflow/example_dags/example_skip_dag.py
[2024-05-28T18:16:36.076+0000] {processor.py:830} INFO - Processing file /home/airflow/.local/lib/python3.12/site-packages/airflow/example_dags/example_skip_dag.py for tasks to queue
[2024-05-28T18:16:36.095+0000] {logging_mixin.py:188} INFO - [2024-05-28T18:16:36.094+0000] {dagbag.py:545} INFO - Filling up the DagBag from /home/airflow/.local/lib/python3.12/site-packages/airflow/example_dags/example_skip_dag.py
[2024-05-28T18:16:36.151+0000] {processor.py:840} INFO - DAG(s) 'example_skip_dag' retrieved from /home/airflow/.local/lib/python3.12/site-packages/airflow/example_dags/example_skip_dag.py
[2024-05-28T18:16:36.319+0000] {logging_mixin.py:188} INFO - [2024-05-28T18:16:36.317+0000] {dag.py:3096} INFO - Sync 1 DAGs
[2024-05-28T18:16:36.492+0000] {logging_mixin.py:188} INFO - [2024-05-28T18:16:36.491+0000] {dag.py:3954} INFO - Setting next_dagrun for example_skip_dag to 2024-05-27 00:00:00+00:00, run_after=2024-05-28 00:00:00+00:00
[2024-05-28T18:16:36.593+0000] {processor.py:183} INFO - Processing /home/airflow/.local/lib/python3.12/site-packages/airflow/example_dags/example_skip_dag.py took 0.558 seconds
[2024-05-28T18:17:09.645+0000] {processor.py:161} INFO - Started process (PID=1145) to work on /home/airflow/.local/lib/python3.12/site-packages/airflow/example_dags/example_skip_dag.py
[2024-05-28T18:17:09.647+0000] {processor.py:830} INFO - Processing file /home/airflow/.local/lib/python3.12/site-packages/airflow/example_dags/example_skip_dag.py for tasks to queue
[2024-05-28T18:17:09.650+0000] {logging_mixin.py:188} INFO - [2024-05-28T18:17:09.650+0000] {dagbag.py:545} INFO - Filling up the DagBag from /home/airflow/.local/lib/python3.12/site-packages/airflow/example_dags/example_skip_dag.py
[2024-05-28T18:17:09.663+0000] {processor.py:840} INFO - DAG(s) 'example_skip_dag' retrieved from /home/airflow/.local/lib/python3.12/site-packages/airflow/example_dags/example_skip_dag.py
[2024-05-28T18:17:09.743+0000] {logging_mixin.py:188} INFO - [2024-05-28T18:17:09.742+0000] {dag.py:3096} INFO - Sync 1 DAGs
[2024-05-28T18:17:09.805+0000] {logging_mixin.py:188} INFO - [2024-05-28T18:17:09.805+0000] {dag.py:3954} INFO - Setting next_dagrun for example_skip_dag to 2024-05-27 00:00:00+00:00, run_after=2024-05-28 00:00:00+00:00
[2024-05-28T18:17:09.844+0000] {processor.py:183} INFO - Processing /home/airflow/.local/lib/python3.12/site-packages/airflow/example_dags/example_skip_dag.py took 0.211 seconds
[2024-05-28T18:17:40.918+0000] {processor.py:161} INFO - Started process (PID=1203) to work on /home/airflow/.local/lib/python3.12/site-packages/airflow/example_dags/example_skip_dag.py
[2024-05-28T18:17:40.920+0000] {processor.py:830} INFO - Processing file /home/airflow/.local/lib/python3.12/site-packages/airflow/example_dags/example_skip_dag.py for tasks to queue
[2024-05-28T18:17:40.923+0000] {logging_mixin.py:188} INFO - [2024-05-28T18:17:40.923+0000] {dagbag.py:545} INFO - Filling up the DagBag from /home/airflow/.local/lib/python3.12/site-packages/airflow/example_dags/example_skip_dag.py
[2024-05-28T18:17:40.938+0000] {processor.py:840} INFO - DAG(s) 'example_skip_dag' retrieved from /home/airflow/.local/lib/python3.12/site-packages/airflow/example_dags/example_skip_dag.py
[2024-05-28T18:17:40.986+0000] {logging_mixin.py:188} INFO - [2024-05-28T18:17:40.985+0000] {dag.py:3096} INFO - Sync 1 DAGs
[2024-05-28T18:17:41.042+0000] {logging_mixin.py:188} INFO - [2024-05-28T18:17:41.041+0000] {dag.py:3954} INFO - Setting next_dagrun for example_skip_dag to 2024-05-27 00:00:00+00:00, run_after=2024-05-28 00:00:00+00:00
[2024-05-28T18:17:41.088+0000] {processor.py:183} INFO - Processing /home/airflow/.local/lib/python3.12/site-packages/airflow/example_dags/example_skip_dag.py took 0.187 seconds
[2024-05-28T18:18:11.278+0000] {processor.py:161} INFO - Started process (PID=1260) to work on /home/airflow/.local/lib/python3.12/site-packages/airflow/example_dags/example_skip_dag.py
[2024-05-28T18:18:11.284+0000] {processor.py:830} INFO - Processing file /home/airflow/.local/lib/python3.12/site-packages/airflow/example_dags/example_skip_dag.py for tasks to queue
[2024-05-28T18:18:11.290+0000] {logging_mixin.py:188} INFO - [2024-05-28T18:18:11.289+0000] {dagbag.py:545} INFO - Filling up the DagBag from /home/airflow/.local/lib/python3.12/site-packages/airflow/example_dags/example_skip_dag.py
[2024-05-28T18:18:11.324+0000] {processor.py:840} INFO - DAG(s) 'example_skip_dag' retrieved from /home/airflow/.local/lib/python3.12/site-packages/airflow/example_dags/example_skip_dag.py
[2024-05-28T18:18:11.379+0000] {logging_mixin.py:188} INFO - [2024-05-28T18:18:11.379+0000] {dag.py:3096} INFO - Sync 1 DAGs
[2024-05-28T18:18:11.453+0000] {logging_mixin.py:188} INFO - [2024-05-28T18:18:11.452+0000] {dag.py:3954} INFO - Setting next_dagrun for example_skip_dag to 2024-05-27 00:00:00+00:00, run_after=2024-05-28 00:00:00+00:00
[2024-05-28T18:18:11.506+0000] {processor.py:183} INFO - Processing /home/airflow/.local/lib/python3.12/site-packages/airflow/example_dags/example_skip_dag.py took 0.251 seconds
[2024-05-28T18:18:42.050+0000] {processor.py:161} INFO - Started process (PID=1319) to work on /home/airflow/.local/lib/python3.12/site-packages/airflow/example_dags/example_skip_dag.py
[2024-05-28T18:18:42.052+0000] {processor.py:830} INFO - Processing file /home/airflow/.local/lib/python3.12/site-packages/airflow/example_dags/example_skip_dag.py for tasks to queue
[2024-05-28T18:18:42.057+0000] {logging_mixin.py:188} INFO - [2024-05-28T18:18:42.056+0000] {dagbag.py:545} INFO - Filling up the DagBag from /home/airflow/.local/lib/python3.12/site-packages/airflow/example_dags/example_skip_dag.py
[2024-05-28T18:18:42.072+0000] {processor.py:840} INFO - DAG(s) 'example_skip_dag' retrieved from /home/airflow/.local/lib/python3.12/site-packages/airflow/example_dags/example_skip_dag.py
[2024-05-28T18:18:42.123+0000] {logging_mixin.py:188} INFO - [2024-05-28T18:18:42.123+0000] {dag.py:3096} INFO - Sync 1 DAGs
[2024-05-28T18:18:42.189+0000] {logging_mixin.py:188} INFO - [2024-05-28T18:18:42.188+0000] {dag.py:3954} INFO - Setting next_dagrun for example_skip_dag to 2024-05-27 00:00:00+00:00, run_after=2024-05-28 00:00:00+00:00
[2024-05-28T18:18:42.245+0000] {processor.py:183} INFO - Processing /home/airflow/.local/lib/python3.12/site-packages/airflow/example_dags/example_skip_dag.py took 0.210 seconds
[2024-05-28T18:19:13.169+0000] {processor.py:161} INFO - Started process (PID=1376) to work on /home/airflow/.local/lib/python3.12/site-packages/airflow/example_dags/example_skip_dag.py
[2024-05-28T18:19:13.178+0000] {processor.py:830} INFO - Processing file /home/airflow/.local/lib/python3.12/site-packages/airflow/example_dags/example_skip_dag.py for tasks to queue
[2024-05-28T18:19:13.185+0000] {logging_mixin.py:188} INFO - [2024-05-28T18:19:13.184+0000] {dagbag.py:545} INFO - Filling up the DagBag from /home/airflow/.local/lib/python3.12/site-packages/airflow/example_dags/example_skip_dag.py
[2024-05-28T18:19:13.257+0000] {processor.py:840} INFO - DAG(s) 'example_skip_dag' retrieved from /home/airflow/.local/lib/python3.12/site-packages/airflow/example_dags/example_skip_dag.py
[2024-05-28T18:19:13.500+0000] {logging_mixin.py:188} INFO - [2024-05-28T18:19:13.497+0000] {dag.py:3096} INFO - Sync 1 DAGs
[2024-05-28T18:19:13.623+0000] {logging_mixin.py:188} INFO - [2024-05-28T18:19:13.622+0000] {dag.py:3954} INFO - Setting next_dagrun for example_skip_dag to 2024-05-27 00:00:00+00:00, run_after=2024-05-28 00:00:00+00:00
[2024-05-28T18:19:13.795+0000] {processor.py:183} INFO - Processing /home/airflow/.local/lib/python3.12/site-packages/airflow/example_dags/example_skip_dag.py took 0.654 seconds
[2024-05-28T18:19:45.176+0000] {processor.py:161} INFO - Started process (PID=1434) to work on /home/airflow/.local/lib/python3.12/site-packages/airflow/example_dags/example_skip_dag.py
[2024-05-28T18:19:45.184+0000] {processor.py:830} INFO - Processing file /home/airflow/.local/lib/python3.12/site-packages/airflow/example_dags/example_skip_dag.py for tasks to queue
[2024-05-28T18:19:45.191+0000] {logging_mixin.py:188} INFO - [2024-05-28T18:19:45.190+0000] {dagbag.py:545} INFO - Filling up the DagBag from /home/airflow/.local/lib/python3.12/site-packages/airflow/example_dags/example_skip_dag.py
[2024-05-28T18:19:45.211+0000] {processor.py:840} INFO - DAG(s) 'example_skip_dag' retrieved from /home/airflow/.local/lib/python3.12/site-packages/airflow/example_dags/example_skip_dag.py
[2024-05-28T18:19:45.281+0000] {logging_mixin.py:188} INFO - [2024-05-28T18:19:45.280+0000] {dag.py:3096} INFO - Sync 1 DAGs
[2024-05-28T18:19:45.354+0000] {logging_mixin.py:188} INFO - [2024-05-28T18:19:45.353+0000] {dag.py:3954} INFO - Setting next_dagrun for example_skip_dag to 2024-05-27 00:00:00+00:00, run_after=2024-05-28 00:00:00+00:00
[2024-05-28T18:19:45.458+0000] {processor.py:183} INFO - Processing /home/airflow/.local/lib/python3.12/site-packages/airflow/example_dags/example_skip_dag.py took 0.306 seconds
[2024-05-28T18:20:16.565+0000] {processor.py:161} INFO - Started process (PID=1492) to work on /home/airflow/.local/lib/python3.12/site-packages/airflow/example_dags/example_skip_dag.py
[2024-05-28T18:20:16.568+0000] {processor.py:830} INFO - Processing file /home/airflow/.local/lib/python3.12/site-packages/airflow/example_dags/example_skip_dag.py for tasks to queue
[2024-05-28T18:20:16.574+0000] {logging_mixin.py:188} INFO - [2024-05-28T18:20:16.572+0000] {dagbag.py:545} INFO - Filling up the DagBag from /home/airflow/.local/lib/python3.12/site-packages/airflow/example_dags/example_skip_dag.py
[2024-05-28T18:20:16.604+0000] {processor.py:840} INFO - DAG(s) 'example_skip_dag' retrieved from /home/airflow/.local/lib/python3.12/site-packages/airflow/example_dags/example_skip_dag.py
[2024-05-28T18:20:16.663+0000] {logging_mixin.py:188} INFO - [2024-05-28T18:20:16.663+0000] {dag.py:3096} INFO - Sync 1 DAGs
[2024-05-28T18:20:16.714+0000] {logging_mixin.py:188} INFO - [2024-05-28T18:20:16.713+0000] {dag.py:3954} INFO - Setting next_dagrun for example_skip_dag to 2024-05-27 00:00:00+00:00, run_after=2024-05-28 00:00:00+00:00
[2024-05-28T18:20:16.767+0000] {processor.py:183} INFO - Processing /home/airflow/.local/lib/python3.12/site-packages/airflow/example_dags/example_skip_dag.py took 0.220 seconds
[2024-05-28T18:20:55.550+0000] {processor.py:161} INFO - Started process (PID=1560) to work on /home/airflow/.local/lib/python3.12/site-packages/airflow/example_dags/example_skip_dag.py
[2024-05-28T18:20:55.552+0000] {processor.py:830} INFO - Processing file /home/airflow/.local/lib/python3.12/site-packages/airflow/example_dags/example_skip_dag.py for tasks to queue
[2024-05-28T18:20:55.562+0000] {logging_mixin.py:188} INFO - [2024-05-28T18:20:55.559+0000] {dagbag.py:545} INFO - Filling up the DagBag from /home/airflow/.local/lib/python3.12/site-packages/airflow/example_dags/example_skip_dag.py
[2024-05-28T18:20:55.589+0000] {processor.py:840} INFO - DAG(s) 'example_skip_dag' retrieved from /home/airflow/.local/lib/python3.12/site-packages/airflow/example_dags/example_skip_dag.py
[2024-05-28T18:20:55.646+0000] {logging_mixin.py:188} INFO - [2024-05-28T18:20:55.645+0000] {dag.py:3096} INFO - Sync 1 DAGs
[2024-05-28T18:20:55.699+0000] {logging_mixin.py:188} INFO - [2024-05-28T18:20:55.698+0000] {dag.py:3954} INFO - Setting next_dagrun for example_skip_dag to 2024-05-27 00:00:00+00:00, run_after=2024-05-28 00:00:00+00:00
[2024-05-28T18:20:55.746+0000] {processor.py:183} INFO - Processing /home/airflow/.local/lib/python3.12/site-packages/airflow/example_dags/example_skip_dag.py took 0.215 seconds
[2024-05-28T18:21:29.766+0000] {processor.py:161} INFO - Started process (PID=1618) to work on /home/airflow/.local/lib/python3.12/site-packages/airflow/example_dags/example_skip_dag.py
[2024-05-28T18:21:29.780+0000] {processor.py:830} INFO - Processing file /home/airflow/.local/lib/python3.12/site-packages/airflow/example_dags/example_skip_dag.py for tasks to queue
[2024-05-28T18:21:29.794+0000] {logging_mixin.py:188} INFO - [2024-05-28T18:21:29.789+0000] {dagbag.py:545} INFO - Filling up the DagBag from /home/airflow/.local/lib/python3.12/site-packages/airflow/example_dags/example_skip_dag.py
[2024-05-28T18:21:29.846+0000] {processor.py:840} INFO - DAG(s) 'example_skip_dag' retrieved from /home/airflow/.local/lib/python3.12/site-packages/airflow/example_dags/example_skip_dag.py
[2024-05-28T18:21:30.033+0000] {logging_mixin.py:188} INFO - [2024-05-28T18:21:30.032+0000] {dag.py:3096} INFO - Sync 1 DAGs
[2024-05-28T18:21:30.219+0000] {logging_mixin.py:188} INFO - [2024-05-28T18:21:30.218+0000] {dag.py:3954} INFO - Setting next_dagrun for example_skip_dag to 2024-05-27 00:00:00+00:00, run_after=2024-05-28 00:00:00+00:00
[2024-05-28T18:21:30.354+0000] {processor.py:183} INFO - Processing /home/airflow/.local/lib/python3.12/site-packages/airflow/example_dags/example_skip_dag.py took 0.622 seconds
