[2024-05-28T18:07:40.343+0000] {processor.py:161} INFO - Started process (PID=99) to work on /home/airflow/.local/lib/python3.12/site-packages/airflow/example_dags/example_nested_branch_dag.py
[2024-05-28T18:07:40.347+0000] {processor.py:830} INFO - Processing file /home/airflow/.local/lib/python3.12/site-packages/airflow/example_dags/example_nested_branch_dag.py for tasks to queue
[2024-05-28T18:07:40.353+0000] {logging_mixin.py:188} INFO - [2024-05-28T18:07:40.352+0000] {dagbag.py:545} INFO - Filling up the DagBag from /home/airflow/.local/lib/python3.12/site-packages/airflow/example_dags/example_nested_branch_dag.py
[2024-05-28T18:07:40.386+0000] {processor.py:840} INFO - DAG(s) 'example_nested_branch_dag' retrieved from /home/airflow/.local/lib/python3.12/site-packages/airflow/example_dags/example_nested_branch_dag.py
[2024-05-28T18:07:41.025+0000] {logging_mixin.py:188} INFO - [2024-05-28T18:07:41.023+0000] {dag.py:3096} INFO - Sync 1 DAGs
[2024-05-28T18:07:41.170+0000] {logging_mixin.py:188} INFO - [2024-05-28T18:07:41.170+0000] {dag.py:3954} INFO - Setting next_dagrun for example_nested_branch_dag to 2024-05-27 00:00:00+00:00, run_after=2024-05-28 00:00:00+00:00
[2024-05-28T18:07:41.250+0000] {processor.py:183} INFO - Processing /home/airflow/.local/lib/python3.12/site-packages/airflow/example_dags/example_nested_branch_dag.py took 0.938 seconds
[2024-05-28T18:08:13.111+0000] {processor.py:161} INFO - Started process (PID=157) to work on /home/airflow/.local/lib/python3.12/site-packages/airflow/example_dags/example_nested_branch_dag.py
[2024-05-28T18:08:13.115+0000] {processor.py:830} INFO - Processing file /home/airflow/.local/lib/python3.12/site-packages/airflow/example_dags/example_nested_branch_dag.py for tasks to queue
[2024-05-28T18:08:13.134+0000] {logging_mixin.py:188} INFO - [2024-05-28T18:08:13.133+0000] {dagbag.py:545} INFO - Filling up the DagBag from /home/airflow/.local/lib/python3.12/site-packages/airflow/example_dags/example_nested_branch_dag.py
[2024-05-28T18:08:13.220+0000] {processor.py:840} INFO - DAG(s) 'example_nested_branch_dag' retrieved from /home/airflow/.local/lib/python3.12/site-packages/airflow/example_dags/example_nested_branch_dag.py
[2024-05-28T18:08:13.454+0000] {logging_mixin.py:188} INFO - [2024-05-28T18:08:13.452+0000] {dag.py:3096} INFO - Sync 1 DAGs
[2024-05-28T18:08:13.644+0000] {logging_mixin.py:188} INFO - [2024-05-28T18:08:13.643+0000] {dag.py:3954} INFO - Setting next_dagrun for example_nested_branch_dag to 2024-05-27 00:00:00+00:00, run_after=2024-05-28 00:00:00+00:00
[2024-05-28T18:08:13.878+0000] {processor.py:183} INFO - Processing /home/airflow/.local/lib/python3.12/site-packages/airflow/example_dags/example_nested_branch_dag.py took 0.805 seconds
[2024-05-28T18:08:44.803+0000] {processor.py:161} INFO - Started process (PID=215) to work on /home/airflow/.local/lib/python3.12/site-packages/airflow/example_dags/example_nested_branch_dag.py
[2024-05-28T18:08:44.806+0000] {processor.py:830} INFO - Processing file /home/airflow/.local/lib/python3.12/site-packages/airflow/example_dags/example_nested_branch_dag.py for tasks to queue
[2024-05-28T18:08:44.813+0000] {logging_mixin.py:188} INFO - [2024-05-28T18:08:44.810+0000] {dagbag.py:545} INFO - Filling up the DagBag from /home/airflow/.local/lib/python3.12/site-packages/airflow/example_dags/example_nested_branch_dag.py
[2024-05-28T18:08:44.862+0000] {processor.py:840} INFO - DAG(s) 'example_nested_branch_dag' retrieved from /home/airflow/.local/lib/python3.12/site-packages/airflow/example_dags/example_nested_branch_dag.py
[2024-05-28T18:08:44.988+0000] {logging_mixin.py:188} INFO - [2024-05-28T18:08:44.988+0000] {dag.py:3096} INFO - Sync 1 DAGs
[2024-05-28T18:08:45.091+0000] {logging_mixin.py:188} INFO - [2024-05-28T18:08:45.091+0000] {dag.py:3954} INFO - Setting next_dagrun for example_nested_branch_dag to 2024-05-27 00:00:00+00:00, run_after=2024-05-28 00:00:00+00:00
[2024-05-28T18:08:45.270+0000] {processor.py:183} INFO - Processing /home/airflow/.local/lib/python3.12/site-packages/airflow/example_dags/example_nested_branch_dag.py took 0.486 seconds
[2024-05-28T18:09:15.661+0000] {processor.py:161} INFO - Started process (PID=273) to work on /home/airflow/.local/lib/python3.12/site-packages/airflow/example_dags/example_nested_branch_dag.py
[2024-05-28T18:09:15.665+0000] {processor.py:830} INFO - Processing file /home/airflow/.local/lib/python3.12/site-packages/airflow/example_dags/example_nested_branch_dag.py for tasks to queue
[2024-05-28T18:09:15.672+0000] {logging_mixin.py:188} INFO - [2024-05-28T18:09:15.671+0000] {dagbag.py:545} INFO - Filling up the DagBag from /home/airflow/.local/lib/python3.12/site-packages/airflow/example_dags/example_nested_branch_dag.py
[2024-05-28T18:09:15.715+0000] {processor.py:840} INFO - DAG(s) 'example_nested_branch_dag' retrieved from /home/airflow/.local/lib/python3.12/site-packages/airflow/example_dags/example_nested_branch_dag.py
[2024-05-28T18:09:15.778+0000] {logging_mixin.py:188} INFO - [2024-05-28T18:09:15.777+0000] {dag.py:3096} INFO - Sync 1 DAGs
[2024-05-28T18:09:15.831+0000] {logging_mixin.py:188} INFO - [2024-05-28T18:09:15.830+0000] {dag.py:3954} INFO - Setting next_dagrun for example_nested_branch_dag to 2024-05-27 00:00:00+00:00, run_after=2024-05-28 00:00:00+00:00
[2024-05-28T18:09:15.872+0000] {processor.py:183} INFO - Processing /home/airflow/.local/lib/python3.12/site-packages/airflow/example_dags/example_nested_branch_dag.py took 0.229 seconds
[2024-05-28T18:09:46.398+0000] {processor.py:161} INFO - Started process (PID=331) to work on /home/airflow/.local/lib/python3.12/site-packages/airflow/example_dags/example_nested_branch_dag.py
[2024-05-28T18:09:46.433+0000] {processor.py:830} INFO - Processing file /home/airflow/.local/lib/python3.12/site-packages/airflow/example_dags/example_nested_branch_dag.py for tasks to queue
[2024-05-28T18:09:46.453+0000] {logging_mixin.py:188} INFO - [2024-05-28T18:09:46.444+0000] {dagbag.py:545} INFO - Filling up the DagBag from /home/airflow/.local/lib/python3.12/site-packages/airflow/example_dags/example_nested_branch_dag.py
[2024-05-28T18:09:46.567+0000] {processor.py:840} INFO - DAG(s) 'example_nested_branch_dag' retrieved from /home/airflow/.local/lib/python3.12/site-packages/airflow/example_dags/example_nested_branch_dag.py
[2024-05-28T18:09:46.723+0000] {logging_mixin.py:188} INFO - [2024-05-28T18:09:46.722+0000] {dag.py:3096} INFO - Sync 1 DAGs
[2024-05-28T18:09:46.922+0000] {logging_mixin.py:188} INFO - [2024-05-28T18:09:46.919+0000] {dag.py:3954} INFO - Setting next_dagrun for example_nested_branch_dag to 2024-05-27 00:00:00+00:00, run_after=2024-05-28 00:00:00+00:00
[2024-05-28T18:09:47.079+0000] {processor.py:183} INFO - Processing /home/airflow/.local/lib/python3.12/site-packages/airflow/example_dags/example_nested_branch_dag.py took 0.759 seconds
[2024-05-28T18:10:17.813+0000] {processor.py:161} INFO - Started process (PID=389) to work on /home/airflow/.local/lib/python3.12/site-packages/airflow/example_dags/example_nested_branch_dag.py
[2024-05-28T18:10:17.815+0000] {processor.py:830} INFO - Processing file /home/airflow/.local/lib/python3.12/site-packages/airflow/example_dags/example_nested_branch_dag.py for tasks to queue
[2024-05-28T18:10:17.820+0000] {logging_mixin.py:188} INFO - [2024-05-28T18:10:17.819+0000] {dagbag.py:545} INFO - Filling up the DagBag from /home/airflow/.local/lib/python3.12/site-packages/airflow/example_dags/example_nested_branch_dag.py
[2024-05-28T18:10:17.848+0000] {processor.py:840} INFO - DAG(s) 'example_nested_branch_dag' retrieved from /home/airflow/.local/lib/python3.12/site-packages/airflow/example_dags/example_nested_branch_dag.py
[2024-05-28T18:10:17.900+0000] {logging_mixin.py:188} INFO - [2024-05-28T18:10:17.899+0000] {dag.py:3096} INFO - Sync 1 DAGs
[2024-05-28T18:10:17.977+0000] {logging_mixin.py:188} INFO - [2024-05-28T18:10:17.976+0000] {dag.py:3954} INFO - Setting next_dagrun for example_nested_branch_dag to 2024-05-27 00:00:00+00:00, run_after=2024-05-28 00:00:00+00:00
[2024-05-28T18:10:18.029+0000] {processor.py:183} INFO - Processing /home/airflow/.local/lib/python3.12/site-packages/airflow/example_dags/example_nested_branch_dag.py took 0.231 seconds
[2024-05-28T18:10:48.615+0000] {processor.py:161} INFO - Started process (PID=447) to work on /home/airflow/.local/lib/python3.12/site-packages/airflow/example_dags/example_nested_branch_dag.py
[2024-05-28T18:10:48.619+0000] {processor.py:830} INFO - Processing file /home/airflow/.local/lib/python3.12/site-packages/airflow/example_dags/example_nested_branch_dag.py for tasks to queue
[2024-05-28T18:10:48.626+0000] {logging_mixin.py:188} INFO - [2024-05-28T18:10:48.625+0000] {dagbag.py:545} INFO - Filling up the DagBag from /home/airflow/.local/lib/python3.12/site-packages/airflow/example_dags/example_nested_branch_dag.py
[2024-05-28T18:10:48.688+0000] {processor.py:840} INFO - DAG(s) 'example_nested_branch_dag' retrieved from /home/airflow/.local/lib/python3.12/site-packages/airflow/example_dags/example_nested_branch_dag.py
[2024-05-28T18:10:48.744+0000] {logging_mixin.py:188} INFO - [2024-05-28T18:10:48.743+0000] {dag.py:3096} INFO - Sync 1 DAGs
[2024-05-28T18:10:48.808+0000] {logging_mixin.py:188} INFO - [2024-05-28T18:10:48.808+0000] {dag.py:3954} INFO - Setting next_dagrun for example_nested_branch_dag to 2024-05-27 00:00:00+00:00, run_after=2024-05-28 00:00:00+00:00
[2024-05-28T18:10:48.854+0000] {processor.py:183} INFO - Processing /home/airflow/.local/lib/python3.12/site-packages/airflow/example_dags/example_nested_branch_dag.py took 0.261 seconds
[2024-05-28T18:11:19.112+0000] {processor.py:161} INFO - Started process (PID=505) to work on /home/airflow/.local/lib/python3.12/site-packages/airflow/example_dags/example_nested_branch_dag.py
[2024-05-28T18:11:19.116+0000] {processor.py:830} INFO - Processing file /home/airflow/.local/lib/python3.12/site-packages/airflow/example_dags/example_nested_branch_dag.py for tasks to queue
[2024-05-28T18:11:19.121+0000] {logging_mixin.py:188} INFO - [2024-05-28T18:11:19.120+0000] {dagbag.py:545} INFO - Filling up the DagBag from /home/airflow/.local/lib/python3.12/site-packages/airflow/example_dags/example_nested_branch_dag.py
[2024-05-28T18:11:19.185+0000] {processor.py:840} INFO - DAG(s) 'example_nested_branch_dag' retrieved from /home/airflow/.local/lib/python3.12/site-packages/airflow/example_dags/example_nested_branch_dag.py
[2024-05-28T18:11:19.369+0000] {logging_mixin.py:188} INFO - [2024-05-28T18:11:19.368+0000] {dag.py:3096} INFO - Sync 1 DAGs
[2024-05-28T18:11:19.639+0000] {logging_mixin.py:188} INFO - [2024-05-28T18:11:19.635+0000] {dag.py:3954} INFO - Setting next_dagrun for example_nested_branch_dag to 2024-05-27 00:00:00+00:00, run_after=2024-05-28 00:00:00+00:00
[2024-05-28T18:11:19.889+0000] {processor.py:183} INFO - Processing /home/airflow/.local/lib/python3.12/site-packages/airflow/example_dags/example_nested_branch_dag.py took 0.801 seconds
[2024-05-28T18:11:50.354+0000] {processor.py:161} INFO - Started process (PID=570) to work on /home/airflow/.local/lib/python3.12/site-packages/airflow/example_dags/example_nested_branch_dag.py
[2024-05-28T18:11:50.356+0000] {processor.py:830} INFO - Processing file /home/airflow/.local/lib/python3.12/site-packages/airflow/example_dags/example_nested_branch_dag.py for tasks to queue
[2024-05-28T18:11:50.360+0000] {logging_mixin.py:188} INFO - [2024-05-28T18:11:50.360+0000] {dagbag.py:545} INFO - Filling up the DagBag from /home/airflow/.local/lib/python3.12/site-packages/airflow/example_dags/example_nested_branch_dag.py
[2024-05-28T18:11:50.386+0000] {processor.py:840} INFO - DAG(s) 'example_nested_branch_dag' retrieved from /home/airflow/.local/lib/python3.12/site-packages/airflow/example_dags/example_nested_branch_dag.py
[2024-05-28T18:11:50.452+0000] {logging_mixin.py:188} INFO - [2024-05-28T18:11:50.451+0000] {dag.py:3096} INFO - Sync 1 DAGs
[2024-05-28T18:11:50.559+0000] {logging_mixin.py:188} INFO - [2024-05-28T18:11:50.559+0000] {dag.py:3954} INFO - Setting next_dagrun for example_nested_branch_dag to 2024-05-27 00:00:00+00:00, run_after=2024-05-28 00:00:00+00:00
[2024-05-28T18:11:50.635+0000] {processor.py:183} INFO - Processing /home/airflow/.local/lib/python3.12/site-packages/airflow/example_dags/example_nested_branch_dag.py took 0.296 seconds
[2024-05-28T18:12:21.198+0000] {processor.py:161} INFO - Started process (PID=627) to work on /home/airflow/.local/lib/python3.12/site-packages/airflow/example_dags/example_nested_branch_dag.py
[2024-05-28T18:12:21.210+0000] {processor.py:830} INFO - Processing file /home/airflow/.local/lib/python3.12/site-packages/airflow/example_dags/example_nested_branch_dag.py for tasks to queue
[2024-05-28T18:12:21.215+0000] {logging_mixin.py:188} INFO - [2024-05-28T18:12:21.214+0000] {dagbag.py:545} INFO - Filling up the DagBag from /home/airflow/.local/lib/python3.12/site-packages/airflow/example_dags/example_nested_branch_dag.py
[2024-05-28T18:12:21.267+0000] {processor.py:840} INFO - DAG(s) 'example_nested_branch_dag' retrieved from /home/airflow/.local/lib/python3.12/site-packages/airflow/example_dags/example_nested_branch_dag.py
[2024-05-28T18:12:21.339+0000] {logging_mixin.py:188} INFO - [2024-05-28T18:12:21.339+0000] {dag.py:3096} INFO - Sync 1 DAGs
[2024-05-28T18:12:21.406+0000] {logging_mixin.py:188} INFO - [2024-05-28T18:12:21.406+0000] {dag.py:3954} INFO - Setting next_dagrun for example_nested_branch_dag to 2024-05-27 00:00:00+00:00, run_after=2024-05-28 00:00:00+00:00
[2024-05-28T18:12:21.521+0000] {processor.py:183} INFO - Processing /home/airflow/.local/lib/python3.12/site-packages/airflow/example_dags/example_nested_branch_dag.py took 0.349 seconds
[2024-05-28T18:12:51.881+0000] {processor.py:161} INFO - Started process (PID=685) to work on /home/airflow/.local/lib/python3.12/site-packages/airflow/example_dags/example_nested_branch_dag.py
[2024-05-28T18:12:51.886+0000] {processor.py:830} INFO - Processing file /home/airflow/.local/lib/python3.12/site-packages/airflow/example_dags/example_nested_branch_dag.py for tasks to queue
[2024-05-28T18:12:51.893+0000] {logging_mixin.py:188} INFO - [2024-05-28T18:12:51.892+0000] {dagbag.py:545} INFO - Filling up the DagBag from /home/airflow/.local/lib/python3.12/site-packages/airflow/example_dags/example_nested_branch_dag.py
[2024-05-28T18:12:51.928+0000] {processor.py:840} INFO - DAG(s) 'example_nested_branch_dag' retrieved from /home/airflow/.local/lib/python3.12/site-packages/airflow/example_dags/example_nested_branch_dag.py
[2024-05-28T18:12:51.995+0000] {logging_mixin.py:188} INFO - [2024-05-28T18:12:51.994+0000] {dag.py:3096} INFO - Sync 1 DAGs
[2024-05-28T18:12:52.054+0000] {logging_mixin.py:188} INFO - [2024-05-28T18:12:52.053+0000] {dag.py:3954} INFO - Setting next_dagrun for example_nested_branch_dag to 2024-05-27 00:00:00+00:00, run_after=2024-05-28 00:00:00+00:00
[2024-05-28T18:12:52.114+0000] {processor.py:183} INFO - Processing /home/airflow/.local/lib/python3.12/site-packages/airflow/example_dags/example_nested_branch_dag.py took 0.276 seconds
[2024-05-28T18:13:22.467+0000] {processor.py:161} INFO - Started process (PID=744) to work on /home/airflow/.local/lib/python3.12/site-packages/airflow/example_dags/example_nested_branch_dag.py
[2024-05-28T18:13:22.470+0000] {processor.py:830} INFO - Processing file /home/airflow/.local/lib/python3.12/site-packages/airflow/example_dags/example_nested_branch_dag.py for tasks to queue
[2024-05-28T18:13:22.490+0000] {logging_mixin.py:188} INFO - [2024-05-28T18:13:22.489+0000] {dagbag.py:545} INFO - Filling up the DagBag from /home/airflow/.local/lib/python3.12/site-packages/airflow/example_dags/example_nested_branch_dag.py
[2024-05-28T18:13:22.559+0000] {processor.py:840} INFO - DAG(s) 'example_nested_branch_dag' retrieved from /home/airflow/.local/lib/python3.12/site-packages/airflow/example_dags/example_nested_branch_dag.py
[2024-05-28T18:13:22.734+0000] {logging_mixin.py:188} INFO - [2024-05-28T18:13:22.731+0000] {dag.py:3096} INFO - Sync 1 DAGs
[2024-05-28T18:13:22.985+0000] {logging_mixin.py:188} INFO - [2024-05-28T18:13:22.984+0000] {dag.py:3954} INFO - Setting next_dagrun for example_nested_branch_dag to 2024-05-27 00:00:00+00:00, run_after=2024-05-28 00:00:00+00:00
[2024-05-28T18:13:23.173+0000] {processor.py:183} INFO - Processing /home/airflow/.local/lib/python3.12/site-packages/airflow/example_dags/example_nested_branch_dag.py took 0.751 seconds
[2024-05-28T18:13:54.469+0000] {processor.py:161} INFO - Started process (PID=802) to work on /home/airflow/.local/lib/python3.12/site-packages/airflow/example_dags/example_nested_branch_dag.py
[2024-05-28T18:13:54.472+0000] {processor.py:830} INFO - Processing file /home/airflow/.local/lib/python3.12/site-packages/airflow/example_dags/example_nested_branch_dag.py for tasks to queue
[2024-05-28T18:13:54.477+0000] {logging_mixin.py:188} INFO - [2024-05-28T18:13:54.477+0000] {dagbag.py:545} INFO - Filling up the DagBag from /home/airflow/.local/lib/python3.12/site-packages/airflow/example_dags/example_nested_branch_dag.py
[2024-05-28T18:13:54.519+0000] {processor.py:840} INFO - DAG(s) 'example_nested_branch_dag' retrieved from /home/airflow/.local/lib/python3.12/site-packages/airflow/example_dags/example_nested_branch_dag.py
[2024-05-28T18:13:54.581+0000] {logging_mixin.py:188} INFO - [2024-05-28T18:13:54.580+0000] {dag.py:3096} INFO - Sync 1 DAGs
[2024-05-28T18:13:54.638+0000] {logging_mixin.py:188} INFO - [2024-05-28T18:13:54.638+0000] {dag.py:3954} INFO - Setting next_dagrun for example_nested_branch_dag to 2024-05-27 00:00:00+00:00, run_after=2024-05-28 00:00:00+00:00
[2024-05-28T18:13:54.728+0000] {processor.py:183} INFO - Processing /home/airflow/.local/lib/python3.12/site-packages/airflow/example_dags/example_nested_branch_dag.py took 0.299 seconds
[2024-05-28T18:14:29.426+0000] {processor.py:161} INFO - Started process (PID=861) to work on /home/airflow/.local/lib/python3.12/site-packages/airflow/example_dags/example_nested_branch_dag.py
[2024-05-28T18:14:29.450+0000] {processor.py:830} INFO - Processing file /home/airflow/.local/lib/python3.12/site-packages/airflow/example_dags/example_nested_branch_dag.py for tasks to queue
[2024-05-28T18:14:29.471+0000] {logging_mixin.py:188} INFO - [2024-05-28T18:14:29.467+0000] {dagbag.py:545} INFO - Filling up the DagBag from /home/airflow/.local/lib/python3.12/site-packages/airflow/example_dags/example_nested_branch_dag.py
[2024-05-28T18:14:29.614+0000] {processor.py:840} INFO - DAG(s) 'example_nested_branch_dag' retrieved from /home/airflow/.local/lib/python3.12/site-packages/airflow/example_dags/example_nested_branch_dag.py
[2024-05-28T18:14:29.963+0000] {logging_mixin.py:188} INFO - [2024-05-28T18:14:29.951+0000] {dag.py:3096} INFO - Sync 1 DAGs
[2024-05-28T18:14:30.296+0000] {logging_mixin.py:188} INFO - [2024-05-28T18:14:30.288+0000] {dag.py:3954} INFO - Setting next_dagrun for example_nested_branch_dag to 2024-05-27 00:00:00+00:00, run_after=2024-05-28 00:00:00+00:00
[2024-05-28T18:14:30.641+0000] {processor.py:183} INFO - Processing /home/airflow/.local/lib/python3.12/site-packages/airflow/example_dags/example_nested_branch_dag.py took 1.268 seconds
[2024-05-28T18:15:00.856+0000] {processor.py:161} INFO - Started process (PID=919) to work on /home/airflow/.local/lib/python3.12/site-packages/airflow/example_dags/example_nested_branch_dag.py
[2024-05-28T18:15:00.858+0000] {processor.py:830} INFO - Processing file /home/airflow/.local/lib/python3.12/site-packages/airflow/example_dags/example_nested_branch_dag.py for tasks to queue
[2024-05-28T18:15:00.861+0000] {logging_mixin.py:188} INFO - [2024-05-28T18:15:00.861+0000] {dagbag.py:545} INFO - Filling up the DagBag from /home/airflow/.local/lib/python3.12/site-packages/airflow/example_dags/example_nested_branch_dag.py
[2024-05-28T18:15:00.882+0000] {processor.py:840} INFO - DAG(s) 'example_nested_branch_dag' retrieved from /home/airflow/.local/lib/python3.12/site-packages/airflow/example_dags/example_nested_branch_dag.py
[2024-05-28T18:15:00.925+0000] {logging_mixin.py:188} INFO - [2024-05-28T18:15:00.925+0000] {dag.py:3096} INFO - Sync 1 DAGs
[2024-05-28T18:15:01.009+0000] {logging_mixin.py:188} INFO - [2024-05-28T18:15:01.008+0000] {dag.py:3954} INFO - Setting next_dagrun for example_nested_branch_dag to 2024-05-27 00:00:00+00:00, run_after=2024-05-28 00:00:00+00:00
[2024-05-28T18:15:01.082+0000] {processor.py:183} INFO - Processing /home/airflow/.local/lib/python3.12/site-packages/airflow/example_dags/example_nested_branch_dag.py took 0.240 seconds
[2024-05-28T18:15:33.519+0000] {processor.py:161} INFO - Started process (PID=975) to work on /home/airflow/.local/lib/python3.12/site-packages/airflow/example_dags/example_nested_branch_dag.py
[2024-05-28T18:15:33.526+0000] {processor.py:830} INFO - Processing file /home/airflow/.local/lib/python3.12/site-packages/airflow/example_dags/example_nested_branch_dag.py for tasks to queue
[2024-05-28T18:15:33.538+0000] {logging_mixin.py:188} INFO - [2024-05-28T18:15:33.537+0000] {dagbag.py:545} INFO - Filling up the DagBag from /home/airflow/.local/lib/python3.12/site-packages/airflow/example_dags/example_nested_branch_dag.py
[2024-05-28T18:15:33.589+0000] {processor.py:840} INFO - DAG(s) 'example_nested_branch_dag' retrieved from /home/airflow/.local/lib/python3.12/site-packages/airflow/example_dags/example_nested_branch_dag.py
[2024-05-28T18:15:33.654+0000] {logging_mixin.py:188} INFO - [2024-05-28T18:15:33.653+0000] {dag.py:3096} INFO - Sync 1 DAGs
[2024-05-28T18:15:33.732+0000] {logging_mixin.py:188} INFO - [2024-05-28T18:15:33.731+0000] {dag.py:3954} INFO - Setting next_dagrun for example_nested_branch_dag to 2024-05-27 00:00:00+00:00, run_after=2024-05-28 00:00:00+00:00
[2024-05-28T18:15:33.798+0000] {processor.py:183} INFO - Processing /home/airflow/.local/lib/python3.12/site-packages/airflow/example_dags/example_nested_branch_dag.py took 0.341 seconds
[2024-05-28T18:16:08.118+0000] {processor.py:161} INFO - Started process (PID=1033) to work on /home/airflow/.local/lib/python3.12/site-packages/airflow/example_dags/example_nested_branch_dag.py
[2024-05-28T18:16:08.121+0000] {processor.py:830} INFO - Processing file /home/airflow/.local/lib/python3.12/site-packages/airflow/example_dags/example_nested_branch_dag.py for tasks to queue
[2024-05-28T18:16:08.143+0000] {logging_mixin.py:188} INFO - [2024-05-28T18:16:08.140+0000] {dagbag.py:545} INFO - Filling up the DagBag from /home/airflow/.local/lib/python3.12/site-packages/airflow/example_dags/example_nested_branch_dag.py
[2024-05-28T18:16:08.236+0000] {processor.py:840} INFO - DAG(s) 'example_nested_branch_dag' retrieved from /home/airflow/.local/lib/python3.12/site-packages/airflow/example_dags/example_nested_branch_dag.py
[2024-05-28T18:16:08.428+0000] {logging_mixin.py:188} INFO - [2024-05-28T18:16:08.425+0000] {dag.py:3096} INFO - Sync 1 DAGs
[2024-05-28T18:16:08.719+0000] {logging_mixin.py:188} INFO - [2024-05-28T18:16:08.718+0000] {dag.py:3954} INFO - Setting next_dagrun for example_nested_branch_dag to 2024-05-27 00:00:00+00:00, run_after=2024-05-28 00:00:00+00:00
[2024-05-28T18:16:09.133+0000] {processor.py:183} INFO - Processing /home/airflow/.local/lib/python3.12/site-packages/airflow/example_dags/example_nested_branch_dag.py took 1.063 seconds
[2024-05-28T18:16:40.141+0000] {processor.py:161} INFO - Started process (PID=1092) to work on /home/airflow/.local/lib/python3.12/site-packages/airflow/example_dags/example_nested_branch_dag.py
[2024-05-28T18:16:40.147+0000] {processor.py:830} INFO - Processing file /home/airflow/.local/lib/python3.12/site-packages/airflow/example_dags/example_nested_branch_dag.py for tasks to queue
[2024-05-28T18:16:40.168+0000] {logging_mixin.py:188} INFO - [2024-05-28T18:16:40.165+0000] {dagbag.py:545} INFO - Filling up the DagBag from /home/airflow/.local/lib/python3.12/site-packages/airflow/example_dags/example_nested_branch_dag.py
[2024-05-28T18:16:40.278+0000] {processor.py:840} INFO - DAG(s) 'example_nested_branch_dag' retrieved from /home/airflow/.local/lib/python3.12/site-packages/airflow/example_dags/example_nested_branch_dag.py
[2024-05-28T18:16:40.564+0000] {logging_mixin.py:188} INFO - [2024-05-28T18:16:40.562+0000] {dag.py:3096} INFO - Sync 1 DAGs
[2024-05-28T18:16:40.948+0000] {logging_mixin.py:188} INFO - [2024-05-28T18:16:40.947+0000] {dag.py:3954} INFO - Setting next_dagrun for example_nested_branch_dag to 2024-05-27 00:00:00+00:00, run_after=2024-05-28 00:00:00+00:00
[2024-05-28T18:16:41.200+0000] {processor.py:183} INFO - Processing /home/airflow/.local/lib/python3.12/site-packages/airflow/example_dags/example_nested_branch_dag.py took 1.128 seconds
[2024-05-28T18:17:11.525+0000] {processor.py:161} INFO - Started process (PID=1149) to work on /home/airflow/.local/lib/python3.12/site-packages/airflow/example_dags/example_nested_branch_dag.py
[2024-05-28T18:17:11.541+0000] {processor.py:830} INFO - Processing file /home/airflow/.local/lib/python3.12/site-packages/airflow/example_dags/example_nested_branch_dag.py for tasks to queue
[2024-05-28T18:17:11.546+0000] {logging_mixin.py:188} INFO - [2024-05-28T18:17:11.545+0000] {dagbag.py:545} INFO - Filling up the DagBag from /home/airflow/.local/lib/python3.12/site-packages/airflow/example_dags/example_nested_branch_dag.py
[2024-05-28T18:17:11.581+0000] {processor.py:840} INFO - DAG(s) 'example_nested_branch_dag' retrieved from /home/airflow/.local/lib/python3.12/site-packages/airflow/example_dags/example_nested_branch_dag.py
[2024-05-28T18:17:11.626+0000] {logging_mixin.py:188} INFO - [2024-05-28T18:17:11.625+0000] {dag.py:3096} INFO - Sync 1 DAGs
[2024-05-28T18:17:11.675+0000] {logging_mixin.py:188} INFO - [2024-05-28T18:17:11.675+0000] {dag.py:3954} INFO - Setting next_dagrun for example_nested_branch_dag to 2024-05-27 00:00:00+00:00, run_after=2024-05-28 00:00:00+00:00
[2024-05-28T18:17:11.721+0000] {processor.py:183} INFO - Processing /home/airflow/.local/lib/python3.12/site-packages/airflow/example_dags/example_nested_branch_dag.py took 0.258 seconds
[2024-05-28T18:17:41.852+0000] {processor.py:161} INFO - Started process (PID=1207) to work on /home/airflow/.local/lib/python3.12/site-packages/airflow/example_dags/example_nested_branch_dag.py
[2024-05-28T18:17:41.854+0000] {processor.py:830} INFO - Processing file /home/airflow/.local/lib/python3.12/site-packages/airflow/example_dags/example_nested_branch_dag.py for tasks to queue
[2024-05-28T18:17:41.860+0000] {logging_mixin.py:188} INFO - [2024-05-28T18:17:41.859+0000] {dagbag.py:545} INFO - Filling up the DagBag from /home/airflow/.local/lib/python3.12/site-packages/airflow/example_dags/example_nested_branch_dag.py
[2024-05-28T18:17:41.881+0000] {processor.py:840} INFO - DAG(s) 'example_nested_branch_dag' retrieved from /home/airflow/.local/lib/python3.12/site-packages/airflow/example_dags/example_nested_branch_dag.py
[2024-05-28T18:17:41.925+0000] {logging_mixin.py:188} INFO - [2024-05-28T18:17:41.924+0000] {dag.py:3096} INFO - Sync 1 DAGs
[2024-05-28T18:17:41.974+0000] {logging_mixin.py:188} INFO - [2024-05-28T18:17:41.973+0000] {dag.py:3954} INFO - Setting next_dagrun for example_nested_branch_dag to 2024-05-27 00:00:00+00:00, run_after=2024-05-28 00:00:00+00:00
[2024-05-28T18:17:42.016+0000] {processor.py:183} INFO - Processing /home/airflow/.local/lib/python3.12/site-packages/airflow/example_dags/example_nested_branch_dag.py took 0.178 seconds
[2024-05-28T18:18:12.213+0000] {processor.py:161} INFO - Started process (PID=1265) to work on /home/airflow/.local/lib/python3.12/site-packages/airflow/example_dags/example_nested_branch_dag.py
[2024-05-28T18:18:12.216+0000] {processor.py:830} INFO - Processing file /home/airflow/.local/lib/python3.12/site-packages/airflow/example_dags/example_nested_branch_dag.py for tasks to queue
[2024-05-28T18:18:12.222+0000] {logging_mixin.py:188} INFO - [2024-05-28T18:18:12.221+0000] {dagbag.py:545} INFO - Filling up the DagBag from /home/airflow/.local/lib/python3.12/site-packages/airflow/example_dags/example_nested_branch_dag.py
[2024-05-28T18:18:12.246+0000] {processor.py:840} INFO - DAG(s) 'example_nested_branch_dag' retrieved from /home/airflow/.local/lib/python3.12/site-packages/airflow/example_dags/example_nested_branch_dag.py
[2024-05-28T18:18:12.297+0000] {logging_mixin.py:188} INFO - [2024-05-28T18:18:12.296+0000] {dag.py:3096} INFO - Sync 1 DAGs
[2024-05-28T18:18:12.370+0000] {logging_mixin.py:188} INFO - [2024-05-28T18:18:12.369+0000] {dag.py:3954} INFO - Setting next_dagrun for example_nested_branch_dag to 2024-05-27 00:00:00+00:00, run_after=2024-05-28 00:00:00+00:00
[2024-05-28T18:18:12.466+0000] {processor.py:183} INFO - Processing /home/airflow/.local/lib/python3.12/site-packages/airflow/example_dags/example_nested_branch_dag.py took 0.268 seconds
[2024-05-28T18:18:42.927+0000] {processor.py:161} INFO - Started process (PID=1323) to work on /home/airflow/.local/lib/python3.12/site-packages/airflow/example_dags/example_nested_branch_dag.py
[2024-05-28T18:18:42.930+0000] {processor.py:830} INFO - Processing file /home/airflow/.local/lib/python3.12/site-packages/airflow/example_dags/example_nested_branch_dag.py for tasks to queue
[2024-05-28T18:18:42.936+0000] {logging_mixin.py:188} INFO - [2024-05-28T18:18:42.935+0000] {dagbag.py:545} INFO - Filling up the DagBag from /home/airflow/.local/lib/python3.12/site-packages/airflow/example_dags/example_nested_branch_dag.py
[2024-05-28T18:18:42.971+0000] {processor.py:840} INFO - DAG(s) 'example_nested_branch_dag' retrieved from /home/airflow/.local/lib/python3.12/site-packages/airflow/example_dags/example_nested_branch_dag.py
[2024-05-28T18:18:43.035+0000] {logging_mixin.py:188} INFO - [2024-05-28T18:18:43.035+0000] {dag.py:3096} INFO - Sync 1 DAGs
[2024-05-28T18:18:43.096+0000] {logging_mixin.py:188} INFO - [2024-05-28T18:18:43.096+0000] {dag.py:3954} INFO - Setting next_dagrun for example_nested_branch_dag to 2024-05-27 00:00:00+00:00, run_after=2024-05-28 00:00:00+00:00
[2024-05-28T18:18:43.147+0000] {processor.py:183} INFO - Processing /home/airflow/.local/lib/python3.12/site-packages/airflow/example_dags/example_nested_branch_dag.py took 0.240 seconds
[2024-05-28T18:19:15.257+0000] {processor.py:161} INFO - Started process (PID=1381) to work on /home/airflow/.local/lib/python3.12/site-packages/airflow/example_dags/example_nested_branch_dag.py
[2024-05-28T18:19:15.275+0000] {processor.py:830} INFO - Processing file /home/airflow/.local/lib/python3.12/site-packages/airflow/example_dags/example_nested_branch_dag.py for tasks to queue
[2024-05-28T18:19:15.293+0000] {logging_mixin.py:188} INFO - [2024-05-28T18:19:15.292+0000] {dagbag.py:545} INFO - Filling up the DagBag from /home/airflow/.local/lib/python3.12/site-packages/airflow/example_dags/example_nested_branch_dag.py
[2024-05-28T18:19:15.413+0000] {processor.py:840} INFO - DAG(s) 'example_nested_branch_dag' retrieved from /home/airflow/.local/lib/python3.12/site-packages/airflow/example_dags/example_nested_branch_dag.py
[2024-05-28T18:19:15.624+0000] {logging_mixin.py:188} INFO - [2024-05-28T18:19:15.623+0000] {dag.py:3096} INFO - Sync 1 DAGs
[2024-05-28T18:19:15.858+0000] {logging_mixin.py:188} INFO - [2024-05-28T18:19:15.857+0000] {dag.py:3954} INFO - Setting next_dagrun for example_nested_branch_dag to 2024-05-27 00:00:00+00:00, run_after=2024-05-28 00:00:00+00:00
[2024-05-28T18:19:16.086+0000] {processor.py:183} INFO - Processing /home/airflow/.local/lib/python3.12/site-packages/airflow/example_dags/example_nested_branch_dag.py took 0.870 seconds
[2024-05-28T18:19:46.436+0000] {processor.py:161} INFO - Started process (PID=1438) to work on /home/airflow/.local/lib/python3.12/site-packages/airflow/example_dags/example_nested_branch_dag.py
[2024-05-28T18:19:46.440+0000] {processor.py:830} INFO - Processing file /home/airflow/.local/lib/python3.12/site-packages/airflow/example_dags/example_nested_branch_dag.py for tasks to queue
[2024-05-28T18:19:46.452+0000] {logging_mixin.py:188} INFO - [2024-05-28T18:19:46.450+0000] {dagbag.py:545} INFO - Filling up the DagBag from /home/airflow/.local/lib/python3.12/site-packages/airflow/example_dags/example_nested_branch_dag.py
[2024-05-28T18:19:46.513+0000] {processor.py:840} INFO - DAG(s) 'example_nested_branch_dag' retrieved from /home/airflow/.local/lib/python3.12/site-packages/airflow/example_dags/example_nested_branch_dag.py
[2024-05-28T18:19:46.632+0000] {logging_mixin.py:188} INFO - [2024-05-28T18:19:46.628+0000] {dag.py:3096} INFO - Sync 1 DAGs
[2024-05-28T18:19:46.755+0000] {logging_mixin.py:188} INFO - [2024-05-28T18:19:46.754+0000] {dag.py:3954} INFO - Setting next_dagrun for example_nested_branch_dag to 2024-05-27 00:00:00+00:00, run_after=2024-05-28 00:00:00+00:00
[2024-05-28T18:19:46.876+0000] {processor.py:183} INFO - Processing /home/airflow/.local/lib/python3.12/site-packages/airflow/example_dags/example_nested_branch_dag.py took 0.475 seconds
[2024-05-28T18:20:17.023+0000] {processor.py:161} INFO - Started process (PID=1496) to work on /home/airflow/.local/lib/python3.12/site-packages/airflow/example_dags/example_nested_branch_dag.py
[2024-05-28T18:20:17.025+0000] {processor.py:830} INFO - Processing file /home/airflow/.local/lib/python3.12/site-packages/airflow/example_dags/example_nested_branch_dag.py for tasks to queue
[2024-05-28T18:20:17.029+0000] {logging_mixin.py:188} INFO - [2024-05-28T18:20:17.028+0000] {dagbag.py:545} INFO - Filling up the DagBag from /home/airflow/.local/lib/python3.12/site-packages/airflow/example_dags/example_nested_branch_dag.py
[2024-05-28T18:20:17.063+0000] {processor.py:840} INFO - DAG(s) 'example_nested_branch_dag' retrieved from /home/airflow/.local/lib/python3.12/site-packages/airflow/example_dags/example_nested_branch_dag.py
[2024-05-28T18:20:17.143+0000] {logging_mixin.py:188} INFO - [2024-05-28T18:20:17.143+0000] {dag.py:3096} INFO - Sync 1 DAGs
[2024-05-28T18:20:17.196+0000] {logging_mixin.py:188} INFO - [2024-05-28T18:20:17.196+0000] {dag.py:3954} INFO - Setting next_dagrun for example_nested_branch_dag to 2024-05-27 00:00:00+00:00, run_after=2024-05-28 00:00:00+00:00
[2024-05-28T18:20:17.246+0000] {processor.py:183} INFO - Processing /home/airflow/.local/lib/python3.12/site-packages/airflow/example_dags/example_nested_branch_dag.py took 0.240 seconds
[2024-05-28T18:20:56.012+0000] {processor.py:161} INFO - Started process (PID=1563) to work on /home/airflow/.local/lib/python3.12/site-packages/airflow/example_dags/example_nested_branch_dag.py
[2024-05-28T18:20:56.019+0000] {processor.py:830} INFO - Processing file /home/airflow/.local/lib/python3.12/site-packages/airflow/example_dags/example_nested_branch_dag.py for tasks to queue
[2024-05-28T18:20:56.026+0000] {logging_mixin.py:188} INFO - [2024-05-28T18:20:56.025+0000] {dagbag.py:545} INFO - Filling up the DagBag from /home/airflow/.local/lib/python3.12/site-packages/airflow/example_dags/example_nested_branch_dag.py
[2024-05-28T18:20:56.071+0000] {processor.py:840} INFO - DAG(s) 'example_nested_branch_dag' retrieved from /home/airflow/.local/lib/python3.12/site-packages/airflow/example_dags/example_nested_branch_dag.py
[2024-05-28T18:20:56.185+0000] {logging_mixin.py:188} INFO - [2024-05-28T18:20:56.183+0000] {dag.py:3096} INFO - Sync 1 DAGs
[2024-05-28T18:20:56.289+0000] {logging_mixin.py:188} INFO - [2024-05-28T18:20:56.288+0000] {dag.py:3954} INFO - Setting next_dagrun for example_nested_branch_dag to 2024-05-27 00:00:00+00:00, run_after=2024-05-28 00:00:00+00:00
[2024-05-28T18:20:56.361+0000] {processor.py:183} INFO - Processing /home/airflow/.local/lib/python3.12/site-packages/airflow/example_dags/example_nested_branch_dag.py took 0.373 seconds
[2024-05-28T18:21:31.272+0000] {processor.py:161} INFO - Started process (PID=1621) to work on /home/airflow/.local/lib/python3.12/site-packages/airflow/example_dags/example_nested_branch_dag.py
[2024-05-28T18:21:31.295+0000] {processor.py:830} INFO - Processing file /home/airflow/.local/lib/python3.12/site-packages/airflow/example_dags/example_nested_branch_dag.py for tasks to queue
[2024-05-28T18:21:31.316+0000] {logging_mixin.py:188} INFO - [2024-05-28T18:21:31.315+0000] {dagbag.py:545} INFO - Filling up the DagBag from /home/airflow/.local/lib/python3.12/site-packages/airflow/example_dags/example_nested_branch_dag.py
[2024-05-28T18:21:31.528+0000] {processor.py:840} INFO - DAG(s) 'example_nested_branch_dag' retrieved from /home/airflow/.local/lib/python3.12/site-packages/airflow/example_dags/example_nested_branch_dag.py
[2024-05-28T18:21:31.947+0000] {logging_mixin.py:188} INFO - [2024-05-28T18:21:31.946+0000] {dag.py:3096} INFO - Sync 1 DAGs
[2024-05-28T18:21:32.285+0000] {logging_mixin.py:188} INFO - [2024-05-28T18:21:32.283+0000] {dag.py:3954} INFO - Setting next_dagrun for example_nested_branch_dag to 2024-05-27 00:00:00+00:00, run_after=2024-05-28 00:00:00+00:00
[2024-05-28T18:21:32.556+0000] {processor.py:183} INFO - Processing /home/airflow/.local/lib/python3.12/site-packages/airflow/example_dags/example_nested_branch_dag.py took 1.365 seconds
