[2024-05-28T18:07:36.535+0000] {processor.py:161} INFO - Started process (PID=95) to work on /home/airflow/.local/lib/python3.12/site-packages/airflow/example_dags/example_subdag_operator.py
[2024-05-28T18:07:36.539+0000] {processor.py:830} INFO - Processing file /home/airflow/.local/lib/python3.12/site-packages/airflow/example_dags/example_subdag_operator.py for tasks to queue
[2024-05-28T18:07:36.557+0000] {logging_mixin.py:188} INFO - [2024-05-28T18:07:36.556+0000] {dagbag.py:545} INFO - Filling up the DagBag from /home/airflow/.local/lib/python3.12/site-packages/airflow/example_dags/example_subdag_operator.py
[2024-05-28T18:07:36.925+0000] {processor.py:840} INFO - DAG(s) 'example_subdag_operator.section-1', 'example_subdag_operator.section-2', 'example_subdag_operator' retrieved from /home/airflow/.local/lib/python3.12/site-packages/airflow/example_dags/example_subdag_operator.py
[2024-05-28T18:07:37.664+0000] {logging_mixin.py:188} INFO - [2024-05-28T18:07:37.663+0000] {dag.py:3096} INFO - Sync 3 DAGs
[2024-05-28T18:07:37.771+0000] {logging_mixin.py:188} INFO - [2024-05-28T18:07:37.770+0000] {dag.py:3954} INFO - Setting next_dagrun for example_subdag_operator to 2022-01-01 00:00:00+00:00, run_after=2022-01-01 00:00:00+00:00
[2024-05-28T18:07:37.802+0000] {logging_mixin.py:188} INFO - [2024-05-28T18:07:37.801+0000] {dag.py:3954} INFO - Setting next_dagrun for example_subdag_operator.section-1 to None, run_after=None
[2024-05-28T18:07:37.807+0000] {logging_mixin.py:188} INFO - [2024-05-28T18:07:37.806+0000] {dag.py:3954} INFO - Setting next_dagrun for example_subdag_operator.section-2 to None, run_after=None
[2024-05-28T18:07:37.886+0000] {logging_mixin.py:188} INFO - [2024-05-28T18:07:37.886+0000] {dag.py:3096} INFO - Sync 2 DAGs
[2024-05-28T18:07:37.931+0000] {logging_mixin.py:188} INFO - [2024-05-28T18:07:37.929+0000] {dag.py:3954} INFO - Setting next_dagrun for example_subdag_operator.section-1 to None, run_after=None
[2024-05-28T18:07:37.939+0000] {logging_mixin.py:188} INFO - [2024-05-28T18:07:37.938+0000] {dag.py:3954} INFO - Setting next_dagrun for example_subdag_operator.section-2 to None, run_after=None
[2024-05-28T18:07:38.070+0000] {processor.py:183} INFO - Processing /home/airflow/.local/lib/python3.12/site-packages/airflow/example_dags/example_subdag_operator.py took 1.556 seconds
[2024-05-28T18:08:08.531+0000] {processor.py:161} INFO - Started process (PID=152) to work on /home/airflow/.local/lib/python3.12/site-packages/airflow/example_dags/example_subdag_operator.py
[2024-05-28T18:08:08.561+0000] {processor.py:830} INFO - Processing file /home/airflow/.local/lib/python3.12/site-packages/airflow/example_dags/example_subdag_operator.py for tasks to queue
[2024-05-28T18:08:08.578+0000] {logging_mixin.py:188} INFO - [2024-05-28T18:08:08.575+0000] {dagbag.py:545} INFO - Filling up the DagBag from /home/airflow/.local/lib/python3.12/site-packages/airflow/example_dags/example_subdag_operator.py
[2024-05-28T18:08:08.836+0000] {processor.py:840} INFO - DAG(s) 'example_subdag_operator.section-1', 'example_subdag_operator.section-2', 'example_subdag_operator' retrieved from /home/airflow/.local/lib/python3.12/site-packages/airflow/example_dags/example_subdag_operator.py
[2024-05-28T18:08:09.047+0000] {logging_mixin.py:188} INFO - [2024-05-28T18:08:09.047+0000] {dag.py:3096} INFO - Sync 3 DAGs
[2024-05-28T18:08:09.446+0000] {logging_mixin.py:188} INFO - [2024-05-28T18:08:09.435+0000] {dag.py:3954} INFO - Setting next_dagrun for example_subdag_operator to 2022-01-01 00:00:00+00:00, run_after=2022-01-01 00:00:00+00:00
[2024-05-28T18:08:09.519+0000] {logging_mixin.py:188} INFO - [2024-05-28T18:08:09.507+0000] {dag.py:3954} INFO - Setting next_dagrun for example_subdag_operator.section-1 to None, run_after=None
[2024-05-28T18:08:09.542+0000] {logging_mixin.py:188} INFO - [2024-05-28T18:08:09.540+0000] {dag.py:3954} INFO - Setting next_dagrun for example_subdag_operator.section-2 to None, run_after=None
[2024-05-28T18:08:09.701+0000] {logging_mixin.py:188} INFO - [2024-05-28T18:08:09.690+0000] {dag.py:3096} INFO - Sync 2 DAGs
[2024-05-28T18:08:09.754+0000] {logging_mixin.py:188} INFO - [2024-05-28T18:08:09.753+0000] {dag.py:3954} INFO - Setting next_dagrun for example_subdag_operator.section-1 to None, run_after=None
[2024-05-28T18:08:09.766+0000] {logging_mixin.py:188} INFO - [2024-05-28T18:08:09.765+0000] {dag.py:3954} INFO - Setting next_dagrun for example_subdag_operator.section-2 to None, run_after=None
[2024-05-28T18:08:09.951+0000] {processor.py:183} INFO - Processing /home/airflow/.local/lib/python3.12/site-packages/airflow/example_dags/example_subdag_operator.py took 1.476 seconds
[2024-05-28T18:08:40.673+0000] {processor.py:161} INFO - Started process (PID=210) to work on /home/airflow/.local/lib/python3.12/site-packages/airflow/example_dags/example_subdag_operator.py
[2024-05-28T18:08:40.676+0000] {processor.py:830} INFO - Processing file /home/airflow/.local/lib/python3.12/site-packages/airflow/example_dags/example_subdag_operator.py for tasks to queue
[2024-05-28T18:08:40.683+0000] {logging_mixin.py:188} INFO - [2024-05-28T18:08:40.682+0000] {dagbag.py:545} INFO - Filling up the DagBag from /home/airflow/.local/lib/python3.12/site-packages/airflow/example_dags/example_subdag_operator.py
[2024-05-28T18:08:40.742+0000] {processor.py:840} INFO - DAG(s) 'example_subdag_operator.section-1', 'example_subdag_operator.section-2', 'example_subdag_operator' retrieved from /home/airflow/.local/lib/python3.12/site-packages/airflow/example_dags/example_subdag_operator.py
[2024-05-28T18:08:40.784+0000] {logging_mixin.py:188} INFO - [2024-05-28T18:08:40.784+0000] {dag.py:3096} INFO - Sync 3 DAGs
[2024-05-28T18:08:40.839+0000] {logging_mixin.py:188} INFO - [2024-05-28T18:08:40.838+0000] {dag.py:3954} INFO - Setting next_dagrun for example_subdag_operator to 2022-01-01 00:00:00+00:00, run_after=2022-01-01 00:00:00+00:00
[2024-05-28T18:08:40.852+0000] {logging_mixin.py:188} INFO - [2024-05-28T18:08:40.851+0000] {dag.py:3954} INFO - Setting next_dagrun for example_subdag_operator.section-1 to None, run_after=None
[2024-05-28T18:08:40.857+0000] {logging_mixin.py:188} INFO - [2024-05-28T18:08:40.857+0000] {dag.py:3954} INFO - Setting next_dagrun for example_subdag_operator.section-2 to None, run_after=None
[2024-05-28T18:08:40.874+0000] {logging_mixin.py:188} INFO - [2024-05-28T18:08:40.874+0000] {dag.py:3096} INFO - Sync 2 DAGs
[2024-05-28T18:08:40.888+0000] {logging_mixin.py:188} INFO - [2024-05-28T18:08:40.887+0000] {dag.py:3954} INFO - Setting next_dagrun for example_subdag_operator.section-1 to None, run_after=None
[2024-05-28T18:08:40.889+0000] {logging_mixin.py:188} INFO - [2024-05-28T18:08:40.888+0000] {dag.py:3954} INFO - Setting next_dagrun for example_subdag_operator.section-2 to None, run_after=None
[2024-05-28T18:08:40.929+0000] {processor.py:183} INFO - Processing /home/airflow/.local/lib/python3.12/site-packages/airflow/example_dags/example_subdag_operator.py took 0.275 seconds
[2024-05-28T18:09:11.227+0000] {processor.py:161} INFO - Started process (PID=268) to work on /home/airflow/.local/lib/python3.12/site-packages/airflow/example_dags/example_subdag_operator.py
[2024-05-28T18:09:11.230+0000] {processor.py:830} INFO - Processing file /home/airflow/.local/lib/python3.12/site-packages/airflow/example_dags/example_subdag_operator.py for tasks to queue
[2024-05-28T18:09:11.236+0000] {logging_mixin.py:188} INFO - [2024-05-28T18:09:11.235+0000] {dagbag.py:545} INFO - Filling up the DagBag from /home/airflow/.local/lib/python3.12/site-packages/airflow/example_dags/example_subdag_operator.py
[2024-05-28T18:09:11.317+0000] {processor.py:840} INFO - DAG(s) 'example_subdag_operator.section-1', 'example_subdag_operator.section-2', 'example_subdag_operator' retrieved from /home/airflow/.local/lib/python3.12/site-packages/airflow/example_dags/example_subdag_operator.py
[2024-05-28T18:09:11.367+0000] {logging_mixin.py:188} INFO - [2024-05-28T18:09:11.366+0000] {dag.py:3096} INFO - Sync 3 DAGs
[2024-05-28T18:09:11.545+0000] {logging_mixin.py:188} INFO - [2024-05-28T18:09:11.544+0000] {dag.py:3954} INFO - Setting next_dagrun for example_subdag_operator to 2022-01-01 00:00:00+00:00, run_after=2022-01-01 00:00:00+00:00
[2024-05-28T18:09:11.562+0000] {logging_mixin.py:188} INFO - [2024-05-28T18:09:11.561+0000] {dag.py:3954} INFO - Setting next_dagrun for example_subdag_operator.section-1 to None, run_after=None
[2024-05-28T18:09:11.566+0000] {logging_mixin.py:188} INFO - [2024-05-28T18:09:11.565+0000] {dag.py:3954} INFO - Setting next_dagrun for example_subdag_operator.section-2 to None, run_after=None
[2024-05-28T18:09:11.584+0000] {logging_mixin.py:188} INFO - [2024-05-28T18:09:11.583+0000] {dag.py:3096} INFO - Sync 2 DAGs
[2024-05-28T18:09:11.607+0000] {logging_mixin.py:188} INFO - [2024-05-28T18:09:11.606+0000] {dag.py:3954} INFO - Setting next_dagrun for example_subdag_operator.section-1 to None, run_after=None
[2024-05-28T18:09:11.608+0000] {logging_mixin.py:188} INFO - [2024-05-28T18:09:11.608+0000] {dag.py:3954} INFO - Setting next_dagrun for example_subdag_operator.section-2 to None, run_after=None
[2024-05-28T18:09:11.648+0000] {processor.py:183} INFO - Processing /home/airflow/.local/lib/python3.12/site-packages/airflow/example_dags/example_subdag_operator.py took 0.439 seconds
[2024-05-28T18:09:41.824+0000] {processor.py:161} INFO - Started process (PID=326) to work on /home/airflow/.local/lib/python3.12/site-packages/airflow/example_dags/example_subdag_operator.py
[2024-05-28T18:09:41.828+0000] {processor.py:830} INFO - Processing file /home/airflow/.local/lib/python3.12/site-packages/airflow/example_dags/example_subdag_operator.py for tasks to queue
[2024-05-28T18:09:41.843+0000] {logging_mixin.py:188} INFO - [2024-05-28T18:09:41.841+0000] {dagbag.py:545} INFO - Filling up the DagBag from /home/airflow/.local/lib/python3.12/site-packages/airflow/example_dags/example_subdag_operator.py
[2024-05-28T18:09:41.951+0000] {processor.py:840} INFO - DAG(s) 'example_subdag_operator.section-1', 'example_subdag_operator.section-2', 'example_subdag_operator' retrieved from /home/airflow/.local/lib/python3.12/site-packages/airflow/example_dags/example_subdag_operator.py
[2024-05-28T18:09:42.021+0000] {logging_mixin.py:188} INFO - [2024-05-28T18:09:42.020+0000] {dag.py:3096} INFO - Sync 3 DAGs
[2024-05-28T18:09:42.111+0000] {logging_mixin.py:188} INFO - [2024-05-28T18:09:42.111+0000] {dag.py:3954} INFO - Setting next_dagrun for example_subdag_operator to 2022-01-01 00:00:00+00:00, run_after=2022-01-01 00:00:00+00:00
[2024-05-28T18:09:42.124+0000] {logging_mixin.py:188} INFO - [2024-05-28T18:09:42.123+0000] {dag.py:3954} INFO - Setting next_dagrun for example_subdag_operator.section-1 to None, run_after=None
[2024-05-28T18:09:42.132+0000] {logging_mixin.py:188} INFO - [2024-05-28T18:09:42.131+0000] {dag.py:3954} INFO - Setting next_dagrun for example_subdag_operator.section-2 to None, run_after=None
[2024-05-28T18:09:42.162+0000] {logging_mixin.py:188} INFO - [2024-05-28T18:09:42.160+0000] {dag.py:3096} INFO - Sync 2 DAGs
[2024-05-28T18:09:42.185+0000] {logging_mixin.py:188} INFO - [2024-05-28T18:09:42.184+0000] {dag.py:3954} INFO - Setting next_dagrun for example_subdag_operator.section-1 to None, run_after=None
[2024-05-28T18:09:42.187+0000] {logging_mixin.py:188} INFO - [2024-05-28T18:09:42.186+0000] {dag.py:3954} INFO - Setting next_dagrun for example_subdag_operator.section-2 to None, run_after=None
[2024-05-28T18:09:42.244+0000] {processor.py:183} INFO - Processing /home/airflow/.local/lib/python3.12/site-packages/airflow/example_dags/example_subdag_operator.py took 0.492 seconds
[2024-05-28T18:10:13.151+0000] {processor.py:161} INFO - Started process (PID=384) to work on /home/airflow/.local/lib/python3.12/site-packages/airflow/example_dags/example_subdag_operator.py
[2024-05-28T18:10:13.153+0000] {processor.py:830} INFO - Processing file /home/airflow/.local/lib/python3.12/site-packages/airflow/example_dags/example_subdag_operator.py for tasks to queue
[2024-05-28T18:10:13.156+0000] {logging_mixin.py:188} INFO - [2024-05-28T18:10:13.156+0000] {dagbag.py:545} INFO - Filling up the DagBag from /home/airflow/.local/lib/python3.12/site-packages/airflow/example_dags/example_subdag_operator.py
[2024-05-28T18:10:13.213+0000] {processor.py:840} INFO - DAG(s) 'example_subdag_operator.section-1', 'example_subdag_operator.section-2', 'example_subdag_operator' retrieved from /home/airflow/.local/lib/python3.12/site-packages/airflow/example_dags/example_subdag_operator.py
[2024-05-28T18:10:13.277+0000] {logging_mixin.py:188} INFO - [2024-05-28T18:10:13.276+0000] {dag.py:3096} INFO - Sync 3 DAGs
[2024-05-28T18:10:13.350+0000] {logging_mixin.py:188} INFO - [2024-05-28T18:10:13.350+0000] {dag.py:3954} INFO - Setting next_dagrun for example_subdag_operator to 2022-01-01 00:00:00+00:00, run_after=2022-01-01 00:00:00+00:00
[2024-05-28T18:10:13.366+0000] {logging_mixin.py:188} INFO - [2024-05-28T18:10:13.365+0000] {dag.py:3954} INFO - Setting next_dagrun for example_subdag_operator.section-1 to None, run_after=None
[2024-05-28T18:10:13.371+0000] {logging_mixin.py:188} INFO - [2024-05-28T18:10:13.371+0000] {dag.py:3954} INFO - Setting next_dagrun for example_subdag_operator.section-2 to None, run_after=None
[2024-05-28T18:10:13.395+0000] {logging_mixin.py:188} INFO - [2024-05-28T18:10:13.394+0000] {dag.py:3096} INFO - Sync 2 DAGs
[2024-05-28T18:10:13.413+0000] {logging_mixin.py:188} INFO - [2024-05-28T18:10:13.412+0000] {dag.py:3954} INFO - Setting next_dagrun for example_subdag_operator.section-1 to None, run_after=None
[2024-05-28T18:10:13.415+0000] {logging_mixin.py:188} INFO - [2024-05-28T18:10:13.414+0000] {dag.py:3954} INFO - Setting next_dagrun for example_subdag_operator.section-2 to None, run_after=None
[2024-05-28T18:10:13.475+0000] {processor.py:183} INFO - Processing /home/airflow/.local/lib/python3.12/site-packages/airflow/example_dags/example_subdag_operator.py took 0.338 seconds
[2024-05-28T18:10:43.773+0000] {processor.py:161} INFO - Started process (PID=442) to work on /home/airflow/.local/lib/python3.12/site-packages/airflow/example_dags/example_subdag_operator.py
[2024-05-28T18:10:43.777+0000] {processor.py:830} INFO - Processing file /home/airflow/.local/lib/python3.12/site-packages/airflow/example_dags/example_subdag_operator.py for tasks to queue
[2024-05-28T18:10:43.784+0000] {logging_mixin.py:188} INFO - [2024-05-28T18:10:43.783+0000] {dagbag.py:545} INFO - Filling up the DagBag from /home/airflow/.local/lib/python3.12/site-packages/airflow/example_dags/example_subdag_operator.py
[2024-05-28T18:10:43.850+0000] {processor.py:840} INFO - DAG(s) 'example_subdag_operator.section-1', 'example_subdag_operator.section-2', 'example_subdag_operator' retrieved from /home/airflow/.local/lib/python3.12/site-packages/airflow/example_dags/example_subdag_operator.py
[2024-05-28T18:10:43.904+0000] {logging_mixin.py:188} INFO - [2024-05-28T18:10:43.903+0000] {dag.py:3096} INFO - Sync 3 DAGs
[2024-05-28T18:10:43.994+0000] {logging_mixin.py:188} INFO - [2024-05-28T18:10:43.993+0000] {dag.py:3954} INFO - Setting next_dagrun for example_subdag_operator to 2022-01-01 00:00:00+00:00, run_after=2022-01-01 00:00:00+00:00
[2024-05-28T18:10:44.008+0000] {logging_mixin.py:188} INFO - [2024-05-28T18:10:44.007+0000] {dag.py:3954} INFO - Setting next_dagrun for example_subdag_operator.section-1 to None, run_after=None
[2024-05-28T18:10:44.012+0000] {logging_mixin.py:188} INFO - [2024-05-28T18:10:44.012+0000] {dag.py:3954} INFO - Setting next_dagrun for example_subdag_operator.section-2 to None, run_after=None
[2024-05-28T18:10:44.035+0000] {logging_mixin.py:188} INFO - [2024-05-28T18:10:44.034+0000] {dag.py:3096} INFO - Sync 2 DAGs
[2024-05-28T18:10:44.055+0000] {logging_mixin.py:188} INFO - [2024-05-28T18:10:44.054+0000] {dag.py:3954} INFO - Setting next_dagrun for example_subdag_operator.section-1 to None, run_after=None
[2024-05-28T18:10:44.056+0000] {logging_mixin.py:188} INFO - [2024-05-28T18:10:44.056+0000] {dag.py:3954} INFO - Setting next_dagrun for example_subdag_operator.section-2 to None, run_after=None
[2024-05-28T18:10:44.114+0000] {processor.py:183} INFO - Processing /home/airflow/.local/lib/python3.12/site-packages/airflow/example_dags/example_subdag_operator.py took 0.363 seconds
[2024-05-28T18:11:14.695+0000] {processor.py:161} INFO - Started process (PID=500) to work on /home/airflow/.local/lib/python3.12/site-packages/airflow/example_dags/example_subdag_operator.py
[2024-05-28T18:11:14.699+0000] {processor.py:830} INFO - Processing file /home/airflow/.local/lib/python3.12/site-packages/airflow/example_dags/example_subdag_operator.py for tasks to queue
[2024-05-28T18:11:14.711+0000] {logging_mixin.py:188} INFO - [2024-05-28T18:11:14.708+0000] {dagbag.py:545} INFO - Filling up the DagBag from /home/airflow/.local/lib/python3.12/site-packages/airflow/example_dags/example_subdag_operator.py
[2024-05-28T18:11:14.833+0000] {processor.py:840} INFO - DAG(s) 'example_subdag_operator.section-1', 'example_subdag_operator.section-2', 'example_subdag_operator' retrieved from /home/airflow/.local/lib/python3.12/site-packages/airflow/example_dags/example_subdag_operator.py
[2024-05-28T18:11:14.915+0000] {logging_mixin.py:188} INFO - [2024-05-28T18:11:14.914+0000] {dag.py:3096} INFO - Sync 3 DAGs
[2024-05-28T18:11:15.018+0000] {logging_mixin.py:188} INFO - [2024-05-28T18:11:15.017+0000] {dag.py:3954} INFO - Setting next_dagrun for example_subdag_operator to 2022-01-01 00:00:00+00:00, run_after=2022-01-01 00:00:00+00:00
[2024-05-28T18:11:15.035+0000] {logging_mixin.py:188} INFO - [2024-05-28T18:11:15.034+0000] {dag.py:3954} INFO - Setting next_dagrun for example_subdag_operator.section-1 to None, run_after=None
[2024-05-28T18:11:15.040+0000] {logging_mixin.py:188} INFO - [2024-05-28T18:11:15.040+0000] {dag.py:3954} INFO - Setting next_dagrun for example_subdag_operator.section-2 to None, run_after=None
[2024-05-28T18:11:15.076+0000] {logging_mixin.py:188} INFO - [2024-05-28T18:11:15.075+0000] {dag.py:3096} INFO - Sync 2 DAGs
[2024-05-28T18:11:15.115+0000] {logging_mixin.py:188} INFO - [2024-05-28T18:11:15.113+0000] {dag.py:3954} INFO - Setting next_dagrun for example_subdag_operator.section-1 to None, run_after=None
[2024-05-28T18:11:15.117+0000] {logging_mixin.py:188} INFO - [2024-05-28T18:11:15.117+0000] {dag.py:3954} INFO - Setting next_dagrun for example_subdag_operator.section-2 to None, run_after=None
[2024-05-28T18:11:15.172+0000] {processor.py:183} INFO - Processing /home/airflow/.local/lib/python3.12/site-packages/airflow/example_dags/example_subdag_operator.py took 0.510 seconds
[2024-05-28T18:11:46.552+0000] {processor.py:161} INFO - Started process (PID=558) to work on /home/airflow/.local/lib/python3.12/site-packages/airflow/example_dags/example_subdag_operator.py
[2024-05-28T18:11:46.573+0000] {processor.py:830} INFO - Processing file /home/airflow/.local/lib/python3.12/site-packages/airflow/example_dags/example_subdag_operator.py for tasks to queue
[2024-05-28T18:11:46.581+0000] {logging_mixin.py:188} INFO - [2024-05-28T18:11:46.580+0000] {dagbag.py:545} INFO - Filling up the DagBag from /home/airflow/.local/lib/python3.12/site-packages/airflow/example_dags/example_subdag_operator.py
[2024-05-28T18:11:46.724+0000] {processor.py:840} INFO - DAG(s) 'example_subdag_operator.section-1', 'example_subdag_operator.section-2', 'example_subdag_operator' retrieved from /home/airflow/.local/lib/python3.12/site-packages/airflow/example_dags/example_subdag_operator.py
[2024-05-28T18:11:46.805+0000] {logging_mixin.py:188} INFO - [2024-05-28T18:11:46.804+0000] {dag.py:3096} INFO - Sync 3 DAGs
[2024-05-28T18:11:46.921+0000] {logging_mixin.py:188} INFO - [2024-05-28T18:11:46.921+0000] {dag.py:3954} INFO - Setting next_dagrun for example_subdag_operator to 2022-01-01 00:00:00+00:00, run_after=2022-01-01 00:00:00+00:00
[2024-05-28T18:11:46.951+0000] {logging_mixin.py:188} INFO - [2024-05-28T18:11:46.949+0000] {dag.py:3954} INFO - Setting next_dagrun for example_subdag_operator.section-1 to None, run_after=None
[2024-05-28T18:11:46.965+0000] {logging_mixin.py:188} INFO - [2024-05-28T18:11:46.963+0000] {dag.py:3954} INFO - Setting next_dagrun for example_subdag_operator.section-2 to None, run_after=None
[2024-05-28T18:11:47.007+0000] {logging_mixin.py:188} INFO - [2024-05-28T18:11:47.006+0000] {dag.py:3096} INFO - Sync 2 DAGs
[2024-05-28T18:11:47.038+0000] {logging_mixin.py:188} INFO - [2024-05-28T18:11:47.037+0000] {dag.py:3954} INFO - Setting next_dagrun for example_subdag_operator.section-1 to None, run_after=None
[2024-05-28T18:11:47.040+0000] {logging_mixin.py:188} INFO - [2024-05-28T18:11:47.039+0000] {dag.py:3954} INFO - Setting next_dagrun for example_subdag_operator.section-2 to None, run_after=None
[2024-05-28T18:11:47.093+0000] {processor.py:183} INFO - Processing /home/airflow/.local/lib/python3.12/site-packages/airflow/example_dags/example_subdag_operator.py took 0.598 seconds
[2024-05-28T18:12:17.316+0000] {processor.py:161} INFO - Started process (PID=616) to work on /home/airflow/.local/lib/python3.12/site-packages/airflow/example_dags/example_subdag_operator.py
[2024-05-28T18:12:17.321+0000] {processor.py:830} INFO - Processing file /home/airflow/.local/lib/python3.12/site-packages/airflow/example_dags/example_subdag_operator.py for tasks to queue
[2024-05-28T18:12:17.335+0000] {logging_mixin.py:188} INFO - [2024-05-28T18:12:17.334+0000] {dagbag.py:545} INFO - Filling up the DagBag from /home/airflow/.local/lib/python3.12/site-packages/airflow/example_dags/example_subdag_operator.py
[2024-05-28T18:12:17.442+0000] {processor.py:840} INFO - DAG(s) 'example_subdag_operator.section-1', 'example_subdag_operator.section-2', 'example_subdag_operator' retrieved from /home/airflow/.local/lib/python3.12/site-packages/airflow/example_dags/example_subdag_operator.py
[2024-05-28T18:12:17.481+0000] {logging_mixin.py:188} INFO - [2024-05-28T18:12:17.481+0000] {dag.py:3096} INFO - Sync 3 DAGs
[2024-05-28T18:12:17.565+0000] {logging_mixin.py:188} INFO - [2024-05-28T18:12:17.565+0000] {dag.py:3954} INFO - Setting next_dagrun for example_subdag_operator to 2022-01-01 00:00:00+00:00, run_after=2022-01-01 00:00:00+00:00
[2024-05-28T18:12:17.578+0000] {logging_mixin.py:188} INFO - [2024-05-28T18:12:17.578+0000] {dag.py:3954} INFO - Setting next_dagrun for example_subdag_operator.section-1 to None, run_after=None
[2024-05-28T18:12:17.584+0000] {logging_mixin.py:188} INFO - [2024-05-28T18:12:17.583+0000] {dag.py:3954} INFO - Setting next_dagrun for example_subdag_operator.section-2 to None, run_after=None
[2024-05-28T18:12:17.614+0000] {logging_mixin.py:188} INFO - [2024-05-28T18:12:17.613+0000] {dag.py:3096} INFO - Sync 2 DAGs
[2024-05-28T18:12:17.636+0000] {logging_mixin.py:188} INFO - [2024-05-28T18:12:17.632+0000] {dag.py:3954} INFO - Setting next_dagrun for example_subdag_operator.section-1 to None, run_after=None
[2024-05-28T18:12:17.643+0000] {logging_mixin.py:188} INFO - [2024-05-28T18:12:17.642+0000] {dag.py:3954} INFO - Setting next_dagrun for example_subdag_operator.section-2 to None, run_after=None
[2024-05-28T18:12:17.690+0000] {processor.py:183} INFO - Processing /home/airflow/.local/lib/python3.12/site-packages/airflow/example_dags/example_subdag_operator.py took 0.416 seconds
[2024-05-28T18:12:48.193+0000] {processor.py:161} INFO - Started process (PID=674) to work on /home/airflow/.local/lib/python3.12/site-packages/airflow/example_dags/example_subdag_operator.py
[2024-05-28T18:12:48.197+0000] {processor.py:830} INFO - Processing file /home/airflow/.local/lib/python3.12/site-packages/airflow/example_dags/example_subdag_operator.py for tasks to queue
[2024-05-28T18:12:48.210+0000] {logging_mixin.py:188} INFO - [2024-05-28T18:12:48.207+0000] {dagbag.py:545} INFO - Filling up the DagBag from /home/airflow/.local/lib/python3.12/site-packages/airflow/example_dags/example_subdag_operator.py
[2024-05-28T18:12:48.345+0000] {processor.py:840} INFO - DAG(s) 'example_subdag_operator.section-1', 'example_subdag_operator.section-2', 'example_subdag_operator' retrieved from /home/airflow/.local/lib/python3.12/site-packages/airflow/example_dags/example_subdag_operator.py
[2024-05-28T18:12:48.435+0000] {logging_mixin.py:188} INFO - [2024-05-28T18:12:48.434+0000] {dag.py:3096} INFO - Sync 3 DAGs
[2024-05-28T18:12:48.506+0000] {logging_mixin.py:188} INFO - [2024-05-28T18:12:48.505+0000] {dag.py:3954} INFO - Setting next_dagrun for example_subdag_operator to 2022-01-01 00:00:00+00:00, run_after=2022-01-01 00:00:00+00:00
[2024-05-28T18:12:48.518+0000] {logging_mixin.py:188} INFO - [2024-05-28T18:12:48.517+0000] {dag.py:3954} INFO - Setting next_dagrun for example_subdag_operator.section-1 to None, run_after=None
[2024-05-28T18:12:48.521+0000] {logging_mixin.py:188} INFO - [2024-05-28T18:12:48.521+0000] {dag.py:3954} INFO - Setting next_dagrun for example_subdag_operator.section-2 to None, run_after=None
[2024-05-28T18:12:48.548+0000] {logging_mixin.py:188} INFO - [2024-05-28T18:12:48.547+0000] {dag.py:3096} INFO - Sync 2 DAGs
[2024-05-28T18:12:48.573+0000] {logging_mixin.py:188} INFO - [2024-05-28T18:12:48.572+0000] {dag.py:3954} INFO - Setting next_dagrun for example_subdag_operator.section-1 to None, run_after=None
[2024-05-28T18:12:48.575+0000] {logging_mixin.py:188} INFO - [2024-05-28T18:12:48.575+0000] {dag.py:3954} INFO - Setting next_dagrun for example_subdag_operator.section-2 to None, run_after=None
[2024-05-28T18:12:48.617+0000] {processor.py:183} INFO - Processing /home/airflow/.local/lib/python3.12/site-packages/airflow/example_dags/example_subdag_operator.py took 0.457 seconds
[2024-05-28T18:13:19.713+0000] {processor.py:161} INFO - Started process (PID=732) to work on /home/airflow/.local/lib/python3.12/site-packages/airflow/example_dags/example_subdag_operator.py
[2024-05-28T18:13:19.722+0000] {processor.py:830} INFO - Processing file /home/airflow/.local/lib/python3.12/site-packages/airflow/example_dags/example_subdag_operator.py for tasks to queue
[2024-05-28T18:13:19.753+0000] {logging_mixin.py:188} INFO - [2024-05-28T18:13:19.742+0000] {dagbag.py:545} INFO - Filling up the DagBag from /home/airflow/.local/lib/python3.12/site-packages/airflow/example_dags/example_subdag_operator.py
[2024-05-28T18:13:19.985+0000] {processor.py:840} INFO - DAG(s) 'example_subdag_operator.section-1', 'example_subdag_operator.section-2', 'example_subdag_operator' retrieved from /home/airflow/.local/lib/python3.12/site-packages/airflow/example_dags/example_subdag_operator.py
[2024-05-28T18:13:20.310+0000] {logging_mixin.py:188} INFO - [2024-05-28T18:13:20.309+0000] {dag.py:3096} INFO - Sync 3 DAGs
[2024-05-28T18:13:20.612+0000] {logging_mixin.py:188} INFO - [2024-05-28T18:13:20.600+0000] {dag.py:3954} INFO - Setting next_dagrun for example_subdag_operator to 2022-01-01 00:00:00+00:00, run_after=2022-01-01 00:00:00+00:00
[2024-05-28T18:13:20.639+0000] {logging_mixin.py:188} INFO - [2024-05-28T18:13:20.638+0000] {dag.py:3954} INFO - Setting next_dagrun for example_subdag_operator.section-1 to None, run_after=None
[2024-05-28T18:13:20.647+0000] {logging_mixin.py:188} INFO - [2024-05-28T18:13:20.646+0000] {dag.py:3954} INFO - Setting next_dagrun for example_subdag_operator.section-2 to None, run_after=None
[2024-05-28T18:13:20.691+0000] {logging_mixin.py:188} INFO - [2024-05-28T18:13:20.687+0000] {dag.py:3096} INFO - Sync 2 DAGs
[2024-05-28T18:13:20.727+0000] {logging_mixin.py:188} INFO - [2024-05-28T18:13:20.727+0000] {dag.py:3954} INFO - Setting next_dagrun for example_subdag_operator.section-1 to None, run_after=None
[2024-05-28T18:13:20.731+0000] {logging_mixin.py:188} INFO - [2024-05-28T18:13:20.729+0000] {dag.py:3954} INFO - Setting next_dagrun for example_subdag_operator.section-2 to None, run_after=None
[2024-05-28T18:13:20.825+0000] {processor.py:183} INFO - Processing /home/airflow/.local/lib/python3.12/site-packages/airflow/example_dags/example_subdag_operator.py took 1.168 seconds
[2024-05-28T18:13:52.651+0000] {processor.py:161} INFO - Started process (PID=797) to work on /home/airflow/.local/lib/python3.12/site-packages/airflow/example_dags/example_subdag_operator.py
[2024-05-28T18:13:52.659+0000] {processor.py:830} INFO - Processing file /home/airflow/.local/lib/python3.12/site-packages/airflow/example_dags/example_subdag_operator.py for tasks to queue
[2024-05-28T18:13:52.683+0000] {logging_mixin.py:188} INFO - [2024-05-28T18:13:52.680+0000] {dagbag.py:545} INFO - Filling up the DagBag from /home/airflow/.local/lib/python3.12/site-packages/airflow/example_dags/example_subdag_operator.py
[2024-05-28T18:13:52.860+0000] {processor.py:840} INFO - DAG(s) 'example_subdag_operator.section-1', 'example_subdag_operator.section-2', 'example_subdag_operator' retrieved from /home/airflow/.local/lib/python3.12/site-packages/airflow/example_dags/example_subdag_operator.py
[2024-05-28T18:13:52.964+0000] {logging_mixin.py:188} INFO - [2024-05-28T18:13:52.960+0000] {dag.py:3096} INFO - Sync 3 DAGs
[2024-05-28T18:13:53.133+0000] {logging_mixin.py:188} INFO - [2024-05-28T18:13:53.131+0000] {dag.py:3954} INFO - Setting next_dagrun for example_subdag_operator to 2022-01-01 00:00:00+00:00, run_after=2022-01-01 00:00:00+00:00
[2024-05-28T18:13:53.158+0000] {logging_mixin.py:188} INFO - [2024-05-28T18:13:53.157+0000] {dag.py:3954} INFO - Setting next_dagrun for example_subdag_operator.section-1 to None, run_after=None
[2024-05-28T18:13:53.171+0000] {logging_mixin.py:188} INFO - [2024-05-28T18:13:53.170+0000] {dag.py:3954} INFO - Setting next_dagrun for example_subdag_operator.section-2 to None, run_after=None
[2024-05-28T18:13:53.203+0000] {logging_mixin.py:188} INFO - [2024-05-28T18:13:53.202+0000] {dag.py:3096} INFO - Sync 2 DAGs
[2024-05-28T18:13:53.218+0000] {logging_mixin.py:188} INFO - [2024-05-28T18:13:53.218+0000] {dag.py:3954} INFO - Setting next_dagrun for example_subdag_operator.section-1 to None, run_after=None
[2024-05-28T18:13:53.219+0000] {logging_mixin.py:188} INFO - [2024-05-28T18:13:53.219+0000] {dag.py:3954} INFO - Setting next_dagrun for example_subdag_operator.section-2 to None, run_after=None
[2024-05-28T18:13:53.278+0000] {processor.py:183} INFO - Processing /home/airflow/.local/lib/python3.12/site-packages/airflow/example_dags/example_subdag_operator.py took 0.679 seconds
[2024-05-28T18:14:23.615+0000] {processor.py:161} INFO - Started process (PID=853) to work on /home/airflow/.local/lib/python3.12/site-packages/airflow/example_dags/example_subdag_operator.py
[2024-05-28T18:14:23.618+0000] {processor.py:830} INFO - Processing file /home/airflow/.local/lib/python3.12/site-packages/airflow/example_dags/example_subdag_operator.py for tasks to queue
[2024-05-28T18:14:23.636+0000] {logging_mixin.py:188} INFO - [2024-05-28T18:14:23.631+0000] {dagbag.py:545} INFO - Filling up the DagBag from /home/airflow/.local/lib/python3.12/site-packages/airflow/example_dags/example_subdag_operator.py
[2024-05-28T18:14:23.786+0000] {processor.py:840} INFO - DAG(s) 'example_subdag_operator.section-1', 'example_subdag_operator.section-2', 'example_subdag_operator' retrieved from /home/airflow/.local/lib/python3.12/site-packages/airflow/example_dags/example_subdag_operator.py
[2024-05-28T18:14:23.919+0000] {logging_mixin.py:188} INFO - [2024-05-28T18:14:23.918+0000] {dag.py:3096} INFO - Sync 3 DAGs
[2024-05-28T18:14:24.072+0000] {logging_mixin.py:188} INFO - [2024-05-28T18:14:24.071+0000] {dag.py:3954} INFO - Setting next_dagrun for example_subdag_operator to 2022-01-01 00:00:00+00:00, run_after=2022-01-01 00:00:00+00:00
[2024-05-28T18:14:24.123+0000] {logging_mixin.py:188} INFO - [2024-05-28T18:14:24.122+0000] {dag.py:3954} INFO - Setting next_dagrun for example_subdag_operator.section-1 to None, run_after=None
[2024-05-28T18:14:24.132+0000] {logging_mixin.py:188} INFO - [2024-05-28T18:14:24.131+0000] {dag.py:3954} INFO - Setting next_dagrun for example_subdag_operator.section-2 to None, run_after=None
[2024-05-28T18:14:24.193+0000] {logging_mixin.py:188} INFO - [2024-05-28T18:14:24.192+0000] {dag.py:3096} INFO - Sync 2 DAGs
[2024-05-28T18:14:24.222+0000] {logging_mixin.py:188} INFO - [2024-05-28T18:14:24.221+0000] {dag.py:3954} INFO - Setting next_dagrun for example_subdag_operator.section-1 to None, run_after=None
[2024-05-28T18:14:24.223+0000] {logging_mixin.py:188} INFO - [2024-05-28T18:14:24.223+0000] {dag.py:3954} INFO - Setting next_dagrun for example_subdag_operator.section-2 to None, run_after=None
[2024-05-28T18:14:24.306+0000] {processor.py:183} INFO - Processing /home/airflow/.local/lib/python3.12/site-packages/airflow/example_dags/example_subdag_operator.py took 0.715 seconds
[2024-05-28T18:14:54.469+0000] {processor.py:161} INFO - Started process (PID=911) to work on /home/airflow/.local/lib/python3.12/site-packages/airflow/example_dags/example_subdag_operator.py
[2024-05-28T18:14:54.473+0000] {processor.py:830} INFO - Processing file /home/airflow/.local/lib/python3.12/site-packages/airflow/example_dags/example_subdag_operator.py for tasks to queue
[2024-05-28T18:14:54.479+0000] {logging_mixin.py:188} INFO - [2024-05-28T18:14:54.478+0000] {dagbag.py:545} INFO - Filling up the DagBag from /home/airflow/.local/lib/python3.12/site-packages/airflow/example_dags/example_subdag_operator.py
[2024-05-28T18:14:54.656+0000] {processor.py:840} INFO - DAG(s) 'example_subdag_operator.section-1', 'example_subdag_operator.section-2', 'example_subdag_operator' retrieved from /home/airflow/.local/lib/python3.12/site-packages/airflow/example_dags/example_subdag_operator.py
[2024-05-28T18:14:54.867+0000] {logging_mixin.py:188} INFO - [2024-05-28T18:14:54.866+0000] {dag.py:3096} INFO - Sync 3 DAGs
[2024-05-28T18:14:55.105+0000] {logging_mixin.py:188} INFO - [2024-05-28T18:14:55.104+0000] {dag.py:3954} INFO - Setting next_dagrun for example_subdag_operator to 2022-01-01 00:00:00+00:00, run_after=2022-01-01 00:00:00+00:00
[2024-05-28T18:14:55.150+0000] {logging_mixin.py:188} INFO - [2024-05-28T18:14:55.149+0000] {dag.py:3954} INFO - Setting next_dagrun for example_subdag_operator.section-1 to None, run_after=None
[2024-05-28T18:14:55.168+0000] {logging_mixin.py:188} INFO - [2024-05-28T18:14:55.166+0000] {dag.py:3954} INFO - Setting next_dagrun for example_subdag_operator.section-2 to None, run_after=None
[2024-05-28T18:14:55.241+0000] {logging_mixin.py:188} INFO - [2024-05-28T18:14:55.238+0000] {dag.py:3096} INFO - Sync 2 DAGs
[2024-05-28T18:14:55.288+0000] {logging_mixin.py:188} INFO - [2024-05-28T18:14:55.288+0000] {dag.py:3954} INFO - Setting next_dagrun for example_subdag_operator.section-1 to None, run_after=None
[2024-05-28T18:14:55.290+0000] {logging_mixin.py:188} INFO - [2024-05-28T18:14:55.289+0000] {dag.py:3954} INFO - Setting next_dagrun for example_subdag_operator.section-2 to None, run_after=None
[2024-05-28T18:14:55.365+0000] {processor.py:183} INFO - Processing /home/airflow/.local/lib/python3.12/site-packages/airflow/example_dags/example_subdag_operator.py took 0.926 seconds
[2024-05-28T18:15:30.123+0000] {processor.py:161} INFO - Started process (PID=969) to work on /home/airflow/.local/lib/python3.12/site-packages/airflow/example_dags/example_subdag_operator.py
[2024-05-28T18:15:30.152+0000] {processor.py:830} INFO - Processing file /home/airflow/.local/lib/python3.12/site-packages/airflow/example_dags/example_subdag_operator.py for tasks to queue
[2024-05-28T18:15:30.160+0000] {logging_mixin.py:188} INFO - [2024-05-28T18:15:30.159+0000] {dagbag.py:545} INFO - Filling up the DagBag from /home/airflow/.local/lib/python3.12/site-packages/airflow/example_dags/example_subdag_operator.py
[2024-05-28T18:15:30.429+0000] {processor.py:840} INFO - DAG(s) 'example_subdag_operator.section-1', 'example_subdag_operator.section-2', 'example_subdag_operator' retrieved from /home/airflow/.local/lib/python3.12/site-packages/airflow/example_dags/example_subdag_operator.py
[2024-05-28T18:15:30.643+0000] {logging_mixin.py:188} INFO - [2024-05-28T18:15:30.642+0000] {dag.py:3096} INFO - Sync 3 DAGs
[2024-05-28T18:15:30.858+0000] {logging_mixin.py:188} INFO - [2024-05-28T18:15:30.857+0000] {dag.py:3954} INFO - Setting next_dagrun for example_subdag_operator to 2022-01-01 00:00:00+00:00, run_after=2022-01-01 00:00:00+00:00
[2024-05-28T18:15:30.889+0000] {logging_mixin.py:188} INFO - [2024-05-28T18:15:30.887+0000] {dag.py:3954} INFO - Setting next_dagrun for example_subdag_operator.section-1 to None, run_after=None
[2024-05-28T18:15:30.909+0000] {logging_mixin.py:188} INFO - [2024-05-28T18:15:30.908+0000] {dag.py:3954} INFO - Setting next_dagrun for example_subdag_operator.section-2 to None, run_after=None
[2024-05-28T18:15:30.974+0000] {logging_mixin.py:188} INFO - [2024-05-28T18:15:30.970+0000] {dag.py:3096} INFO - Sync 2 DAGs
[2024-05-28T18:15:31.022+0000] {logging_mixin.py:188} INFO - [2024-05-28T18:15:31.021+0000] {dag.py:3954} INFO - Setting next_dagrun for example_subdag_operator.section-1 to None, run_after=None
[2024-05-28T18:15:31.025+0000] {logging_mixin.py:188} INFO - [2024-05-28T18:15:31.024+0000] {dag.py:3954} INFO - Setting next_dagrun for example_subdag_operator.section-2 to None, run_after=None
[2024-05-28T18:15:31.129+0000] {processor.py:183} INFO - Processing /home/airflow/.local/lib/python3.12/site-packages/airflow/example_dags/example_subdag_operator.py took 1.065 seconds
[2024-05-28T18:16:03.362+0000] {processor.py:161} INFO - Started process (PID=1027) to work on /home/airflow/.local/lib/python3.12/site-packages/airflow/example_dags/example_subdag_operator.py
[2024-05-28T18:16:03.372+0000] {processor.py:830} INFO - Processing file /home/airflow/.local/lib/python3.12/site-packages/airflow/example_dags/example_subdag_operator.py for tasks to queue
[2024-05-28T18:16:03.406+0000] {logging_mixin.py:188} INFO - [2024-05-28T18:16:03.402+0000] {dagbag.py:545} INFO - Filling up the DagBag from /home/airflow/.local/lib/python3.12/site-packages/airflow/example_dags/example_subdag_operator.py
[2024-05-28T18:16:03.852+0000] {processor.py:840} INFO - DAG(s) 'example_subdag_operator.section-1', 'example_subdag_operator.section-2', 'example_subdag_operator' retrieved from /home/airflow/.local/lib/python3.12/site-packages/airflow/example_dags/example_subdag_operator.py
[2024-05-28T18:16:04.046+0000] {logging_mixin.py:188} INFO - [2024-05-28T18:16:04.045+0000] {dag.py:3096} INFO - Sync 3 DAGs
[2024-05-28T18:16:04.297+0000] {logging_mixin.py:188} INFO - [2024-05-28T18:16:04.296+0000] {dag.py:3954} INFO - Setting next_dagrun for example_subdag_operator to 2022-01-01 00:00:00+00:00, run_after=2022-01-01 00:00:00+00:00
[2024-05-28T18:16:04.343+0000] {logging_mixin.py:188} INFO - [2024-05-28T18:16:04.334+0000] {dag.py:3954} INFO - Setting next_dagrun for example_subdag_operator.section-1 to None, run_after=None
[2024-05-28T18:16:04.364+0000] {logging_mixin.py:188} INFO - [2024-05-28T18:16:04.360+0000] {dag.py:3954} INFO - Setting next_dagrun for example_subdag_operator.section-2 to None, run_after=None
[2024-05-28T18:16:04.429+0000] {logging_mixin.py:188} INFO - [2024-05-28T18:16:04.424+0000] {dag.py:3096} INFO - Sync 2 DAGs
[2024-05-28T18:16:04.474+0000] {logging_mixin.py:188} INFO - [2024-05-28T18:16:04.473+0000] {dag.py:3954} INFO - Setting next_dagrun for example_subdag_operator.section-1 to None, run_after=None
[2024-05-28T18:16:04.476+0000] {logging_mixin.py:188} INFO - [2024-05-28T18:16:04.475+0000] {dag.py:3954} INFO - Setting next_dagrun for example_subdag_operator.section-2 to None, run_after=None
[2024-05-28T18:16:04.610+0000] {processor.py:183} INFO - Processing /home/airflow/.local/lib/python3.12/site-packages/airflow/example_dags/example_subdag_operator.py took 1.334 seconds
[2024-05-28T18:16:34.991+0000] {processor.py:161} INFO - Started process (PID=1086) to work on /home/airflow/.local/lib/python3.12/site-packages/airflow/example_dags/example_subdag_operator.py
[2024-05-28T18:16:34.994+0000] {processor.py:830} INFO - Processing file /home/airflow/.local/lib/python3.12/site-packages/airflow/example_dags/example_subdag_operator.py for tasks to queue
[2024-05-28T18:16:35.012+0000] {logging_mixin.py:188} INFO - [2024-05-28T18:16:35.010+0000] {dagbag.py:545} INFO - Filling up the DagBag from /home/airflow/.local/lib/python3.12/site-packages/airflow/example_dags/example_subdag_operator.py
[2024-05-28T18:16:35.241+0000] {processor.py:840} INFO - DAG(s) 'example_subdag_operator.section-1', 'example_subdag_operator.section-2', 'example_subdag_operator' retrieved from /home/airflow/.local/lib/python3.12/site-packages/airflow/example_dags/example_subdag_operator.py
[2024-05-28T18:16:35.430+0000] {logging_mixin.py:188} INFO - [2024-05-28T18:16:35.422+0000] {dag.py:3096} INFO - Sync 3 DAGs
[2024-05-28T18:16:35.656+0000] {logging_mixin.py:188} INFO - [2024-05-28T18:16:35.654+0000] {dag.py:3954} INFO - Setting next_dagrun for example_subdag_operator to 2022-01-01 00:00:00+00:00, run_after=2022-01-01 00:00:00+00:00
[2024-05-28T18:16:35.712+0000] {logging_mixin.py:188} INFO - [2024-05-28T18:16:35.711+0000] {dag.py:3954} INFO - Setting next_dagrun for example_subdag_operator.section-1 to None, run_after=None
[2024-05-28T18:16:35.726+0000] {logging_mixin.py:188} INFO - [2024-05-28T18:16:35.726+0000] {dag.py:3954} INFO - Setting next_dagrun for example_subdag_operator.section-2 to None, run_after=None
[2024-05-28T18:16:35.800+0000] {logging_mixin.py:188} INFO - [2024-05-28T18:16:35.796+0000] {dag.py:3096} INFO - Sync 2 DAGs
[2024-05-28T18:16:35.859+0000] {logging_mixin.py:188} INFO - [2024-05-28T18:16:35.851+0000] {dag.py:3954} INFO - Setting next_dagrun for example_subdag_operator.section-1 to None, run_after=None
[2024-05-28T18:16:35.865+0000] {logging_mixin.py:188} INFO - [2024-05-28T18:16:35.864+0000] {dag.py:3954} INFO - Setting next_dagrun for example_subdag_operator.section-2 to None, run_after=None
[2024-05-28T18:16:36.025+0000] {processor.py:183} INFO - Processing /home/airflow/.local/lib/python3.12/site-packages/airflow/example_dags/example_subdag_operator.py took 1.099 seconds
[2024-05-28T18:17:09.584+0000] {processor.py:161} INFO - Started process (PID=1144) to work on /home/airflow/.local/lib/python3.12/site-packages/airflow/example_dags/example_subdag_operator.py
[2024-05-28T18:17:09.588+0000] {processor.py:830} INFO - Processing file /home/airflow/.local/lib/python3.12/site-packages/airflow/example_dags/example_subdag_operator.py for tasks to queue
[2024-05-28T18:17:09.591+0000] {logging_mixin.py:188} INFO - [2024-05-28T18:17:09.591+0000] {dagbag.py:545} INFO - Filling up the DagBag from /home/airflow/.local/lib/python3.12/site-packages/airflow/example_dags/example_subdag_operator.py
[2024-05-28T18:17:09.641+0000] {processor.py:840} INFO - DAG(s) 'example_subdag_operator.section-1', 'example_subdag_operator.section-2', 'example_subdag_operator' retrieved from /home/airflow/.local/lib/python3.12/site-packages/airflow/example_dags/example_subdag_operator.py
[2024-05-28T18:17:09.690+0000] {logging_mixin.py:188} INFO - [2024-05-28T18:17:09.689+0000] {dag.py:3096} INFO - Sync 3 DAGs
[2024-05-28T18:17:09.771+0000] {logging_mixin.py:188} INFO - [2024-05-28T18:17:09.770+0000] {dag.py:3954} INFO - Setting next_dagrun for example_subdag_operator to 2022-01-01 00:00:00+00:00, run_after=2022-01-01 00:00:00+00:00
[2024-05-28T18:17:09.780+0000] {logging_mixin.py:188} INFO - [2024-05-28T18:17:09.779+0000] {dag.py:3954} INFO - Setting next_dagrun for example_subdag_operator.section-1 to None, run_after=None
[2024-05-28T18:17:09.783+0000] {logging_mixin.py:188} INFO - [2024-05-28T18:17:09.782+0000] {dag.py:3954} INFO - Setting next_dagrun for example_subdag_operator.section-2 to None, run_after=None
[2024-05-28T18:17:09.804+0000] {logging_mixin.py:188} INFO - [2024-05-28T18:17:09.803+0000] {dag.py:3096} INFO - Sync 2 DAGs
[2024-05-28T18:17:09.815+0000] {logging_mixin.py:188} INFO - [2024-05-28T18:17:09.814+0000] {dag.py:3954} INFO - Setting next_dagrun for example_subdag_operator.section-1 to None, run_after=None
[2024-05-28T18:17:09.816+0000] {logging_mixin.py:188} INFO - [2024-05-28T18:17:09.816+0000] {dag.py:3954} INFO - Setting next_dagrun for example_subdag_operator.section-2 to None, run_after=None
[2024-05-28T18:17:09.839+0000] {processor.py:183} INFO - Processing /home/airflow/.local/lib/python3.12/site-packages/airflow/example_dags/example_subdag_operator.py took 0.270 seconds
[2024-05-28T18:17:40.918+0000] {processor.py:161} INFO - Started process (PID=1202) to work on /home/airflow/.local/lib/python3.12/site-packages/airflow/example_dags/example_subdag_operator.py
[2024-05-28T18:17:40.920+0000] {processor.py:830} INFO - Processing file /home/airflow/.local/lib/python3.12/site-packages/airflow/example_dags/example_subdag_operator.py for tasks to queue
[2024-05-28T18:17:40.925+0000] {logging_mixin.py:188} INFO - [2024-05-28T18:17:40.924+0000] {dagbag.py:545} INFO - Filling up the DagBag from /home/airflow/.local/lib/python3.12/site-packages/airflow/example_dags/example_subdag_operator.py
[2024-05-28T18:17:40.981+0000] {processor.py:840} INFO - DAG(s) 'example_subdag_operator.section-1', 'example_subdag_operator.section-2', 'example_subdag_operator' retrieved from /home/airflow/.local/lib/python3.12/site-packages/airflow/example_dags/example_subdag_operator.py
[2024-05-28T18:17:41.022+0000] {logging_mixin.py:188} INFO - [2024-05-28T18:17:41.021+0000] {dag.py:3096} INFO - Sync 3 DAGs
[2024-05-28T18:17:41.080+0000] {logging_mixin.py:188} INFO - [2024-05-28T18:17:41.079+0000] {dag.py:3954} INFO - Setting next_dagrun for example_subdag_operator to 2022-01-01 00:00:00+00:00, run_after=2022-01-01 00:00:00+00:00
[2024-05-28T18:17:41.089+0000] {logging_mixin.py:188} INFO - [2024-05-28T18:17:41.089+0000] {dag.py:3954} INFO - Setting next_dagrun for example_subdag_operator.section-1 to None, run_after=None
[2024-05-28T18:17:41.092+0000] {logging_mixin.py:188} INFO - [2024-05-28T18:17:41.092+0000] {dag.py:3954} INFO - Setting next_dagrun for example_subdag_operator.section-2 to None, run_after=None
[2024-05-28T18:17:41.112+0000] {logging_mixin.py:188} INFO - [2024-05-28T18:17:41.111+0000] {dag.py:3096} INFO - Sync 2 DAGs
[2024-05-28T18:17:41.125+0000] {logging_mixin.py:188} INFO - [2024-05-28T18:17:41.125+0000] {dag.py:3954} INFO - Setting next_dagrun for example_subdag_operator.section-1 to None, run_after=None
[2024-05-28T18:17:41.126+0000] {logging_mixin.py:188} INFO - [2024-05-28T18:17:41.126+0000] {dag.py:3954} INFO - Setting next_dagrun for example_subdag_operator.section-2 to None, run_after=None
[2024-05-28T18:17:41.152+0000] {processor.py:183} INFO - Processing /home/airflow/.local/lib/python3.12/site-packages/airflow/example_dags/example_subdag_operator.py took 0.251 seconds
[2024-05-28T18:18:11.342+0000] {processor.py:161} INFO - Started process (PID=1261) to work on /home/airflow/.local/lib/python3.12/site-packages/airflow/example_dags/example_subdag_operator.py
[2024-05-28T18:18:11.345+0000] {processor.py:830} INFO - Processing file /home/airflow/.local/lib/python3.12/site-packages/airflow/example_dags/example_subdag_operator.py for tasks to queue
[2024-05-28T18:18:11.351+0000] {logging_mixin.py:188} INFO - [2024-05-28T18:18:11.350+0000] {dagbag.py:545} INFO - Filling up the DagBag from /home/airflow/.local/lib/python3.12/site-packages/airflow/example_dags/example_subdag_operator.py
[2024-05-28T18:18:11.411+0000] {processor.py:840} INFO - DAG(s) 'example_subdag_operator.section-1', 'example_subdag_operator.section-2', 'example_subdag_operator' retrieved from /home/airflow/.local/lib/python3.12/site-packages/airflow/example_dags/example_subdag_operator.py
[2024-05-28T18:18:11.464+0000] {logging_mixin.py:188} INFO - [2024-05-28T18:18:11.463+0000] {dag.py:3096} INFO - Sync 3 DAGs
[2024-05-28T18:18:11.531+0000] {logging_mixin.py:188} INFO - [2024-05-28T18:18:11.530+0000] {dag.py:3954} INFO - Setting next_dagrun for example_subdag_operator to 2022-01-01 00:00:00+00:00, run_after=2022-01-01 00:00:00+00:00
[2024-05-28T18:18:11.540+0000] {logging_mixin.py:188} INFO - [2024-05-28T18:18:11.540+0000] {dag.py:3954} INFO - Setting next_dagrun for example_subdag_operator.section-1 to None, run_after=None
[2024-05-28T18:18:11.546+0000] {logging_mixin.py:188} INFO - [2024-05-28T18:18:11.546+0000] {dag.py:3954} INFO - Setting next_dagrun for example_subdag_operator.section-2 to None, run_after=None
[2024-05-28T18:18:11.568+0000] {logging_mixin.py:188} INFO - [2024-05-28T18:18:11.568+0000] {dag.py:3096} INFO - Sync 2 DAGs
[2024-05-28T18:18:11.582+0000] {logging_mixin.py:188} INFO - [2024-05-28T18:18:11.581+0000] {dag.py:3954} INFO - Setting next_dagrun for example_subdag_operator.section-1 to None, run_after=None
[2024-05-28T18:18:11.583+0000] {logging_mixin.py:188} INFO - [2024-05-28T18:18:11.583+0000] {dag.py:3954} INFO - Setting next_dagrun for example_subdag_operator.section-2 to None, run_after=None
[2024-05-28T18:18:11.613+0000] {processor.py:183} INFO - Processing /home/airflow/.local/lib/python3.12/site-packages/airflow/example_dags/example_subdag_operator.py took 0.289 seconds
[2024-05-28T18:18:42.048+0000] {processor.py:161} INFO - Started process (PID=1318) to work on /home/airflow/.local/lib/python3.12/site-packages/airflow/example_dags/example_subdag_operator.py
[2024-05-28T18:18:42.050+0000] {processor.py:830} INFO - Processing file /home/airflow/.local/lib/python3.12/site-packages/airflow/example_dags/example_subdag_operator.py for tasks to queue
[2024-05-28T18:18:42.056+0000] {logging_mixin.py:188} INFO - [2024-05-28T18:18:42.055+0000] {dagbag.py:545} INFO - Filling up the DagBag from /home/airflow/.local/lib/python3.12/site-packages/airflow/example_dags/example_subdag_operator.py
[2024-05-28T18:18:42.113+0000] {processor.py:840} INFO - DAG(s) 'example_subdag_operator.section-1', 'example_subdag_operator.section-2', 'example_subdag_operator' retrieved from /home/airflow/.local/lib/python3.12/site-packages/airflow/example_dags/example_subdag_operator.py
[2024-05-28T18:18:42.157+0000] {logging_mixin.py:188} INFO - [2024-05-28T18:18:42.156+0000] {dag.py:3096} INFO - Sync 3 DAGs
[2024-05-28T18:18:42.210+0000] {logging_mixin.py:188} INFO - [2024-05-28T18:18:42.209+0000] {dag.py:3954} INFO - Setting next_dagrun for example_subdag_operator to 2022-01-01 00:00:00+00:00, run_after=2022-01-01 00:00:00+00:00
[2024-05-28T18:18:42.220+0000] {logging_mixin.py:188} INFO - [2024-05-28T18:18:42.219+0000] {dag.py:3954} INFO - Setting next_dagrun for example_subdag_operator.section-1 to None, run_after=None
[2024-05-28T18:18:42.223+0000] {logging_mixin.py:188} INFO - [2024-05-28T18:18:42.223+0000] {dag.py:3954} INFO - Setting next_dagrun for example_subdag_operator.section-2 to None, run_after=None
[2024-05-28T18:18:42.239+0000] {logging_mixin.py:188} INFO - [2024-05-28T18:18:42.238+0000] {dag.py:3096} INFO - Sync 2 DAGs
[2024-05-28T18:18:42.253+0000] {logging_mixin.py:188} INFO - [2024-05-28T18:18:42.252+0000] {dag.py:3954} INFO - Setting next_dagrun for example_subdag_operator.section-1 to None, run_after=None
[2024-05-28T18:18:42.254+0000] {logging_mixin.py:188} INFO - [2024-05-28T18:18:42.254+0000] {dag.py:3954} INFO - Setting next_dagrun for example_subdag_operator.section-2 to None, run_after=None
[2024-05-28T18:18:42.280+0000] {processor.py:183} INFO - Processing /home/airflow/.local/lib/python3.12/site-packages/airflow/example_dags/example_subdag_operator.py took 0.250 seconds
[2024-05-28T18:19:13.044+0000] {processor.py:161} INFO - Started process (PID=1375) to work on /home/airflow/.local/lib/python3.12/site-packages/airflow/example_dags/example_subdag_operator.py
[2024-05-28T18:19:13.048+0000] {processor.py:830} INFO - Processing file /home/airflow/.local/lib/python3.12/site-packages/airflow/example_dags/example_subdag_operator.py for tasks to queue
[2024-05-28T18:19:13.057+0000] {logging_mixin.py:188} INFO - [2024-05-28T18:19:13.055+0000] {dagbag.py:545} INFO - Filling up the DagBag from /home/airflow/.local/lib/python3.12/site-packages/airflow/example_dags/example_subdag_operator.py
[2024-05-28T18:19:13.220+0000] {processor.py:840} INFO - DAG(s) 'example_subdag_operator.section-1', 'example_subdag_operator.section-2', 'example_subdag_operator' retrieved from /home/airflow/.local/lib/python3.12/site-packages/airflow/example_dags/example_subdag_operator.py
[2024-05-28T18:19:13.515+0000] {logging_mixin.py:188} INFO - [2024-05-28T18:19:13.515+0000] {dag.py:3096} INFO - Sync 3 DAGs
[2024-05-28T18:19:13.651+0000] {logging_mixin.py:188} INFO - [2024-05-28T18:19:13.649+0000] {dag.py:3954} INFO - Setting next_dagrun for example_subdag_operator to 2022-01-01 00:00:00+00:00, run_after=2022-01-01 00:00:00+00:00
[2024-05-28T18:19:13.691+0000] {logging_mixin.py:188} INFO - [2024-05-28T18:19:13.690+0000] {dag.py:3954} INFO - Setting next_dagrun for example_subdag_operator.section-1 to None, run_after=None
[2024-05-28T18:19:13.708+0000] {logging_mixin.py:188} INFO - [2024-05-28T18:19:13.707+0000] {dag.py:3954} INFO - Setting next_dagrun for example_subdag_operator.section-2 to None, run_after=None
[2024-05-28T18:19:13.812+0000] {logging_mixin.py:188} INFO - [2024-05-28T18:19:13.811+0000] {dag.py:3096} INFO - Sync 2 DAGs
[2024-05-28T18:19:13.897+0000] {logging_mixin.py:188} INFO - [2024-05-28T18:19:13.888+0000] {dag.py:3954} INFO - Setting next_dagrun for example_subdag_operator.section-1 to None, run_after=None
[2024-05-28T18:19:13.907+0000] {logging_mixin.py:188} INFO - [2024-05-28T18:19:13.906+0000] {dag.py:3954} INFO - Setting next_dagrun for example_subdag_operator.section-2 to None, run_after=None
[2024-05-28T18:19:14.070+0000] {processor.py:183} INFO - Processing /home/airflow/.local/lib/python3.12/site-packages/airflow/example_dags/example_subdag_operator.py took 1.068 seconds
[2024-05-28T18:19:44.872+0000] {processor.py:161} INFO - Started process (PID=1433) to work on /home/airflow/.local/lib/python3.12/site-packages/airflow/example_dags/example_subdag_operator.py
[2024-05-28T18:19:44.874+0000] {processor.py:830} INFO - Processing file /home/airflow/.local/lib/python3.12/site-packages/airflow/example_dags/example_subdag_operator.py for tasks to queue
[2024-05-28T18:19:44.878+0000] {logging_mixin.py:188} INFO - [2024-05-28T18:19:44.878+0000] {dagbag.py:545} INFO - Filling up the DagBag from /home/airflow/.local/lib/python3.12/site-packages/airflow/example_dags/example_subdag_operator.py
[2024-05-28T18:19:44.976+0000] {processor.py:840} INFO - DAG(s) 'example_subdag_operator.section-1', 'example_subdag_operator.section-2', 'example_subdag_operator' retrieved from /home/airflow/.local/lib/python3.12/site-packages/airflow/example_dags/example_subdag_operator.py
[2024-05-28T18:19:45.020+0000] {logging_mixin.py:188} INFO - [2024-05-28T18:19:45.019+0000] {dag.py:3096} INFO - Sync 3 DAGs
[2024-05-28T18:19:45.077+0000] {logging_mixin.py:188} INFO - [2024-05-28T18:19:45.076+0000] {dag.py:3954} INFO - Setting next_dagrun for example_subdag_operator to 2022-01-01 00:00:00+00:00, run_after=2022-01-01 00:00:00+00:00
[2024-05-28T18:19:45.091+0000] {logging_mixin.py:188} INFO - [2024-05-28T18:19:45.091+0000] {dag.py:3954} INFO - Setting next_dagrun for example_subdag_operator.section-1 to None, run_after=None
[2024-05-28T18:19:45.096+0000] {logging_mixin.py:188} INFO - [2024-05-28T18:19:45.096+0000] {dag.py:3954} INFO - Setting next_dagrun for example_subdag_operator.section-2 to None, run_after=None
[2024-05-28T18:19:45.122+0000] {logging_mixin.py:188} INFO - [2024-05-28T18:19:45.120+0000] {dag.py:3096} INFO - Sync 2 DAGs
[2024-05-28T18:19:45.141+0000] {logging_mixin.py:188} INFO - [2024-05-28T18:19:45.141+0000] {dag.py:3954} INFO - Setting next_dagrun for example_subdag_operator.section-1 to None, run_after=None
[2024-05-28T18:19:45.143+0000] {logging_mixin.py:188} INFO - [2024-05-28T18:19:45.142+0000] {dag.py:3954} INFO - Setting next_dagrun for example_subdag_operator.section-2 to None, run_after=None
[2024-05-28T18:19:45.173+0000] {processor.py:183} INFO - Processing /home/airflow/.local/lib/python3.12/site-packages/airflow/example_dags/example_subdag_operator.py took 0.325 seconds
[2024-05-28T18:20:16.178+0000] {processor.py:161} INFO - Started process (PID=1491) to work on /home/airflow/.local/lib/python3.12/site-packages/airflow/example_dags/example_subdag_operator.py
[2024-05-28T18:20:16.180+0000] {processor.py:830} INFO - Processing file /home/airflow/.local/lib/python3.12/site-packages/airflow/example_dags/example_subdag_operator.py for tasks to queue
[2024-05-28T18:20:16.183+0000] {logging_mixin.py:188} INFO - [2024-05-28T18:20:16.183+0000] {dagbag.py:545} INFO - Filling up the DagBag from /home/airflow/.local/lib/python3.12/site-packages/airflow/example_dags/example_subdag_operator.py
[2024-05-28T18:20:16.240+0000] {processor.py:840} INFO - DAG(s) 'example_subdag_operator.section-1', 'example_subdag_operator.section-2', 'example_subdag_operator' retrieved from /home/airflow/.local/lib/python3.12/site-packages/airflow/example_dags/example_subdag_operator.py
[2024-05-28T18:20:16.278+0000] {logging_mixin.py:188} INFO - [2024-05-28T18:20:16.278+0000] {dag.py:3096} INFO - Sync 3 DAGs
[2024-05-28T18:20:16.340+0000] {logging_mixin.py:188} INFO - [2024-05-28T18:20:16.339+0000] {dag.py:3954} INFO - Setting next_dagrun for example_subdag_operator to 2022-01-01 00:00:00+00:00, run_after=2022-01-01 00:00:00+00:00
[2024-05-28T18:20:16.358+0000] {logging_mixin.py:188} INFO - [2024-05-28T18:20:16.358+0000] {dag.py:3954} INFO - Setting next_dagrun for example_subdag_operator.section-1 to None, run_after=None
[2024-05-28T18:20:16.362+0000] {logging_mixin.py:188} INFO - [2024-05-28T18:20:16.362+0000] {dag.py:3954} INFO - Setting next_dagrun for example_subdag_operator.section-2 to None, run_after=None
[2024-05-28T18:20:16.392+0000] {logging_mixin.py:188} INFO - [2024-05-28T18:20:16.392+0000] {dag.py:3096} INFO - Sync 2 DAGs
[2024-05-28T18:20:16.421+0000] {logging_mixin.py:188} INFO - [2024-05-28T18:20:16.420+0000] {dag.py:3954} INFO - Setting next_dagrun for example_subdag_operator.section-1 to None, run_after=None
[2024-05-28T18:20:16.423+0000] {logging_mixin.py:188} INFO - [2024-05-28T18:20:16.423+0000] {dag.py:3954} INFO - Setting next_dagrun for example_subdag_operator.section-2 to None, run_after=None
[2024-05-28T18:20:16.468+0000] {processor.py:183} INFO - Processing /home/airflow/.local/lib/python3.12/site-packages/airflow/example_dags/example_subdag_operator.py took 0.304 seconds
[2024-05-28T18:20:55.169+0000] {processor.py:161} INFO - Started process (PID=1559) to work on /home/airflow/.local/lib/python3.12/site-packages/airflow/example_dags/example_subdag_operator.py
[2024-05-28T18:20:55.173+0000] {processor.py:830} INFO - Processing file /home/airflow/.local/lib/python3.12/site-packages/airflow/example_dags/example_subdag_operator.py for tasks to queue
[2024-05-28T18:20:55.181+0000] {logging_mixin.py:188} INFO - [2024-05-28T18:20:55.180+0000] {dagbag.py:545} INFO - Filling up the DagBag from /home/airflow/.local/lib/python3.12/site-packages/airflow/example_dags/example_subdag_operator.py
[2024-05-28T18:20:55.259+0000] {processor.py:840} INFO - DAG(s) 'example_subdag_operator.section-1', 'example_subdag_operator.section-2', 'example_subdag_operator' retrieved from /home/airflow/.local/lib/python3.12/site-packages/airflow/example_dags/example_subdag_operator.py
[2024-05-28T18:20:55.309+0000] {logging_mixin.py:188} INFO - [2024-05-28T18:20:55.309+0000] {dag.py:3096} INFO - Sync 3 DAGs
[2024-05-28T18:20:55.380+0000] {logging_mixin.py:188} INFO - [2024-05-28T18:20:55.379+0000] {dag.py:3954} INFO - Setting next_dagrun for example_subdag_operator to 2022-01-01 00:00:00+00:00, run_after=2022-01-01 00:00:00+00:00
[2024-05-28T18:20:55.396+0000] {logging_mixin.py:188} INFO - [2024-05-28T18:20:55.395+0000] {dag.py:3954} INFO - Setting next_dagrun for example_subdag_operator.section-1 to None, run_after=None
[2024-05-28T18:20:55.400+0000] {logging_mixin.py:188} INFO - [2024-05-28T18:20:55.400+0000] {dag.py:3954} INFO - Setting next_dagrun for example_subdag_operator.section-2 to None, run_after=None
[2024-05-28T18:20:55.417+0000] {logging_mixin.py:188} INFO - [2024-05-28T18:20:55.417+0000] {dag.py:3096} INFO - Sync 2 DAGs
[2024-05-28T18:20:55.432+0000] {logging_mixin.py:188} INFO - [2024-05-28T18:20:55.431+0000] {dag.py:3954} INFO - Setting next_dagrun for example_subdag_operator.section-1 to None, run_after=None
[2024-05-28T18:20:55.433+0000] {logging_mixin.py:188} INFO - [2024-05-28T18:20:55.433+0000] {dag.py:3954} INFO - Setting next_dagrun for example_subdag_operator.section-2 to None, run_after=None
[2024-05-28T18:20:55.476+0000] {processor.py:183} INFO - Processing /home/airflow/.local/lib/python3.12/site-packages/airflow/example_dags/example_subdag_operator.py took 0.335 seconds
[2024-05-28T18:21:29.036+0000] {processor.py:161} INFO - Started process (PID=1617) to work on /home/airflow/.local/lib/python3.12/site-packages/airflow/example_dags/example_subdag_operator.py
[2024-05-28T18:21:29.046+0000] {processor.py:830} INFO - Processing file /home/airflow/.local/lib/python3.12/site-packages/airflow/example_dags/example_subdag_operator.py for tasks to queue
[2024-05-28T18:21:29.058+0000] {logging_mixin.py:188} INFO - [2024-05-28T18:21:29.057+0000] {dagbag.py:545} INFO - Filling up the DagBag from /home/airflow/.local/lib/python3.12/site-packages/airflow/example_dags/example_subdag_operator.py
[2024-05-28T18:21:29.275+0000] {processor.py:840} INFO - DAG(s) 'example_subdag_operator.section-1', 'example_subdag_operator.section-2', 'example_subdag_operator' retrieved from /home/airflow/.local/lib/python3.12/site-packages/airflow/example_dags/example_subdag_operator.py
[2024-05-28T18:21:29.404+0000] {logging_mixin.py:188} INFO - [2024-05-28T18:21:29.402+0000] {dag.py:3096} INFO - Sync 3 DAGs
[2024-05-28T18:21:29.621+0000] {logging_mixin.py:188} INFO - [2024-05-28T18:21:29.620+0000] {dag.py:3954} INFO - Setting next_dagrun for example_subdag_operator to 2022-01-01 00:00:00+00:00, run_after=2022-01-01 00:00:00+00:00
[2024-05-28T18:21:29.658+0000] {logging_mixin.py:188} INFO - [2024-05-28T18:21:29.656+0000] {dag.py:3954} INFO - Setting next_dagrun for example_subdag_operator.section-1 to None, run_after=None
[2024-05-28T18:21:29.694+0000] {logging_mixin.py:188} INFO - [2024-05-28T18:21:29.691+0000] {dag.py:3954} INFO - Setting next_dagrun for example_subdag_operator.section-2 to None, run_after=None
[2024-05-28T18:21:29.755+0000] {logging_mixin.py:188} INFO - [2024-05-28T18:21:29.754+0000] {dag.py:3096} INFO - Sync 2 DAGs
[2024-05-28T18:21:29.797+0000] {logging_mixin.py:188} INFO - [2024-05-28T18:21:29.796+0000] {dag.py:3954} INFO - Setting next_dagrun for example_subdag_operator.section-1 to None, run_after=None
[2024-05-28T18:21:29.800+0000] {logging_mixin.py:188} INFO - [2024-05-28T18:21:29.799+0000] {dag.py:3954} INFO - Setting next_dagrun for example_subdag_operator.section-2 to None, run_after=None
[2024-05-28T18:21:29.894+0000] {processor.py:183} INFO - Processing /home/airflow/.local/lib/python3.12/site-packages/airflow/example_dags/example_subdag_operator.py took 0.925 seconds
