[2024-05-28T18:07:35.371+0000] {processor.py:161} INFO - Started process (PID=94) to work on /home/airflow/.local/lib/python3.12/site-packages/airflow/example_dags/example_datasets.py
[2024-05-28T18:07:35.498+0000] {processor.py:830} INFO - Processing file /home/airflow/.local/lib/python3.12/site-packages/airflow/example_dags/example_datasets.py for tasks to queue
[2024-05-28T18:07:35.580+0000] {logging_mixin.py:188} INFO - [2024-05-28T18:07:35.568+0000] {dagbag.py:545} INFO - Filling up the DagBag from /home/airflow/.local/lib/python3.12/site-packages/airflow/example_dags/example_datasets.py
[2024-05-28T18:07:35.750+0000] {processor.py:840} INFO - DAG(s) 'dataset_produces_1', 'dataset_consumes_1_and_2', 'consume_1_and_2_with_dataset_expressions', 'consume_1_or_both_2_and_3_with_dataset_expressions', 'conditional_dataset_and_time_based_timetable', 'dataset_consumes_1', 'dataset_consumes_unknown_never_scheduled', 'consume_1_or_2_with_dataset_expressions', 'dataset_produces_2', 'dataset_consumes_1_never_scheduled' retrieved from /home/airflow/.local/lib/python3.12/site-packages/airflow/example_dags/example_datasets.py
[2024-05-28T18:07:37.665+0000] {logging_mixin.py:188} INFO - [2024-05-28T18:07:37.663+0000] {dag.py:3096} INFO - Sync 10 DAGs
[2024-05-28T18:07:37.774+0000] {logging_mixin.py:188} INFO - [2024-05-28T18:07:37.773+0000] {dag.py:3954} INFO - Setting next_dagrun for conditional_dataset_and_time_based_timetable to 2024-05-22 01:00:00+00:00, run_after=2024-05-22 01:00:00+00:00
[2024-05-28T18:07:37.802+0000] {logging_mixin.py:188} INFO - [2024-05-28T18:07:37.801+0000] {dag.py:3954} INFO - Setting next_dagrun for consume_1_and_2_with_dataset_expressions to None, run_after=None
[2024-05-28T18:07:37.809+0000] {logging_mixin.py:188} INFO - [2024-05-28T18:07:37.808+0000] {dag.py:3954} INFO - Setting next_dagrun for consume_1_or_2_with_dataset_expressions to None, run_after=None
[2024-05-28T18:07:37.821+0000] {logging_mixin.py:188} INFO - [2024-05-28T18:07:37.819+0000] {dag.py:3954} INFO - Setting next_dagrun for consume_1_or_both_2_and_3_with_dataset_expressions to None, run_after=None
[2024-05-28T18:07:37.836+0000] {logging_mixin.py:188} INFO - [2024-05-28T18:07:37.834+0000] {dag.py:3954} INFO - Setting next_dagrun for dataset_consumes_1 to None, run_after=None
[2024-05-28T18:07:37.871+0000] {logging_mixin.py:188} INFO - [2024-05-28T18:07:37.871+0000] {dag.py:3954} INFO - Setting next_dagrun for dataset_consumes_1_and_2 to None, run_after=None
[2024-05-28T18:07:37.877+0000] {logging_mixin.py:188} INFO - [2024-05-28T18:07:37.877+0000] {dag.py:3954} INFO - Setting next_dagrun for dataset_consumes_1_never_scheduled to None, run_after=None
[2024-05-28T18:07:37.892+0000] {logging_mixin.py:188} INFO - [2024-05-28T18:07:37.892+0000] {dag.py:3954} INFO - Setting next_dagrun for dataset_consumes_unknown_never_scheduled to None, run_after=None
[2024-05-28T18:07:37.918+0000] {logging_mixin.py:188} INFO - [2024-05-28T18:07:37.916+0000] {dag.py:3954} INFO - Setting next_dagrun for dataset_produces_1 to 2024-05-27 00:00:00+00:00, run_after=2024-05-28 00:00:00+00:00
[2024-05-28T18:07:37.936+0000] {logging_mixin.py:188} INFO - [2024-05-28T18:07:37.935+0000] {dag.py:3954} INFO - Setting next_dagrun for dataset_produces_2 to None, run_after=None
[2024-05-28T18:07:38.264+0000] {processor.py:183} INFO - Processing /home/airflow/.local/lib/python3.12/site-packages/airflow/example_dags/example_datasets.py took 2.951 seconds
[2024-05-28T18:08:09.162+0000] {processor.py:161} INFO - Started process (PID=153) to work on /home/airflow/.local/lib/python3.12/site-packages/airflow/example_dags/example_datasets.py
[2024-05-28T18:08:09.194+0000] {processor.py:830} INFO - Processing file /home/airflow/.local/lib/python3.12/site-packages/airflow/example_dags/example_datasets.py for tasks to queue
[2024-05-28T18:08:09.233+0000] {logging_mixin.py:188} INFO - [2024-05-28T18:08:09.232+0000] {dagbag.py:545} INFO - Filling up the DagBag from /home/airflow/.local/lib/python3.12/site-packages/airflow/example_dags/example_datasets.py
[2024-05-28T18:08:09.500+0000] {processor.py:840} INFO - DAG(s) 'consume_1_or_2_with_dataset_expressions', 'conditional_dataset_and_time_based_timetable', 'consume_1_and_2_with_dataset_expressions', 'dataset_produces_1', 'dataset_consumes_unknown_never_scheduled', 'dataset_consumes_1_never_scheduled', 'dataset_consumes_1_and_2', 'dataset_consumes_1', 'dataset_produces_2', 'consume_1_or_both_2_and_3_with_dataset_expressions' retrieved from /home/airflow/.local/lib/python3.12/site-packages/airflow/example_dags/example_datasets.py
[2024-05-28T18:08:10.239+0000] {logging_mixin.py:188} INFO - [2024-05-28T18:08:10.237+0000] {dag.py:3096} INFO - Sync 10 DAGs
[2024-05-28T18:08:10.632+0000] {logging_mixin.py:188} INFO - [2024-05-28T18:08:10.631+0000] {dag.py:3954} INFO - Setting next_dagrun for conditional_dataset_and_time_based_timetable to 2024-05-22 01:00:00+00:00, run_after=2024-05-22 01:00:00+00:00
[2024-05-28T18:08:10.683+0000] {logging_mixin.py:188} INFO - [2024-05-28T18:08:10.682+0000] {dag.py:3954} INFO - Setting next_dagrun for consume_1_and_2_with_dataset_expressions to None, run_after=None
[2024-05-28T18:08:10.701+0000] {logging_mixin.py:188} INFO - [2024-05-28T18:08:10.700+0000] {dag.py:3954} INFO - Setting next_dagrun for consume_1_or_2_with_dataset_expressions to None, run_after=None
[2024-05-28T18:08:10.728+0000] {logging_mixin.py:188} INFO - [2024-05-28T18:08:10.725+0000] {dag.py:3954} INFO - Setting next_dagrun for consume_1_or_both_2_and_3_with_dataset_expressions to None, run_after=None
[2024-05-28T18:08:10.763+0000] {logging_mixin.py:188} INFO - [2024-05-28T18:08:10.762+0000] {dag.py:3954} INFO - Setting next_dagrun for dataset_consumes_1 to None, run_after=None
[2024-05-28T18:08:10.816+0000] {logging_mixin.py:188} INFO - [2024-05-28T18:08:10.816+0000] {dag.py:3954} INFO - Setting next_dagrun for dataset_consumes_1_and_2 to None, run_after=None
[2024-05-28T18:08:10.864+0000] {logging_mixin.py:188} INFO - [2024-05-28T18:08:10.863+0000] {dag.py:3954} INFO - Setting next_dagrun for dataset_consumes_1_never_scheduled to None, run_after=None
[2024-05-28T18:08:10.895+0000] {logging_mixin.py:188} INFO - [2024-05-28T18:08:10.887+0000] {dag.py:3954} INFO - Setting next_dagrun for dataset_consumes_unknown_never_scheduled to None, run_after=None
[2024-05-28T18:08:10.965+0000] {logging_mixin.py:188} INFO - [2024-05-28T18:08:10.964+0000] {dag.py:3954} INFO - Setting next_dagrun for dataset_produces_1 to 2024-05-27 00:00:00+00:00, run_after=2024-05-28 00:00:00+00:00
[2024-05-28T18:08:10.985+0000] {logging_mixin.py:188} INFO - [2024-05-28T18:08:10.984+0000] {dag.py:3954} INFO - Setting next_dagrun for dataset_produces_2 to None, run_after=None
[2024-05-28T18:08:11.453+0000] {processor.py:183} INFO - Processing /home/airflow/.local/lib/python3.12/site-packages/airflow/example_dags/example_datasets.py took 2.414 seconds
[2024-05-28T18:08:42.018+0000] {processor.py:161} INFO - Started process (PID=211) to work on /home/airflow/.local/lib/python3.12/site-packages/airflow/example_dags/example_datasets.py
[2024-05-28T18:08:42.021+0000] {processor.py:830} INFO - Processing file /home/airflow/.local/lib/python3.12/site-packages/airflow/example_dags/example_datasets.py for tasks to queue
[2024-05-28T18:08:42.025+0000] {logging_mixin.py:188} INFO - [2024-05-28T18:08:42.024+0000] {dagbag.py:545} INFO - Filling up the DagBag from /home/airflow/.local/lib/python3.12/site-packages/airflow/example_dags/example_datasets.py
[2024-05-28T18:08:42.069+0000] {processor.py:840} INFO - DAG(s) 'dataset_produces_1', 'consume_1_or_2_with_dataset_expressions', 'dataset_consumes_unknown_never_scheduled', 'dataset_produces_2', 'conditional_dataset_and_time_based_timetable', 'dataset_consumes_1_never_scheduled', 'dataset_consumes_1_and_2', 'dataset_consumes_1', 'consume_1_or_both_2_and_3_with_dataset_expressions', 'consume_1_and_2_with_dataset_expressions' retrieved from /home/airflow/.local/lib/python3.12/site-packages/airflow/example_dags/example_datasets.py
[2024-05-28T18:08:42.234+0000] {logging_mixin.py:188} INFO - [2024-05-28T18:08:42.233+0000] {dag.py:3096} INFO - Sync 10 DAGs
[2024-05-28T18:08:42.337+0000] {logging_mixin.py:188} INFO - [2024-05-28T18:08:42.336+0000] {dag.py:3954} INFO - Setting next_dagrun for conditional_dataset_and_time_based_timetable to 2024-05-22 01:00:00+00:00, run_after=2024-05-22 01:00:00+00:00
[2024-05-28T18:08:42.348+0000] {logging_mixin.py:188} INFO - [2024-05-28T18:08:42.348+0000] {dag.py:3954} INFO - Setting next_dagrun for consume_1_and_2_with_dataset_expressions to None, run_after=None
[2024-05-28T18:08:42.351+0000] {logging_mixin.py:188} INFO - [2024-05-28T18:08:42.351+0000] {dag.py:3954} INFO - Setting next_dagrun for consume_1_or_2_with_dataset_expressions to None, run_after=None
[2024-05-28T18:08:42.356+0000] {logging_mixin.py:188} INFO - [2024-05-28T18:08:42.355+0000] {dag.py:3954} INFO - Setting next_dagrun for consume_1_or_both_2_and_3_with_dataset_expressions to None, run_after=None
[2024-05-28T18:08:42.360+0000] {logging_mixin.py:188} INFO - [2024-05-28T18:08:42.359+0000] {dag.py:3954} INFO - Setting next_dagrun for dataset_consumes_1 to None, run_after=None
[2024-05-28T18:08:42.363+0000] {logging_mixin.py:188} INFO - [2024-05-28T18:08:42.363+0000] {dag.py:3954} INFO - Setting next_dagrun for dataset_consumes_1_and_2 to None, run_after=None
[2024-05-28T18:08:42.368+0000] {logging_mixin.py:188} INFO - [2024-05-28T18:08:42.367+0000] {dag.py:3954} INFO - Setting next_dagrun for dataset_consumes_1_never_scheduled to None, run_after=None
[2024-05-28T18:08:42.371+0000] {logging_mixin.py:188} INFO - [2024-05-28T18:08:42.371+0000] {dag.py:3954} INFO - Setting next_dagrun for dataset_consumes_unknown_never_scheduled to None, run_after=None
[2024-05-28T18:08:42.378+0000] {logging_mixin.py:188} INFO - [2024-05-28T18:08:42.377+0000] {dag.py:3954} INFO - Setting next_dagrun for dataset_produces_1 to 2024-05-27 00:00:00+00:00, run_after=2024-05-28 00:00:00+00:00
[2024-05-28T18:08:42.381+0000] {logging_mixin.py:188} INFO - [2024-05-28T18:08:42.380+0000] {dag.py:3954} INFO - Setting next_dagrun for dataset_produces_2 to None, run_after=None
[2024-05-28T18:08:42.509+0000] {processor.py:183} INFO - Processing /home/airflow/.local/lib/python3.12/site-packages/airflow/example_dags/example_datasets.py took 0.514 seconds
[2024-05-28T18:09:12.789+0000] {processor.py:161} INFO - Started process (PID=269) to work on /home/airflow/.local/lib/python3.12/site-packages/airflow/example_dags/example_datasets.py
[2024-05-28T18:09:12.792+0000] {processor.py:830} INFO - Processing file /home/airflow/.local/lib/python3.12/site-packages/airflow/example_dags/example_datasets.py for tasks to queue
[2024-05-28T18:09:12.796+0000] {logging_mixin.py:188} INFO - [2024-05-28T18:09:12.795+0000] {dagbag.py:545} INFO - Filling up the DagBag from /home/airflow/.local/lib/python3.12/site-packages/airflow/example_dags/example_datasets.py
[2024-05-28T18:09:12.830+0000] {processor.py:840} INFO - DAG(s) 'consume_1_or_both_2_and_3_with_dataset_expressions', 'dataset_consumes_unknown_never_scheduled', 'consume_1_or_2_with_dataset_expressions', 'dataset_consumes_1', 'consume_1_and_2_with_dataset_expressions', 'dataset_consumes_1_never_scheduled', 'dataset_consumes_1_and_2', 'dataset_produces_2', 'conditional_dataset_and_time_based_timetable', 'dataset_produces_1' retrieved from /home/airflow/.local/lib/python3.12/site-packages/airflow/example_dags/example_datasets.py
[2024-05-28T18:09:12.966+0000] {logging_mixin.py:188} INFO - [2024-05-28T18:09:12.966+0000] {dag.py:3096} INFO - Sync 10 DAGs
[2024-05-28T18:09:13.046+0000] {logging_mixin.py:188} INFO - [2024-05-28T18:09:13.046+0000] {dag.py:3954} INFO - Setting next_dagrun for conditional_dataset_and_time_based_timetable to 2024-05-22 01:00:00+00:00, run_after=2024-05-22 01:00:00+00:00
[2024-05-28T18:09:13.057+0000] {logging_mixin.py:188} INFO - [2024-05-28T18:09:13.056+0000] {dag.py:3954} INFO - Setting next_dagrun for consume_1_and_2_with_dataset_expressions to None, run_after=None
[2024-05-28T18:09:13.060+0000] {logging_mixin.py:188} INFO - [2024-05-28T18:09:13.060+0000] {dag.py:3954} INFO - Setting next_dagrun for consume_1_or_2_with_dataset_expressions to None, run_after=None
[2024-05-28T18:09:13.064+0000] {logging_mixin.py:188} INFO - [2024-05-28T18:09:13.064+0000] {dag.py:3954} INFO - Setting next_dagrun for consume_1_or_both_2_and_3_with_dataset_expressions to None, run_after=None
[2024-05-28T18:09:13.068+0000] {logging_mixin.py:188} INFO - [2024-05-28T18:09:13.067+0000] {dag.py:3954} INFO - Setting next_dagrun for dataset_consumes_1 to None, run_after=None
[2024-05-28T18:09:13.071+0000] {logging_mixin.py:188} INFO - [2024-05-28T18:09:13.071+0000] {dag.py:3954} INFO - Setting next_dagrun for dataset_consumes_1_and_2 to None, run_after=None
[2024-05-28T18:09:13.075+0000] {logging_mixin.py:188} INFO - [2024-05-28T18:09:13.075+0000] {dag.py:3954} INFO - Setting next_dagrun for dataset_consumes_1_never_scheduled to None, run_after=None
[2024-05-28T18:09:13.079+0000] {logging_mixin.py:188} INFO - [2024-05-28T18:09:13.079+0000] {dag.py:3954} INFO - Setting next_dagrun for dataset_consumes_unknown_never_scheduled to None, run_after=None
[2024-05-28T18:09:13.089+0000] {logging_mixin.py:188} INFO - [2024-05-28T18:09:13.088+0000] {dag.py:3954} INFO - Setting next_dagrun for dataset_produces_1 to 2024-05-27 00:00:00+00:00, run_after=2024-05-28 00:00:00+00:00
[2024-05-28T18:09:13.095+0000] {logging_mixin.py:188} INFO - [2024-05-28T18:09:13.094+0000] {dag.py:3954} INFO - Setting next_dagrun for dataset_produces_2 to None, run_after=None
[2024-05-28T18:09:13.325+0000] {processor.py:183} INFO - Processing /home/airflow/.local/lib/python3.12/site-packages/airflow/example_dags/example_datasets.py took 0.549 seconds
[2024-05-28T18:09:43.649+0000] {processor.py:161} INFO - Started process (PID=328) to work on /home/airflow/.local/lib/python3.12/site-packages/airflow/example_dags/example_datasets.py
[2024-05-28T18:09:43.652+0000] {processor.py:830} INFO - Processing file /home/airflow/.local/lib/python3.12/site-packages/airflow/example_dags/example_datasets.py for tasks to queue
[2024-05-28T18:09:43.657+0000] {logging_mixin.py:188} INFO - [2024-05-28T18:09:43.656+0000] {dagbag.py:545} INFO - Filling up the DagBag from /home/airflow/.local/lib/python3.12/site-packages/airflow/example_dags/example_datasets.py
[2024-05-28T18:09:43.710+0000] {processor.py:840} INFO - DAG(s) 'dataset_consumes_1_never_scheduled', 'dataset_consumes_unknown_never_scheduled', 'dataset_produces_2', 'conditional_dataset_and_time_based_timetable', 'dataset_produces_1', 'consume_1_and_2_with_dataset_expressions', 'consume_1_or_2_with_dataset_expressions', 'consume_1_or_both_2_and_3_with_dataset_expressions', 'dataset_consumes_1_and_2', 'dataset_consumes_1' retrieved from /home/airflow/.local/lib/python3.12/site-packages/airflow/example_dags/example_datasets.py
[2024-05-28T18:09:44.165+0000] {logging_mixin.py:188} INFO - [2024-05-28T18:09:44.164+0000] {dag.py:3096} INFO - Sync 10 DAGs
[2024-05-28T18:09:44.228+0000] {logging_mixin.py:188} INFO - [2024-05-28T18:09:44.228+0000] {dag.py:3954} INFO - Setting next_dagrun for conditional_dataset_and_time_based_timetable to 2024-05-22 01:00:00+00:00, run_after=2024-05-22 01:00:00+00:00
[2024-05-28T18:09:44.237+0000] {logging_mixin.py:188} INFO - [2024-05-28T18:09:44.236+0000] {dag.py:3954} INFO - Setting next_dagrun for consume_1_and_2_with_dataset_expressions to None, run_after=None
[2024-05-28T18:09:44.242+0000] {logging_mixin.py:188} INFO - [2024-05-28T18:09:44.240+0000] {dag.py:3954} INFO - Setting next_dagrun for consume_1_or_2_with_dataset_expressions to None, run_after=None
[2024-05-28T18:09:44.249+0000] {logging_mixin.py:188} INFO - [2024-05-28T18:09:44.249+0000] {dag.py:3954} INFO - Setting next_dagrun for consume_1_or_both_2_and_3_with_dataset_expressions to None, run_after=None
[2024-05-28T18:09:44.254+0000] {logging_mixin.py:188} INFO - [2024-05-28T18:09:44.254+0000] {dag.py:3954} INFO - Setting next_dagrun for dataset_consumes_1 to None, run_after=None
[2024-05-28T18:09:44.259+0000] {logging_mixin.py:188} INFO - [2024-05-28T18:09:44.258+0000] {dag.py:3954} INFO - Setting next_dagrun for dataset_consumes_1_and_2 to None, run_after=None
[2024-05-28T18:09:44.264+0000] {logging_mixin.py:188} INFO - [2024-05-28T18:09:44.263+0000] {dag.py:3954} INFO - Setting next_dagrun for dataset_consumes_1_never_scheduled to None, run_after=None
[2024-05-28T18:09:44.269+0000] {logging_mixin.py:188} INFO - [2024-05-28T18:09:44.268+0000] {dag.py:3954} INFO - Setting next_dagrun for dataset_consumes_unknown_never_scheduled to None, run_after=None
[2024-05-28T18:09:44.279+0000] {logging_mixin.py:188} INFO - [2024-05-28T18:09:44.278+0000] {dag.py:3954} INFO - Setting next_dagrun for dataset_produces_1 to 2024-05-27 00:00:00+00:00, run_after=2024-05-28 00:00:00+00:00
[2024-05-28T18:09:44.285+0000] {logging_mixin.py:188} INFO - [2024-05-28T18:09:44.285+0000] {dag.py:3954} INFO - Setting next_dagrun for dataset_produces_2 to None, run_after=None
[2024-05-28T18:09:44.404+0000] {processor.py:183} INFO - Processing /home/airflow/.local/lib/python3.12/site-packages/airflow/example_dags/example_datasets.py took 0.775 seconds
[2024-05-28T18:10:14.578+0000] {processor.py:161} INFO - Started process (PID=386) to work on /home/airflow/.local/lib/python3.12/site-packages/airflow/example_dags/example_datasets.py
[2024-05-28T18:10:14.581+0000] {processor.py:830} INFO - Processing file /home/airflow/.local/lib/python3.12/site-packages/airflow/example_dags/example_datasets.py for tasks to queue
[2024-05-28T18:10:14.595+0000] {logging_mixin.py:188} INFO - [2024-05-28T18:10:14.588+0000] {dagbag.py:545} INFO - Filling up the DagBag from /home/airflow/.local/lib/python3.12/site-packages/airflow/example_dags/example_datasets.py
[2024-05-28T18:10:14.690+0000] {processor.py:840} INFO - DAG(s) 'dataset_produces_2', 'dataset_consumes_1_and_2', 'dataset_consumes_1_never_scheduled', 'dataset_consumes_unknown_never_scheduled', 'consume_1_and_2_with_dataset_expressions', 'consume_1_or_both_2_and_3_with_dataset_expressions', 'dataset_produces_1', 'consume_1_or_2_with_dataset_expressions', 'conditional_dataset_and_time_based_timetable', 'dataset_consumes_1' retrieved from /home/airflow/.local/lib/python3.12/site-packages/airflow/example_dags/example_datasets.py
[2024-05-28T18:10:14.905+0000] {logging_mixin.py:188} INFO - [2024-05-28T18:10:14.905+0000] {dag.py:3096} INFO - Sync 10 DAGs
[2024-05-28T18:10:15.040+0000] {logging_mixin.py:188} INFO - [2024-05-28T18:10:15.039+0000] {dag.py:3954} INFO - Setting next_dagrun for conditional_dataset_and_time_based_timetable to 2024-05-22 01:00:00+00:00, run_after=2024-05-22 01:00:00+00:00
[2024-05-28T18:10:15.052+0000] {logging_mixin.py:188} INFO - [2024-05-28T18:10:15.051+0000] {dag.py:3954} INFO - Setting next_dagrun for consume_1_and_2_with_dataset_expressions to None, run_after=None
[2024-05-28T18:10:15.057+0000] {logging_mixin.py:188} INFO - [2024-05-28T18:10:15.056+0000] {dag.py:3954} INFO - Setting next_dagrun for consume_1_or_2_with_dataset_expressions to None, run_after=None
[2024-05-28T18:10:15.069+0000] {logging_mixin.py:188} INFO - [2024-05-28T18:10:15.068+0000] {dag.py:3954} INFO - Setting next_dagrun for consume_1_or_both_2_and_3_with_dataset_expressions to None, run_after=None
[2024-05-28T18:10:15.075+0000] {logging_mixin.py:188} INFO - [2024-05-28T18:10:15.074+0000] {dag.py:3954} INFO - Setting next_dagrun for dataset_consumes_1 to None, run_after=None
[2024-05-28T18:10:15.079+0000] {logging_mixin.py:188} INFO - [2024-05-28T18:10:15.078+0000] {dag.py:3954} INFO - Setting next_dagrun for dataset_consumes_1_and_2 to None, run_after=None
[2024-05-28T18:10:15.082+0000] {logging_mixin.py:188} INFO - [2024-05-28T18:10:15.082+0000] {dag.py:3954} INFO - Setting next_dagrun for dataset_consumes_1_never_scheduled to None, run_after=None
[2024-05-28T18:10:15.088+0000] {logging_mixin.py:188} INFO - [2024-05-28T18:10:15.087+0000] {dag.py:3954} INFO - Setting next_dagrun for dataset_consumes_unknown_never_scheduled to None, run_after=None
[2024-05-28T18:10:15.109+0000] {logging_mixin.py:188} INFO - [2024-05-28T18:10:15.108+0000] {dag.py:3954} INFO - Setting next_dagrun for dataset_produces_1 to 2024-05-27 00:00:00+00:00, run_after=2024-05-28 00:00:00+00:00
[2024-05-28T18:10:15.114+0000] {logging_mixin.py:188} INFO - [2024-05-28T18:10:15.113+0000] {dag.py:3954} INFO - Setting next_dagrun for dataset_produces_2 to None, run_after=None
[2024-05-28T18:10:15.235+0000] {processor.py:183} INFO - Processing /home/airflow/.local/lib/python3.12/site-packages/airflow/example_dags/example_datasets.py took 0.682 seconds
[2024-05-28T18:10:45.861+0000] {processor.py:161} INFO - Started process (PID=444) to work on /home/airflow/.local/lib/python3.12/site-packages/airflow/example_dags/example_datasets.py
[2024-05-28T18:10:45.864+0000] {processor.py:830} INFO - Processing file /home/airflow/.local/lib/python3.12/site-packages/airflow/example_dags/example_datasets.py for tasks to queue
[2024-05-28T18:10:45.869+0000] {logging_mixin.py:188} INFO - [2024-05-28T18:10:45.869+0000] {dagbag.py:545} INFO - Filling up the DagBag from /home/airflow/.local/lib/python3.12/site-packages/airflow/example_dags/example_datasets.py
[2024-05-28T18:10:45.912+0000] {processor.py:840} INFO - DAG(s) 'dataset_consumes_unknown_never_scheduled', 'consume_1_and_2_with_dataset_expressions', 'dataset_produces_2', 'dataset_consumes_1', 'dataset_consumes_1_and_2', 'consume_1_or_both_2_and_3_with_dataset_expressions', 'consume_1_or_2_with_dataset_expressions', 'conditional_dataset_and_time_based_timetable', 'dataset_produces_1', 'dataset_consumes_1_never_scheduled' retrieved from /home/airflow/.local/lib/python3.12/site-packages/airflow/example_dags/example_datasets.py
[2024-05-28T18:10:46.059+0000] {logging_mixin.py:188} INFO - [2024-05-28T18:10:46.058+0000] {dag.py:3096} INFO - Sync 10 DAGs
[2024-05-28T18:10:46.140+0000] {logging_mixin.py:188} INFO - [2024-05-28T18:10:46.139+0000] {dag.py:3954} INFO - Setting next_dagrun for conditional_dataset_and_time_based_timetable to 2024-05-22 01:00:00+00:00, run_after=2024-05-22 01:00:00+00:00
[2024-05-28T18:10:46.160+0000] {logging_mixin.py:188} INFO - [2024-05-28T18:10:46.160+0000] {dag.py:3954} INFO - Setting next_dagrun for consume_1_and_2_with_dataset_expressions to None, run_after=None
[2024-05-28T18:10:46.166+0000] {logging_mixin.py:188} INFO - [2024-05-28T18:10:46.165+0000] {dag.py:3954} INFO - Setting next_dagrun for consume_1_or_2_with_dataset_expressions to None, run_after=None
[2024-05-28T18:10:46.172+0000] {logging_mixin.py:188} INFO - [2024-05-28T18:10:46.171+0000] {dag.py:3954} INFO - Setting next_dagrun for consume_1_or_both_2_and_3_with_dataset_expressions to None, run_after=None
[2024-05-28T18:10:46.177+0000] {logging_mixin.py:188} INFO - [2024-05-28T18:10:46.176+0000] {dag.py:3954} INFO - Setting next_dagrun for dataset_consumes_1 to None, run_after=None
[2024-05-28T18:10:46.181+0000] {logging_mixin.py:188} INFO - [2024-05-28T18:10:46.181+0000] {dag.py:3954} INFO - Setting next_dagrun for dataset_consumes_1_and_2 to None, run_after=None
[2024-05-28T18:10:46.185+0000] {logging_mixin.py:188} INFO - [2024-05-28T18:10:46.185+0000] {dag.py:3954} INFO - Setting next_dagrun for dataset_consumes_1_never_scheduled to None, run_after=None
[2024-05-28T18:10:46.190+0000] {logging_mixin.py:188} INFO - [2024-05-28T18:10:46.189+0000] {dag.py:3954} INFO - Setting next_dagrun for dataset_consumes_unknown_never_scheduled to None, run_after=None
[2024-05-28T18:10:46.196+0000] {logging_mixin.py:188} INFO - [2024-05-28T18:10:46.196+0000] {dag.py:3954} INFO - Setting next_dagrun for dataset_produces_1 to 2024-05-27 00:00:00+00:00, run_after=2024-05-28 00:00:00+00:00
[2024-05-28T18:10:46.203+0000] {logging_mixin.py:188} INFO - [2024-05-28T18:10:46.202+0000] {dag.py:3954} INFO - Setting next_dagrun for dataset_produces_2 to None, run_after=None
[2024-05-28T18:10:46.296+0000] {processor.py:183} INFO - Processing /home/airflow/.local/lib/python3.12/site-packages/airflow/example_dags/example_datasets.py took 0.452 seconds
[2024-05-28T18:11:16.632+0000] {processor.py:161} INFO - Started process (PID=502) to work on /home/airflow/.local/lib/python3.12/site-packages/airflow/example_dags/example_datasets.py
[2024-05-28T18:11:16.634+0000] {processor.py:830} INFO - Processing file /home/airflow/.local/lib/python3.12/site-packages/airflow/example_dags/example_datasets.py for tasks to queue
[2024-05-28T18:11:16.643+0000] {logging_mixin.py:188} INFO - [2024-05-28T18:11:16.642+0000] {dagbag.py:545} INFO - Filling up the DagBag from /home/airflow/.local/lib/python3.12/site-packages/airflow/example_dags/example_datasets.py
[2024-05-28T18:11:16.684+0000] {processor.py:840} INFO - DAG(s) 'consume_1_and_2_with_dataset_expressions', 'dataset_produces_1', 'dataset_consumes_1', 'dataset_consumes_1_never_scheduled', 'dataset_consumes_1_and_2', 'consume_1_or_both_2_and_3_with_dataset_expressions', 'dataset_consumes_unknown_never_scheduled', 'consume_1_or_2_with_dataset_expressions', 'conditional_dataset_and_time_based_timetable', 'dataset_produces_2' retrieved from /home/airflow/.local/lib/python3.12/site-packages/airflow/example_dags/example_datasets.py
[2024-05-28T18:11:16.870+0000] {logging_mixin.py:188} INFO - [2024-05-28T18:11:16.869+0000] {dag.py:3096} INFO - Sync 10 DAGs
[2024-05-28T18:11:16.985+0000] {logging_mixin.py:188} INFO - [2024-05-28T18:11:16.985+0000] {dag.py:3954} INFO - Setting next_dagrun for conditional_dataset_and_time_based_timetable to 2024-05-22 01:00:00+00:00, run_after=2024-05-22 01:00:00+00:00
[2024-05-28T18:11:16.993+0000] {logging_mixin.py:188} INFO - [2024-05-28T18:11:16.993+0000] {dag.py:3954} INFO - Setting next_dagrun for consume_1_and_2_with_dataset_expressions to None, run_after=None
[2024-05-28T18:11:16.999+0000] {logging_mixin.py:188} INFO - [2024-05-28T18:11:16.999+0000] {dag.py:3954} INFO - Setting next_dagrun for consume_1_or_2_with_dataset_expressions to None, run_after=None
[2024-05-28T18:11:17.002+0000] {logging_mixin.py:188} INFO - [2024-05-28T18:11:17.002+0000] {dag.py:3954} INFO - Setting next_dagrun for consume_1_or_both_2_and_3_with_dataset_expressions to None, run_after=None
[2024-05-28T18:11:17.007+0000] {logging_mixin.py:188} INFO - [2024-05-28T18:11:17.006+0000] {dag.py:3954} INFO - Setting next_dagrun for dataset_consumes_1 to None, run_after=None
[2024-05-28T18:11:17.015+0000] {logging_mixin.py:188} INFO - [2024-05-28T18:11:17.013+0000] {dag.py:3954} INFO - Setting next_dagrun for dataset_consumes_1_and_2 to None, run_after=None
[2024-05-28T18:11:17.019+0000] {logging_mixin.py:188} INFO - [2024-05-28T18:11:17.018+0000] {dag.py:3954} INFO - Setting next_dagrun for dataset_consumes_1_never_scheduled to None, run_after=None
[2024-05-28T18:11:17.022+0000] {logging_mixin.py:188} INFO - [2024-05-28T18:11:17.022+0000] {dag.py:3954} INFO - Setting next_dagrun for dataset_consumes_unknown_never_scheduled to None, run_after=None
[2024-05-28T18:11:17.030+0000] {logging_mixin.py:188} INFO - [2024-05-28T18:11:17.029+0000] {dag.py:3954} INFO - Setting next_dagrun for dataset_produces_1 to 2024-05-27 00:00:00+00:00, run_after=2024-05-28 00:00:00+00:00
[2024-05-28T18:11:17.034+0000] {logging_mixin.py:188} INFO - [2024-05-28T18:11:17.033+0000] {dag.py:3954} INFO - Setting next_dagrun for dataset_produces_2 to None, run_after=None
[2024-05-28T18:11:17.142+0000] {processor.py:183} INFO - Processing /home/airflow/.local/lib/python3.12/site-packages/airflow/example_dags/example_datasets.py took 0.528 seconds
[2024-05-28T18:11:48.199+0000] {processor.py:161} INFO - Started process (PID=560) to work on /home/airflow/.local/lib/python3.12/site-packages/airflow/example_dags/example_datasets.py
[2024-05-28T18:11:48.202+0000] {processor.py:830} INFO - Processing file /home/airflow/.local/lib/python3.12/site-packages/airflow/example_dags/example_datasets.py for tasks to queue
[2024-05-28T18:11:48.208+0000] {logging_mixin.py:188} INFO - [2024-05-28T18:11:48.207+0000] {dagbag.py:545} INFO - Filling up the DagBag from /home/airflow/.local/lib/python3.12/site-packages/airflow/example_dags/example_datasets.py
[2024-05-28T18:11:48.252+0000] {processor.py:840} INFO - DAG(s) 'dataset_consumes_1_never_scheduled', 'consume_1_or_2_with_dataset_expressions', 'consume_1_or_both_2_and_3_with_dataset_expressions', 'dataset_consumes_1_and_2', 'consume_1_and_2_with_dataset_expressions', 'dataset_produces_1', 'conditional_dataset_and_time_based_timetable', 'dataset_consumes_unknown_never_scheduled', 'dataset_consumes_1', 'dataset_produces_2' retrieved from /home/airflow/.local/lib/python3.12/site-packages/airflow/example_dags/example_datasets.py
[2024-05-28T18:11:48.379+0000] {logging_mixin.py:188} INFO - [2024-05-28T18:11:48.378+0000] {dag.py:3096} INFO - Sync 10 DAGs
[2024-05-28T18:11:48.489+0000] {logging_mixin.py:188} INFO - [2024-05-28T18:11:48.488+0000] {dag.py:3954} INFO - Setting next_dagrun for conditional_dataset_and_time_based_timetable to 2024-05-22 01:00:00+00:00, run_after=2024-05-22 01:00:00+00:00
[2024-05-28T18:11:48.548+0000] {logging_mixin.py:188} INFO - [2024-05-28T18:11:48.548+0000] {dag.py:3954} INFO - Setting next_dagrun for consume_1_and_2_with_dataset_expressions to None, run_after=None
[2024-05-28T18:11:48.553+0000] {logging_mixin.py:188} INFO - [2024-05-28T18:11:48.552+0000] {dag.py:3954} INFO - Setting next_dagrun for consume_1_or_2_with_dataset_expressions to None, run_after=None
[2024-05-28T18:11:48.561+0000] {logging_mixin.py:188} INFO - [2024-05-28T18:11:48.560+0000] {dag.py:3954} INFO - Setting next_dagrun for consume_1_or_both_2_and_3_with_dataset_expressions to None, run_after=None
[2024-05-28T18:11:48.583+0000] {logging_mixin.py:188} INFO - [2024-05-28T18:11:48.583+0000] {dag.py:3954} INFO - Setting next_dagrun for dataset_consumes_1 to None, run_after=None
[2024-05-28T18:11:48.588+0000] {logging_mixin.py:188} INFO - [2024-05-28T18:11:48.587+0000] {dag.py:3954} INFO - Setting next_dagrun for dataset_consumes_1_and_2 to None, run_after=None
[2024-05-28T18:11:48.592+0000] {logging_mixin.py:188} INFO - [2024-05-28T18:11:48.592+0000] {dag.py:3954} INFO - Setting next_dagrun for dataset_consumes_1_never_scheduled to None, run_after=None
[2024-05-28T18:11:48.597+0000] {logging_mixin.py:188} INFO - [2024-05-28T18:11:48.596+0000] {dag.py:3954} INFO - Setting next_dagrun for dataset_consumes_unknown_never_scheduled to None, run_after=None
[2024-05-28T18:11:48.612+0000] {logging_mixin.py:188} INFO - [2024-05-28T18:11:48.611+0000] {dag.py:3954} INFO - Setting next_dagrun for dataset_produces_1 to 2024-05-27 00:00:00+00:00, run_after=2024-05-28 00:00:00+00:00
[2024-05-28T18:11:48.617+0000] {logging_mixin.py:188} INFO - [2024-05-28T18:11:48.616+0000] {dag.py:3954} INFO - Setting next_dagrun for dataset_produces_2 to None, run_after=None
[2024-05-28T18:11:48.761+0000] {processor.py:183} INFO - Processing /home/airflow/.local/lib/python3.12/site-packages/airflow/example_dags/example_datasets.py took 0.577 seconds
[2024-05-28T18:12:19.021+0000] {processor.py:161} INFO - Started process (PID=619) to work on /home/airflow/.local/lib/python3.12/site-packages/airflow/example_dags/example_datasets.py
[2024-05-28T18:12:19.023+0000] {processor.py:830} INFO - Processing file /home/airflow/.local/lib/python3.12/site-packages/airflow/example_dags/example_datasets.py for tasks to queue
[2024-05-28T18:12:19.029+0000] {logging_mixin.py:188} INFO - [2024-05-28T18:12:19.028+0000] {dagbag.py:545} INFO - Filling up the DagBag from /home/airflow/.local/lib/python3.12/site-packages/airflow/example_dags/example_datasets.py
[2024-05-28T18:12:19.091+0000] {processor.py:840} INFO - DAG(s) 'consume_1_or_both_2_and_3_with_dataset_expressions', 'dataset_consumes_1_and_2', 'dataset_produces_2', 'consume_1_or_2_with_dataset_expressions', 'consume_1_and_2_with_dataset_expressions', 'dataset_produces_1', 'dataset_consumes_1', 'dataset_consumes_1_never_scheduled', 'conditional_dataset_and_time_based_timetable', 'dataset_consumes_unknown_never_scheduled' retrieved from /home/airflow/.local/lib/python3.12/site-packages/airflow/example_dags/example_datasets.py
[2024-05-28T18:12:19.300+0000] {logging_mixin.py:188} INFO - [2024-05-28T18:12:19.299+0000] {dag.py:3096} INFO - Sync 10 DAGs
[2024-05-28T18:12:19.417+0000] {logging_mixin.py:188} INFO - [2024-05-28T18:12:19.416+0000] {dag.py:3954} INFO - Setting next_dagrun for conditional_dataset_and_time_based_timetable to 2024-05-22 01:00:00+00:00, run_after=2024-05-22 01:00:00+00:00
[2024-05-28T18:12:19.444+0000] {logging_mixin.py:188} INFO - [2024-05-28T18:12:19.443+0000] {dag.py:3954} INFO - Setting next_dagrun for consume_1_and_2_with_dataset_expressions to None, run_after=None
[2024-05-28T18:12:19.450+0000] {logging_mixin.py:188} INFO - [2024-05-28T18:12:19.449+0000] {dag.py:3954} INFO - Setting next_dagrun for consume_1_or_2_with_dataset_expressions to None, run_after=None
[2024-05-28T18:12:19.454+0000] {logging_mixin.py:188} INFO - [2024-05-28T18:12:19.453+0000] {dag.py:3954} INFO - Setting next_dagrun for consume_1_or_both_2_and_3_with_dataset_expressions to None, run_after=None
[2024-05-28T18:12:19.457+0000] {logging_mixin.py:188} INFO - [2024-05-28T18:12:19.457+0000] {dag.py:3954} INFO - Setting next_dagrun for dataset_consumes_1 to None, run_after=None
[2024-05-28T18:12:19.461+0000] {logging_mixin.py:188} INFO - [2024-05-28T18:12:19.460+0000] {dag.py:3954} INFO - Setting next_dagrun for dataset_consumes_1_and_2 to None, run_after=None
[2024-05-28T18:12:19.467+0000] {logging_mixin.py:188} INFO - [2024-05-28T18:12:19.466+0000] {dag.py:3954} INFO - Setting next_dagrun for dataset_consumes_1_never_scheduled to None, run_after=None
[2024-05-28T18:12:19.474+0000] {logging_mixin.py:188} INFO - [2024-05-28T18:12:19.473+0000] {dag.py:3954} INFO - Setting next_dagrun for dataset_consumes_unknown_never_scheduled to None, run_after=None
[2024-05-28T18:12:19.495+0000] {logging_mixin.py:188} INFO - [2024-05-28T18:12:19.495+0000] {dag.py:3954} INFO - Setting next_dagrun for dataset_produces_1 to 2024-05-27 00:00:00+00:00, run_after=2024-05-28 00:00:00+00:00
[2024-05-28T18:12:19.514+0000] {logging_mixin.py:188} INFO - [2024-05-28T18:12:19.513+0000] {dag.py:3954} INFO - Setting next_dagrun for dataset_produces_2 to None, run_after=None
[2024-05-28T18:12:19.911+0000] {processor.py:183} INFO - Processing /home/airflow/.local/lib/python3.12/site-packages/airflow/example_dags/example_datasets.py took 0.921 seconds
[2024-05-28T18:12:50.260+0000] {processor.py:161} INFO - Started process (PID=683) to work on /home/airflow/.local/lib/python3.12/site-packages/airflow/example_dags/example_datasets.py
[2024-05-28T18:12:50.262+0000] {processor.py:830} INFO - Processing file /home/airflow/.local/lib/python3.12/site-packages/airflow/example_dags/example_datasets.py for tasks to queue
[2024-05-28T18:12:50.266+0000] {logging_mixin.py:188} INFO - [2024-05-28T18:12:50.266+0000] {dagbag.py:545} INFO - Filling up the DagBag from /home/airflow/.local/lib/python3.12/site-packages/airflow/example_dags/example_datasets.py
[2024-05-28T18:12:50.297+0000] {processor.py:840} INFO - DAG(s) 'dataset_produces_2', 'consume_1_or_both_2_and_3_with_dataset_expressions', 'consume_1_or_2_with_dataset_expressions', 'dataset_produces_1', 'dataset_consumes_unknown_never_scheduled', 'dataset_consumes_1', 'conditional_dataset_and_time_based_timetable', 'consume_1_and_2_with_dataset_expressions', 'dataset_consumes_1_and_2', 'dataset_consumes_1_never_scheduled' retrieved from /home/airflow/.local/lib/python3.12/site-packages/airflow/example_dags/example_datasets.py
[2024-05-28T18:12:50.417+0000] {logging_mixin.py:188} INFO - [2024-05-28T18:12:50.416+0000] {dag.py:3096} INFO - Sync 10 DAGs
[2024-05-28T18:12:50.499+0000] {logging_mixin.py:188} INFO - [2024-05-28T18:12:50.498+0000] {dag.py:3954} INFO - Setting next_dagrun for conditional_dataset_and_time_based_timetable to 2024-05-22 01:00:00+00:00, run_after=2024-05-22 01:00:00+00:00
[2024-05-28T18:12:50.511+0000] {logging_mixin.py:188} INFO - [2024-05-28T18:12:50.511+0000] {dag.py:3954} INFO - Setting next_dagrun for consume_1_and_2_with_dataset_expressions to None, run_after=None
[2024-05-28T18:12:50.516+0000] {logging_mixin.py:188} INFO - [2024-05-28T18:12:50.515+0000] {dag.py:3954} INFO - Setting next_dagrun for consume_1_or_2_with_dataset_expressions to None, run_after=None
[2024-05-28T18:12:50.519+0000] {logging_mixin.py:188} INFO - [2024-05-28T18:12:50.519+0000] {dag.py:3954} INFO - Setting next_dagrun for consume_1_or_both_2_and_3_with_dataset_expressions to None, run_after=None
[2024-05-28T18:12:50.522+0000] {logging_mixin.py:188} INFO - [2024-05-28T18:12:50.521+0000] {dag.py:3954} INFO - Setting next_dagrun for dataset_consumes_1 to None, run_after=None
[2024-05-28T18:12:50.526+0000] {logging_mixin.py:188} INFO - [2024-05-28T18:12:50.525+0000] {dag.py:3954} INFO - Setting next_dagrun for dataset_consumes_1_and_2 to None, run_after=None
[2024-05-28T18:12:50.531+0000] {logging_mixin.py:188} INFO - [2024-05-28T18:12:50.530+0000] {dag.py:3954} INFO - Setting next_dagrun for dataset_consumes_1_never_scheduled to None, run_after=None
[2024-05-28T18:12:50.535+0000] {logging_mixin.py:188} INFO - [2024-05-28T18:12:50.535+0000] {dag.py:3954} INFO - Setting next_dagrun for dataset_consumes_unknown_never_scheduled to None, run_after=None
[2024-05-28T18:12:50.543+0000] {logging_mixin.py:188} INFO - [2024-05-28T18:12:50.542+0000] {dag.py:3954} INFO - Setting next_dagrun for dataset_produces_1 to 2024-05-27 00:00:00+00:00, run_after=2024-05-28 00:00:00+00:00
[2024-05-28T18:12:50.554+0000] {logging_mixin.py:188} INFO - [2024-05-28T18:12:50.552+0000] {dag.py:3954} INFO - Setting next_dagrun for dataset_produces_2 to None, run_after=None
[2024-05-28T18:12:50.686+0000] {processor.py:183} INFO - Processing /home/airflow/.local/lib/python3.12/site-packages/airflow/example_dags/example_datasets.py took 0.440 seconds
[2024-05-28T18:13:21.369+0000] {processor.py:161} INFO - Started process (PID=743) to work on /home/airflow/.local/lib/python3.12/site-packages/airflow/example_dags/example_datasets.py
[2024-05-28T18:13:21.371+0000] {processor.py:830} INFO - Processing file /home/airflow/.local/lib/python3.12/site-packages/airflow/example_dags/example_datasets.py for tasks to queue
[2024-05-28T18:13:21.375+0000] {logging_mixin.py:188} INFO - [2024-05-28T18:13:21.374+0000] {dagbag.py:545} INFO - Filling up the DagBag from /home/airflow/.local/lib/python3.12/site-packages/airflow/example_dags/example_datasets.py
[2024-05-28T18:13:21.411+0000] {processor.py:840} INFO - DAG(s) 'consume_1_or_2_with_dataset_expressions', 'consume_1_or_both_2_and_3_with_dataset_expressions', 'consume_1_and_2_with_dataset_expressions', 'dataset_consumes_1_never_scheduled', 'dataset_produces_1', 'conditional_dataset_and_time_based_timetable', 'dataset_produces_2', 'dataset_consumes_1', 'dataset_consumes_unknown_never_scheduled', 'dataset_consumes_1_and_2' retrieved from /home/airflow/.local/lib/python3.12/site-packages/airflow/example_dags/example_datasets.py
[2024-05-28T18:13:21.558+0000] {logging_mixin.py:188} INFO - [2024-05-28T18:13:21.558+0000] {dag.py:3096} INFO - Sync 10 DAGs
[2024-05-28T18:13:21.626+0000] {logging_mixin.py:188} INFO - [2024-05-28T18:13:21.625+0000] {dag.py:3954} INFO - Setting next_dagrun for conditional_dataset_and_time_based_timetable to 2024-05-22 01:00:00+00:00, run_after=2024-05-22 01:00:00+00:00
[2024-05-28T18:13:21.633+0000] {logging_mixin.py:188} INFO - [2024-05-28T18:13:21.633+0000] {dag.py:3954} INFO - Setting next_dagrun for consume_1_and_2_with_dataset_expressions to None, run_after=None
[2024-05-28T18:13:21.638+0000] {logging_mixin.py:188} INFO - [2024-05-28T18:13:21.637+0000] {dag.py:3954} INFO - Setting next_dagrun for consume_1_or_2_with_dataset_expressions to None, run_after=None
[2024-05-28T18:13:21.642+0000] {logging_mixin.py:188} INFO - [2024-05-28T18:13:21.641+0000] {dag.py:3954} INFO - Setting next_dagrun for consume_1_or_both_2_and_3_with_dataset_expressions to None, run_after=None
[2024-05-28T18:13:21.645+0000] {logging_mixin.py:188} INFO - [2024-05-28T18:13:21.644+0000] {dag.py:3954} INFO - Setting next_dagrun for dataset_consumes_1 to None, run_after=None
[2024-05-28T18:13:21.648+0000] {logging_mixin.py:188} INFO - [2024-05-28T18:13:21.648+0000] {dag.py:3954} INFO - Setting next_dagrun for dataset_consumes_1_and_2 to None, run_after=None
[2024-05-28T18:13:21.653+0000] {logging_mixin.py:188} INFO - [2024-05-28T18:13:21.652+0000] {dag.py:3954} INFO - Setting next_dagrun for dataset_consumes_1_never_scheduled to None, run_after=None
[2024-05-28T18:13:21.657+0000] {logging_mixin.py:188} INFO - [2024-05-28T18:13:21.657+0000] {dag.py:3954} INFO - Setting next_dagrun for dataset_consumes_unknown_never_scheduled to None, run_after=None
[2024-05-28T18:13:21.663+0000] {logging_mixin.py:188} INFO - [2024-05-28T18:13:21.663+0000] {dag.py:3954} INFO - Setting next_dagrun for dataset_produces_1 to 2024-05-27 00:00:00+00:00, run_after=2024-05-28 00:00:00+00:00
[2024-05-28T18:13:21.667+0000] {logging_mixin.py:188} INFO - [2024-05-28T18:13:21.666+0000] {dag.py:3954} INFO - Setting next_dagrun for dataset_produces_2 to None, run_after=None
[2024-05-28T18:13:21.800+0000] {processor.py:183} INFO - Processing /home/airflow/.local/lib/python3.12/site-packages/airflow/example_dags/example_datasets.py took 0.445 seconds
[2024-05-28T18:13:53.377+0000] {processor.py:161} INFO - Started process (PID=798) to work on /home/airflow/.local/lib/python3.12/site-packages/airflow/example_dags/example_datasets.py
[2024-05-28T18:13:53.379+0000] {processor.py:830} INFO - Processing file /home/airflow/.local/lib/python3.12/site-packages/airflow/example_dags/example_datasets.py for tasks to queue
[2024-05-28T18:13:53.383+0000] {logging_mixin.py:188} INFO - [2024-05-28T18:13:53.382+0000] {dagbag.py:545} INFO - Filling up the DagBag from /home/airflow/.local/lib/python3.12/site-packages/airflow/example_dags/example_datasets.py
[2024-05-28T18:13:53.449+0000] {processor.py:840} INFO - DAG(s) 'dataset_produces_1', 'dataset_consumes_unknown_never_scheduled', 'consume_1_or_both_2_and_3_with_dataset_expressions', 'conditional_dataset_and_time_based_timetable', 'dataset_consumes_1', 'dataset_consumes_1_and_2', 'dataset_consumes_1_never_scheduled', 'consume_1_or_2_with_dataset_expressions', 'consume_1_and_2_with_dataset_expressions', 'dataset_produces_2' retrieved from /home/airflow/.local/lib/python3.12/site-packages/airflow/example_dags/example_datasets.py
[2024-05-28T18:13:53.676+0000] {logging_mixin.py:188} INFO - [2024-05-28T18:13:53.675+0000] {dag.py:3096} INFO - Sync 10 DAGs
[2024-05-28T18:13:53.760+0000] {logging_mixin.py:188} INFO - [2024-05-28T18:13:53.759+0000] {dag.py:3954} INFO - Setting next_dagrun for conditional_dataset_and_time_based_timetable to 2024-05-22 01:00:00+00:00, run_after=2024-05-22 01:00:00+00:00
[2024-05-28T18:13:53.774+0000] {logging_mixin.py:188} INFO - [2024-05-28T18:13:53.773+0000] {dag.py:3954} INFO - Setting next_dagrun for consume_1_and_2_with_dataset_expressions to None, run_after=None
[2024-05-28T18:13:53.780+0000] {logging_mixin.py:188} INFO - [2024-05-28T18:13:53.779+0000] {dag.py:3954} INFO - Setting next_dagrun for consume_1_or_2_with_dataset_expressions to None, run_after=None
[2024-05-28T18:13:53.784+0000] {logging_mixin.py:188} INFO - [2024-05-28T18:13:53.784+0000] {dag.py:3954} INFO - Setting next_dagrun for consume_1_or_both_2_and_3_with_dataset_expressions to None, run_after=None
[2024-05-28T18:13:53.788+0000] {logging_mixin.py:188} INFO - [2024-05-28T18:13:53.788+0000] {dag.py:3954} INFO - Setting next_dagrun for dataset_consumes_1 to None, run_after=None
[2024-05-28T18:13:53.793+0000] {logging_mixin.py:188} INFO - [2024-05-28T18:13:53.792+0000] {dag.py:3954} INFO - Setting next_dagrun for dataset_consumes_1_and_2 to None, run_after=None
[2024-05-28T18:13:53.797+0000] {logging_mixin.py:188} INFO - [2024-05-28T18:13:53.797+0000] {dag.py:3954} INFO - Setting next_dagrun for dataset_consumes_1_never_scheduled to None, run_after=None
[2024-05-28T18:13:53.801+0000] {logging_mixin.py:188} INFO - [2024-05-28T18:13:53.800+0000] {dag.py:3954} INFO - Setting next_dagrun for dataset_consumes_unknown_never_scheduled to None, run_after=None
[2024-05-28T18:13:53.808+0000] {logging_mixin.py:188} INFO - [2024-05-28T18:13:53.808+0000] {dag.py:3954} INFO - Setting next_dagrun for dataset_produces_1 to 2024-05-27 00:00:00+00:00, run_after=2024-05-28 00:00:00+00:00
[2024-05-28T18:13:53.814+0000] {logging_mixin.py:188} INFO - [2024-05-28T18:13:53.813+0000] {dag.py:3954} INFO - Setting next_dagrun for dataset_produces_2 to None, run_after=None
[2024-05-28T18:13:53.927+0000] {processor.py:183} INFO - Processing /home/airflow/.local/lib/python3.12/site-packages/airflow/example_dags/example_datasets.py took 0.575 seconds
[2024-05-28T18:14:24.533+0000] {processor.py:161} INFO - Started process (PID=856) to work on /home/airflow/.local/lib/python3.12/site-packages/airflow/example_dags/example_datasets.py
[2024-05-28T18:14:24.541+0000] {processor.py:830} INFO - Processing file /home/airflow/.local/lib/python3.12/site-packages/airflow/example_dags/example_datasets.py for tasks to queue
[2024-05-28T18:14:24.553+0000] {logging_mixin.py:188} INFO - [2024-05-28T18:14:24.552+0000] {dagbag.py:545} INFO - Filling up the DagBag from /home/airflow/.local/lib/python3.12/site-packages/airflow/example_dags/example_datasets.py
[2024-05-28T18:14:24.687+0000] {processor.py:840} INFO - DAG(s) 'dataset_produces_1', 'consume_1_or_both_2_and_3_with_dataset_expressions', 'dataset_consumes_unknown_never_scheduled', 'dataset_consumes_1_never_scheduled', 'conditional_dataset_and_time_based_timetable', 'consume_1_and_2_with_dataset_expressions', 'dataset_consumes_1', 'consume_1_or_2_with_dataset_expressions', 'dataset_produces_2', 'dataset_consumes_1_and_2' retrieved from /home/airflow/.local/lib/python3.12/site-packages/airflow/example_dags/example_datasets.py
[2024-05-28T18:14:25.209+0000] {logging_mixin.py:188} INFO - [2024-05-28T18:14:25.208+0000] {dag.py:3096} INFO - Sync 10 DAGs
[2024-05-28T18:14:25.646+0000] {logging_mixin.py:188} INFO - [2024-05-28T18:14:25.644+0000] {dag.py:3954} INFO - Setting next_dagrun for conditional_dataset_and_time_based_timetable to 2024-05-22 01:00:00+00:00, run_after=2024-05-22 01:00:00+00:00
[2024-05-28T18:14:25.780+0000] {logging_mixin.py:188} INFO - [2024-05-28T18:14:25.778+0000] {dag.py:3954} INFO - Setting next_dagrun for consume_1_and_2_with_dataset_expressions to None, run_after=None
[2024-05-28T18:14:25.832+0000] {logging_mixin.py:188} INFO - [2024-05-28T18:14:25.831+0000] {dag.py:3954} INFO - Setting next_dagrun for consume_1_or_2_with_dataset_expressions to None, run_after=None
[2024-05-28T18:14:25.846+0000] {logging_mixin.py:188} INFO - [2024-05-28T18:14:25.845+0000] {dag.py:3954} INFO - Setting next_dagrun for consume_1_or_both_2_and_3_with_dataset_expressions to None, run_after=None
[2024-05-28T18:14:25.877+0000] {logging_mixin.py:188} INFO - [2024-05-28T18:14:25.876+0000] {dag.py:3954} INFO - Setting next_dagrun for dataset_consumes_1 to None, run_after=None
[2024-05-28T18:14:25.897+0000] {logging_mixin.py:188} INFO - [2024-05-28T18:14:25.895+0000] {dag.py:3954} INFO - Setting next_dagrun for dataset_consumes_1_and_2 to None, run_after=None
[2024-05-28T18:14:25.923+0000] {logging_mixin.py:188} INFO - [2024-05-28T18:14:25.922+0000] {dag.py:3954} INFO - Setting next_dagrun for dataset_consumes_1_never_scheduled to None, run_after=None
[2024-05-28T18:14:25.939+0000] {logging_mixin.py:188} INFO - [2024-05-28T18:14:25.938+0000] {dag.py:3954} INFO - Setting next_dagrun for dataset_consumes_unknown_never_scheduled to None, run_after=None
[2024-05-28T18:14:25.949+0000] {logging_mixin.py:188} INFO - [2024-05-28T18:14:25.948+0000] {dag.py:3954} INFO - Setting next_dagrun for dataset_produces_1 to 2024-05-27 00:00:00+00:00, run_after=2024-05-28 00:00:00+00:00
[2024-05-28T18:14:25.956+0000] {logging_mixin.py:188} INFO - [2024-05-28T18:14:25.955+0000] {dag.py:3954} INFO - Setting next_dagrun for dataset_produces_2 to None, run_after=None
[2024-05-28T18:14:26.165+0000] {processor.py:183} INFO - Processing /home/airflow/.local/lib/python3.12/site-packages/airflow/example_dags/example_datasets.py took 1.695 seconds
[2024-05-28T18:14:57.020+0000] {processor.py:161} INFO - Started process (PID=912) to work on /home/airflow/.local/lib/python3.12/site-packages/airflow/example_dags/example_datasets.py
[2024-05-28T18:14:57.034+0000] {processor.py:830} INFO - Processing file /home/airflow/.local/lib/python3.12/site-packages/airflow/example_dags/example_datasets.py for tasks to queue
[2024-05-28T18:14:57.041+0000] {logging_mixin.py:188} INFO - [2024-05-28T18:14:57.040+0000] {dagbag.py:545} INFO - Filling up the DagBag from /home/airflow/.local/lib/python3.12/site-packages/airflow/example_dags/example_datasets.py
[2024-05-28T18:14:57.182+0000] {processor.py:840} INFO - DAG(s) 'dataset_consumes_1', 'consume_1_or_both_2_and_3_with_dataset_expressions', 'dataset_consumes_1_never_scheduled', 'dataset_consumes_unknown_never_scheduled', 'dataset_produces_2', 'consume_1_or_2_with_dataset_expressions', 'consume_1_and_2_with_dataset_expressions', 'dataset_consumes_1_and_2', 'dataset_produces_1', 'conditional_dataset_and_time_based_timetable' retrieved from /home/airflow/.local/lib/python3.12/site-packages/airflow/example_dags/example_datasets.py
[2024-05-28T18:14:57.547+0000] {logging_mixin.py:188} INFO - [2024-05-28T18:14:57.544+0000] {dag.py:3096} INFO - Sync 10 DAGs
[2024-05-28T18:14:57.722+0000] {logging_mixin.py:188} INFO - [2024-05-28T18:14:57.719+0000] {dag.py:3954} INFO - Setting next_dagrun for conditional_dataset_and_time_based_timetable to 2024-05-22 01:00:00+00:00, run_after=2024-05-22 01:00:00+00:00
[2024-05-28T18:14:57.769+0000] {logging_mixin.py:188} INFO - [2024-05-28T18:14:57.767+0000] {dag.py:3954} INFO - Setting next_dagrun for consume_1_and_2_with_dataset_expressions to None, run_after=None
[2024-05-28T18:14:57.784+0000] {logging_mixin.py:188} INFO - [2024-05-28T18:14:57.782+0000] {dag.py:3954} INFO - Setting next_dagrun for consume_1_or_2_with_dataset_expressions to None, run_after=None
[2024-05-28T18:14:57.789+0000] {logging_mixin.py:188} INFO - [2024-05-28T18:14:57.789+0000] {dag.py:3954} INFO - Setting next_dagrun for consume_1_or_both_2_and_3_with_dataset_expressions to None, run_after=None
[2024-05-28T18:14:57.796+0000] {logging_mixin.py:188} INFO - [2024-05-28T18:14:57.795+0000] {dag.py:3954} INFO - Setting next_dagrun for dataset_consumes_1 to None, run_after=None
[2024-05-28T18:14:57.802+0000] {logging_mixin.py:188} INFO - [2024-05-28T18:14:57.801+0000] {dag.py:3954} INFO - Setting next_dagrun for dataset_consumes_1_and_2 to None, run_after=None
[2024-05-28T18:14:57.821+0000] {logging_mixin.py:188} INFO - [2024-05-28T18:14:57.820+0000] {dag.py:3954} INFO - Setting next_dagrun for dataset_consumes_1_never_scheduled to None, run_after=None
[2024-05-28T18:14:57.856+0000] {logging_mixin.py:188} INFO - [2024-05-28T18:14:57.854+0000] {dag.py:3954} INFO - Setting next_dagrun for dataset_consumes_unknown_never_scheduled to None, run_after=None
[2024-05-28T18:14:57.935+0000] {logging_mixin.py:188} INFO - [2024-05-28T18:14:57.935+0000] {dag.py:3954} INFO - Setting next_dagrun for dataset_produces_1 to 2024-05-27 00:00:00+00:00, run_after=2024-05-28 00:00:00+00:00
[2024-05-28T18:14:57.959+0000] {logging_mixin.py:188} INFO - [2024-05-28T18:14:57.945+0000] {dag.py:3954} INFO - Setting next_dagrun for dataset_produces_2 to None, run_after=None
[2024-05-28T18:14:58.348+0000] {processor.py:183} INFO - Processing /home/airflow/.local/lib/python3.12/site-packages/airflow/example_dags/example_datasets.py took 1.397 seconds
[2024-05-28T18:15:30.771+0000] {processor.py:161} INFO - Started process (PID=970) to work on /home/airflow/.local/lib/python3.12/site-packages/airflow/example_dags/example_datasets.py
[2024-05-28T18:15:30.775+0000] {processor.py:830} INFO - Processing file /home/airflow/.local/lib/python3.12/site-packages/airflow/example_dags/example_datasets.py for tasks to queue
[2024-05-28T18:15:30.800+0000] {logging_mixin.py:188} INFO - [2024-05-28T18:15:30.796+0000] {dagbag.py:545} INFO - Filling up the DagBag from /home/airflow/.local/lib/python3.12/site-packages/airflow/example_dags/example_datasets.py
[2024-05-28T18:15:30.914+0000] {processor.py:840} INFO - DAG(s) 'dataset_produces_1', 'dataset_consumes_1', 'conditional_dataset_and_time_based_timetable', 'dataset_consumes_unknown_never_scheduled', 'dataset_consumes_1_and_2', 'consume_1_and_2_with_dataset_expressions', 'consume_1_or_both_2_and_3_with_dataset_expressions', 'dataset_consumes_1_never_scheduled', 'dataset_produces_2', 'consume_1_or_2_with_dataset_expressions' retrieved from /home/airflow/.local/lib/python3.12/site-packages/airflow/example_dags/example_datasets.py
[2024-05-28T18:15:31.439+0000] {logging_mixin.py:188} INFO - [2024-05-28T18:15:31.428+0000] {dag.py:3096} INFO - Sync 10 DAGs
[2024-05-28T18:15:31.678+0000] {logging_mixin.py:188} INFO - [2024-05-28T18:15:31.677+0000] {dag.py:3954} INFO - Setting next_dagrun for conditional_dataset_and_time_based_timetable to 2024-05-22 01:00:00+00:00, run_after=2024-05-22 01:00:00+00:00
[2024-05-28T18:15:31.732+0000] {logging_mixin.py:188} INFO - [2024-05-28T18:15:31.727+0000] {dag.py:3954} INFO - Setting next_dagrun for consume_1_and_2_with_dataset_expressions to None, run_after=None
[2024-05-28T18:15:31.751+0000] {logging_mixin.py:188} INFO - [2024-05-28T18:15:31.749+0000] {dag.py:3954} INFO - Setting next_dagrun for consume_1_or_2_with_dataset_expressions to None, run_after=None
[2024-05-28T18:15:31.769+0000] {logging_mixin.py:188} INFO - [2024-05-28T18:15:31.767+0000] {dag.py:3954} INFO - Setting next_dagrun for consume_1_or_both_2_and_3_with_dataset_expressions to None, run_after=None
[2024-05-28T18:15:31.781+0000] {logging_mixin.py:188} INFO - [2024-05-28T18:15:31.778+0000] {dag.py:3954} INFO - Setting next_dagrun for dataset_consumes_1 to None, run_after=None
[2024-05-28T18:15:31.802+0000] {logging_mixin.py:188} INFO - [2024-05-28T18:15:31.800+0000] {dag.py:3954} INFO - Setting next_dagrun for dataset_consumes_1_and_2 to None, run_after=None
[2024-05-28T18:15:31.810+0000] {logging_mixin.py:188} INFO - [2024-05-28T18:15:31.809+0000] {dag.py:3954} INFO - Setting next_dagrun for dataset_consumes_1_never_scheduled to None, run_after=None
[2024-05-28T18:15:31.830+0000] {logging_mixin.py:188} INFO - [2024-05-28T18:15:31.829+0000] {dag.py:3954} INFO - Setting next_dagrun for dataset_consumes_unknown_never_scheduled to None, run_after=None
[2024-05-28T18:15:31.860+0000] {logging_mixin.py:188} INFO - [2024-05-28T18:15:31.859+0000] {dag.py:3954} INFO - Setting next_dagrun for dataset_produces_1 to 2024-05-27 00:00:00+00:00, run_after=2024-05-28 00:00:00+00:00
[2024-05-28T18:15:31.868+0000] {logging_mixin.py:188} INFO - [2024-05-28T18:15:31.867+0000] {dag.py:3954} INFO - Setting next_dagrun for dataset_produces_2 to None, run_after=None
[2024-05-28T18:15:32.216+0000] {processor.py:183} INFO - Processing /home/airflow/.local/lib/python3.12/site-packages/airflow/example_dags/example_datasets.py took 1.495 seconds
[2024-05-28T18:16:06.063+0000] {processor.py:161} INFO - Started process (PID=1030) to work on /home/airflow/.local/lib/python3.12/site-packages/airflow/example_dags/example_datasets.py
[2024-05-28T18:16:06.076+0000] {processor.py:830} INFO - Processing file /home/airflow/.local/lib/python3.12/site-packages/airflow/example_dags/example_datasets.py for tasks to queue
[2024-05-28T18:16:06.095+0000] {logging_mixin.py:188} INFO - [2024-05-28T18:16:06.093+0000] {dagbag.py:545} INFO - Filling up the DagBag from /home/airflow/.local/lib/python3.12/site-packages/airflow/example_dags/example_datasets.py
[2024-05-28T18:16:06.238+0000] {processor.py:840} INFO - DAG(s) 'consume_1_and_2_with_dataset_expressions', 'consume_1_or_2_with_dataset_expressions', 'dataset_consumes_1_and_2', 'dataset_consumes_1_never_scheduled', 'dataset_produces_1', 'dataset_produces_2', 'consume_1_or_both_2_and_3_with_dataset_expressions', 'dataset_consumes_unknown_never_scheduled', 'conditional_dataset_and_time_based_timetable', 'dataset_consumes_1' retrieved from /home/airflow/.local/lib/python3.12/site-packages/airflow/example_dags/example_datasets.py
[2024-05-28T18:16:06.681+0000] {logging_mixin.py:188} INFO - [2024-05-28T18:16:06.676+0000] {dag.py:3096} INFO - Sync 10 DAGs
[2024-05-28T18:16:07.165+0000] {logging_mixin.py:188} INFO - [2024-05-28T18:16:07.164+0000] {dag.py:3954} INFO - Setting next_dagrun for conditional_dataset_and_time_based_timetable to 2024-05-22 01:00:00+00:00, run_after=2024-05-22 01:00:00+00:00
[2024-05-28T18:16:07.231+0000] {logging_mixin.py:188} INFO - [2024-05-28T18:16:07.231+0000] {dag.py:3954} INFO - Setting next_dagrun for consume_1_and_2_with_dataset_expressions to None, run_after=None
[2024-05-28T18:16:07.247+0000] {logging_mixin.py:188} INFO - [2024-05-28T18:16:07.246+0000] {dag.py:3954} INFO - Setting next_dagrun for consume_1_or_2_with_dataset_expressions to None, run_after=None
[2024-05-28T18:16:07.278+0000] {logging_mixin.py:188} INFO - [2024-05-28T18:16:07.274+0000] {dag.py:3954} INFO - Setting next_dagrun for consume_1_or_both_2_and_3_with_dataset_expressions to None, run_after=None
[2024-05-28T18:16:07.295+0000] {logging_mixin.py:188} INFO - [2024-05-28T18:16:07.294+0000] {dag.py:3954} INFO - Setting next_dagrun for dataset_consumes_1 to None, run_after=None
[2024-05-28T18:16:07.317+0000] {logging_mixin.py:188} INFO - [2024-05-28T18:16:07.316+0000] {dag.py:3954} INFO - Setting next_dagrun for dataset_consumes_1_and_2 to None, run_after=None
[2024-05-28T18:16:07.325+0000] {logging_mixin.py:188} INFO - [2024-05-28T18:16:07.323+0000] {dag.py:3954} INFO - Setting next_dagrun for dataset_consumes_1_never_scheduled to None, run_after=None
[2024-05-28T18:16:07.349+0000] {logging_mixin.py:188} INFO - [2024-05-28T18:16:07.343+0000] {dag.py:3954} INFO - Setting next_dagrun for dataset_consumes_unknown_never_scheduled to None, run_after=None
[2024-05-28T18:16:07.391+0000] {logging_mixin.py:188} INFO - [2024-05-28T18:16:07.390+0000] {dag.py:3954} INFO - Setting next_dagrun for dataset_produces_1 to 2024-05-27 00:00:00+00:00, run_after=2024-05-28 00:00:00+00:00
[2024-05-28T18:16:07.412+0000] {logging_mixin.py:188} INFO - [2024-05-28T18:16:07.412+0000] {dag.py:3954} INFO - Setting next_dagrun for dataset_produces_2 to None, run_after=None
[2024-05-28T18:16:07.899+0000] {processor.py:183} INFO - Processing /home/airflow/.local/lib/python3.12/site-packages/airflow/example_dags/example_datasets.py took 1.866 seconds
[2024-05-28T18:16:38.260+0000] {processor.py:161} INFO - Started process (PID=1090) to work on /home/airflow/.local/lib/python3.12/site-packages/airflow/example_dags/example_datasets.py
[2024-05-28T18:16:38.270+0000] {processor.py:830} INFO - Processing file /home/airflow/.local/lib/python3.12/site-packages/airflow/example_dags/example_datasets.py for tasks to queue
[2024-05-28T18:16:38.293+0000] {logging_mixin.py:188} INFO - [2024-05-28T18:16:38.291+0000] {dagbag.py:545} INFO - Filling up the DagBag from /home/airflow/.local/lib/python3.12/site-packages/airflow/example_dags/example_datasets.py
[2024-05-28T18:16:38.397+0000] {processor.py:840} INFO - DAG(s) 'dataset_consumes_1_never_scheduled', 'dataset_consumes_1_and_2', 'conditional_dataset_and_time_based_timetable', 'dataset_consumes_1', 'dataset_consumes_unknown_never_scheduled', 'dataset_produces_2', 'consume_1_or_2_with_dataset_expressions', 'consume_1_and_2_with_dataset_expressions', 'dataset_produces_1', 'consume_1_or_both_2_and_3_with_dataset_expressions' retrieved from /home/airflow/.local/lib/python3.12/site-packages/airflow/example_dags/example_datasets.py
[2024-05-28T18:16:38.763+0000] {logging_mixin.py:188} INFO - [2024-05-28T18:16:38.762+0000] {dag.py:3096} INFO - Sync 10 DAGs
[2024-05-28T18:16:39.111+0000] {logging_mixin.py:188} INFO - [2024-05-28T18:16:39.110+0000] {dag.py:3954} INFO - Setting next_dagrun for conditional_dataset_and_time_based_timetable to 2024-05-22 01:00:00+00:00, run_after=2024-05-22 01:00:00+00:00
[2024-05-28T18:16:39.159+0000] {logging_mixin.py:188} INFO - [2024-05-28T18:16:39.158+0000] {dag.py:3954} INFO - Setting next_dagrun for consume_1_and_2_with_dataset_expressions to None, run_after=None
[2024-05-28T18:16:39.177+0000] {logging_mixin.py:188} INFO - [2024-05-28T18:16:39.173+0000] {dag.py:3954} INFO - Setting next_dagrun for consume_1_or_2_with_dataset_expressions to None, run_after=None
[2024-05-28T18:16:39.201+0000] {logging_mixin.py:188} INFO - [2024-05-28T18:16:39.200+0000] {dag.py:3954} INFO - Setting next_dagrun for consume_1_or_both_2_and_3_with_dataset_expressions to None, run_after=None
[2024-05-28T18:16:39.212+0000] {logging_mixin.py:188} INFO - [2024-05-28T18:16:39.210+0000] {dag.py:3954} INFO - Setting next_dagrun for dataset_consumes_1 to None, run_after=None
[2024-05-28T18:16:39.245+0000] {logging_mixin.py:188} INFO - [2024-05-28T18:16:39.242+0000] {dag.py:3954} INFO - Setting next_dagrun for dataset_consumes_1_and_2 to None, run_after=None
[2024-05-28T18:16:39.258+0000] {logging_mixin.py:188} INFO - [2024-05-28T18:16:39.257+0000] {dag.py:3954} INFO - Setting next_dagrun for dataset_consumes_1_never_scheduled to None, run_after=None
[2024-05-28T18:16:39.276+0000] {logging_mixin.py:188} INFO - [2024-05-28T18:16:39.275+0000] {dag.py:3954} INFO - Setting next_dagrun for dataset_consumes_unknown_never_scheduled to None, run_after=None
[2024-05-28T18:16:39.300+0000] {logging_mixin.py:188} INFO - [2024-05-28T18:16:39.299+0000] {dag.py:3954} INFO - Setting next_dagrun for dataset_produces_1 to 2024-05-27 00:00:00+00:00, run_after=2024-05-28 00:00:00+00:00
[2024-05-28T18:16:39.312+0000] {logging_mixin.py:188} INFO - [2024-05-28T18:16:39.311+0000] {dag.py:3954} INFO - Setting next_dagrun for dataset_produces_2 to None, run_after=None
[2024-05-28T18:16:39.845+0000] {processor.py:183} INFO - Processing /home/airflow/.local/lib/python3.12/site-packages/airflow/example_dags/example_datasets.py took 1.635 seconds
[2024-05-28T18:17:10.336+0000] {processor.py:161} INFO - Started process (PID=1147) to work on /home/airflow/.local/lib/python3.12/site-packages/airflow/example_dags/example_datasets.py
[2024-05-28T18:17:10.338+0000] {processor.py:830} INFO - Processing file /home/airflow/.local/lib/python3.12/site-packages/airflow/example_dags/example_datasets.py for tasks to queue
[2024-05-28T18:17:10.341+0000] {logging_mixin.py:188} INFO - [2024-05-28T18:17:10.341+0000] {dagbag.py:545} INFO - Filling up the DagBag from /home/airflow/.local/lib/python3.12/site-packages/airflow/example_dags/example_datasets.py
[2024-05-28T18:17:10.376+0000] {processor.py:840} INFO - DAG(s) 'dataset_consumes_1', 'conditional_dataset_and_time_based_timetable', 'dataset_produces_2', 'consume_1_and_2_with_dataset_expressions', 'dataset_consumes_1_never_scheduled', 'consume_1_or_both_2_and_3_with_dataset_expressions', 'dataset_consumes_1_and_2', 'consume_1_or_2_with_dataset_expressions', 'dataset_produces_1', 'dataset_consumes_unknown_never_scheduled' retrieved from /home/airflow/.local/lib/python3.12/site-packages/airflow/example_dags/example_datasets.py
[2024-05-28T18:17:10.489+0000] {logging_mixin.py:188} INFO - [2024-05-28T18:17:10.489+0000] {dag.py:3096} INFO - Sync 10 DAGs
[2024-05-28T18:17:10.540+0000] {logging_mixin.py:188} INFO - [2024-05-28T18:17:10.539+0000] {dag.py:3954} INFO - Setting next_dagrun for conditional_dataset_and_time_based_timetable to 2024-05-22 01:00:00+00:00, run_after=2024-05-22 01:00:00+00:00
[2024-05-28T18:17:10.550+0000] {logging_mixin.py:188} INFO - [2024-05-28T18:17:10.549+0000] {dag.py:3954} INFO - Setting next_dagrun for consume_1_and_2_with_dataset_expressions to None, run_after=None
[2024-05-28T18:17:10.555+0000] {logging_mixin.py:188} INFO - [2024-05-28T18:17:10.554+0000] {dag.py:3954} INFO - Setting next_dagrun for consume_1_or_2_with_dataset_expressions to None, run_after=None
[2024-05-28T18:17:10.560+0000] {logging_mixin.py:188} INFO - [2024-05-28T18:17:10.559+0000] {dag.py:3954} INFO - Setting next_dagrun for consume_1_or_both_2_and_3_with_dataset_expressions to None, run_after=None
[2024-05-28T18:17:10.566+0000] {logging_mixin.py:188} INFO - [2024-05-28T18:17:10.565+0000] {dag.py:3954} INFO - Setting next_dagrun for dataset_consumes_1 to None, run_after=None
[2024-05-28T18:17:10.573+0000] {logging_mixin.py:188} INFO - [2024-05-28T18:17:10.573+0000] {dag.py:3954} INFO - Setting next_dagrun for dataset_consumes_1_and_2 to None, run_after=None
[2024-05-28T18:17:10.581+0000] {logging_mixin.py:188} INFO - [2024-05-28T18:17:10.580+0000] {dag.py:3954} INFO - Setting next_dagrun for dataset_consumes_1_never_scheduled to None, run_after=None
[2024-05-28T18:17:10.589+0000] {logging_mixin.py:188} INFO - [2024-05-28T18:17:10.588+0000] {dag.py:3954} INFO - Setting next_dagrun for dataset_consumes_unknown_never_scheduled to None, run_after=None
[2024-05-28T18:17:10.604+0000] {logging_mixin.py:188} INFO - [2024-05-28T18:17:10.603+0000] {dag.py:3954} INFO - Setting next_dagrun for dataset_produces_1 to 2024-05-27 00:00:00+00:00, run_after=2024-05-28 00:00:00+00:00
[2024-05-28T18:17:10.613+0000] {logging_mixin.py:188} INFO - [2024-05-28T18:17:10.612+0000] {dag.py:3954} INFO - Setting next_dagrun for dataset_produces_2 to None, run_after=None
[2024-05-28T18:17:10.817+0000] {processor.py:183} INFO - Processing /home/airflow/.local/lib/python3.12/site-packages/airflow/example_dags/example_datasets.py took 0.493 seconds
[2024-05-28T18:17:41.215+0000] {processor.py:161} INFO - Started process (PID=1205) to work on /home/airflow/.local/lib/python3.12/site-packages/airflow/example_dags/example_datasets.py
[2024-05-28T18:17:41.217+0000] {processor.py:830} INFO - Processing file /home/airflow/.local/lib/python3.12/site-packages/airflow/example_dags/example_datasets.py for tasks to queue
[2024-05-28T18:17:41.222+0000] {logging_mixin.py:188} INFO - [2024-05-28T18:17:41.221+0000] {dagbag.py:545} INFO - Filling up the DagBag from /home/airflow/.local/lib/python3.12/site-packages/airflow/example_dags/example_datasets.py
[2024-05-28T18:17:41.258+0000] {processor.py:840} INFO - DAG(s) 'consume_1_and_2_with_dataset_expressions', 'dataset_consumes_unknown_never_scheduled', 'conditional_dataset_and_time_based_timetable', 'dataset_produces_1', 'consume_1_or_both_2_and_3_with_dataset_expressions', 'dataset_consumes_1_never_scheduled', 'dataset_consumes_1_and_2', 'dataset_consumes_1', 'dataset_produces_2', 'consume_1_or_2_with_dataset_expressions' retrieved from /home/airflow/.local/lib/python3.12/site-packages/airflow/example_dags/example_datasets.py
[2024-05-28T18:17:41.385+0000] {logging_mixin.py:188} INFO - [2024-05-28T18:17:41.385+0000] {dag.py:3096} INFO - Sync 10 DAGs
[2024-05-28T18:17:41.442+0000] {logging_mixin.py:188} INFO - [2024-05-28T18:17:41.441+0000] {dag.py:3954} INFO - Setting next_dagrun for conditional_dataset_and_time_based_timetable to 2024-05-22 01:00:00+00:00, run_after=2024-05-22 01:00:00+00:00
[2024-05-28T18:17:41.451+0000] {logging_mixin.py:188} INFO - [2024-05-28T18:17:41.450+0000] {dag.py:3954} INFO - Setting next_dagrun for consume_1_and_2_with_dataset_expressions to None, run_after=None
[2024-05-28T18:17:41.454+0000] {logging_mixin.py:188} INFO - [2024-05-28T18:17:41.454+0000] {dag.py:3954} INFO - Setting next_dagrun for consume_1_or_2_with_dataset_expressions to None, run_after=None
[2024-05-28T18:17:41.457+0000] {logging_mixin.py:188} INFO - [2024-05-28T18:17:41.457+0000] {dag.py:3954} INFO - Setting next_dagrun for consume_1_or_both_2_and_3_with_dataset_expressions to None, run_after=None
[2024-05-28T18:17:41.461+0000] {logging_mixin.py:188} INFO - [2024-05-28T18:17:41.461+0000] {dag.py:3954} INFO - Setting next_dagrun for dataset_consumes_1 to None, run_after=None
[2024-05-28T18:17:41.465+0000] {logging_mixin.py:188} INFO - [2024-05-28T18:17:41.464+0000] {dag.py:3954} INFO - Setting next_dagrun for dataset_consumes_1_and_2 to None, run_after=None
[2024-05-28T18:17:41.468+0000] {logging_mixin.py:188} INFO - [2024-05-28T18:17:41.467+0000] {dag.py:3954} INFO - Setting next_dagrun for dataset_consumes_1_never_scheduled to None, run_after=None
[2024-05-28T18:17:41.471+0000] {logging_mixin.py:188} INFO - [2024-05-28T18:17:41.470+0000] {dag.py:3954} INFO - Setting next_dagrun for dataset_consumes_unknown_never_scheduled to None, run_after=None
[2024-05-28T18:17:41.476+0000] {logging_mixin.py:188} INFO - [2024-05-28T18:17:41.475+0000] {dag.py:3954} INFO - Setting next_dagrun for dataset_produces_1 to 2024-05-27 00:00:00+00:00, run_after=2024-05-28 00:00:00+00:00
[2024-05-28T18:17:41.479+0000] {logging_mixin.py:188} INFO - [2024-05-28T18:17:41.479+0000] {dag.py:3954} INFO - Setting next_dagrun for dataset_produces_2 to None, run_after=None
[2024-05-28T18:17:41.564+0000] {processor.py:183} INFO - Processing /home/airflow/.local/lib/python3.12/site-packages/airflow/example_dags/example_datasets.py took 0.362 seconds
[2024-05-28T18:18:11.681+0000] {processor.py:161} INFO - Started process (PID=1263) to work on /home/airflow/.local/lib/python3.12/site-packages/airflow/example_dags/example_datasets.py
[2024-05-28T18:18:11.683+0000] {processor.py:830} INFO - Processing file /home/airflow/.local/lib/python3.12/site-packages/airflow/example_dags/example_datasets.py for tasks to queue
[2024-05-28T18:18:11.688+0000] {logging_mixin.py:188} INFO - [2024-05-28T18:18:11.687+0000] {dagbag.py:545} INFO - Filling up the DagBag from /home/airflow/.local/lib/python3.12/site-packages/airflow/example_dags/example_datasets.py
[2024-05-28T18:18:11.732+0000] {processor.py:840} INFO - DAG(s) 'dataset_consumes_unknown_never_scheduled', 'consume_1_or_both_2_and_3_with_dataset_expressions', 'consume_1_or_2_with_dataset_expressions', 'dataset_consumes_1', 'dataset_consumes_1_and_2', 'consume_1_and_2_with_dataset_expressions', 'conditional_dataset_and_time_based_timetable', 'dataset_consumes_1_never_scheduled', 'dataset_produces_1', 'dataset_produces_2' retrieved from /home/airflow/.local/lib/python3.12/site-packages/airflow/example_dags/example_datasets.py
[2024-05-28T18:18:11.889+0000] {logging_mixin.py:188} INFO - [2024-05-28T18:18:11.888+0000] {dag.py:3096} INFO - Sync 10 DAGs
[2024-05-28T18:18:11.983+0000] {logging_mixin.py:188} INFO - [2024-05-28T18:18:11.982+0000] {dag.py:3954} INFO - Setting next_dagrun for conditional_dataset_and_time_based_timetable to 2024-05-22 01:00:00+00:00, run_after=2024-05-22 01:00:00+00:00
[2024-05-28T18:18:11.997+0000] {logging_mixin.py:188} INFO - [2024-05-28T18:18:11.996+0000] {dag.py:3954} INFO - Setting next_dagrun for consume_1_and_2_with_dataset_expressions to None, run_after=None
[2024-05-28T18:18:12.001+0000] {logging_mixin.py:188} INFO - [2024-05-28T18:18:12.001+0000] {dag.py:3954} INFO - Setting next_dagrun for consume_1_or_2_with_dataset_expressions to None, run_after=None
[2024-05-28T18:18:12.006+0000] {logging_mixin.py:188} INFO - [2024-05-28T18:18:12.005+0000] {dag.py:3954} INFO - Setting next_dagrun for consume_1_or_both_2_and_3_with_dataset_expressions to None, run_after=None
[2024-05-28T18:18:12.011+0000] {logging_mixin.py:188} INFO - [2024-05-28T18:18:12.010+0000] {dag.py:3954} INFO - Setting next_dagrun for dataset_consumes_1 to None, run_after=None
[2024-05-28T18:18:12.016+0000] {logging_mixin.py:188} INFO - [2024-05-28T18:18:12.015+0000] {dag.py:3954} INFO - Setting next_dagrun for dataset_consumes_1_and_2 to None, run_after=None
[2024-05-28T18:18:12.020+0000] {logging_mixin.py:188} INFO - [2024-05-28T18:18:12.019+0000] {dag.py:3954} INFO - Setting next_dagrun for dataset_consumes_1_never_scheduled to None, run_after=None
[2024-05-28T18:18:12.025+0000] {logging_mixin.py:188} INFO - [2024-05-28T18:18:12.024+0000] {dag.py:3954} INFO - Setting next_dagrun for dataset_consumes_unknown_never_scheduled to None, run_after=None
[2024-05-28T18:18:12.033+0000] {logging_mixin.py:188} INFO - [2024-05-28T18:18:12.033+0000] {dag.py:3954} INFO - Setting next_dagrun for dataset_produces_1 to 2024-05-27 00:00:00+00:00, run_after=2024-05-28 00:00:00+00:00
[2024-05-28T18:18:12.037+0000] {logging_mixin.py:188} INFO - [2024-05-28T18:18:12.037+0000] {dag.py:3954} INFO - Setting next_dagrun for dataset_produces_2 to None, run_after=None
[2024-05-28T18:18:12.138+0000] {processor.py:183} INFO - Processing /home/airflow/.local/lib/python3.12/site-packages/airflow/example_dags/example_datasets.py took 0.473 seconds
[2024-05-28T18:18:42.348+0000] {processor.py:161} INFO - Started process (PID=1321) to work on /home/airflow/.local/lib/python3.12/site-packages/airflow/example_dags/example_datasets.py
[2024-05-28T18:18:42.352+0000] {processor.py:830} INFO - Processing file /home/airflow/.local/lib/python3.12/site-packages/airflow/example_dags/example_datasets.py for tasks to queue
[2024-05-28T18:18:42.357+0000] {logging_mixin.py:188} INFO - [2024-05-28T18:18:42.356+0000] {dagbag.py:545} INFO - Filling up the DagBag from /home/airflow/.local/lib/python3.12/site-packages/airflow/example_dags/example_datasets.py
[2024-05-28T18:18:42.394+0000] {processor.py:840} INFO - DAG(s) 'conditional_dataset_and_time_based_timetable', 'dataset_consumes_1', 'consume_1_and_2_with_dataset_expressions', 'dataset_consumes_1_never_scheduled', 'dataset_produces_1', 'dataset_produces_2', 'dataset_consumes_1_and_2', 'consume_1_or_2_with_dataset_expressions', 'dataset_consumes_unknown_never_scheduled', 'consume_1_or_both_2_and_3_with_dataset_expressions' retrieved from /home/airflow/.local/lib/python3.12/site-packages/airflow/example_dags/example_datasets.py
[2024-05-28T18:18:42.557+0000] {logging_mixin.py:188} INFO - [2024-05-28T18:18:42.556+0000] {dag.py:3096} INFO - Sync 10 DAGs
[2024-05-28T18:18:42.654+0000] {logging_mixin.py:188} INFO - [2024-05-28T18:18:42.653+0000] {dag.py:3954} INFO - Setting next_dagrun for conditional_dataset_and_time_based_timetable to 2024-05-22 01:00:00+00:00, run_after=2024-05-22 01:00:00+00:00
[2024-05-28T18:18:42.666+0000] {logging_mixin.py:188} INFO - [2024-05-28T18:18:42.665+0000] {dag.py:3954} INFO - Setting next_dagrun for consume_1_and_2_with_dataset_expressions to None, run_after=None
[2024-05-28T18:18:42.672+0000] {logging_mixin.py:188} INFO - [2024-05-28T18:18:42.671+0000] {dag.py:3954} INFO - Setting next_dagrun for consume_1_or_2_with_dataset_expressions to None, run_after=None
[2024-05-28T18:18:42.678+0000] {logging_mixin.py:188} INFO - [2024-05-28T18:18:42.677+0000] {dag.py:3954} INFO - Setting next_dagrun for consume_1_or_both_2_and_3_with_dataset_expressions to None, run_after=None
[2024-05-28T18:18:42.683+0000] {logging_mixin.py:188} INFO - [2024-05-28T18:18:42.682+0000] {dag.py:3954} INFO - Setting next_dagrun for dataset_consumes_1 to None, run_after=None
[2024-05-28T18:18:42.689+0000] {logging_mixin.py:188} INFO - [2024-05-28T18:18:42.688+0000] {dag.py:3954} INFO - Setting next_dagrun for dataset_consumes_1_and_2 to None, run_after=None
[2024-05-28T18:18:42.693+0000] {logging_mixin.py:188} INFO - [2024-05-28T18:18:42.692+0000] {dag.py:3954} INFO - Setting next_dagrun for dataset_consumes_1_never_scheduled to None, run_after=None
[2024-05-28T18:18:42.697+0000] {logging_mixin.py:188} INFO - [2024-05-28T18:18:42.696+0000] {dag.py:3954} INFO - Setting next_dagrun for dataset_consumes_unknown_never_scheduled to None, run_after=None
[2024-05-28T18:18:42.707+0000] {logging_mixin.py:188} INFO - [2024-05-28T18:18:42.706+0000] {dag.py:3954} INFO - Setting next_dagrun for dataset_produces_1 to 2024-05-27 00:00:00+00:00, run_after=2024-05-28 00:00:00+00:00
[2024-05-28T18:18:42.711+0000] {logging_mixin.py:188} INFO - [2024-05-28T18:18:42.711+0000] {dag.py:3954} INFO - Setting next_dagrun for dataset_produces_2 to None, run_after=None
[2024-05-28T18:18:42.843+0000] {processor.py:183} INFO - Processing /home/airflow/.local/lib/python3.12/site-packages/airflow/example_dags/example_datasets.py took 0.510 seconds
[2024-05-28T18:19:14.799+0000] {processor.py:161} INFO - Started process (PID=1379) to work on /home/airflow/.local/lib/python3.12/site-packages/airflow/example_dags/example_datasets.py
[2024-05-28T18:19:14.802+0000] {processor.py:830} INFO - Processing file /home/airflow/.local/lib/python3.12/site-packages/airflow/example_dags/example_datasets.py for tasks to queue
[2024-05-28T18:19:14.807+0000] {logging_mixin.py:188} INFO - [2024-05-28T18:19:14.806+0000] {dagbag.py:545} INFO - Filling up the DagBag from /home/airflow/.local/lib/python3.12/site-packages/airflow/example_dags/example_datasets.py
[2024-05-28T18:19:14.844+0000] {processor.py:840} INFO - DAG(s) 'dataset_consumes_1', 'dataset_produces_1', 'conditional_dataset_and_time_based_timetable', 'dataset_consumes_unknown_never_scheduled', 'consume_1_or_both_2_and_3_with_dataset_expressions', 'consume_1_and_2_with_dataset_expressions', 'dataset_consumes_1_never_scheduled', 'dataset_consumes_1_and_2', 'dataset_produces_2', 'consume_1_or_2_with_dataset_expressions' retrieved from /home/airflow/.local/lib/python3.12/site-packages/airflow/example_dags/example_datasets.py
[2024-05-28T18:19:15.070+0000] {logging_mixin.py:188} INFO - [2024-05-28T18:19:15.069+0000] {dag.py:3096} INFO - Sync 10 DAGs
[2024-05-28T18:19:15.260+0000] {logging_mixin.py:188} INFO - [2024-05-28T18:19:15.259+0000] {dag.py:3954} INFO - Setting next_dagrun for conditional_dataset_and_time_based_timetable to 2024-05-22 01:00:00+00:00, run_after=2024-05-22 01:00:00+00:00
[2024-05-28T18:19:15.314+0000] {logging_mixin.py:188} INFO - [2024-05-28T18:19:15.313+0000] {dag.py:3954} INFO - Setting next_dagrun for consume_1_and_2_with_dataset_expressions to None, run_after=None
[2024-05-28T18:19:15.348+0000] {logging_mixin.py:188} INFO - [2024-05-28T18:19:15.338+0000] {dag.py:3954} INFO - Setting next_dagrun for consume_1_or_2_with_dataset_expressions to None, run_after=None
[2024-05-28T18:19:15.365+0000] {logging_mixin.py:188} INFO - [2024-05-28T18:19:15.363+0000] {dag.py:3954} INFO - Setting next_dagrun for consume_1_or_both_2_and_3_with_dataset_expressions to None, run_after=None
[2024-05-28T18:19:15.396+0000] {logging_mixin.py:188} INFO - [2024-05-28T18:19:15.394+0000] {dag.py:3954} INFO - Setting next_dagrun for dataset_consumes_1 to None, run_after=None
[2024-05-28T18:19:15.424+0000] {logging_mixin.py:188} INFO - [2024-05-28T18:19:15.412+0000] {dag.py:3954} INFO - Setting next_dagrun for dataset_consumes_1_and_2 to None, run_after=None
[2024-05-28T18:19:15.456+0000] {logging_mixin.py:188} INFO - [2024-05-28T18:19:15.455+0000] {dag.py:3954} INFO - Setting next_dagrun for dataset_consumes_1_never_scheduled to None, run_after=None
[2024-05-28T18:19:15.470+0000] {logging_mixin.py:188} INFO - [2024-05-28T18:19:15.470+0000] {dag.py:3954} INFO - Setting next_dagrun for dataset_consumes_unknown_never_scheduled to None, run_after=None
[2024-05-28T18:19:15.507+0000] {logging_mixin.py:188} INFO - [2024-05-28T18:19:15.506+0000] {dag.py:3954} INFO - Setting next_dagrun for dataset_produces_1 to 2024-05-27 00:00:00+00:00, run_after=2024-05-28 00:00:00+00:00
[2024-05-28T18:19:15.524+0000] {logging_mixin.py:188} INFO - [2024-05-28T18:19:15.523+0000] {dag.py:3954} INFO - Setting next_dagrun for dataset_produces_2 to None, run_after=None
[2024-05-28T18:19:17.133+0000] {processor.py:183} INFO - Processing /home/airflow/.local/lib/python3.12/site-packages/airflow/example_dags/example_datasets.py took 2.353 seconds
[2024-05-28T18:19:47.974+0000] {processor.py:161} INFO - Started process (PID=1439) to work on /home/airflow/.local/lib/python3.12/site-packages/airflow/example_dags/example_datasets.py
[2024-05-28T18:19:47.985+0000] {processor.py:830} INFO - Processing file /home/airflow/.local/lib/python3.12/site-packages/airflow/example_dags/example_datasets.py for tasks to queue
[2024-05-28T18:19:47.992+0000] {logging_mixin.py:188} INFO - [2024-05-28T18:19:47.991+0000] {dagbag.py:545} INFO - Filling up the DagBag from /home/airflow/.local/lib/python3.12/site-packages/airflow/example_dags/example_datasets.py
[2024-05-28T18:19:48.040+0000] {processor.py:840} INFO - DAG(s) 'dataset_produces_2', 'dataset_consumes_unknown_never_scheduled', 'consume_1_or_2_with_dataset_expressions', 'dataset_produces_1', 'dataset_consumes_1_and_2', 'conditional_dataset_and_time_based_timetable', 'dataset_consumes_1', 'consume_1_or_both_2_and_3_with_dataset_expressions', 'dataset_consumes_1_never_scheduled', 'consume_1_and_2_with_dataset_expressions' retrieved from /home/airflow/.local/lib/python3.12/site-packages/airflow/example_dags/example_datasets.py
[2024-05-28T18:19:48.178+0000] {logging_mixin.py:188} INFO - [2024-05-28T18:19:48.177+0000] {dag.py:3096} INFO - Sync 10 DAGs
[2024-05-28T18:19:48.258+0000] {logging_mixin.py:188} INFO - [2024-05-28T18:19:48.257+0000] {dag.py:3954} INFO - Setting next_dagrun for conditional_dataset_and_time_based_timetable to 2024-05-22 01:00:00+00:00, run_after=2024-05-22 01:00:00+00:00
[2024-05-28T18:19:48.270+0000] {logging_mixin.py:188} INFO - [2024-05-28T18:19:48.269+0000] {dag.py:3954} INFO - Setting next_dagrun for consume_1_and_2_with_dataset_expressions to None, run_after=None
[2024-05-28T18:19:48.274+0000] {logging_mixin.py:188} INFO - [2024-05-28T18:19:48.274+0000] {dag.py:3954} INFO - Setting next_dagrun for consume_1_or_2_with_dataset_expressions to None, run_after=None
[2024-05-28T18:19:48.277+0000] {logging_mixin.py:188} INFO - [2024-05-28T18:19:48.277+0000] {dag.py:3954} INFO - Setting next_dagrun for consume_1_or_both_2_and_3_with_dataset_expressions to None, run_after=None
[2024-05-28T18:19:48.280+0000] {logging_mixin.py:188} INFO - [2024-05-28T18:19:48.280+0000] {dag.py:3954} INFO - Setting next_dagrun for dataset_consumes_1 to None, run_after=None
[2024-05-28T18:19:48.286+0000] {logging_mixin.py:188} INFO - [2024-05-28T18:19:48.285+0000] {dag.py:3954} INFO - Setting next_dagrun for dataset_consumes_1_and_2 to None, run_after=None
[2024-05-28T18:19:48.289+0000] {logging_mixin.py:188} INFO - [2024-05-28T18:19:48.289+0000] {dag.py:3954} INFO - Setting next_dagrun for dataset_consumes_1_never_scheduled to None, run_after=None
[2024-05-28T18:19:48.294+0000] {logging_mixin.py:188} INFO - [2024-05-28T18:19:48.293+0000] {dag.py:3954} INFO - Setting next_dagrun for dataset_consumes_unknown_never_scheduled to None, run_after=None
[2024-05-28T18:19:48.302+0000] {logging_mixin.py:188} INFO - [2024-05-28T18:19:48.302+0000] {dag.py:3954} INFO - Setting next_dagrun for dataset_produces_1 to 2024-05-27 00:00:00+00:00, run_after=2024-05-28 00:00:00+00:00
[2024-05-28T18:19:48.307+0000] {logging_mixin.py:188} INFO - [2024-05-28T18:19:48.307+0000] {dag.py:3954} INFO - Setting next_dagrun for dataset_produces_2 to None, run_after=None
[2024-05-28T18:19:48.452+0000] {processor.py:183} INFO - Processing /home/airflow/.local/lib/python3.12/site-packages/airflow/example_dags/example_datasets.py took 0.537 seconds
[2024-05-28T18:20:18.861+0000] {processor.py:161} INFO - Started process (PID=1498) to work on /home/airflow/.local/lib/python3.12/site-packages/airflow/example_dags/example_datasets.py
[2024-05-28T18:20:18.872+0000] {processor.py:830} INFO - Processing file /home/airflow/.local/lib/python3.12/site-packages/airflow/example_dags/example_datasets.py for tasks to queue
[2024-05-28T18:20:18.889+0000] {logging_mixin.py:188} INFO - [2024-05-28T18:20:18.883+0000] {dagbag.py:545} INFO - Filling up the DagBag from /home/airflow/.local/lib/python3.12/site-packages/airflow/example_dags/example_datasets.py
[2024-05-28T18:20:19.027+0000] {processor.py:840} INFO - DAG(s) 'consume_1_or_both_2_and_3_with_dataset_expressions', 'dataset_consumes_1_never_scheduled', 'dataset_produces_2', 'consume_1_or_2_with_dataset_expressions', 'dataset_consumes_1_and_2', 'dataset_produces_1', 'dataset_consumes_unknown_never_scheduled', 'consume_1_and_2_with_dataset_expressions', 'conditional_dataset_and_time_based_timetable', 'dataset_consumes_1' retrieved from /home/airflow/.local/lib/python3.12/site-packages/airflow/example_dags/example_datasets.py
[2024-05-28T18:20:19.295+0000] {logging_mixin.py:188} INFO - [2024-05-28T18:20:19.295+0000] {dag.py:3096} INFO - Sync 10 DAGs
[2024-05-28T18:20:19.474+0000] {logging_mixin.py:188} INFO - [2024-05-28T18:20:19.473+0000] {dag.py:3954} INFO - Setting next_dagrun for conditional_dataset_and_time_based_timetable to 2024-05-22 01:00:00+00:00, run_after=2024-05-22 01:00:00+00:00
[2024-05-28T18:20:19.499+0000] {logging_mixin.py:188} INFO - [2024-05-28T18:20:19.497+0000] {dag.py:3954} INFO - Setting next_dagrun for consume_1_and_2_with_dataset_expressions to None, run_after=None
[2024-05-28T18:20:19.507+0000] {logging_mixin.py:188} INFO - [2024-05-28T18:20:19.505+0000] {dag.py:3954} INFO - Setting next_dagrun for consume_1_or_2_with_dataset_expressions to None, run_after=None
[2024-05-28T18:20:19.518+0000] {logging_mixin.py:188} INFO - [2024-05-28T18:20:19.517+0000] {dag.py:3954} INFO - Setting next_dagrun for consume_1_or_both_2_and_3_with_dataset_expressions to None, run_after=None
[2024-05-28T18:20:19.527+0000] {logging_mixin.py:188} INFO - [2024-05-28T18:20:19.524+0000] {dag.py:3954} INFO - Setting next_dagrun for dataset_consumes_1 to None, run_after=None
[2024-05-28T18:20:19.534+0000] {logging_mixin.py:188} INFO - [2024-05-28T18:20:19.534+0000] {dag.py:3954} INFO - Setting next_dagrun for dataset_consumes_1_and_2 to None, run_after=None
[2024-05-28T18:20:19.540+0000] {logging_mixin.py:188} INFO - [2024-05-28T18:20:19.539+0000] {dag.py:3954} INFO - Setting next_dagrun for dataset_consumes_1_never_scheduled to None, run_after=None
[2024-05-28T18:20:19.544+0000] {logging_mixin.py:188} INFO - [2024-05-28T18:20:19.543+0000] {dag.py:3954} INFO - Setting next_dagrun for dataset_consumes_unknown_never_scheduled to None, run_after=None
[2024-05-28T18:20:19.553+0000] {logging_mixin.py:188} INFO - [2024-05-28T18:20:19.553+0000] {dag.py:3954} INFO - Setting next_dagrun for dataset_produces_1 to 2024-05-27 00:00:00+00:00, run_after=2024-05-28 00:00:00+00:00
[2024-05-28T18:20:19.559+0000] {logging_mixin.py:188} INFO - [2024-05-28T18:20:19.558+0000] {dag.py:3954} INFO - Setting next_dagrun for dataset_produces_2 to None, run_after=None
[2024-05-28T18:20:19.728+0000] {processor.py:183} INFO - Processing /home/airflow/.local/lib/python3.12/site-packages/airflow/example_dags/example_datasets.py took 0.909 seconds
[2024-05-28T18:20:55.032+0000] {processor.py:161} INFO - Started process (PID=1558) to work on /home/airflow/.local/lib/python3.12/site-packages/airflow/example_dags/example_datasets.py
[2024-05-28T18:20:55.034+0000] {processor.py:830} INFO - Processing file /home/airflow/.local/lib/python3.12/site-packages/airflow/example_dags/example_datasets.py for tasks to queue
[2024-05-28T18:20:55.039+0000] {logging_mixin.py:188} INFO - [2024-05-28T18:20:55.038+0000] {dagbag.py:545} INFO - Filling up the DagBag from /home/airflow/.local/lib/python3.12/site-packages/airflow/example_dags/example_datasets.py
[2024-05-28T18:20:55.081+0000] {processor.py:840} INFO - DAG(s) 'dataset_produces_2', 'consume_1_or_both_2_and_3_with_dataset_expressions', 'consume_1_or_2_with_dataset_expressions', 'dataset_consumes_1_never_scheduled', 'dataset_produces_1', 'dataset_consumes_1', 'dataset_consumes_unknown_never_scheduled', 'conditional_dataset_and_time_based_timetable', 'dataset_consumes_1_and_2', 'consume_1_and_2_with_dataset_expressions' retrieved from /home/airflow/.local/lib/python3.12/site-packages/airflow/example_dags/example_datasets.py
[2024-05-28T18:20:55.278+0000] {logging_mixin.py:188} INFO - [2024-05-28T18:20:55.278+0000] {dag.py:3096} INFO - Sync 10 DAGs
[2024-05-28T18:20:55.358+0000] {logging_mixin.py:188} INFO - [2024-05-28T18:20:55.357+0000] {dag.py:3954} INFO - Setting next_dagrun for conditional_dataset_and_time_based_timetable to 2024-05-22 01:00:00+00:00, run_after=2024-05-22 01:00:00+00:00
[2024-05-28T18:20:55.372+0000] {logging_mixin.py:188} INFO - [2024-05-28T18:20:55.371+0000] {dag.py:3954} INFO - Setting next_dagrun for consume_1_and_2_with_dataset_expressions to None, run_after=None
[2024-05-28T18:20:55.376+0000] {logging_mixin.py:188} INFO - [2024-05-28T18:20:55.375+0000] {dag.py:3954} INFO - Setting next_dagrun for consume_1_or_2_with_dataset_expressions to None, run_after=None
[2024-05-28T18:20:55.380+0000] {logging_mixin.py:188} INFO - [2024-05-28T18:20:55.379+0000] {dag.py:3954} INFO - Setting next_dagrun for consume_1_or_both_2_and_3_with_dataset_expressions to None, run_after=None
[2024-05-28T18:20:55.385+0000] {logging_mixin.py:188} INFO - [2024-05-28T18:20:55.385+0000] {dag.py:3954} INFO - Setting next_dagrun for dataset_consumes_1 to None, run_after=None
[2024-05-28T18:20:55.391+0000] {logging_mixin.py:188} INFO - [2024-05-28T18:20:55.390+0000] {dag.py:3954} INFO - Setting next_dagrun for dataset_consumes_1_and_2 to None, run_after=None
[2024-05-28T18:20:55.398+0000] {logging_mixin.py:188} INFO - [2024-05-28T18:20:55.397+0000] {dag.py:3954} INFO - Setting next_dagrun for dataset_consumes_1_never_scheduled to None, run_after=None
[2024-05-28T18:20:55.400+0000] {logging_mixin.py:188} INFO - [2024-05-28T18:20:55.400+0000] {dag.py:3954} INFO - Setting next_dagrun for dataset_consumes_unknown_never_scheduled to None, run_after=None
[2024-05-28T18:20:55.408+0000] {logging_mixin.py:188} INFO - [2024-05-28T18:20:55.408+0000] {dag.py:3954} INFO - Setting next_dagrun for dataset_produces_1 to 2024-05-27 00:00:00+00:00, run_after=2024-05-28 00:00:00+00:00
[2024-05-28T18:20:55.411+0000] {logging_mixin.py:188} INFO - [2024-05-28T18:20:55.411+0000] {dag.py:3954} INFO - Setting next_dagrun for dataset_produces_2 to None, run_after=None
[2024-05-28T18:20:55.528+0000] {processor.py:183} INFO - Processing /home/airflow/.local/lib/python3.12/site-packages/airflow/example_dags/example_datasets.py took 0.513 seconds
[2024-05-28T18:21:28.326+0000] {processor.py:161} INFO - Started process (PID=1616) to work on /home/airflow/.local/lib/python3.12/site-packages/airflow/example_dags/example_datasets.py
[2024-05-28T18:21:28.330+0000] {processor.py:830} INFO - Processing file /home/airflow/.local/lib/python3.12/site-packages/airflow/example_dags/example_datasets.py for tasks to queue
[2024-05-28T18:21:28.343+0000] {logging_mixin.py:188} INFO - [2024-05-28T18:21:28.340+0000] {dagbag.py:545} INFO - Filling up the DagBag from /home/airflow/.local/lib/python3.12/site-packages/airflow/example_dags/example_datasets.py
[2024-05-28T18:21:28.452+0000] {processor.py:840} INFO - DAG(s) 'dataset_consumes_unknown_never_scheduled', 'consume_1_or_both_2_and_3_with_dataset_expressions', 'consume_1_or_2_with_dataset_expressions', 'consume_1_and_2_with_dataset_expressions', 'dataset_consumes_1', 'dataset_consumes_1_and_2', 'dataset_produces_2', 'dataset_consumes_1_never_scheduled', 'dataset_produces_1', 'conditional_dataset_and_time_based_timetable' retrieved from /home/airflow/.local/lib/python3.12/site-packages/airflow/example_dags/example_datasets.py
[2024-05-28T18:21:28.796+0000] {logging_mixin.py:188} INFO - [2024-05-28T18:21:28.795+0000] {dag.py:3096} INFO - Sync 10 DAGs
[2024-05-28T18:21:29.088+0000] {logging_mixin.py:188} INFO - [2024-05-28T18:21:29.086+0000] {dag.py:3954} INFO - Setting next_dagrun for conditional_dataset_and_time_based_timetable to 2024-05-22 01:00:00+00:00, run_after=2024-05-22 01:00:00+00:00
[2024-05-28T18:21:29.127+0000] {logging_mixin.py:188} INFO - [2024-05-28T18:21:29.126+0000] {dag.py:3954} INFO - Setting next_dagrun for consume_1_and_2_with_dataset_expressions to None, run_after=None
[2024-05-28T18:21:29.142+0000] {logging_mixin.py:188} INFO - [2024-05-28T18:21:29.140+0000] {dag.py:3954} INFO - Setting next_dagrun for consume_1_or_2_with_dataset_expressions to None, run_after=None
[2024-05-28T18:21:29.158+0000] {logging_mixin.py:188} INFO - [2024-05-28T18:21:29.154+0000] {dag.py:3954} INFO - Setting next_dagrun for consume_1_or_both_2_and_3_with_dataset_expressions to None, run_after=None
[2024-05-28T18:21:29.172+0000] {logging_mixin.py:188} INFO - [2024-05-28T18:21:29.171+0000] {dag.py:3954} INFO - Setting next_dagrun for dataset_consumes_1 to None, run_after=None
[2024-05-28T18:21:29.178+0000] {logging_mixin.py:188} INFO - [2024-05-28T18:21:29.177+0000] {dag.py:3954} INFO - Setting next_dagrun for dataset_consumes_1_and_2 to None, run_after=None
[2024-05-28T18:21:29.185+0000] {logging_mixin.py:188} INFO - [2024-05-28T18:21:29.184+0000] {dag.py:3954} INFO - Setting next_dagrun for dataset_consumes_1_never_scheduled to None, run_after=None
[2024-05-28T18:21:29.199+0000] {logging_mixin.py:188} INFO - [2024-05-28T18:21:29.198+0000] {dag.py:3954} INFO - Setting next_dagrun for dataset_consumes_unknown_never_scheduled to None, run_after=None
[2024-05-28T18:21:29.235+0000] {logging_mixin.py:188} INFO - [2024-05-28T18:21:29.234+0000] {dag.py:3954} INFO - Setting next_dagrun for dataset_produces_1 to 2024-05-27 00:00:00+00:00, run_after=2024-05-28 00:00:00+00:00
[2024-05-28T18:21:29.263+0000] {logging_mixin.py:188} INFO - [2024-05-28T18:21:29.255+0000] {dag.py:3954} INFO - Setting next_dagrun for dataset_produces_2 to None, run_after=None
[2024-05-28T18:21:29.582+0000] {processor.py:183} INFO - Processing /home/airflow/.local/lib/python3.12/site-packages/airflow/example_dags/example_datasets.py took 1.289 seconds
