[2024-05-28T18:07:18.108+0000] {processor.py:161} INFO - Started process (PID=64) to work on /home/airflow/.local/lib/python3.12/site-packages/airflow/example_dags/example_bash_decorator.py
[2024-05-28T18:07:18.122+0000] {processor.py:830} INFO - Processing file /home/airflow/.local/lib/python3.12/site-packages/airflow/example_dags/example_bash_decorator.py for tasks to queue
[2024-05-28T18:07:18.189+0000] {logging_mixin.py:188} INFO - [2024-05-28T18:07:18.187+0000] {dagbag.py:545} INFO - Filling up the DagBag from /home/airflow/.local/lib/python3.12/site-packages/airflow/example_dags/example_bash_decorator.py
[2024-05-28T18:07:18.473+0000] {processor.py:840} INFO - DAG(s) 'example_bash_decorator' retrieved from /home/airflow/.local/lib/python3.12/site-packages/airflow/example_dags/example_bash_decorator.py
[2024-05-28T18:07:20.370+0000] {logging_mixin.py:188} INFO - [2024-05-28T18:07:20.369+0000] {dag.py:3096} INFO - Sync 1 DAGs
[2024-05-28T18:07:20.495+0000] {logging_mixin.py:188} INFO - [2024-05-28T18:07:20.494+0000] {dag.py:3954} INFO - Setting next_dagrun for example_bash_decorator to None, run_after=None
[2024-05-28T18:07:20.701+0000] {processor.py:183} INFO - Processing /home/airflow/.local/lib/python3.12/site-packages/airflow/example_dags/example_bash_decorator.py took 2.715 seconds
[2024-05-28T18:07:50.850+0000] {processor.py:161} INFO - Started process (PID=129) to work on /home/airflow/.local/lib/python3.12/site-packages/airflow/example_dags/example_bash_decorator.py
[2024-05-28T18:07:50.854+0000] {processor.py:830} INFO - Processing file /home/airflow/.local/lib/python3.12/site-packages/airflow/example_dags/example_bash_decorator.py for tasks to queue
[2024-05-28T18:07:50.864+0000] {logging_mixin.py:188} INFO - [2024-05-28T18:07:50.862+0000] {dagbag.py:545} INFO - Filling up the DagBag from /home/airflow/.local/lib/python3.12/site-packages/airflow/example_dags/example_bash_decorator.py
[2024-05-28T18:07:50.917+0000] {processor.py:840} INFO - DAG(s) 'example_bash_decorator' retrieved from /home/airflow/.local/lib/python3.12/site-packages/airflow/example_dags/example_bash_decorator.py
[2024-05-28T18:07:51.004+0000] {logging_mixin.py:188} INFO - [2024-05-28T18:07:51.003+0000] {dag.py:3096} INFO - Sync 1 DAGs
[2024-05-28T18:07:51.050+0000] {logging_mixin.py:188} INFO - [2024-05-28T18:07:51.049+0000] {dag.py:3954} INFO - Setting next_dagrun for example_bash_decorator to None, run_after=None
[2024-05-28T18:07:51.113+0000] {processor.py:183} INFO - Processing /home/airflow/.local/lib/python3.12/site-packages/airflow/example_dags/example_bash_decorator.py took 0.289 seconds
[2024-05-28T18:08:21.318+0000] {processor.py:161} INFO - Started process (PID=187) to work on /home/airflow/.local/lib/python3.12/site-packages/airflow/example_dags/example_bash_decorator.py
[2024-05-28T18:08:21.320+0000] {processor.py:830} INFO - Processing file /home/airflow/.local/lib/python3.12/site-packages/airflow/example_dags/example_bash_decorator.py for tasks to queue
[2024-05-28T18:08:21.326+0000] {logging_mixin.py:188} INFO - [2024-05-28T18:08:21.325+0000] {dagbag.py:545} INFO - Filling up the DagBag from /home/airflow/.local/lib/python3.12/site-packages/airflow/example_dags/example_bash_decorator.py
[2024-05-28T18:08:21.372+0000] {processor.py:840} INFO - DAG(s) 'example_bash_decorator' retrieved from /home/airflow/.local/lib/python3.12/site-packages/airflow/example_dags/example_bash_decorator.py
[2024-05-28T18:08:21.456+0000] {logging_mixin.py:188} INFO - [2024-05-28T18:08:21.455+0000] {dag.py:3096} INFO - Sync 1 DAGs
[2024-05-28T18:08:21.520+0000] {logging_mixin.py:188} INFO - [2024-05-28T18:08:21.519+0000] {dag.py:3954} INFO - Setting next_dagrun for example_bash_decorator to None, run_after=None
[2024-05-28T18:08:21.570+0000] {processor.py:183} INFO - Processing /home/airflow/.local/lib/python3.12/site-packages/airflow/example_dags/example_bash_decorator.py took 0.274 seconds
[2024-05-28T18:08:52.031+0000] {processor.py:161} INFO - Started process (PID=243) to work on /home/airflow/.local/lib/python3.12/site-packages/airflow/example_dags/example_bash_decorator.py
[2024-05-28T18:08:52.034+0000] {processor.py:830} INFO - Processing file /home/airflow/.local/lib/python3.12/site-packages/airflow/example_dags/example_bash_decorator.py for tasks to queue
[2024-05-28T18:08:52.039+0000] {logging_mixin.py:188} INFO - [2024-05-28T18:08:52.038+0000] {dagbag.py:545} INFO - Filling up the DagBag from /home/airflow/.local/lib/python3.12/site-packages/airflow/example_dags/example_bash_decorator.py
[2024-05-28T18:08:52.128+0000] {processor.py:840} INFO - DAG(s) 'example_bash_decorator' retrieved from /home/airflow/.local/lib/python3.12/site-packages/airflow/example_dags/example_bash_decorator.py
[2024-05-28T18:08:52.236+0000] {logging_mixin.py:188} INFO - [2024-05-28T18:08:52.234+0000] {dag.py:3096} INFO - Sync 1 DAGs
[2024-05-28T18:08:52.317+0000] {logging_mixin.py:188} INFO - [2024-05-28T18:08:52.316+0000] {dag.py:3954} INFO - Setting next_dagrun for example_bash_decorator to None, run_after=None
[2024-05-28T18:08:52.428+0000] {processor.py:183} INFO - Processing /home/airflow/.local/lib/python3.12/site-packages/airflow/example_dags/example_bash_decorator.py took 0.429 seconds
[2024-05-28T18:09:23.221+0000] {processor.py:161} INFO - Started process (PID=301) to work on /home/airflow/.local/lib/python3.12/site-packages/airflow/example_dags/example_bash_decorator.py
[2024-05-28T18:09:23.223+0000] {processor.py:830} INFO - Processing file /home/airflow/.local/lib/python3.12/site-packages/airflow/example_dags/example_bash_decorator.py for tasks to queue
[2024-05-28T18:09:23.229+0000] {logging_mixin.py:188} INFO - [2024-05-28T18:09:23.228+0000] {dagbag.py:545} INFO - Filling up the DagBag from /home/airflow/.local/lib/python3.12/site-packages/airflow/example_dags/example_bash_decorator.py
[2024-05-28T18:09:23.272+0000] {processor.py:840} INFO - DAG(s) 'example_bash_decorator' retrieved from /home/airflow/.local/lib/python3.12/site-packages/airflow/example_dags/example_bash_decorator.py
[2024-05-28T18:09:23.344+0000] {logging_mixin.py:188} INFO - [2024-05-28T18:09:23.343+0000] {dag.py:3096} INFO - Sync 1 DAGs
[2024-05-28T18:09:23.380+0000] {logging_mixin.py:188} INFO - [2024-05-28T18:09:23.380+0000] {dag.py:3954} INFO - Setting next_dagrun for example_bash_decorator to None, run_after=None
[2024-05-28T18:09:23.425+0000] {processor.py:183} INFO - Processing /home/airflow/.local/lib/python3.12/site-packages/airflow/example_dags/example_bash_decorator.py took 0.222 seconds
[2024-05-28T18:09:54.210+0000] {processor.py:161} INFO - Started process (PID=359) to work on /home/airflow/.local/lib/python3.12/site-packages/airflow/example_dags/example_bash_decorator.py
[2024-05-28T18:09:54.215+0000] {processor.py:830} INFO - Processing file /home/airflow/.local/lib/python3.12/site-packages/airflow/example_dags/example_bash_decorator.py for tasks to queue
[2024-05-28T18:09:54.226+0000] {logging_mixin.py:188} INFO - [2024-05-28T18:09:54.225+0000] {dagbag.py:545} INFO - Filling up the DagBag from /home/airflow/.local/lib/python3.12/site-packages/airflow/example_dags/example_bash_decorator.py
[2024-05-28T18:09:54.278+0000] {processor.py:840} INFO - DAG(s) 'example_bash_decorator' retrieved from /home/airflow/.local/lib/python3.12/site-packages/airflow/example_dags/example_bash_decorator.py
[2024-05-28T18:09:54.345+0000] {logging_mixin.py:188} INFO - [2024-05-28T18:09:54.344+0000] {dag.py:3096} INFO - Sync 1 DAGs
[2024-05-28T18:09:54.385+0000] {logging_mixin.py:188} INFO - [2024-05-28T18:09:54.384+0000] {dag.py:3954} INFO - Setting next_dagrun for example_bash_decorator to None, run_after=None
[2024-05-28T18:09:54.450+0000] {processor.py:183} INFO - Processing /home/airflow/.local/lib/python3.12/site-packages/airflow/example_dags/example_bash_decorator.py took 0.259 seconds
[2024-05-28T18:10:24.722+0000] {processor.py:161} INFO - Started process (PID=417) to work on /home/airflow/.local/lib/python3.12/site-packages/airflow/example_dags/example_bash_decorator.py
[2024-05-28T18:10:24.725+0000] {processor.py:830} INFO - Processing file /home/airflow/.local/lib/python3.12/site-packages/airflow/example_dags/example_bash_decorator.py for tasks to queue
[2024-05-28T18:10:24.731+0000] {logging_mixin.py:188} INFO - [2024-05-28T18:10:24.730+0000] {dagbag.py:545} INFO - Filling up the DagBag from /home/airflow/.local/lib/python3.12/site-packages/airflow/example_dags/example_bash_decorator.py
[2024-05-28T18:10:24.776+0000] {processor.py:840} INFO - DAG(s) 'example_bash_decorator' retrieved from /home/airflow/.local/lib/python3.12/site-packages/airflow/example_dags/example_bash_decorator.py
[2024-05-28T18:10:24.867+0000] {logging_mixin.py:188} INFO - [2024-05-28T18:10:24.866+0000] {dag.py:3096} INFO - Sync 1 DAGs
[2024-05-28T18:10:24.953+0000] {logging_mixin.py:188} INFO - [2024-05-28T18:10:24.940+0000] {dag.py:3954} INFO - Setting next_dagrun for example_bash_decorator to None, run_after=None
[2024-05-28T18:10:25.070+0000] {processor.py:183} INFO - Processing /home/airflow/.local/lib/python3.12/site-packages/airflow/example_dags/example_bash_decorator.py took 0.374 seconds
[2024-05-28T18:10:55.711+0000] {processor.py:161} INFO - Started process (PID=475) to work on /home/airflow/.local/lib/python3.12/site-packages/airflow/example_dags/example_bash_decorator.py
[2024-05-28T18:10:55.714+0000] {processor.py:830} INFO - Processing file /home/airflow/.local/lib/python3.12/site-packages/airflow/example_dags/example_bash_decorator.py for tasks to queue
[2024-05-28T18:10:55.719+0000] {logging_mixin.py:188} INFO - [2024-05-28T18:10:55.719+0000] {dagbag.py:545} INFO - Filling up the DagBag from /home/airflow/.local/lib/python3.12/site-packages/airflow/example_dags/example_bash_decorator.py
[2024-05-28T18:10:55.750+0000] {processor.py:840} INFO - DAG(s) 'example_bash_decorator' retrieved from /home/airflow/.local/lib/python3.12/site-packages/airflow/example_dags/example_bash_decorator.py
[2024-05-28T18:10:55.828+0000] {logging_mixin.py:188} INFO - [2024-05-28T18:10:55.828+0000] {dag.py:3096} INFO - Sync 1 DAGs
[2024-05-28T18:10:55.868+0000] {logging_mixin.py:188} INFO - [2024-05-28T18:10:55.867+0000] {dag.py:3954} INFO - Setting next_dagrun for example_bash_decorator to None, run_after=None
[2024-05-28T18:10:55.926+0000] {processor.py:183} INFO - Processing /home/airflow/.local/lib/python3.12/site-packages/airflow/example_dags/example_bash_decorator.py took 0.230 seconds
[2024-05-28T18:11:34.821+0000] {processor.py:161} INFO - Started process (PID=532) to work on /home/airflow/.local/lib/python3.12/site-packages/airflow/example_dags/example_bash_decorator.py
[2024-05-28T18:11:34.831+0000] {processor.py:830} INFO - Processing file /home/airflow/.local/lib/python3.12/site-packages/airflow/example_dags/example_bash_decorator.py for tasks to queue
[2024-05-28T18:11:34.842+0000] {logging_mixin.py:188} INFO - [2024-05-28T18:11:34.840+0000] {dagbag.py:545} INFO - Filling up the DagBag from /home/airflow/.local/lib/python3.12/site-packages/airflow/example_dags/example_bash_decorator.py
[2024-05-28T18:11:34.954+0000] {processor.py:840} INFO - DAG(s) 'example_bash_decorator' retrieved from /home/airflow/.local/lib/python3.12/site-packages/airflow/example_dags/example_bash_decorator.py
[2024-05-28T18:11:35.139+0000] {logging_mixin.py:188} INFO - [2024-05-28T18:11:35.137+0000] {dag.py:3096} INFO - Sync 1 DAGs
[2024-05-28T18:11:35.232+0000] {logging_mixin.py:188} INFO - [2024-05-28T18:11:35.231+0000] {dag.py:3954} INFO - Setting next_dagrun for example_bash_decorator to None, run_after=None
[2024-05-28T18:11:35.370+0000] {processor.py:183} INFO - Processing /home/airflow/.local/lib/python3.12/site-packages/airflow/example_dags/example_bash_decorator.py took 0.592 seconds
[2024-05-28T18:12:05.899+0000] {processor.py:161} INFO - Started process (PID=590) to work on /home/airflow/.local/lib/python3.12/site-packages/airflow/example_dags/example_bash_decorator.py
[2024-05-28T18:12:05.903+0000] {processor.py:830} INFO - Processing file /home/airflow/.local/lib/python3.12/site-packages/airflow/example_dags/example_bash_decorator.py for tasks to queue
[2024-05-28T18:12:05.910+0000] {logging_mixin.py:188} INFO - [2024-05-28T18:12:05.909+0000] {dagbag.py:545} INFO - Filling up the DagBag from /home/airflow/.local/lib/python3.12/site-packages/airflow/example_dags/example_bash_decorator.py
[2024-05-28T18:12:06.004+0000] {processor.py:840} INFO - DAG(s) 'example_bash_decorator' retrieved from /home/airflow/.local/lib/python3.12/site-packages/airflow/example_dags/example_bash_decorator.py
[2024-05-28T18:12:06.101+0000] {logging_mixin.py:188} INFO - [2024-05-28T18:12:06.100+0000] {dag.py:3096} INFO - Sync 1 DAGs
[2024-05-28T18:12:06.126+0000] {logging_mixin.py:188} INFO - [2024-05-28T18:12:06.125+0000] {dag.py:3954} INFO - Setting next_dagrun for example_bash_decorator to None, run_after=None
[2024-05-28T18:12:06.172+0000] {processor.py:183} INFO - Processing /home/airflow/.local/lib/python3.12/site-packages/airflow/example_dags/example_bash_decorator.py took 0.298 seconds
[2024-05-28T18:12:37.474+0000] {processor.py:161} INFO - Started process (PID=648) to work on /home/airflow/.local/lib/python3.12/site-packages/airflow/example_dags/example_bash_decorator.py
[2024-05-28T18:12:37.478+0000] {processor.py:830} INFO - Processing file /home/airflow/.local/lib/python3.12/site-packages/airflow/example_dags/example_bash_decorator.py for tasks to queue
[2024-05-28T18:12:37.491+0000] {logging_mixin.py:188} INFO - [2024-05-28T18:12:37.490+0000] {dagbag.py:545} INFO - Filling up the DagBag from /home/airflow/.local/lib/python3.12/site-packages/airflow/example_dags/example_bash_decorator.py
[2024-05-28T18:12:37.587+0000] {processor.py:840} INFO - DAG(s) 'example_bash_decorator' retrieved from /home/airflow/.local/lib/python3.12/site-packages/airflow/example_dags/example_bash_decorator.py
[2024-05-28T18:12:37.704+0000] {logging_mixin.py:188} INFO - [2024-05-28T18:12:37.701+0000] {dag.py:3096} INFO - Sync 1 DAGs
[2024-05-28T18:12:37.770+0000] {logging_mixin.py:188} INFO - [2024-05-28T18:12:37.768+0000] {dag.py:3954} INFO - Setting next_dagrun for example_bash_decorator to None, run_after=None
[2024-05-28T18:12:37.860+0000] {processor.py:183} INFO - Processing /home/airflow/.local/lib/python3.12/site-packages/airflow/example_dags/example_bash_decorator.py took 0.424 seconds
[2024-05-28T18:13:08.012+0000] {processor.py:161} INFO - Started process (PID=706) to work on /home/airflow/.local/lib/python3.12/site-packages/airflow/example_dags/example_bash_decorator.py
[2024-05-28T18:13:08.014+0000] {processor.py:830} INFO - Processing file /home/airflow/.local/lib/python3.12/site-packages/airflow/example_dags/example_bash_decorator.py for tasks to queue
[2024-05-28T18:13:08.018+0000] {logging_mixin.py:188} INFO - [2024-05-28T18:13:08.017+0000] {dagbag.py:545} INFO - Filling up the DagBag from /home/airflow/.local/lib/python3.12/site-packages/airflow/example_dags/example_bash_decorator.py
[2024-05-28T18:13:08.053+0000] {processor.py:840} INFO - DAG(s) 'example_bash_decorator' retrieved from /home/airflow/.local/lib/python3.12/site-packages/airflow/example_dags/example_bash_decorator.py
[2024-05-28T18:13:08.120+0000] {logging_mixin.py:188} INFO - [2024-05-28T18:13:08.120+0000] {dag.py:3096} INFO - Sync 1 DAGs
[2024-05-28T18:13:08.156+0000] {logging_mixin.py:188} INFO - [2024-05-28T18:13:08.155+0000] {dag.py:3954} INFO - Setting next_dagrun for example_bash_decorator to None, run_after=None
[2024-05-28T18:13:08.218+0000] {processor.py:183} INFO - Processing /home/airflow/.local/lib/python3.12/site-packages/airflow/example_dags/example_bash_decorator.py took 0.222 seconds
[2024-05-28T18:13:39.467+0000] {processor.py:161} INFO - Started process (PID=765) to work on /home/airflow/.local/lib/python3.12/site-packages/airflow/example_dags/example_bash_decorator.py
[2024-05-28T18:13:39.470+0000] {processor.py:830} INFO - Processing file /home/airflow/.local/lib/python3.12/site-packages/airflow/example_dags/example_bash_decorator.py for tasks to queue
[2024-05-28T18:13:39.478+0000] {logging_mixin.py:188} INFO - [2024-05-28T18:13:39.476+0000] {dagbag.py:545} INFO - Filling up the DagBag from /home/airflow/.local/lib/python3.12/site-packages/airflow/example_dags/example_bash_decorator.py
[2024-05-28T18:13:39.595+0000] {processor.py:840} INFO - DAG(s) 'example_bash_decorator' retrieved from /home/airflow/.local/lib/python3.12/site-packages/airflow/example_dags/example_bash_decorator.py
[2024-05-28T18:13:39.864+0000] {logging_mixin.py:188} INFO - [2024-05-28T18:13:39.856+0000] {dag.py:3096} INFO - Sync 1 DAGs
[2024-05-28T18:13:40.022+0000] {logging_mixin.py:188} INFO - [2024-05-28T18:13:40.020+0000] {dag.py:3954} INFO - Setting next_dagrun for example_bash_decorator to None, run_after=None
[2024-05-28T18:13:40.220+0000] {processor.py:183} INFO - Processing /home/airflow/.local/lib/python3.12/site-packages/airflow/example_dags/example_bash_decorator.py took 0.817 seconds
[2024-05-28T18:14:12.035+0000] {processor.py:161} INFO - Started process (PID=823) to work on /home/airflow/.local/lib/python3.12/site-packages/airflow/example_dags/example_bash_decorator.py
[2024-05-28T18:14:12.044+0000] {processor.py:830} INFO - Processing file /home/airflow/.local/lib/python3.12/site-packages/airflow/example_dags/example_bash_decorator.py for tasks to queue
[2024-05-28T18:14:12.058+0000] {logging_mixin.py:188} INFO - [2024-05-28T18:14:12.057+0000] {dagbag.py:545} INFO - Filling up the DagBag from /home/airflow/.local/lib/python3.12/site-packages/airflow/example_dags/example_bash_decorator.py
[2024-05-28T18:14:12.159+0000] {processor.py:840} INFO - DAG(s) 'example_bash_decorator' retrieved from /home/airflow/.local/lib/python3.12/site-packages/airflow/example_dags/example_bash_decorator.py
[2024-05-28T18:14:12.322+0000] {logging_mixin.py:188} INFO - [2024-05-28T18:14:12.321+0000] {dag.py:3096} INFO - Sync 1 DAGs
[2024-05-28T18:14:12.406+0000] {logging_mixin.py:188} INFO - [2024-05-28T18:14:12.406+0000] {dag.py:3954} INFO - Setting next_dagrun for example_bash_decorator to None, run_after=None
[2024-05-28T18:14:12.640+0000] {processor.py:183} INFO - Processing /home/airflow/.local/lib/python3.12/site-packages/airflow/example_dags/example_bash_decorator.py took 0.671 seconds
[2024-05-28T18:14:43.511+0000] {processor.py:161} INFO - Started process (PID=881) to work on /home/airflow/.local/lib/python3.12/site-packages/airflow/example_dags/example_bash_decorator.py
[2024-05-28T18:14:43.517+0000] {processor.py:830} INFO - Processing file /home/airflow/.local/lib/python3.12/site-packages/airflow/example_dags/example_bash_decorator.py for tasks to queue
[2024-05-28T18:14:43.545+0000] {logging_mixin.py:188} INFO - [2024-05-28T18:14:43.538+0000] {dagbag.py:545} INFO - Filling up the DagBag from /home/airflow/.local/lib/python3.12/site-packages/airflow/example_dags/example_bash_decorator.py
[2024-05-28T18:14:43.717+0000] {processor.py:840} INFO - DAG(s) 'example_bash_decorator' retrieved from /home/airflow/.local/lib/python3.12/site-packages/airflow/example_dags/example_bash_decorator.py
[2024-05-28T18:14:44.022+0000] {logging_mixin.py:188} INFO - [2024-05-28T18:14:44.021+0000] {dag.py:3096} INFO - Sync 1 DAGs
[2024-05-28T18:14:44.131+0000] {logging_mixin.py:188} INFO - [2024-05-28T18:14:44.130+0000] {dag.py:3954} INFO - Setting next_dagrun for example_bash_decorator to None, run_after=None
[2024-05-28T18:14:44.296+0000] {processor.py:183} INFO - Processing /home/airflow/.local/lib/python3.12/site-packages/airflow/example_dags/example_bash_decorator.py took 0.840 seconds
[2024-05-28T18:15:14.889+0000] {processor.py:161} INFO - Started process (PID=938) to work on /home/airflow/.local/lib/python3.12/site-packages/airflow/example_dags/example_bash_decorator.py
[2024-05-28T18:15:14.893+0000] {processor.py:830} INFO - Processing file /home/airflow/.local/lib/python3.12/site-packages/airflow/example_dags/example_bash_decorator.py for tasks to queue
[2024-05-28T18:15:14.899+0000] {logging_mixin.py:188} INFO - [2024-05-28T18:15:14.898+0000] {dagbag.py:545} INFO - Filling up the DagBag from /home/airflow/.local/lib/python3.12/site-packages/airflow/example_dags/example_bash_decorator.py
[2024-05-28T18:15:15.005+0000] {processor.py:840} INFO - DAG(s) 'example_bash_decorator' retrieved from /home/airflow/.local/lib/python3.12/site-packages/airflow/example_dags/example_bash_decorator.py
[2024-05-28T18:15:15.178+0000] {logging_mixin.py:188} INFO - [2024-05-28T18:15:15.177+0000] {dag.py:3096} INFO - Sync 1 DAGs
[2024-05-28T18:15:15.273+0000] {logging_mixin.py:188} INFO - [2024-05-28T18:15:15.272+0000] {dag.py:3954} INFO - Setting next_dagrun for example_bash_decorator to None, run_after=None
[2024-05-28T18:15:15.495+0000] {processor.py:183} INFO - Processing /home/airflow/.local/lib/python3.12/site-packages/airflow/example_dags/example_bash_decorator.py took 0.646 seconds
[2024-05-28T18:15:46.707+0000] {processor.py:161} INFO - Started process (PID=996) to work on /home/airflow/.local/lib/python3.12/site-packages/airflow/example_dags/example_bash_decorator.py
[2024-05-28T18:15:46.710+0000] {processor.py:830} INFO - Processing file /home/airflow/.local/lib/python3.12/site-packages/airflow/example_dags/example_bash_decorator.py for tasks to queue
[2024-05-28T18:15:46.715+0000] {logging_mixin.py:188} INFO - [2024-05-28T18:15:46.714+0000] {dagbag.py:545} INFO - Filling up the DagBag from /home/airflow/.local/lib/python3.12/site-packages/airflow/example_dags/example_bash_decorator.py
[2024-05-28T18:15:46.758+0000] {processor.py:840} INFO - DAG(s) 'example_bash_decorator' retrieved from /home/airflow/.local/lib/python3.12/site-packages/airflow/example_dags/example_bash_decorator.py
[2024-05-28T18:15:46.825+0000] {logging_mixin.py:188} INFO - [2024-05-28T18:15:46.824+0000] {dag.py:3096} INFO - Sync 1 DAGs
[2024-05-28T18:15:46.854+0000] {logging_mixin.py:188} INFO - [2024-05-28T18:15:46.853+0000] {dag.py:3954} INFO - Setting next_dagrun for example_bash_decorator to None, run_after=None
[2024-05-28T18:15:46.895+0000] {processor.py:183} INFO - Processing /home/airflow/.local/lib/python3.12/site-packages/airflow/example_dags/example_bash_decorator.py took 0.210 seconds
[2024-05-28T18:16:23.158+0000] {processor.py:161} INFO - Started process (PID=1061) to work on /home/airflow/.local/lib/python3.12/site-packages/airflow/example_dags/example_bash_decorator.py
[2024-05-28T18:16:23.161+0000] {processor.py:830} INFO - Processing file /home/airflow/.local/lib/python3.12/site-packages/airflow/example_dags/example_bash_decorator.py for tasks to queue
[2024-05-28T18:16:23.175+0000] {logging_mixin.py:188} INFO - [2024-05-28T18:16:23.171+0000] {dagbag.py:545} INFO - Filling up the DagBag from /home/airflow/.local/lib/python3.12/site-packages/airflow/example_dags/example_bash_decorator.py
[2024-05-28T18:16:23.281+0000] {processor.py:840} INFO - DAG(s) 'example_bash_decorator' retrieved from /home/airflow/.local/lib/python3.12/site-packages/airflow/example_dags/example_bash_decorator.py
[2024-05-28T18:16:23.504+0000] {logging_mixin.py:188} INFO - [2024-05-28T18:16:23.502+0000] {dag.py:3096} INFO - Sync 1 DAGs
[2024-05-28T18:16:23.607+0000] {logging_mixin.py:188} INFO - [2024-05-28T18:16:23.604+0000] {dag.py:3954} INFO - Setting next_dagrun for example_bash_decorator to None, run_after=None
[2024-05-28T18:16:23.738+0000] {processor.py:183} INFO - Processing /home/airflow/.local/lib/python3.12/site-packages/airflow/example_dags/example_bash_decorator.py took 0.612 seconds
[2024-05-28T18:16:54.278+0000] {processor.py:161} INFO - Started process (PID=1118) to work on /home/airflow/.local/lib/python3.12/site-packages/airflow/example_dags/example_bash_decorator.py
[2024-05-28T18:16:54.295+0000] {processor.py:830} INFO - Processing file /home/airflow/.local/lib/python3.12/site-packages/airflow/example_dags/example_bash_decorator.py for tasks to queue
[2024-05-28T18:16:54.306+0000] {logging_mixin.py:188} INFO - [2024-05-28T18:16:54.303+0000] {dagbag.py:545} INFO - Filling up the DagBag from /home/airflow/.local/lib/python3.12/site-packages/airflow/example_dags/example_bash_decorator.py
[2024-05-28T18:16:54.484+0000] {processor.py:840} INFO - DAG(s) 'example_bash_decorator' retrieved from /home/airflow/.local/lib/python3.12/site-packages/airflow/example_dags/example_bash_decorator.py
[2024-05-28T18:16:54.778+0000] {logging_mixin.py:188} INFO - [2024-05-28T18:16:54.777+0000] {dag.py:3096} INFO - Sync 1 DAGs
[2024-05-28T18:16:54.900+0000] {logging_mixin.py:188} INFO - [2024-05-28T18:16:54.899+0000] {dag.py:3954} INFO - Setting next_dagrun for example_bash_decorator to None, run_after=None
[2024-05-28T18:16:55.043+0000] {processor.py:183} INFO - Processing /home/airflow/.local/lib/python3.12/site-packages/airflow/example_dags/example_bash_decorator.py took 0.837 seconds
[2024-05-28T18:17:25.280+0000] {processor.py:161} INFO - Started process (PID=1176) to work on /home/airflow/.local/lib/python3.12/site-packages/airflow/example_dags/example_bash_decorator.py
[2024-05-28T18:17:25.287+0000] {processor.py:830} INFO - Processing file /home/airflow/.local/lib/python3.12/site-packages/airflow/example_dags/example_bash_decorator.py for tasks to queue
[2024-05-28T18:17:25.299+0000] {logging_mixin.py:188} INFO - [2024-05-28T18:17:25.297+0000] {dagbag.py:545} INFO - Filling up the DagBag from /home/airflow/.local/lib/python3.12/site-packages/airflow/example_dags/example_bash_decorator.py
[2024-05-28T18:17:25.390+0000] {processor.py:840} INFO - DAG(s) 'example_bash_decorator' retrieved from /home/airflow/.local/lib/python3.12/site-packages/airflow/example_dags/example_bash_decorator.py
[2024-05-28T18:17:25.557+0000] {logging_mixin.py:188} INFO - [2024-05-28T18:17:25.556+0000] {dag.py:3096} INFO - Sync 1 DAGs
[2024-05-28T18:17:25.597+0000] {logging_mixin.py:188} INFO - [2024-05-28T18:17:25.596+0000] {dag.py:3954} INFO - Setting next_dagrun for example_bash_decorator to None, run_after=None
[2024-05-28T18:17:25.671+0000] {processor.py:183} INFO - Processing /home/airflow/.local/lib/python3.12/site-packages/airflow/example_dags/example_bash_decorator.py took 0.442 seconds
[2024-05-28T18:17:57.750+0000] {processor.py:161} INFO - Started process (PID=1233) to work on /home/airflow/.local/lib/python3.12/site-packages/airflow/example_dags/example_bash_decorator.py
[2024-05-28T18:17:57.763+0000] {processor.py:830} INFO - Processing file /home/airflow/.local/lib/python3.12/site-packages/airflow/example_dags/example_bash_decorator.py for tasks to queue
[2024-05-28T18:17:57.778+0000] {logging_mixin.py:188} INFO - [2024-05-28T18:17:57.777+0000] {dagbag.py:545} INFO - Filling up the DagBag from /home/airflow/.local/lib/python3.12/site-packages/airflow/example_dags/example_bash_decorator.py
[2024-05-28T18:17:57.860+0000] {processor.py:840} INFO - DAG(s) 'example_bash_decorator' retrieved from /home/airflow/.local/lib/python3.12/site-packages/airflow/example_dags/example_bash_decorator.py
[2024-05-28T18:17:57.999+0000] {logging_mixin.py:188} INFO - [2024-05-28T18:17:57.995+0000] {dag.py:3096} INFO - Sync 1 DAGs
[2024-05-28T18:17:58.100+0000] {logging_mixin.py:188} INFO - [2024-05-28T18:17:58.099+0000] {dag.py:3954} INFO - Setting next_dagrun for example_bash_decorator to None, run_after=None
[2024-05-28T18:17:58.199+0000] {processor.py:183} INFO - Processing /home/airflow/.local/lib/python3.12/site-packages/airflow/example_dags/example_bash_decorator.py took 0.474 seconds
[2024-05-28T18:18:28.933+0000] {processor.py:161} INFO - Started process (PID=1291) to work on /home/airflow/.local/lib/python3.12/site-packages/airflow/example_dags/example_bash_decorator.py
[2024-05-28T18:18:28.935+0000] {processor.py:830} INFO - Processing file /home/airflow/.local/lib/python3.12/site-packages/airflow/example_dags/example_bash_decorator.py for tasks to queue
[2024-05-28T18:18:28.940+0000] {logging_mixin.py:188} INFO - [2024-05-28T18:18:28.939+0000] {dagbag.py:545} INFO - Filling up the DagBag from /home/airflow/.local/lib/python3.12/site-packages/airflow/example_dags/example_bash_decorator.py
[2024-05-28T18:18:28.978+0000] {processor.py:840} INFO - DAG(s) 'example_bash_decorator' retrieved from /home/airflow/.local/lib/python3.12/site-packages/airflow/example_dags/example_bash_decorator.py
[2024-05-28T18:18:29.049+0000] {logging_mixin.py:188} INFO - [2024-05-28T18:18:29.048+0000] {dag.py:3096} INFO - Sync 1 DAGs
[2024-05-28T18:18:29.088+0000] {logging_mixin.py:188} INFO - [2024-05-28T18:18:29.087+0000] {dag.py:3954} INFO - Setting next_dagrun for example_bash_decorator to None, run_after=None
[2024-05-28T18:18:29.145+0000] {processor.py:183} INFO - Processing /home/airflow/.local/lib/python3.12/site-packages/airflow/example_dags/example_bash_decorator.py took 0.230 seconds
[2024-05-28T18:18:59.804+0000] {processor.py:161} INFO - Started process (PID=1347) to work on /home/airflow/.local/lib/python3.12/site-packages/airflow/example_dags/example_bash_decorator.py
[2024-05-28T18:18:59.810+0000] {processor.py:830} INFO - Processing file /home/airflow/.local/lib/python3.12/site-packages/airflow/example_dags/example_bash_decorator.py for tasks to queue
[2024-05-28T18:18:59.818+0000] {logging_mixin.py:188} INFO - [2024-05-28T18:18:59.816+0000] {dagbag.py:545} INFO - Filling up the DagBag from /home/airflow/.local/lib/python3.12/site-packages/airflow/example_dags/example_bash_decorator.py
[2024-05-28T18:18:59.871+0000] {processor.py:840} INFO - DAG(s) 'example_bash_decorator' retrieved from /home/airflow/.local/lib/python3.12/site-packages/airflow/example_dags/example_bash_decorator.py
[2024-05-28T18:18:59.921+0000] {logging_mixin.py:188} INFO - [2024-05-28T18:18:59.920+0000] {dag.py:3096} INFO - Sync 1 DAGs
[2024-05-28T18:18:59.951+0000] {logging_mixin.py:188} INFO - [2024-05-28T18:18:59.950+0000] {dag.py:3954} INFO - Setting next_dagrun for example_bash_decorator to None, run_after=None
[2024-05-28T18:18:59.998+0000] {processor.py:183} INFO - Processing /home/airflow/.local/lib/python3.12/site-packages/airflow/example_dags/example_bash_decorator.py took 0.227 seconds
[2024-05-28T18:19:31.078+0000] {processor.py:161} INFO - Started process (PID=1405) to work on /home/airflow/.local/lib/python3.12/site-packages/airflow/example_dags/example_bash_decorator.py
[2024-05-28T18:19:31.080+0000] {processor.py:830} INFO - Processing file /home/airflow/.local/lib/python3.12/site-packages/airflow/example_dags/example_bash_decorator.py for tasks to queue
[2024-05-28T18:19:31.084+0000] {logging_mixin.py:188} INFO - [2024-05-28T18:19:31.084+0000] {dagbag.py:545} INFO - Filling up the DagBag from /home/airflow/.local/lib/python3.12/site-packages/airflow/example_dags/example_bash_decorator.py
[2024-05-28T18:19:31.114+0000] {processor.py:840} INFO - DAG(s) 'example_bash_decorator' retrieved from /home/airflow/.local/lib/python3.12/site-packages/airflow/example_dags/example_bash_decorator.py
[2024-05-28T18:19:31.176+0000] {logging_mixin.py:188} INFO - [2024-05-28T18:19:31.176+0000] {dag.py:3096} INFO - Sync 1 DAGs
[2024-05-28T18:19:31.221+0000] {logging_mixin.py:188} INFO - [2024-05-28T18:19:31.219+0000] {dag.py:3954} INFO - Setting next_dagrun for example_bash_decorator to None, run_after=None
[2024-05-28T18:19:31.272+0000] {processor.py:183} INFO - Processing /home/airflow/.local/lib/python3.12/site-packages/airflow/example_dags/example_bash_decorator.py took 0.213 seconds
[2024-05-28T18:20:01.491+0000] {processor.py:161} INFO - Started process (PID=1463) to work on /home/airflow/.local/lib/python3.12/site-packages/airflow/example_dags/example_bash_decorator.py
[2024-05-28T18:20:01.493+0000] {processor.py:830} INFO - Processing file /home/airflow/.local/lib/python3.12/site-packages/airflow/example_dags/example_bash_decorator.py for tasks to queue
[2024-05-28T18:20:01.497+0000] {logging_mixin.py:188} INFO - [2024-05-28T18:20:01.497+0000] {dagbag.py:545} INFO - Filling up the DagBag from /home/airflow/.local/lib/python3.12/site-packages/airflow/example_dags/example_bash_decorator.py
[2024-05-28T18:20:01.576+0000] {processor.py:840} INFO - DAG(s) 'example_bash_decorator' retrieved from /home/airflow/.local/lib/python3.12/site-packages/airflow/example_dags/example_bash_decorator.py
[2024-05-28T18:20:01.655+0000] {logging_mixin.py:188} INFO - [2024-05-28T18:20:01.654+0000] {dag.py:3096} INFO - Sync 1 DAGs
[2024-05-28T18:20:01.702+0000] {logging_mixin.py:188} INFO - [2024-05-28T18:20:01.702+0000] {dag.py:3954} INFO - Setting next_dagrun for example_bash_decorator to None, run_after=None
[2024-05-28T18:20:01.794+0000] {processor.py:183} INFO - Processing /home/airflow/.local/lib/python3.12/site-packages/airflow/example_dags/example_bash_decorator.py took 0.327 seconds
[2024-05-28T18:20:32.033+0000] {processor.py:161} INFO - Started process (PID=1521) to work on /home/airflow/.local/lib/python3.12/site-packages/airflow/example_dags/example_bash_decorator.py
[2024-05-28T18:20:32.043+0000] {processor.py:830} INFO - Processing file /home/airflow/.local/lib/python3.12/site-packages/airflow/example_dags/example_bash_decorator.py for tasks to queue
[2024-05-28T18:20:32.060+0000] {logging_mixin.py:188} INFO - [2024-05-28T18:20:32.057+0000] {dagbag.py:545} INFO - Filling up the DagBag from /home/airflow/.local/lib/python3.12/site-packages/airflow/example_dags/example_bash_decorator.py
[2024-05-28T18:20:32.169+0000] {processor.py:840} INFO - DAG(s) 'example_bash_decorator' retrieved from /home/airflow/.local/lib/python3.12/site-packages/airflow/example_dags/example_bash_decorator.py
[2024-05-28T18:20:32.368+0000] {logging_mixin.py:188} INFO - [2024-05-28T18:20:32.366+0000] {dag.py:3096} INFO - Sync 1 DAGs
[2024-05-28T18:20:32.582+0000] {logging_mixin.py:188} INFO - [2024-05-28T18:20:32.573+0000] {dag.py:3954} INFO - Setting next_dagrun for example_bash_decorator to None, run_after=None
[2024-05-28T18:20:32.799+0000] {processor.py:183} INFO - Processing /home/airflow/.local/lib/python3.12/site-packages/airflow/example_dags/example_bash_decorator.py took 0.827 seconds
[2024-05-28T18:21:03.845+0000] {processor.py:161} INFO - Started process (PID=1579) to work on /home/airflow/.local/lib/python3.12/site-packages/airflow/example_dags/example_bash_decorator.py
[2024-05-28T18:21:03.851+0000] {processor.py:830} INFO - Processing file /home/airflow/.local/lib/python3.12/site-packages/airflow/example_dags/example_bash_decorator.py for tasks to queue
[2024-05-28T18:21:03.859+0000] {logging_mixin.py:188} INFO - [2024-05-28T18:21:03.858+0000] {dagbag.py:545} INFO - Filling up the DagBag from /home/airflow/.local/lib/python3.12/site-packages/airflow/example_dags/example_bash_decorator.py
[2024-05-28T18:21:03.992+0000] {processor.py:840} INFO - DAG(s) 'example_bash_decorator' retrieved from /home/airflow/.local/lib/python3.12/site-packages/airflow/example_dags/example_bash_decorator.py
[2024-05-28T18:21:04.075+0000] {logging_mixin.py:188} INFO - [2024-05-28T18:21:04.074+0000] {dag.py:3096} INFO - Sync 1 DAGs
[2024-05-28T18:21:04.116+0000] {logging_mixin.py:188} INFO - [2024-05-28T18:21:04.115+0000] {dag.py:3954} INFO - Setting next_dagrun for example_bash_decorator to None, run_after=None
[2024-05-28T18:21:04.184+0000] {processor.py:183} INFO - Processing /home/airflow/.local/lib/python3.12/site-packages/airflow/example_dags/example_bash_decorator.py took 0.375 seconds
[2024-05-28T18:21:37.524+0000] {processor.py:161} INFO - Started process (PID=1637) to work on /home/airflow/.local/lib/python3.12/site-packages/airflow/example_dags/example_bash_decorator.py
[2024-05-28T18:21:37.529+0000] {processor.py:830} INFO - Processing file /home/airflow/.local/lib/python3.12/site-packages/airflow/example_dags/example_bash_decorator.py for tasks to queue
[2024-05-28T18:21:37.550+0000] {logging_mixin.py:188} INFO - [2024-05-28T18:21:37.549+0000] {dagbag.py:545} INFO - Filling up the DagBag from /home/airflow/.local/lib/python3.12/site-packages/airflow/example_dags/example_bash_decorator.py
[2024-05-28T18:21:37.691+0000] {processor.py:840} INFO - DAG(s) 'example_bash_decorator' retrieved from /home/airflow/.local/lib/python3.12/site-packages/airflow/example_dags/example_bash_decorator.py
[2024-05-28T18:21:37.852+0000] {logging_mixin.py:188} INFO - [2024-05-28T18:21:37.850+0000] {dag.py:3096} INFO - Sync 1 DAGs
[2024-05-28T18:21:37.992+0000] {logging_mixin.py:188} INFO - [2024-05-28T18:21:37.990+0000] {dag.py:3954} INFO - Setting next_dagrun for example_bash_decorator to None, run_after=None
[2024-05-28T18:21:38.164+0000] {processor.py:183} INFO - Processing /home/airflow/.local/lib/python3.12/site-packages/airflow/example_dags/example_bash_decorator.py took 0.695 seconds
