[2024-05-28T18:07:41.365+0000] {processor.py:161} INFO - Started process (PID=101) to work on /home/airflow/.local/lib/python3.12/site-packages/airflow/example_dags/example_external_task_marker_dag.py
[2024-05-28T18:07:41.367+0000] {processor.py:830} INFO - Processing file /home/airflow/.local/lib/python3.12/site-packages/airflow/example_dags/example_external_task_marker_dag.py for tasks to queue
[2024-05-28T18:07:41.374+0000] {logging_mixin.py:188} INFO - [2024-05-28T18:07:41.373+0000] {dagbag.py:545} INFO - Filling up the DagBag from /home/airflow/.local/lib/python3.12/site-packages/airflow/example_dags/example_external_task_marker_dag.py
[2024-05-28T18:07:41.409+0000] {processor.py:840} INFO - DAG(s) 'example_external_task_marker_parent', 'example_external_task_marker_child' retrieved from /home/airflow/.local/lib/python3.12/site-packages/airflow/example_dags/example_external_task_marker_dag.py
[2024-05-28T18:07:42.228+0000] {logging_mixin.py:188} INFO - [2024-05-28T18:07:42.227+0000] {dag.py:3096} INFO - Sync 2 DAGs
[2024-05-28T18:07:42.346+0000] {logging_mixin.py:188} INFO - [2024-05-28T18:07:42.344+0000] {dag.py:3954} INFO - Setting next_dagrun for example_external_task_marker_child to None, run_after=None
[2024-05-28T18:07:42.388+0000] {logging_mixin.py:188} INFO - [2024-05-28T18:07:42.376+0000] {dag.py:3954} INFO - Setting next_dagrun for example_external_task_marker_parent to None, run_after=None
[2024-05-28T18:07:42.561+0000] {processor.py:183} INFO - Processing /home/airflow/.local/lib/python3.12/site-packages/airflow/example_dags/example_external_task_marker_dag.py took 1.220 seconds
[2024-05-28T18:08:14.200+0000] {processor.py:161} INFO - Started process (PID=159) to work on /home/airflow/.local/lib/python3.12/site-packages/airflow/example_dags/example_external_task_marker_dag.py
[2024-05-28T18:08:14.207+0000] {processor.py:830} INFO - Processing file /home/airflow/.local/lib/python3.12/site-packages/airflow/example_dags/example_external_task_marker_dag.py for tasks to queue
[2024-05-28T18:08:14.247+0000] {logging_mixin.py:188} INFO - [2024-05-28T18:08:14.244+0000] {dagbag.py:545} INFO - Filling up the DagBag from /home/airflow/.local/lib/python3.12/site-packages/airflow/example_dags/example_external_task_marker_dag.py
[2024-05-28T18:08:14.308+0000] {processor.py:840} INFO - DAG(s) 'example_external_task_marker_parent', 'example_external_task_marker_child' retrieved from /home/airflow/.local/lib/python3.12/site-packages/airflow/example_dags/example_external_task_marker_dag.py
[2024-05-28T18:08:14.515+0000] {logging_mixin.py:188} INFO - [2024-05-28T18:08:14.507+0000] {dag.py:3096} INFO - Sync 2 DAGs
[2024-05-28T18:08:14.602+0000] {logging_mixin.py:188} INFO - [2024-05-28T18:08:14.601+0000] {dag.py:3954} INFO - Setting next_dagrun for example_external_task_marker_child to None, run_after=None
[2024-05-28T18:08:14.623+0000] {logging_mixin.py:188} INFO - [2024-05-28T18:08:14.622+0000] {dag.py:3954} INFO - Setting next_dagrun for example_external_task_marker_parent to None, run_after=None
[2024-05-28T18:08:14.721+0000] {processor.py:183} INFO - Processing /home/airflow/.local/lib/python3.12/site-packages/airflow/example_dags/example_external_task_marker_dag.py took 0.562 seconds
[2024-05-28T18:08:44.821+0000] {processor.py:161} INFO - Started process (PID=216) to work on /home/airflow/.local/lib/python3.12/site-packages/airflow/example_dags/example_external_task_marker_dag.py
[2024-05-28T18:08:44.823+0000] {processor.py:830} INFO - Processing file /home/airflow/.local/lib/python3.12/site-packages/airflow/example_dags/example_external_task_marker_dag.py for tasks to queue
[2024-05-28T18:08:44.837+0000] {logging_mixin.py:188} INFO - [2024-05-28T18:08:44.836+0000] {dagbag.py:545} INFO - Filling up the DagBag from /home/airflow/.local/lib/python3.12/site-packages/airflow/example_dags/example_external_task_marker_dag.py
[2024-05-28T18:08:44.862+0000] {processor.py:840} INFO - DAG(s) 'example_external_task_marker_child', 'example_external_task_marker_parent' retrieved from /home/airflow/.local/lib/python3.12/site-packages/airflow/example_dags/example_external_task_marker_dag.py
[2024-05-28T18:08:44.983+0000] {logging_mixin.py:188} INFO - [2024-05-28T18:08:44.982+0000] {dag.py:3096} INFO - Sync 2 DAGs
[2024-05-28T18:08:45.052+0000] {logging_mixin.py:188} INFO - [2024-05-28T18:08:45.051+0000] {dag.py:3954} INFO - Setting next_dagrun for example_external_task_marker_child to None, run_after=None
[2024-05-28T18:08:45.073+0000] {logging_mixin.py:188} INFO - [2024-05-28T18:08:45.072+0000] {dag.py:3954} INFO - Setting next_dagrun for example_external_task_marker_parent to None, run_after=None
[2024-05-28T18:08:45.224+0000] {processor.py:183} INFO - Processing /home/airflow/.local/lib/python3.12/site-packages/airflow/example_dags/example_external_task_marker_dag.py took 0.421 seconds
[2024-05-28T18:09:15.665+0000] {processor.py:161} INFO - Started process (PID=274) to work on /home/airflow/.local/lib/python3.12/site-packages/airflow/example_dags/example_external_task_marker_dag.py
[2024-05-28T18:09:15.669+0000] {processor.py:830} INFO - Processing file /home/airflow/.local/lib/python3.12/site-packages/airflow/example_dags/example_external_task_marker_dag.py for tasks to queue
[2024-05-28T18:09:15.675+0000] {logging_mixin.py:188} INFO - [2024-05-28T18:09:15.675+0000] {dagbag.py:545} INFO - Filling up the DagBag from /home/airflow/.local/lib/python3.12/site-packages/airflow/example_dags/example_external_task_marker_dag.py
[2024-05-28T18:09:15.692+0000] {processor.py:840} INFO - DAG(s) 'example_external_task_marker_parent', 'example_external_task_marker_child' retrieved from /home/airflow/.local/lib/python3.12/site-packages/airflow/example_dags/example_external_task_marker_dag.py
[2024-05-28T18:09:15.774+0000] {logging_mixin.py:188} INFO - [2024-05-28T18:09:15.773+0000] {dag.py:3096} INFO - Sync 2 DAGs
[2024-05-28T18:09:15.807+0000] {logging_mixin.py:188} INFO - [2024-05-28T18:09:15.807+0000] {dag.py:3954} INFO - Setting next_dagrun for example_external_task_marker_child to None, run_after=None
[2024-05-28T18:09:15.818+0000] {logging_mixin.py:188} INFO - [2024-05-28T18:09:15.817+0000] {dag.py:3954} INFO - Setting next_dagrun for example_external_task_marker_parent to None, run_after=None
[2024-05-28T18:09:15.866+0000] {processor.py:183} INFO - Processing /home/airflow/.local/lib/python3.12/site-packages/airflow/example_dags/example_external_task_marker_dag.py took 0.220 seconds
[2024-05-28T18:09:47.299+0000] {processor.py:161} INFO - Started process (PID=333) to work on /home/airflow/.local/lib/python3.12/site-packages/airflow/example_dags/example_external_task_marker_dag.py
[2024-05-28T18:09:47.338+0000] {processor.py:830} INFO - Processing file /home/airflow/.local/lib/python3.12/site-packages/airflow/example_dags/example_external_task_marker_dag.py for tasks to queue
[2024-05-28T18:09:47.361+0000] {logging_mixin.py:188} INFO - [2024-05-28T18:09:47.361+0000] {dagbag.py:545} INFO - Filling up the DagBag from /home/airflow/.local/lib/python3.12/site-packages/airflow/example_dags/example_external_task_marker_dag.py
[2024-05-28T18:09:47.442+0000] {processor.py:840} INFO - DAG(s) 'example_external_task_marker_child', 'example_external_task_marker_parent' retrieved from /home/airflow/.local/lib/python3.12/site-packages/airflow/example_dags/example_external_task_marker_dag.py
[2024-05-28T18:09:47.661+0000] {logging_mixin.py:188} INFO - [2024-05-28T18:09:47.661+0000] {dag.py:3096} INFO - Sync 2 DAGs
[2024-05-28T18:09:47.841+0000] {logging_mixin.py:188} INFO - [2024-05-28T18:09:47.840+0000] {dag.py:3954} INFO - Setting next_dagrun for example_external_task_marker_child to None, run_after=None
[2024-05-28T18:09:47.881+0000] {logging_mixin.py:188} INFO - [2024-05-28T18:09:47.880+0000] {dag.py:3954} INFO - Setting next_dagrun for example_external_task_marker_parent to None, run_after=None
[2024-05-28T18:09:48.047+0000] {processor.py:183} INFO - Processing /home/airflow/.local/lib/python3.12/site-packages/airflow/example_dags/example_external_task_marker_dag.py took 0.789 seconds
[2024-05-28T18:10:19.208+0000] {processor.py:161} INFO - Started process (PID=391) to work on /home/airflow/.local/lib/python3.12/site-packages/airflow/example_dags/example_external_task_marker_dag.py
[2024-05-28T18:10:19.210+0000] {processor.py:830} INFO - Processing file /home/airflow/.local/lib/python3.12/site-packages/airflow/example_dags/example_external_task_marker_dag.py for tasks to queue
[2024-05-28T18:10:19.213+0000] {logging_mixin.py:188} INFO - [2024-05-28T18:10:19.212+0000] {dagbag.py:545} INFO - Filling up the DagBag from /home/airflow/.local/lib/python3.12/site-packages/airflow/example_dags/example_external_task_marker_dag.py
[2024-05-28T18:10:19.226+0000] {processor.py:840} INFO - DAG(s) 'example_external_task_marker_parent', 'example_external_task_marker_child' retrieved from /home/airflow/.local/lib/python3.12/site-packages/airflow/example_dags/example_external_task_marker_dag.py
[2024-05-28T18:10:19.287+0000] {logging_mixin.py:188} INFO - [2024-05-28T18:10:19.285+0000] {dag.py:3096} INFO - Sync 2 DAGs
[2024-05-28T18:10:19.325+0000] {logging_mixin.py:188} INFO - [2024-05-28T18:10:19.325+0000] {dag.py:3954} INFO - Setting next_dagrun for example_external_task_marker_child to None, run_after=None
[2024-05-28T18:10:19.338+0000] {logging_mixin.py:188} INFO - [2024-05-28T18:10:19.337+0000] {dag.py:3954} INFO - Setting next_dagrun for example_external_task_marker_parent to None, run_after=None
[2024-05-28T18:10:19.394+0000] {processor.py:183} INFO - Processing /home/airflow/.local/lib/python3.12/site-packages/airflow/example_dags/example_external_task_marker_dag.py took 0.206 seconds
[2024-05-28T18:10:49.987+0000] {processor.py:161} INFO - Started process (PID=456) to work on /home/airflow/.local/lib/python3.12/site-packages/airflow/example_dags/example_external_task_marker_dag.py
[2024-05-28T18:10:49.990+0000] {processor.py:830} INFO - Processing file /home/airflow/.local/lib/python3.12/site-packages/airflow/example_dags/example_external_task_marker_dag.py for tasks to queue
[2024-05-28T18:10:49.996+0000] {logging_mixin.py:188} INFO - [2024-05-28T18:10:49.996+0000] {dagbag.py:545} INFO - Filling up the DagBag from /home/airflow/.local/lib/python3.12/site-packages/airflow/example_dags/example_external_task_marker_dag.py
[2024-05-28T18:10:50.024+0000] {processor.py:840} INFO - DAG(s) 'example_external_task_marker_parent', 'example_external_task_marker_child' retrieved from /home/airflow/.local/lib/python3.12/site-packages/airflow/example_dags/example_external_task_marker_dag.py
[2024-05-28T18:10:50.087+0000] {logging_mixin.py:188} INFO - [2024-05-28T18:10:50.086+0000] {dag.py:3096} INFO - Sync 2 DAGs
[2024-05-28T18:10:50.142+0000] {logging_mixin.py:188} INFO - [2024-05-28T18:10:50.140+0000] {dag.py:3954} INFO - Setting next_dagrun for example_external_task_marker_child to None, run_after=None
[2024-05-28T18:10:50.163+0000] {logging_mixin.py:188} INFO - [2024-05-28T18:10:50.163+0000] {dag.py:3954} INFO - Setting next_dagrun for example_external_task_marker_parent to None, run_after=None
[2024-05-28T18:10:50.214+0000] {processor.py:183} INFO - Processing /home/airflow/.local/lib/python3.12/site-packages/airflow/example_dags/example_external_task_marker_dag.py took 0.253 seconds
[2024-05-28T18:11:20.940+0000] {processor.py:161} INFO - Started process (PID=514) to work on /home/airflow/.local/lib/python3.12/site-packages/airflow/example_dags/example_external_task_marker_dag.py
[2024-05-28T18:11:20.973+0000] {processor.py:830} INFO - Processing file /home/airflow/.local/lib/python3.12/site-packages/airflow/example_dags/example_external_task_marker_dag.py for tasks to queue
[2024-05-28T18:11:20.991+0000] {logging_mixin.py:188} INFO - [2024-05-28T18:11:20.990+0000] {dagbag.py:545} INFO - Filling up the DagBag from /home/airflow/.local/lib/python3.12/site-packages/airflow/example_dags/example_external_task_marker_dag.py
[2024-05-28T18:11:21.043+0000] {processor.py:840} INFO - DAG(s) 'example_external_task_marker_child', 'example_external_task_marker_parent' retrieved from /home/airflow/.local/lib/python3.12/site-packages/airflow/example_dags/example_external_task_marker_dag.py
[2024-05-28T18:11:21.235+0000] {logging_mixin.py:188} INFO - [2024-05-28T18:11:21.234+0000] {dag.py:3096} INFO - Sync 2 DAGs
[2024-05-28T18:11:21.339+0000] {logging_mixin.py:188} INFO - [2024-05-28T18:11:21.338+0000] {dag.py:3954} INFO - Setting next_dagrun for example_external_task_marker_child to None, run_after=None
[2024-05-28T18:11:21.376+0000] {logging_mixin.py:188} INFO - [2024-05-28T18:11:21.376+0000] {dag.py:3954} INFO - Setting next_dagrun for example_external_task_marker_parent to None, run_after=None
[2024-05-28T18:11:21.540+0000] {processor.py:183} INFO - Processing /home/airflow/.local/lib/python3.12/site-packages/airflow/example_dags/example_external_task_marker_dag.py took 0.632 seconds
[2024-05-28T18:11:52.070+0000] {processor.py:161} INFO - Started process (PID=572) to work on /home/airflow/.local/lib/python3.12/site-packages/airflow/example_dags/example_external_task_marker_dag.py
[2024-05-28T18:11:52.074+0000] {processor.py:830} INFO - Processing file /home/airflow/.local/lib/python3.12/site-packages/airflow/example_dags/example_external_task_marker_dag.py for tasks to queue
[2024-05-28T18:11:52.078+0000] {logging_mixin.py:188} INFO - [2024-05-28T18:11:52.078+0000] {dagbag.py:545} INFO - Filling up the DagBag from /home/airflow/.local/lib/python3.12/site-packages/airflow/example_dags/example_external_task_marker_dag.py
[2024-05-28T18:11:52.119+0000] {processor.py:840} INFO - DAG(s) 'example_external_task_marker_parent', 'example_external_task_marker_child' retrieved from /home/airflow/.local/lib/python3.12/site-packages/airflow/example_dags/example_external_task_marker_dag.py
[2024-05-28T18:11:52.194+0000] {logging_mixin.py:188} INFO - [2024-05-28T18:11:52.193+0000] {dag.py:3096} INFO - Sync 2 DAGs
[2024-05-28T18:11:52.237+0000] {logging_mixin.py:188} INFO - [2024-05-28T18:11:52.236+0000] {dag.py:3954} INFO - Setting next_dagrun for example_external_task_marker_child to None, run_after=None
[2024-05-28T18:11:52.249+0000] {logging_mixin.py:188} INFO - [2024-05-28T18:11:52.248+0000] {dag.py:3954} INFO - Setting next_dagrun for example_external_task_marker_parent to None, run_after=None
[2024-05-28T18:11:52.304+0000] {processor.py:183} INFO - Processing /home/airflow/.local/lib/python3.12/site-packages/airflow/example_dags/example_external_task_marker_dag.py took 0.252 seconds
[2024-05-28T18:12:22.693+0000] {processor.py:161} INFO - Started process (PID=630) to work on /home/airflow/.local/lib/python3.12/site-packages/airflow/example_dags/example_external_task_marker_dag.py
[2024-05-28T18:12:22.696+0000] {processor.py:830} INFO - Processing file /home/airflow/.local/lib/python3.12/site-packages/airflow/example_dags/example_external_task_marker_dag.py for tasks to queue
[2024-05-28T18:12:22.701+0000] {logging_mixin.py:188} INFO - [2024-05-28T18:12:22.700+0000] {dagbag.py:545} INFO - Filling up the DagBag from /home/airflow/.local/lib/python3.12/site-packages/airflow/example_dags/example_external_task_marker_dag.py
[2024-05-28T18:12:22.747+0000] {processor.py:840} INFO - DAG(s) 'example_external_task_marker_parent', 'example_external_task_marker_child' retrieved from /home/airflow/.local/lib/python3.12/site-packages/airflow/example_dags/example_external_task_marker_dag.py
[2024-05-28T18:12:22.831+0000] {logging_mixin.py:188} INFO - [2024-05-28T18:12:22.830+0000] {dag.py:3096} INFO - Sync 2 DAGs
[2024-05-28T18:12:22.892+0000] {logging_mixin.py:188} INFO - [2024-05-28T18:12:22.892+0000] {dag.py:3954} INFO - Setting next_dagrun for example_external_task_marker_child to None, run_after=None
[2024-05-28T18:12:22.908+0000] {logging_mixin.py:188} INFO - [2024-05-28T18:12:22.907+0000] {dag.py:3954} INFO - Setting next_dagrun for example_external_task_marker_parent to None, run_after=None
[2024-05-28T18:12:23.004+0000] {processor.py:183} INFO - Processing /home/airflow/.local/lib/python3.12/site-packages/airflow/example_dags/example_external_task_marker_dag.py took 0.333 seconds
[2024-05-28T18:12:53.198+0000] {processor.py:161} INFO - Started process (PID=688) to work on /home/airflow/.local/lib/python3.12/site-packages/airflow/example_dags/example_external_task_marker_dag.py
[2024-05-28T18:12:53.200+0000] {processor.py:830} INFO - Processing file /home/airflow/.local/lib/python3.12/site-packages/airflow/example_dags/example_external_task_marker_dag.py for tasks to queue
[2024-05-28T18:12:53.205+0000] {logging_mixin.py:188} INFO - [2024-05-28T18:12:53.204+0000] {dagbag.py:545} INFO - Filling up the DagBag from /home/airflow/.local/lib/python3.12/site-packages/airflow/example_dags/example_external_task_marker_dag.py
[2024-05-28T18:12:53.220+0000] {processor.py:840} INFO - DAG(s) 'example_external_task_marker_child', 'example_external_task_marker_parent' retrieved from /home/airflow/.local/lib/python3.12/site-packages/airflow/example_dags/example_external_task_marker_dag.py
[2024-05-28T18:12:53.268+0000] {logging_mixin.py:188} INFO - [2024-05-28T18:12:53.267+0000] {dag.py:3096} INFO - Sync 2 DAGs
[2024-05-28T18:12:53.297+0000] {logging_mixin.py:188} INFO - [2024-05-28T18:12:53.297+0000] {dag.py:3954} INFO - Setting next_dagrun for example_external_task_marker_child to None, run_after=None
[2024-05-28T18:12:53.305+0000] {logging_mixin.py:188} INFO - [2024-05-28T18:12:53.305+0000] {dag.py:3954} INFO - Setting next_dagrun for example_external_task_marker_parent to None, run_after=None
[2024-05-28T18:12:53.356+0000] {processor.py:183} INFO - Processing /home/airflow/.local/lib/python3.12/site-packages/airflow/example_dags/example_external_task_marker_dag.py took 0.173 seconds
[2024-05-28T18:13:24.228+0000] {processor.py:161} INFO - Started process (PID=747) to work on /home/airflow/.local/lib/python3.12/site-packages/airflow/example_dags/example_external_task_marker_dag.py
[2024-05-28T18:13:24.240+0000] {processor.py:830} INFO - Processing file /home/airflow/.local/lib/python3.12/site-packages/airflow/example_dags/example_external_task_marker_dag.py for tasks to queue
[2024-05-28T18:13:24.260+0000] {logging_mixin.py:188} INFO - [2024-05-28T18:13:24.258+0000] {dagbag.py:545} INFO - Filling up the DagBag from /home/airflow/.local/lib/python3.12/site-packages/airflow/example_dags/example_external_task_marker_dag.py
[2024-05-28T18:13:24.298+0000] {processor.py:840} INFO - DAG(s) 'example_external_task_marker_child', 'example_external_task_marker_parent' retrieved from /home/airflow/.local/lib/python3.12/site-packages/airflow/example_dags/example_external_task_marker_dag.py
[2024-05-28T18:13:24.441+0000] {logging_mixin.py:188} INFO - [2024-05-28T18:13:24.439+0000] {dag.py:3096} INFO - Sync 2 DAGs
[2024-05-28T18:13:24.576+0000] {logging_mixin.py:188} INFO - [2024-05-28T18:13:24.575+0000] {dag.py:3954} INFO - Setting next_dagrun for example_external_task_marker_child to None, run_after=None
[2024-05-28T18:13:24.613+0000] {logging_mixin.py:188} INFO - [2024-05-28T18:13:24.612+0000] {dag.py:3954} INFO - Setting next_dagrun for example_external_task_marker_parent to None, run_after=None
[2024-05-28T18:13:24.779+0000] {processor.py:183} INFO - Processing /home/airflow/.local/lib/python3.12/site-packages/airflow/example_dags/example_external_task_marker_dag.py took 0.589 seconds
[2024-05-28T18:13:55.156+0000] {processor.py:161} INFO - Started process (PID=805) to work on /home/airflow/.local/lib/python3.12/site-packages/airflow/example_dags/example_external_task_marker_dag.py
[2024-05-28T18:13:55.159+0000] {processor.py:830} INFO - Processing file /home/airflow/.local/lib/python3.12/site-packages/airflow/example_dags/example_external_task_marker_dag.py for tasks to queue
[2024-05-28T18:13:55.167+0000] {logging_mixin.py:188} INFO - [2024-05-28T18:13:55.166+0000] {dagbag.py:545} INFO - Filling up the DagBag from /home/airflow/.local/lib/python3.12/site-packages/airflow/example_dags/example_external_task_marker_dag.py
[2024-05-28T18:13:55.196+0000] {processor.py:840} INFO - DAG(s) 'example_external_task_marker_child', 'example_external_task_marker_parent' retrieved from /home/airflow/.local/lib/python3.12/site-packages/airflow/example_dags/example_external_task_marker_dag.py
[2024-05-28T18:13:55.358+0000] {logging_mixin.py:188} INFO - [2024-05-28T18:13:55.357+0000] {dag.py:3096} INFO - Sync 2 DAGs
[2024-05-28T18:13:55.437+0000] {logging_mixin.py:188} INFO - [2024-05-28T18:13:55.424+0000] {dag.py:3954} INFO - Setting next_dagrun for example_external_task_marker_child to None, run_after=None
[2024-05-28T18:13:55.457+0000] {logging_mixin.py:188} INFO - [2024-05-28T18:13:55.457+0000] {dag.py:3954} INFO - Setting next_dagrun for example_external_task_marker_parent to None, run_after=None
[2024-05-28T18:13:55.609+0000] {processor.py:183} INFO - Processing /home/airflow/.local/lib/python3.12/site-packages/airflow/example_dags/example_external_task_marker_dag.py took 0.491 seconds
[2024-05-28T18:14:31.122+0000] {processor.py:161} INFO - Started process (PID=863) to work on /home/airflow/.local/lib/python3.12/site-packages/airflow/example_dags/example_external_task_marker_dag.py
[2024-05-28T18:14:31.157+0000] {processor.py:830} INFO - Processing file /home/airflow/.local/lib/python3.12/site-packages/airflow/example_dags/example_external_task_marker_dag.py for tasks to queue
[2024-05-28T18:14:31.182+0000] {logging_mixin.py:188} INFO - [2024-05-28T18:14:31.179+0000] {dagbag.py:545} INFO - Filling up the DagBag from /home/airflow/.local/lib/python3.12/site-packages/airflow/example_dags/example_external_task_marker_dag.py
[2024-05-28T18:14:31.287+0000] {processor.py:840} INFO - DAG(s) 'example_external_task_marker_child', 'example_external_task_marker_parent' retrieved from /home/airflow/.local/lib/python3.12/site-packages/airflow/example_dags/example_external_task_marker_dag.py
[2024-05-28T18:14:31.576+0000] {logging_mixin.py:188} INFO - [2024-05-28T18:14:31.574+0000] {dag.py:3096} INFO - Sync 2 DAGs
[2024-05-28T18:14:31.796+0000] {logging_mixin.py:188} INFO - [2024-05-28T18:14:31.782+0000] {dag.py:3954} INFO - Setting next_dagrun for example_external_task_marker_child to None, run_after=None
[2024-05-28T18:14:31.859+0000] {logging_mixin.py:188} INFO - [2024-05-28T18:14:31.858+0000] {dag.py:3954} INFO - Setting next_dagrun for example_external_task_marker_parent to None, run_after=None
[2024-05-28T18:14:32.063+0000] {processor.py:183} INFO - Processing /home/airflow/.local/lib/python3.12/site-packages/airflow/example_dags/example_external_task_marker_dag.py took 1.048 seconds
[2024-05-28T18:15:02.287+0000] {processor.py:161} INFO - Started process (PID=921) to work on /home/airflow/.local/lib/python3.12/site-packages/airflow/example_dags/example_external_task_marker_dag.py
[2024-05-28T18:15:02.296+0000] {processor.py:830} INFO - Processing file /home/airflow/.local/lib/python3.12/site-packages/airflow/example_dags/example_external_task_marker_dag.py for tasks to queue
[2024-05-28T18:15:02.306+0000] {logging_mixin.py:188} INFO - [2024-05-28T18:15:02.305+0000] {dagbag.py:545} INFO - Filling up the DagBag from /home/airflow/.local/lib/python3.12/site-packages/airflow/example_dags/example_external_task_marker_dag.py
[2024-05-28T18:15:02.378+0000] {processor.py:840} INFO - DAG(s) 'example_external_task_marker_child', 'example_external_task_marker_parent' retrieved from /home/airflow/.local/lib/python3.12/site-packages/airflow/example_dags/example_external_task_marker_dag.py
[2024-05-28T18:15:02.515+0000] {logging_mixin.py:188} INFO - [2024-05-28T18:15:02.514+0000] {dag.py:3096} INFO - Sync 2 DAGs
[2024-05-28T18:15:02.637+0000] {logging_mixin.py:188} INFO - [2024-05-28T18:15:02.632+0000] {dag.py:3954} INFO - Setting next_dagrun for example_external_task_marker_child to None, run_after=None
[2024-05-28T18:15:02.662+0000] {logging_mixin.py:188} INFO - [2024-05-28T18:15:02.662+0000] {dag.py:3954} INFO - Setting next_dagrun for example_external_task_marker_parent to None, run_after=None
[2024-05-28T18:15:02.883+0000] {processor.py:183} INFO - Processing /home/airflow/.local/lib/python3.12/site-packages/airflow/example_dags/example_external_task_marker_dag.py took 0.636 seconds
[2024-05-28T18:15:35.021+0000] {processor.py:161} INFO - Started process (PID=979) to work on /home/airflow/.local/lib/python3.12/site-packages/airflow/example_dags/example_external_task_marker_dag.py
[2024-05-28T18:15:35.035+0000] {processor.py:830} INFO - Processing file /home/airflow/.local/lib/python3.12/site-packages/airflow/example_dags/example_external_task_marker_dag.py for tasks to queue
[2024-05-28T18:15:35.068+0000] {logging_mixin.py:188} INFO - [2024-05-28T18:15:35.066+0000] {dagbag.py:545} INFO - Filling up the DagBag from /home/airflow/.local/lib/python3.12/site-packages/airflow/example_dags/example_external_task_marker_dag.py
[2024-05-28T18:15:35.162+0000] {processor.py:840} INFO - DAG(s) 'example_external_task_marker_parent', 'example_external_task_marker_child' retrieved from /home/airflow/.local/lib/python3.12/site-packages/airflow/example_dags/example_external_task_marker_dag.py
[2024-05-28T18:15:35.467+0000] {logging_mixin.py:188} INFO - [2024-05-28T18:15:35.465+0000] {dag.py:3096} INFO - Sync 2 DAGs
[2024-05-28T18:15:35.677+0000] {logging_mixin.py:188} INFO - [2024-05-28T18:15:35.676+0000] {dag.py:3954} INFO - Setting next_dagrun for example_external_task_marker_child to None, run_after=None
[2024-05-28T18:15:35.736+0000] {logging_mixin.py:188} INFO - [2024-05-28T18:15:35.735+0000] {dag.py:3954} INFO - Setting next_dagrun for example_external_task_marker_parent to None, run_after=None
[2024-05-28T18:15:35.961+0000] {processor.py:183} INFO - Processing /home/airflow/.local/lib/python3.12/site-packages/airflow/example_dags/example_external_task_marker_dag.py took 1.002 seconds
[2024-05-28T18:16:10.059+0000] {processor.py:161} INFO - Started process (PID=1036) to work on /home/airflow/.local/lib/python3.12/site-packages/airflow/example_dags/example_external_task_marker_dag.py
[2024-05-28T18:16:10.062+0000] {processor.py:830} INFO - Processing file /home/airflow/.local/lib/python3.12/site-packages/airflow/example_dags/example_external_task_marker_dag.py for tasks to queue
[2024-05-28T18:16:10.081+0000] {logging_mixin.py:188} INFO - [2024-05-28T18:16:10.079+0000] {dagbag.py:545} INFO - Filling up the DagBag from /home/airflow/.local/lib/python3.12/site-packages/airflow/example_dags/example_external_task_marker_dag.py
[2024-05-28T18:16:10.203+0000] {processor.py:840} INFO - DAG(s) 'example_external_task_marker_child', 'example_external_task_marker_parent' retrieved from /home/airflow/.local/lib/python3.12/site-packages/airflow/example_dags/example_external_task_marker_dag.py
[2024-05-28T18:16:10.482+0000] {logging_mixin.py:188} INFO - [2024-05-28T18:16:10.481+0000] {dag.py:3096} INFO - Sync 2 DAGs
[2024-05-28T18:16:10.714+0000] {logging_mixin.py:188} INFO - [2024-05-28T18:16:10.709+0000] {dag.py:3954} INFO - Setting next_dagrun for example_external_task_marker_child to None, run_after=None
[2024-05-28T18:16:10.763+0000] {logging_mixin.py:188} INFO - [2024-05-28T18:16:10.762+0000] {dag.py:3954} INFO - Setting next_dagrun for example_external_task_marker_parent to None, run_after=None
[2024-05-28T18:16:10.985+0000] {processor.py:183} INFO - Processing /home/airflow/.local/lib/python3.12/site-packages/airflow/example_dags/example_external_task_marker_dag.py took 0.990 seconds
[2024-05-28T18:16:42.483+0000] {processor.py:161} INFO - Started process (PID=1095) to work on /home/airflow/.local/lib/python3.12/site-packages/airflow/example_dags/example_external_task_marker_dag.py
[2024-05-28T18:16:42.523+0000] {processor.py:830} INFO - Processing file /home/airflow/.local/lib/python3.12/site-packages/airflow/example_dags/example_external_task_marker_dag.py for tasks to queue
[2024-05-28T18:16:42.558+0000] {logging_mixin.py:188} INFO - [2024-05-28T18:16:42.556+0000] {dagbag.py:545} INFO - Filling up the DagBag from /home/airflow/.local/lib/python3.12/site-packages/airflow/example_dags/example_external_task_marker_dag.py
[2024-05-28T18:16:42.702+0000] {processor.py:840} INFO - DAG(s) 'example_external_task_marker_parent', 'example_external_task_marker_child' retrieved from /home/airflow/.local/lib/python3.12/site-packages/airflow/example_dags/example_external_task_marker_dag.py
[2024-05-28T18:16:43.046+0000] {logging_mixin.py:188} INFO - [2024-05-28T18:16:43.033+0000] {dag.py:3096} INFO - Sync 2 DAGs
[2024-05-28T18:16:43.244+0000] {logging_mixin.py:188} INFO - [2024-05-28T18:16:43.243+0000] {dag.py:3954} INFO - Setting next_dagrun for example_external_task_marker_child to None, run_after=None
[2024-05-28T18:16:43.285+0000] {logging_mixin.py:188} INFO - [2024-05-28T18:16:43.277+0000] {dag.py:3954} INFO - Setting next_dagrun for example_external_task_marker_parent to None, run_after=None
[2024-05-28T18:16:43.482+0000] {processor.py:183} INFO - Processing /home/airflow/.local/lib/python3.12/site-packages/airflow/example_dags/example_external_task_marker_dag.py took 1.191 seconds
[2024-05-28T18:17:13.818+0000] {processor.py:161} INFO - Started process (PID=1152) to work on /home/airflow/.local/lib/python3.12/site-packages/airflow/example_dags/example_external_task_marker_dag.py
[2024-05-28T18:17:13.820+0000] {processor.py:830} INFO - Processing file /home/airflow/.local/lib/python3.12/site-packages/airflow/example_dags/example_external_task_marker_dag.py for tasks to queue
[2024-05-28T18:17:13.824+0000] {logging_mixin.py:188} INFO - [2024-05-28T18:17:13.824+0000] {dagbag.py:545} INFO - Filling up the DagBag from /home/airflow/.local/lib/python3.12/site-packages/airflow/example_dags/example_external_task_marker_dag.py
[2024-05-28T18:17:13.837+0000] {processor.py:840} INFO - DAG(s) 'example_external_task_marker_parent', 'example_external_task_marker_child' retrieved from /home/airflow/.local/lib/python3.12/site-packages/airflow/example_dags/example_external_task_marker_dag.py
[2024-05-28T18:17:13.906+0000] {logging_mixin.py:188} INFO - [2024-05-28T18:17:13.906+0000] {dag.py:3096} INFO - Sync 2 DAGs
[2024-05-28T18:17:13.959+0000] {logging_mixin.py:188} INFO - [2024-05-28T18:17:13.959+0000] {dag.py:3954} INFO - Setting next_dagrun for example_external_task_marker_child to None, run_after=None
[2024-05-28T18:17:13.971+0000] {logging_mixin.py:188} INFO - [2024-05-28T18:17:13.971+0000] {dag.py:3954} INFO - Setting next_dagrun for example_external_task_marker_parent to None, run_after=None
[2024-05-28T18:17:14.013+0000] {processor.py:183} INFO - Processing /home/airflow/.local/lib/python3.12/site-packages/airflow/example_dags/example_external_task_marker_dag.py took 0.211 seconds
[2024-05-28T18:17:44.148+0000] {processor.py:161} INFO - Started process (PID=1209) to work on /home/airflow/.local/lib/python3.12/site-packages/airflow/example_dags/example_external_task_marker_dag.py
[2024-05-28T18:17:44.151+0000] {processor.py:830} INFO - Processing file /home/airflow/.local/lib/python3.12/site-packages/airflow/example_dags/example_external_task_marker_dag.py for tasks to queue
[2024-05-28T18:17:44.155+0000] {logging_mixin.py:188} INFO - [2024-05-28T18:17:44.155+0000] {dagbag.py:545} INFO - Filling up the DagBag from /home/airflow/.local/lib/python3.12/site-packages/airflow/example_dags/example_external_task_marker_dag.py
[2024-05-28T18:17:44.168+0000] {processor.py:840} INFO - DAG(s) 'example_external_task_marker_parent', 'example_external_task_marker_child' retrieved from /home/airflow/.local/lib/python3.12/site-packages/airflow/example_dags/example_external_task_marker_dag.py
[2024-05-28T18:17:44.219+0000] {logging_mixin.py:188} INFO - [2024-05-28T18:17:44.218+0000] {dag.py:3096} INFO - Sync 2 DAGs
[2024-05-28T18:17:44.244+0000] {logging_mixin.py:188} INFO - [2024-05-28T18:17:44.243+0000] {dag.py:3954} INFO - Setting next_dagrun for example_external_task_marker_child to None, run_after=None
[2024-05-28T18:17:44.251+0000] {logging_mixin.py:188} INFO - [2024-05-28T18:17:44.250+0000] {dag.py:3954} INFO - Setting next_dagrun for example_external_task_marker_parent to None, run_after=None
[2024-05-28T18:17:44.287+0000] {processor.py:183} INFO - Processing /home/airflow/.local/lib/python3.12/site-packages/airflow/example_dags/example_external_task_marker_dag.py took 0.150 seconds
[2024-05-28T18:18:14.711+0000] {processor.py:161} INFO - Started process (PID=1267) to work on /home/airflow/.local/lib/python3.12/site-packages/airflow/example_dags/example_external_task_marker_dag.py
[2024-05-28T18:18:14.717+0000] {processor.py:830} INFO - Processing file /home/airflow/.local/lib/python3.12/site-packages/airflow/example_dags/example_external_task_marker_dag.py for tasks to queue
[2024-05-28T18:18:14.734+0000] {logging_mixin.py:188} INFO - [2024-05-28T18:18:14.731+0000] {dagbag.py:545} INFO - Filling up the DagBag from /home/airflow/.local/lib/python3.12/site-packages/airflow/example_dags/example_external_task_marker_dag.py
[2024-05-28T18:18:14.781+0000] {processor.py:840} INFO - DAG(s) 'example_external_task_marker_parent', 'example_external_task_marker_child' retrieved from /home/airflow/.local/lib/python3.12/site-packages/airflow/example_dags/example_external_task_marker_dag.py
[2024-05-28T18:18:14.951+0000] {logging_mixin.py:188} INFO - [2024-05-28T18:18:14.949+0000] {dag.py:3096} INFO - Sync 2 DAGs
[2024-05-28T18:18:15.032+0000] {logging_mixin.py:188} INFO - [2024-05-28T18:18:15.031+0000] {dag.py:3954} INFO - Setting next_dagrun for example_external_task_marker_child to None, run_after=None
[2024-05-28T18:18:15.039+0000] {logging_mixin.py:188} INFO - [2024-05-28T18:18:15.039+0000] {dag.py:3954} INFO - Setting next_dagrun for example_external_task_marker_parent to None, run_after=None
[2024-05-28T18:18:15.074+0000] {processor.py:183} INFO - Processing /home/airflow/.local/lib/python3.12/site-packages/airflow/example_dags/example_external_task_marker_dag.py took 0.404 seconds
[2024-05-28T18:18:45.336+0000] {processor.py:161} INFO - Started process (PID=1325) to work on /home/airflow/.local/lib/python3.12/site-packages/airflow/example_dags/example_external_task_marker_dag.py
[2024-05-28T18:18:45.338+0000] {processor.py:830} INFO - Processing file /home/airflow/.local/lib/python3.12/site-packages/airflow/example_dags/example_external_task_marker_dag.py for tasks to queue
[2024-05-28T18:18:45.345+0000] {logging_mixin.py:188} INFO - [2024-05-28T18:18:45.344+0000] {dagbag.py:545} INFO - Filling up the DagBag from /home/airflow/.local/lib/python3.12/site-packages/airflow/example_dags/example_external_task_marker_dag.py
[2024-05-28T18:18:45.365+0000] {processor.py:840} INFO - DAG(s) 'example_external_task_marker_parent', 'example_external_task_marker_child' retrieved from /home/airflow/.local/lib/python3.12/site-packages/airflow/example_dags/example_external_task_marker_dag.py
[2024-05-28T18:18:45.433+0000] {logging_mixin.py:188} INFO - [2024-05-28T18:18:45.432+0000] {dag.py:3096} INFO - Sync 2 DAGs
[2024-05-28T18:18:45.470+0000] {logging_mixin.py:188} INFO - [2024-05-28T18:18:45.469+0000] {dag.py:3954} INFO - Setting next_dagrun for example_external_task_marker_child to None, run_after=None
[2024-05-28T18:18:45.483+0000] {logging_mixin.py:188} INFO - [2024-05-28T18:18:45.483+0000] {dag.py:3954} INFO - Setting next_dagrun for example_external_task_marker_parent to None, run_after=None
[2024-05-28T18:18:45.534+0000] {processor.py:183} INFO - Processing /home/airflow/.local/lib/python3.12/site-packages/airflow/example_dags/example_external_task_marker_dag.py took 0.214 seconds
[2024-05-28T18:19:17.516+0000] {processor.py:161} INFO - Started process (PID=1383) to work on /home/airflow/.local/lib/python3.12/site-packages/airflow/example_dags/example_external_task_marker_dag.py
[2024-05-28T18:19:17.545+0000] {processor.py:830} INFO - Processing file /home/airflow/.local/lib/python3.12/site-packages/airflow/example_dags/example_external_task_marker_dag.py for tasks to queue
[2024-05-28T18:19:17.573+0000] {logging_mixin.py:188} INFO - [2024-05-28T18:19:17.572+0000] {dagbag.py:545} INFO - Filling up the DagBag from /home/airflow/.local/lib/python3.12/site-packages/airflow/example_dags/example_external_task_marker_dag.py
[2024-05-28T18:19:17.722+0000] {processor.py:840} INFO - DAG(s) 'example_external_task_marker_parent', 'example_external_task_marker_child' retrieved from /home/airflow/.local/lib/python3.12/site-packages/airflow/example_dags/example_external_task_marker_dag.py
[2024-05-28T18:19:17.958+0000] {logging_mixin.py:188} INFO - [2024-05-28T18:19:17.957+0000] {dag.py:3096} INFO - Sync 2 DAGs
[2024-05-28T18:19:18.164+0000] {logging_mixin.py:188} INFO - [2024-05-28T18:19:18.164+0000] {dag.py:3954} INFO - Setting next_dagrun for example_external_task_marker_child to None, run_after=None
[2024-05-28T18:19:18.254+0000] {logging_mixin.py:188} INFO - [2024-05-28T18:19:18.243+0000] {dag.py:3954} INFO - Setting next_dagrun for example_external_task_marker_parent to None, run_after=None
[2024-05-28T18:19:18.438+0000] {processor.py:183} INFO - Processing /home/airflow/.local/lib/python3.12/site-packages/airflow/example_dags/example_external_task_marker_dag.py took 0.982 seconds
[2024-05-28T18:19:49.318+0000] {processor.py:161} INFO - Started process (PID=1442) to work on /home/airflow/.local/lib/python3.12/site-packages/airflow/example_dags/example_external_task_marker_dag.py
[2024-05-28T18:19:49.320+0000] {processor.py:830} INFO - Processing file /home/airflow/.local/lib/python3.12/site-packages/airflow/example_dags/example_external_task_marker_dag.py for tasks to queue
[2024-05-28T18:19:49.328+0000] {logging_mixin.py:188} INFO - [2024-05-28T18:19:49.327+0000] {dagbag.py:545} INFO - Filling up the DagBag from /home/airflow/.local/lib/python3.12/site-packages/airflow/example_dags/example_external_task_marker_dag.py
[2024-05-28T18:19:49.345+0000] {processor.py:840} INFO - DAG(s) 'example_external_task_marker_parent', 'example_external_task_marker_child' retrieved from /home/airflow/.local/lib/python3.12/site-packages/airflow/example_dags/example_external_task_marker_dag.py
[2024-05-28T18:19:49.419+0000] {logging_mixin.py:188} INFO - [2024-05-28T18:19:49.418+0000] {dag.py:3096} INFO - Sync 2 DAGs
[2024-05-28T18:19:49.468+0000] {logging_mixin.py:188} INFO - [2024-05-28T18:19:49.467+0000] {dag.py:3954} INFO - Setting next_dagrun for example_external_task_marker_child to None, run_after=None
[2024-05-28T18:19:49.480+0000] {logging_mixin.py:188} INFO - [2024-05-28T18:19:49.479+0000] {dag.py:3954} INFO - Setting next_dagrun for example_external_task_marker_parent to None, run_after=None
[2024-05-28T18:19:49.534+0000] {processor.py:183} INFO - Processing /home/airflow/.local/lib/python3.12/site-packages/airflow/example_dags/example_external_task_marker_dag.py took 0.235 seconds
[2024-05-28T18:20:20.375+0000] {processor.py:161} INFO - Started process (PID=1500) to work on /home/airflow/.local/lib/python3.12/site-packages/airflow/example_dags/example_external_task_marker_dag.py
[2024-05-28T18:20:20.378+0000] {processor.py:830} INFO - Processing file /home/airflow/.local/lib/python3.12/site-packages/airflow/example_dags/example_external_task_marker_dag.py for tasks to queue
[2024-05-28T18:20:20.392+0000] {logging_mixin.py:188} INFO - [2024-05-28T18:20:20.391+0000] {dagbag.py:545} INFO - Filling up the DagBag from /home/airflow/.local/lib/python3.12/site-packages/airflow/example_dags/example_external_task_marker_dag.py
[2024-05-28T18:20:20.432+0000] {processor.py:840} INFO - DAG(s) 'example_external_task_marker_parent', 'example_external_task_marker_child' retrieved from /home/airflow/.local/lib/python3.12/site-packages/airflow/example_dags/example_external_task_marker_dag.py
[2024-05-28T18:20:20.526+0000] {logging_mixin.py:188} INFO - [2024-05-28T18:20:20.525+0000] {dag.py:3096} INFO - Sync 2 DAGs
[2024-05-28T18:20:20.579+0000] {logging_mixin.py:188} INFO - [2024-05-28T18:20:20.578+0000] {dag.py:3954} INFO - Setting next_dagrun for example_external_task_marker_child to None, run_after=None
[2024-05-28T18:20:20.588+0000] {logging_mixin.py:188} INFO - [2024-05-28T18:20:20.588+0000] {dag.py:3954} INFO - Setting next_dagrun for example_external_task_marker_parent to None, run_after=None
[2024-05-28T18:20:20.666+0000] {processor.py:183} INFO - Processing /home/airflow/.local/lib/python3.12/site-packages/airflow/example_dags/example_external_task_marker_dag.py took 0.315 seconds
[2024-05-28T18:20:56.444+0000] {processor.py:161} INFO - Started process (PID=1565) to work on /home/airflow/.local/lib/python3.12/site-packages/airflow/example_dags/example_external_task_marker_dag.py
[2024-05-28T18:20:56.448+0000] {processor.py:830} INFO - Processing file /home/airflow/.local/lib/python3.12/site-packages/airflow/example_dags/example_external_task_marker_dag.py for tasks to queue
[2024-05-28T18:20:56.454+0000] {logging_mixin.py:188} INFO - [2024-05-28T18:20:56.452+0000] {dagbag.py:545} INFO - Filling up the DagBag from /home/airflow/.local/lib/python3.12/site-packages/airflow/example_dags/example_external_task_marker_dag.py
[2024-05-28T18:20:56.485+0000] {processor.py:840} INFO - DAG(s) 'example_external_task_marker_child', 'example_external_task_marker_parent' retrieved from /home/airflow/.local/lib/python3.12/site-packages/airflow/example_dags/example_external_task_marker_dag.py
[2024-05-28T18:20:56.669+0000] {logging_mixin.py:188} INFO - [2024-05-28T18:20:56.668+0000] {dag.py:3096} INFO - Sync 2 DAGs
[2024-05-28T18:20:56.851+0000] {logging_mixin.py:188} INFO - [2024-05-28T18:20:56.850+0000] {dag.py:3954} INFO - Setting next_dagrun for example_external_task_marker_child to None, run_after=None
[2024-05-28T18:20:56.871+0000] {logging_mixin.py:188} INFO - [2024-05-28T18:20:56.869+0000] {dag.py:3954} INFO - Setting next_dagrun for example_external_task_marker_parent to None, run_after=None
[2024-05-28T18:20:57.004+0000] {processor.py:183} INFO - Processing /home/airflow/.local/lib/python3.12/site-packages/airflow/example_dags/example_external_task_marker_dag.py took 0.579 seconds
[2024-05-28T18:21:34.576+0000] {processor.py:161} INFO - Started process (PID=1627) to work on /home/airflow/.local/lib/python3.12/site-packages/airflow/example_dags/example_external_task_marker_dag.py
[2024-05-28T18:21:34.579+0000] {processor.py:830} INFO - Processing file /home/airflow/.local/lib/python3.12/site-packages/airflow/example_dags/example_external_task_marker_dag.py for tasks to queue
[2024-05-28T18:21:34.584+0000] {logging_mixin.py:188} INFO - [2024-05-28T18:21:34.583+0000] {dagbag.py:545} INFO - Filling up the DagBag from /home/airflow/.local/lib/python3.12/site-packages/airflow/example_dags/example_external_task_marker_dag.py
[2024-05-28T18:21:34.608+0000] {processor.py:840} INFO - DAG(s) 'example_external_task_marker_child', 'example_external_task_marker_parent' retrieved from /home/airflow/.local/lib/python3.12/site-packages/airflow/example_dags/example_external_task_marker_dag.py
[2024-05-28T18:21:34.713+0000] {logging_mixin.py:188} INFO - [2024-05-28T18:21:34.712+0000] {dag.py:3096} INFO - Sync 2 DAGs
[2024-05-28T18:21:34.768+0000] {logging_mixin.py:188} INFO - [2024-05-28T18:21:34.767+0000] {dag.py:3954} INFO - Setting next_dagrun for example_external_task_marker_child to None, run_after=None
[2024-05-28T18:21:34.780+0000] {logging_mixin.py:188} INFO - [2024-05-28T18:21:34.779+0000] {dag.py:3954} INFO - Setting next_dagrun for example_external_task_marker_parent to None, run_after=None
[2024-05-28T18:21:34.835+0000] {processor.py:183} INFO - Processing /home/airflow/.local/lib/python3.12/site-packages/airflow/example_dags/example_external_task_marker_dag.py took 0.279 seconds
