[2024-05-28T18:07:24.603+0000] {processor.py:161} INFO - Started process (PID=77) to work on /home/airflow/.local/lib/python3.12/site-packages/airflow/example_dags/example_local_kubernetes_executor.py
[2024-05-28T18:07:24.618+0000] {processor.py:830} INFO - Processing file /home/airflow/.local/lib/python3.12/site-packages/airflow/example_dags/example_local_kubernetes_executor.py for tasks to queue
[2024-05-28T18:07:24.641+0000] {logging_mixin.py:188} INFO - [2024-05-28T18:07:24.640+0000] {dagbag.py:545} INFO - Filling up the DagBag from /home/airflow/.local/lib/python3.12/site-packages/airflow/example_dags/example_local_kubernetes_executor.py
[2024-05-28T18:07:24.675+0000] {processor.py:840} INFO - DAG(s) 'example_local_kubernetes_executor' retrieved from /home/airflow/.local/lib/python3.12/site-packages/airflow/example_dags/example_local_kubernetes_executor.py
[2024-05-28T18:07:25.331+0000] {logging_mixin.py:188} INFO - [2024-05-28T18:07:25.330+0000] {dag.py:3096} INFO - Sync 1 DAGs
[2024-05-28T18:07:25.372+0000] {logging_mixin.py:188} INFO - [2024-05-28T18:07:25.372+0000] {dag.py:3954} INFO - Setting next_dagrun for example_local_kubernetes_executor to None, run_after=None
[2024-05-28T18:07:25.517+0000] {processor.py:183} INFO - Processing /home/airflow/.local/lib/python3.12/site-packages/airflow/example_dags/example_local_kubernetes_executor.py took 0.943 seconds
[2024-05-28T18:07:56.444+0000] {processor.py:161} INFO - Started process (PID=135) to work on /home/airflow/.local/lib/python3.12/site-packages/airflow/example_dags/example_local_kubernetes_executor.py
[2024-05-28T18:07:56.452+0000] {processor.py:830} INFO - Processing file /home/airflow/.local/lib/python3.12/site-packages/airflow/example_dags/example_local_kubernetes_executor.py for tasks to queue
[2024-05-28T18:07:56.475+0000] {logging_mixin.py:188} INFO - [2024-05-28T18:07:56.472+0000] {dagbag.py:545} INFO - Filling up the DagBag from /home/airflow/.local/lib/python3.12/site-packages/airflow/example_dags/example_local_kubernetes_executor.py
[2024-05-28T18:07:56.614+0000] {processor.py:840} INFO - DAG(s) 'example_local_kubernetes_executor' retrieved from /home/airflow/.local/lib/python3.12/site-packages/airflow/example_dags/example_local_kubernetes_executor.py
[2024-05-28T18:07:56.932+0000] {logging_mixin.py:188} INFO - [2024-05-28T18:07:56.928+0000] {dag.py:3096} INFO - Sync 1 DAGs
[2024-05-28T18:07:57.081+0000] {logging_mixin.py:188} INFO - [2024-05-28T18:07:57.081+0000] {dag.py:3954} INFO - Setting next_dagrun for example_local_kubernetes_executor to None, run_after=None
[2024-05-28T18:07:57.309+0000] {processor.py:183} INFO - Processing /home/airflow/.local/lib/python3.12/site-packages/airflow/example_dags/example_local_kubernetes_executor.py took 0.926 seconds
[2024-05-28T18:08:27.681+0000] {processor.py:161} INFO - Started process (PID=193) to work on /home/airflow/.local/lib/python3.12/site-packages/airflow/example_dags/example_local_kubernetes_executor.py
[2024-05-28T18:08:27.684+0000] {processor.py:830} INFO - Processing file /home/airflow/.local/lib/python3.12/site-packages/airflow/example_dags/example_local_kubernetes_executor.py for tasks to queue
[2024-05-28T18:08:27.695+0000] {logging_mixin.py:188} INFO - [2024-05-28T18:08:27.693+0000] {dagbag.py:545} INFO - Filling up the DagBag from /home/airflow/.local/lib/python3.12/site-packages/airflow/example_dags/example_local_kubernetes_executor.py
[2024-05-28T18:08:27.720+0000] {processor.py:840} INFO - DAG(s) 'example_local_kubernetes_executor' retrieved from /home/airflow/.local/lib/python3.12/site-packages/airflow/example_dags/example_local_kubernetes_executor.py
[2024-05-28T18:08:27.848+0000] {logging_mixin.py:188} INFO - [2024-05-28T18:08:27.846+0000] {dag.py:3096} INFO - Sync 1 DAGs
[2024-05-28T18:08:27.889+0000] {logging_mixin.py:188} INFO - [2024-05-28T18:08:27.888+0000] {dag.py:3954} INFO - Setting next_dagrun for example_local_kubernetes_executor to None, run_after=None
[2024-05-28T18:08:27.946+0000] {processor.py:183} INFO - Processing /home/airflow/.local/lib/python3.12/site-packages/airflow/example_dags/example_local_kubernetes_executor.py took 0.285 seconds
[2024-05-28T18:08:58.521+0000] {processor.py:161} INFO - Started process (PID=251) to work on /home/airflow/.local/lib/python3.12/site-packages/airflow/example_dags/example_local_kubernetes_executor.py
[2024-05-28T18:08:58.522+0000] {processor.py:830} INFO - Processing file /home/airflow/.local/lib/python3.12/site-packages/airflow/example_dags/example_local_kubernetes_executor.py for tasks to queue
[2024-05-28T18:08:58.528+0000] {logging_mixin.py:188} INFO - [2024-05-28T18:08:58.526+0000] {dagbag.py:545} INFO - Filling up the DagBag from /home/airflow/.local/lib/python3.12/site-packages/airflow/example_dags/example_local_kubernetes_executor.py
[2024-05-28T18:08:58.545+0000] {processor.py:840} INFO - DAG(s) 'example_local_kubernetes_executor' retrieved from /home/airflow/.local/lib/python3.12/site-packages/airflow/example_dags/example_local_kubernetes_executor.py
[2024-05-28T18:08:58.649+0000] {logging_mixin.py:188} INFO - [2024-05-28T18:08:58.648+0000] {dag.py:3096} INFO - Sync 1 DAGs
[2024-05-28T18:08:58.684+0000] {logging_mixin.py:188} INFO - [2024-05-28T18:08:58.683+0000] {dag.py:3954} INFO - Setting next_dagrun for example_local_kubernetes_executor to None, run_after=None
[2024-05-28T18:08:58.733+0000] {processor.py:183} INFO - Processing /home/airflow/.local/lib/python3.12/site-packages/airflow/example_dags/example_local_kubernetes_executor.py took 0.227 seconds
[2024-05-28T18:09:29.562+0000] {processor.py:161} INFO - Started process (PID=309) to work on /home/airflow/.local/lib/python3.12/site-packages/airflow/example_dags/example_local_kubernetes_executor.py
[2024-05-28T18:09:29.569+0000] {processor.py:830} INFO - Processing file /home/airflow/.local/lib/python3.12/site-packages/airflow/example_dags/example_local_kubernetes_executor.py for tasks to queue
[2024-05-28T18:09:29.580+0000] {logging_mixin.py:188} INFO - [2024-05-28T18:09:29.579+0000] {dagbag.py:545} INFO - Filling up the DagBag from /home/airflow/.local/lib/python3.12/site-packages/airflow/example_dags/example_local_kubernetes_executor.py
[2024-05-28T18:09:29.604+0000] {processor.py:840} INFO - DAG(s) 'example_local_kubernetes_executor' retrieved from /home/airflow/.local/lib/python3.12/site-packages/airflow/example_dags/example_local_kubernetes_executor.py
[2024-05-28T18:09:29.723+0000] {logging_mixin.py:188} INFO - [2024-05-28T18:09:29.722+0000] {dag.py:3096} INFO - Sync 1 DAGs
[2024-05-28T18:09:29.753+0000] {logging_mixin.py:188} INFO - [2024-05-28T18:09:29.752+0000] {dag.py:3954} INFO - Setting next_dagrun for example_local_kubernetes_executor to None, run_after=None
[2024-05-28T18:09:29.792+0000] {processor.py:183} INFO - Processing /home/airflow/.local/lib/python3.12/site-packages/airflow/example_dags/example_local_kubernetes_executor.py took 0.281 seconds
[2024-05-28T18:10:00.050+0000] {processor.py:161} INFO - Started process (PID=367) to work on /home/airflow/.local/lib/python3.12/site-packages/airflow/example_dags/example_local_kubernetes_executor.py
[2024-05-28T18:10:00.052+0000] {processor.py:830} INFO - Processing file /home/airflow/.local/lib/python3.12/site-packages/airflow/example_dags/example_local_kubernetes_executor.py for tasks to queue
[2024-05-28T18:10:00.061+0000] {logging_mixin.py:188} INFO - [2024-05-28T18:10:00.059+0000] {dagbag.py:545} INFO - Filling up the DagBag from /home/airflow/.local/lib/python3.12/site-packages/airflow/example_dags/example_local_kubernetes_executor.py
[2024-05-28T18:10:00.091+0000] {processor.py:840} INFO - DAG(s) 'example_local_kubernetes_executor' retrieved from /home/airflow/.local/lib/python3.12/site-packages/airflow/example_dags/example_local_kubernetes_executor.py
[2024-05-28T18:10:00.193+0000] {logging_mixin.py:188} INFO - [2024-05-28T18:10:00.192+0000] {dag.py:3096} INFO - Sync 1 DAGs
[2024-05-28T18:10:00.224+0000] {logging_mixin.py:188} INFO - [2024-05-28T18:10:00.223+0000] {dag.py:3954} INFO - Setting next_dagrun for example_local_kubernetes_executor to None, run_after=None
[2024-05-28T18:10:00.277+0000] {processor.py:183} INFO - Processing /home/airflow/.local/lib/python3.12/site-packages/airflow/example_dags/example_local_kubernetes_executor.py took 0.262 seconds
[2024-05-28T18:10:30.684+0000] {processor.py:161} INFO - Started process (PID=425) to work on /home/airflow/.local/lib/python3.12/site-packages/airflow/example_dags/example_local_kubernetes_executor.py
[2024-05-28T18:10:30.687+0000] {processor.py:830} INFO - Processing file /home/airflow/.local/lib/python3.12/site-packages/airflow/example_dags/example_local_kubernetes_executor.py for tasks to queue
[2024-05-28T18:10:30.695+0000] {logging_mixin.py:188} INFO - [2024-05-28T18:10:30.693+0000] {dagbag.py:545} INFO - Filling up the DagBag from /home/airflow/.local/lib/python3.12/site-packages/airflow/example_dags/example_local_kubernetes_executor.py
[2024-05-28T18:10:30.725+0000] {processor.py:840} INFO - DAG(s) 'example_local_kubernetes_executor' retrieved from /home/airflow/.local/lib/python3.12/site-packages/airflow/example_dags/example_local_kubernetes_executor.py
[2024-05-28T18:10:30.885+0000] {logging_mixin.py:188} INFO - [2024-05-28T18:10:30.884+0000] {dag.py:3096} INFO - Sync 1 DAGs
[2024-05-28T18:10:30.973+0000] {logging_mixin.py:188} INFO - [2024-05-28T18:10:30.972+0000] {dag.py:3954} INFO - Setting next_dagrun for example_local_kubernetes_executor to None, run_after=None
[2024-05-28T18:10:31.042+0000] {processor.py:183} INFO - Processing /home/airflow/.local/lib/python3.12/site-packages/airflow/example_dags/example_local_kubernetes_executor.py took 0.374 seconds
[2024-05-28T18:11:01.201+0000] {processor.py:161} INFO - Started process (PID=481) to work on /home/airflow/.local/lib/python3.12/site-packages/airflow/example_dags/example_local_kubernetes_executor.py
[2024-05-28T18:11:01.204+0000] {processor.py:830} INFO - Processing file /home/airflow/.local/lib/python3.12/site-packages/airflow/example_dags/example_local_kubernetes_executor.py for tasks to queue
[2024-05-28T18:11:01.209+0000] {logging_mixin.py:188} INFO - [2024-05-28T18:11:01.208+0000] {dagbag.py:545} INFO - Filling up the DagBag from /home/airflow/.local/lib/python3.12/site-packages/airflow/example_dags/example_local_kubernetes_executor.py
[2024-05-28T18:11:01.234+0000] {processor.py:840} INFO - DAG(s) 'example_local_kubernetes_executor' retrieved from /home/airflow/.local/lib/python3.12/site-packages/airflow/example_dags/example_local_kubernetes_executor.py
[2024-05-28T18:11:01.347+0000] {logging_mixin.py:188} INFO - [2024-05-28T18:11:01.346+0000] {dag.py:3096} INFO - Sync 1 DAGs
[2024-05-28T18:11:01.394+0000] {logging_mixin.py:188} INFO - [2024-05-28T18:11:01.394+0000] {dag.py:3954} INFO - Setting next_dagrun for example_local_kubernetes_executor to None, run_after=None
[2024-05-28T18:11:01.449+0000] {processor.py:183} INFO - Processing /home/airflow/.local/lib/python3.12/site-packages/airflow/example_dags/example_local_kubernetes_executor.py took 0.265 seconds
[2024-05-28T18:11:36.883+0000] {processor.py:161} INFO - Started process (PID=539) to work on /home/airflow/.local/lib/python3.12/site-packages/airflow/example_dags/example_local_kubernetes_executor.py
[2024-05-28T18:11:36.906+0000] {processor.py:830} INFO - Processing file /home/airflow/.local/lib/python3.12/site-packages/airflow/example_dags/example_local_kubernetes_executor.py for tasks to queue
[2024-05-28T18:11:36.912+0000] {logging_mixin.py:188} INFO - [2024-05-28T18:11:36.910+0000] {dagbag.py:545} INFO - Filling up the DagBag from /home/airflow/.local/lib/python3.12/site-packages/airflow/example_dags/example_local_kubernetes_executor.py
[2024-05-28T18:11:36.970+0000] {processor.py:840} INFO - DAG(s) 'example_local_kubernetes_executor' retrieved from /home/airflow/.local/lib/python3.12/site-packages/airflow/example_dags/example_local_kubernetes_executor.py
[2024-05-28T18:11:37.180+0000] {logging_mixin.py:188} INFO - [2024-05-28T18:11:37.179+0000] {dag.py:3096} INFO - Sync 1 DAGs
[2024-05-28T18:11:37.265+0000] {logging_mixin.py:188} INFO - [2024-05-28T18:11:37.262+0000] {dag.py:3954} INFO - Setting next_dagrun for example_local_kubernetes_executor to None, run_after=None
[2024-05-28T18:11:37.363+0000] {processor.py:183} INFO - Processing /home/airflow/.local/lib/python3.12/site-packages/airflow/example_dags/example_local_kubernetes_executor.py took 0.518 seconds
[2024-05-28T18:12:07.680+0000] {processor.py:161} INFO - Started process (PID=597) to work on /home/airflow/.local/lib/python3.12/site-packages/airflow/example_dags/example_local_kubernetes_executor.py
[2024-05-28T18:12:07.683+0000] {processor.py:830} INFO - Processing file /home/airflow/.local/lib/python3.12/site-packages/airflow/example_dags/example_local_kubernetes_executor.py for tasks to queue
[2024-05-28T18:12:07.688+0000] {logging_mixin.py:188} INFO - [2024-05-28T18:12:07.687+0000] {dagbag.py:545} INFO - Filling up the DagBag from /home/airflow/.local/lib/python3.12/site-packages/airflow/example_dags/example_local_kubernetes_executor.py
[2024-05-28T18:12:07.711+0000] {processor.py:840} INFO - DAG(s) 'example_local_kubernetes_executor' retrieved from /home/airflow/.local/lib/python3.12/site-packages/airflow/example_dags/example_local_kubernetes_executor.py
[2024-05-28T18:12:07.830+0000] {logging_mixin.py:188} INFO - [2024-05-28T18:12:07.829+0000] {dag.py:3096} INFO - Sync 1 DAGs
[2024-05-28T18:12:07.875+0000] {logging_mixin.py:188} INFO - [2024-05-28T18:12:07.875+0000] {dag.py:3954} INFO - Setting next_dagrun for example_local_kubernetes_executor to None, run_after=None
[2024-05-28T18:12:07.957+0000] {processor.py:183} INFO - Processing /home/airflow/.local/lib/python3.12/site-packages/airflow/example_dags/example_local_kubernetes_executor.py took 0.297 seconds
[2024-05-28T18:12:38.606+0000] {processor.py:161} INFO - Started process (PID=655) to work on /home/airflow/.local/lib/python3.12/site-packages/airflow/example_dags/example_local_kubernetes_executor.py
[2024-05-28T18:12:38.608+0000] {processor.py:830} INFO - Processing file /home/airflow/.local/lib/python3.12/site-packages/airflow/example_dags/example_local_kubernetes_executor.py for tasks to queue
[2024-05-28T18:12:38.613+0000] {logging_mixin.py:188} INFO - [2024-05-28T18:12:38.612+0000] {dagbag.py:545} INFO - Filling up the DagBag from /home/airflow/.local/lib/python3.12/site-packages/airflow/example_dags/example_local_kubernetes_executor.py
[2024-05-28T18:12:38.635+0000] {processor.py:840} INFO - DAG(s) 'example_local_kubernetes_executor' retrieved from /home/airflow/.local/lib/python3.12/site-packages/airflow/example_dags/example_local_kubernetes_executor.py
[2024-05-28T18:12:38.745+0000] {logging_mixin.py:188} INFO - [2024-05-28T18:12:38.744+0000] {dag.py:3096} INFO - Sync 1 DAGs
[2024-05-28T18:12:38.800+0000] {logging_mixin.py:188} INFO - [2024-05-28T18:12:38.799+0000] {dag.py:3954} INFO - Setting next_dagrun for example_local_kubernetes_executor to None, run_after=None
[2024-05-28T18:12:38.848+0000] {processor.py:183} INFO - Processing /home/airflow/.local/lib/python3.12/site-packages/airflow/example_dags/example_local_kubernetes_executor.py took 0.262 seconds
[2024-05-28T18:13:09.375+0000] {processor.py:161} INFO - Started process (PID=713) to work on /home/airflow/.local/lib/python3.12/site-packages/airflow/example_dags/example_local_kubernetes_executor.py
[2024-05-28T18:13:09.378+0000] {processor.py:830} INFO - Processing file /home/airflow/.local/lib/python3.12/site-packages/airflow/example_dags/example_local_kubernetes_executor.py for tasks to queue
[2024-05-28T18:13:09.383+0000] {logging_mixin.py:188} INFO - [2024-05-28T18:13:09.382+0000] {dagbag.py:545} INFO - Filling up the DagBag from /home/airflow/.local/lib/python3.12/site-packages/airflow/example_dags/example_local_kubernetes_executor.py
[2024-05-28T18:13:09.400+0000] {processor.py:840} INFO - DAG(s) 'example_local_kubernetes_executor' retrieved from /home/airflow/.local/lib/python3.12/site-packages/airflow/example_dags/example_local_kubernetes_executor.py
[2024-05-28T18:13:09.556+0000] {logging_mixin.py:188} INFO - [2024-05-28T18:13:09.555+0000] {dag.py:3096} INFO - Sync 1 DAGs
[2024-05-28T18:13:09.617+0000] {logging_mixin.py:188} INFO - [2024-05-28T18:13:09.617+0000] {dag.py:3954} INFO - Setting next_dagrun for example_local_kubernetes_executor to None, run_after=None
[2024-05-28T18:13:09.703+0000] {processor.py:183} INFO - Processing /home/airflow/.local/lib/python3.12/site-packages/airflow/example_dags/example_local_kubernetes_executor.py took 0.343 seconds
[2024-05-28T18:13:42.088+0000] {processor.py:161} INFO - Started process (PID=772) to work on /home/airflow/.local/lib/python3.12/site-packages/airflow/example_dags/example_local_kubernetes_executor.py
[2024-05-28T18:13:42.102+0000] {processor.py:830} INFO - Processing file /home/airflow/.local/lib/python3.12/site-packages/airflow/example_dags/example_local_kubernetes_executor.py for tasks to queue
[2024-05-28T18:13:42.110+0000] {logging_mixin.py:188} INFO - [2024-05-28T18:13:42.109+0000] {dagbag.py:545} INFO - Filling up the DagBag from /home/airflow/.local/lib/python3.12/site-packages/airflow/example_dags/example_local_kubernetes_executor.py
[2024-05-28T18:13:42.169+0000] {processor.py:840} INFO - DAG(s) 'example_local_kubernetes_executor' retrieved from /home/airflow/.local/lib/python3.12/site-packages/airflow/example_dags/example_local_kubernetes_executor.py
[2024-05-28T18:13:42.507+0000] {logging_mixin.py:188} INFO - [2024-05-28T18:13:42.506+0000] {dag.py:3096} INFO - Sync 1 DAGs
[2024-05-28T18:13:42.653+0000] {logging_mixin.py:188} INFO - [2024-05-28T18:13:42.652+0000] {dag.py:3954} INFO - Setting next_dagrun for example_local_kubernetes_executor to None, run_after=None
[2024-05-28T18:13:42.834+0000] {processor.py:183} INFO - Processing /home/airflow/.local/lib/python3.12/site-packages/airflow/example_dags/example_local_kubernetes_executor.py took 0.790 seconds
[2024-05-28T18:14:14.379+0000] {processor.py:161} INFO - Started process (PID=830) to work on /home/airflow/.local/lib/python3.12/site-packages/airflow/example_dags/example_local_kubernetes_executor.py
[2024-05-28T18:14:14.384+0000] {processor.py:830} INFO - Processing file /home/airflow/.local/lib/python3.12/site-packages/airflow/example_dags/example_local_kubernetes_executor.py for tasks to queue
[2024-05-28T18:14:14.398+0000] {logging_mixin.py:188} INFO - [2024-05-28T18:14:14.397+0000] {dagbag.py:545} INFO - Filling up the DagBag from /home/airflow/.local/lib/python3.12/site-packages/airflow/example_dags/example_local_kubernetes_executor.py
[2024-05-28T18:14:14.437+0000] {processor.py:840} INFO - DAG(s) 'example_local_kubernetes_executor' retrieved from /home/airflow/.local/lib/python3.12/site-packages/airflow/example_dags/example_local_kubernetes_executor.py
[2024-05-28T18:14:14.754+0000] {logging_mixin.py:188} INFO - [2024-05-28T18:14:14.753+0000] {dag.py:3096} INFO - Sync 1 DAGs
[2024-05-28T18:14:14.808+0000] {logging_mixin.py:188} INFO - [2024-05-28T18:14:14.808+0000] {dag.py:3954} INFO - Setting next_dagrun for example_local_kubernetes_executor to None, run_after=None
[2024-05-28T18:14:14.910+0000] {processor.py:183} INFO - Processing /home/airflow/.local/lib/python3.12/site-packages/airflow/example_dags/example_local_kubernetes_executor.py took 0.586 seconds
[2024-05-28T18:14:47.150+0000] {processor.py:161} INFO - Started process (PID=888) to work on /home/airflow/.local/lib/python3.12/site-packages/airflow/example_dags/example_local_kubernetes_executor.py
[2024-05-28T18:14:47.154+0000] {processor.py:830} INFO - Processing file /home/airflow/.local/lib/python3.12/site-packages/airflow/example_dags/example_local_kubernetes_executor.py for tasks to queue
[2024-05-28T18:14:47.160+0000] {logging_mixin.py:188} INFO - [2024-05-28T18:14:47.158+0000] {dagbag.py:545} INFO - Filling up the DagBag from /home/airflow/.local/lib/python3.12/site-packages/airflow/example_dags/example_local_kubernetes_executor.py
[2024-05-28T18:14:47.185+0000] {processor.py:840} INFO - DAG(s) 'example_local_kubernetes_executor' retrieved from /home/airflow/.local/lib/python3.12/site-packages/airflow/example_dags/example_local_kubernetes_executor.py
[2024-05-28T18:14:47.289+0000] {logging_mixin.py:188} INFO - [2024-05-28T18:14:47.288+0000] {dag.py:3096} INFO - Sync 1 DAGs
[2024-05-28T18:14:47.333+0000] {logging_mixin.py:188} INFO - [2024-05-28T18:14:47.332+0000] {dag.py:3954} INFO - Setting next_dagrun for example_local_kubernetes_executor to None, run_after=None
[2024-05-28T18:14:47.455+0000] {processor.py:183} INFO - Processing /home/airflow/.local/lib/python3.12/site-packages/airflow/example_dags/example_local_kubernetes_executor.py took 0.323 seconds
[2024-05-28T18:15:20.128+0000] {processor.py:161} INFO - Started process (PID=945) to work on /home/airflow/.local/lib/python3.12/site-packages/airflow/example_dags/example_local_kubernetes_executor.py
[2024-05-28T18:15:20.139+0000] {processor.py:830} INFO - Processing file /home/airflow/.local/lib/python3.12/site-packages/airflow/example_dags/example_local_kubernetes_executor.py for tasks to queue
[2024-05-28T18:15:20.179+0000] {logging_mixin.py:188} INFO - [2024-05-28T18:15:20.170+0000] {dagbag.py:545} INFO - Filling up the DagBag from /home/airflow/.local/lib/python3.12/site-packages/airflow/example_dags/example_local_kubernetes_executor.py
[2024-05-28T18:15:20.324+0000] {processor.py:840} INFO - DAG(s) 'example_local_kubernetes_executor' retrieved from /home/airflow/.local/lib/python3.12/site-packages/airflow/example_dags/example_local_kubernetes_executor.py
[2024-05-28T18:15:20.659+0000] {logging_mixin.py:188} INFO - [2024-05-28T18:15:20.657+0000] {dag.py:3096} INFO - Sync 1 DAGs
[2024-05-28T18:15:20.820+0000] {logging_mixin.py:188} INFO - [2024-05-28T18:15:20.819+0000] {dag.py:3954} INFO - Setting next_dagrun for example_local_kubernetes_executor to None, run_after=None
[2024-05-28T18:15:21.077+0000] {processor.py:183} INFO - Processing /home/airflow/.local/lib/python3.12/site-packages/airflow/example_dags/example_local_kubernetes_executor.py took 1.031 seconds
[2024-05-28T18:15:52.109+0000] {processor.py:161} INFO - Started process (PID=1009) to work on /home/airflow/.local/lib/python3.12/site-packages/airflow/example_dags/example_local_kubernetes_executor.py
[2024-05-28T18:15:52.116+0000] {processor.py:830} INFO - Processing file /home/airflow/.local/lib/python3.12/site-packages/airflow/example_dags/example_local_kubernetes_executor.py for tasks to queue
[2024-05-28T18:15:52.123+0000] {logging_mixin.py:188} INFO - [2024-05-28T18:15:52.122+0000] {dagbag.py:545} INFO - Filling up the DagBag from /home/airflow/.local/lib/python3.12/site-packages/airflow/example_dags/example_local_kubernetes_executor.py
[2024-05-28T18:15:52.156+0000] {processor.py:840} INFO - DAG(s) 'example_local_kubernetes_executor' retrieved from /home/airflow/.local/lib/python3.12/site-packages/airflow/example_dags/example_local_kubernetes_executor.py
[2024-05-28T18:15:52.515+0000] {logging_mixin.py:188} INFO - [2024-05-28T18:15:52.514+0000] {dag.py:3096} INFO - Sync 1 DAGs
[2024-05-28T18:15:52.613+0000] {logging_mixin.py:188} INFO - [2024-05-28T18:15:52.612+0000] {dag.py:3954} INFO - Setting next_dagrun for example_local_kubernetes_executor to None, run_after=None
[2024-05-28T18:15:52.797+0000] {processor.py:183} INFO - Processing /home/airflow/.local/lib/python3.12/site-packages/airflow/example_dags/example_local_kubernetes_executor.py took 0.722 seconds
[2024-05-28T18:16:27.056+0000] {processor.py:161} INFO - Started process (PID=1068) to work on /home/airflow/.local/lib/python3.12/site-packages/airflow/example_dags/example_local_kubernetes_executor.py
[2024-05-28T18:16:27.080+0000] {processor.py:830} INFO - Processing file /home/airflow/.local/lib/python3.12/site-packages/airflow/example_dags/example_local_kubernetes_executor.py for tasks to queue
[2024-05-28T18:16:27.094+0000] {logging_mixin.py:188} INFO - [2024-05-28T18:16:27.089+0000] {dagbag.py:545} INFO - Filling up the DagBag from /home/airflow/.local/lib/python3.12/site-packages/airflow/example_dags/example_local_kubernetes_executor.py
[2024-05-28T18:16:27.155+0000] {processor.py:840} INFO - DAG(s) 'example_local_kubernetes_executor' retrieved from /home/airflow/.local/lib/python3.12/site-packages/airflow/example_dags/example_local_kubernetes_executor.py
[2024-05-28T18:16:27.462+0000] {logging_mixin.py:188} INFO - [2024-05-28T18:16:27.461+0000] {dag.py:3096} INFO - Sync 1 DAGs
[2024-05-28T18:16:27.626+0000] {logging_mixin.py:188} INFO - [2024-05-28T18:16:27.622+0000] {dag.py:3954} INFO - Setting next_dagrun for example_local_kubernetes_executor to None, run_after=None
[2024-05-28T18:16:27.827+0000] {processor.py:183} INFO - Processing /home/airflow/.local/lib/python3.12/site-packages/airflow/example_dags/example_local_kubernetes_executor.py took 0.857 seconds
[2024-05-28T18:16:58.352+0000] {processor.py:161} INFO - Started process (PID=1124) to work on /home/airflow/.local/lib/python3.12/site-packages/airflow/example_dags/example_local_kubernetes_executor.py
[2024-05-28T18:16:58.355+0000] {processor.py:830} INFO - Processing file /home/airflow/.local/lib/python3.12/site-packages/airflow/example_dags/example_local_kubernetes_executor.py for tasks to queue
[2024-05-28T18:16:58.369+0000] {logging_mixin.py:188} INFO - [2024-05-28T18:16:58.365+0000] {dagbag.py:545} INFO - Filling up the DagBag from /home/airflow/.local/lib/python3.12/site-packages/airflow/example_dags/example_local_kubernetes_executor.py
[2024-05-28T18:16:58.456+0000] {processor.py:840} INFO - DAG(s) 'example_local_kubernetes_executor' retrieved from /home/airflow/.local/lib/python3.12/site-packages/airflow/example_dags/example_local_kubernetes_executor.py
[2024-05-28T18:16:58.925+0000] {logging_mixin.py:188} INFO - [2024-05-28T18:16:58.912+0000] {dag.py:3096} INFO - Sync 1 DAGs
[2024-05-28T18:16:59.083+0000] {logging_mixin.py:188} INFO - [2024-05-28T18:16:59.081+0000] {dag.py:3954} INFO - Setting next_dagrun for example_local_kubernetes_executor to None, run_after=None
[2024-05-28T18:16:59.416+0000] {processor.py:183} INFO - Processing /home/airflow/.local/lib/python3.12/site-packages/airflow/example_dags/example_local_kubernetes_executor.py took 1.120 seconds
[2024-05-28T18:17:30.054+0000] {processor.py:161} INFO - Started process (PID=1182) to work on /home/airflow/.local/lib/python3.12/site-packages/airflow/example_dags/example_local_kubernetes_executor.py
[2024-05-28T18:17:30.079+0000] {processor.py:830} INFO - Processing file /home/airflow/.local/lib/python3.12/site-packages/airflow/example_dags/example_local_kubernetes_executor.py for tasks to queue
[2024-05-28T18:17:30.102+0000] {logging_mixin.py:188} INFO - [2024-05-28T18:17:30.100+0000] {dagbag.py:545} INFO - Filling up the DagBag from /home/airflow/.local/lib/python3.12/site-packages/airflow/example_dags/example_local_kubernetes_executor.py
[2024-05-28T18:17:30.179+0000] {processor.py:840} INFO - DAG(s) 'example_local_kubernetes_executor' retrieved from /home/airflow/.local/lib/python3.12/site-packages/airflow/example_dags/example_local_kubernetes_executor.py
[2024-05-28T18:17:30.508+0000] {logging_mixin.py:188} INFO - [2024-05-28T18:17:30.507+0000] {dag.py:3096} INFO - Sync 1 DAGs
[2024-05-28T18:17:30.629+0000] {logging_mixin.py:188} INFO - [2024-05-28T18:17:30.629+0000] {dag.py:3954} INFO - Setting next_dagrun for example_local_kubernetes_executor to None, run_after=None
[2024-05-28T18:17:30.753+0000] {processor.py:183} INFO - Processing /home/airflow/.local/lib/python3.12/site-packages/airflow/example_dags/example_local_kubernetes_executor.py took 0.755 seconds
[2024-05-28T18:18:01.029+0000] {processor.py:161} INFO - Started process (PID=1240) to work on /home/airflow/.local/lib/python3.12/site-packages/airflow/example_dags/example_local_kubernetes_executor.py
[2024-05-28T18:18:01.056+0000] {processor.py:830} INFO - Processing file /home/airflow/.local/lib/python3.12/site-packages/airflow/example_dags/example_local_kubernetes_executor.py for tasks to queue
[2024-05-28T18:18:01.088+0000] {logging_mixin.py:188} INFO - [2024-05-28T18:18:01.087+0000] {dagbag.py:545} INFO - Filling up the DagBag from /home/airflow/.local/lib/python3.12/site-packages/airflow/example_dags/example_local_kubernetes_executor.py
[2024-05-28T18:18:01.152+0000] {processor.py:840} INFO - DAG(s) 'example_local_kubernetes_executor' retrieved from /home/airflow/.local/lib/python3.12/site-packages/airflow/example_dags/example_local_kubernetes_executor.py
[2024-05-28T18:18:01.324+0000] {logging_mixin.py:188} INFO - [2024-05-28T18:18:01.323+0000] {dag.py:3096} INFO - Sync 1 DAGs
[2024-05-28T18:18:01.370+0000] {logging_mixin.py:188} INFO - [2024-05-28T18:18:01.369+0000] {dag.py:3954} INFO - Setting next_dagrun for example_local_kubernetes_executor to None, run_after=None
[2024-05-28T18:18:01.412+0000] {processor.py:183} INFO - Processing /home/airflow/.local/lib/python3.12/site-packages/airflow/example_dags/example_local_kubernetes_executor.py took 0.415 seconds
[2024-05-28T18:18:31.781+0000] {processor.py:161} INFO - Started process (PID=1298) to work on /home/airflow/.local/lib/python3.12/site-packages/airflow/example_dags/example_local_kubernetes_executor.py
[2024-05-28T18:18:31.784+0000] {processor.py:830} INFO - Processing file /home/airflow/.local/lib/python3.12/site-packages/airflow/example_dags/example_local_kubernetes_executor.py for tasks to queue
[2024-05-28T18:18:31.788+0000] {logging_mixin.py:188} INFO - [2024-05-28T18:18:31.787+0000] {dagbag.py:545} INFO - Filling up the DagBag from /home/airflow/.local/lib/python3.12/site-packages/airflow/example_dags/example_local_kubernetes_executor.py
[2024-05-28T18:18:31.807+0000] {processor.py:840} INFO - DAG(s) 'example_local_kubernetes_executor' retrieved from /home/airflow/.local/lib/python3.12/site-packages/airflow/example_dags/example_local_kubernetes_executor.py
[2024-05-28T18:18:31.884+0000] {logging_mixin.py:188} INFO - [2024-05-28T18:18:31.883+0000] {dag.py:3096} INFO - Sync 1 DAGs
[2024-05-28T18:18:31.913+0000] {logging_mixin.py:188} INFO - [2024-05-28T18:18:31.912+0000] {dag.py:3954} INFO - Setting next_dagrun for example_local_kubernetes_executor to None, run_after=None
[2024-05-28T18:18:31.957+0000] {processor.py:183} INFO - Processing /home/airflow/.local/lib/python3.12/site-packages/airflow/example_dags/example_local_kubernetes_executor.py took 0.202 seconds
[2024-05-28T18:19:02.413+0000] {processor.py:161} INFO - Started process (PID=1356) to work on /home/airflow/.local/lib/python3.12/site-packages/airflow/example_dags/example_local_kubernetes_executor.py
[2024-05-28T18:19:02.418+0000] {processor.py:830} INFO - Processing file /home/airflow/.local/lib/python3.12/site-packages/airflow/example_dags/example_local_kubernetes_executor.py for tasks to queue
[2024-05-28T18:19:02.427+0000] {logging_mixin.py:188} INFO - [2024-05-28T18:19:02.426+0000] {dagbag.py:545} INFO - Filling up the DagBag from /home/airflow/.local/lib/python3.12/site-packages/airflow/example_dags/example_local_kubernetes_executor.py
[2024-05-28T18:19:02.462+0000] {processor.py:840} INFO - DAG(s) 'example_local_kubernetes_executor' retrieved from /home/airflow/.local/lib/python3.12/site-packages/airflow/example_dags/example_local_kubernetes_executor.py
[2024-05-28T18:19:02.603+0000] {logging_mixin.py:188} INFO - [2024-05-28T18:19:02.602+0000] {dag.py:3096} INFO - Sync 1 DAGs
[2024-05-28T18:19:02.657+0000] {logging_mixin.py:188} INFO - [2024-05-28T18:19:02.656+0000] {dag.py:3954} INFO - Setting next_dagrun for example_local_kubernetes_executor to None, run_after=None
[2024-05-28T18:19:02.757+0000] {processor.py:183} INFO - Processing /home/airflow/.local/lib/python3.12/site-packages/airflow/example_dags/example_local_kubernetes_executor.py took 0.375 seconds
[2024-05-28T18:19:33.329+0000] {processor.py:161} INFO - Started process (PID=1412) to work on /home/airflow/.local/lib/python3.12/site-packages/airflow/example_dags/example_local_kubernetes_executor.py
[2024-05-28T18:19:33.338+0000] {processor.py:830} INFO - Processing file /home/airflow/.local/lib/python3.12/site-packages/airflow/example_dags/example_local_kubernetes_executor.py for tasks to queue
[2024-05-28T18:19:33.358+0000] {logging_mixin.py:188} INFO - [2024-05-28T18:19:33.357+0000] {dagbag.py:545} INFO - Filling up the DagBag from /home/airflow/.local/lib/python3.12/site-packages/airflow/example_dags/example_local_kubernetes_executor.py
[2024-05-28T18:19:33.419+0000] {processor.py:840} INFO - DAG(s) 'example_local_kubernetes_executor' retrieved from /home/airflow/.local/lib/python3.12/site-packages/airflow/example_dags/example_local_kubernetes_executor.py
[2024-05-28T18:19:33.659+0000] {logging_mixin.py:188} INFO - [2024-05-28T18:19:33.658+0000] {dag.py:3096} INFO - Sync 1 DAGs
[2024-05-28T18:19:33.735+0000] {logging_mixin.py:188} INFO - [2024-05-28T18:19:33.734+0000] {dag.py:3954} INFO - Setting next_dagrun for example_local_kubernetes_executor to None, run_after=None
[2024-05-28T18:19:33.865+0000] {processor.py:183} INFO - Processing /home/airflow/.local/lib/python3.12/site-packages/airflow/example_dags/example_local_kubernetes_executor.py took 0.570 seconds
[2024-05-28T18:20:04.211+0000] {processor.py:161} INFO - Started process (PID=1470) to work on /home/airflow/.local/lib/python3.12/site-packages/airflow/example_dags/example_local_kubernetes_executor.py
[2024-05-28T18:20:04.216+0000] {processor.py:830} INFO - Processing file /home/airflow/.local/lib/python3.12/site-packages/airflow/example_dags/example_local_kubernetes_executor.py for tasks to queue
[2024-05-28T18:20:04.229+0000] {logging_mixin.py:188} INFO - [2024-05-28T18:20:04.226+0000] {dagbag.py:545} INFO - Filling up the DagBag from /home/airflow/.local/lib/python3.12/site-packages/airflow/example_dags/example_local_kubernetes_executor.py
[2024-05-28T18:20:04.309+0000] {processor.py:840} INFO - DAG(s) 'example_local_kubernetes_executor' retrieved from /home/airflow/.local/lib/python3.12/site-packages/airflow/example_dags/example_local_kubernetes_executor.py
[2024-05-28T18:20:04.529+0000] {logging_mixin.py:188} INFO - [2024-05-28T18:20:04.528+0000] {dag.py:3096} INFO - Sync 1 DAGs
[2024-05-28T18:20:04.618+0000] {logging_mixin.py:188} INFO - [2024-05-28T18:20:04.613+0000] {dag.py:3954} INFO - Setting next_dagrun for example_local_kubernetes_executor to None, run_after=None
[2024-05-28T18:20:04.737+0000] {processor.py:183} INFO - Processing /home/airflow/.local/lib/python3.12/site-packages/airflow/example_dags/example_local_kubernetes_executor.py took 0.565 seconds
[2024-05-28T18:20:35.404+0000] {processor.py:161} INFO - Started process (PID=1528) to work on /home/airflow/.local/lib/python3.12/site-packages/airflow/example_dags/example_local_kubernetes_executor.py
[2024-05-28T18:20:35.408+0000] {processor.py:830} INFO - Processing file /home/airflow/.local/lib/python3.12/site-packages/airflow/example_dags/example_local_kubernetes_executor.py for tasks to queue
[2024-05-28T18:20:35.440+0000] {logging_mixin.py:188} INFO - [2024-05-28T18:20:35.439+0000] {dagbag.py:545} INFO - Filling up the DagBag from /home/airflow/.local/lib/python3.12/site-packages/airflow/example_dags/example_local_kubernetes_executor.py
[2024-05-28T18:20:35.492+0000] {processor.py:840} INFO - DAG(s) 'example_local_kubernetes_executor' retrieved from /home/airflow/.local/lib/python3.12/site-packages/airflow/example_dags/example_local_kubernetes_executor.py
[2024-05-28T18:20:35.661+0000] {logging_mixin.py:188} INFO - [2024-05-28T18:20:35.660+0000] {dag.py:3096} INFO - Sync 1 DAGs
[2024-05-28T18:20:35.771+0000] {logging_mixin.py:188} INFO - [2024-05-28T18:20:35.770+0000] {dag.py:3954} INFO - Setting next_dagrun for example_local_kubernetes_executor to None, run_after=None
[2024-05-28T18:20:35.899+0000] {processor.py:183} INFO - Processing /home/airflow/.local/lib/python3.12/site-packages/airflow/example_dags/example_local_kubernetes_executor.py took 0.529 seconds
[2024-05-28T18:21:06.488+0000] {processor.py:161} INFO - Started process (PID=1586) to work on /home/airflow/.local/lib/python3.12/site-packages/airflow/example_dags/example_local_kubernetes_executor.py
[2024-05-28T18:21:06.491+0000] {processor.py:830} INFO - Processing file /home/airflow/.local/lib/python3.12/site-packages/airflow/example_dags/example_local_kubernetes_executor.py for tasks to queue
[2024-05-28T18:21:06.497+0000] {logging_mixin.py:188} INFO - [2024-05-28T18:21:06.496+0000] {dagbag.py:545} INFO - Filling up the DagBag from /home/airflow/.local/lib/python3.12/site-packages/airflow/example_dags/example_local_kubernetes_executor.py
[2024-05-28T18:21:06.515+0000] {processor.py:840} INFO - DAG(s) 'example_local_kubernetes_executor' retrieved from /home/airflow/.local/lib/python3.12/site-packages/airflow/example_dags/example_local_kubernetes_executor.py
[2024-05-28T18:21:06.606+0000] {logging_mixin.py:188} INFO - [2024-05-28T18:21:06.605+0000] {dag.py:3096} INFO - Sync 1 DAGs
[2024-05-28T18:21:06.641+0000] {logging_mixin.py:188} INFO - [2024-05-28T18:21:06.640+0000] {dag.py:3954} INFO - Setting next_dagrun for example_local_kubernetes_executor to None, run_after=None
[2024-05-28T18:21:06.691+0000] {processor.py:183} INFO - Processing /home/airflow/.local/lib/python3.12/site-packages/airflow/example_dags/example_local_kubernetes_executor.py took 0.243 seconds
[2024-05-28T18:21:40.619+0000] {processor.py:161} INFO - Started process (PID=1644) to work on /home/airflow/.local/lib/python3.12/site-packages/airflow/example_dags/example_local_kubernetes_executor.py
[2024-05-28T18:21:40.644+0000] {processor.py:830} INFO - Processing file /home/airflow/.local/lib/python3.12/site-packages/airflow/example_dags/example_local_kubernetes_executor.py for tasks to queue
[2024-05-28T18:21:40.688+0000] {logging_mixin.py:188} INFO - [2024-05-28T18:21:40.683+0000] {dagbag.py:545} INFO - Filling up the DagBag from /home/airflow/.local/lib/python3.12/site-packages/airflow/example_dags/example_local_kubernetes_executor.py
[2024-05-28T18:21:40.775+0000] {processor.py:840} INFO - DAG(s) 'example_local_kubernetes_executor' retrieved from /home/airflow/.local/lib/python3.12/site-packages/airflow/example_dags/example_local_kubernetes_executor.py
[2024-05-28T18:21:41.148+0000] {logging_mixin.py:188} INFO - [2024-05-28T18:21:41.139+0000] {dag.py:3096} INFO - Sync 1 DAGs
[2024-05-28T18:21:41.292+0000] {logging_mixin.py:188} INFO - [2024-05-28T18:21:41.289+0000] {dag.py:3954} INFO - Setting next_dagrun for example_local_kubernetes_executor to None, run_after=None
[2024-05-28T18:21:41.500+0000] {processor.py:183} INFO - Processing /home/airflow/.local/lib/python3.12/site-packages/airflow/example_dags/example_local_kubernetes_executor.py took 0.970 seconds
