[2024-05-28T18:07:09.482+0000] {processor.py:161} INFO - Started process (PID=56) to work on /home/airflow/.local/lib/python3.12/site-packages/airflow/example_dags/example_sensors.py
[2024-05-28T18:07:09.504+0000] {processor.py:830} INFO - Processing file /home/airflow/.local/lib/python3.12/site-packages/airflow/example_dags/example_sensors.py for tasks to queue
[2024-05-28T18:07:09.559+0000] {logging_mixin.py:188} INFO - [2024-05-28T18:07:09.549+0000] {dagbag.py:545} INFO - Filling up the DagBag from /home/airflow/.local/lib/python3.12/site-packages/airflow/example_dags/example_sensors.py
[2024-05-28T18:07:09.783+0000] {processor.py:840} INFO - DAG(s) 'example_sensors' retrieved from /home/airflow/.local/lib/python3.12/site-packages/airflow/example_dags/example_sensors.py
[2024-05-28T18:07:11.489+0000] {logging_mixin.py:188} INFO - [2024-05-28T18:07:11.486+0000] {dag.py:3096} INFO - Sync 1 DAGs
[2024-05-28T18:07:11.657+0000] {logging_mixin.py:188} INFO - [2024-05-28T18:07:11.655+0000] {dag.py:3954} INFO - Setting next_dagrun for example_sensors to None, run_after=None
[2024-05-28T18:07:12.033+0000] {processor.py:183} INFO - Processing /home/airflow/.local/lib/python3.12/site-packages/airflow/example_dags/example_sensors.py took 2.646 seconds
[2024-05-28T18:07:46.626+0000] {processor.py:161} INFO - Started process (PID=115) to work on /home/airflow/.local/lib/python3.12/site-packages/airflow/example_dags/example_sensors.py
[2024-05-28T18:07:46.633+0000] {processor.py:830} INFO - Processing file /home/airflow/.local/lib/python3.12/site-packages/airflow/example_dags/example_sensors.py for tasks to queue
[2024-05-28T18:07:46.640+0000] {logging_mixin.py:188} INFO - [2024-05-28T18:07:46.639+0000] {dagbag.py:545} INFO - Filling up the DagBag from /home/airflow/.local/lib/python3.12/site-packages/airflow/example_dags/example_sensors.py
[2024-05-28T18:07:46.675+0000] {processor.py:840} INFO - DAG(s) 'example_sensors' retrieved from /home/airflow/.local/lib/python3.12/site-packages/airflow/example_dags/example_sensors.py
[2024-05-28T18:07:46.771+0000] {logging_mixin.py:188} INFO - [2024-05-28T18:07:46.771+0000] {dag.py:3096} INFO - Sync 1 DAGs
[2024-05-28T18:07:46.845+0000] {logging_mixin.py:188} INFO - [2024-05-28T18:07:46.844+0000] {dag.py:3954} INFO - Setting next_dagrun for example_sensors to None, run_after=None
[2024-05-28T18:07:46.924+0000] {processor.py:183} INFO - Processing /home/airflow/.local/lib/python3.12/site-packages/airflow/example_dags/example_sensors.py took 0.319 seconds
[2024-05-28T18:08:17.285+0000] {processor.py:161} INFO - Started process (PID=171) to work on /home/airflow/.local/lib/python3.12/site-packages/airflow/example_dags/example_sensors.py
[2024-05-28T18:08:17.287+0000] {processor.py:830} INFO - Processing file /home/airflow/.local/lib/python3.12/site-packages/airflow/example_dags/example_sensors.py for tasks to queue
[2024-05-28T18:08:17.291+0000] {logging_mixin.py:188} INFO - [2024-05-28T18:08:17.290+0000] {dagbag.py:545} INFO - Filling up the DagBag from /home/airflow/.local/lib/python3.12/site-packages/airflow/example_dags/example_sensors.py
[2024-05-28T18:08:17.322+0000] {processor.py:840} INFO - DAG(s) 'example_sensors' retrieved from /home/airflow/.local/lib/python3.12/site-packages/airflow/example_dags/example_sensors.py
[2024-05-28T18:08:17.419+0000] {logging_mixin.py:188} INFO - [2024-05-28T18:08:17.418+0000] {dag.py:3096} INFO - Sync 1 DAGs
[2024-05-28T18:08:17.484+0000] {logging_mixin.py:188} INFO - [2024-05-28T18:08:17.483+0000] {dag.py:3954} INFO - Setting next_dagrun for example_sensors to None, run_after=None
[2024-05-28T18:08:17.583+0000] {processor.py:183} INFO - Processing /home/airflow/.local/lib/python3.12/site-packages/airflow/example_dags/example_sensors.py took 0.316 seconds
[2024-05-28T18:08:48.250+0000] {processor.py:161} INFO - Started process (PID=229) to work on /home/airflow/.local/lib/python3.12/site-packages/airflow/example_dags/example_sensors.py
[2024-05-28T18:08:48.253+0000] {processor.py:830} INFO - Processing file /home/airflow/.local/lib/python3.12/site-packages/airflow/example_dags/example_sensors.py for tasks to queue
[2024-05-28T18:08:48.259+0000] {logging_mixin.py:188} INFO - [2024-05-28T18:08:48.258+0000] {dagbag.py:545} INFO - Filling up the DagBag from /home/airflow/.local/lib/python3.12/site-packages/airflow/example_dags/example_sensors.py
[2024-05-28T18:08:48.285+0000] {processor.py:840} INFO - DAG(s) 'example_sensors' retrieved from /home/airflow/.local/lib/python3.12/site-packages/airflow/example_dags/example_sensors.py
[2024-05-28T18:08:48.357+0000] {logging_mixin.py:188} INFO - [2024-05-28T18:08:48.356+0000] {dag.py:3096} INFO - Sync 1 DAGs
[2024-05-28T18:08:48.392+0000] {logging_mixin.py:188} INFO - [2024-05-28T18:08:48.391+0000] {dag.py:3954} INFO - Setting next_dagrun for example_sensors to None, run_after=None
[2024-05-28T18:08:48.460+0000] {processor.py:183} INFO - Processing /home/airflow/.local/lib/python3.12/site-packages/airflow/example_dags/example_sensors.py took 0.226 seconds
[2024-05-28T18:09:19.404+0000] {processor.py:161} INFO - Started process (PID=293) to work on /home/airflow/.local/lib/python3.12/site-packages/airflow/example_dags/example_sensors.py
[2024-05-28T18:09:19.408+0000] {processor.py:830} INFO - Processing file /home/airflow/.local/lib/python3.12/site-packages/airflow/example_dags/example_sensors.py for tasks to queue
[2024-05-28T18:09:19.415+0000] {logging_mixin.py:188} INFO - [2024-05-28T18:09:19.414+0000] {dagbag.py:545} INFO - Filling up the DagBag from /home/airflow/.local/lib/python3.12/site-packages/airflow/example_dags/example_sensors.py
[2024-05-28T18:09:19.456+0000] {processor.py:840} INFO - DAG(s) 'example_sensors' retrieved from /home/airflow/.local/lib/python3.12/site-packages/airflow/example_dags/example_sensors.py
[2024-05-28T18:09:19.530+0000] {logging_mixin.py:188} INFO - [2024-05-28T18:09:19.529+0000] {dag.py:3096} INFO - Sync 1 DAGs
[2024-05-28T18:09:19.568+0000] {logging_mixin.py:188} INFO - [2024-05-28T18:09:19.568+0000] {dag.py:3954} INFO - Setting next_dagrun for example_sensors to None, run_after=None
[2024-05-28T18:09:19.642+0000] {processor.py:183} INFO - Processing /home/airflow/.local/lib/python3.12/site-packages/airflow/example_dags/example_sensors.py took 0.254 seconds
[2024-05-28T18:09:50.580+0000] {processor.py:161} INFO - Started process (PID=350) to work on /home/airflow/.local/lib/python3.12/site-packages/airflow/example_dags/example_sensors.py
[2024-05-28T18:09:50.584+0000] {processor.py:830} INFO - Processing file /home/airflow/.local/lib/python3.12/site-packages/airflow/example_dags/example_sensors.py for tasks to queue
[2024-05-28T18:09:50.591+0000] {logging_mixin.py:188} INFO - [2024-05-28T18:09:50.590+0000] {dagbag.py:545} INFO - Filling up the DagBag from /home/airflow/.local/lib/python3.12/site-packages/airflow/example_dags/example_sensors.py
[2024-05-28T18:09:50.620+0000] {processor.py:840} INFO - DAG(s) 'example_sensors' retrieved from /home/airflow/.local/lib/python3.12/site-packages/airflow/example_dags/example_sensors.py
[2024-05-28T18:09:50.716+0000] {logging_mixin.py:188} INFO - [2024-05-28T18:09:50.715+0000] {dag.py:3096} INFO - Sync 1 DAGs
[2024-05-28T18:09:50.767+0000] {logging_mixin.py:188} INFO - [2024-05-28T18:09:50.767+0000] {dag.py:3954} INFO - Setting next_dagrun for example_sensors to None, run_after=None
[2024-05-28T18:09:50.851+0000] {processor.py:183} INFO - Processing /home/airflow/.local/lib/python3.12/site-packages/airflow/example_dags/example_sensors.py took 0.291 seconds
[2024-05-28T18:10:21.597+0000] {processor.py:161} INFO - Started process (PID=408) to work on /home/airflow/.local/lib/python3.12/site-packages/airflow/example_dags/example_sensors.py
[2024-05-28T18:10:21.601+0000] {processor.py:830} INFO - Processing file /home/airflow/.local/lib/python3.12/site-packages/airflow/example_dags/example_sensors.py for tasks to queue
[2024-05-28T18:10:21.609+0000] {logging_mixin.py:188} INFO - [2024-05-28T18:10:21.607+0000] {dagbag.py:545} INFO - Filling up the DagBag from /home/airflow/.local/lib/python3.12/site-packages/airflow/example_dags/example_sensors.py
[2024-05-28T18:10:21.649+0000] {processor.py:840} INFO - DAG(s) 'example_sensors' retrieved from /home/airflow/.local/lib/python3.12/site-packages/airflow/example_dags/example_sensors.py
[2024-05-28T18:10:21.754+0000] {logging_mixin.py:188} INFO - [2024-05-28T18:10:21.753+0000] {dag.py:3096} INFO - Sync 1 DAGs
[2024-05-28T18:10:21.809+0000] {logging_mixin.py:188} INFO - [2024-05-28T18:10:21.809+0000] {dag.py:3954} INFO - Setting next_dagrun for example_sensors to None, run_after=None
[2024-05-28T18:10:21.887+0000] {processor.py:183} INFO - Processing /home/airflow/.local/lib/python3.12/site-packages/airflow/example_dags/example_sensors.py took 0.311 seconds
[2024-05-28T18:10:52.680+0000] {processor.py:161} INFO - Started process (PID=466) to work on /home/airflow/.local/lib/python3.12/site-packages/airflow/example_dags/example_sensors.py
[2024-05-28T18:10:52.683+0000] {processor.py:830} INFO - Processing file /home/airflow/.local/lib/python3.12/site-packages/airflow/example_dags/example_sensors.py for tasks to queue
[2024-05-28T18:10:52.687+0000] {logging_mixin.py:188} INFO - [2024-05-28T18:10:52.686+0000] {dagbag.py:545} INFO - Filling up the DagBag from /home/airflow/.local/lib/python3.12/site-packages/airflow/example_dags/example_sensors.py
[2024-05-28T18:10:52.704+0000] {processor.py:840} INFO - DAG(s) 'example_sensors' retrieved from /home/airflow/.local/lib/python3.12/site-packages/airflow/example_dags/example_sensors.py
[2024-05-28T18:10:52.769+0000] {logging_mixin.py:188} INFO - [2024-05-28T18:10:52.769+0000] {dag.py:3096} INFO - Sync 1 DAGs
[2024-05-28T18:10:52.802+0000] {logging_mixin.py:188} INFO - [2024-05-28T18:10:52.801+0000] {dag.py:3954} INFO - Setting next_dagrun for example_sensors to None, run_after=None
[2024-05-28T18:10:52.861+0000] {processor.py:183} INFO - Processing /home/airflow/.local/lib/python3.12/site-packages/airflow/example_dags/example_sensors.py took 0.197 seconds
[2024-05-28T18:11:29.280+0000] {processor.py:161} INFO - Started process (PID=524) to work on /home/airflow/.local/lib/python3.12/site-packages/airflow/example_dags/example_sensors.py
[2024-05-28T18:11:29.314+0000] {processor.py:830} INFO - Processing file /home/airflow/.local/lib/python3.12/site-packages/airflow/example_dags/example_sensors.py for tasks to queue
[2024-05-28T18:11:29.345+0000] {logging_mixin.py:188} INFO - [2024-05-28T18:11:29.344+0000] {dagbag.py:545} INFO - Filling up the DagBag from /home/airflow/.local/lib/python3.12/site-packages/airflow/example_dags/example_sensors.py
[2024-05-28T18:11:29.490+0000] {processor.py:840} INFO - DAG(s) 'example_sensors' retrieved from /home/airflow/.local/lib/python3.12/site-packages/airflow/example_dags/example_sensors.py
[2024-05-28T18:11:29.818+0000] {logging_mixin.py:188} INFO - [2024-05-28T18:11:29.817+0000] {dag.py:3096} INFO - Sync 1 DAGs
[2024-05-28T18:11:30.044+0000] {logging_mixin.py:188} INFO - [2024-05-28T18:11:30.043+0000] {dag.py:3954} INFO - Setting next_dagrun for example_sensors to None, run_after=None
[2024-05-28T18:11:30.244+0000] {processor.py:183} INFO - Processing /home/airflow/.local/lib/python3.12/site-packages/airflow/example_dags/example_sensors.py took 1.037 seconds
[2024-05-28T18:12:01.130+0000] {processor.py:161} INFO - Started process (PID=582) to work on /home/airflow/.local/lib/python3.12/site-packages/airflow/example_dags/example_sensors.py
[2024-05-28T18:12:01.132+0000] {processor.py:830} INFO - Processing file /home/airflow/.local/lib/python3.12/site-packages/airflow/example_dags/example_sensors.py for tasks to queue
[2024-05-28T18:12:01.137+0000] {logging_mixin.py:188} INFO - [2024-05-28T18:12:01.136+0000] {dagbag.py:545} INFO - Filling up the DagBag from /home/airflow/.local/lib/python3.12/site-packages/airflow/example_dags/example_sensors.py
[2024-05-28T18:12:01.161+0000] {processor.py:840} INFO - DAG(s) 'example_sensors' retrieved from /home/airflow/.local/lib/python3.12/site-packages/airflow/example_dags/example_sensors.py
[2024-05-28T18:12:01.260+0000] {logging_mixin.py:188} INFO - [2024-05-28T18:12:01.260+0000] {dag.py:3096} INFO - Sync 1 DAGs
[2024-05-28T18:12:01.303+0000] {logging_mixin.py:188} INFO - [2024-05-28T18:12:01.302+0000] {dag.py:3954} INFO - Setting next_dagrun for example_sensors to None, run_after=None
[2024-05-28T18:12:01.411+0000] {processor.py:183} INFO - Processing /home/airflow/.local/lib/python3.12/site-packages/airflow/example_dags/example_sensors.py took 0.297 seconds
[2024-05-28T18:12:31.766+0000] {processor.py:161} INFO - Started process (PID=640) to work on /home/airflow/.local/lib/python3.12/site-packages/airflow/example_dags/example_sensors.py
[2024-05-28T18:12:31.768+0000] {processor.py:830} INFO - Processing file /home/airflow/.local/lib/python3.12/site-packages/airflow/example_dags/example_sensors.py for tasks to queue
[2024-05-28T18:12:31.772+0000] {logging_mixin.py:188} INFO - [2024-05-28T18:12:31.771+0000] {dagbag.py:545} INFO - Filling up the DagBag from /home/airflow/.local/lib/python3.12/site-packages/airflow/example_dags/example_sensors.py
[2024-05-28T18:12:31.798+0000] {processor.py:840} INFO - DAG(s) 'example_sensors' retrieved from /home/airflow/.local/lib/python3.12/site-packages/airflow/example_dags/example_sensors.py
[2024-05-28T18:12:31.856+0000] {logging_mixin.py:188} INFO - [2024-05-28T18:12:31.856+0000] {dag.py:3096} INFO - Sync 1 DAGs
[2024-05-28T18:12:31.888+0000] {logging_mixin.py:188} INFO - [2024-05-28T18:12:31.887+0000] {dag.py:3954} INFO - Setting next_dagrun for example_sensors to None, run_after=None
[2024-05-28T18:12:31.940+0000] {processor.py:183} INFO - Processing /home/airflow/.local/lib/python3.12/site-packages/airflow/example_dags/example_sensors.py took 0.191 seconds
[2024-05-28T18:13:02.545+0000] {processor.py:161} INFO - Started process (PID=698) to work on /home/airflow/.local/lib/python3.12/site-packages/airflow/example_dags/example_sensors.py
[2024-05-28T18:13:02.548+0000] {processor.py:830} INFO - Processing file /home/airflow/.local/lib/python3.12/site-packages/airflow/example_dags/example_sensors.py for tasks to queue
[2024-05-28T18:13:02.554+0000] {logging_mixin.py:188} INFO - [2024-05-28T18:13:02.553+0000] {dagbag.py:545} INFO - Filling up the DagBag from /home/airflow/.local/lib/python3.12/site-packages/airflow/example_dags/example_sensors.py
[2024-05-28T18:13:02.596+0000] {processor.py:840} INFO - DAG(s) 'example_sensors' retrieved from /home/airflow/.local/lib/python3.12/site-packages/airflow/example_dags/example_sensors.py
[2024-05-28T18:13:02.723+0000] {logging_mixin.py:188} INFO - [2024-05-28T18:13:02.721+0000] {dag.py:3096} INFO - Sync 1 DAGs
[2024-05-28T18:13:02.826+0000] {logging_mixin.py:188} INFO - [2024-05-28T18:13:02.825+0000] {dag.py:3954} INFO - Setting next_dagrun for example_sensors to None, run_after=None
[2024-05-28T18:13:02.871+0000] {processor.py:183} INFO - Processing /home/airflow/.local/lib/python3.12/site-packages/airflow/example_dags/example_sensors.py took 0.348 seconds
[2024-05-28T18:13:33.707+0000] {processor.py:161} INFO - Started process (PID=757) to work on /home/airflow/.local/lib/python3.12/site-packages/airflow/example_dags/example_sensors.py
[2024-05-28T18:13:33.718+0000] {processor.py:830} INFO - Processing file /home/airflow/.local/lib/python3.12/site-packages/airflow/example_dags/example_sensors.py for tasks to queue
[2024-05-28T18:13:33.737+0000] {logging_mixin.py:188} INFO - [2024-05-28T18:13:33.729+0000] {dagbag.py:545} INFO - Filling up the DagBag from /home/airflow/.local/lib/python3.12/site-packages/airflow/example_dags/example_sensors.py
[2024-05-28T18:13:33.800+0000] {processor.py:840} INFO - DAG(s) 'example_sensors' retrieved from /home/airflow/.local/lib/python3.12/site-packages/airflow/example_dags/example_sensors.py
[2024-05-28T18:13:34.078+0000] {logging_mixin.py:188} INFO - [2024-05-28T18:13:34.077+0000] {dag.py:3096} INFO - Sync 1 DAGs
[2024-05-28T18:13:34.221+0000] {logging_mixin.py:188} INFO - [2024-05-28T18:13:34.220+0000] {dag.py:3954} INFO - Setting next_dagrun for example_sensors to None, run_after=None
[2024-05-28T18:13:34.388+0000] {processor.py:183} INFO - Processing /home/airflow/.local/lib/python3.12/site-packages/airflow/example_dags/example_sensors.py took 0.714 seconds
[2024-05-28T18:14:04.660+0000] {processor.py:161} INFO - Started process (PID=815) to work on /home/airflow/.local/lib/python3.12/site-packages/airflow/example_dags/example_sensors.py
[2024-05-28T18:14:04.663+0000] {processor.py:830} INFO - Processing file /home/airflow/.local/lib/python3.12/site-packages/airflow/example_dags/example_sensors.py for tasks to queue
[2024-05-28T18:14:04.671+0000] {logging_mixin.py:188} INFO - [2024-05-28T18:14:04.669+0000] {dagbag.py:545} INFO - Filling up the DagBag from /home/airflow/.local/lib/python3.12/site-packages/airflow/example_dags/example_sensors.py
[2024-05-28T18:14:04.719+0000] {processor.py:840} INFO - DAG(s) 'example_sensors' retrieved from /home/airflow/.local/lib/python3.12/site-packages/airflow/example_dags/example_sensors.py
[2024-05-28T18:14:04.869+0000] {logging_mixin.py:188} INFO - [2024-05-28T18:14:04.868+0000] {dag.py:3096} INFO - Sync 1 DAGs
[2024-05-28T18:14:04.969+0000] {logging_mixin.py:188} INFO - [2024-05-28T18:14:04.966+0000] {dag.py:3954} INFO - Setting next_dagrun for example_sensors to None, run_after=None
[2024-05-28T18:14:05.033+0000] {processor.py:183} INFO - Processing /home/airflow/.local/lib/python3.12/site-packages/airflow/example_dags/example_sensors.py took 0.396 seconds
[2024-05-28T18:14:36.315+0000] {processor.py:161} INFO - Started process (PID=869) to work on /home/airflow/.local/lib/python3.12/site-packages/airflow/example_dags/example_sensors.py
[2024-05-28T18:14:36.355+0000] {processor.py:830} INFO - Processing file /home/airflow/.local/lib/python3.12/site-packages/airflow/example_dags/example_sensors.py for tasks to queue
[2024-05-28T18:14:36.400+0000] {logging_mixin.py:188} INFO - [2024-05-28T18:14:36.399+0000] {dagbag.py:545} INFO - Filling up the DagBag from /home/airflow/.local/lib/python3.12/site-packages/airflow/example_dags/example_sensors.py
[2024-05-28T18:14:36.612+0000] {processor.py:840} INFO - DAG(s) 'example_sensors' retrieved from /home/airflow/.local/lib/python3.12/site-packages/airflow/example_dags/example_sensors.py
[2024-05-28T18:14:36.884+0000] {logging_mixin.py:188} INFO - [2024-05-28T18:14:36.876+0000] {dag.py:3096} INFO - Sync 1 DAGs
[2024-05-28T18:14:36.982+0000] {logging_mixin.py:188} INFO - [2024-05-28T18:14:36.981+0000] {dag.py:3954} INFO - Setting next_dagrun for example_sensors to None, run_after=None
[2024-05-28T18:14:37.090+0000] {processor.py:183} INFO - Processing /home/airflow/.local/lib/python3.12/site-packages/airflow/example_dags/example_sensors.py took 0.892 seconds
[2024-05-28T18:15:07.703+0000] {processor.py:161} INFO - Started process (PID=927) to work on /home/airflow/.local/lib/python3.12/site-packages/airflow/example_dags/example_sensors.py
[2024-05-28T18:15:07.707+0000] {processor.py:830} INFO - Processing file /home/airflow/.local/lib/python3.12/site-packages/airflow/example_dags/example_sensors.py for tasks to queue
[2024-05-28T18:15:07.719+0000] {logging_mixin.py:188} INFO - [2024-05-28T18:15:07.718+0000] {dagbag.py:545} INFO - Filling up the DagBag from /home/airflow/.local/lib/python3.12/site-packages/airflow/example_dags/example_sensors.py
[2024-05-28T18:15:07.795+0000] {processor.py:840} INFO - DAG(s) 'example_sensors' retrieved from /home/airflow/.local/lib/python3.12/site-packages/airflow/example_dags/example_sensors.py
[2024-05-28T18:15:07.940+0000] {logging_mixin.py:188} INFO - [2024-05-28T18:15:07.939+0000] {dag.py:3096} INFO - Sync 1 DAGs
[2024-05-28T18:15:08.025+0000] {logging_mixin.py:188} INFO - [2024-05-28T18:15:08.025+0000] {dag.py:3954} INFO - Setting next_dagrun for example_sensors to None, run_after=None
[2024-05-28T18:15:08.073+0000] {processor.py:183} INFO - Processing /home/airflow/.local/lib/python3.12/site-packages/airflow/example_dags/example_sensors.py took 0.395 seconds
[2024-05-28T18:15:40.073+0000] {processor.py:161} INFO - Started process (PID=984) to work on /home/airflow/.local/lib/python3.12/site-packages/airflow/example_dags/example_sensors.py
[2024-05-28T18:15:40.103+0000] {processor.py:830} INFO - Processing file /home/airflow/.local/lib/python3.12/site-packages/airflow/example_dags/example_sensors.py for tasks to queue
[2024-05-28T18:15:40.109+0000] {logging_mixin.py:188} INFO - [2024-05-28T18:15:40.108+0000] {dagbag.py:545} INFO - Filling up the DagBag from /home/airflow/.local/lib/python3.12/site-packages/airflow/example_dags/example_sensors.py
[2024-05-28T18:15:40.197+0000] {processor.py:840} INFO - DAG(s) 'example_sensors' retrieved from /home/airflow/.local/lib/python3.12/site-packages/airflow/example_dags/example_sensors.py
[2024-05-28T18:15:40.518+0000] {logging_mixin.py:188} INFO - [2024-05-28T18:15:40.517+0000] {dag.py:3096} INFO - Sync 1 DAGs
[2024-05-28T18:15:40.638+0000] {logging_mixin.py:188} INFO - [2024-05-28T18:15:40.636+0000] {dag.py:3954} INFO - Setting next_dagrun for example_sensors to None, run_after=None
[2024-05-28T18:15:40.770+0000] {processor.py:183} INFO - Processing /home/airflow/.local/lib/python3.12/site-packages/airflow/example_dags/example_sensors.py took 0.782 seconds
[2024-05-28T18:16:14.127+0000] {processor.py:161} INFO - Started process (PID=1041) to work on /home/airflow/.local/lib/python3.12/site-packages/airflow/example_dags/example_sensors.py
[2024-05-28T18:16:14.139+0000] {processor.py:830} INFO - Processing file /home/airflow/.local/lib/python3.12/site-packages/airflow/example_dags/example_sensors.py for tasks to queue
[2024-05-28T18:16:14.160+0000] {logging_mixin.py:188} INFO - [2024-05-28T18:16:14.158+0000] {dagbag.py:545} INFO - Filling up the DagBag from /home/airflow/.local/lib/python3.12/site-packages/airflow/example_dags/example_sensors.py
[2024-05-28T18:16:14.256+0000] {processor.py:840} INFO - DAG(s) 'example_sensors' retrieved from /home/airflow/.local/lib/python3.12/site-packages/airflow/example_dags/example_sensors.py
[2024-05-28T18:16:14.492+0000] {logging_mixin.py:188} INFO - [2024-05-28T18:16:14.491+0000] {dag.py:3096} INFO - Sync 1 DAGs
[2024-05-28T18:16:14.618+0000] {logging_mixin.py:188} INFO - [2024-05-28T18:16:14.617+0000] {dag.py:3954} INFO - Setting next_dagrun for example_sensors to None, run_after=None
[2024-05-28T18:16:14.870+0000] {processor.py:183} INFO - Processing /home/airflow/.local/lib/python3.12/site-packages/airflow/example_dags/example_sensors.py took 0.804 seconds
[2024-05-28T18:16:45.967+0000] {processor.py:161} INFO - Started process (PID=1098) to work on /home/airflow/.local/lib/python3.12/site-packages/airflow/example_dags/example_sensors.py
[2024-05-28T18:16:45.971+0000] {processor.py:830} INFO - Processing file /home/airflow/.local/lib/python3.12/site-packages/airflow/example_dags/example_sensors.py for tasks to queue
[2024-05-28T18:16:45.994+0000] {logging_mixin.py:188} INFO - [2024-05-28T18:16:45.990+0000] {dagbag.py:545} INFO - Filling up the DagBag from /home/airflow/.local/lib/python3.12/site-packages/airflow/example_dags/example_sensors.py
[2024-05-28T18:16:46.109+0000] {processor.py:840} INFO - DAG(s) 'example_sensors' retrieved from /home/airflow/.local/lib/python3.12/site-packages/airflow/example_dags/example_sensors.py
[2024-05-28T18:16:46.400+0000] {logging_mixin.py:188} INFO - [2024-05-28T18:16:46.399+0000] {dag.py:3096} INFO - Sync 1 DAGs
[2024-05-28T18:16:46.546+0000] {logging_mixin.py:188} INFO - [2024-05-28T18:16:46.545+0000] {dag.py:3954} INFO - Setting next_dagrun for example_sensors to None, run_after=None
[2024-05-28T18:16:46.782+0000] {processor.py:183} INFO - Processing /home/airflow/.local/lib/python3.12/site-packages/airflow/example_dags/example_sensors.py took 0.873 seconds
[2024-05-28T18:17:17.628+0000] {processor.py:161} INFO - Started process (PID=1155) to work on /home/airflow/.local/lib/python3.12/site-packages/airflow/example_dags/example_sensors.py
[2024-05-28T18:17:17.631+0000] {processor.py:830} INFO - Processing file /home/airflow/.local/lib/python3.12/site-packages/airflow/example_dags/example_sensors.py for tasks to queue
[2024-05-28T18:17:17.639+0000] {logging_mixin.py:188} INFO - [2024-05-28T18:17:17.637+0000] {dagbag.py:545} INFO - Filling up the DagBag from /home/airflow/.local/lib/python3.12/site-packages/airflow/example_dags/example_sensors.py
[2024-05-28T18:17:17.677+0000] {processor.py:840} INFO - DAG(s) 'example_sensors' retrieved from /home/airflow/.local/lib/python3.12/site-packages/airflow/example_dags/example_sensors.py
[2024-05-28T18:17:17.760+0000] {logging_mixin.py:188} INFO - [2024-05-28T18:17:17.759+0000] {dag.py:3096} INFO - Sync 1 DAGs
[2024-05-28T18:17:17.791+0000] {logging_mixin.py:188} INFO - [2024-05-28T18:17:17.791+0000] {dag.py:3954} INFO - Setting next_dagrun for example_sensors to None, run_after=None
[2024-05-28T18:17:17.832+0000] {processor.py:183} INFO - Processing /home/airflow/.local/lib/python3.12/site-packages/airflow/example_dags/example_sensors.py took 0.231 seconds
[2024-05-28T18:17:48.195+0000] {processor.py:161} INFO - Started process (PID=1213) to work on /home/airflow/.local/lib/python3.12/site-packages/airflow/example_dags/example_sensors.py
[2024-05-28T18:17:48.197+0000] {processor.py:830} INFO - Processing file /home/airflow/.local/lib/python3.12/site-packages/airflow/example_dags/example_sensors.py for tasks to queue
[2024-05-28T18:17:48.201+0000] {logging_mixin.py:188} INFO - [2024-05-28T18:17:48.200+0000] {dagbag.py:545} INFO - Filling up the DagBag from /home/airflow/.local/lib/python3.12/site-packages/airflow/example_dags/example_sensors.py
[2024-05-28T18:17:48.231+0000] {processor.py:840} INFO - DAG(s) 'example_sensors' retrieved from /home/airflow/.local/lib/python3.12/site-packages/airflow/example_dags/example_sensors.py
[2024-05-28T18:17:48.290+0000] {logging_mixin.py:188} INFO - [2024-05-28T18:17:48.290+0000] {dag.py:3096} INFO - Sync 1 DAGs
[2024-05-28T18:17:48.318+0000] {logging_mixin.py:188} INFO - [2024-05-28T18:17:48.318+0000] {dag.py:3954} INFO - Setting next_dagrun for example_sensors to None, run_after=None
[2024-05-28T18:17:48.368+0000] {processor.py:183} INFO - Processing /home/airflow/.local/lib/python3.12/site-packages/airflow/example_dags/example_sensors.py took 0.193 seconds
[2024-05-28T18:18:18.805+0000] {processor.py:161} INFO - Started process (PID=1271) to work on /home/airflow/.local/lib/python3.12/site-packages/airflow/example_dags/example_sensors.py
[2024-05-28T18:18:18.810+0000] {processor.py:830} INFO - Processing file /home/airflow/.local/lib/python3.12/site-packages/airflow/example_dags/example_sensors.py for tasks to queue
[2024-05-28T18:18:18.814+0000] {logging_mixin.py:188} INFO - [2024-05-28T18:18:18.813+0000] {dagbag.py:545} INFO - Filling up the DagBag from /home/airflow/.local/lib/python3.12/site-packages/airflow/example_dags/example_sensors.py
[2024-05-28T18:18:18.844+0000] {processor.py:840} INFO - DAG(s) 'example_sensors' retrieved from /home/airflow/.local/lib/python3.12/site-packages/airflow/example_dags/example_sensors.py
[2024-05-28T18:18:18.925+0000] {logging_mixin.py:188} INFO - [2024-05-28T18:18:18.925+0000] {dag.py:3096} INFO - Sync 1 DAGs
[2024-05-28T18:18:18.962+0000] {logging_mixin.py:188} INFO - [2024-05-28T18:18:18.962+0000] {dag.py:3954} INFO - Setting next_dagrun for example_sensors to None, run_after=None
[2024-05-28T18:18:19.023+0000] {processor.py:183} INFO - Processing /home/airflow/.local/lib/python3.12/site-packages/airflow/example_dags/example_sensors.py took 0.240 seconds
[2024-05-28T18:18:49.483+0000] {processor.py:161} INFO - Started process (PID=1329) to work on /home/airflow/.local/lib/python3.12/site-packages/airflow/example_dags/example_sensors.py
[2024-05-28T18:18:49.487+0000] {processor.py:830} INFO - Processing file /home/airflow/.local/lib/python3.12/site-packages/airflow/example_dags/example_sensors.py for tasks to queue
[2024-05-28T18:18:49.497+0000] {logging_mixin.py:188} INFO - [2024-05-28T18:18:49.494+0000] {dagbag.py:545} INFO - Filling up the DagBag from /home/airflow/.local/lib/python3.12/site-packages/airflow/example_dags/example_sensors.py
[2024-05-28T18:18:49.538+0000] {processor.py:840} INFO - DAG(s) 'example_sensors' retrieved from /home/airflow/.local/lib/python3.12/site-packages/airflow/example_dags/example_sensors.py
[2024-05-28T18:18:49.644+0000] {logging_mixin.py:188} INFO - [2024-05-28T18:18:49.640+0000] {dag.py:3096} INFO - Sync 1 DAGs
[2024-05-28T18:18:49.682+0000] {logging_mixin.py:188} INFO - [2024-05-28T18:18:49.682+0000] {dag.py:3954} INFO - Setting next_dagrun for example_sensors to None, run_after=None
[2024-05-28T18:18:49.748+0000] {processor.py:183} INFO - Processing /home/airflow/.local/lib/python3.12/site-packages/airflow/example_dags/example_sensors.py took 0.288 seconds
[2024-05-28T18:19:20.423+0000] {processor.py:161} INFO - Started process (PID=1387) to work on /home/airflow/.local/lib/python3.12/site-packages/airflow/example_dags/example_sensors.py
[2024-05-28T18:19:20.426+0000] {processor.py:830} INFO - Processing file /home/airflow/.local/lib/python3.12/site-packages/airflow/example_dags/example_sensors.py for tasks to queue
[2024-05-28T18:19:20.430+0000] {logging_mixin.py:188} INFO - [2024-05-28T18:19:20.429+0000] {dagbag.py:545} INFO - Filling up the DagBag from /home/airflow/.local/lib/python3.12/site-packages/airflow/example_dags/example_sensors.py
[2024-05-28T18:19:20.462+0000] {processor.py:840} INFO - DAG(s) 'example_sensors' retrieved from /home/airflow/.local/lib/python3.12/site-packages/airflow/example_dags/example_sensors.py
[2024-05-28T18:19:20.534+0000] {logging_mixin.py:188} INFO - [2024-05-28T18:19:20.533+0000] {dag.py:3096} INFO - Sync 1 DAGs
[2024-05-28T18:19:20.568+0000] {logging_mixin.py:188} INFO - [2024-05-28T18:19:20.568+0000] {dag.py:3954} INFO - Setting next_dagrun for example_sensors to None, run_after=None
[2024-05-28T18:19:20.628+0000] {processor.py:183} INFO - Processing /home/airflow/.local/lib/python3.12/site-packages/airflow/example_dags/example_sensors.py took 0.223 seconds
[2024-05-28T18:19:51.023+0000] {processor.py:161} INFO - Started process (PID=1445) to work on /home/airflow/.local/lib/python3.12/site-packages/airflow/example_dags/example_sensors.py
[2024-05-28T18:19:51.036+0000] {processor.py:830} INFO - Processing file /home/airflow/.local/lib/python3.12/site-packages/airflow/example_dags/example_sensors.py for tasks to queue
[2024-05-28T18:19:51.045+0000] {logging_mixin.py:188} INFO - [2024-05-28T18:19:51.044+0000] {dagbag.py:545} INFO - Filling up the DagBag from /home/airflow/.local/lib/python3.12/site-packages/airflow/example_dags/example_sensors.py
[2024-05-28T18:19:51.124+0000] {processor.py:840} INFO - DAG(s) 'example_sensors' retrieved from /home/airflow/.local/lib/python3.12/site-packages/airflow/example_dags/example_sensors.py
[2024-05-28T18:19:51.265+0000] {logging_mixin.py:188} INFO - [2024-05-28T18:19:51.264+0000] {dag.py:3096} INFO - Sync 1 DAGs
[2024-05-28T18:19:51.352+0000] {logging_mixin.py:188} INFO - [2024-05-28T18:19:51.351+0000] {dag.py:3954} INFO - Setting next_dagrun for example_sensors to None, run_after=None
[2024-05-28T18:19:51.440+0000] {processor.py:183} INFO - Processing /home/airflow/.local/lib/python3.12/site-packages/airflow/example_dags/example_sensors.py took 0.444 seconds
[2024-05-28T18:20:21.981+0000] {processor.py:161} INFO - Started process (PID=1503) to work on /home/airflow/.local/lib/python3.12/site-packages/airflow/example_dags/example_sensors.py
[2024-05-28T18:20:21.986+0000] {processor.py:830} INFO - Processing file /home/airflow/.local/lib/python3.12/site-packages/airflow/example_dags/example_sensors.py for tasks to queue
[2024-05-28T18:20:21.993+0000] {logging_mixin.py:188} INFO - [2024-05-28T18:20:21.992+0000] {dagbag.py:545} INFO - Filling up the DagBag from /home/airflow/.local/lib/python3.12/site-packages/airflow/example_dags/example_sensors.py
[2024-05-28T18:20:22.027+0000] {processor.py:840} INFO - DAG(s) 'example_sensors' retrieved from /home/airflow/.local/lib/python3.12/site-packages/airflow/example_dags/example_sensors.py
[2024-05-28T18:20:22.120+0000] {logging_mixin.py:188} INFO - [2024-05-28T18:20:22.119+0000] {dag.py:3096} INFO - Sync 1 DAGs
[2024-05-28T18:20:22.171+0000] {logging_mixin.py:188} INFO - [2024-05-28T18:20:22.171+0000] {dag.py:3954} INFO - Setting next_dagrun for example_sensors to None, run_after=None
[2024-05-28T18:20:22.296+0000] {processor.py:183} INFO - Processing /home/airflow/.local/lib/python3.12/site-packages/airflow/example_dags/example_sensors.py took 0.365 seconds
[2024-05-28T18:20:53.271+0000] {processor.py:161} INFO - Started process (PID=1548) to work on /home/airflow/.local/lib/python3.12/site-packages/airflow/example_dags/example_sensors.py
[2024-05-28T18:20:53.276+0000] {processor.py:830} INFO - Processing file /home/airflow/.local/lib/python3.12/site-packages/airflow/example_dags/example_sensors.py for tasks to queue
[2024-05-28T18:20:53.357+0000] {logging_mixin.py:188} INFO - [2024-05-28T18:20:53.355+0000] {dagbag.py:545} INFO - Filling up the DagBag from /home/airflow/.local/lib/python3.12/site-packages/airflow/example_dags/example_sensors.py
[2024-05-28T18:20:53.467+0000] {processor.py:840} INFO - DAG(s) 'example_sensors' retrieved from /home/airflow/.local/lib/python3.12/site-packages/airflow/example_dags/example_sensors.py
[2024-05-28T18:20:53.819+0000] {logging_mixin.py:188} INFO - [2024-05-28T18:20:53.818+0000] {dag.py:3096} INFO - Sync 1 DAGs
[2024-05-28T18:20:53.985+0000] {logging_mixin.py:188} INFO - [2024-05-28T18:20:53.984+0000] {dag.py:3954} INFO - Setting next_dagrun for example_sensors to None, run_after=None
[2024-05-28T18:20:54.235+0000] {processor.py:183} INFO - Processing /home/airflow/.local/lib/python3.12/site-packages/airflow/example_dags/example_sensors.py took 1.038 seconds
[2024-05-28T18:21:26.896+0000] {processor.py:161} INFO - Started process (PID=1612) to work on /home/airflow/.local/lib/python3.12/site-packages/airflow/example_dags/example_sensors.py
[2024-05-28T18:21:26.900+0000] {processor.py:830} INFO - Processing file /home/airflow/.local/lib/python3.12/site-packages/airflow/example_dags/example_sensors.py for tasks to queue
[2024-05-28T18:21:26.917+0000] {logging_mixin.py:188} INFO - [2024-05-28T18:21:26.915+0000] {dagbag.py:545} INFO - Filling up the DagBag from /home/airflow/.local/lib/python3.12/site-packages/airflow/example_dags/example_sensors.py
[2024-05-28T18:21:27.037+0000] {processor.py:840} INFO - DAG(s) 'example_sensors' retrieved from /home/airflow/.local/lib/python3.12/site-packages/airflow/example_dags/example_sensors.py
[2024-05-28T18:21:27.245+0000] {logging_mixin.py:188} INFO - [2024-05-28T18:21:27.244+0000] {dag.py:3096} INFO - Sync 1 DAGs
[2024-05-28T18:21:27.378+0000] {logging_mixin.py:188} INFO - [2024-05-28T18:21:27.376+0000] {dag.py:3954} INFO - Setting next_dagrun for example_sensors to None, run_after=None
[2024-05-28T18:21:27.498+0000] {processor.py:183} INFO - Processing /home/airflow/.local/lib/python3.12/site-packages/airflow/example_dags/example_sensors.py took 0.638 seconds
