[2024-05-28T18:07:41.809+0000] {processor.py:161} INFO - Started process (PID=102) to work on /home/airflow/.local/lib/python3.12/site-packages/airflow/example_dags/example_sla_dag.py
[2024-05-28T18:07:41.823+0000] {processor.py:830} INFO - Processing file /home/airflow/.local/lib/python3.12/site-packages/airflow/example_dags/example_sla_dag.py for tasks to queue
[2024-05-28T18:07:41.849+0000] {logging_mixin.py:188} INFO - [2024-05-28T18:07:41.840+0000] {dagbag.py:545} INFO - Filling up the DagBag from /home/airflow/.local/lib/python3.12/site-packages/airflow/example_dags/example_sla_dag.py
[2024-05-28T18:07:41.916+0000] {processor.py:840} INFO - DAG(s) 'example_sla_dag' retrieved from /home/airflow/.local/lib/python3.12/site-packages/airflow/example_dags/example_sla_dag.py
[2024-05-28T18:07:42.836+0000] {logging_mixin.py:188} INFO - [2024-05-28T18:07:42.835+0000] {dag.py:3096} INFO - Sync 1 DAGs
[2024-05-28T18:07:42.971+0000] {logging_mixin.py:188} INFO - [2024-05-28T18:07:42.970+0000] {dag.py:3954} INFO - Setting next_dagrun for example_sla_dag to 2024-05-28 18:04:00+00:00, run_after=2024-05-28 18:06:00+00:00
[2024-05-28T18:07:43.083+0000] {processor.py:183} INFO - Processing /home/airflow/.local/lib/python3.12/site-packages/airflow/example_dags/example_sla_dag.py took 1.323 seconds
[2024-05-28T18:08:14.892+0000] {processor.py:161} INFO - Started process (PID=160) to work on /home/airflow/.local/lib/python3.12/site-packages/airflow/example_dags/example_sla_dag.py
[2024-05-28T18:08:14.896+0000] {processor.py:830} INFO - Processing file /home/airflow/.local/lib/python3.12/site-packages/airflow/example_dags/example_sla_dag.py for tasks to queue
[2024-05-28T18:08:14.902+0000] {logging_mixin.py:188} INFO - [2024-05-28T18:08:14.901+0000] {dagbag.py:545} INFO - Filling up the DagBag from /home/airflow/.local/lib/python3.12/site-packages/airflow/example_dags/example_sla_dag.py
[2024-05-28T18:08:14.958+0000] {processor.py:840} INFO - DAG(s) 'example_sla_dag' retrieved from /home/airflow/.local/lib/python3.12/site-packages/airflow/example_dags/example_sla_dag.py
[2024-05-28T18:08:15.112+0000] {logging_mixin.py:188} INFO - [2024-05-28T18:08:15.111+0000] {dag.py:3096} INFO - Sync 1 DAGs
[2024-05-28T18:08:15.287+0000] {logging_mixin.py:188} INFO - [2024-05-28T18:08:15.286+0000] {dag.py:3954} INFO - Setting next_dagrun for example_sla_dag to 2024-05-28 18:06:00+00:00, run_after=2024-05-28 18:08:00+00:00
[2024-05-28T18:08:15.365+0000] {processor.py:183} INFO - Processing /home/airflow/.local/lib/python3.12/site-packages/airflow/example_dags/example_sla_dag.py took 0.508 seconds
[2024-05-28T18:08:45.872+0000] {processor.py:161} INFO - Started process (PID=218) to work on /home/airflow/.local/lib/python3.12/site-packages/airflow/example_dags/example_sla_dag.py
[2024-05-28T18:08:45.876+0000] {processor.py:830} INFO - Processing file /home/airflow/.local/lib/python3.12/site-packages/airflow/example_dags/example_sla_dag.py for tasks to queue
[2024-05-28T18:08:45.882+0000] {logging_mixin.py:188} INFO - [2024-05-28T18:08:45.881+0000] {dagbag.py:545} INFO - Filling up the DagBag from /home/airflow/.local/lib/python3.12/site-packages/airflow/example_dags/example_sla_dag.py
[2024-05-28T18:08:45.909+0000] {processor.py:840} INFO - DAG(s) 'example_sla_dag' retrieved from /home/airflow/.local/lib/python3.12/site-packages/airflow/example_dags/example_sla_dag.py
[2024-05-28T18:08:45.988+0000] {logging_mixin.py:188} INFO - [2024-05-28T18:08:45.987+0000] {dag.py:3096} INFO - Sync 1 DAGs
[2024-05-28T18:08:46.084+0000] {logging_mixin.py:188} INFO - [2024-05-28T18:08:46.083+0000] {dag.py:3954} INFO - Setting next_dagrun for example_sla_dag to 2024-05-28 18:06:00+00:00, run_after=2024-05-28 18:08:00+00:00
[2024-05-28T18:08:46.153+0000] {processor.py:183} INFO - Processing /home/airflow/.local/lib/python3.12/site-packages/airflow/example_dags/example_sla_dag.py took 0.308 seconds
[2024-05-28T18:09:16.986+0000] {processor.py:161} INFO - Started process (PID=276) to work on /home/airflow/.local/lib/python3.12/site-packages/airflow/example_dags/example_sla_dag.py
[2024-05-28T18:09:16.989+0000] {processor.py:830} INFO - Processing file /home/airflow/.local/lib/python3.12/site-packages/airflow/example_dags/example_sla_dag.py for tasks to queue
[2024-05-28T18:09:16.994+0000] {logging_mixin.py:188} INFO - [2024-05-28T18:09:16.993+0000] {dagbag.py:545} INFO - Filling up the DagBag from /home/airflow/.local/lib/python3.12/site-packages/airflow/example_dags/example_sla_dag.py
[2024-05-28T18:09:17.014+0000] {processor.py:840} INFO - DAG(s) 'example_sla_dag' retrieved from /home/airflow/.local/lib/python3.12/site-packages/airflow/example_dags/example_sla_dag.py
[2024-05-28T18:09:17.062+0000] {logging_mixin.py:188} INFO - [2024-05-28T18:09:17.060+0000] {dag.py:3096} INFO - Sync 1 DAGs
[2024-05-28T18:09:17.151+0000] {logging_mixin.py:188} INFO - [2024-05-28T18:09:17.150+0000] {dag.py:3954} INFO - Setting next_dagrun for example_sla_dag to 2024-05-28 18:06:00+00:00, run_after=2024-05-28 18:08:00+00:00
[2024-05-28T18:09:17.221+0000] {processor.py:183} INFO - Processing /home/airflow/.local/lib/python3.12/site-packages/airflow/example_dags/example_sla_dag.py took 0.251 seconds
[2024-05-28T18:09:47.491+0000] {processor.py:161} INFO - Started process (PID=334) to work on /home/airflow/.local/lib/python3.12/site-packages/airflow/example_dags/example_sla_dag.py
[2024-05-28T18:09:47.495+0000] {processor.py:830} INFO - Processing file /home/airflow/.local/lib/python3.12/site-packages/airflow/example_dags/example_sla_dag.py for tasks to queue
[2024-05-28T18:09:47.524+0000] {logging_mixin.py:188} INFO - [2024-05-28T18:09:47.522+0000] {dagbag.py:545} INFO - Filling up the DagBag from /home/airflow/.local/lib/python3.12/site-packages/airflow/example_dags/example_sla_dag.py
[2024-05-28T18:09:47.616+0000] {processor.py:840} INFO - DAG(s) 'example_sla_dag' retrieved from /home/airflow/.local/lib/python3.12/site-packages/airflow/example_dags/example_sla_dag.py
[2024-05-28T18:09:47.825+0000] {logging_mixin.py:188} INFO - [2024-05-28T18:09:47.821+0000] {dag.py:3096} INFO - Sync 1 DAGs
[2024-05-28T18:09:48.066+0000] {logging_mixin.py:188} INFO - [2024-05-28T18:09:48.064+0000] {dag.py:3954} INFO - Setting next_dagrun for example_sla_dag to 2024-05-28 18:06:00+00:00, run_after=2024-05-28 18:08:00+00:00
[2024-05-28T18:09:48.279+0000] {processor.py:183} INFO - Processing /home/airflow/.local/lib/python3.12/site-packages/airflow/example_dags/example_sla_dag.py took 0.859 seconds
[2024-05-28T18:10:19.211+0000] {processor.py:161} INFO - Started process (PID=398) to work on /home/airflow/.local/lib/python3.12/site-packages/airflow/example_dags/example_sla_dag.py
[2024-05-28T18:10:19.213+0000] {processor.py:830} INFO - Processing file /home/airflow/.local/lib/python3.12/site-packages/airflow/example_dags/example_sla_dag.py for tasks to queue
[2024-05-28T18:10:19.216+0000] {logging_mixin.py:188} INFO - [2024-05-28T18:10:19.216+0000] {dagbag.py:545} INFO - Filling up the DagBag from /home/airflow/.local/lib/python3.12/site-packages/airflow/example_dags/example_sla_dag.py
[2024-05-28T18:10:19.235+0000] {processor.py:840} INFO - DAG(s) 'example_sla_dag' retrieved from /home/airflow/.local/lib/python3.12/site-packages/airflow/example_dags/example_sla_dag.py
[2024-05-28T18:10:19.284+0000] {logging_mixin.py:188} INFO - [2024-05-28T18:10:19.283+0000] {dag.py:3096} INFO - Sync 1 DAGs
[2024-05-28T18:10:19.358+0000] {logging_mixin.py:188} INFO - [2024-05-28T18:10:19.358+0000] {dag.py:3954} INFO - Setting next_dagrun for example_sla_dag to 2024-05-28 18:08:00+00:00, run_after=2024-05-28 18:10:00+00:00
[2024-05-28T18:10:19.416+0000] {processor.py:183} INFO - Processing /home/airflow/.local/lib/python3.12/site-packages/airflow/example_dags/example_sla_dag.py took 0.226 seconds
[2024-05-28T18:10:50.287+0000] {processor.py:161} INFO - Started process (PID=457) to work on /home/airflow/.local/lib/python3.12/site-packages/airflow/example_dags/example_sla_dag.py
[2024-05-28T18:10:50.290+0000] {processor.py:830} INFO - Processing file /home/airflow/.local/lib/python3.12/site-packages/airflow/example_dags/example_sla_dag.py for tasks to queue
[2024-05-28T18:10:50.294+0000] {logging_mixin.py:188} INFO - [2024-05-28T18:10:50.293+0000] {dagbag.py:545} INFO - Filling up the DagBag from /home/airflow/.local/lib/python3.12/site-packages/airflow/example_dags/example_sla_dag.py
[2024-05-28T18:10:50.314+0000] {processor.py:840} INFO - DAG(s) 'example_sla_dag' retrieved from /home/airflow/.local/lib/python3.12/site-packages/airflow/example_dags/example_sla_dag.py
[2024-05-28T18:10:50.378+0000] {logging_mixin.py:188} INFO - [2024-05-28T18:10:50.378+0000] {dag.py:3096} INFO - Sync 1 DAGs
[2024-05-28T18:10:50.466+0000] {logging_mixin.py:188} INFO - [2024-05-28T18:10:50.465+0000] {dag.py:3954} INFO - Setting next_dagrun for example_sla_dag to 2024-05-28 18:08:00+00:00, run_after=2024-05-28 18:10:00+00:00
[2024-05-28T18:10:50.527+0000] {processor.py:183} INFO - Processing /home/airflow/.local/lib/python3.12/site-packages/airflow/example_dags/example_sla_dag.py took 0.251 seconds
[2024-05-28T18:11:21.842+0000] {processor.py:161} INFO - Started process (PID=515) to work on /home/airflow/.local/lib/python3.12/site-packages/airflow/example_dags/example_sla_dag.py
[2024-05-28T18:11:21.848+0000] {processor.py:830} INFO - Processing file /home/airflow/.local/lib/python3.12/site-packages/airflow/example_dags/example_sla_dag.py for tasks to queue
[2024-05-28T18:11:21.857+0000] {logging_mixin.py:188} INFO - [2024-05-28T18:11:21.855+0000] {dagbag.py:545} INFO - Filling up the DagBag from /home/airflow/.local/lib/python3.12/site-packages/airflow/example_dags/example_sla_dag.py
[2024-05-28T18:11:21.934+0000] {processor.py:840} INFO - DAG(s) 'example_sla_dag' retrieved from /home/airflow/.local/lib/python3.12/site-packages/airflow/example_dags/example_sla_dag.py
[2024-05-28T18:11:22.098+0000] {logging_mixin.py:188} INFO - [2024-05-28T18:11:22.097+0000] {dag.py:3096} INFO - Sync 1 DAGs
[2024-05-28T18:11:22.435+0000] {logging_mixin.py:188} INFO - [2024-05-28T18:11:22.434+0000] {dag.py:3954} INFO - Setting next_dagrun for example_sla_dag to 2024-05-28 18:08:00+00:00, run_after=2024-05-28 18:10:00+00:00
[2024-05-28T18:11:22.656+0000] {processor.py:183} INFO - Processing /home/airflow/.local/lib/python3.12/site-packages/airflow/example_dags/example_sla_dag.py took 0.840 seconds
[2024-05-28T18:11:53.081+0000] {processor.py:161} INFO - Started process (PID=573) to work on /home/airflow/.local/lib/python3.12/site-packages/airflow/example_dags/example_sla_dag.py
[2024-05-28T18:11:53.083+0000] {processor.py:830} INFO - Processing file /home/airflow/.local/lib/python3.12/site-packages/airflow/example_dags/example_sla_dag.py for tasks to queue
[2024-05-28T18:11:53.088+0000] {logging_mixin.py:188} INFO - [2024-05-28T18:11:53.088+0000] {dagbag.py:545} INFO - Filling up the DagBag from /home/airflow/.local/lib/python3.12/site-packages/airflow/example_dags/example_sla_dag.py
[2024-05-28T18:11:53.109+0000] {processor.py:840} INFO - DAG(s) 'example_sla_dag' retrieved from /home/airflow/.local/lib/python3.12/site-packages/airflow/example_dags/example_sla_dag.py
[2024-05-28T18:11:53.150+0000] {logging_mixin.py:188} INFO - [2024-05-28T18:11:53.149+0000] {dag.py:3096} INFO - Sync 1 DAGs
[2024-05-28T18:11:53.211+0000] {logging_mixin.py:188} INFO - [2024-05-28T18:11:53.211+0000] {dag.py:3954} INFO - Setting next_dagrun for example_sla_dag to 2024-05-28 18:08:00+00:00, run_after=2024-05-28 18:10:00+00:00
[2024-05-28T18:11:53.260+0000] {processor.py:183} INFO - Processing /home/airflow/.local/lib/python3.12/site-packages/airflow/example_dags/example_sla_dag.py took 0.192 seconds
[2024-05-28T18:12:24.110+0000] {processor.py:161} INFO - Started process (PID=631) to work on /home/airflow/.local/lib/python3.12/site-packages/airflow/example_dags/example_sla_dag.py
[2024-05-28T18:12:24.112+0000] {processor.py:830} INFO - Processing file /home/airflow/.local/lib/python3.12/site-packages/airflow/example_dags/example_sla_dag.py for tasks to queue
[2024-05-28T18:12:24.117+0000] {logging_mixin.py:188} INFO - [2024-05-28T18:12:24.117+0000] {dagbag.py:545} INFO - Filling up the DagBag from /home/airflow/.local/lib/python3.12/site-packages/airflow/example_dags/example_sla_dag.py
[2024-05-28T18:12:24.139+0000] {processor.py:840} INFO - DAG(s) 'example_sla_dag' retrieved from /home/airflow/.local/lib/python3.12/site-packages/airflow/example_dags/example_sla_dag.py
[2024-05-28T18:12:24.182+0000] {logging_mixin.py:188} INFO - [2024-05-28T18:12:24.181+0000] {dag.py:3096} INFO - Sync 1 DAGs
[2024-05-28T18:12:24.245+0000] {logging_mixin.py:188} INFO - [2024-05-28T18:12:24.245+0000] {dag.py:3954} INFO - Setting next_dagrun for example_sla_dag to 2024-05-28 18:10:00+00:00, run_after=2024-05-28 18:12:00+00:00
[2024-05-28T18:12:24.293+0000] {processor.py:183} INFO - Processing /home/airflow/.local/lib/python3.12/site-packages/airflow/example_dags/example_sla_dag.py took 0.201 seconds
[2024-05-28T18:12:54.525+0000] {processor.py:161} INFO - Started process (PID=689) to work on /home/airflow/.local/lib/python3.12/site-packages/airflow/example_dags/example_sla_dag.py
[2024-05-28T18:12:54.530+0000] {processor.py:830} INFO - Processing file /home/airflow/.local/lib/python3.12/site-packages/airflow/example_dags/example_sla_dag.py for tasks to queue
[2024-05-28T18:12:54.540+0000] {logging_mixin.py:188} INFO - [2024-05-28T18:12:54.538+0000] {dagbag.py:545} INFO - Filling up the DagBag from /home/airflow/.local/lib/python3.12/site-packages/airflow/example_dags/example_sla_dag.py
[2024-05-28T18:12:54.602+0000] {processor.py:840} INFO - DAG(s) 'example_sla_dag' retrieved from /home/airflow/.local/lib/python3.12/site-packages/airflow/example_dags/example_sla_dag.py
[2024-05-28T18:12:54.747+0000] {logging_mixin.py:188} INFO - [2024-05-28T18:12:54.747+0000] {dag.py:3096} INFO - Sync 1 DAGs
[2024-05-28T18:12:54.830+0000] {logging_mixin.py:188} INFO - [2024-05-28T18:12:54.829+0000] {dag.py:3954} INFO - Setting next_dagrun for example_sla_dag to 2024-05-28 18:10:00+00:00, run_after=2024-05-28 18:12:00+00:00
[2024-05-28T18:12:54.879+0000] {processor.py:183} INFO - Processing /home/airflow/.local/lib/python3.12/site-packages/airflow/example_dags/example_sla_dag.py took 0.390 seconds
[2024-05-28T18:13:25.903+0000] {processor.py:161} INFO - Started process (PID=748) to work on /home/airflow/.local/lib/python3.12/site-packages/airflow/example_dags/example_sla_dag.py
[2024-05-28T18:13:25.907+0000] {processor.py:830} INFO - Processing file /home/airflow/.local/lib/python3.12/site-packages/airflow/example_dags/example_sla_dag.py for tasks to queue
[2024-05-28T18:13:25.914+0000] {logging_mixin.py:188} INFO - [2024-05-28T18:13:25.913+0000] {dagbag.py:545} INFO - Filling up the DagBag from /home/airflow/.local/lib/python3.12/site-packages/airflow/example_dags/example_sla_dag.py
[2024-05-28T18:13:25.960+0000] {processor.py:840} INFO - DAG(s) 'example_sla_dag' retrieved from /home/airflow/.local/lib/python3.12/site-packages/airflow/example_dags/example_sla_dag.py
[2024-05-28T18:13:26.033+0000] {logging_mixin.py:188} INFO - [2024-05-28T18:13:26.032+0000] {dag.py:3096} INFO - Sync 1 DAGs
[2024-05-28T18:13:26.114+0000] {logging_mixin.py:188} INFO - [2024-05-28T18:13:26.113+0000] {dag.py:3954} INFO - Setting next_dagrun for example_sla_dag to 2024-05-28 18:10:00+00:00, run_after=2024-05-28 18:12:00+00:00
[2024-05-28T18:13:26.171+0000] {processor.py:183} INFO - Processing /home/airflow/.local/lib/python3.12/site-packages/airflow/example_dags/example_sla_dag.py took 0.284 seconds
[2024-05-28T18:13:56.856+0000] {processor.py:161} INFO - Started process (PID=806) to work on /home/airflow/.local/lib/python3.12/site-packages/airflow/example_dags/example_sla_dag.py
[2024-05-28T18:13:56.860+0000] {processor.py:830} INFO - Processing file /home/airflow/.local/lib/python3.12/site-packages/airflow/example_dags/example_sla_dag.py for tasks to queue
[2024-05-28T18:13:56.882+0000] {logging_mixin.py:188} INFO - [2024-05-28T18:13:56.881+0000] {dagbag.py:545} INFO - Filling up the DagBag from /home/airflow/.local/lib/python3.12/site-packages/airflow/example_dags/example_sla_dag.py
[2024-05-28T18:13:56.928+0000] {processor.py:840} INFO - DAG(s) 'example_sla_dag' retrieved from /home/airflow/.local/lib/python3.12/site-packages/airflow/example_dags/example_sla_dag.py
[2024-05-28T18:13:57.059+0000] {logging_mixin.py:188} INFO - [2024-05-28T18:13:57.058+0000] {dag.py:3096} INFO - Sync 1 DAGs
[2024-05-28T18:13:57.223+0000] {logging_mixin.py:188} INFO - [2024-05-28T18:13:57.222+0000] {dag.py:3954} INFO - Setting next_dagrun for example_sla_dag to 2024-05-28 18:10:00+00:00, run_after=2024-05-28 18:12:00+00:00
[2024-05-28T18:13:57.320+0000] {processor.py:183} INFO - Processing /home/airflow/.local/lib/python3.12/site-packages/airflow/example_dags/example_sla_dag.py took 0.501 seconds
[2024-05-28T18:14:31.477+0000] {processor.py:161} INFO - Started process (PID=864) to work on /home/airflow/.local/lib/python3.12/site-packages/airflow/example_dags/example_sla_dag.py
[2024-05-28T18:14:31.503+0000] {processor.py:830} INFO - Processing file /home/airflow/.local/lib/python3.12/site-packages/airflow/example_dags/example_sla_dag.py for tasks to queue
[2024-05-28T18:14:31.536+0000] {logging_mixin.py:188} INFO - [2024-05-28T18:14:31.523+0000] {dagbag.py:545} INFO - Filling up the DagBag from /home/airflow/.local/lib/python3.12/site-packages/airflow/example_dags/example_sla_dag.py
[2024-05-28T18:14:31.663+0000] {processor.py:840} INFO - DAG(s) 'example_sla_dag' retrieved from /home/airflow/.local/lib/python3.12/site-packages/airflow/example_dags/example_sla_dag.py
[2024-05-28T18:14:31.906+0000] {logging_mixin.py:188} INFO - [2024-05-28T18:14:31.905+0000] {dag.py:3096} INFO - Sync 1 DAGs
[2024-05-28T18:14:32.294+0000] {logging_mixin.py:188} INFO - [2024-05-28T18:14:32.293+0000] {dag.py:3954} INFO - Setting next_dagrun for example_sla_dag to 2024-05-28 18:12:00+00:00, run_after=2024-05-28 18:14:00+00:00
[2024-05-28T18:14:32.586+0000] {processor.py:183} INFO - Processing /home/airflow/.local/lib/python3.12/site-packages/airflow/example_dags/example_sla_dag.py took 1.214 seconds
[2024-05-28T18:15:03.178+0000] {processor.py:161} INFO - Started process (PID=922) to work on /home/airflow/.local/lib/python3.12/site-packages/airflow/example_dags/example_sla_dag.py
[2024-05-28T18:15:03.181+0000] {processor.py:830} INFO - Processing file /home/airflow/.local/lib/python3.12/site-packages/airflow/example_dags/example_sla_dag.py for tasks to queue
[2024-05-28T18:15:03.188+0000] {logging_mixin.py:188} INFO - [2024-05-28T18:15:03.187+0000] {dagbag.py:545} INFO - Filling up the DagBag from /home/airflow/.local/lib/python3.12/site-packages/airflow/example_dags/example_sla_dag.py
[2024-05-28T18:15:03.255+0000] {processor.py:840} INFO - DAG(s) 'example_sla_dag' retrieved from /home/airflow/.local/lib/python3.12/site-packages/airflow/example_dags/example_sla_dag.py
[2024-05-28T18:15:03.406+0000] {logging_mixin.py:188} INFO - [2024-05-28T18:15:03.404+0000] {dag.py:3096} INFO - Sync 1 DAGs
[2024-05-28T18:15:03.648+0000] {logging_mixin.py:188} INFO - [2024-05-28T18:15:03.646+0000] {dag.py:3954} INFO - Setting next_dagrun for example_sla_dag to 2024-05-28 18:12:00+00:00, run_after=2024-05-28 18:14:00+00:00
[2024-05-28T18:15:03.785+0000] {processor.py:183} INFO - Processing /home/airflow/.local/lib/python3.12/site-packages/airflow/example_dags/example_sla_dag.py took 0.680 seconds
[2024-05-28T18:15:36.218+0000] {processor.py:161} INFO - Started process (PID=980) to work on /home/airflow/.local/lib/python3.12/site-packages/airflow/example_dags/example_sla_dag.py
[2024-05-28T18:15:36.231+0000] {processor.py:830} INFO - Processing file /home/airflow/.local/lib/python3.12/site-packages/airflow/example_dags/example_sla_dag.py for tasks to queue
[2024-05-28T18:15:36.253+0000] {logging_mixin.py:188} INFO - [2024-05-28T18:15:36.251+0000] {dagbag.py:545} INFO - Filling up the DagBag from /home/airflow/.local/lib/python3.12/site-packages/airflow/example_dags/example_sla_dag.py
[2024-05-28T18:15:36.351+0000] {processor.py:840} INFO - DAG(s) 'example_sla_dag' retrieved from /home/airflow/.local/lib/python3.12/site-packages/airflow/example_dags/example_sla_dag.py
[2024-05-28T18:15:36.627+0000] {logging_mixin.py:188} INFO - [2024-05-28T18:15:36.626+0000] {dag.py:3096} INFO - Sync 1 DAGs
[2024-05-28T18:15:37.003+0000] {logging_mixin.py:188} INFO - [2024-05-28T18:15:37.002+0000] {dag.py:3954} INFO - Setting next_dagrun for example_sla_dag to 2024-05-28 18:12:00+00:00, run_after=2024-05-28 18:14:00+00:00
[2024-05-28T18:15:37.266+0000] {processor.py:183} INFO - Processing /home/airflow/.local/lib/python3.12/site-packages/airflow/example_dags/example_sla_dag.py took 1.131 seconds
[2024-05-28T18:16:11.168+0000] {processor.py:161} INFO - Started process (PID=1037) to work on /home/airflow/.local/lib/python3.12/site-packages/airflow/example_dags/example_sla_dag.py
[2024-05-28T18:16:11.203+0000] {processor.py:830} INFO - Processing file /home/airflow/.local/lib/python3.12/site-packages/airflow/example_dags/example_sla_dag.py for tasks to queue
[2024-05-28T18:16:11.224+0000] {logging_mixin.py:188} INFO - [2024-05-28T18:16:11.222+0000] {dagbag.py:545} INFO - Filling up the DagBag from /home/airflow/.local/lib/python3.12/site-packages/airflow/example_dags/example_sla_dag.py
[2024-05-28T18:16:11.296+0000] {processor.py:840} INFO - DAG(s) 'example_sla_dag' retrieved from /home/airflow/.local/lib/python3.12/site-packages/airflow/example_dags/example_sla_dag.py
[2024-05-28T18:16:11.577+0000] {logging_mixin.py:188} INFO - [2024-05-28T18:16:11.574+0000] {dag.py:3096} INFO - Sync 1 DAGs
[2024-05-28T18:16:11.942+0000] {logging_mixin.py:188} INFO - [2024-05-28T18:16:11.942+0000] {dag.py:3954} INFO - Setting next_dagrun for example_sla_dag to 2024-05-28 18:14:00+00:00, run_after=2024-05-28 18:16:00+00:00
[2024-05-28T18:16:12.251+0000] {processor.py:183} INFO - Processing /home/airflow/.local/lib/python3.12/site-packages/airflow/example_dags/example_sla_dag.py took 1.152 seconds
[2024-05-28T18:16:43.322+0000] {processor.py:161} INFO - Started process (PID=1096) to work on /home/airflow/.local/lib/python3.12/site-packages/airflow/example_dags/example_sla_dag.py
[2024-05-28T18:16:43.350+0000] {processor.py:830} INFO - Processing file /home/airflow/.local/lib/python3.12/site-packages/airflow/example_dags/example_sla_dag.py for tasks to queue
[2024-05-28T18:16:43.375+0000] {logging_mixin.py:188} INFO - [2024-05-28T18:16:43.373+0000] {dagbag.py:545} INFO - Filling up the DagBag from /home/airflow/.local/lib/python3.12/site-packages/airflow/example_dags/example_sla_dag.py
[2024-05-28T18:16:43.486+0000] {processor.py:840} INFO - DAG(s) 'example_sla_dag' retrieved from /home/airflow/.local/lib/python3.12/site-packages/airflow/example_dags/example_sla_dag.py
[2024-05-28T18:16:43.688+0000] {logging_mixin.py:188} INFO - [2024-05-28T18:16:43.688+0000] {dag.py:3096} INFO - Sync 1 DAGs
[2024-05-28T18:16:43.968+0000] {logging_mixin.py:188} INFO - [2024-05-28T18:16:43.967+0000] {dag.py:3954} INFO - Setting next_dagrun for example_sla_dag to 2024-05-28 18:14:00+00:00, run_after=2024-05-28 18:16:00+00:00
[2024-05-28T18:16:44.057+0000] {processor.py:183} INFO - Processing /home/airflow/.local/lib/python3.12/site-packages/airflow/example_dags/example_sla_dag.py took 0.798 seconds
[2024-05-28T18:17:14.305+0000] {processor.py:161} INFO - Started process (PID=1153) to work on /home/airflow/.local/lib/python3.12/site-packages/airflow/example_dags/example_sla_dag.py
[2024-05-28T18:17:14.308+0000] {processor.py:830} INFO - Processing file /home/airflow/.local/lib/python3.12/site-packages/airflow/example_dags/example_sla_dag.py for tasks to queue
[2024-05-28T18:17:14.312+0000] {logging_mixin.py:188} INFO - [2024-05-28T18:17:14.311+0000] {dagbag.py:545} INFO - Filling up the DagBag from /home/airflow/.local/lib/python3.12/site-packages/airflow/example_dags/example_sla_dag.py
[2024-05-28T18:17:14.335+0000] {processor.py:840} INFO - DAG(s) 'example_sla_dag' retrieved from /home/airflow/.local/lib/python3.12/site-packages/airflow/example_dags/example_sla_dag.py
[2024-05-28T18:17:14.378+0000] {logging_mixin.py:188} INFO - [2024-05-28T18:17:14.377+0000] {dag.py:3096} INFO - Sync 1 DAGs
[2024-05-28T18:17:14.447+0000] {logging_mixin.py:188} INFO - [2024-05-28T18:17:14.446+0000] {dag.py:3954} INFO - Setting next_dagrun for example_sla_dag to 2024-05-28 18:14:00+00:00, run_after=2024-05-28 18:16:00+00:00
[2024-05-28T18:17:14.491+0000] {processor.py:183} INFO - Processing /home/airflow/.local/lib/python3.12/site-packages/airflow/example_dags/example_sla_dag.py took 0.200 seconds
[2024-05-28T18:17:44.798+0000] {processor.py:161} INFO - Started process (PID=1211) to work on /home/airflow/.local/lib/python3.12/site-packages/airflow/example_dags/example_sla_dag.py
[2024-05-28T18:17:44.801+0000] {processor.py:830} INFO - Processing file /home/airflow/.local/lib/python3.12/site-packages/airflow/example_dags/example_sla_dag.py for tasks to queue
[2024-05-28T18:17:44.805+0000] {logging_mixin.py:188} INFO - [2024-05-28T18:17:44.804+0000] {dagbag.py:545} INFO - Filling up the DagBag from /home/airflow/.local/lib/python3.12/site-packages/airflow/example_dags/example_sla_dag.py
[2024-05-28T18:17:44.823+0000] {processor.py:840} INFO - DAG(s) 'example_sla_dag' retrieved from /home/airflow/.local/lib/python3.12/site-packages/airflow/example_dags/example_sla_dag.py
[2024-05-28T18:17:44.867+0000] {logging_mixin.py:188} INFO - [2024-05-28T18:17:44.867+0000] {dag.py:3096} INFO - Sync 1 DAGs
[2024-05-28T18:17:44.934+0000] {logging_mixin.py:188} INFO - [2024-05-28T18:17:44.934+0000] {dag.py:3954} INFO - Setting next_dagrun for example_sla_dag to 2024-05-28 18:14:00+00:00, run_after=2024-05-28 18:16:00+00:00
[2024-05-28T18:17:45.004+0000] {processor.py:183} INFO - Processing /home/airflow/.local/lib/python3.12/site-packages/airflow/example_dags/example_sla_dag.py took 0.220 seconds
[2024-05-28T18:18:15.174+0000] {processor.py:161} INFO - Started process (PID=1269) to work on /home/airflow/.local/lib/python3.12/site-packages/airflow/example_dags/example_sla_dag.py
[2024-05-28T18:18:15.180+0000] {processor.py:830} INFO - Processing file /home/airflow/.local/lib/python3.12/site-packages/airflow/example_dags/example_sla_dag.py for tasks to queue
[2024-05-28T18:18:15.186+0000] {logging_mixin.py:188} INFO - [2024-05-28T18:18:15.185+0000] {dagbag.py:545} INFO - Filling up the DagBag from /home/airflow/.local/lib/python3.12/site-packages/airflow/example_dags/example_sla_dag.py
[2024-05-28T18:18:15.220+0000] {processor.py:840} INFO - DAG(s) 'example_sla_dag' retrieved from /home/airflow/.local/lib/python3.12/site-packages/airflow/example_dags/example_sla_dag.py
[2024-05-28T18:18:15.281+0000] {logging_mixin.py:188} INFO - [2024-05-28T18:18:15.281+0000] {dag.py:3096} INFO - Sync 1 DAGs
[2024-05-28T18:18:15.369+0000] {logging_mixin.py:188} INFO - [2024-05-28T18:18:15.369+0000] {dag.py:3954} INFO - Setting next_dagrun for example_sla_dag to 2024-05-28 18:16:00+00:00, run_after=2024-05-28 18:18:00+00:00
[2024-05-28T18:18:15.448+0000] {processor.py:183} INFO - Processing /home/airflow/.local/lib/python3.12/site-packages/airflow/example_dags/example_sla_dag.py took 0.308 seconds
[2024-05-28T18:18:45.681+0000] {processor.py:161} INFO - Started process (PID=1327) to work on /home/airflow/.local/lib/python3.12/site-packages/airflow/example_dags/example_sla_dag.py
[2024-05-28T18:18:45.684+0000] {processor.py:830} INFO - Processing file /home/airflow/.local/lib/python3.12/site-packages/airflow/example_dags/example_sla_dag.py for tasks to queue
[2024-05-28T18:18:45.702+0000] {logging_mixin.py:188} INFO - [2024-05-28T18:18:45.701+0000] {dagbag.py:545} INFO - Filling up the DagBag from /home/airflow/.local/lib/python3.12/site-packages/airflow/example_dags/example_sla_dag.py
[2024-05-28T18:18:45.732+0000] {processor.py:840} INFO - DAG(s) 'example_sla_dag' retrieved from /home/airflow/.local/lib/python3.12/site-packages/airflow/example_dags/example_sla_dag.py
[2024-05-28T18:18:45.788+0000] {logging_mixin.py:188} INFO - [2024-05-28T18:18:45.787+0000] {dag.py:3096} INFO - Sync 1 DAGs
[2024-05-28T18:18:45.837+0000] {logging_mixin.py:188} INFO - [2024-05-28T18:18:45.837+0000] {dag.py:3954} INFO - Setting next_dagrun for example_sla_dag to 2024-05-28 18:16:00+00:00, run_after=2024-05-28 18:18:00+00:00
[2024-05-28T18:18:45.880+0000] {processor.py:183} INFO - Processing /home/airflow/.local/lib/python3.12/site-packages/airflow/example_dags/example_sla_dag.py took 0.223 seconds
[2024-05-28T18:19:18.687+0000] {processor.py:161} INFO - Started process (PID=1385) to work on /home/airflow/.local/lib/python3.12/site-packages/airflow/example_dags/example_sla_dag.py
[2024-05-28T18:19:18.699+0000] {processor.py:830} INFO - Processing file /home/airflow/.local/lib/python3.12/site-packages/airflow/example_dags/example_sla_dag.py for tasks to queue
[2024-05-28T18:19:18.710+0000] {logging_mixin.py:188} INFO - [2024-05-28T18:19:18.709+0000] {dagbag.py:545} INFO - Filling up the DagBag from /home/airflow/.local/lib/python3.12/site-packages/airflow/example_dags/example_sla_dag.py
[2024-05-28T18:19:18.754+0000] {processor.py:840} INFO - DAG(s) 'example_sla_dag' retrieved from /home/airflow/.local/lib/python3.12/site-packages/airflow/example_dags/example_sla_dag.py
[2024-05-28T18:19:18.904+0000] {logging_mixin.py:188} INFO - [2024-05-28T18:19:18.904+0000] {dag.py:3096} INFO - Sync 1 DAGs
[2024-05-28T18:19:19.129+0000] {logging_mixin.py:188} INFO - [2024-05-28T18:19:19.128+0000] {dag.py:3954} INFO - Setting next_dagrun for example_sla_dag to 2024-05-28 18:16:00+00:00, run_after=2024-05-28 18:18:00+00:00
[2024-05-28T18:19:19.298+0000] {processor.py:183} INFO - Processing /home/airflow/.local/lib/python3.12/site-packages/airflow/example_dags/example_sla_dag.py took 0.650 seconds
[2024-05-28T18:19:49.598+0000] {processor.py:161} INFO - Started process (PID=1443) to work on /home/airflow/.local/lib/python3.12/site-packages/airflow/example_dags/example_sla_dag.py
[2024-05-28T18:19:49.601+0000] {processor.py:830} INFO - Processing file /home/airflow/.local/lib/python3.12/site-packages/airflow/example_dags/example_sla_dag.py for tasks to queue
[2024-05-28T18:19:49.605+0000] {logging_mixin.py:188} INFO - [2024-05-28T18:19:49.605+0000] {dagbag.py:545} INFO - Filling up the DagBag from /home/airflow/.local/lib/python3.12/site-packages/airflow/example_dags/example_sla_dag.py
[2024-05-28T18:19:49.630+0000] {processor.py:840} INFO - DAG(s) 'example_sla_dag' retrieved from /home/airflow/.local/lib/python3.12/site-packages/airflow/example_dags/example_sla_dag.py
[2024-05-28T18:19:49.681+0000] {logging_mixin.py:188} INFO - [2024-05-28T18:19:49.680+0000] {dag.py:3096} INFO - Sync 1 DAGs
[2024-05-28T18:19:49.777+0000] {logging_mixin.py:188} INFO - [2024-05-28T18:19:49.776+0000] {dag.py:3954} INFO - Setting next_dagrun for example_sla_dag to 2024-05-28 18:16:00+00:00, run_after=2024-05-28 18:18:00+00:00
[2024-05-28T18:19:49.843+0000] {processor.py:183} INFO - Processing /home/airflow/.local/lib/python3.12/site-packages/airflow/example_dags/example_sla_dag.py took 0.263 seconds
[2024-05-28T18:20:20.743+0000] {processor.py:161} INFO - Started process (PID=1502) to work on /home/airflow/.local/lib/python3.12/site-packages/airflow/example_dags/example_sla_dag.py
[2024-05-28T18:20:20.746+0000] {processor.py:830} INFO - Processing file /home/airflow/.local/lib/python3.12/site-packages/airflow/example_dags/example_sla_dag.py for tasks to queue
[2024-05-28T18:20:20.752+0000] {logging_mixin.py:188} INFO - [2024-05-28T18:20:20.751+0000] {dagbag.py:545} INFO - Filling up the DagBag from /home/airflow/.local/lib/python3.12/site-packages/airflow/example_dags/example_sla_dag.py
[2024-05-28T18:20:20.774+0000] {processor.py:840} INFO - DAG(s) 'example_sla_dag' retrieved from /home/airflow/.local/lib/python3.12/site-packages/airflow/example_dags/example_sla_dag.py
[2024-05-28T18:20:20.835+0000] {logging_mixin.py:188} INFO - [2024-05-28T18:20:20.834+0000] {dag.py:3096} INFO - Sync 1 DAGs
[2024-05-28T18:20:20.916+0000] {logging_mixin.py:188} INFO - [2024-05-28T18:20:20.915+0000] {dag.py:3954} INFO - Setting next_dagrun for example_sla_dag to 2024-05-28 18:18:00+00:00, run_after=2024-05-28 18:20:00+00:00
[2024-05-28T18:20:20.987+0000] {processor.py:183} INFO - Processing /home/airflow/.local/lib/python3.12/site-packages/airflow/example_dags/example_sla_dag.py took 0.259 seconds
[2024-05-28T18:20:56.851+0000] {processor.py:161} INFO - Started process (PID=1566) to work on /home/airflow/.local/lib/python3.12/site-packages/airflow/example_dags/example_sla_dag.py
[2024-05-28T18:20:56.861+0000] {processor.py:830} INFO - Processing file /home/airflow/.local/lib/python3.12/site-packages/airflow/example_dags/example_sla_dag.py for tasks to queue
[2024-05-28T18:20:56.870+0000] {logging_mixin.py:188} INFO - [2024-05-28T18:20:56.868+0000] {dagbag.py:545} INFO - Filling up the DagBag from /home/airflow/.local/lib/python3.12/site-packages/airflow/example_dags/example_sla_dag.py
[2024-05-28T18:20:56.918+0000] {processor.py:840} INFO - DAG(s) 'example_sla_dag' retrieved from /home/airflow/.local/lib/python3.12/site-packages/airflow/example_dags/example_sla_dag.py
[2024-05-28T18:20:57.119+0000] {logging_mixin.py:188} INFO - [2024-05-28T18:20:57.118+0000] {dag.py:3096} INFO - Sync 1 DAGs
[2024-05-28T18:20:57.309+0000] {logging_mixin.py:188} INFO - [2024-05-28T18:20:57.308+0000] {dag.py:3954} INFO - Setting next_dagrun for example_sla_dag to 2024-05-28 18:18:00+00:00, run_after=2024-05-28 18:20:00+00:00
[2024-05-28T18:20:57.500+0000] {processor.py:183} INFO - Processing /home/airflow/.local/lib/python3.12/site-packages/airflow/example_dags/example_sla_dag.py took 0.683 seconds
[2024-05-28T18:21:34.819+0000] {processor.py:161} INFO - Started process (PID=1628) to work on /home/airflow/.local/lib/python3.12/site-packages/airflow/example_dags/example_sla_dag.py
[2024-05-28T18:21:34.822+0000] {processor.py:830} INFO - Processing file /home/airflow/.local/lib/python3.12/site-packages/airflow/example_dags/example_sla_dag.py for tasks to queue
[2024-05-28T18:21:34.831+0000] {logging_mixin.py:188} INFO - [2024-05-28T18:21:34.826+0000] {dagbag.py:545} INFO - Filling up the DagBag from /home/airflow/.local/lib/python3.12/site-packages/airflow/example_dags/example_sla_dag.py
[2024-05-28T18:21:34.871+0000] {processor.py:840} INFO - DAG(s) 'example_sla_dag' retrieved from /home/airflow/.local/lib/python3.12/site-packages/airflow/example_dags/example_sla_dag.py
[2024-05-28T18:21:34.964+0000] {logging_mixin.py:188} INFO - [2024-05-28T18:21:34.963+0000] {dag.py:3096} INFO - Sync 1 DAGs
[2024-05-28T18:21:35.064+0000] {logging_mixin.py:188} INFO - [2024-05-28T18:21:35.063+0000] {dag.py:3954} INFO - Setting next_dagrun for example_sla_dag to 2024-05-28 18:18:00+00:00, run_after=2024-05-28 18:20:00+00:00
[2024-05-28T18:21:35.126+0000] {processor.py:183} INFO - Processing /home/airflow/.local/lib/python3.12/site-packages/airflow/example_dags/example_sla_dag.py took 0.325 seconds
