[2024-05-28T18:07:23.216+0000] {processor.py:161} INFO - Started process (PID=75) to work on /home/airflow/.local/lib/python3.12/site-packages/airflow/example_dags/example_display_name.py
[2024-05-28T18:07:23.271+0000] {processor.py:830} INFO - Processing file /home/airflow/.local/lib/python3.12/site-packages/airflow/example_dags/example_display_name.py for tasks to queue
[2024-05-28T18:07:23.305+0000] {logging_mixin.py:188} INFO - [2024-05-28T18:07:23.303+0000] {dagbag.py:545} INFO - Filling up the DagBag from /home/airflow/.local/lib/python3.12/site-packages/airflow/example_dags/example_display_name.py
[2024-05-28T18:07:23.381+0000] {processor.py:840} INFO - DAG(s) 'example_display_name' retrieved from /home/airflow/.local/lib/python3.12/site-packages/airflow/example_dags/example_display_name.py
[2024-05-28T18:07:24.312+0000] {logging_mixin.py:188} INFO - [2024-05-28T18:07:24.311+0000] {dag.py:3096} INFO - Sync 1 DAGs
[2024-05-28T18:07:24.356+0000] {logging_mixin.py:188} INFO - [2024-05-28T18:07:24.356+0000] {dag.py:3954} INFO - Setting next_dagrun for example_display_name to None, run_after=None
[2024-05-28T18:07:24.482+0000] {processor.py:183} INFO - Processing /home/airflow/.local/lib/python3.12/site-packages/airflow/example_dags/example_display_name.py took 1.323 seconds
[2024-05-28T18:07:54.720+0000] {processor.py:161} INFO - Started process (PID=133) to work on /home/airflow/.local/lib/python3.12/site-packages/airflow/example_dags/example_display_name.py
[2024-05-28T18:07:54.723+0000] {processor.py:830} INFO - Processing file /home/airflow/.local/lib/python3.12/site-packages/airflow/example_dags/example_display_name.py for tasks to queue
[2024-05-28T18:07:54.734+0000] {logging_mixin.py:188} INFO - [2024-05-28T18:07:54.733+0000] {dagbag.py:545} INFO - Filling up the DagBag from /home/airflow/.local/lib/python3.12/site-packages/airflow/example_dags/example_display_name.py
[2024-05-28T18:07:54.760+0000] {processor.py:840} INFO - DAG(s) 'example_display_name' retrieved from /home/airflow/.local/lib/python3.12/site-packages/airflow/example_dags/example_display_name.py
[2024-05-28T18:07:54.866+0000] {logging_mixin.py:188} INFO - [2024-05-28T18:07:54.865+0000] {dag.py:3096} INFO - Sync 1 DAGs
[2024-05-28T18:07:54.975+0000] {logging_mixin.py:188} INFO - [2024-05-28T18:07:54.974+0000] {dag.py:3954} INFO - Setting next_dagrun for example_display_name to None, run_after=None
[2024-05-28T18:07:55.092+0000] {processor.py:183} INFO - Processing /home/airflow/.local/lib/python3.12/site-packages/airflow/example_dags/example_display_name.py took 0.403 seconds
[2024-05-28T18:08:25.283+0000] {processor.py:161} INFO - Started process (PID=191) to work on /home/airflow/.local/lib/python3.12/site-packages/airflow/example_dags/example_display_name.py
[2024-05-28T18:08:25.286+0000] {processor.py:830} INFO - Processing file /home/airflow/.local/lib/python3.12/site-packages/airflow/example_dags/example_display_name.py for tasks to queue
[2024-05-28T18:08:25.293+0000] {logging_mixin.py:188} INFO - [2024-05-28T18:08:25.292+0000] {dagbag.py:545} INFO - Filling up the DagBag from /home/airflow/.local/lib/python3.12/site-packages/airflow/example_dags/example_display_name.py
[2024-05-28T18:08:25.316+0000] {processor.py:840} INFO - DAG(s) 'example_display_name' retrieved from /home/airflow/.local/lib/python3.12/site-packages/airflow/example_dags/example_display_name.py
[2024-05-28T18:08:25.366+0000] {logging_mixin.py:188} INFO - [2024-05-28T18:08:25.365+0000] {dag.py:3096} INFO - Sync 1 DAGs
[2024-05-28T18:08:25.393+0000] {logging_mixin.py:188} INFO - [2024-05-28T18:08:25.393+0000] {dag.py:3954} INFO - Setting next_dagrun for example_display_name to None, run_after=None
[2024-05-28T18:08:25.516+0000] {processor.py:183} INFO - Processing /home/airflow/.local/lib/python3.12/site-packages/airflow/example_dags/example_display_name.py took 0.258 seconds
[2024-05-28T18:08:56.219+0000] {processor.py:161} INFO - Started process (PID=249) to work on /home/airflow/.local/lib/python3.12/site-packages/airflow/example_dags/example_display_name.py
[2024-05-28T18:08:56.225+0000] {processor.py:830} INFO - Processing file /home/airflow/.local/lib/python3.12/site-packages/airflow/example_dags/example_display_name.py for tasks to queue
[2024-05-28T18:08:56.233+0000] {logging_mixin.py:188} INFO - [2024-05-28T18:08:56.231+0000] {dagbag.py:545} INFO - Filling up the DagBag from /home/airflow/.local/lib/python3.12/site-packages/airflow/example_dags/example_display_name.py
[2024-05-28T18:08:56.250+0000] {processor.py:840} INFO - DAG(s) 'example_display_name' retrieved from /home/airflow/.local/lib/python3.12/site-packages/airflow/example_dags/example_display_name.py
[2024-05-28T18:08:56.289+0000] {logging_mixin.py:188} INFO - [2024-05-28T18:08:56.288+0000] {dag.py:3096} INFO - Sync 1 DAGs
[2024-05-28T18:08:56.321+0000] {logging_mixin.py:188} INFO - [2024-05-28T18:08:56.321+0000] {dag.py:3954} INFO - Setting next_dagrun for example_display_name to None, run_after=None
[2024-05-28T18:08:56.364+0000] {processor.py:183} INFO - Processing /home/airflow/.local/lib/python3.12/site-packages/airflow/example_dags/example_display_name.py took 0.186 seconds
[2024-05-28T18:09:26.983+0000] {processor.py:161} INFO - Started process (PID=307) to work on /home/airflow/.local/lib/python3.12/site-packages/airflow/example_dags/example_display_name.py
[2024-05-28T18:09:26.986+0000] {processor.py:830} INFO - Processing file /home/airflow/.local/lib/python3.12/site-packages/airflow/example_dags/example_display_name.py for tasks to queue
[2024-05-28T18:09:26.990+0000] {logging_mixin.py:188} INFO - [2024-05-28T18:09:26.990+0000] {dagbag.py:545} INFO - Filling up the DagBag from /home/airflow/.local/lib/python3.12/site-packages/airflow/example_dags/example_display_name.py
[2024-05-28T18:09:27.005+0000] {processor.py:840} INFO - DAG(s) 'example_display_name' retrieved from /home/airflow/.local/lib/python3.12/site-packages/airflow/example_dags/example_display_name.py
[2024-05-28T18:09:27.055+0000] {logging_mixin.py:188} INFO - [2024-05-28T18:09:27.055+0000] {dag.py:3096} INFO - Sync 1 DAGs
[2024-05-28T18:09:27.093+0000] {logging_mixin.py:188} INFO - [2024-05-28T18:09:27.092+0000] {dag.py:3954} INFO - Setting next_dagrun for example_display_name to None, run_after=None
[2024-05-28T18:09:27.146+0000] {processor.py:183} INFO - Processing /home/airflow/.local/lib/python3.12/site-packages/airflow/example_dags/example_display_name.py took 0.190 seconds
[2024-05-28T18:09:57.695+0000] {processor.py:161} INFO - Started process (PID=363) to work on /home/airflow/.local/lib/python3.12/site-packages/airflow/example_dags/example_display_name.py
[2024-05-28T18:09:57.698+0000] {processor.py:830} INFO - Processing file /home/airflow/.local/lib/python3.12/site-packages/airflow/example_dags/example_display_name.py for tasks to queue
[2024-05-28T18:09:57.702+0000] {logging_mixin.py:188} INFO - [2024-05-28T18:09:57.701+0000] {dagbag.py:545} INFO - Filling up the DagBag from /home/airflow/.local/lib/python3.12/site-packages/airflow/example_dags/example_display_name.py
[2024-05-28T18:09:57.715+0000] {processor.py:840} INFO - DAG(s) 'example_display_name' retrieved from /home/airflow/.local/lib/python3.12/site-packages/airflow/example_dags/example_display_name.py
[2024-05-28T18:09:57.767+0000] {logging_mixin.py:188} INFO - [2024-05-28T18:09:57.766+0000] {dag.py:3096} INFO - Sync 1 DAGs
[2024-05-28T18:09:57.805+0000] {logging_mixin.py:188} INFO - [2024-05-28T18:09:57.804+0000] {dag.py:3954} INFO - Setting next_dagrun for example_display_name to None, run_after=None
[2024-05-28T18:09:57.861+0000] {processor.py:183} INFO - Processing /home/airflow/.local/lib/python3.12/site-packages/airflow/example_dags/example_display_name.py took 0.185 seconds
[2024-05-28T18:10:28.304+0000] {processor.py:161} INFO - Started process (PID=421) to work on /home/airflow/.local/lib/python3.12/site-packages/airflow/example_dags/example_display_name.py
[2024-05-28T18:10:28.307+0000] {processor.py:830} INFO - Processing file /home/airflow/.local/lib/python3.12/site-packages/airflow/example_dags/example_display_name.py for tasks to queue
[2024-05-28T18:10:28.326+0000] {logging_mixin.py:188} INFO - [2024-05-28T18:10:28.315+0000] {dagbag.py:545} INFO - Filling up the DagBag from /home/airflow/.local/lib/python3.12/site-packages/airflow/example_dags/example_display_name.py
[2024-05-28T18:10:28.365+0000] {processor.py:840} INFO - DAG(s) 'example_display_name' retrieved from /home/airflow/.local/lib/python3.12/site-packages/airflow/example_dags/example_display_name.py
[2024-05-28T18:10:28.434+0000] {logging_mixin.py:188} INFO - [2024-05-28T18:10:28.433+0000] {dag.py:3096} INFO - Sync 1 DAGs
[2024-05-28T18:10:28.498+0000] {logging_mixin.py:188} INFO - [2024-05-28T18:10:28.493+0000] {dag.py:3954} INFO - Setting next_dagrun for example_display_name to None, run_after=None
[2024-05-28T18:10:28.578+0000] {processor.py:183} INFO - Processing /home/airflow/.local/lib/python3.12/site-packages/airflow/example_dags/example_display_name.py took 0.297 seconds
[2024-05-28T18:10:58.699+0000] {processor.py:161} INFO - Started process (PID=479) to work on /home/airflow/.local/lib/python3.12/site-packages/airflow/example_dags/example_display_name.py
[2024-05-28T18:10:58.702+0000] {processor.py:830} INFO - Processing file /home/airflow/.local/lib/python3.12/site-packages/airflow/example_dags/example_display_name.py for tasks to queue
[2024-05-28T18:10:58.711+0000] {logging_mixin.py:188} INFO - [2024-05-28T18:10:58.709+0000] {dagbag.py:545} INFO - Filling up the DagBag from /home/airflow/.local/lib/python3.12/site-packages/airflow/example_dags/example_display_name.py
[2024-05-28T18:10:58.738+0000] {processor.py:840} INFO - DAG(s) 'example_display_name' retrieved from /home/airflow/.local/lib/python3.12/site-packages/airflow/example_dags/example_display_name.py
[2024-05-28T18:10:58.835+0000] {logging_mixin.py:188} INFO - [2024-05-28T18:10:58.835+0000] {dag.py:3096} INFO - Sync 1 DAGs
[2024-05-28T18:10:58.882+0000] {logging_mixin.py:188} INFO - [2024-05-28T18:10:58.882+0000] {dag.py:3954} INFO - Setting next_dagrun for example_display_name to None, run_after=None
[2024-05-28T18:10:58.948+0000] {processor.py:183} INFO - Processing /home/airflow/.local/lib/python3.12/site-packages/airflow/example_dags/example_display_name.py took 0.272 seconds
[2024-05-28T18:11:36.274+0000] {processor.py:161} INFO - Started process (PID=537) to work on /home/airflow/.local/lib/python3.12/site-packages/airflow/example_dags/example_display_name.py
[2024-05-28T18:11:36.279+0000] {processor.py:830} INFO - Processing file /home/airflow/.local/lib/python3.12/site-packages/airflow/example_dags/example_display_name.py for tasks to queue
[2024-05-28T18:11:36.287+0000] {logging_mixin.py:188} INFO - [2024-05-28T18:11:36.286+0000] {dagbag.py:545} INFO - Filling up the DagBag from /home/airflow/.local/lib/python3.12/site-packages/airflow/example_dags/example_display_name.py
[2024-05-28T18:11:36.324+0000] {processor.py:840} INFO - DAG(s) 'example_display_name' retrieved from /home/airflow/.local/lib/python3.12/site-packages/airflow/example_dags/example_display_name.py
[2024-05-28T18:11:36.472+0000] {logging_mixin.py:188} INFO - [2024-05-28T18:11:36.471+0000] {dag.py:3096} INFO - Sync 1 DAGs
[2024-05-28T18:11:36.593+0000] {logging_mixin.py:188} INFO - [2024-05-28T18:11:36.592+0000] {dag.py:3954} INFO - Setting next_dagrun for example_display_name to None, run_after=None
[2024-05-28T18:11:36.723+0000] {processor.py:183} INFO - Processing /home/airflow/.local/lib/python3.12/site-packages/airflow/example_dags/example_display_name.py took 0.476 seconds
[2024-05-28T18:12:06.963+0000] {processor.py:161} INFO - Started process (PID=595) to work on /home/airflow/.local/lib/python3.12/site-packages/airflow/example_dags/example_display_name.py
[2024-05-28T18:12:06.966+0000] {processor.py:830} INFO - Processing file /home/airflow/.local/lib/python3.12/site-packages/airflow/example_dags/example_display_name.py for tasks to queue
[2024-05-28T18:12:06.971+0000] {logging_mixin.py:188} INFO - [2024-05-28T18:12:06.970+0000] {dagbag.py:545} INFO - Filling up the DagBag from /home/airflow/.local/lib/python3.12/site-packages/airflow/example_dags/example_display_name.py
[2024-05-28T18:12:06.988+0000] {processor.py:840} INFO - DAG(s) 'example_display_name' retrieved from /home/airflow/.local/lib/python3.12/site-packages/airflow/example_dags/example_display_name.py
[2024-05-28T18:12:07.052+0000] {logging_mixin.py:188} INFO - [2024-05-28T18:12:07.051+0000] {dag.py:3096} INFO - Sync 1 DAGs
[2024-05-28T18:12:07.097+0000] {logging_mixin.py:188} INFO - [2024-05-28T18:12:07.096+0000] {dag.py:3954} INFO - Setting next_dagrun for example_display_name to None, run_after=None
[2024-05-28T18:12:07.170+0000] {processor.py:183} INFO - Processing /home/airflow/.local/lib/python3.12/site-packages/airflow/example_dags/example_display_name.py took 0.230 seconds
[2024-05-28T18:12:38.328+0000] {processor.py:161} INFO - Started process (PID=652) to work on /home/airflow/.local/lib/python3.12/site-packages/airflow/example_dags/example_display_name.py
[2024-05-28T18:12:38.331+0000] {processor.py:830} INFO - Processing file /home/airflow/.local/lib/python3.12/site-packages/airflow/example_dags/example_display_name.py for tasks to queue
[2024-05-28T18:12:38.336+0000] {logging_mixin.py:188} INFO - [2024-05-28T18:12:38.335+0000] {dagbag.py:545} INFO - Filling up the DagBag from /home/airflow/.local/lib/python3.12/site-packages/airflow/example_dags/example_display_name.py
[2024-05-28T18:12:38.349+0000] {processor.py:840} INFO - DAG(s) 'example_display_name' retrieved from /home/airflow/.local/lib/python3.12/site-packages/airflow/example_dags/example_display_name.py
[2024-05-28T18:12:38.398+0000] {logging_mixin.py:188} INFO - [2024-05-28T18:12:38.398+0000] {dag.py:3096} INFO - Sync 1 DAGs
[2024-05-28T18:12:38.432+0000] {logging_mixin.py:188} INFO - [2024-05-28T18:12:38.431+0000] {dag.py:3954} INFO - Setting next_dagrun for example_display_name to None, run_after=None
[2024-05-28T18:12:38.504+0000] {processor.py:183} INFO - Processing /home/airflow/.local/lib/python3.12/site-packages/airflow/example_dags/example_display_name.py took 0.194 seconds
[2024-05-28T18:13:09.148+0000] {processor.py:161} INFO - Started process (PID=710) to work on /home/airflow/.local/lib/python3.12/site-packages/airflow/example_dags/example_display_name.py
[2024-05-28T18:13:09.150+0000] {processor.py:830} INFO - Processing file /home/airflow/.local/lib/python3.12/site-packages/airflow/example_dags/example_display_name.py for tasks to queue
[2024-05-28T18:13:09.155+0000] {logging_mixin.py:188} INFO - [2024-05-28T18:13:09.155+0000] {dagbag.py:545} INFO - Filling up the DagBag from /home/airflow/.local/lib/python3.12/site-packages/airflow/example_dags/example_display_name.py
[2024-05-28T18:13:09.168+0000] {processor.py:840} INFO - DAG(s) 'example_display_name' retrieved from /home/airflow/.local/lib/python3.12/site-packages/airflow/example_dags/example_display_name.py
[2024-05-28T18:13:09.219+0000] {logging_mixin.py:188} INFO - [2024-05-28T18:13:09.218+0000] {dag.py:3096} INFO - Sync 1 DAGs
[2024-05-28T18:13:09.257+0000] {logging_mixin.py:188} INFO - [2024-05-28T18:13:09.256+0000] {dag.py:3954} INFO - Setting next_dagrun for example_display_name to None, run_after=None
[2024-05-28T18:13:09.305+0000] {processor.py:183} INFO - Processing /home/airflow/.local/lib/python3.12/site-packages/airflow/example_dags/example_display_name.py took 0.175 seconds
[2024-05-28T18:13:41.363+0000] {processor.py:161} INFO - Started process (PID=769) to work on /home/airflow/.local/lib/python3.12/site-packages/airflow/example_dags/example_display_name.py
[2024-05-28T18:13:41.366+0000] {processor.py:830} INFO - Processing file /home/airflow/.local/lib/python3.12/site-packages/airflow/example_dags/example_display_name.py for tasks to queue
[2024-05-28T18:13:41.371+0000] {logging_mixin.py:188} INFO - [2024-05-28T18:13:41.370+0000] {dagbag.py:545} INFO - Filling up the DagBag from /home/airflow/.local/lib/python3.12/site-packages/airflow/example_dags/example_display_name.py
[2024-05-28T18:13:41.395+0000] {processor.py:840} INFO - DAG(s) 'example_display_name' retrieved from /home/airflow/.local/lib/python3.12/site-packages/airflow/example_dags/example_display_name.py
[2024-05-28T18:13:41.486+0000] {logging_mixin.py:188} INFO - [2024-05-28T18:13:41.481+0000] {dag.py:3096} INFO - Sync 1 DAGs
[2024-05-28T18:13:41.579+0000] {logging_mixin.py:188} INFO - [2024-05-28T18:13:41.578+0000] {dag.py:3954} INFO - Setting next_dagrun for example_display_name to None, run_after=None
[2024-05-28T18:13:41.629+0000] {processor.py:183} INFO - Processing /home/airflow/.local/lib/python3.12/site-packages/airflow/example_dags/example_display_name.py took 0.295 seconds
[2024-05-28T18:14:13.570+0000] {processor.py:161} INFO - Started process (PID=827) to work on /home/airflow/.local/lib/python3.12/site-packages/airflow/example_dags/example_display_name.py
[2024-05-28T18:14:13.584+0000] {processor.py:830} INFO - Processing file /home/airflow/.local/lib/python3.12/site-packages/airflow/example_dags/example_display_name.py for tasks to queue
[2024-05-28T18:14:13.592+0000] {logging_mixin.py:188} INFO - [2024-05-28T18:14:13.591+0000] {dagbag.py:545} INFO - Filling up the DagBag from /home/airflow/.local/lib/python3.12/site-packages/airflow/example_dags/example_display_name.py
[2024-05-28T18:14:13.641+0000] {processor.py:840} INFO - DAG(s) 'example_display_name' retrieved from /home/airflow/.local/lib/python3.12/site-packages/airflow/example_dags/example_display_name.py
[2024-05-28T18:14:13.803+0000] {logging_mixin.py:188} INFO - [2024-05-28T18:14:13.802+0000] {dag.py:3096} INFO - Sync 1 DAGs
[2024-05-28T18:14:13.901+0000] {logging_mixin.py:188} INFO - [2024-05-28T18:14:13.899+0000] {dag.py:3954} INFO - Setting next_dagrun for example_display_name to None, run_after=None
[2024-05-28T18:14:14.067+0000] {processor.py:183} INFO - Processing /home/airflow/.local/lib/python3.12/site-packages/airflow/example_dags/example_display_name.py took 0.541 seconds
[2024-05-28T18:14:46.081+0000] {processor.py:161} INFO - Started process (PID=885) to work on /home/airflow/.local/lib/python3.12/site-packages/airflow/example_dags/example_display_name.py
[2024-05-28T18:14:46.100+0000] {processor.py:830} INFO - Processing file /home/airflow/.local/lib/python3.12/site-packages/airflow/example_dags/example_display_name.py for tasks to queue
[2024-05-28T18:14:46.117+0000] {logging_mixin.py:188} INFO - [2024-05-28T18:14:46.113+0000] {dagbag.py:545} INFO - Filling up the DagBag from /home/airflow/.local/lib/python3.12/site-packages/airflow/example_dags/example_display_name.py
[2024-05-28T18:14:46.342+0000] {processor.py:840} INFO - DAG(s) 'example_display_name' retrieved from /home/airflow/.local/lib/python3.12/site-packages/airflow/example_dags/example_display_name.py
[2024-05-28T18:14:46.532+0000] {logging_mixin.py:188} INFO - [2024-05-28T18:14:46.531+0000] {dag.py:3096} INFO - Sync 1 DAGs
[2024-05-28T18:14:46.659+0000] {logging_mixin.py:188} INFO - [2024-05-28T18:14:46.658+0000] {dag.py:3954} INFO - Setting next_dagrun for example_display_name to None, run_after=None
[2024-05-28T18:14:46.799+0000] {processor.py:183} INFO - Processing /home/airflow/.local/lib/python3.12/site-packages/airflow/example_dags/example_display_name.py took 0.765 seconds
[2024-05-28T18:15:18.988+0000] {processor.py:161} INFO - Started process (PID=943) to work on /home/airflow/.local/lib/python3.12/site-packages/airflow/example_dags/example_display_name.py
[2024-05-28T18:15:19.003+0000] {processor.py:830} INFO - Processing file /home/airflow/.local/lib/python3.12/site-packages/airflow/example_dags/example_display_name.py for tasks to queue
[2024-05-28T18:15:19.022+0000] {logging_mixin.py:188} INFO - [2024-05-28T18:15:19.020+0000] {dagbag.py:545} INFO - Filling up the DagBag from /home/airflow/.local/lib/python3.12/site-packages/airflow/example_dags/example_display_name.py
[2024-05-28T18:15:19.077+0000] {processor.py:840} INFO - DAG(s) 'example_display_name' retrieved from /home/airflow/.local/lib/python3.12/site-packages/airflow/example_dags/example_display_name.py
[2024-05-28T18:15:19.293+0000] {logging_mixin.py:188} INFO - [2024-05-28T18:15:19.292+0000] {dag.py:3096} INFO - Sync 1 DAGs
[2024-05-28T18:15:19.516+0000] {logging_mixin.py:188} INFO - [2024-05-28T18:15:19.502+0000] {dag.py:3954} INFO - Setting next_dagrun for example_display_name to None, run_after=None
[2024-05-28T18:15:19.741+0000] {processor.py:183} INFO - Processing /home/airflow/.local/lib/python3.12/site-packages/airflow/example_dags/example_display_name.py took 0.795 seconds
[2024-05-28T18:15:50.235+0000] {processor.py:161} INFO - Started process (PID=1001) to work on /home/airflow/.local/lib/python3.12/site-packages/airflow/example_dags/example_display_name.py
[2024-05-28T18:15:50.239+0000] {processor.py:830} INFO - Processing file /home/airflow/.local/lib/python3.12/site-packages/airflow/example_dags/example_display_name.py for tasks to queue
[2024-05-28T18:15:50.257+0000] {logging_mixin.py:188} INFO - [2024-05-28T18:15:50.254+0000] {dagbag.py:545} INFO - Filling up the DagBag from /home/airflow/.local/lib/python3.12/site-packages/airflow/example_dags/example_display_name.py
[2024-05-28T18:15:50.354+0000] {processor.py:840} INFO - DAG(s) 'example_display_name' retrieved from /home/airflow/.local/lib/python3.12/site-packages/airflow/example_dags/example_display_name.py
[2024-05-28T18:15:50.497+0000] {logging_mixin.py:188} INFO - [2024-05-28T18:15:50.496+0000] {dag.py:3096} INFO - Sync 1 DAGs
[2024-05-28T18:15:50.615+0000] {logging_mixin.py:188} INFO - [2024-05-28T18:15:50.614+0000] {dag.py:3954} INFO - Setting next_dagrun for example_display_name to None, run_after=None
[2024-05-28T18:15:50.828+0000] {processor.py:183} INFO - Processing /home/airflow/.local/lib/python3.12/site-packages/airflow/example_dags/example_display_name.py took 0.661 seconds
[2024-05-28T18:16:24.920+0000] {processor.py:161} INFO - Started process (PID=1065) to work on /home/airflow/.local/lib/python3.12/site-packages/airflow/example_dags/example_display_name.py
[2024-05-28T18:16:24.935+0000] {processor.py:830} INFO - Processing file /home/airflow/.local/lib/python3.12/site-packages/airflow/example_dags/example_display_name.py for tasks to queue
[2024-05-28T18:16:24.942+0000] {logging_mixin.py:188} INFO - [2024-05-28T18:16:24.941+0000] {dagbag.py:545} INFO - Filling up the DagBag from /home/airflow/.local/lib/python3.12/site-packages/airflow/example_dags/example_display_name.py
[2024-05-28T18:16:24.972+0000] {processor.py:840} INFO - DAG(s) 'example_display_name' retrieved from /home/airflow/.local/lib/python3.12/site-packages/airflow/example_dags/example_display_name.py
[2024-05-28T18:16:25.098+0000] {logging_mixin.py:188} INFO - [2024-05-28T18:16:25.097+0000] {dag.py:3096} INFO - Sync 1 DAGs
[2024-05-28T18:16:25.263+0000] {logging_mixin.py:188} INFO - [2024-05-28T18:16:25.256+0000] {dag.py:3954} INFO - Setting next_dagrun for example_display_name to None, run_after=None
[2024-05-28T18:16:25.532+0000] {processor.py:183} INFO - Processing /home/airflow/.local/lib/python3.12/site-packages/airflow/example_dags/example_display_name.py took 0.669 seconds
[2024-05-28T18:16:56.093+0000] {processor.py:161} INFO - Started process (PID=1122) to work on /home/airflow/.local/lib/python3.12/site-packages/airflow/example_dags/example_display_name.py
[2024-05-28T18:16:56.097+0000] {processor.py:830} INFO - Processing file /home/airflow/.local/lib/python3.12/site-packages/airflow/example_dags/example_display_name.py for tasks to queue
[2024-05-28T18:16:56.109+0000] {logging_mixin.py:188} INFO - [2024-05-28T18:16:56.107+0000] {dagbag.py:545} INFO - Filling up the DagBag from /home/airflow/.local/lib/python3.12/site-packages/airflow/example_dags/example_display_name.py
[2024-05-28T18:16:56.130+0000] {processor.py:840} INFO - DAG(s) 'example_display_name' retrieved from /home/airflow/.local/lib/python3.12/site-packages/airflow/example_dags/example_display_name.py
[2024-05-28T18:16:56.259+0000] {logging_mixin.py:188} INFO - [2024-05-28T18:16:56.256+0000] {dag.py:3096} INFO - Sync 1 DAGs
[2024-05-28T18:16:56.361+0000] {logging_mixin.py:188} INFO - [2024-05-28T18:16:56.355+0000] {dag.py:3954} INFO - Setting next_dagrun for example_display_name to None, run_after=None
[2024-05-28T18:16:56.482+0000] {processor.py:183} INFO - Processing /home/airflow/.local/lib/python3.12/site-packages/airflow/example_dags/example_display_name.py took 0.427 seconds
[2024-05-28T18:17:27.414+0000] {processor.py:161} INFO - Started process (PID=1180) to work on /home/airflow/.local/lib/python3.12/site-packages/airflow/example_dags/example_display_name.py
[2024-05-28T18:17:27.419+0000] {processor.py:830} INFO - Processing file /home/airflow/.local/lib/python3.12/site-packages/airflow/example_dags/example_display_name.py for tasks to queue
[2024-05-28T18:17:27.429+0000] {logging_mixin.py:188} INFO - [2024-05-28T18:17:27.428+0000] {dagbag.py:545} INFO - Filling up the DagBag from /home/airflow/.local/lib/python3.12/site-packages/airflow/example_dags/example_display_name.py
[2024-05-28T18:17:27.460+0000] {processor.py:840} INFO - DAG(s) 'example_display_name' retrieved from /home/airflow/.local/lib/python3.12/site-packages/airflow/example_dags/example_display_name.py
[2024-05-28T18:17:27.560+0000] {logging_mixin.py:188} INFO - [2024-05-28T18:17:27.558+0000] {dag.py:3096} INFO - Sync 1 DAGs
[2024-05-28T18:17:27.635+0000] {logging_mixin.py:188} INFO - [2024-05-28T18:17:27.633+0000] {dag.py:3954} INFO - Setting next_dagrun for example_display_name to None, run_after=None
[2024-05-28T18:17:27.731+0000] {processor.py:183} INFO - Processing /home/airflow/.local/lib/python3.12/site-packages/airflow/example_dags/example_display_name.py took 0.355 seconds
[2024-05-28T18:18:00.018+0000] {processor.py:161} INFO - Started process (PID=1238) to work on /home/airflow/.local/lib/python3.12/site-packages/airflow/example_dags/example_display_name.py
[2024-05-28T18:18:00.039+0000] {processor.py:830} INFO - Processing file /home/airflow/.local/lib/python3.12/site-packages/airflow/example_dags/example_display_name.py for tasks to queue
[2024-05-28T18:18:00.049+0000] {logging_mixin.py:188} INFO - [2024-05-28T18:18:00.048+0000] {dagbag.py:545} INFO - Filling up the DagBag from /home/airflow/.local/lib/python3.12/site-packages/airflow/example_dags/example_display_name.py
[2024-05-28T18:18:00.127+0000] {processor.py:840} INFO - DAG(s) 'example_display_name' retrieved from /home/airflow/.local/lib/python3.12/site-packages/airflow/example_dags/example_display_name.py
[2024-05-28T18:18:00.227+0000] {logging_mixin.py:188} INFO - [2024-05-28T18:18:00.226+0000] {dag.py:3096} INFO - Sync 1 DAGs
[2024-05-28T18:18:00.306+0000] {logging_mixin.py:188} INFO - [2024-05-28T18:18:00.305+0000] {dag.py:3954} INFO - Setting next_dagrun for example_display_name to None, run_after=None
[2024-05-28T18:18:00.403+0000] {processor.py:183} INFO - Processing /home/airflow/.local/lib/python3.12/site-packages/airflow/example_dags/example_display_name.py took 0.435 seconds
[2024-05-28T18:18:30.597+0000] {processor.py:161} INFO - Started process (PID=1296) to work on /home/airflow/.local/lib/python3.12/site-packages/airflow/example_dags/example_display_name.py
[2024-05-28T18:18:30.599+0000] {processor.py:830} INFO - Processing file /home/airflow/.local/lib/python3.12/site-packages/airflow/example_dags/example_display_name.py for tasks to queue
[2024-05-28T18:18:30.603+0000] {logging_mixin.py:188} INFO - [2024-05-28T18:18:30.603+0000] {dagbag.py:545} INFO - Filling up the DagBag from /home/airflow/.local/lib/python3.12/site-packages/airflow/example_dags/example_display_name.py
[2024-05-28T18:18:30.620+0000] {processor.py:840} INFO - DAG(s) 'example_display_name' retrieved from /home/airflow/.local/lib/python3.12/site-packages/airflow/example_dags/example_display_name.py
[2024-05-28T18:18:30.690+0000] {logging_mixin.py:188} INFO - [2024-05-28T18:18:30.687+0000] {dag.py:3096} INFO - Sync 1 DAGs
[2024-05-28T18:18:30.732+0000] {logging_mixin.py:188} INFO - [2024-05-28T18:18:30.731+0000] {dag.py:3954} INFO - Setting next_dagrun for example_display_name to None, run_after=None
[2024-05-28T18:18:30.785+0000] {processor.py:183} INFO - Processing /home/airflow/.local/lib/python3.12/site-packages/airflow/example_dags/example_display_name.py took 0.212 seconds
[2024-05-28T18:19:01.400+0000] {processor.py:161} INFO - Started process (PID=1353) to work on /home/airflow/.local/lib/python3.12/site-packages/airflow/example_dags/example_display_name.py
[2024-05-28T18:19:01.405+0000] {processor.py:830} INFO - Processing file /home/airflow/.local/lib/python3.12/site-packages/airflow/example_dags/example_display_name.py for tasks to queue
[2024-05-28T18:19:01.411+0000] {logging_mixin.py:188} INFO - [2024-05-28T18:19:01.410+0000] {dagbag.py:545} INFO - Filling up the DagBag from /home/airflow/.local/lib/python3.12/site-packages/airflow/example_dags/example_display_name.py
[2024-05-28T18:19:01.444+0000] {processor.py:840} INFO - DAG(s) 'example_display_name' retrieved from /home/airflow/.local/lib/python3.12/site-packages/airflow/example_dags/example_display_name.py
[2024-05-28T18:19:01.509+0000] {logging_mixin.py:188} INFO - [2024-05-28T18:19:01.509+0000] {dag.py:3096} INFO - Sync 1 DAGs
[2024-05-28T18:19:01.563+0000] {logging_mixin.py:188} INFO - [2024-05-28T18:19:01.562+0000] {dag.py:3954} INFO - Setting next_dagrun for example_display_name to None, run_after=None
[2024-05-28T18:19:01.637+0000] {processor.py:183} INFO - Processing /home/airflow/.local/lib/python3.12/site-packages/airflow/example_dags/example_display_name.py took 0.263 seconds
[2024-05-28T18:19:32.092+0000] {processor.py:161} INFO - Started process (PID=1409) to work on /home/airflow/.local/lib/python3.12/site-packages/airflow/example_dags/example_display_name.py
[2024-05-28T18:19:32.094+0000] {processor.py:830} INFO - Processing file /home/airflow/.local/lib/python3.12/site-packages/airflow/example_dags/example_display_name.py for tasks to queue
[2024-05-28T18:19:32.098+0000] {logging_mixin.py:188} INFO - [2024-05-28T18:19:32.098+0000] {dagbag.py:545} INFO - Filling up the DagBag from /home/airflow/.local/lib/python3.12/site-packages/airflow/example_dags/example_display_name.py
[2024-05-28T18:19:32.109+0000] {processor.py:840} INFO - DAG(s) 'example_display_name' retrieved from /home/airflow/.local/lib/python3.12/site-packages/airflow/example_dags/example_display_name.py
[2024-05-28T18:19:32.153+0000] {logging_mixin.py:188} INFO - [2024-05-28T18:19:32.153+0000] {dag.py:3096} INFO - Sync 1 DAGs
[2024-05-28T18:19:32.187+0000] {logging_mixin.py:188} INFO - [2024-05-28T18:19:32.186+0000] {dag.py:3954} INFO - Setting next_dagrun for example_display_name to None, run_after=None
[2024-05-28T18:19:32.234+0000] {processor.py:183} INFO - Processing /home/airflow/.local/lib/python3.12/site-packages/airflow/example_dags/example_display_name.py took 0.165 seconds
[2024-05-28T18:20:02.639+0000] {processor.py:161} INFO - Started process (PID=1468) to work on /home/airflow/.local/lib/python3.12/site-packages/airflow/example_dags/example_display_name.py
[2024-05-28T18:20:02.652+0000] {processor.py:830} INFO - Processing file /home/airflow/.local/lib/python3.12/site-packages/airflow/example_dags/example_display_name.py for tasks to queue
[2024-05-28T18:20:02.660+0000] {logging_mixin.py:188} INFO - [2024-05-28T18:20:02.659+0000] {dagbag.py:545} INFO - Filling up the DagBag from /home/airflow/.local/lib/python3.12/site-packages/airflow/example_dags/example_display_name.py
[2024-05-28T18:20:02.710+0000] {processor.py:840} INFO - DAG(s) 'example_display_name' retrieved from /home/airflow/.local/lib/python3.12/site-packages/airflow/example_dags/example_display_name.py
[2024-05-28T18:20:02.847+0000] {logging_mixin.py:188} INFO - [2024-05-28T18:20:02.845+0000] {dag.py:3096} INFO - Sync 1 DAGs
[2024-05-28T18:20:02.912+0000] {logging_mixin.py:188} INFO - [2024-05-28T18:20:02.911+0000] {dag.py:3954} INFO - Setting next_dagrun for example_display_name to None, run_after=None
[2024-05-28T18:20:03.042+0000] {processor.py:183} INFO - Processing /home/airflow/.local/lib/python3.12/site-packages/airflow/example_dags/example_display_name.py took 0.450 seconds
[2024-05-28T18:20:34.196+0000] {processor.py:161} INFO - Started process (PID=1526) to work on /home/airflow/.local/lib/python3.12/site-packages/airflow/example_dags/example_display_name.py
[2024-05-28T18:20:34.199+0000] {processor.py:830} INFO - Processing file /home/airflow/.local/lib/python3.12/site-packages/airflow/example_dags/example_display_name.py for tasks to queue
[2024-05-28T18:20:34.216+0000] {logging_mixin.py:188} INFO - [2024-05-28T18:20:34.215+0000] {dagbag.py:545} INFO - Filling up the DagBag from /home/airflow/.local/lib/python3.12/site-packages/airflow/example_dags/example_display_name.py
[2024-05-28T18:20:34.251+0000] {processor.py:840} INFO - DAG(s) 'example_display_name' retrieved from /home/airflow/.local/lib/python3.12/site-packages/airflow/example_dags/example_display_name.py
[2024-05-28T18:20:34.435+0000] {logging_mixin.py:188} INFO - [2024-05-28T18:20:34.433+0000] {dag.py:3096} INFO - Sync 1 DAGs
[2024-05-28T18:20:34.549+0000] {logging_mixin.py:188} INFO - [2024-05-28T18:20:34.548+0000] {dag.py:3954} INFO - Setting next_dagrun for example_display_name to None, run_after=None
[2024-05-28T18:20:34.731+0000] {processor.py:183} INFO - Processing /home/airflow/.local/lib/python3.12/site-packages/airflow/example_dags/example_display_name.py took 0.576 seconds
[2024-05-28T18:21:05.052+0000] {processor.py:161} INFO - Started process (PID=1584) to work on /home/airflow/.local/lib/python3.12/site-packages/airflow/example_dags/example_display_name.py
[2024-05-28T18:21:05.056+0000] {processor.py:830} INFO - Processing file /home/airflow/.local/lib/python3.12/site-packages/airflow/example_dags/example_display_name.py for tasks to queue
[2024-05-28T18:21:05.062+0000] {logging_mixin.py:188} INFO - [2024-05-28T18:21:05.061+0000] {dagbag.py:545} INFO - Filling up the DagBag from /home/airflow/.local/lib/python3.12/site-packages/airflow/example_dags/example_display_name.py
[2024-05-28T18:21:05.088+0000] {processor.py:840} INFO - DAG(s) 'example_display_name' retrieved from /home/airflow/.local/lib/python3.12/site-packages/airflow/example_dags/example_display_name.py
[2024-05-28T18:21:05.146+0000] {logging_mixin.py:188} INFO - [2024-05-28T18:21:05.146+0000] {dag.py:3096} INFO - Sync 1 DAGs
[2024-05-28T18:21:05.174+0000] {logging_mixin.py:188} INFO - [2024-05-28T18:21:05.174+0000] {dag.py:3954} INFO - Setting next_dagrun for example_display_name to None, run_after=None
[2024-05-28T18:21:05.254+0000] {processor.py:183} INFO - Processing /home/airflow/.local/lib/python3.12/site-packages/airflow/example_dags/example_display_name.py took 0.222 seconds
[2024-05-28T18:21:39.772+0000] {processor.py:161} INFO - Started process (PID=1641) to work on /home/airflow/.local/lib/python3.12/site-packages/airflow/example_dags/example_display_name.py
[2024-05-28T18:21:39.776+0000] {processor.py:830} INFO - Processing file /home/airflow/.local/lib/python3.12/site-packages/airflow/example_dags/example_display_name.py for tasks to queue
[2024-05-28T18:21:39.794+0000] {logging_mixin.py:188} INFO - [2024-05-28T18:21:39.792+0000] {dagbag.py:545} INFO - Filling up the DagBag from /home/airflow/.local/lib/python3.12/site-packages/airflow/example_dags/example_display_name.py
[2024-05-28T18:21:39.838+0000] {processor.py:840} INFO - DAG(s) 'example_display_name' retrieved from /home/airflow/.local/lib/python3.12/site-packages/airflow/example_dags/example_display_name.py
[2024-05-28T18:21:39.995+0000] {logging_mixin.py:188} INFO - [2024-05-28T18:21:39.993+0000] {dag.py:3096} INFO - Sync 1 DAGs
[2024-05-28T18:21:40.113+0000] {logging_mixin.py:188} INFO - [2024-05-28T18:21:40.110+0000] {dag.py:3954} INFO - Setting next_dagrun for example_display_name to None, run_after=None
[2024-05-28T18:21:40.260+0000] {processor.py:183} INFO - Processing /home/airflow/.local/lib/python3.12/site-packages/airflow/example_dags/example_display_name.py took 0.528 seconds
