[2024-05-28T18:07:28.795+0000] {processor.py:161} INFO - Started process (PID=85) to work on /home/airflow/.local/lib/python3.12/site-packages/airflow/example_dags/example_kubernetes_executor.py
[2024-05-28T18:07:28.798+0000] {processor.py:830} INFO - Processing file /home/airflow/.local/lib/python3.12/site-packages/airflow/example_dags/example_kubernetes_executor.py for tasks to queue
[2024-05-28T18:07:28.803+0000] {logging_mixin.py:188} INFO - [2024-05-28T18:07:28.802+0000] {dagbag.py:545} INFO - Filling up the DagBag from /home/airflow/.local/lib/python3.12/site-packages/airflow/example_dags/example_kubernetes_executor.py
[2024-05-28T18:07:28.877+0000] {processor.py:840} INFO - DAG(s) 'example_kubernetes_executor' retrieved from /home/airflow/.local/lib/python3.12/site-packages/airflow/example_dags/example_kubernetes_executor.py
[2024-05-28T18:07:29.549+0000] {logging_mixin.py:188} INFO - [2024-05-28T18:07:29.549+0000] {dag.py:3096} INFO - Sync 1 DAGs
[2024-05-28T18:07:29.585+0000] {logging_mixin.py:188} INFO - [2024-05-28T18:07:29.585+0000] {dag.py:3954} INFO - Setting next_dagrun for example_kubernetes_executor to None, run_after=None
[2024-05-28T18:07:29.658+0000] {processor.py:183} INFO - Processing /home/airflow/.local/lib/python3.12/site-packages/airflow/example_dags/example_kubernetes_executor.py took 0.894 seconds
[2024-05-28T18:08:01.247+0000] {processor.py:161} INFO - Started process (PID=143) to work on /home/airflow/.local/lib/python3.12/site-packages/airflow/example_dags/example_kubernetes_executor.py
[2024-05-28T18:08:01.251+0000] {processor.py:830} INFO - Processing file /home/airflow/.local/lib/python3.12/site-packages/airflow/example_dags/example_kubernetes_executor.py for tasks to queue
[2024-05-28T18:08:01.272+0000] {logging_mixin.py:188} INFO - [2024-05-28T18:08:01.271+0000] {dagbag.py:545} INFO - Filling up the DagBag from /home/airflow/.local/lib/python3.12/site-packages/airflow/example_dags/example_kubernetes_executor.py
[2024-05-28T18:08:01.471+0000] {processor.py:840} INFO - DAG(s) 'example_kubernetes_executor' retrieved from /home/airflow/.local/lib/python3.12/site-packages/airflow/example_dags/example_kubernetes_executor.py
[2024-05-28T18:08:01.703+0000] {logging_mixin.py:188} INFO - [2024-05-28T18:08:01.702+0000] {dag.py:3096} INFO - Sync 1 DAGs
[2024-05-28T18:08:01.834+0000] {logging_mixin.py:188} INFO - [2024-05-28T18:08:01.833+0000] {dag.py:3954} INFO - Setting next_dagrun for example_kubernetes_executor to None, run_after=None
[2024-05-28T18:08:02.030+0000] {processor.py:183} INFO - Processing /home/airflow/.local/lib/python3.12/site-packages/airflow/example_dags/example_kubernetes_executor.py took 0.829 seconds
[2024-05-28T18:08:32.362+0000] {processor.py:161} INFO - Started process (PID=201) to work on /home/airflow/.local/lib/python3.12/site-packages/airflow/example_dags/example_kubernetes_executor.py
[2024-05-28T18:08:32.365+0000] {processor.py:830} INFO - Processing file /home/airflow/.local/lib/python3.12/site-packages/airflow/example_dags/example_kubernetes_executor.py for tasks to queue
[2024-05-28T18:08:32.369+0000] {logging_mixin.py:188} INFO - [2024-05-28T18:08:32.368+0000] {dagbag.py:545} INFO - Filling up the DagBag from /home/airflow/.local/lib/python3.12/site-packages/airflow/example_dags/example_kubernetes_executor.py
[2024-05-28T18:08:32.406+0000] {processor.py:840} INFO - DAG(s) 'example_kubernetes_executor' retrieved from /home/airflow/.local/lib/python3.12/site-packages/airflow/example_dags/example_kubernetes_executor.py
[2024-05-28T18:08:32.565+0000] {logging_mixin.py:188} INFO - [2024-05-28T18:08:32.564+0000] {dag.py:3096} INFO - Sync 1 DAGs
[2024-05-28T18:08:32.605+0000] {logging_mixin.py:188} INFO - [2024-05-28T18:08:32.604+0000] {dag.py:3954} INFO - Setting next_dagrun for example_kubernetes_executor to None, run_after=None
[2024-05-28T18:08:32.660+0000] {processor.py:183} INFO - Processing /home/airflow/.local/lib/python3.12/site-packages/airflow/example_dags/example_kubernetes_executor.py took 0.320 seconds
[2024-05-28T18:09:02.899+0000] {processor.py:161} INFO - Started process (PID=259) to work on /home/airflow/.local/lib/python3.12/site-packages/airflow/example_dags/example_kubernetes_executor.py
[2024-05-28T18:09:02.905+0000] {processor.py:830} INFO - Processing file /home/airflow/.local/lib/python3.12/site-packages/airflow/example_dags/example_kubernetes_executor.py for tasks to queue
[2024-05-28T18:09:02.922+0000] {logging_mixin.py:188} INFO - [2024-05-28T18:09:02.919+0000] {dagbag.py:545} INFO - Filling up the DagBag from /home/airflow/.local/lib/python3.12/site-packages/airflow/example_dags/example_kubernetes_executor.py
[2024-05-28T18:09:02.995+0000] {processor.py:840} INFO - DAG(s) 'example_kubernetes_executor' retrieved from /home/airflow/.local/lib/python3.12/site-packages/airflow/example_dags/example_kubernetes_executor.py
[2024-05-28T18:09:03.100+0000] {logging_mixin.py:188} INFO - [2024-05-28T18:09:03.099+0000] {dag.py:3096} INFO - Sync 1 DAGs
[2024-05-28T18:09:03.136+0000] {logging_mixin.py:188} INFO - [2024-05-28T18:09:03.136+0000] {dag.py:3954} INFO - Setting next_dagrun for example_kubernetes_executor to None, run_after=None
[2024-05-28T18:09:03.182+0000] {processor.py:183} INFO - Processing /home/airflow/.local/lib/python3.12/site-packages/airflow/example_dags/example_kubernetes_executor.py took 0.336 seconds
[2024-05-28T18:09:33.989+0000] {processor.py:161} INFO - Started process (PID=317) to work on /home/airflow/.local/lib/python3.12/site-packages/airflow/example_dags/example_kubernetes_executor.py
[2024-05-28T18:09:33.991+0000] {processor.py:830} INFO - Processing file /home/airflow/.local/lib/python3.12/site-packages/airflow/example_dags/example_kubernetes_executor.py for tasks to queue
[2024-05-28T18:09:33.996+0000] {logging_mixin.py:188} INFO - [2024-05-28T18:09:33.995+0000] {dagbag.py:545} INFO - Filling up the DagBag from /home/airflow/.local/lib/python3.12/site-packages/airflow/example_dags/example_kubernetes_executor.py
[2024-05-28T18:09:34.035+0000] {processor.py:840} INFO - DAG(s) 'example_kubernetes_executor' retrieved from /home/airflow/.local/lib/python3.12/site-packages/airflow/example_dags/example_kubernetes_executor.py
[2024-05-28T18:09:34.175+0000] {logging_mixin.py:188} INFO - [2024-05-28T18:09:34.174+0000] {dag.py:3096} INFO - Sync 1 DAGs
[2024-05-28T18:09:34.273+0000] {logging_mixin.py:188} INFO - [2024-05-28T18:09:34.272+0000] {dag.py:3954} INFO - Setting next_dagrun for example_kubernetes_executor to None, run_after=None
[2024-05-28T18:09:34.415+0000] {processor.py:183} INFO - Processing /home/airflow/.local/lib/python3.12/site-packages/airflow/example_dags/example_kubernetes_executor.py took 0.485 seconds
[2024-05-28T18:10:05.451+0000] {processor.py:161} INFO - Started process (PID=375) to work on /home/airflow/.local/lib/python3.12/site-packages/airflow/example_dags/example_kubernetes_executor.py
[2024-05-28T18:10:05.453+0000] {processor.py:830} INFO - Processing file /home/airflow/.local/lib/python3.12/site-packages/airflow/example_dags/example_kubernetes_executor.py for tasks to queue
[2024-05-28T18:10:05.458+0000] {logging_mixin.py:188} INFO - [2024-05-28T18:10:05.457+0000] {dagbag.py:545} INFO - Filling up the DagBag from /home/airflow/.local/lib/python3.12/site-packages/airflow/example_dags/example_kubernetes_executor.py
[2024-05-28T18:10:05.495+0000] {processor.py:840} INFO - DAG(s) 'example_kubernetes_executor' retrieved from /home/airflow/.local/lib/python3.12/site-packages/airflow/example_dags/example_kubernetes_executor.py
[2024-05-28T18:10:05.582+0000] {logging_mixin.py:188} INFO - [2024-05-28T18:10:05.582+0000] {dag.py:3096} INFO - Sync 1 DAGs
[2024-05-28T18:10:05.612+0000] {logging_mixin.py:188} INFO - [2024-05-28T18:10:05.612+0000] {dag.py:3954} INFO - Setting next_dagrun for example_kubernetes_executor to None, run_after=None
[2024-05-28T18:10:05.675+0000] {processor.py:183} INFO - Processing /home/airflow/.local/lib/python3.12/site-packages/airflow/example_dags/example_kubernetes_executor.py took 0.260 seconds
[2024-05-28T18:10:36.277+0000] {processor.py:161} INFO - Started process (PID=433) to work on /home/airflow/.local/lib/python3.12/site-packages/airflow/example_dags/example_kubernetes_executor.py
[2024-05-28T18:10:36.279+0000] {processor.py:830} INFO - Processing file /home/airflow/.local/lib/python3.12/site-packages/airflow/example_dags/example_kubernetes_executor.py for tasks to queue
[2024-05-28T18:10:36.288+0000] {logging_mixin.py:188} INFO - [2024-05-28T18:10:36.287+0000] {dagbag.py:545} INFO - Filling up the DagBag from /home/airflow/.local/lib/python3.12/site-packages/airflow/example_dags/example_kubernetes_executor.py
[2024-05-28T18:10:36.332+0000] {processor.py:840} INFO - DAG(s) 'example_kubernetes_executor' retrieved from /home/airflow/.local/lib/python3.12/site-packages/airflow/example_dags/example_kubernetes_executor.py
[2024-05-28T18:10:36.493+0000] {logging_mixin.py:188} INFO - [2024-05-28T18:10:36.492+0000] {dag.py:3096} INFO - Sync 1 DAGs
[2024-05-28T18:10:36.541+0000] {logging_mixin.py:188} INFO - [2024-05-28T18:10:36.540+0000] {dag.py:3954} INFO - Setting next_dagrun for example_kubernetes_executor to None, run_after=None
[2024-05-28T18:10:36.629+0000] {processor.py:183} INFO - Processing /home/airflow/.local/lib/python3.12/site-packages/airflow/example_dags/example_kubernetes_executor.py took 0.369 seconds
[2024-05-28T18:11:06.805+0000] {processor.py:161} INFO - Started process (PID=491) to work on /home/airflow/.local/lib/python3.12/site-packages/airflow/example_dags/example_kubernetes_executor.py
[2024-05-28T18:11:06.807+0000] {processor.py:830} INFO - Processing file /home/airflow/.local/lib/python3.12/site-packages/airflow/example_dags/example_kubernetes_executor.py for tasks to queue
[2024-05-28T18:11:06.814+0000] {logging_mixin.py:188} INFO - [2024-05-28T18:11:06.813+0000] {dagbag.py:545} INFO - Filling up the DagBag from /home/airflow/.local/lib/python3.12/site-packages/airflow/example_dags/example_kubernetes_executor.py
[2024-05-28T18:11:06.846+0000] {processor.py:840} INFO - DAG(s) 'example_kubernetes_executor' retrieved from /home/airflow/.local/lib/python3.12/site-packages/airflow/example_dags/example_kubernetes_executor.py
[2024-05-28T18:11:06.952+0000] {logging_mixin.py:188} INFO - [2024-05-28T18:11:06.950+0000] {dag.py:3096} INFO - Sync 1 DAGs
[2024-05-28T18:11:06.989+0000] {logging_mixin.py:188} INFO - [2024-05-28T18:11:06.988+0000] {dag.py:3954} INFO - Setting next_dagrun for example_kubernetes_executor to None, run_after=None
[2024-05-28T18:11:07.047+0000] {processor.py:183} INFO - Processing /home/airflow/.local/lib/python3.12/site-packages/airflow/example_dags/example_kubernetes_executor.py took 0.276 seconds
[2024-05-28T18:11:41.083+0000] {processor.py:161} INFO - Started process (PID=549) to work on /home/airflow/.local/lib/python3.12/site-packages/airflow/example_dags/example_kubernetes_executor.py
[2024-05-28T18:11:41.094+0000] {processor.py:830} INFO - Processing file /home/airflow/.local/lib/python3.12/site-packages/airflow/example_dags/example_kubernetes_executor.py for tasks to queue
[2024-05-28T18:11:41.105+0000] {logging_mixin.py:188} INFO - [2024-05-28T18:11:41.104+0000] {dagbag.py:545} INFO - Filling up the DagBag from /home/airflow/.local/lib/python3.12/site-packages/airflow/example_dags/example_kubernetes_executor.py
[2024-05-28T18:11:41.248+0000] {processor.py:840} INFO - DAG(s) 'example_kubernetes_executor' retrieved from /home/airflow/.local/lib/python3.12/site-packages/airflow/example_dags/example_kubernetes_executor.py
[2024-05-28T18:11:41.657+0000] {logging_mixin.py:188} INFO - [2024-05-28T18:11:41.657+0000] {dag.py:3096} INFO - Sync 1 DAGs
[2024-05-28T18:11:41.739+0000] {logging_mixin.py:188} INFO - [2024-05-28T18:11:41.737+0000] {dag.py:3954} INFO - Setting next_dagrun for example_kubernetes_executor to None, run_after=None
[2024-05-28T18:11:41.926+0000] {processor.py:183} INFO - Processing /home/airflow/.local/lib/python3.12/site-packages/airflow/example_dags/example_kubernetes_executor.py took 0.887 seconds
[2024-05-28T18:12:12.702+0000] {processor.py:161} INFO - Started process (PID=605) to work on /home/airflow/.local/lib/python3.12/site-packages/airflow/example_dags/example_kubernetes_executor.py
[2024-05-28T18:12:12.711+0000] {processor.py:830} INFO - Processing file /home/airflow/.local/lib/python3.12/site-packages/airflow/example_dags/example_kubernetes_executor.py for tasks to queue
[2024-05-28T18:12:12.720+0000] {logging_mixin.py:188} INFO - [2024-05-28T18:12:12.719+0000] {dagbag.py:545} INFO - Filling up the DagBag from /home/airflow/.local/lib/python3.12/site-packages/airflow/example_dags/example_kubernetes_executor.py
[2024-05-28T18:12:12.772+0000] {processor.py:840} INFO - DAG(s) 'example_kubernetes_executor' retrieved from /home/airflow/.local/lib/python3.12/site-packages/airflow/example_dags/example_kubernetes_executor.py
[2024-05-28T18:12:12.869+0000] {logging_mixin.py:188} INFO - [2024-05-28T18:12:12.868+0000] {dag.py:3096} INFO - Sync 1 DAGs
[2024-05-28T18:12:12.908+0000] {logging_mixin.py:188} INFO - [2024-05-28T18:12:12.908+0000] {dag.py:3954} INFO - Setting next_dagrun for example_kubernetes_executor to None, run_after=None
[2024-05-28T18:12:12.991+0000] {processor.py:183} INFO - Processing /home/airflow/.local/lib/python3.12/site-packages/airflow/example_dags/example_kubernetes_executor.py took 0.387 seconds
[2024-05-28T18:12:43.270+0000] {processor.py:161} INFO - Started process (PID=663) to work on /home/airflow/.local/lib/python3.12/site-packages/airflow/example_dags/example_kubernetes_executor.py
[2024-05-28T18:12:43.273+0000] {processor.py:830} INFO - Processing file /home/airflow/.local/lib/python3.12/site-packages/airflow/example_dags/example_kubernetes_executor.py for tasks to queue
[2024-05-28T18:12:43.280+0000] {logging_mixin.py:188} INFO - [2024-05-28T18:12:43.279+0000] {dagbag.py:545} INFO - Filling up the DagBag from /home/airflow/.local/lib/python3.12/site-packages/airflow/example_dags/example_kubernetes_executor.py
[2024-05-28T18:12:43.320+0000] {processor.py:840} INFO - DAG(s) 'example_kubernetes_executor' retrieved from /home/airflow/.local/lib/python3.12/site-packages/airflow/example_dags/example_kubernetes_executor.py
[2024-05-28T18:12:43.413+0000] {logging_mixin.py:188} INFO - [2024-05-28T18:12:43.413+0000] {dag.py:3096} INFO - Sync 1 DAGs
[2024-05-28T18:12:43.445+0000] {logging_mixin.py:188} INFO - [2024-05-28T18:12:43.445+0000] {dag.py:3954} INFO - Setting next_dagrun for example_kubernetes_executor to None, run_after=None
[2024-05-28T18:12:43.504+0000] {processor.py:183} INFO - Processing /home/airflow/.local/lib/python3.12/site-packages/airflow/example_dags/example_kubernetes_executor.py took 0.261 seconds
[2024-05-28T18:13:13.919+0000] {processor.py:161} INFO - Started process (PID=721) to work on /home/airflow/.local/lib/python3.12/site-packages/airflow/example_dags/example_kubernetes_executor.py
[2024-05-28T18:13:13.922+0000] {processor.py:830} INFO - Processing file /home/airflow/.local/lib/python3.12/site-packages/airflow/example_dags/example_kubernetes_executor.py for tasks to queue
[2024-05-28T18:13:13.929+0000] {logging_mixin.py:188} INFO - [2024-05-28T18:13:13.928+0000] {dagbag.py:545} INFO - Filling up the DagBag from /home/airflow/.local/lib/python3.12/site-packages/airflow/example_dags/example_kubernetes_executor.py
[2024-05-28T18:13:13.986+0000] {processor.py:840} INFO - DAG(s) 'example_kubernetes_executor' retrieved from /home/airflow/.local/lib/python3.12/site-packages/airflow/example_dags/example_kubernetes_executor.py
[2024-05-28T18:13:14.106+0000] {logging_mixin.py:188} INFO - [2024-05-28T18:13:14.104+0000] {dag.py:3096} INFO - Sync 1 DAGs
[2024-05-28T18:13:14.139+0000] {logging_mixin.py:188} INFO - [2024-05-28T18:13:14.139+0000] {dag.py:3954} INFO - Setting next_dagrun for example_kubernetes_executor to None, run_after=None
[2024-05-28T18:13:14.182+0000] {processor.py:183} INFO - Processing /home/airflow/.local/lib/python3.12/site-packages/airflow/example_dags/example_kubernetes_executor.py took 0.282 seconds
[2024-05-28T18:13:45.073+0000] {processor.py:161} INFO - Started process (PID=780) to work on /home/airflow/.local/lib/python3.12/site-packages/airflow/example_dags/example_kubernetes_executor.py
[2024-05-28T18:13:45.079+0000] {processor.py:830} INFO - Processing file /home/airflow/.local/lib/python3.12/site-packages/airflow/example_dags/example_kubernetes_executor.py for tasks to queue
[2024-05-28T18:13:45.098+0000] {logging_mixin.py:188} INFO - [2024-05-28T18:13:45.094+0000] {dagbag.py:545} INFO - Filling up the DagBag from /home/airflow/.local/lib/python3.12/site-packages/airflow/example_dags/example_kubernetes_executor.py
[2024-05-28T18:13:45.242+0000] {processor.py:840} INFO - DAG(s) 'example_kubernetes_executor' retrieved from /home/airflow/.local/lib/python3.12/site-packages/airflow/example_dags/example_kubernetes_executor.py
[2024-05-28T18:13:45.475+0000] {logging_mixin.py:188} INFO - [2024-05-28T18:13:45.473+0000] {dag.py:3096} INFO - Sync 1 DAGs
[2024-05-28T18:13:45.564+0000] {logging_mixin.py:188} INFO - [2024-05-28T18:13:45.564+0000] {dag.py:3954} INFO - Setting next_dagrun for example_kubernetes_executor to None, run_after=None
[2024-05-28T18:13:45.649+0000] {processor.py:183} INFO - Processing /home/airflow/.local/lib/python3.12/site-packages/airflow/example_dags/example_kubernetes_executor.py took 0.670 seconds
[2024-05-28T18:14:16.822+0000] {processor.py:161} INFO - Started process (PID=838) to work on /home/airflow/.local/lib/python3.12/site-packages/airflow/example_dags/example_kubernetes_executor.py
[2024-05-28T18:14:16.825+0000] {processor.py:830} INFO - Processing file /home/airflow/.local/lib/python3.12/site-packages/airflow/example_dags/example_kubernetes_executor.py for tasks to queue
[2024-05-28T18:14:16.834+0000] {logging_mixin.py:188} INFO - [2024-05-28T18:14:16.833+0000] {dagbag.py:545} INFO - Filling up the DagBag from /home/airflow/.local/lib/python3.12/site-packages/airflow/example_dags/example_kubernetes_executor.py
[2024-05-28T18:14:16.919+0000] {processor.py:840} INFO - DAG(s) 'example_kubernetes_executor' retrieved from /home/airflow/.local/lib/python3.12/site-packages/airflow/example_dags/example_kubernetes_executor.py
[2024-05-28T18:14:17.109+0000] {logging_mixin.py:188} INFO - [2024-05-28T18:14:17.108+0000] {dag.py:3096} INFO - Sync 1 DAGs
[2024-05-28T18:14:17.186+0000] {logging_mixin.py:188} INFO - [2024-05-28T18:14:17.184+0000] {dag.py:3954} INFO - Setting next_dagrun for example_kubernetes_executor to None, run_after=None
[2024-05-28T18:14:17.273+0000] {processor.py:183} INFO - Processing /home/airflow/.local/lib/python3.12/site-packages/airflow/example_dags/example_kubernetes_executor.py took 0.480 seconds
[2024-05-28T18:14:48.821+0000] {processor.py:161} INFO - Started process (PID=896) to work on /home/airflow/.local/lib/python3.12/site-packages/airflow/example_dags/example_kubernetes_executor.py
[2024-05-28T18:14:48.825+0000] {processor.py:830} INFO - Processing file /home/airflow/.local/lib/python3.12/site-packages/airflow/example_dags/example_kubernetes_executor.py for tasks to queue
[2024-05-28T18:14:48.830+0000] {logging_mixin.py:188} INFO - [2024-05-28T18:14:48.829+0000] {dagbag.py:545} INFO - Filling up the DagBag from /home/airflow/.local/lib/python3.12/site-packages/airflow/example_dags/example_kubernetes_executor.py
[2024-05-28T18:14:48.886+0000] {processor.py:840} INFO - DAG(s) 'example_kubernetes_executor' retrieved from /home/airflow/.local/lib/python3.12/site-packages/airflow/example_dags/example_kubernetes_executor.py
[2024-05-28T18:14:49.055+0000] {logging_mixin.py:188} INFO - [2024-05-28T18:14:49.055+0000] {dag.py:3096} INFO - Sync 1 DAGs
[2024-05-28T18:14:49.104+0000] {logging_mixin.py:188} INFO - [2024-05-28T18:14:49.103+0000] {dag.py:3954} INFO - Setting next_dagrun for example_kubernetes_executor to None, run_after=None
[2024-05-28T18:14:49.172+0000] {processor.py:183} INFO - Processing /home/airflow/.local/lib/python3.12/site-packages/airflow/example_dags/example_kubernetes_executor.py took 0.379 seconds
[2024-05-28T18:15:25.704+0000] {processor.py:161} INFO - Started process (PID=960) to work on /home/airflow/.local/lib/python3.12/site-packages/airflow/example_dags/example_kubernetes_executor.py
[2024-05-28T18:15:25.711+0000] {processor.py:830} INFO - Processing file /home/airflow/.local/lib/python3.12/site-packages/airflow/example_dags/example_kubernetes_executor.py for tasks to queue
[2024-05-28T18:15:25.726+0000] {logging_mixin.py:188} INFO - [2024-05-28T18:15:25.725+0000] {dagbag.py:545} INFO - Filling up the DagBag from /home/airflow/.local/lib/python3.12/site-packages/airflow/example_dags/example_kubernetes_executor.py
[2024-05-28T18:15:25.819+0000] {processor.py:840} INFO - DAG(s) 'example_kubernetes_executor' retrieved from /home/airflow/.local/lib/python3.12/site-packages/airflow/example_dags/example_kubernetes_executor.py
[2024-05-28T18:15:26.158+0000] {logging_mixin.py:188} INFO - [2024-05-28T18:15:26.157+0000] {dag.py:3096} INFO - Sync 1 DAGs
[2024-05-28T18:15:26.253+0000] {logging_mixin.py:188} INFO - [2024-05-28T18:15:26.252+0000] {dag.py:3954} INFO - Setting next_dagrun for example_kubernetes_executor to None, run_after=None
[2024-05-28T18:15:26.404+0000] {processor.py:183} INFO - Processing /home/airflow/.local/lib/python3.12/site-packages/airflow/example_dags/example_kubernetes_executor.py took 0.744 seconds
[2024-05-28T18:15:57.520+0000] {processor.py:161} INFO - Started process (PID=1018) to work on /home/airflow/.local/lib/python3.12/site-packages/airflow/example_dags/example_kubernetes_executor.py
[2024-05-28T18:15:57.534+0000] {processor.py:830} INFO - Processing file /home/airflow/.local/lib/python3.12/site-packages/airflow/example_dags/example_kubernetes_executor.py for tasks to queue
[2024-05-28T18:15:57.552+0000] {logging_mixin.py:188} INFO - [2024-05-28T18:15:57.550+0000] {dagbag.py:545} INFO - Filling up the DagBag from /home/airflow/.local/lib/python3.12/site-packages/airflow/example_dags/example_kubernetes_executor.py
[2024-05-28T18:15:57.685+0000] {processor.py:840} INFO - DAG(s) 'example_kubernetes_executor' retrieved from /home/airflow/.local/lib/python3.12/site-packages/airflow/example_dags/example_kubernetes_executor.py
[2024-05-28T18:15:58.073+0000] {logging_mixin.py:188} INFO - [2024-05-28T18:15:58.072+0000] {dag.py:3096} INFO - Sync 1 DAGs
[2024-05-28T18:15:58.200+0000] {logging_mixin.py:188} INFO - [2024-05-28T18:15:58.189+0000] {dag.py:3954} INFO - Setting next_dagrun for example_kubernetes_executor to None, run_after=None
[2024-05-28T18:15:58.401+0000] {processor.py:183} INFO - Processing /home/airflow/.local/lib/python3.12/site-packages/airflow/example_dags/example_kubernetes_executor.py took 0.964 seconds
[2024-05-28T18:16:32.280+0000] {processor.py:161} INFO - Started process (PID=1076) to work on /home/airflow/.local/lib/python3.12/site-packages/airflow/example_dags/example_kubernetes_executor.py
[2024-05-28T18:16:32.287+0000] {processor.py:830} INFO - Processing file /home/airflow/.local/lib/python3.12/site-packages/airflow/example_dags/example_kubernetes_executor.py for tasks to queue
[2024-05-28T18:16:32.296+0000] {logging_mixin.py:188} INFO - [2024-05-28T18:16:32.295+0000] {dagbag.py:545} INFO - Filling up the DagBag from /home/airflow/.local/lib/python3.12/site-packages/airflow/example_dags/example_kubernetes_executor.py
[2024-05-28T18:16:32.360+0000] {processor.py:840} INFO - DAG(s) 'example_kubernetes_executor' retrieved from /home/airflow/.local/lib/python3.12/site-packages/airflow/example_dags/example_kubernetes_executor.py
[2024-05-28T18:16:32.572+0000] {logging_mixin.py:188} INFO - [2024-05-28T18:16:32.571+0000] {dag.py:3096} INFO - Sync 1 DAGs
[2024-05-28T18:16:32.627+0000] {logging_mixin.py:188} INFO - [2024-05-28T18:16:32.626+0000] {dag.py:3954} INFO - Setting next_dagrun for example_kubernetes_executor to None, run_after=None
[2024-05-28T18:16:32.704+0000] {processor.py:183} INFO - Processing /home/airflow/.local/lib/python3.12/site-packages/airflow/example_dags/example_kubernetes_executor.py took 0.461 seconds
[2024-05-28T18:17:07.432+0000] {processor.py:161} INFO - Started process (PID=1133) to work on /home/airflow/.local/lib/python3.12/site-packages/airflow/example_dags/example_kubernetes_executor.py
[2024-05-28T18:17:07.444+0000] {processor.py:830} INFO - Processing file /home/airflow/.local/lib/python3.12/site-packages/airflow/example_dags/example_kubernetes_executor.py for tasks to queue
[2024-05-28T18:17:07.451+0000] {logging_mixin.py:188} INFO - [2024-05-28T18:17:07.450+0000] {dagbag.py:545} INFO - Filling up the DagBag from /home/airflow/.local/lib/python3.12/site-packages/airflow/example_dags/example_kubernetes_executor.py
[2024-05-28T18:17:07.541+0000] {processor.py:840} INFO - DAG(s) 'example_kubernetes_executor' retrieved from /home/airflow/.local/lib/python3.12/site-packages/airflow/example_dags/example_kubernetes_executor.py
[2024-05-28T18:17:07.911+0000] {logging_mixin.py:188} INFO - [2024-05-28T18:17:07.910+0000] {dag.py:3096} INFO - Sync 1 DAGs
[2024-05-28T18:17:08.012+0000] {logging_mixin.py:188} INFO - [2024-05-28T18:17:08.012+0000] {dag.py:3954} INFO - Setting next_dagrun for example_kubernetes_executor to None, run_after=None
[2024-05-28T18:17:08.092+0000] {processor.py:183} INFO - Processing /home/airflow/.local/lib/python3.12/site-packages/airflow/example_dags/example_kubernetes_executor.py took 0.744 seconds
[2024-05-28T18:17:38.276+0000] {processor.py:161} INFO - Started process (PID=1191) to work on /home/airflow/.local/lib/python3.12/site-packages/airflow/example_dags/example_kubernetes_executor.py
[2024-05-28T18:17:38.280+0000] {processor.py:830} INFO - Processing file /home/airflow/.local/lib/python3.12/site-packages/airflow/example_dags/example_kubernetes_executor.py for tasks to queue
[2024-05-28T18:17:38.292+0000] {logging_mixin.py:188} INFO - [2024-05-28T18:17:38.290+0000] {dagbag.py:545} INFO - Filling up the DagBag from /home/airflow/.local/lib/python3.12/site-packages/airflow/example_dags/example_kubernetes_executor.py
[2024-05-28T18:17:38.387+0000] {processor.py:840} INFO - DAG(s) 'example_kubernetes_executor' retrieved from /home/airflow/.local/lib/python3.12/site-packages/airflow/example_dags/example_kubernetes_executor.py
[2024-05-28T18:17:38.621+0000] {logging_mixin.py:188} INFO - [2024-05-28T18:17:38.620+0000] {dag.py:3096} INFO - Sync 1 DAGs
[2024-05-28T18:17:38.660+0000] {logging_mixin.py:188} INFO - [2024-05-28T18:17:38.659+0000] {dag.py:3954} INFO - Setting next_dagrun for example_kubernetes_executor to None, run_after=None
[2024-05-28T18:17:38.721+0000] {processor.py:183} INFO - Processing /home/airflow/.local/lib/python3.12/site-packages/airflow/example_dags/example_kubernetes_executor.py took 0.476 seconds
[2024-05-28T18:18:08.908+0000] {processor.py:161} INFO - Started process (PID=1249) to work on /home/airflow/.local/lib/python3.12/site-packages/airflow/example_dags/example_kubernetes_executor.py
[2024-05-28T18:18:08.910+0000] {processor.py:830} INFO - Processing file /home/airflow/.local/lib/python3.12/site-packages/airflow/example_dags/example_kubernetes_executor.py for tasks to queue
[2024-05-28T18:18:08.917+0000] {logging_mixin.py:188} INFO - [2024-05-28T18:18:08.915+0000] {dagbag.py:545} INFO - Filling up the DagBag from /home/airflow/.local/lib/python3.12/site-packages/airflow/example_dags/example_kubernetes_executor.py
[2024-05-28T18:18:08.943+0000] {processor.py:840} INFO - DAG(s) 'example_kubernetes_executor' retrieved from /home/airflow/.local/lib/python3.12/site-packages/airflow/example_dags/example_kubernetes_executor.py
[2024-05-28T18:18:09.049+0000] {logging_mixin.py:188} INFO - [2024-05-28T18:18:09.048+0000] {dag.py:3096} INFO - Sync 1 DAGs
[2024-05-28T18:18:09.091+0000] {logging_mixin.py:188} INFO - [2024-05-28T18:18:09.091+0000] {dag.py:3954} INFO - Setting next_dagrun for example_kubernetes_executor to None, run_after=None
[2024-05-28T18:18:09.155+0000] {processor.py:183} INFO - Processing /home/airflow/.local/lib/python3.12/site-packages/airflow/example_dags/example_kubernetes_executor.py took 0.261 seconds
[2024-05-28T18:18:39.501+0000] {processor.py:161} INFO - Started process (PID=1307) to work on /home/airflow/.local/lib/python3.12/site-packages/airflow/example_dags/example_kubernetes_executor.py
[2024-05-28T18:18:39.503+0000] {processor.py:830} INFO - Processing file /home/airflow/.local/lib/python3.12/site-packages/airflow/example_dags/example_kubernetes_executor.py for tasks to queue
[2024-05-28T18:18:39.509+0000] {logging_mixin.py:188} INFO - [2024-05-28T18:18:39.508+0000] {dagbag.py:545} INFO - Filling up the DagBag from /home/airflow/.local/lib/python3.12/site-packages/airflow/example_dags/example_kubernetes_executor.py
[2024-05-28T18:18:39.536+0000] {processor.py:840} INFO - DAG(s) 'example_kubernetes_executor' retrieved from /home/airflow/.local/lib/python3.12/site-packages/airflow/example_dags/example_kubernetes_executor.py
[2024-05-28T18:18:39.624+0000] {logging_mixin.py:188} INFO - [2024-05-28T18:18:39.623+0000] {dag.py:3096} INFO - Sync 1 DAGs
[2024-05-28T18:18:39.676+0000] {logging_mixin.py:188} INFO - [2024-05-28T18:18:39.675+0000] {dag.py:3954} INFO - Setting next_dagrun for example_kubernetes_executor to None, run_after=None
[2024-05-28T18:18:39.756+0000] {processor.py:183} INFO - Processing /home/airflow/.local/lib/python3.12/site-packages/airflow/example_dags/example_kubernetes_executor.py took 0.290 seconds
[2024-05-28T18:19:10.834+0000] {processor.py:161} INFO - Started process (PID=1366) to work on /home/airflow/.local/lib/python3.12/site-packages/airflow/example_dags/example_kubernetes_executor.py
[2024-05-28T18:19:10.839+0000] {processor.py:830} INFO - Processing file /home/airflow/.local/lib/python3.12/site-packages/airflow/example_dags/example_kubernetes_executor.py for tasks to queue
[2024-05-28T18:19:10.883+0000] {logging_mixin.py:188} INFO - [2024-05-28T18:19:10.880+0000] {dagbag.py:545} INFO - Filling up the DagBag from /home/airflow/.local/lib/python3.12/site-packages/airflow/example_dags/example_kubernetes_executor.py
[2024-05-28T18:19:10.985+0000] {processor.py:840} INFO - DAG(s) 'example_kubernetes_executor' retrieved from /home/airflow/.local/lib/python3.12/site-packages/airflow/example_dags/example_kubernetes_executor.py
[2024-05-28T18:19:11.175+0000] {logging_mixin.py:188} INFO - [2024-05-28T18:19:11.162+0000] {dag.py:3096} INFO - Sync 1 DAGs
[2024-05-28T18:19:11.401+0000] {logging_mixin.py:188} INFO - [2024-05-28T18:19:11.400+0000] {dag.py:3954} INFO - Setting next_dagrun for example_kubernetes_executor to None, run_after=None
[2024-05-28T18:19:11.485+0000] {processor.py:183} INFO - Processing /home/airflow/.local/lib/python3.12/site-packages/airflow/example_dags/example_kubernetes_executor.py took 0.673 seconds
[2024-05-28T18:19:42.363+0000] {processor.py:161} INFO - Started process (PID=1424) to work on /home/airflow/.local/lib/python3.12/site-packages/airflow/example_dags/example_kubernetes_executor.py
[2024-05-28T18:19:42.365+0000] {processor.py:830} INFO - Processing file /home/airflow/.local/lib/python3.12/site-packages/airflow/example_dags/example_kubernetes_executor.py for tasks to queue
[2024-05-28T18:19:42.371+0000] {logging_mixin.py:188} INFO - [2024-05-28T18:19:42.370+0000] {dagbag.py:545} INFO - Filling up the DagBag from /home/airflow/.local/lib/python3.12/site-packages/airflow/example_dags/example_kubernetes_executor.py
[2024-05-28T18:19:42.413+0000] {processor.py:840} INFO - DAG(s) 'example_kubernetes_executor' retrieved from /home/airflow/.local/lib/python3.12/site-packages/airflow/example_dags/example_kubernetes_executor.py
[2024-05-28T18:19:42.563+0000] {logging_mixin.py:188} INFO - [2024-05-28T18:19:42.563+0000] {dag.py:3096} INFO - Sync 1 DAGs
[2024-05-28T18:19:42.595+0000] {logging_mixin.py:188} INFO - [2024-05-28T18:19:42.594+0000] {dag.py:3954} INFO - Setting next_dagrun for example_kubernetes_executor to None, run_after=None
[2024-05-28T18:19:42.647+0000] {processor.py:183} INFO - Processing /home/airflow/.local/lib/python3.12/site-packages/airflow/example_dags/example_kubernetes_executor.py took 0.302 seconds
[2024-05-28T18:20:13.198+0000] {processor.py:161} INFO - Started process (PID=1482) to work on /home/airflow/.local/lib/python3.12/site-packages/airflow/example_dags/example_kubernetes_executor.py
[2024-05-28T18:20:13.200+0000] {processor.py:830} INFO - Processing file /home/airflow/.local/lib/python3.12/site-packages/airflow/example_dags/example_kubernetes_executor.py for tasks to queue
[2024-05-28T18:20:13.212+0000] {logging_mixin.py:188} INFO - [2024-05-28T18:20:13.208+0000] {dagbag.py:545} INFO - Filling up the DagBag from /home/airflow/.local/lib/python3.12/site-packages/airflow/example_dags/example_kubernetes_executor.py
[2024-05-28T18:20:13.283+0000] {processor.py:840} INFO - DAG(s) 'example_kubernetes_executor' retrieved from /home/airflow/.local/lib/python3.12/site-packages/airflow/example_dags/example_kubernetes_executor.py
[2024-05-28T18:20:13.448+0000] {logging_mixin.py:188} INFO - [2024-05-28T18:20:13.447+0000] {dag.py:3096} INFO - Sync 1 DAGs
[2024-05-28T18:20:13.534+0000] {logging_mixin.py:188} INFO - [2024-05-28T18:20:13.533+0000] {dag.py:3954} INFO - Setting next_dagrun for example_kubernetes_executor to None, run_after=None
[2024-05-28T18:20:13.608+0000] {processor.py:183} INFO - Processing /home/airflow/.local/lib/python3.12/site-packages/airflow/example_dags/example_kubernetes_executor.py took 0.434 seconds
[2024-05-28T18:20:44.466+0000] {processor.py:161} INFO - Started process (PID=1539) to work on /home/airflow/.local/lib/python3.12/site-packages/airflow/example_dags/example_kubernetes_executor.py
[2024-05-28T18:20:44.481+0000] {processor.py:830} INFO - Processing file /home/airflow/.local/lib/python3.12/site-packages/airflow/example_dags/example_kubernetes_executor.py for tasks to queue
[2024-05-28T18:20:44.493+0000] {logging_mixin.py:188} INFO - [2024-05-28T18:20:44.491+0000] {dagbag.py:545} INFO - Filling up the DagBag from /home/airflow/.local/lib/python3.12/site-packages/airflow/example_dags/example_kubernetes_executor.py
[2024-05-28T18:20:44.566+0000] {processor.py:840} INFO - DAG(s) 'example_kubernetes_executor' retrieved from /home/airflow/.local/lib/python3.12/site-packages/airflow/example_dags/example_kubernetes_executor.py
[2024-05-28T18:20:44.984+0000] {logging_mixin.py:188} INFO - [2024-05-28T18:20:44.983+0000] {dag.py:3096} INFO - Sync 1 DAGs
[2024-05-28T18:20:45.177+0000] {logging_mixin.py:188} INFO - [2024-05-28T18:20:45.175+0000] {dag.py:3954} INFO - Setting next_dagrun for example_kubernetes_executor to None, run_after=None
[2024-05-28T18:20:45.494+0000] {processor.py:183} INFO - Processing /home/airflow/.local/lib/python3.12/site-packages/airflow/example_dags/example_kubernetes_executor.py took 1.100 seconds
[2024-05-28T18:21:16.231+0000] {processor.py:161} INFO - Started process (PID=1597) to work on /home/airflow/.local/lib/python3.12/site-packages/airflow/example_dags/example_kubernetes_executor.py
[2024-05-28T18:21:16.236+0000] {processor.py:830} INFO - Processing file /home/airflow/.local/lib/python3.12/site-packages/airflow/example_dags/example_kubernetes_executor.py for tasks to queue
[2024-05-28T18:21:16.253+0000] {logging_mixin.py:188} INFO - [2024-05-28T18:21:16.247+0000] {dagbag.py:545} INFO - Filling up the DagBag from /home/airflow/.local/lib/python3.12/site-packages/airflow/example_dags/example_kubernetes_executor.py
[2024-05-28T18:21:16.452+0000] {processor.py:840} INFO - DAG(s) 'example_kubernetes_executor' retrieved from /home/airflow/.local/lib/python3.12/site-packages/airflow/example_dags/example_kubernetes_executor.py
[2024-05-28T18:21:16.815+0000] {logging_mixin.py:188} INFO - [2024-05-28T18:21:16.814+0000] {dag.py:3096} INFO - Sync 1 DAGs
[2024-05-28T18:21:17.002+0000] {logging_mixin.py:188} INFO - [2024-05-28T18:21:17.001+0000] {dag.py:3954} INFO - Setting next_dagrun for example_kubernetes_executor to None, run_after=None
[2024-05-28T18:21:17.201+0000] {processor.py:183} INFO - Processing /home/airflow/.local/lib/python3.12/site-packages/airflow/example_dags/example_kubernetes_executor.py took 1.041 seconds
[2024-05-28T18:21:47.517+0000] {processor.py:161} INFO - Started process (PID=1653) to work on /home/airflow/.local/lib/python3.12/site-packages/airflow/example_dags/example_kubernetes_executor.py
[2024-05-28T18:21:47.522+0000] {processor.py:830} INFO - Processing file /home/airflow/.local/lib/python3.12/site-packages/airflow/example_dags/example_kubernetes_executor.py for tasks to queue
[2024-05-28T18:21:47.528+0000] {logging_mixin.py:188} INFO - [2024-05-28T18:21:47.527+0000] {dagbag.py:545} INFO - Filling up the DagBag from /home/airflow/.local/lib/python3.12/site-packages/airflow/example_dags/example_kubernetes_executor.py
[2024-05-28T18:21:47.619+0000] {processor.py:840} INFO - DAG(s) 'example_kubernetes_executor' retrieved from /home/airflow/.local/lib/python3.12/site-packages/airflow/example_dags/example_kubernetes_executor.py
[2024-05-28T18:21:47.882+0000] {logging_mixin.py:188} INFO - [2024-05-28T18:21:47.879+0000] {dag.py:3096} INFO - Sync 1 DAGs
[2024-05-28T18:21:47.952+0000] {logging_mixin.py:188} INFO - [2024-05-28T18:21:47.947+0000] {dag.py:3954} INFO - Setting next_dagrun for example_kubernetes_executor to None, run_after=None
[2024-05-28T18:21:48.204+0000] {processor.py:183} INFO - Processing /home/airflow/.local/lib/python3.12/site-packages/airflow/example_dags/example_kubernetes_executor.py took 0.715 seconds
