[2024-05-28T18:07:20.866+0000] {processor.py:161} INFO - Started process (PID=73) to work on /home/airflow/.local/lib/python3.12/site-packages/airflow/example_dags/example_python_decorator.py
[2024-05-28T18:07:20.869+0000] {processor.py:830} INFO - Processing file /home/airflow/.local/lib/python3.12/site-packages/airflow/example_dags/example_python_decorator.py for tasks to queue
[2024-05-28T18:07:20.881+0000] {logging_mixin.py:188} INFO - [2024-05-28T18:07:20.873+0000] {dagbag.py:545} INFO - Filling up the DagBag from /home/airflow/.local/lib/python3.12/site-packages/airflow/example_dags/example_python_decorator.py
[2024-05-28T18:07:21.062+0000] {processor.py:840} INFO - DAG(s) 'example_python_decorator' retrieved from /home/airflow/.local/lib/python3.12/site-packages/airflow/example_dags/example_python_decorator.py
[2024-05-28T18:07:22.988+0000] {logging_mixin.py:188} INFO - [2024-05-28T18:07:22.987+0000] {dag.py:3096} INFO - Sync 1 DAGs
[2024-05-28T18:07:23.177+0000] {logging_mixin.py:188} INFO - [2024-05-28T18:07:23.176+0000] {dag.py:3954} INFO - Setting next_dagrun for example_python_decorator to None, run_after=None
[2024-05-28T18:07:23.420+0000] {processor.py:183} INFO - Processing /home/airflow/.local/lib/python3.12/site-packages/airflow/example_dags/example_python_decorator.py took 2.573 seconds
[2024-05-28T18:07:53.608+0000] {processor.py:161} INFO - Started process (PID=132) to work on /home/airflow/.local/lib/python3.12/site-packages/airflow/example_dags/example_python_decorator.py
[2024-05-28T18:07:53.611+0000] {processor.py:830} INFO - Processing file /home/airflow/.local/lib/python3.12/site-packages/airflow/example_dags/example_python_decorator.py for tasks to queue
[2024-05-28T18:07:53.615+0000] {logging_mixin.py:188} INFO - [2024-05-28T18:07:53.615+0000] {dagbag.py:545} INFO - Filling up the DagBag from /home/airflow/.local/lib/python3.12/site-packages/airflow/example_dags/example_python_decorator.py
[2024-05-28T18:07:53.660+0000] {processor.py:840} INFO - DAG(s) 'example_python_decorator' retrieved from /home/airflow/.local/lib/python3.12/site-packages/airflow/example_dags/example_python_decorator.py
[2024-05-28T18:07:53.728+0000] {logging_mixin.py:188} INFO - [2024-05-28T18:07:53.727+0000] {dag.py:3096} INFO - Sync 1 DAGs
[2024-05-28T18:07:53.775+0000] {logging_mixin.py:188} INFO - [2024-05-28T18:07:53.775+0000] {dag.py:3954} INFO - Setting next_dagrun for example_python_decorator to None, run_after=None
[2024-05-28T18:07:53.845+0000] {processor.py:183} INFO - Processing /home/airflow/.local/lib/python3.12/site-packages/airflow/example_dags/example_python_decorator.py took 0.257 seconds
[2024-05-28T18:08:23.995+0000] {processor.py:161} INFO - Started process (PID=189) to work on /home/airflow/.local/lib/python3.12/site-packages/airflow/example_dags/example_python_decorator.py
[2024-05-28T18:08:23.999+0000] {processor.py:830} INFO - Processing file /home/airflow/.local/lib/python3.12/site-packages/airflow/example_dags/example_python_decorator.py for tasks to queue
[2024-05-28T18:08:24.005+0000] {logging_mixin.py:188} INFO - [2024-05-28T18:08:24.004+0000] {dagbag.py:545} INFO - Filling up the DagBag from /home/airflow/.local/lib/python3.12/site-packages/airflow/example_dags/example_python_decorator.py
[2024-05-28T18:08:24.041+0000] {processor.py:840} INFO - DAG(s) 'example_python_decorator' retrieved from /home/airflow/.local/lib/python3.12/site-packages/airflow/example_dags/example_python_decorator.py
[2024-05-28T18:08:24.100+0000] {logging_mixin.py:188} INFO - [2024-05-28T18:08:24.099+0000] {dag.py:3096} INFO - Sync 1 DAGs
[2024-05-28T18:08:24.134+0000] {logging_mixin.py:188} INFO - [2024-05-28T18:08:24.133+0000] {dag.py:3954} INFO - Setting next_dagrun for example_python_decorator to None, run_after=None
[2024-05-28T18:08:24.179+0000] {processor.py:183} INFO - Processing /home/airflow/.local/lib/python3.12/site-packages/airflow/example_dags/example_python_decorator.py took 0.201 seconds
[2024-05-28T18:08:54.621+0000] {processor.py:161} INFO - Started process (PID=247) to work on /home/airflow/.local/lib/python3.12/site-packages/airflow/example_dags/example_python_decorator.py
[2024-05-28T18:08:54.631+0000] {processor.py:830} INFO - Processing file /home/airflow/.local/lib/python3.12/site-packages/airflow/example_dags/example_python_decorator.py for tasks to queue
[2024-05-28T18:08:54.639+0000] {logging_mixin.py:188} INFO - [2024-05-28T18:08:54.638+0000] {dagbag.py:545} INFO - Filling up the DagBag from /home/airflow/.local/lib/python3.12/site-packages/airflow/example_dags/example_python_decorator.py
[2024-05-28T18:08:54.698+0000] {processor.py:840} INFO - DAG(s) 'example_python_decorator' retrieved from /home/airflow/.local/lib/python3.12/site-packages/airflow/example_dags/example_python_decorator.py
[2024-05-28T18:08:54.798+0000] {logging_mixin.py:188} INFO - [2024-05-28T18:08:54.797+0000] {dag.py:3096} INFO - Sync 1 DAGs
[2024-05-28T18:08:54.851+0000] {logging_mixin.py:188} INFO - [2024-05-28T18:08:54.850+0000] {dag.py:3954} INFO - Setting next_dagrun for example_python_decorator to None, run_after=None
[2024-05-28T18:08:54.927+0000] {processor.py:183} INFO - Processing /home/airflow/.local/lib/python3.12/site-packages/airflow/example_dags/example_python_decorator.py took 0.348 seconds
[2024-05-28T18:09:25.632+0000] {processor.py:161} INFO - Started process (PID=303) to work on /home/airflow/.local/lib/python3.12/site-packages/airflow/example_dags/example_python_decorator.py
[2024-05-28T18:09:25.635+0000] {processor.py:830} INFO - Processing file /home/airflow/.local/lib/python3.12/site-packages/airflow/example_dags/example_python_decorator.py for tasks to queue
[2024-05-28T18:09:25.640+0000] {logging_mixin.py:188} INFO - [2024-05-28T18:09:25.640+0000] {dagbag.py:545} INFO - Filling up the DagBag from /home/airflow/.local/lib/python3.12/site-packages/airflow/example_dags/example_python_decorator.py
[2024-05-28T18:09:25.693+0000] {processor.py:840} INFO - DAG(s) 'example_python_decorator' retrieved from /home/airflow/.local/lib/python3.12/site-packages/airflow/example_dags/example_python_decorator.py
[2024-05-28T18:09:25.786+0000] {logging_mixin.py:188} INFO - [2024-05-28T18:09:25.785+0000] {dag.py:3096} INFO - Sync 1 DAGs
[2024-05-28T18:09:25.828+0000] {logging_mixin.py:188} INFO - [2024-05-28T18:09:25.828+0000] {dag.py:3954} INFO - Setting next_dagrun for example_python_decorator to None, run_after=None
[2024-05-28T18:09:25.889+0000] {processor.py:183} INFO - Processing /home/airflow/.local/lib/python3.12/site-packages/airflow/example_dags/example_python_decorator.py took 0.296 seconds
[2024-05-28T18:09:56.441+0000] {processor.py:161} INFO - Started process (PID=361) to work on /home/airflow/.local/lib/python3.12/site-packages/airflow/example_dags/example_python_decorator.py
[2024-05-28T18:09:56.444+0000] {processor.py:830} INFO - Processing file /home/airflow/.local/lib/python3.12/site-packages/airflow/example_dags/example_python_decorator.py for tasks to queue
[2024-05-28T18:09:56.454+0000] {logging_mixin.py:188} INFO - [2024-05-28T18:09:56.453+0000] {dagbag.py:545} INFO - Filling up the DagBag from /home/airflow/.local/lib/python3.12/site-packages/airflow/example_dags/example_python_decorator.py
[2024-05-28T18:09:56.489+0000] {processor.py:840} INFO - DAG(s) 'example_python_decorator' retrieved from /home/airflow/.local/lib/python3.12/site-packages/airflow/example_dags/example_python_decorator.py
[2024-05-28T18:09:56.552+0000] {logging_mixin.py:188} INFO - [2024-05-28T18:09:56.551+0000] {dag.py:3096} INFO - Sync 1 DAGs
[2024-05-28T18:09:56.590+0000] {logging_mixin.py:188} INFO - [2024-05-28T18:09:56.589+0000] {dag.py:3954} INFO - Setting next_dagrun for example_python_decorator to None, run_after=None
[2024-05-28T18:09:56.647+0000] {processor.py:183} INFO - Processing /home/airflow/.local/lib/python3.12/site-packages/airflow/example_dags/example_python_decorator.py took 0.221 seconds
[2024-05-28T18:10:27.198+0000] {processor.py:161} INFO - Started process (PID=420) to work on /home/airflow/.local/lib/python3.12/site-packages/airflow/example_dags/example_python_decorator.py
[2024-05-28T18:10:27.201+0000] {processor.py:830} INFO - Processing file /home/airflow/.local/lib/python3.12/site-packages/airflow/example_dags/example_python_decorator.py for tasks to queue
[2024-05-28T18:10:27.207+0000] {logging_mixin.py:188} INFO - [2024-05-28T18:10:27.206+0000] {dagbag.py:545} INFO - Filling up the DagBag from /home/airflow/.local/lib/python3.12/site-packages/airflow/example_dags/example_python_decorator.py
[2024-05-28T18:10:27.248+0000] {processor.py:840} INFO - DAG(s) 'example_python_decorator' retrieved from /home/airflow/.local/lib/python3.12/site-packages/airflow/example_dags/example_python_decorator.py
[2024-05-28T18:10:27.308+0000] {logging_mixin.py:188} INFO - [2024-05-28T18:10:27.307+0000] {dag.py:3096} INFO - Sync 1 DAGs
[2024-05-28T18:10:27.341+0000] {logging_mixin.py:188} INFO - [2024-05-28T18:10:27.340+0000] {dag.py:3954} INFO - Setting next_dagrun for example_python_decorator to None, run_after=None
[2024-05-28T18:10:27.389+0000] {processor.py:183} INFO - Processing /home/airflow/.local/lib/python3.12/site-packages/airflow/example_dags/example_python_decorator.py took 0.207 seconds
[2024-05-28T18:10:57.603+0000] {processor.py:161} INFO - Started process (PID=478) to work on /home/airflow/.local/lib/python3.12/site-packages/airflow/example_dags/example_python_decorator.py
[2024-05-28T18:10:57.606+0000] {processor.py:830} INFO - Processing file /home/airflow/.local/lib/python3.12/site-packages/airflow/example_dags/example_python_decorator.py for tasks to queue
[2024-05-28T18:10:57.611+0000] {logging_mixin.py:188} INFO - [2024-05-28T18:10:57.610+0000] {dagbag.py:545} INFO - Filling up the DagBag from /home/airflow/.local/lib/python3.12/site-packages/airflow/example_dags/example_python_decorator.py
[2024-05-28T18:10:57.652+0000] {processor.py:840} INFO - DAG(s) 'example_python_decorator' retrieved from /home/airflow/.local/lib/python3.12/site-packages/airflow/example_dags/example_python_decorator.py
[2024-05-28T18:10:57.710+0000] {logging_mixin.py:188} INFO - [2024-05-28T18:10:57.710+0000] {dag.py:3096} INFO - Sync 1 DAGs
[2024-05-28T18:10:57.746+0000] {logging_mixin.py:188} INFO - [2024-05-28T18:10:57.745+0000] {dag.py:3954} INFO - Setting next_dagrun for example_python_decorator to None, run_after=None
[2024-05-28T18:10:57.801+0000] {processor.py:183} INFO - Processing /home/airflow/.local/lib/python3.12/site-packages/airflow/example_dags/example_python_decorator.py took 0.216 seconds
[2024-05-28T18:11:35.578+0000] {processor.py:161} INFO - Started process (PID=534) to work on /home/airflow/.local/lib/python3.12/site-packages/airflow/example_dags/example_python_decorator.py
[2024-05-28T18:11:35.587+0000] {processor.py:830} INFO - Processing file /home/airflow/.local/lib/python3.12/site-packages/airflow/example_dags/example_python_decorator.py for tasks to queue
[2024-05-28T18:11:35.607+0000] {logging_mixin.py:188} INFO - [2024-05-28T18:11:35.605+0000] {dagbag.py:545} INFO - Filling up the DagBag from /home/airflow/.local/lib/python3.12/site-packages/airflow/example_dags/example_python_decorator.py
[2024-05-28T18:11:35.692+0000] {processor.py:840} INFO - DAG(s) 'example_python_decorator' retrieved from /home/airflow/.local/lib/python3.12/site-packages/airflow/example_dags/example_python_decorator.py
[2024-05-28T18:11:35.837+0000] {logging_mixin.py:188} INFO - [2024-05-28T18:11:35.837+0000] {dag.py:3096} INFO - Sync 1 DAGs
[2024-05-28T18:11:35.926+0000] {logging_mixin.py:188} INFO - [2024-05-28T18:11:35.925+0000] {dag.py:3954} INFO - Setting next_dagrun for example_python_decorator to None, run_after=None
[2024-05-28T18:11:36.049+0000] {processor.py:183} INFO - Processing /home/airflow/.local/lib/python3.12/site-packages/airflow/example_dags/example_python_decorator.py took 0.533 seconds
[2024-05-28T18:12:06.255+0000] {processor.py:161} INFO - Started process (PID=592) to work on /home/airflow/.local/lib/python3.12/site-packages/airflow/example_dags/example_python_decorator.py
[2024-05-28T18:12:06.258+0000] {processor.py:830} INFO - Processing file /home/airflow/.local/lib/python3.12/site-packages/airflow/example_dags/example_python_decorator.py for tasks to queue
[2024-05-28T18:12:06.264+0000] {logging_mixin.py:188} INFO - [2024-05-28T18:12:06.263+0000] {dagbag.py:545} INFO - Filling up the DagBag from /home/airflow/.local/lib/python3.12/site-packages/airflow/example_dags/example_python_decorator.py
[2024-05-28T18:12:06.310+0000] {processor.py:840} INFO - DAG(s) 'example_python_decorator' retrieved from /home/airflow/.local/lib/python3.12/site-packages/airflow/example_dags/example_python_decorator.py
[2024-05-28T18:12:06.386+0000] {logging_mixin.py:188} INFO - [2024-05-28T18:12:06.385+0000] {dag.py:3096} INFO - Sync 1 DAGs
[2024-05-28T18:12:06.432+0000] {logging_mixin.py:188} INFO - [2024-05-28T18:12:06.430+0000] {dag.py:3954} INFO - Setting next_dagrun for example_python_decorator to None, run_after=None
[2024-05-28T18:12:06.542+0000] {processor.py:183} INFO - Processing /home/airflow/.local/lib/python3.12/site-packages/airflow/example_dags/example_python_decorator.py took 0.308 seconds
[2024-05-28T18:12:37.986+0000] {processor.py:161} INFO - Started process (PID=650) to work on /home/airflow/.local/lib/python3.12/site-packages/airflow/example_dags/example_python_decorator.py
[2024-05-28T18:12:37.993+0000] {processor.py:830} INFO - Processing file /home/airflow/.local/lib/python3.12/site-packages/airflow/example_dags/example_python_decorator.py for tasks to queue
[2024-05-28T18:12:38.003+0000] {logging_mixin.py:188} INFO - [2024-05-28T18:12:37.999+0000] {dagbag.py:545} INFO - Filling up the DagBag from /home/airflow/.local/lib/python3.12/site-packages/airflow/example_dags/example_python_decorator.py
[2024-05-28T18:12:38.074+0000] {processor.py:840} INFO - DAG(s) 'example_python_decorator' retrieved from /home/airflow/.local/lib/python3.12/site-packages/airflow/example_dags/example_python_decorator.py
[2024-05-28T18:12:38.176+0000] {logging_mixin.py:188} INFO - [2024-05-28T18:12:38.175+0000] {dag.py:3096} INFO - Sync 1 DAGs
[2024-05-28T18:12:38.216+0000] {logging_mixin.py:188} INFO - [2024-05-28T18:12:38.216+0000] {dag.py:3954} INFO - Setting next_dagrun for example_python_decorator to None, run_after=None
[2024-05-28T18:12:38.261+0000] {processor.py:183} INFO - Processing /home/airflow/.local/lib/python3.12/site-packages/airflow/example_dags/example_python_decorator.py took 0.306 seconds
[2024-05-28T18:13:08.866+0000] {processor.py:161} INFO - Started process (PID=708) to work on /home/airflow/.local/lib/python3.12/site-packages/airflow/example_dags/example_python_decorator.py
[2024-05-28T18:13:08.870+0000] {processor.py:830} INFO - Processing file /home/airflow/.local/lib/python3.12/site-packages/airflow/example_dags/example_python_decorator.py for tasks to queue
[2024-05-28T18:13:08.880+0000] {logging_mixin.py:188} INFO - [2024-05-28T18:13:08.879+0000] {dagbag.py:545} INFO - Filling up the DagBag from /home/airflow/.local/lib/python3.12/site-packages/airflow/example_dags/example_python_decorator.py
[2024-05-28T18:13:08.945+0000] {processor.py:840} INFO - DAG(s) 'example_python_decorator' retrieved from /home/airflow/.local/lib/python3.12/site-packages/airflow/example_dags/example_python_decorator.py
[2024-05-28T18:13:09.018+0000] {logging_mixin.py:188} INFO - [2024-05-28T18:13:09.017+0000] {dag.py:3096} INFO - Sync 1 DAGs
[2024-05-28T18:13:09.054+0000] {logging_mixin.py:188} INFO - [2024-05-28T18:13:09.053+0000] {dag.py:3954} INFO - Setting next_dagrun for example_python_decorator to None, run_after=None
[2024-05-28T18:13:09.106+0000] {processor.py:183} INFO - Processing /home/airflow/.local/lib/python3.12/site-packages/airflow/example_dags/example_python_decorator.py took 0.267 seconds
[2024-05-28T18:13:40.429+0000] {processor.py:161} INFO - Started process (PID=767) to work on /home/airflow/.local/lib/python3.12/site-packages/airflow/example_dags/example_python_decorator.py
[2024-05-28T18:13:40.438+0000] {processor.py:830} INFO - Processing file /home/airflow/.local/lib/python3.12/site-packages/airflow/example_dags/example_python_decorator.py for tasks to queue
[2024-05-28T18:13:40.452+0000] {logging_mixin.py:188} INFO - [2024-05-28T18:13:40.450+0000] {dagbag.py:545} INFO - Filling up the DagBag from /home/airflow/.local/lib/python3.12/site-packages/airflow/example_dags/example_python_decorator.py
[2024-05-28T18:13:40.605+0000] {processor.py:840} INFO - DAG(s) 'example_python_decorator' retrieved from /home/airflow/.local/lib/python3.12/site-packages/airflow/example_dags/example_python_decorator.py
[2024-05-28T18:13:40.840+0000] {logging_mixin.py:188} INFO - [2024-05-28T18:13:40.839+0000] {dag.py:3096} INFO - Sync 1 DAGs
[2024-05-28T18:13:41.004+0000] {logging_mixin.py:188} INFO - [2024-05-28T18:13:41.002+0000] {dag.py:3954} INFO - Setting next_dagrun for example_python_decorator to None, run_after=None
[2024-05-28T18:13:41.189+0000] {processor.py:183} INFO - Processing /home/airflow/.local/lib/python3.12/site-packages/airflow/example_dags/example_python_decorator.py took 0.806 seconds
[2024-05-28T18:14:12.849+0000] {processor.py:161} INFO - Started process (PID=825) to work on /home/airflow/.local/lib/python3.12/site-packages/airflow/example_dags/example_python_decorator.py
[2024-05-28T18:14:12.858+0000] {processor.py:830} INFO - Processing file /home/airflow/.local/lib/python3.12/site-packages/airflow/example_dags/example_python_decorator.py for tasks to queue
[2024-05-28T18:14:12.881+0000] {logging_mixin.py:188} INFO - [2024-05-28T18:14:12.880+0000] {dagbag.py:545} INFO - Filling up the DagBag from /home/airflow/.local/lib/python3.12/site-packages/airflow/example_dags/example_python_decorator.py
[2024-05-28T18:14:12.997+0000] {processor.py:840} INFO - DAG(s) 'example_python_decorator' retrieved from /home/airflow/.local/lib/python3.12/site-packages/airflow/example_dags/example_python_decorator.py
[2024-05-28T18:14:13.180+0000] {logging_mixin.py:188} INFO - [2024-05-28T18:14:13.179+0000] {dag.py:3096} INFO - Sync 1 DAGs
[2024-05-28T18:14:13.236+0000] {logging_mixin.py:188} INFO - [2024-05-28T18:14:13.236+0000] {dag.py:3954} INFO - Setting next_dagrun for example_python_decorator to None, run_after=None
[2024-05-28T18:14:13.351+0000] {processor.py:183} INFO - Processing /home/airflow/.local/lib/python3.12/site-packages/airflow/example_dags/example_python_decorator.py took 0.555 seconds
[2024-05-28T18:14:44.899+0000] {processor.py:161} INFO - Started process (PID=883) to work on /home/airflow/.local/lib/python3.12/site-packages/airflow/example_dags/example_python_decorator.py
[2024-05-28T18:14:44.913+0000] {processor.py:830} INFO - Processing file /home/airflow/.local/lib/python3.12/site-packages/airflow/example_dags/example_python_decorator.py for tasks to queue
[2024-05-28T18:14:44.925+0000] {logging_mixin.py:188} INFO - [2024-05-28T18:14:44.924+0000] {dagbag.py:545} INFO - Filling up the DagBag from /home/airflow/.local/lib/python3.12/site-packages/airflow/example_dags/example_python_decorator.py
[2024-05-28T18:14:45.039+0000] {processor.py:840} INFO - DAG(s) 'example_python_decorator' retrieved from /home/airflow/.local/lib/python3.12/site-packages/airflow/example_dags/example_python_decorator.py
[2024-05-28T18:14:45.223+0000] {logging_mixin.py:188} INFO - [2024-05-28T18:14:45.222+0000] {dag.py:3096} INFO - Sync 1 DAGs
[2024-05-28T18:14:45.332+0000] {logging_mixin.py:188} INFO - [2024-05-28T18:14:45.332+0000] {dag.py:3954} INFO - Setting next_dagrun for example_python_decorator to None, run_after=None
[2024-05-28T18:14:45.486+0000] {processor.py:183} INFO - Processing /home/airflow/.local/lib/python3.12/site-packages/airflow/example_dags/example_python_decorator.py took 0.628 seconds
[2024-05-28T18:15:17.161+0000] {processor.py:161} INFO - Started process (PID=941) to work on /home/airflow/.local/lib/python3.12/site-packages/airflow/example_dags/example_python_decorator.py
[2024-05-28T18:15:17.168+0000] {processor.py:830} INFO - Processing file /home/airflow/.local/lib/python3.12/site-packages/airflow/example_dags/example_python_decorator.py for tasks to queue
[2024-05-28T18:15:17.180+0000] {logging_mixin.py:188} INFO - [2024-05-28T18:15:17.178+0000] {dagbag.py:545} INFO - Filling up the DagBag from /home/airflow/.local/lib/python3.12/site-packages/airflow/example_dags/example_python_decorator.py
[2024-05-28T18:15:17.341+0000] {processor.py:840} INFO - DAG(s) 'example_python_decorator' retrieved from /home/airflow/.local/lib/python3.12/site-packages/airflow/example_dags/example_python_decorator.py
[2024-05-28T18:15:17.607+0000] {logging_mixin.py:188} INFO - [2024-05-28T18:15:17.606+0000] {dag.py:3096} INFO - Sync 1 DAGs
[2024-05-28T18:15:17.823+0000] {logging_mixin.py:188} INFO - [2024-05-28T18:15:17.822+0000] {dag.py:3954} INFO - Setting next_dagrun for example_python_decorator to None, run_after=None
[2024-05-28T18:15:18.156+0000] {processor.py:183} INFO - Processing /home/airflow/.local/lib/python3.12/site-packages/airflow/example_dags/example_python_decorator.py took 1.044 seconds
[2024-05-28T18:15:48.822+0000] {processor.py:161} INFO - Started process (PID=998) to work on /home/airflow/.local/lib/python3.12/site-packages/airflow/example_dags/example_python_decorator.py
[2024-05-28T18:15:48.840+0000] {processor.py:830} INFO - Processing file /home/airflow/.local/lib/python3.12/site-packages/airflow/example_dags/example_python_decorator.py for tasks to queue
[2024-05-28T18:15:48.854+0000] {logging_mixin.py:188} INFO - [2024-05-28T18:15:48.848+0000] {dagbag.py:545} INFO - Filling up the DagBag from /home/airflow/.local/lib/python3.12/site-packages/airflow/example_dags/example_python_decorator.py
[2024-05-28T18:15:48.994+0000] {processor.py:840} INFO - DAG(s) 'example_python_decorator' retrieved from /home/airflow/.local/lib/python3.12/site-packages/airflow/example_dags/example_python_decorator.py
[2024-05-28T18:15:49.250+0000] {logging_mixin.py:188} INFO - [2024-05-28T18:15:49.249+0000] {dag.py:3096} INFO - Sync 1 DAGs
[2024-05-28T18:15:49.411+0000] {logging_mixin.py:188} INFO - [2024-05-28T18:15:49.410+0000] {dag.py:3954} INFO - Setting next_dagrun for example_python_decorator to None, run_after=None
[2024-05-28T18:15:49.592+0000] {processor.py:183} INFO - Processing /home/airflow/.local/lib/python3.12/site-packages/airflow/example_dags/example_python_decorator.py took 0.818 seconds
[2024-05-28T18:16:23.910+0000] {processor.py:161} INFO - Started process (PID=1063) to work on /home/airflow/.local/lib/python3.12/site-packages/airflow/example_dags/example_python_decorator.py
[2024-05-28T18:16:23.914+0000] {processor.py:830} INFO - Processing file /home/airflow/.local/lib/python3.12/site-packages/airflow/example_dags/example_python_decorator.py for tasks to queue
[2024-05-28T18:16:23.932+0000] {logging_mixin.py:188} INFO - [2024-05-28T18:16:23.930+0000] {dagbag.py:545} INFO - Filling up the DagBag from /home/airflow/.local/lib/python3.12/site-packages/airflow/example_dags/example_python_decorator.py
[2024-05-28T18:16:24.085+0000] {processor.py:840} INFO - DAG(s) 'example_python_decorator' retrieved from /home/airflow/.local/lib/python3.12/site-packages/airflow/example_dags/example_python_decorator.py
[2024-05-28T18:16:24.252+0000] {logging_mixin.py:188} INFO - [2024-05-28T18:16:24.251+0000] {dag.py:3096} INFO - Sync 1 DAGs
[2024-05-28T18:16:24.419+0000] {logging_mixin.py:188} INFO - [2024-05-28T18:16:24.419+0000] {dag.py:3954} INFO - Setting next_dagrun for example_python_decorator to None, run_after=None
[2024-05-28T18:16:24.596+0000] {processor.py:183} INFO - Processing /home/airflow/.local/lib/python3.12/site-packages/airflow/example_dags/example_python_decorator.py took 0.721 seconds
[2024-05-28T18:16:55.401+0000] {processor.py:161} INFO - Started process (PID=1120) to work on /home/airflow/.local/lib/python3.12/site-packages/airflow/example_dags/example_python_decorator.py
[2024-05-28T18:16:55.409+0000] {processor.py:830} INFO - Processing file /home/airflow/.local/lib/python3.12/site-packages/airflow/example_dags/example_python_decorator.py for tasks to queue
[2024-05-28T18:16:55.419+0000] {logging_mixin.py:188} INFO - [2024-05-28T18:16:55.418+0000] {dagbag.py:545} INFO - Filling up the DagBag from /home/airflow/.local/lib/python3.12/site-packages/airflow/example_dags/example_python_decorator.py
[2024-05-28T18:16:55.516+0000] {processor.py:840} INFO - DAG(s) 'example_python_decorator' retrieved from /home/airflow/.local/lib/python3.12/site-packages/airflow/example_dags/example_python_decorator.py
[2024-05-28T18:16:55.605+0000] {logging_mixin.py:188} INFO - [2024-05-28T18:16:55.605+0000] {dag.py:3096} INFO - Sync 1 DAGs
[2024-05-28T18:16:55.681+0000] {logging_mixin.py:188} INFO - [2024-05-28T18:16:55.681+0000] {dag.py:3954} INFO - Setting next_dagrun for example_python_decorator to None, run_after=None
[2024-05-28T18:16:55.773+0000] {processor.py:183} INFO - Processing /home/airflow/.local/lib/python3.12/site-packages/airflow/example_dags/example_python_decorator.py took 0.421 seconds
[2024-05-28T18:17:26.025+0000] {processor.py:161} INFO - Started process (PID=1178) to work on /home/airflow/.local/lib/python3.12/site-packages/airflow/example_dags/example_python_decorator.py
[2024-05-28T18:17:26.029+0000] {processor.py:830} INFO - Processing file /home/airflow/.local/lib/python3.12/site-packages/airflow/example_dags/example_python_decorator.py for tasks to queue
[2024-05-28T18:17:26.035+0000] {logging_mixin.py:188} INFO - [2024-05-28T18:17:26.034+0000] {dagbag.py:545} INFO - Filling up the DagBag from /home/airflow/.local/lib/python3.12/site-packages/airflow/example_dags/example_python_decorator.py
[2024-05-28T18:17:26.087+0000] {processor.py:840} INFO - DAG(s) 'example_python_decorator' retrieved from /home/airflow/.local/lib/python3.12/site-packages/airflow/example_dags/example_python_decorator.py
[2024-05-28T18:17:26.162+0000] {logging_mixin.py:188} INFO - [2024-05-28T18:17:26.162+0000] {dag.py:3096} INFO - Sync 1 DAGs
[2024-05-28T18:17:26.207+0000] {logging_mixin.py:188} INFO - [2024-05-28T18:17:26.206+0000] {dag.py:3954} INFO - Setting next_dagrun for example_python_decorator to None, run_after=None
[2024-05-28T18:17:26.267+0000] {processor.py:183} INFO - Processing /home/airflow/.local/lib/python3.12/site-packages/airflow/example_dags/example_python_decorator.py took 0.271 seconds
[2024-05-28T18:17:58.374+0000] {processor.py:161} INFO - Started process (PID=1235) to work on /home/airflow/.local/lib/python3.12/site-packages/airflow/example_dags/example_python_decorator.py
[2024-05-28T18:17:58.378+0000] {processor.py:830} INFO - Processing file /home/airflow/.local/lib/python3.12/site-packages/airflow/example_dags/example_python_decorator.py for tasks to queue
[2024-05-28T18:17:58.392+0000] {logging_mixin.py:188} INFO - [2024-05-28T18:17:58.390+0000] {dagbag.py:545} INFO - Filling up the DagBag from /home/airflow/.local/lib/python3.12/site-packages/airflow/example_dags/example_python_decorator.py
[2024-05-28T18:17:58.471+0000] {processor.py:840} INFO - DAG(s) 'example_python_decorator' retrieved from /home/airflow/.local/lib/python3.12/site-packages/airflow/example_dags/example_python_decorator.py
[2024-05-28T18:17:58.604+0000] {logging_mixin.py:188} INFO - [2024-05-28T18:17:58.604+0000] {dag.py:3096} INFO - Sync 1 DAGs
[2024-05-28T18:17:58.695+0000] {logging_mixin.py:188} INFO - [2024-05-28T18:17:58.695+0000] {dag.py:3954} INFO - Setting next_dagrun for example_python_decorator to None, run_after=None
[2024-05-28T18:17:58.819+0000] {processor.py:183} INFO - Processing /home/airflow/.local/lib/python3.12/site-packages/airflow/example_dags/example_python_decorator.py took 0.482 seconds
[2024-05-28T18:18:29.257+0000] {processor.py:161} INFO - Started process (PID=1292) to work on /home/airflow/.local/lib/python3.12/site-packages/airflow/example_dags/example_python_decorator.py
[2024-05-28T18:18:29.259+0000] {processor.py:830} INFO - Processing file /home/airflow/.local/lib/python3.12/site-packages/airflow/example_dags/example_python_decorator.py for tasks to queue
[2024-05-28T18:18:29.263+0000] {logging_mixin.py:188} INFO - [2024-05-28T18:18:29.262+0000] {dagbag.py:545} INFO - Filling up the DagBag from /home/airflow/.local/lib/python3.12/site-packages/airflow/example_dags/example_python_decorator.py
[2024-05-28T18:18:29.295+0000] {processor.py:840} INFO - DAG(s) 'example_python_decorator' retrieved from /home/airflow/.local/lib/python3.12/site-packages/airflow/example_dags/example_python_decorator.py
[2024-05-28T18:18:29.348+0000] {logging_mixin.py:188} INFO - [2024-05-28T18:18:29.348+0000] {dag.py:3096} INFO - Sync 1 DAGs
[2024-05-28T18:18:29.380+0000] {logging_mixin.py:188} INFO - [2024-05-28T18:18:29.379+0000] {dag.py:3954} INFO - Setting next_dagrun for example_python_decorator to None, run_after=None
[2024-05-28T18:18:29.446+0000] {processor.py:183} INFO - Processing /home/airflow/.local/lib/python3.12/site-packages/airflow/example_dags/example_python_decorator.py took 0.205 seconds
[2024-05-28T18:19:00.071+0000] {processor.py:161} INFO - Started process (PID=1349) to work on /home/airflow/.local/lib/python3.12/site-packages/airflow/example_dags/example_python_decorator.py
[2024-05-28T18:19:00.073+0000] {processor.py:830} INFO - Processing file /home/airflow/.local/lib/python3.12/site-packages/airflow/example_dags/example_python_decorator.py for tasks to queue
[2024-05-28T18:19:00.077+0000] {logging_mixin.py:188} INFO - [2024-05-28T18:19:00.076+0000] {dagbag.py:545} INFO - Filling up the DagBag from /home/airflow/.local/lib/python3.12/site-packages/airflow/example_dags/example_python_decorator.py
[2024-05-28T18:19:00.107+0000] {processor.py:840} INFO - DAG(s) 'example_python_decorator' retrieved from /home/airflow/.local/lib/python3.12/site-packages/airflow/example_dags/example_python_decorator.py
[2024-05-28T18:19:00.229+0000] {logging_mixin.py:188} INFO - [2024-05-28T18:19:00.228+0000] {dag.py:3096} INFO - Sync 1 DAGs
[2024-05-28T18:19:00.377+0000] {logging_mixin.py:188} INFO - [2024-05-28T18:19:00.375+0000] {dag.py:3954} INFO - Setting next_dagrun for example_python_decorator to None, run_after=None
[2024-05-28T18:19:00.647+0000] {processor.py:183} INFO - Processing /home/airflow/.local/lib/python3.12/site-packages/airflow/example_dags/example_python_decorator.py took 0.588 seconds
[2024-05-28T18:19:31.367+0000] {processor.py:161} INFO - Started process (PID=1407) to work on /home/airflow/.local/lib/python3.12/site-packages/airflow/example_dags/example_python_decorator.py
[2024-05-28T18:19:31.369+0000] {processor.py:830} INFO - Processing file /home/airflow/.local/lib/python3.12/site-packages/airflow/example_dags/example_python_decorator.py for tasks to queue
[2024-05-28T18:19:31.375+0000] {logging_mixin.py:188} INFO - [2024-05-28T18:19:31.374+0000] {dagbag.py:545} INFO - Filling up the DagBag from /home/airflow/.local/lib/python3.12/site-packages/airflow/example_dags/example_python_decorator.py
[2024-05-28T18:19:31.416+0000] {processor.py:840} INFO - DAG(s) 'example_python_decorator' retrieved from /home/airflow/.local/lib/python3.12/site-packages/airflow/example_dags/example_python_decorator.py
[2024-05-28T18:19:31.499+0000] {logging_mixin.py:188} INFO - [2024-05-28T18:19:31.499+0000] {dag.py:3096} INFO - Sync 1 DAGs
[2024-05-28T18:19:31.543+0000] {logging_mixin.py:188} INFO - [2024-05-28T18:19:31.543+0000] {dag.py:3954} INFO - Setting next_dagrun for example_python_decorator to None, run_after=None
[2024-05-28T18:19:31.596+0000] {processor.py:183} INFO - Processing /home/airflow/.local/lib/python3.12/site-packages/airflow/example_dags/example_python_decorator.py took 0.250 seconds
[2024-05-28T18:20:01.904+0000] {processor.py:161} INFO - Started process (PID=1465) to work on /home/airflow/.local/lib/python3.12/site-packages/airflow/example_dags/example_python_decorator.py
[2024-05-28T18:20:01.908+0000] {processor.py:830} INFO - Processing file /home/airflow/.local/lib/python3.12/site-packages/airflow/example_dags/example_python_decorator.py for tasks to queue
[2024-05-28T18:20:01.913+0000] {logging_mixin.py:188} INFO - [2024-05-28T18:20:01.912+0000] {dagbag.py:545} INFO - Filling up the DagBag from /home/airflow/.local/lib/python3.12/site-packages/airflow/example_dags/example_python_decorator.py
[2024-05-28T18:20:01.962+0000] {processor.py:840} INFO - DAG(s) 'example_python_decorator' retrieved from /home/airflow/.local/lib/python3.12/site-packages/airflow/example_dags/example_python_decorator.py
[2024-05-28T18:20:02.066+0000] {logging_mixin.py:188} INFO - [2024-05-28T18:20:02.065+0000] {dag.py:3096} INFO - Sync 1 DAGs
[2024-05-28T18:20:02.102+0000] {logging_mixin.py:188} INFO - [2024-05-28T18:20:02.101+0000] {dag.py:3954} INFO - Setting next_dagrun for example_python_decorator to None, run_after=None
[2024-05-28T18:20:02.152+0000] {processor.py:183} INFO - Processing /home/airflow/.local/lib/python3.12/site-packages/airflow/example_dags/example_python_decorator.py took 0.268 seconds
[2024-05-28T18:20:33.021+0000] {processor.py:161} INFO - Started process (PID=1523) to work on /home/airflow/.local/lib/python3.12/site-packages/airflow/example_dags/example_python_decorator.py
[2024-05-28T18:20:33.033+0000] {processor.py:830} INFO - Processing file /home/airflow/.local/lib/python3.12/site-packages/airflow/example_dags/example_python_decorator.py for tasks to queue
[2024-05-28T18:20:33.051+0000] {logging_mixin.py:188} INFO - [2024-05-28T18:20:33.050+0000] {dagbag.py:545} INFO - Filling up the DagBag from /home/airflow/.local/lib/python3.12/site-packages/airflow/example_dags/example_python_decorator.py
[2024-05-28T18:20:33.189+0000] {processor.py:840} INFO - DAG(s) 'example_python_decorator' retrieved from /home/airflow/.local/lib/python3.12/site-packages/airflow/example_dags/example_python_decorator.py
[2024-05-28T18:20:33.360+0000] {logging_mixin.py:188} INFO - [2024-05-28T18:20:33.358+0000] {dag.py:3096} INFO - Sync 1 DAGs
[2024-05-28T18:20:33.417+0000] {logging_mixin.py:188} INFO - [2024-05-28T18:20:33.416+0000] {dag.py:3954} INFO - Setting next_dagrun for example_python_decorator to None, run_after=None
[2024-05-28T18:20:33.511+0000] {processor.py:183} INFO - Processing /home/airflow/.local/lib/python3.12/site-packages/airflow/example_dags/example_python_decorator.py took 0.555 seconds
[2024-05-28T18:21:04.308+0000] {processor.py:161} INFO - Started process (PID=1581) to work on /home/airflow/.local/lib/python3.12/site-packages/airflow/example_dags/example_python_decorator.py
[2024-05-28T18:21:04.311+0000] {processor.py:830} INFO - Processing file /home/airflow/.local/lib/python3.12/site-packages/airflow/example_dags/example_python_decorator.py for tasks to queue
[2024-05-28T18:21:04.317+0000] {logging_mixin.py:188} INFO - [2024-05-28T18:21:04.316+0000] {dagbag.py:545} INFO - Filling up the DagBag from /home/airflow/.local/lib/python3.12/site-packages/airflow/example_dags/example_python_decorator.py
[2024-05-28T18:21:04.350+0000] {processor.py:840} INFO - DAG(s) 'example_python_decorator' retrieved from /home/airflow/.local/lib/python3.12/site-packages/airflow/example_dags/example_python_decorator.py
[2024-05-28T18:21:04.410+0000] {logging_mixin.py:188} INFO - [2024-05-28T18:21:04.409+0000] {dag.py:3096} INFO - Sync 1 DAGs
[2024-05-28T18:21:04.456+0000] {logging_mixin.py:188} INFO - [2024-05-28T18:21:04.456+0000] {dag.py:3954} INFO - Setting next_dagrun for example_python_decorator to None, run_after=None
[2024-05-28T18:21:04.515+0000] {processor.py:183} INFO - Processing /home/airflow/.local/lib/python3.12/site-packages/airflow/example_dags/example_python_decorator.py took 0.225 seconds
[2024-05-28T18:21:38.467+0000] {processor.py:161} INFO - Started process (PID=1639) to work on /home/airflow/.local/lib/python3.12/site-packages/airflow/example_dags/example_python_decorator.py
[2024-05-28T18:21:38.478+0000] {processor.py:830} INFO - Processing file /home/airflow/.local/lib/python3.12/site-packages/airflow/example_dags/example_python_decorator.py for tasks to queue
[2024-05-28T18:21:38.485+0000] {logging_mixin.py:188} INFO - [2024-05-28T18:21:38.484+0000] {dagbag.py:545} INFO - Filling up the DagBag from /home/airflow/.local/lib/python3.12/site-packages/airflow/example_dags/example_python_decorator.py
[2024-05-28T18:21:38.626+0000] {processor.py:840} INFO - DAG(s) 'example_python_decorator' retrieved from /home/airflow/.local/lib/python3.12/site-packages/airflow/example_dags/example_python_decorator.py
[2024-05-28T18:21:38.809+0000] {logging_mixin.py:188} INFO - [2024-05-28T18:21:38.807+0000] {dag.py:3096} INFO - Sync 1 DAGs
[2024-05-28T18:21:38.946+0000] {logging_mixin.py:188} INFO - [2024-05-28T18:21:38.945+0000] {dag.py:3954} INFO - Setting next_dagrun for example_python_decorator to None, run_after=None
[2024-05-28T18:21:39.255+0000] {processor.py:183} INFO - Processing /home/airflow/.local/lib/python3.12/site-packages/airflow/example_dags/example_python_decorator.py took 0.863 seconds
