[2024-05-28T18:07:03.926+0000] {processor.py:161} INFO - Started process (PID=53) to work on /home/airflow/.local/lib/python3.12/site-packages/airflow/example_dags/example_xcom.py
[2024-05-28T18:07:03.973+0000] {processor.py:830} INFO - Processing file /home/airflow/.local/lib/python3.12/site-packages/airflow/example_dags/example_xcom.py for tasks to queue
[2024-05-28T18:07:04.011+0000] {logging_mixin.py:188} INFO - [2024-05-28T18:07:04.007+0000] {dagbag.py:545} INFO - Filling up the DagBag from /home/airflow/.local/lib/python3.12/site-packages/airflow/example_dags/example_xcom.py
[2024-05-28T18:07:04.349+0000] {processor.py:840} INFO - DAG(s) 'example_xcom' retrieved from /home/airflow/.local/lib/python3.12/site-packages/airflow/example_dags/example_xcom.py
[2024-05-28T18:07:08.089+0000] {logging_mixin.py:188} INFO - [2024-05-28T18:07:08.086+0000] {dag.py:3096} INFO - Sync 1 DAGs
[2024-05-28T18:07:08.462+0000] {logging_mixin.py:188} INFO - [2024-05-28T18:07:08.461+0000] {dag.py:3954} INFO - Setting next_dagrun for example_xcom to 2021-01-01 00:00:00+00:00, run_after=2021-01-01 00:00:00+00:00
[2024-05-28T18:07:08.748+0000] {processor.py:183} INFO - Processing /home/airflow/.local/lib/python3.12/site-packages/airflow/example_dags/example_xcom.py took 4.899 seconds
[2024-05-28T18:07:45.328+0000] {processor.py:161} INFO - Started process (PID=111) to work on /home/airflow/.local/lib/python3.12/site-packages/airflow/example_dags/example_xcom.py
[2024-05-28T18:07:45.331+0000] {processor.py:830} INFO - Processing file /home/airflow/.local/lib/python3.12/site-packages/airflow/example_dags/example_xcom.py for tasks to queue
[2024-05-28T18:07:45.336+0000] {logging_mixin.py:188} INFO - [2024-05-28T18:07:45.336+0000] {dagbag.py:545} INFO - Filling up the DagBag from /home/airflow/.local/lib/python3.12/site-packages/airflow/example_dags/example_xcom.py
[2024-05-28T18:07:45.362+0000] {processor.py:840} INFO - DAG(s) 'example_xcom' retrieved from /home/airflow/.local/lib/python3.12/site-packages/airflow/example_dags/example_xcom.py
[2024-05-28T18:07:45.436+0000] {logging_mixin.py:188} INFO - [2024-05-28T18:07:45.435+0000] {dag.py:3096} INFO - Sync 1 DAGs
[2024-05-28T18:07:45.514+0000] {logging_mixin.py:188} INFO - [2024-05-28T18:07:45.513+0000] {dag.py:3954} INFO - Setting next_dagrun for example_xcom to 2021-01-01 00:00:00+00:00, run_after=2021-01-01 00:00:00+00:00
[2024-05-28T18:07:45.569+0000] {processor.py:183} INFO - Processing /home/airflow/.local/lib/python3.12/site-packages/airflow/example_dags/example_xcom.py took 0.261 seconds
[2024-05-28T18:08:16.007+0000] {processor.py:161} INFO - Started process (PID=164) to work on /home/airflow/.local/lib/python3.12/site-packages/airflow/example_dags/example_xcom.py
[2024-05-28T18:08:16.010+0000] {processor.py:830} INFO - Processing file /home/airflow/.local/lib/python3.12/site-packages/airflow/example_dags/example_xcom.py for tasks to queue
[2024-05-28T18:08:16.023+0000] {logging_mixin.py:188} INFO - [2024-05-28T18:08:16.022+0000] {dagbag.py:545} INFO - Filling up the DagBag from /home/airflow/.local/lib/python3.12/site-packages/airflow/example_dags/example_xcom.py
[2024-05-28T18:08:16.072+0000] {processor.py:840} INFO - DAG(s) 'example_xcom' retrieved from /home/airflow/.local/lib/python3.12/site-packages/airflow/example_dags/example_xcom.py
[2024-05-28T18:08:16.156+0000] {logging_mixin.py:188} INFO - [2024-05-28T18:08:16.155+0000] {dag.py:3096} INFO - Sync 1 DAGs
[2024-05-28T18:08:16.249+0000] {logging_mixin.py:188} INFO - [2024-05-28T18:08:16.249+0000] {dag.py:3954} INFO - Setting next_dagrun for example_xcom to 2021-01-01 00:00:00+00:00, run_after=2021-01-01 00:00:00+00:00
[2024-05-28T18:08:16.339+0000] {processor.py:183} INFO - Processing /home/airflow/.local/lib/python3.12/site-packages/airflow/example_dags/example_xcom.py took 0.352 seconds
[2024-05-28T18:08:46.914+0000] {processor.py:161} INFO - Started process (PID=220) to work on /home/airflow/.local/lib/python3.12/site-packages/airflow/example_dags/example_xcom.py
[2024-05-28T18:08:46.917+0000] {processor.py:830} INFO - Processing file /home/airflow/.local/lib/python3.12/site-packages/airflow/example_dags/example_xcom.py for tasks to queue
[2024-05-28T18:08:46.924+0000] {logging_mixin.py:188} INFO - [2024-05-28T18:08:46.923+0000] {dagbag.py:545} INFO - Filling up the DagBag from /home/airflow/.local/lib/python3.12/site-packages/airflow/example_dags/example_xcom.py
[2024-05-28T18:08:46.954+0000] {processor.py:840} INFO - DAG(s) 'example_xcom' retrieved from /home/airflow/.local/lib/python3.12/site-packages/airflow/example_dags/example_xcom.py
[2024-05-28T18:08:47.017+0000] {logging_mixin.py:188} INFO - [2024-05-28T18:08:47.017+0000] {dag.py:3096} INFO - Sync 1 DAGs
[2024-05-28T18:08:47.082+0000] {logging_mixin.py:188} INFO - [2024-05-28T18:08:47.081+0000] {dag.py:3954} INFO - Setting next_dagrun for example_xcom to 2021-01-01 00:00:00+00:00, run_after=2021-01-01 00:00:00+00:00
[2024-05-28T18:08:47.133+0000] {processor.py:183} INFO - Processing /home/airflow/.local/lib/python3.12/site-packages/airflow/example_dags/example_xcom.py took 0.247 seconds
[2024-05-28T18:09:17.306+0000] {processor.py:161} INFO - Started process (PID=278) to work on /home/airflow/.local/lib/python3.12/site-packages/airflow/example_dags/example_xcom.py
[2024-05-28T18:09:17.309+0000] {processor.py:830} INFO - Processing file /home/airflow/.local/lib/python3.12/site-packages/airflow/example_dags/example_xcom.py for tasks to queue
[2024-05-28T18:09:17.315+0000] {logging_mixin.py:188} INFO - [2024-05-28T18:09:17.314+0000] {dagbag.py:545} INFO - Filling up the DagBag from /home/airflow/.local/lib/python3.12/site-packages/airflow/example_dags/example_xcom.py
[2024-05-28T18:09:17.350+0000] {processor.py:840} INFO - DAG(s) 'example_xcom' retrieved from /home/airflow/.local/lib/python3.12/site-packages/airflow/example_dags/example_xcom.py
[2024-05-28T18:09:17.411+0000] {logging_mixin.py:188} INFO - [2024-05-28T18:09:17.411+0000] {dag.py:3096} INFO - Sync 1 DAGs
[2024-05-28T18:09:17.494+0000] {logging_mixin.py:188} INFO - [2024-05-28T18:09:17.493+0000] {dag.py:3954} INFO - Setting next_dagrun for example_xcom to 2021-01-01 00:00:00+00:00, run_after=2021-01-01 00:00:00+00:00
[2024-05-28T18:09:17.559+0000] {processor.py:183} INFO - Processing /home/airflow/.local/lib/python3.12/site-packages/airflow/example_dags/example_xcom.py took 0.269 seconds
[2024-05-28T18:09:48.283+0000] {processor.py:161} INFO - Started process (PID=335) to work on /home/airflow/.local/lib/python3.12/site-packages/airflow/example_dags/example_xcom.py
[2024-05-28T18:09:48.299+0000] {processor.py:830} INFO - Processing file /home/airflow/.local/lib/python3.12/site-packages/airflow/example_dags/example_xcom.py for tasks to queue
[2024-05-28T18:09:48.319+0000] {logging_mixin.py:188} INFO - [2024-05-28T18:09:48.317+0000] {dagbag.py:545} INFO - Filling up the DagBag from /home/airflow/.local/lib/python3.12/site-packages/airflow/example_dags/example_xcom.py
[2024-05-28T18:09:48.404+0000] {processor.py:840} INFO - DAG(s) 'example_xcom' retrieved from /home/airflow/.local/lib/python3.12/site-packages/airflow/example_dags/example_xcom.py
[2024-05-28T18:09:48.566+0000] {logging_mixin.py:188} INFO - [2024-05-28T18:09:48.563+0000] {dag.py:3096} INFO - Sync 1 DAGs
[2024-05-28T18:09:48.798+0000] {logging_mixin.py:188} INFO - [2024-05-28T18:09:48.796+0000] {dag.py:3954} INFO - Setting next_dagrun for example_xcom to 2021-01-01 00:00:00+00:00, run_after=2021-01-01 00:00:00+00:00
[2024-05-28T18:09:49.020+0000] {processor.py:183} INFO - Processing /home/airflow/.local/lib/python3.12/site-packages/airflow/example_dags/example_xcom.py took 0.795 seconds
[2024-05-28T18:10:19.504+0000] {processor.py:161} INFO - Started process (PID=399) to work on /home/airflow/.local/lib/python3.12/site-packages/airflow/example_dags/example_xcom.py
[2024-05-28T18:10:19.508+0000] {processor.py:830} INFO - Processing file /home/airflow/.local/lib/python3.12/site-packages/airflow/example_dags/example_xcom.py for tasks to queue
[2024-05-28T18:10:19.513+0000] {logging_mixin.py:188} INFO - [2024-05-28T18:10:19.512+0000] {dagbag.py:545} INFO - Filling up the DagBag from /home/airflow/.local/lib/python3.12/site-packages/airflow/example_dags/example_xcom.py
[2024-05-28T18:10:19.535+0000] {processor.py:840} INFO - DAG(s) 'example_xcom' retrieved from /home/airflow/.local/lib/python3.12/site-packages/airflow/example_dags/example_xcom.py
[2024-05-28T18:10:19.592+0000] {logging_mixin.py:188} INFO - [2024-05-28T18:10:19.592+0000] {dag.py:3096} INFO - Sync 1 DAGs
[2024-05-28T18:10:19.671+0000] {logging_mixin.py:188} INFO - [2024-05-28T18:10:19.670+0000] {dag.py:3954} INFO - Setting next_dagrun for example_xcom to 2021-01-01 00:00:00+00:00, run_after=2021-01-01 00:00:00+00:00
[2024-05-28T18:10:19.750+0000] {processor.py:183} INFO - Processing /home/airflow/.local/lib/python3.12/site-packages/airflow/example_dags/example_xcom.py took 0.262 seconds
[2024-05-28T18:10:49.987+0000] {processor.py:161} INFO - Started process (PID=455) to work on /home/airflow/.local/lib/python3.12/site-packages/airflow/example_dags/example_xcom.py
[2024-05-28T18:10:49.990+0000] {processor.py:830} INFO - Processing file /home/airflow/.local/lib/python3.12/site-packages/airflow/example_dags/example_xcom.py for tasks to queue
[2024-05-28T18:10:49.996+0000] {logging_mixin.py:188} INFO - [2024-05-28T18:10:49.995+0000] {dagbag.py:545} INFO - Filling up the DagBag from /home/airflow/.local/lib/python3.12/site-packages/airflow/example_dags/example_xcom.py
[2024-05-28T18:10:50.030+0000] {processor.py:840} INFO - DAG(s) 'example_xcom' retrieved from /home/airflow/.local/lib/python3.12/site-packages/airflow/example_dags/example_xcom.py
[2024-05-28T18:10:50.083+0000] {logging_mixin.py:188} INFO - [2024-05-28T18:10:50.082+0000] {dag.py:3096} INFO - Sync 1 DAGs
[2024-05-28T18:10:50.174+0000] {logging_mixin.py:188} INFO - [2024-05-28T18:10:50.173+0000] {dag.py:3954} INFO - Setting next_dagrun for example_xcom to 2021-01-01 00:00:00+00:00, run_after=2021-01-01 00:00:00+00:00
[2024-05-28T18:10:50.224+0000] {processor.py:183} INFO - Processing /home/airflow/.local/lib/python3.12/site-packages/airflow/example_dags/example_xcom.py took 0.263 seconds
[2024-05-28T18:11:20.941+0000] {processor.py:161} INFO - Started process (PID=513) to work on /home/airflow/.local/lib/python3.12/site-packages/airflow/example_dags/example_xcom.py
[2024-05-28T18:11:20.973+0000] {processor.py:830} INFO - Processing file /home/airflow/.local/lib/python3.12/site-packages/airflow/example_dags/example_xcom.py for tasks to queue
[2024-05-28T18:11:20.984+0000] {logging_mixin.py:188} INFO - [2024-05-28T18:11:20.982+0000] {dagbag.py:545} INFO - Filling up the DagBag from /home/airflow/.local/lib/python3.12/site-packages/airflow/example_dags/example_xcom.py
[2024-05-28T18:11:21.044+0000] {processor.py:840} INFO - DAG(s) 'example_xcom' retrieved from /home/airflow/.local/lib/python3.12/site-packages/airflow/example_dags/example_xcom.py
[2024-05-28T18:11:21.201+0000] {logging_mixin.py:188} INFO - [2024-05-28T18:11:21.200+0000] {dag.py:3096} INFO - Sync 1 DAGs
[2024-05-28T18:11:21.390+0000] {logging_mixin.py:188} INFO - [2024-05-28T18:11:21.390+0000] {dag.py:3954} INFO - Setting next_dagrun for example_xcom to 2021-01-01 00:00:00+00:00, run_after=2021-01-01 00:00:00+00:00
[2024-05-28T18:11:21.540+0000] {processor.py:183} INFO - Processing /home/airflow/.local/lib/python3.12/site-packages/airflow/example_dags/example_xcom.py took 0.632 seconds
[2024-05-28T18:11:51.742+0000] {processor.py:161} INFO - Started process (PID=571) to work on /home/airflow/.local/lib/python3.12/site-packages/airflow/example_dags/example_xcom.py
[2024-05-28T18:11:51.747+0000] {processor.py:830} INFO - Processing file /home/airflow/.local/lib/python3.12/site-packages/airflow/example_dags/example_xcom.py for tasks to queue
[2024-05-28T18:11:51.751+0000] {logging_mixin.py:188} INFO - [2024-05-28T18:11:51.751+0000] {dagbag.py:545} INFO - Filling up the DagBag from /home/airflow/.local/lib/python3.12/site-packages/airflow/example_dags/example_xcom.py
[2024-05-28T18:11:51.771+0000] {processor.py:840} INFO - DAG(s) 'example_xcom' retrieved from /home/airflow/.local/lib/python3.12/site-packages/airflow/example_dags/example_xcom.py
[2024-05-28T18:11:51.827+0000] {logging_mixin.py:188} INFO - [2024-05-28T18:11:51.826+0000] {dag.py:3096} INFO - Sync 1 DAGs
[2024-05-28T18:11:51.890+0000] {logging_mixin.py:188} INFO - [2024-05-28T18:11:51.890+0000] {dag.py:3954} INFO - Setting next_dagrun for example_xcom to 2021-01-01 00:00:00+00:00, run_after=2021-01-01 00:00:00+00:00
[2024-05-28T18:11:51.964+0000] {processor.py:183} INFO - Processing /home/airflow/.local/lib/python3.12/site-packages/airflow/example_dags/example_xcom.py took 0.241 seconds
[2024-05-28T18:12:22.693+0000] {processor.py:161} INFO - Started process (PID=629) to work on /home/airflow/.local/lib/python3.12/site-packages/airflow/example_dags/example_xcom.py
[2024-05-28T18:12:22.696+0000] {processor.py:830} INFO - Processing file /home/airflow/.local/lib/python3.12/site-packages/airflow/example_dags/example_xcom.py for tasks to queue
[2024-05-28T18:12:22.701+0000] {logging_mixin.py:188} INFO - [2024-05-28T18:12:22.700+0000] {dagbag.py:545} INFO - Filling up the DagBag from /home/airflow/.local/lib/python3.12/site-packages/airflow/example_dags/example_xcom.py
[2024-05-28T18:12:22.748+0000] {processor.py:840} INFO - DAG(s) 'example_xcom' retrieved from /home/airflow/.local/lib/python3.12/site-packages/airflow/example_dags/example_xcom.py
[2024-05-28T18:12:22.830+0000] {logging_mixin.py:188} INFO - [2024-05-28T18:12:22.829+0000] {dag.py:3096} INFO - Sync 1 DAGs
[2024-05-28T18:12:22.936+0000] {logging_mixin.py:188} INFO - [2024-05-28T18:12:22.935+0000] {dag.py:3954} INFO - Setting next_dagrun for example_xcom to 2021-01-01 00:00:00+00:00, run_after=2021-01-01 00:00:00+00:00
[2024-05-28T18:12:23.027+0000] {processor.py:183} INFO - Processing /home/airflow/.local/lib/python3.12/site-packages/airflow/example_dags/example_xcom.py took 0.358 seconds
[2024-05-28T18:12:53.193+0000] {processor.py:161} INFO - Started process (PID=687) to work on /home/airflow/.local/lib/python3.12/site-packages/airflow/example_dags/example_xcom.py
[2024-05-28T18:12:53.195+0000] {processor.py:830} INFO - Processing file /home/airflow/.local/lib/python3.12/site-packages/airflow/example_dags/example_xcom.py for tasks to queue
[2024-05-28T18:12:53.200+0000] {logging_mixin.py:188} INFO - [2024-05-28T18:12:53.199+0000] {dagbag.py:545} INFO - Filling up the DagBag from /home/airflow/.local/lib/python3.12/site-packages/airflow/example_dags/example_xcom.py
[2024-05-28T18:12:53.215+0000] {processor.py:840} INFO - DAG(s) 'example_xcom' retrieved from /home/airflow/.local/lib/python3.12/site-packages/airflow/example_dags/example_xcom.py
[2024-05-28T18:12:53.257+0000] {logging_mixin.py:188} INFO - [2024-05-28T18:12:53.257+0000] {dag.py:3096} INFO - Sync 1 DAGs
[2024-05-28T18:12:53.305+0000] {logging_mixin.py:188} INFO - [2024-05-28T18:12:53.305+0000] {dag.py:3954} INFO - Setting next_dagrun for example_xcom to 2021-01-01 00:00:00+00:00, run_after=2021-01-01 00:00:00+00:00
[2024-05-28T18:12:53.361+0000] {processor.py:183} INFO - Processing /home/airflow/.local/lib/python3.12/site-packages/airflow/example_dags/example_xcom.py took 0.180 seconds
[2024-05-28T18:13:24.218+0000] {processor.py:161} INFO - Started process (PID=746) to work on /home/airflow/.local/lib/python3.12/site-packages/airflow/example_dags/example_xcom.py
[2024-05-28T18:13:24.224+0000] {processor.py:830} INFO - Processing file /home/airflow/.local/lib/python3.12/site-packages/airflow/example_dags/example_xcom.py for tasks to queue
[2024-05-28T18:13:24.239+0000] {logging_mixin.py:188} INFO - [2024-05-28T18:13:24.237+0000] {dagbag.py:545} INFO - Filling up the DagBag from /home/airflow/.local/lib/python3.12/site-packages/airflow/example_dags/example_xcom.py
[2024-05-28T18:13:24.293+0000] {processor.py:840} INFO - DAG(s) 'example_xcom' retrieved from /home/airflow/.local/lib/python3.12/site-packages/airflow/example_dags/example_xcom.py
[2024-05-28T18:13:24.434+0000] {logging_mixin.py:188} INFO - [2024-05-28T18:13:24.430+0000] {dag.py:3096} INFO - Sync 1 DAGs
[2024-05-28T18:13:24.668+0000] {logging_mixin.py:188} INFO - [2024-05-28T18:13:24.667+0000] {dag.py:3954} INFO - Setting next_dagrun for example_xcom to 2021-01-01 00:00:00+00:00, run_after=2021-01-01 00:00:00+00:00
[2024-05-28T18:13:24.839+0000] {processor.py:183} INFO - Processing /home/airflow/.local/lib/python3.12/site-packages/airflow/example_dags/example_xcom.py took 0.650 seconds
[2024-05-28T18:13:55.162+0000] {processor.py:161} INFO - Started process (PID=804) to work on /home/airflow/.local/lib/python3.12/site-packages/airflow/example_dags/example_xcom.py
[2024-05-28T18:13:55.164+0000] {processor.py:830} INFO - Processing file /home/airflow/.local/lib/python3.12/site-packages/airflow/example_dags/example_xcom.py for tasks to queue
[2024-05-28T18:13:55.170+0000] {logging_mixin.py:188} INFO - [2024-05-28T18:13:55.169+0000] {dagbag.py:545} INFO - Filling up the DagBag from /home/airflow/.local/lib/python3.12/site-packages/airflow/example_dags/example_xcom.py
[2024-05-28T18:13:55.219+0000] {processor.py:840} INFO - DAG(s) 'example_xcom' retrieved from /home/airflow/.local/lib/python3.12/site-packages/airflow/example_dags/example_xcom.py
[2024-05-28T18:13:55.372+0000] {logging_mixin.py:188} INFO - [2024-05-28T18:13:55.370+0000] {dag.py:3096} INFO - Sync 1 DAGs
[2024-05-28T18:13:55.526+0000] {logging_mixin.py:188} INFO - [2024-05-28T18:13:55.525+0000] {dag.py:3954} INFO - Setting next_dagrun for example_xcom to 2021-01-01 00:00:00+00:00, run_after=2021-01-01 00:00:00+00:00
[2024-05-28T18:13:55.684+0000] {processor.py:183} INFO - Processing /home/airflow/.local/lib/python3.12/site-packages/airflow/example_dags/example_xcom.py took 0.566 seconds
[2024-05-28T18:14:28.115+0000] {processor.py:161} INFO - Started process (PID=859) to work on /home/airflow/.local/lib/python3.12/site-packages/airflow/example_dags/example_xcom.py
[2024-05-28T18:14:28.118+0000] {processor.py:830} INFO - Processing file /home/airflow/.local/lib/python3.12/site-packages/airflow/example_dags/example_xcom.py for tasks to queue
[2024-05-28T18:14:28.125+0000] {logging_mixin.py:188} INFO - [2024-05-28T18:14:28.123+0000] {dagbag.py:545} INFO - Filling up the DagBag from /home/airflow/.local/lib/python3.12/site-packages/airflow/example_dags/example_xcom.py
[2024-05-28T18:14:28.241+0000] {processor.py:840} INFO - DAG(s) 'example_xcom' retrieved from /home/airflow/.local/lib/python3.12/site-packages/airflow/example_dags/example_xcom.py
[2024-05-28T18:14:28.481+0000] {logging_mixin.py:188} INFO - [2024-05-28T18:14:28.479+0000] {dag.py:3096} INFO - Sync 1 DAGs
[2024-05-28T18:14:28.776+0000] {logging_mixin.py:188} INFO - [2024-05-28T18:14:28.774+0000] {dag.py:3954} INFO - Setting next_dagrun for example_xcom to 2021-01-01 00:00:00+00:00, run_after=2021-01-01 00:00:00+00:00
[2024-05-28T18:14:29.072+0000] {processor.py:183} INFO - Processing /home/airflow/.local/lib/python3.12/site-packages/airflow/example_dags/example_xcom.py took 0.996 seconds
[2024-05-28T18:14:59.724+0000] {processor.py:161} INFO - Started process (PID=917) to work on /home/airflow/.local/lib/python3.12/site-packages/airflow/example_dags/example_xcom.py
[2024-05-28T18:14:59.735+0000] {processor.py:830} INFO - Processing file /home/airflow/.local/lib/python3.12/site-packages/airflow/example_dags/example_xcom.py for tasks to queue
[2024-05-28T18:14:59.752+0000] {logging_mixin.py:188} INFO - [2024-05-28T18:14:59.744+0000] {dagbag.py:545} INFO - Filling up the DagBag from /home/airflow/.local/lib/python3.12/site-packages/airflow/example_dags/example_xcom.py
[2024-05-28T18:14:59.811+0000] {processor.py:840} INFO - DAG(s) 'example_xcom' retrieved from /home/airflow/.local/lib/python3.12/site-packages/airflow/example_dags/example_xcom.py
[2024-05-28T18:15:00.021+0000] {logging_mixin.py:188} INFO - [2024-05-28T18:15:00.020+0000] {dag.py:3096} INFO - Sync 1 DAGs
[2024-05-28T18:15:00.236+0000] {logging_mixin.py:188} INFO - [2024-05-28T18:15:00.235+0000] {dag.py:3954} INFO - Setting next_dagrun for example_xcom to 2021-01-01 00:00:00+00:00, run_after=2021-01-01 00:00:00+00:00
[2024-05-28T18:15:00.350+0000] {processor.py:183} INFO - Processing /home/airflow/.local/lib/python3.12/site-packages/airflow/example_dags/example_xcom.py took 0.649 seconds
[2024-05-28T18:15:32.446+0000] {processor.py:161} INFO - Started process (PID=973) to work on /home/airflow/.local/lib/python3.12/site-packages/airflow/example_dags/example_xcom.py
[2024-05-28T18:15:32.450+0000] {processor.py:830} INFO - Processing file /home/airflow/.local/lib/python3.12/site-packages/airflow/example_dags/example_xcom.py for tasks to queue
[2024-05-28T18:15:32.467+0000] {logging_mixin.py:188} INFO - [2024-05-28T18:15:32.465+0000] {dagbag.py:545} INFO - Filling up the DagBag from /home/airflow/.local/lib/python3.12/site-packages/airflow/example_dags/example_xcom.py
[2024-05-28T18:15:32.536+0000] {processor.py:840} INFO - DAG(s) 'example_xcom' retrieved from /home/airflow/.local/lib/python3.12/site-packages/airflow/example_dags/example_xcom.py
[2024-05-28T18:15:32.680+0000] {logging_mixin.py:188} INFO - [2024-05-28T18:15:32.674+0000] {dag.py:3096} INFO - Sync 1 DAGs
[2024-05-28T18:15:32.840+0000] {logging_mixin.py:188} INFO - [2024-05-28T18:15:32.839+0000] {dag.py:3954} INFO - Setting next_dagrun for example_xcom to 2021-01-01 00:00:00+00:00, run_after=2021-01-01 00:00:00+00:00
[2024-05-28T18:15:32.990+0000] {processor.py:183} INFO - Processing /home/airflow/.local/lib/python3.12/site-packages/airflow/example_dags/example_xcom.py took 0.594 seconds
[2024-05-28T18:16:05.000+0000] {processor.py:161} INFO - Started process (PID=1029) to work on /home/airflow/.local/lib/python3.12/site-packages/airflow/example_dags/example_xcom.py
[2024-05-28T18:16:05.045+0000] {processor.py:830} INFO - Processing file /home/airflow/.local/lib/python3.12/site-packages/airflow/example_dags/example_xcom.py for tasks to queue
[2024-05-28T18:16:05.073+0000] {logging_mixin.py:188} INFO - [2024-05-28T18:16:05.072+0000] {dagbag.py:545} INFO - Filling up the DagBag from /home/airflow/.local/lib/python3.12/site-packages/airflow/example_dags/example_xcom.py
[2024-05-28T18:16:05.161+0000] {processor.py:840} INFO - DAG(s) 'example_xcom' retrieved from /home/airflow/.local/lib/python3.12/site-packages/airflow/example_dags/example_xcom.py
[2024-05-28T18:16:05.487+0000] {logging_mixin.py:188} INFO - [2024-05-28T18:16:05.479+0000] {dag.py:3096} INFO - Sync 1 DAGs
[2024-05-28T18:16:05.869+0000] {logging_mixin.py:188} INFO - [2024-05-28T18:16:05.856+0000] {dag.py:3954} INFO - Setting next_dagrun for example_xcom to 2021-01-01 00:00:00+00:00, run_after=2021-01-01 00:00:00+00:00
[2024-05-28T18:16:06.058+0000] {processor.py:183} INFO - Processing /home/airflow/.local/lib/python3.12/site-packages/airflow/example_dags/example_xcom.py took 1.126 seconds
[2024-05-28T18:16:36.889+0000] {processor.py:161} INFO - Started process (PID=1088) to work on /home/airflow/.local/lib/python3.12/site-packages/airflow/example_dags/example_xcom.py
[2024-05-28T18:16:36.895+0000] {processor.py:830} INFO - Processing file /home/airflow/.local/lib/python3.12/site-packages/airflow/example_dags/example_xcom.py for tasks to queue
[2024-05-28T18:16:36.908+0000] {logging_mixin.py:188} INFO - [2024-05-28T18:16:36.907+0000] {dagbag.py:545} INFO - Filling up the DagBag from /home/airflow/.local/lib/python3.12/site-packages/airflow/example_dags/example_xcom.py
[2024-05-28T18:16:36.953+0000] {processor.py:840} INFO - DAG(s) 'example_xcom' retrieved from /home/airflow/.local/lib/python3.12/site-packages/airflow/example_dags/example_xcom.py
[2024-05-28T18:16:37.069+0000] {logging_mixin.py:188} INFO - [2024-05-28T18:16:37.068+0000] {dag.py:3096} INFO - Sync 1 DAGs
[2024-05-28T18:16:37.236+0000] {logging_mixin.py:188} INFO - [2024-05-28T18:16:37.235+0000] {dag.py:3954} INFO - Setting next_dagrun for example_xcom to 2021-01-01 00:00:00+00:00, run_after=2021-01-01 00:00:00+00:00
[2024-05-28T18:16:37.376+0000] {processor.py:183} INFO - Processing /home/airflow/.local/lib/python3.12/site-packages/airflow/example_dags/example_xcom.py took 0.552 seconds
[2024-05-28T18:17:09.339+0000] {processor.py:161} INFO - Started process (PID=1142) to work on /home/airflow/.local/lib/python3.12/site-packages/airflow/example_dags/example_xcom.py
[2024-05-28T18:17:09.341+0000] {processor.py:830} INFO - Processing file /home/airflow/.local/lib/python3.12/site-packages/airflow/example_dags/example_xcom.py for tasks to queue
[2024-05-28T18:17:09.347+0000] {logging_mixin.py:188} INFO - [2024-05-28T18:17:09.346+0000] {dagbag.py:545} INFO - Filling up the DagBag from /home/airflow/.local/lib/python3.12/site-packages/airflow/example_dags/example_xcom.py
[2024-05-28T18:17:09.364+0000] {processor.py:840} INFO - DAG(s) 'example_xcom' retrieved from /home/airflow/.local/lib/python3.12/site-packages/airflow/example_dags/example_xcom.py
[2024-05-28T18:17:09.418+0000] {logging_mixin.py:188} INFO - [2024-05-28T18:17:09.417+0000] {dag.py:3096} INFO - Sync 1 DAGs
[2024-05-28T18:17:09.467+0000] {logging_mixin.py:188} INFO - [2024-05-28T18:17:09.466+0000] {dag.py:3954} INFO - Setting next_dagrun for example_xcom to 2021-01-01 00:00:00+00:00, run_after=2021-01-01 00:00:00+00:00
[2024-05-28T18:17:09.509+0000] {processor.py:183} INFO - Processing /home/airflow/.local/lib/python3.12/site-packages/airflow/example_dags/example_xcom.py took 0.185 seconds
[2024-05-28T18:17:39.582+0000] {processor.py:161} INFO - Started process (PID=1200) to work on /home/airflow/.local/lib/python3.12/site-packages/airflow/example_dags/example_xcom.py
[2024-05-28T18:17:39.584+0000] {processor.py:830} INFO - Processing file /home/airflow/.local/lib/python3.12/site-packages/airflow/example_dags/example_xcom.py for tasks to queue
[2024-05-28T18:17:39.588+0000] {logging_mixin.py:188} INFO - [2024-05-28T18:17:39.587+0000] {dagbag.py:545} INFO - Filling up the DagBag from /home/airflow/.local/lib/python3.12/site-packages/airflow/example_dags/example_xcom.py
[2024-05-28T18:17:39.608+0000] {processor.py:840} INFO - DAG(s) 'example_xcom' retrieved from /home/airflow/.local/lib/python3.12/site-packages/airflow/example_dags/example_xcom.py
[2024-05-28T18:17:39.651+0000] {logging_mixin.py:188} INFO - [2024-05-28T18:17:39.650+0000] {dag.py:3096} INFO - Sync 1 DAGs
[2024-05-28T18:17:39.699+0000] {logging_mixin.py:188} INFO - [2024-05-28T18:17:39.698+0000] {dag.py:3954} INFO - Setting next_dagrun for example_xcom to 2021-01-01 00:00:00+00:00, run_after=2021-01-01 00:00:00+00:00
[2024-05-28T18:17:39.739+0000] {processor.py:183} INFO - Processing /home/airflow/.local/lib/python3.12/site-packages/airflow/example_dags/example_xcom.py took 0.170 seconds
[2024-05-28T18:18:09.956+0000] {processor.py:161} INFO - Started process (PID=1258) to work on /home/airflow/.local/lib/python3.12/site-packages/airflow/example_dags/example_xcom.py
[2024-05-28T18:18:09.958+0000] {processor.py:830} INFO - Processing file /home/airflow/.local/lib/python3.12/site-packages/airflow/example_dags/example_xcom.py for tasks to queue
[2024-05-28T18:18:09.962+0000] {logging_mixin.py:188} INFO - [2024-05-28T18:18:09.961+0000] {dagbag.py:545} INFO - Filling up the DagBag from /home/airflow/.local/lib/python3.12/site-packages/airflow/example_dags/example_xcom.py
[2024-05-28T18:18:09.979+0000] {processor.py:840} INFO - DAG(s) 'example_xcom' retrieved from /home/airflow/.local/lib/python3.12/site-packages/airflow/example_dags/example_xcom.py
[2024-05-28T18:18:10.023+0000] {logging_mixin.py:188} INFO - [2024-05-28T18:18:10.022+0000] {dag.py:3096} INFO - Sync 1 DAGs
[2024-05-28T18:18:10.073+0000] {logging_mixin.py:188} INFO - [2024-05-28T18:18:10.073+0000] {dag.py:3954} INFO - Setting next_dagrun for example_xcom to 2021-01-01 00:00:00+00:00, run_after=2021-01-01 00:00:00+00:00
[2024-05-28T18:18:10.110+0000] {processor.py:183} INFO - Processing /home/airflow/.local/lib/python3.12/site-packages/airflow/example_dags/example_xcom.py took 0.166 seconds
[2024-05-28T18:18:40.257+0000] {processor.py:161} INFO - Started process (PID=1312) to work on /home/airflow/.local/lib/python3.12/site-packages/airflow/example_dags/example_xcom.py
[2024-05-28T18:18:40.259+0000] {processor.py:830} INFO - Processing file /home/airflow/.local/lib/python3.12/site-packages/airflow/example_dags/example_xcom.py for tasks to queue
[2024-05-28T18:18:40.262+0000] {logging_mixin.py:188} INFO - [2024-05-28T18:18:40.262+0000] {dagbag.py:545} INFO - Filling up the DagBag from /home/airflow/.local/lib/python3.12/site-packages/airflow/example_dags/example_xcom.py
[2024-05-28T18:18:40.279+0000] {processor.py:840} INFO - DAG(s) 'example_xcom' retrieved from /home/airflow/.local/lib/python3.12/site-packages/airflow/example_dags/example_xcom.py
[2024-05-28T18:18:40.318+0000] {logging_mixin.py:188} INFO - [2024-05-28T18:18:40.317+0000] {dag.py:3096} INFO - Sync 1 DAGs
[2024-05-28T18:18:40.361+0000] {logging_mixin.py:188} INFO - [2024-05-28T18:18:40.360+0000] {dag.py:3954} INFO - Setting next_dagrun for example_xcom to 2021-01-01 00:00:00+00:00, run_after=2021-01-01 00:00:00+00:00
[2024-05-28T18:18:40.405+0000] {processor.py:183} INFO - Processing /home/airflow/.local/lib/python3.12/site-packages/airflow/example_dags/example_xcom.py took 0.162 seconds
[2024-05-28T18:19:10.829+0000] {processor.py:161} INFO - Started process (PID=1365) to work on /home/airflow/.local/lib/python3.12/site-packages/airflow/example_dags/example_xcom.py
[2024-05-28T18:19:10.833+0000] {processor.py:830} INFO - Processing file /home/airflow/.local/lib/python3.12/site-packages/airflow/example_dags/example_xcom.py for tasks to queue
[2024-05-28T18:19:10.845+0000] {logging_mixin.py:188} INFO - [2024-05-28T18:19:10.844+0000] {dagbag.py:545} INFO - Filling up the DagBag from /home/airflow/.local/lib/python3.12/site-packages/airflow/example_dags/example_xcom.py
[2024-05-28T18:19:10.953+0000] {processor.py:840} INFO - DAG(s) 'example_xcom' retrieved from /home/airflow/.local/lib/python3.12/site-packages/airflow/example_dags/example_xcom.py
[2024-05-28T18:19:11.016+0000] {logging_mixin.py:188} INFO - [2024-05-28T18:19:11.016+0000] {dag.py:3096} INFO - Sync 1 DAGs
[2024-05-28T18:19:11.064+0000] {logging_mixin.py:188} INFO - [2024-05-28T18:19:11.063+0000] {dag.py:3954} INFO - Setting next_dagrun for example_xcom to 2021-01-01 00:00:00+00:00, run_after=2021-01-01 00:00:00+00:00
[2024-05-28T18:19:11.392+0000] {processor.py:183} INFO - Processing /home/airflow/.local/lib/python3.12/site-packages/airflow/example_dags/example_xcom.py took 0.584 seconds
[2024-05-28T18:19:41.967+0000] {processor.py:161} INFO - Started process (PID=1423) to work on /home/airflow/.local/lib/python3.12/site-packages/airflow/example_dags/example_xcom.py
[2024-05-28T18:19:41.970+0000] {processor.py:830} INFO - Processing file /home/airflow/.local/lib/python3.12/site-packages/airflow/example_dags/example_xcom.py for tasks to queue
[2024-05-28T18:19:41.976+0000] {logging_mixin.py:188} INFO - [2024-05-28T18:19:41.975+0000] {dagbag.py:545} INFO - Filling up the DagBag from /home/airflow/.local/lib/python3.12/site-packages/airflow/example_dags/example_xcom.py
[2024-05-28T18:19:42.007+0000] {processor.py:840} INFO - DAG(s) 'example_xcom' retrieved from /home/airflow/.local/lib/python3.12/site-packages/airflow/example_dags/example_xcom.py
[2024-05-28T18:19:42.088+0000] {logging_mixin.py:188} INFO - [2024-05-28T18:19:42.087+0000] {dag.py:3096} INFO - Sync 1 DAGs
[2024-05-28T18:19:42.173+0000] {logging_mixin.py:188} INFO - [2024-05-28T18:19:42.172+0000] {dag.py:3954} INFO - Setting next_dagrun for example_xcom to 2021-01-01 00:00:00+00:00, run_after=2021-01-01 00:00:00+00:00
[2024-05-28T18:19:42.262+0000] {processor.py:183} INFO - Processing /home/airflow/.local/lib/python3.12/site-packages/airflow/example_dags/example_xcom.py took 0.340 seconds
[2024-05-28T18:20:12.403+0000] {processor.py:161} INFO - Started process (PID=1480) to work on /home/airflow/.local/lib/python3.12/site-packages/airflow/example_dags/example_xcom.py
[2024-05-28T18:20:12.409+0000] {processor.py:830} INFO - Processing file /home/airflow/.local/lib/python3.12/site-packages/airflow/example_dags/example_xcom.py for tasks to queue
[2024-05-28T18:20:12.422+0000] {logging_mixin.py:188} INFO - [2024-05-28T18:20:12.420+0000] {dagbag.py:545} INFO - Filling up the DagBag from /home/airflow/.local/lib/python3.12/site-packages/airflow/example_dags/example_xcom.py
[2024-05-28T18:20:12.476+0000] {processor.py:840} INFO - DAG(s) 'example_xcom' retrieved from /home/airflow/.local/lib/python3.12/site-packages/airflow/example_dags/example_xcom.py
[2024-05-28T18:20:12.592+0000] {logging_mixin.py:188} INFO - [2024-05-28T18:20:12.591+0000] {dag.py:3096} INFO - Sync 1 DAGs
[2024-05-28T18:20:12.830+0000] {logging_mixin.py:188} INFO - [2024-05-28T18:20:12.829+0000] {dag.py:3954} INFO - Setting next_dagrun for example_xcom to 2021-01-01 00:00:00+00:00, run_after=2021-01-01 00:00:00+00:00
[2024-05-28T18:20:13.019+0000] {processor.py:183} INFO - Processing /home/airflow/.local/lib/python3.12/site-packages/airflow/example_dags/example_xcom.py took 0.651 seconds
[2024-05-28T18:20:43.343+0000] {processor.py:161} INFO - Started process (PID=1537) to work on /home/airflow/.local/lib/python3.12/site-packages/airflow/example_dags/example_xcom.py
[2024-05-28T18:20:43.352+0000] {processor.py:830} INFO - Processing file /home/airflow/.local/lib/python3.12/site-packages/airflow/example_dags/example_xcom.py for tasks to queue
[2024-05-28T18:20:43.372+0000] {logging_mixin.py:188} INFO - [2024-05-28T18:20:43.370+0000] {dagbag.py:545} INFO - Filling up the DagBag from /home/airflow/.local/lib/python3.12/site-packages/airflow/example_dags/example_xcom.py
[2024-05-28T18:20:43.440+0000] {processor.py:840} INFO - DAG(s) 'example_xcom' retrieved from /home/airflow/.local/lib/python3.12/site-packages/airflow/example_dags/example_xcom.py
[2024-05-28T18:20:43.591+0000] {logging_mixin.py:188} INFO - [2024-05-28T18:20:43.582+0000] {dag.py:3096} INFO - Sync 1 DAGs
[2024-05-28T18:20:43.806+0000] {logging_mixin.py:188} INFO - [2024-05-28T18:20:43.805+0000] {dag.py:3954} INFO - Setting next_dagrun for example_xcom to 2021-01-01 00:00:00+00:00, run_after=2021-01-01 00:00:00+00:00
[2024-05-28T18:20:43.998+0000] {processor.py:183} INFO - Processing /home/airflow/.local/lib/python3.12/site-packages/airflow/example_dags/example_xcom.py took 0.704 seconds
[2024-05-28T18:21:14.486+0000] {processor.py:161} INFO - Started process (PID=1593) to work on /home/airflow/.local/lib/python3.12/site-packages/airflow/example_dags/example_xcom.py
[2024-05-28T18:21:14.490+0000] {processor.py:830} INFO - Processing file /home/airflow/.local/lib/python3.12/site-packages/airflow/example_dags/example_xcom.py for tasks to queue
[2024-05-28T18:21:14.497+0000] {logging_mixin.py:188} INFO - [2024-05-28T18:21:14.496+0000] {dagbag.py:545} INFO - Filling up the DagBag from /home/airflow/.local/lib/python3.12/site-packages/airflow/example_dags/example_xcom.py
[2024-05-28T18:21:14.536+0000] {processor.py:840} INFO - DAG(s) 'example_xcom' retrieved from /home/airflow/.local/lib/python3.12/site-packages/airflow/example_dags/example_xcom.py
[2024-05-28T18:21:14.612+0000] {logging_mixin.py:188} INFO - [2024-05-28T18:21:14.612+0000] {dag.py:3096} INFO - Sync 1 DAGs
[2024-05-28T18:21:14.679+0000] {logging_mixin.py:188} INFO - [2024-05-28T18:21:14.678+0000] {dag.py:3954} INFO - Setting next_dagrun for example_xcom to 2021-01-01 00:00:00+00:00, run_after=2021-01-01 00:00:00+00:00
[2024-05-28T18:21:14.738+0000] {processor.py:183} INFO - Processing /home/airflow/.local/lib/python3.12/site-packages/airflow/example_dags/example_xcom.py took 0.290 seconds
[2024-05-28T18:21:45.603+0000] {processor.py:161} INFO - Started process (PID=1650) to work on /home/airflow/.local/lib/python3.12/site-packages/airflow/example_dags/example_xcom.py
[2024-05-28T18:21:45.606+0000] {processor.py:830} INFO - Processing file /home/airflow/.local/lib/python3.12/site-packages/airflow/example_dags/example_xcom.py for tasks to queue
[2024-05-28T18:21:45.626+0000] {logging_mixin.py:188} INFO - [2024-05-28T18:21:45.625+0000] {dagbag.py:545} INFO - Filling up the DagBag from /home/airflow/.local/lib/python3.12/site-packages/airflow/example_dags/example_xcom.py
[2024-05-28T18:21:45.662+0000] {processor.py:840} INFO - DAG(s) 'example_xcom' retrieved from /home/airflow/.local/lib/python3.12/site-packages/airflow/example_dags/example_xcom.py
[2024-05-28T18:21:45.762+0000] {logging_mixin.py:188} INFO - [2024-05-28T18:21:45.760+0000] {dag.py:3096} INFO - Sync 1 DAGs
[2024-05-28T18:21:45.929+0000] {logging_mixin.py:188} INFO - [2024-05-28T18:21:45.926+0000] {dag.py:3954} INFO - Setting next_dagrun for example_xcom to 2021-01-01 00:00:00+00:00, run_after=2021-01-01 00:00:00+00:00
[2024-05-28T18:21:46.159+0000] {processor.py:183} INFO - Processing /home/airflow/.local/lib/python3.12/site-packages/airflow/example_dags/example_xcom.py took 0.583 seconds
