[2024-05-28T18:07:24.911+0000] {processor.py:161} INFO - Started process (PID=78) to work on /home/airflow/.local/lib/python3.12/site-packages/airflow/example_dags/example_branch_operator.py
[2024-05-28T18:07:24.914+0000] {processor.py:830} INFO - Processing file /home/airflow/.local/lib/python3.12/site-packages/airflow/example_dags/example_branch_operator.py for tasks to queue
[2024-05-28T18:07:24.927+0000] {logging_mixin.py:188} INFO - [2024-05-28T18:07:24.921+0000] {dagbag.py:545} INFO - Filling up the DagBag from /home/airflow/.local/lib/python3.12/site-packages/airflow/example_dags/example_branch_operator.py
[2024-05-28T18:07:25.035+0000] {processor.py:840} INFO - DAG(s) 'example_branch_operator' retrieved from /home/airflow/.local/lib/python3.12/site-packages/airflow/example_dags/example_branch_operator.py
[2024-05-28T18:07:25.665+0000] {logging_mixin.py:188} INFO - [2024-05-28T18:07:25.664+0000] {dag.py:3096} INFO - Sync 1 DAGs
[2024-05-28T18:07:25.750+0000] {logging_mixin.py:188} INFO - [2024-05-28T18:07:25.749+0000] {dag.py:3954} INFO - Setting next_dagrun for example_branch_operator to 2024-05-27 00:00:00+00:00, run_after=2024-05-28 00:00:00+00:00
[2024-05-28T18:07:25.830+0000] {processor.py:183} INFO - Processing /home/airflow/.local/lib/python3.12/site-packages/airflow/example_dags/example_branch_operator.py took 0.943 seconds
[2024-05-28T18:07:56.447+0000] {processor.py:161} INFO - Started process (PID=136) to work on /home/airflow/.local/lib/python3.12/site-packages/airflow/example_dags/example_branch_operator.py
[2024-05-28T18:07:56.452+0000] {processor.py:830} INFO - Processing file /home/airflow/.local/lib/python3.12/site-packages/airflow/example_dags/example_branch_operator.py for tasks to queue
[2024-05-28T18:07:56.485+0000] {logging_mixin.py:188} INFO - [2024-05-28T18:07:56.480+0000] {dagbag.py:545} INFO - Filling up the DagBag from /home/airflow/.local/lib/python3.12/site-packages/airflow/example_dags/example_branch_operator.py
[2024-05-28T18:07:56.704+0000] {processor.py:840} INFO - DAG(s) 'example_branch_operator' retrieved from /home/airflow/.local/lib/python3.12/site-packages/airflow/example_dags/example_branch_operator.py
[2024-05-28T18:07:56.933+0000] {logging_mixin.py:188} INFO - [2024-05-28T18:07:56.923+0000] {dag.py:3096} INFO - Sync 1 DAGs
[2024-05-28T18:07:57.149+0000] {logging_mixin.py:188} INFO - [2024-05-28T18:07:57.148+0000] {dag.py:3954} INFO - Setting next_dagrun for example_branch_operator to 2024-05-27 00:00:00+00:00, run_after=2024-05-28 00:00:00+00:00
[2024-05-28T18:07:57.325+0000] {processor.py:183} INFO - Processing /home/airflow/.local/lib/python3.12/site-packages/airflow/example_dags/example_branch_operator.py took 0.937 seconds
[2024-05-28T18:08:27.683+0000] {processor.py:161} INFO - Started process (PID=194) to work on /home/airflow/.local/lib/python3.12/site-packages/airflow/example_dags/example_branch_operator.py
[2024-05-28T18:08:27.687+0000] {processor.py:830} INFO - Processing file /home/airflow/.local/lib/python3.12/site-packages/airflow/example_dags/example_branch_operator.py for tasks to queue
[2024-05-28T18:08:27.699+0000] {logging_mixin.py:188} INFO - [2024-05-28T18:08:27.697+0000] {dagbag.py:545} INFO - Filling up the DagBag from /home/airflow/.local/lib/python3.12/site-packages/airflow/example_dags/example_branch_operator.py
[2024-05-28T18:08:27.779+0000] {processor.py:840} INFO - DAG(s) 'example_branch_operator' retrieved from /home/airflow/.local/lib/python3.12/site-packages/airflow/example_dags/example_branch_operator.py
[2024-05-28T18:08:27.883+0000] {logging_mixin.py:188} INFO - [2024-05-28T18:08:27.883+0000] {dag.py:3096} INFO - Sync 1 DAGs
[2024-05-28T18:08:27.963+0000] {logging_mixin.py:188} INFO - [2024-05-28T18:08:27.963+0000] {dag.py:3954} INFO - Setting next_dagrun for example_branch_operator to 2024-05-27 00:00:00+00:00, run_after=2024-05-28 00:00:00+00:00
[2024-05-28T18:08:28.011+0000] {processor.py:183} INFO - Processing /home/airflow/.local/lib/python3.12/site-packages/airflow/example_dags/example_branch_operator.py took 0.347 seconds
[2024-05-28T18:08:58.526+0000] {processor.py:161} INFO - Started process (PID=252) to work on /home/airflow/.local/lib/python3.12/site-packages/airflow/example_dags/example_branch_operator.py
[2024-05-28T18:08:58.529+0000] {processor.py:830} INFO - Processing file /home/airflow/.local/lib/python3.12/site-packages/airflow/example_dags/example_branch_operator.py for tasks to queue
[2024-05-28T18:08:58.534+0000] {logging_mixin.py:188} INFO - [2024-05-28T18:08:58.533+0000] {dagbag.py:545} INFO - Filling up the DagBag from /home/airflow/.local/lib/python3.12/site-packages/airflow/example_dags/example_branch_operator.py
[2024-05-28T18:08:58.577+0000] {processor.py:840} INFO - DAG(s) 'example_branch_operator' retrieved from /home/airflow/.local/lib/python3.12/site-packages/airflow/example_dags/example_branch_operator.py
[2024-05-28T18:08:58.676+0000] {logging_mixin.py:188} INFO - [2024-05-28T18:08:58.675+0000] {dag.py:3096} INFO - Sync 1 DAGs
[2024-05-28T18:08:58.729+0000] {logging_mixin.py:188} INFO - [2024-05-28T18:08:58.729+0000] {dag.py:3954} INFO - Setting next_dagrun for example_branch_operator to 2024-05-27 00:00:00+00:00, run_after=2024-05-28 00:00:00+00:00
[2024-05-28T18:08:58.793+0000] {processor.py:183} INFO - Processing /home/airflow/.local/lib/python3.12/site-packages/airflow/example_dags/example_branch_operator.py took 0.280 seconds
[2024-05-28T18:09:29.564+0000] {processor.py:161} INFO - Started process (PID=310) to work on /home/airflow/.local/lib/python3.12/site-packages/airflow/example_dags/example_branch_operator.py
[2024-05-28T18:09:29.569+0000] {processor.py:830} INFO - Processing file /home/airflow/.local/lib/python3.12/site-packages/airflow/example_dags/example_branch_operator.py for tasks to queue
[2024-05-28T18:09:29.581+0000] {logging_mixin.py:188} INFO - [2024-05-28T18:09:29.580+0000] {dagbag.py:545} INFO - Filling up the DagBag from /home/airflow/.local/lib/python3.12/site-packages/airflow/example_dags/example_branch_operator.py
[2024-05-28T18:09:29.658+0000] {processor.py:840} INFO - DAG(s) 'example_branch_operator' retrieved from /home/airflow/.local/lib/python3.12/site-packages/airflow/example_dags/example_branch_operator.py
[2024-05-28T18:09:29.745+0000] {logging_mixin.py:188} INFO - [2024-05-28T18:09:29.744+0000] {dag.py:3096} INFO - Sync 1 DAGs
[2024-05-28T18:09:29.795+0000] {logging_mixin.py:188} INFO - [2024-05-28T18:09:29.794+0000] {dag.py:3954} INFO - Setting next_dagrun for example_branch_operator to 2024-05-27 00:00:00+00:00, run_after=2024-05-28 00:00:00+00:00
[2024-05-28T18:09:29.833+0000] {processor.py:183} INFO - Processing /home/airflow/.local/lib/python3.12/site-packages/airflow/example_dags/example_branch_operator.py took 0.311 seconds
[2024-05-28T18:10:00.053+0000] {processor.py:161} INFO - Started process (PID=368) to work on /home/airflow/.local/lib/python3.12/site-packages/airflow/example_dags/example_branch_operator.py
[2024-05-28T18:10:00.056+0000] {processor.py:830} INFO - Processing file /home/airflow/.local/lib/python3.12/site-packages/airflow/example_dags/example_branch_operator.py for tasks to queue
[2024-05-28T18:10:00.064+0000] {logging_mixin.py:188} INFO - [2024-05-28T18:10:00.063+0000] {dagbag.py:545} INFO - Filling up the DagBag from /home/airflow/.local/lib/python3.12/site-packages/airflow/example_dags/example_branch_operator.py
[2024-05-28T18:10:00.134+0000] {processor.py:840} INFO - DAG(s) 'example_branch_operator' retrieved from /home/airflow/.local/lib/python3.12/site-packages/airflow/example_dags/example_branch_operator.py
[2024-05-28T18:10:00.218+0000] {logging_mixin.py:188} INFO - [2024-05-28T18:10:00.217+0000] {dag.py:3096} INFO - Sync 1 DAGs
[2024-05-28T18:10:00.275+0000] {logging_mixin.py:188} INFO - [2024-05-28T18:10:00.274+0000] {dag.py:3954} INFO - Setting next_dagrun for example_branch_operator to 2024-05-27 00:00:00+00:00, run_after=2024-05-28 00:00:00+00:00
[2024-05-28T18:10:00.319+0000] {processor.py:183} INFO - Processing /home/airflow/.local/lib/python3.12/site-packages/airflow/example_dags/example_branch_operator.py took 0.298 seconds
[2024-05-28T18:10:31.182+0000] {processor.py:161} INFO - Started process (PID=426) to work on /home/airflow/.local/lib/python3.12/site-packages/airflow/example_dags/example_branch_operator.py
[2024-05-28T18:10:31.185+0000] {processor.py:830} INFO - Processing file /home/airflow/.local/lib/python3.12/site-packages/airflow/example_dags/example_branch_operator.py for tasks to queue
[2024-05-28T18:10:31.191+0000] {logging_mixin.py:188} INFO - [2024-05-28T18:10:31.189+0000] {dagbag.py:545} INFO - Filling up the DagBag from /home/airflow/.local/lib/python3.12/site-packages/airflow/example_dags/example_branch_operator.py
[2024-05-28T18:10:31.249+0000] {processor.py:840} INFO - DAG(s) 'example_branch_operator' retrieved from /home/airflow/.local/lib/python3.12/site-packages/airflow/example_dags/example_branch_operator.py
[2024-05-28T18:10:31.412+0000] {logging_mixin.py:188} INFO - [2024-05-28T18:10:31.412+0000] {dag.py:3096} INFO - Sync 1 DAGs
[2024-05-28T18:10:31.510+0000] {logging_mixin.py:188} INFO - [2024-05-28T18:10:31.510+0000] {dag.py:3954} INFO - Setting next_dagrun for example_branch_operator to 2024-05-27 00:00:00+00:00, run_after=2024-05-28 00:00:00+00:00
[2024-05-28T18:10:31.568+0000] {processor.py:183} INFO - Processing /home/airflow/.local/lib/python3.12/site-packages/airflow/example_dags/example_branch_operator.py took 0.413 seconds
[2024-05-28T18:11:02.209+0000] {processor.py:161} INFO - Started process (PID=484) to work on /home/airflow/.local/lib/python3.12/site-packages/airflow/example_dags/example_branch_operator.py
[2024-05-28T18:11:02.211+0000] {processor.py:830} INFO - Processing file /home/airflow/.local/lib/python3.12/site-packages/airflow/example_dags/example_branch_operator.py for tasks to queue
[2024-05-28T18:11:02.219+0000] {logging_mixin.py:188} INFO - [2024-05-28T18:11:02.218+0000] {dagbag.py:545} INFO - Filling up the DagBag from /home/airflow/.local/lib/python3.12/site-packages/airflow/example_dags/example_branch_operator.py
[2024-05-28T18:11:02.276+0000] {processor.py:840} INFO - DAG(s) 'example_branch_operator' retrieved from /home/airflow/.local/lib/python3.12/site-packages/airflow/example_dags/example_branch_operator.py
[2024-05-28T18:11:02.362+0000] {logging_mixin.py:188} INFO - [2024-05-28T18:11:02.361+0000] {dag.py:3096} INFO - Sync 1 DAGs
[2024-05-28T18:11:02.421+0000] {logging_mixin.py:188} INFO - [2024-05-28T18:11:02.420+0000] {dag.py:3954} INFO - Setting next_dagrun for example_branch_operator to 2024-05-27 00:00:00+00:00, run_after=2024-05-28 00:00:00+00:00
[2024-05-28T18:11:02.496+0000] {processor.py:183} INFO - Processing /home/airflow/.local/lib/python3.12/site-packages/airflow/example_dags/example_branch_operator.py took 0.302 seconds
[2024-05-28T18:11:37.209+0000] {processor.py:161} INFO - Started process (PID=540) to work on /home/airflow/.local/lib/python3.12/site-packages/airflow/example_dags/example_branch_operator.py
[2024-05-28T18:11:37.217+0000] {processor.py:830} INFO - Processing file /home/airflow/.local/lib/python3.12/site-packages/airflow/example_dags/example_branch_operator.py for tasks to queue
[2024-05-28T18:11:37.224+0000] {logging_mixin.py:188} INFO - [2024-05-28T18:11:37.223+0000] {dagbag.py:545} INFO - Filling up the DagBag from /home/airflow/.local/lib/python3.12/site-packages/airflow/example_dags/example_branch_operator.py
[2024-05-28T18:11:37.327+0000] {processor.py:840} INFO - DAG(s) 'example_branch_operator' retrieved from /home/airflow/.local/lib/python3.12/site-packages/airflow/example_dags/example_branch_operator.py
[2024-05-28T18:11:37.637+0000] {logging_mixin.py:188} INFO - [2024-05-28T18:11:37.628+0000] {dag.py:3096} INFO - Sync 1 DAGs
[2024-05-28T18:11:37.785+0000] {logging_mixin.py:188} INFO - [2024-05-28T18:11:37.783+0000] {dag.py:3954} INFO - Setting next_dagrun for example_branch_operator to 2024-05-27 00:00:00+00:00, run_after=2024-05-28 00:00:00+00:00
[2024-05-28T18:11:37.917+0000] {processor.py:183} INFO - Processing /home/airflow/.local/lib/python3.12/site-packages/airflow/example_dags/example_branch_operator.py took 0.736 seconds
[2024-05-28T18:12:08.073+0000] {processor.py:161} INFO - Started process (PID=598) to work on /home/airflow/.local/lib/python3.12/site-packages/airflow/example_dags/example_branch_operator.py
[2024-05-28T18:12:08.075+0000] {processor.py:830} INFO - Processing file /home/airflow/.local/lib/python3.12/site-packages/airflow/example_dags/example_branch_operator.py for tasks to queue
[2024-05-28T18:12:08.081+0000] {logging_mixin.py:188} INFO - [2024-05-28T18:12:08.080+0000] {dagbag.py:545} INFO - Filling up the DagBag from /home/airflow/.local/lib/python3.12/site-packages/airflow/example_dags/example_branch_operator.py
[2024-05-28T18:12:08.141+0000] {processor.py:840} INFO - DAG(s) 'example_branch_operator' retrieved from /home/airflow/.local/lib/python3.12/site-packages/airflow/example_dags/example_branch_operator.py
[2024-05-28T18:12:08.246+0000] {logging_mixin.py:188} INFO - [2024-05-28T18:12:08.245+0000] {dag.py:3096} INFO - Sync 1 DAGs
[2024-05-28T18:12:08.321+0000] {logging_mixin.py:188} INFO - [2024-05-28T18:12:08.320+0000] {dag.py:3954} INFO - Setting next_dagrun for example_branch_operator to 2024-05-27 00:00:00+00:00, run_after=2024-05-28 00:00:00+00:00
[2024-05-28T18:12:08.391+0000] {processor.py:183} INFO - Processing /home/airflow/.local/lib/python3.12/site-packages/airflow/example_dags/example_branch_operator.py took 0.337 seconds
[2024-05-28T18:12:38.839+0000] {processor.py:161} INFO - Started process (PID=656) to work on /home/airflow/.local/lib/python3.12/site-packages/airflow/example_dags/example_branch_operator.py
[2024-05-28T18:12:38.841+0000] {processor.py:830} INFO - Processing file /home/airflow/.local/lib/python3.12/site-packages/airflow/example_dags/example_branch_operator.py for tasks to queue
[2024-05-28T18:12:38.845+0000] {logging_mixin.py:188} INFO - [2024-05-28T18:12:38.845+0000] {dagbag.py:545} INFO - Filling up the DagBag from /home/airflow/.local/lib/python3.12/site-packages/airflow/example_dags/example_branch_operator.py
[2024-05-28T18:12:38.891+0000] {processor.py:840} INFO - DAG(s) 'example_branch_operator' retrieved from /home/airflow/.local/lib/python3.12/site-packages/airflow/example_dags/example_branch_operator.py
[2024-05-28T18:12:38.988+0000] {logging_mixin.py:188} INFO - [2024-05-28T18:12:38.987+0000] {dag.py:3096} INFO - Sync 1 DAGs
[2024-05-28T18:12:39.059+0000] {logging_mixin.py:188} INFO - [2024-05-28T18:12:39.059+0000] {dag.py:3954} INFO - Setting next_dagrun for example_branch_operator to 2024-05-27 00:00:00+00:00, run_after=2024-05-28 00:00:00+00:00
[2024-05-28T18:12:39.112+0000] {processor.py:183} INFO - Processing /home/airflow/.local/lib/python3.12/site-packages/airflow/example_dags/example_branch_operator.py took 0.285 seconds
[2024-05-28T18:13:09.660+0000] {processor.py:161} INFO - Started process (PID=714) to work on /home/airflow/.local/lib/python3.12/site-packages/airflow/example_dags/example_branch_operator.py
[2024-05-28T18:13:09.673+0000] {processor.py:830} INFO - Processing file /home/airflow/.local/lib/python3.12/site-packages/airflow/example_dags/example_branch_operator.py for tasks to queue
[2024-05-28T18:13:09.681+0000] {logging_mixin.py:188} INFO - [2024-05-28T18:13:09.678+0000] {dagbag.py:545} INFO - Filling up the DagBag from /home/airflow/.local/lib/python3.12/site-packages/airflow/example_dags/example_branch_operator.py
[2024-05-28T18:13:09.755+0000] {processor.py:840} INFO - DAG(s) 'example_branch_operator' retrieved from /home/airflow/.local/lib/python3.12/site-packages/airflow/example_dags/example_branch_operator.py
[2024-05-28T18:13:09.903+0000] {logging_mixin.py:188} INFO - [2024-05-28T18:13:09.902+0000] {dag.py:3096} INFO - Sync 1 DAGs
[2024-05-28T18:13:10.023+0000] {logging_mixin.py:188} INFO - [2024-05-28T18:13:10.022+0000] {dag.py:3954} INFO - Setting next_dagrun for example_branch_operator to 2024-05-27 00:00:00+00:00, run_after=2024-05-28 00:00:00+00:00
[2024-05-28T18:13:10.105+0000] {processor.py:183} INFO - Processing /home/airflow/.local/lib/python3.12/site-packages/airflow/example_dags/example_branch_operator.py took 0.475 seconds
[2024-05-28T18:13:42.110+0000] {processor.py:161} INFO - Started process (PID=773) to work on /home/airflow/.local/lib/python3.12/site-packages/airflow/example_dags/example_branch_operator.py
[2024-05-28T18:13:42.113+0000] {processor.py:830} INFO - Processing file /home/airflow/.local/lib/python3.12/site-packages/airflow/example_dags/example_branch_operator.py for tasks to queue
[2024-05-28T18:13:42.120+0000] {logging_mixin.py:188} INFO - [2024-05-28T18:13:42.119+0000] {dagbag.py:545} INFO - Filling up the DagBag from /home/airflow/.local/lib/python3.12/site-packages/airflow/example_dags/example_branch_operator.py
[2024-05-28T18:13:42.312+0000] {processor.py:840} INFO - DAG(s) 'example_branch_operator' retrieved from /home/airflow/.local/lib/python3.12/site-packages/airflow/example_dags/example_branch_operator.py
[2024-05-28T18:13:42.740+0000] {logging_mixin.py:188} INFO - [2024-05-28T18:13:42.738+0000] {dag.py:3096} INFO - Sync 1 DAGs
[2024-05-28T18:13:42.940+0000] {logging_mixin.py:188} INFO - [2024-05-28T18:13:42.939+0000] {dag.py:3954} INFO - Setting next_dagrun for example_branch_operator to 2024-05-27 00:00:00+00:00, run_after=2024-05-28 00:00:00+00:00
[2024-05-28T18:13:43.067+0000] {processor.py:183} INFO - Processing /home/airflow/.local/lib/python3.12/site-packages/airflow/example_dags/example_branch_operator.py took 1.011 seconds
[2024-05-28T18:14:14.511+0000] {processor.py:161} INFO - Started process (PID=831) to work on /home/airflow/.local/lib/python3.12/site-packages/airflow/example_dags/example_branch_operator.py
[2024-05-28T18:14:14.514+0000] {processor.py:830} INFO - Processing file /home/airflow/.local/lib/python3.12/site-packages/airflow/example_dags/example_branch_operator.py for tasks to queue
[2024-05-28T18:14:14.549+0000] {logging_mixin.py:188} INFO - [2024-05-28T18:14:14.548+0000] {dagbag.py:545} INFO - Filling up the DagBag from /home/airflow/.local/lib/python3.12/site-packages/airflow/example_dags/example_branch_operator.py
[2024-05-28T18:14:14.765+0000] {processor.py:840} INFO - DAG(s) 'example_branch_operator' retrieved from /home/airflow/.local/lib/python3.12/site-packages/airflow/example_dags/example_branch_operator.py
[2024-05-28T18:14:14.909+0000] {logging_mixin.py:188} INFO - [2024-05-28T18:14:14.909+0000] {dag.py:3096} INFO - Sync 1 DAGs
[2024-05-28T18:14:15.030+0000] {logging_mixin.py:188} INFO - [2024-05-28T18:14:15.029+0000] {dag.py:3954} INFO - Setting next_dagrun for example_branch_operator to 2024-05-27 00:00:00+00:00, run_after=2024-05-28 00:00:00+00:00
[2024-05-28T18:14:15.115+0000] {processor.py:183} INFO - Processing /home/airflow/.local/lib/python3.12/site-packages/airflow/example_dags/example_branch_operator.py took 0.633 seconds
[2024-05-28T18:14:47.215+0000] {processor.py:161} INFO - Started process (PID=889) to work on /home/airflow/.local/lib/python3.12/site-packages/airflow/example_dags/example_branch_operator.py
[2024-05-28T18:14:47.217+0000] {processor.py:830} INFO - Processing file /home/airflow/.local/lib/python3.12/site-packages/airflow/example_dags/example_branch_operator.py for tasks to queue
[2024-05-28T18:14:47.222+0000] {logging_mixin.py:188} INFO - [2024-05-28T18:14:47.221+0000] {dagbag.py:545} INFO - Filling up the DagBag from /home/airflow/.local/lib/python3.12/site-packages/airflow/example_dags/example_branch_operator.py
[2024-05-28T18:14:47.276+0000] {processor.py:840} INFO - DAG(s) 'example_branch_operator' retrieved from /home/airflow/.local/lib/python3.12/site-packages/airflow/example_dags/example_branch_operator.py
[2024-05-28T18:14:47.404+0000] {logging_mixin.py:188} INFO - [2024-05-28T18:14:47.403+0000] {dag.py:3096} INFO - Sync 1 DAGs
[2024-05-28T18:14:47.503+0000] {logging_mixin.py:188} INFO - [2024-05-28T18:14:47.502+0000] {dag.py:3954} INFO - Setting next_dagrun for example_branch_operator to 2024-05-27 00:00:00+00:00, run_after=2024-05-28 00:00:00+00:00
[2024-05-28T18:14:47.568+0000] {processor.py:183} INFO - Processing /home/airflow/.local/lib/python3.12/site-packages/airflow/example_dags/example_branch_operator.py took 0.374 seconds
[2024-05-28T18:15:20.827+0000] {processor.py:161} INFO - Started process (PID=946) to work on /home/airflow/.local/lib/python3.12/site-packages/airflow/example_dags/example_branch_operator.py
[2024-05-28T18:15:20.832+0000] {processor.py:830} INFO - Processing file /home/airflow/.local/lib/python3.12/site-packages/airflow/example_dags/example_branch_operator.py for tasks to queue
[2024-05-28T18:15:20.863+0000] {logging_mixin.py:188} INFO - [2024-05-28T18:15:20.854+0000] {dagbag.py:545} INFO - Filling up the DagBag from /home/airflow/.local/lib/python3.12/site-packages/airflow/example_dags/example_branch_operator.py
[2024-05-28T18:15:21.105+0000] {processor.py:840} INFO - DAG(s) 'example_branch_operator' retrieved from /home/airflow/.local/lib/python3.12/site-packages/airflow/example_dags/example_branch_operator.py
[2024-05-28T18:15:21.437+0000] {logging_mixin.py:188} INFO - [2024-05-28T18:15:21.436+0000] {dag.py:3096} INFO - Sync 1 DAGs
[2024-05-28T18:15:21.763+0000] {logging_mixin.py:188} INFO - [2024-05-28T18:15:21.760+0000] {dag.py:3954} INFO - Setting next_dagrun for example_branch_operator to 2024-05-27 00:00:00+00:00, run_after=2024-05-28 00:00:00+00:00
[2024-05-28T18:15:22.036+0000] {processor.py:183} INFO - Processing /home/airflow/.local/lib/python3.12/site-packages/airflow/example_dags/example_branch_operator.py took 1.248 seconds
[2024-05-28T18:15:52.574+0000] {processor.py:161} INFO - Started process (PID=1010) to work on /home/airflow/.local/lib/python3.12/site-packages/airflow/example_dags/example_branch_operator.py
[2024-05-28T18:15:52.584+0000] {processor.py:830} INFO - Processing file /home/airflow/.local/lib/python3.12/site-packages/airflow/example_dags/example_branch_operator.py for tasks to queue
[2024-05-28T18:15:52.601+0000] {logging_mixin.py:188} INFO - [2024-05-28T18:15:52.599+0000] {dagbag.py:545} INFO - Filling up the DagBag from /home/airflow/.local/lib/python3.12/site-packages/airflow/example_dags/example_branch_operator.py
[2024-05-28T18:15:52.774+0000] {processor.py:840} INFO - DAG(s) 'example_branch_operator' retrieved from /home/airflow/.local/lib/python3.12/site-packages/airflow/example_dags/example_branch_operator.py
[2024-05-28T18:15:53.055+0000] {logging_mixin.py:188} INFO - [2024-05-28T18:15:53.049+0000] {dag.py:3096} INFO - Sync 1 DAGs
[2024-05-28T18:15:53.244+0000] {logging_mixin.py:188} INFO - [2024-05-28T18:15:53.243+0000] {dag.py:3954} INFO - Setting next_dagrun for example_branch_operator to 2024-05-27 00:00:00+00:00, run_after=2024-05-28 00:00:00+00:00
[2024-05-28T18:15:53.404+0000] {processor.py:183} INFO - Processing /home/airflow/.local/lib/python3.12/site-packages/airflow/example_dags/example_branch_operator.py took 0.856 seconds
[2024-05-28T18:16:28.371+0000] {processor.py:161} INFO - Started process (PID=1069) to work on /home/airflow/.local/lib/python3.12/site-packages/airflow/example_dags/example_branch_operator.py
[2024-05-28T18:16:28.375+0000] {processor.py:830} INFO - Processing file /home/airflow/.local/lib/python3.12/site-packages/airflow/example_dags/example_branch_operator.py for tasks to queue
[2024-05-28T18:16:28.384+0000] {logging_mixin.py:188} INFO - [2024-05-28T18:16:28.383+0000] {dagbag.py:545} INFO - Filling up the DagBag from /home/airflow/.local/lib/python3.12/site-packages/airflow/example_dags/example_branch_operator.py
[2024-05-28T18:16:28.520+0000] {processor.py:840} INFO - DAG(s) 'example_branch_operator' retrieved from /home/airflow/.local/lib/python3.12/site-packages/airflow/example_dags/example_branch_operator.py
[2024-05-28T18:16:28.830+0000] {logging_mixin.py:188} INFO - [2024-05-28T18:16:28.829+0000] {dag.py:3096} INFO - Sync 1 DAGs
[2024-05-28T18:16:29.106+0000] {logging_mixin.py:188} INFO - [2024-05-28T18:16:29.105+0000] {dag.py:3954} INFO - Setting next_dagrun for example_branch_operator to 2024-05-27 00:00:00+00:00, run_after=2024-05-28 00:00:00+00:00
[2024-05-28T18:16:29.241+0000] {processor.py:183} INFO - Processing /home/airflow/.local/lib/python3.12/site-packages/airflow/example_dags/example_branch_operator.py took 0.938 seconds
[2024-05-28T18:16:59.962+0000] {processor.py:161} INFO - Started process (PID=1125) to work on /home/airflow/.local/lib/python3.12/site-packages/airflow/example_dags/example_branch_operator.py
[2024-05-28T18:17:00.074+0000] {processor.py:830} INFO - Processing file /home/airflow/.local/lib/python3.12/site-packages/airflow/example_dags/example_branch_operator.py for tasks to queue
[2024-05-28T18:17:00.124+0000] {logging_mixin.py:188} INFO - [2024-05-28T18:17:00.123+0000] {dagbag.py:545} INFO - Filling up the DagBag from /home/airflow/.local/lib/python3.12/site-packages/airflow/example_dags/example_branch_operator.py
[2024-05-28T18:17:00.371+0000] {processor.py:840} INFO - DAG(s) 'example_branch_operator' retrieved from /home/airflow/.local/lib/python3.12/site-packages/airflow/example_dags/example_branch_operator.py
[2024-05-28T18:17:00.882+0000] {logging_mixin.py:188} INFO - [2024-05-28T18:17:00.879+0000] {dag.py:3096} INFO - Sync 1 DAGs
[2024-05-28T18:17:01.252+0000] {logging_mixin.py:188} INFO - [2024-05-28T18:17:01.251+0000] {dag.py:3954} INFO - Setting next_dagrun for example_branch_operator to 2024-05-27 00:00:00+00:00, run_after=2024-05-28 00:00:00+00:00
[2024-05-28T18:17:01.496+0000] {processor.py:183} INFO - Processing /home/airflow/.local/lib/python3.12/site-packages/airflow/example_dags/example_branch_operator.py took 1.633 seconds
[2024-05-28T18:17:31.983+0000] {processor.py:161} INFO - Started process (PID=1183) to work on /home/airflow/.local/lib/python3.12/site-packages/airflow/example_dags/example_branch_operator.py
[2024-05-28T18:17:31.986+0000] {processor.py:830} INFO - Processing file /home/airflow/.local/lib/python3.12/site-packages/airflow/example_dags/example_branch_operator.py for tasks to queue
[2024-05-28T18:17:31.990+0000] {logging_mixin.py:188} INFO - [2024-05-28T18:17:31.989+0000] {dagbag.py:545} INFO - Filling up the DagBag from /home/airflow/.local/lib/python3.12/site-packages/airflow/example_dags/example_branch_operator.py
[2024-05-28T18:17:32.040+0000] {processor.py:840} INFO - DAG(s) 'example_branch_operator' retrieved from /home/airflow/.local/lib/python3.12/site-packages/airflow/example_dags/example_branch_operator.py
[2024-05-28T18:17:32.127+0000] {logging_mixin.py:188} INFO - [2024-05-28T18:17:32.127+0000] {dag.py:3096} INFO - Sync 1 DAGs
[2024-05-28T18:17:32.207+0000] {logging_mixin.py:188} INFO - [2024-05-28T18:17:32.207+0000] {dag.py:3954} INFO - Setting next_dagrun for example_branch_operator to 2024-05-27 00:00:00+00:00, run_after=2024-05-28 00:00:00+00:00
[2024-05-28T18:17:32.259+0000] {processor.py:183} INFO - Processing /home/airflow/.local/lib/python3.12/site-packages/airflow/example_dags/example_branch_operator.py took 0.289 seconds
[2024-05-28T18:18:02.513+0000] {processor.py:161} INFO - Started process (PID=1241) to work on /home/airflow/.local/lib/python3.12/site-packages/airflow/example_dags/example_branch_operator.py
[2024-05-28T18:18:02.515+0000] {processor.py:830} INFO - Processing file /home/airflow/.local/lib/python3.12/site-packages/airflow/example_dags/example_branch_operator.py for tasks to queue
[2024-05-28T18:18:02.519+0000] {logging_mixin.py:188} INFO - [2024-05-28T18:18:02.519+0000] {dagbag.py:545} INFO - Filling up the DagBag from /home/airflow/.local/lib/python3.12/site-packages/airflow/example_dags/example_branch_operator.py
[2024-05-28T18:18:02.561+0000] {processor.py:840} INFO - DAG(s) 'example_branch_operator' retrieved from /home/airflow/.local/lib/python3.12/site-packages/airflow/example_dags/example_branch_operator.py
[2024-05-28T18:18:02.628+0000] {logging_mixin.py:188} INFO - [2024-05-28T18:18:02.628+0000] {dag.py:3096} INFO - Sync 1 DAGs
[2024-05-28T18:18:02.677+0000] {logging_mixin.py:188} INFO - [2024-05-28T18:18:02.676+0000] {dag.py:3954} INFO - Setting next_dagrun for example_branch_operator to 2024-05-27 00:00:00+00:00, run_after=2024-05-28 00:00:00+00:00
[2024-05-28T18:18:02.734+0000] {processor.py:183} INFO - Processing /home/airflow/.local/lib/python3.12/site-packages/airflow/example_dags/example_branch_operator.py took 0.236 seconds
[2024-05-28T18:18:32.883+0000] {processor.py:161} INFO - Started process (PID=1299) to work on /home/airflow/.local/lib/python3.12/site-packages/airflow/example_dags/example_branch_operator.py
[2024-05-28T18:18:32.885+0000] {processor.py:830} INFO - Processing file /home/airflow/.local/lib/python3.12/site-packages/airflow/example_dags/example_branch_operator.py for tasks to queue
[2024-05-28T18:18:32.891+0000] {logging_mixin.py:188} INFO - [2024-05-28T18:18:32.890+0000] {dagbag.py:545} INFO - Filling up the DagBag from /home/airflow/.local/lib/python3.12/site-packages/airflow/example_dags/example_branch_operator.py
[2024-05-28T18:18:32.938+0000] {processor.py:840} INFO - DAG(s) 'example_branch_operator' retrieved from /home/airflow/.local/lib/python3.12/site-packages/airflow/example_dags/example_branch_operator.py
[2024-05-28T18:18:33.016+0000] {logging_mixin.py:188} INFO - [2024-05-28T18:18:33.015+0000] {dag.py:3096} INFO - Sync 1 DAGs
[2024-05-28T18:18:33.071+0000] {logging_mixin.py:188} INFO - [2024-05-28T18:18:33.070+0000] {dag.py:3954} INFO - Setting next_dagrun for example_branch_operator to 2024-05-27 00:00:00+00:00, run_after=2024-05-28 00:00:00+00:00
[2024-05-28T18:18:33.123+0000] {processor.py:183} INFO - Processing /home/airflow/.local/lib/python3.12/site-packages/airflow/example_dags/example_branch_operator.py took 0.254 seconds
[2024-05-28T18:19:03.863+0000] {processor.py:161} INFO - Started process (PID=1357) to work on /home/airflow/.local/lib/python3.12/site-packages/airflow/example_dags/example_branch_operator.py
[2024-05-28T18:19:03.866+0000] {processor.py:830} INFO - Processing file /home/airflow/.local/lib/python3.12/site-packages/airflow/example_dags/example_branch_operator.py for tasks to queue
[2024-05-28T18:19:03.871+0000] {logging_mixin.py:188} INFO - [2024-05-28T18:19:03.871+0000] {dagbag.py:545} INFO - Filling up the DagBag from /home/airflow/.local/lib/python3.12/site-packages/airflow/example_dags/example_branch_operator.py
[2024-05-28T18:19:03.929+0000] {processor.py:840} INFO - DAG(s) 'example_branch_operator' retrieved from /home/airflow/.local/lib/python3.12/site-packages/airflow/example_dags/example_branch_operator.py
[2024-05-28T18:19:04.050+0000] {logging_mixin.py:188} INFO - [2024-05-28T18:19:04.049+0000] {dag.py:3096} INFO - Sync 1 DAGs
[2024-05-28T18:19:04.150+0000] {logging_mixin.py:188} INFO - [2024-05-28T18:19:04.149+0000] {dag.py:3954} INFO - Setting next_dagrun for example_branch_operator to 2024-05-27 00:00:00+00:00, run_after=2024-05-28 00:00:00+00:00
[2024-05-28T18:19:04.238+0000] {processor.py:183} INFO - Processing /home/airflow/.local/lib/python3.12/site-packages/airflow/example_dags/example_branch_operator.py took 0.394 seconds
[2024-05-28T18:19:34.419+0000] {processor.py:161} INFO - Started process (PID=1415) to work on /home/airflow/.local/lib/python3.12/site-packages/airflow/example_dags/example_branch_operator.py
[2024-05-28T18:19:34.423+0000] {processor.py:830} INFO - Processing file /home/airflow/.local/lib/python3.12/site-packages/airflow/example_dags/example_branch_operator.py for tasks to queue
[2024-05-28T18:19:34.437+0000] {logging_mixin.py:188} INFO - [2024-05-28T18:19:34.435+0000] {dagbag.py:545} INFO - Filling up the DagBag from /home/airflow/.local/lib/python3.12/site-packages/airflow/example_dags/example_branch_operator.py
[2024-05-28T18:19:34.556+0000] {processor.py:840} INFO - DAG(s) 'example_branch_operator' retrieved from /home/airflow/.local/lib/python3.12/site-packages/airflow/example_dags/example_branch_operator.py
[2024-05-28T18:19:34.869+0000] {logging_mixin.py:188} INFO - [2024-05-28T18:19:34.868+0000] {dag.py:3096} INFO - Sync 1 DAGs
[2024-05-28T18:19:35.105+0000] {logging_mixin.py:188} INFO - [2024-05-28T18:19:35.104+0000] {dag.py:3954} INFO - Setting next_dagrun for example_branch_operator to 2024-05-27 00:00:00+00:00, run_after=2024-05-28 00:00:00+00:00
[2024-05-28T18:19:35.273+0000] {processor.py:183} INFO - Processing /home/airflow/.local/lib/python3.12/site-packages/airflow/example_dags/example_branch_operator.py took 0.887 seconds
[2024-05-28T18:20:06.305+0000] {processor.py:161} INFO - Started process (PID=1471) to work on /home/airflow/.local/lib/python3.12/site-packages/airflow/example_dags/example_branch_operator.py
[2024-05-28T18:20:06.319+0000] {processor.py:830} INFO - Processing file /home/airflow/.local/lib/python3.12/site-packages/airflow/example_dags/example_branch_operator.py for tasks to queue
[2024-05-28T18:20:06.339+0000] {logging_mixin.py:188} INFO - [2024-05-28T18:20:06.337+0000] {dagbag.py:545} INFO - Filling up the DagBag from /home/airflow/.local/lib/python3.12/site-packages/airflow/example_dags/example_branch_operator.py
[2024-05-28T18:20:06.570+0000] {processor.py:840} INFO - DAG(s) 'example_branch_operator' retrieved from /home/airflow/.local/lib/python3.12/site-packages/airflow/example_dags/example_branch_operator.py
[2024-05-28T18:20:06.886+0000] {logging_mixin.py:188} INFO - [2024-05-28T18:20:06.879+0000] {dag.py:3096} INFO - Sync 1 DAGs
[2024-05-28T18:20:07.008+0000] {logging_mixin.py:188} INFO - [2024-05-28T18:20:07.007+0000] {dag.py:3954} INFO - Setting next_dagrun for example_branch_operator to 2024-05-27 00:00:00+00:00, run_after=2024-05-28 00:00:00+00:00
[2024-05-28T18:20:07.100+0000] {processor.py:183} INFO - Processing /home/airflow/.local/lib/python3.12/site-packages/airflow/example_dags/example_branch_operator.py took 0.842 seconds
[2024-05-28T18:20:38.092+0000] {processor.py:161} INFO - Started process (PID=1529) to work on /home/airflow/.local/lib/python3.12/site-packages/airflow/example_dags/example_branch_operator.py
[2024-05-28T18:20:38.112+0000] {processor.py:830} INFO - Processing file /home/airflow/.local/lib/python3.12/site-packages/airflow/example_dags/example_branch_operator.py for tasks to queue
[2024-05-28T18:20:38.156+0000] {logging_mixin.py:188} INFO - [2024-05-28T18:20:38.154+0000] {dagbag.py:545} INFO - Filling up the DagBag from /home/airflow/.local/lib/python3.12/site-packages/airflow/example_dags/example_branch_operator.py
[2024-05-28T18:20:38.276+0000] {processor.py:840} INFO - DAG(s) 'example_branch_operator' retrieved from /home/airflow/.local/lib/python3.12/site-packages/airflow/example_dags/example_branch_operator.py
[2024-05-28T18:20:38.491+0000] {logging_mixin.py:188} INFO - [2024-05-28T18:20:38.491+0000] {dag.py:3096} INFO - Sync 1 DAGs
[2024-05-28T18:20:38.618+0000] {logging_mixin.py:188} INFO - [2024-05-28T18:20:38.614+0000] {dag.py:3954} INFO - Setting next_dagrun for example_branch_operator to 2024-05-27 00:00:00+00:00, run_after=2024-05-28 00:00:00+00:00
[2024-05-28T18:20:38.745+0000] {processor.py:183} INFO - Processing /home/airflow/.local/lib/python3.12/site-packages/airflow/example_dags/example_branch_operator.py took 0.741 seconds
[2024-05-28T18:21:09.801+0000] {processor.py:161} INFO - Started process (PID=1588) to work on /home/airflow/.local/lib/python3.12/site-packages/airflow/example_dags/example_branch_operator.py
[2024-05-28T18:21:09.804+0000] {processor.py:830} INFO - Processing file /home/airflow/.local/lib/python3.12/site-packages/airflow/example_dags/example_branch_operator.py for tasks to queue
[2024-05-28T18:21:09.809+0000] {logging_mixin.py:188} INFO - [2024-05-28T18:21:09.808+0000] {dagbag.py:545} INFO - Filling up the DagBag from /home/airflow/.local/lib/python3.12/site-packages/airflow/example_dags/example_branch_operator.py
[2024-05-28T18:21:09.897+0000] {processor.py:840} INFO - DAG(s) 'example_branch_operator' retrieved from /home/airflow/.local/lib/python3.12/site-packages/airflow/example_dags/example_branch_operator.py
[2024-05-28T18:21:10.069+0000] {logging_mixin.py:188} INFO - [2024-05-28T18:21:10.068+0000] {dag.py:3096} INFO - Sync 1 DAGs
[2024-05-28T18:21:10.143+0000] {logging_mixin.py:188} INFO - [2024-05-28T18:21:10.143+0000] {dag.py:3954} INFO - Setting next_dagrun for example_branch_operator to 2024-05-27 00:00:00+00:00, run_after=2024-05-28 00:00:00+00:00
[2024-05-28T18:21:10.194+0000] {processor.py:183} INFO - Processing /home/airflow/.local/lib/python3.12/site-packages/airflow/example_dags/example_branch_operator.py took 0.420 seconds
[2024-05-28T18:21:41.045+0000] {processor.py:161} INFO - Started process (PID=1645) to work on /home/airflow/.local/lib/python3.12/site-packages/airflow/example_dags/example_branch_operator.py
[2024-05-28T18:21:41.060+0000] {processor.py:830} INFO - Processing file /home/airflow/.local/lib/python3.12/site-packages/airflow/example_dags/example_branch_operator.py for tasks to queue
[2024-05-28T18:21:41.074+0000] {logging_mixin.py:188} INFO - [2024-05-28T18:21:41.073+0000] {dagbag.py:545} INFO - Filling up the DagBag from /home/airflow/.local/lib/python3.12/site-packages/airflow/example_dags/example_branch_operator.py
[2024-05-28T18:21:41.323+0000] {processor.py:840} INFO - DAG(s) 'example_branch_operator' retrieved from /home/airflow/.local/lib/python3.12/site-packages/airflow/example_dags/example_branch_operator.py
[2024-05-28T18:21:41.696+0000] {logging_mixin.py:188} INFO - [2024-05-28T18:21:41.682+0000] {dag.py:3096} INFO - Sync 1 DAGs
[2024-05-28T18:21:41.940+0000] {logging_mixin.py:188} INFO - [2024-05-28T18:21:41.938+0000] {dag.py:3954} INFO - Setting next_dagrun for example_branch_operator to 2024-05-27 00:00:00+00:00, run_after=2024-05-28 00:00:00+00:00
[2024-05-28T18:21:42.243+0000] {processor.py:183} INFO - Processing /home/airflow/.local/lib/python3.12/site-packages/airflow/example_dags/example_branch_operator.py took 1.257 seconds
