[2024-05-28T18:07:15.327+0000] {processor.py:161} INFO - Started process (PID=60) to work on /home/airflow/.local/lib/python3.12/site-packages/airflow/example_dags/tutorial_taskflow_api.py
[2024-05-28T18:07:15.330+0000] {processor.py:830} INFO - Processing file /home/airflow/.local/lib/python3.12/site-packages/airflow/example_dags/tutorial_taskflow_api.py for tasks to queue
[2024-05-28T18:07:15.360+0000] {logging_mixin.py:188} INFO - [2024-05-28T18:07:15.359+0000] {dagbag.py:545} INFO - Filling up the DagBag from /home/airflow/.local/lib/python3.12/site-packages/airflow/example_dags/tutorial_taskflow_api.py
[2024-05-28T18:07:15.415+0000] {processor.py:840} INFO - DAG(s) 'tutorial_taskflow_api' retrieved from /home/airflow/.local/lib/python3.12/site-packages/airflow/example_dags/tutorial_taskflow_api.py
[2024-05-28T18:07:15.901+0000] {logging_mixin.py:188} INFO - [2024-05-28T18:07:15.900+0000] {dag.py:3096} INFO - Sync 1 DAGs
[2024-05-28T18:07:15.945+0000] {logging_mixin.py:188} INFO - [2024-05-28T18:07:15.942+0000] {dag.py:3954} INFO - Setting next_dagrun for tutorial_taskflow_api to None, run_after=None
[2024-05-28T18:07:16.037+0000] {processor.py:183} INFO - Processing /home/airflow/.local/lib/python3.12/site-packages/airflow/example_dags/tutorial_taskflow_api.py took 0.738 seconds
[2024-05-28T18:07:48.747+0000] {processor.py:161} INFO - Started process (PID=125) to work on /home/airflow/.local/lib/python3.12/site-packages/airflow/example_dags/tutorial_taskflow_api.py
[2024-05-28T18:07:48.751+0000] {processor.py:830} INFO - Processing file /home/airflow/.local/lib/python3.12/site-packages/airflow/example_dags/tutorial_taskflow_api.py for tasks to queue
[2024-05-28T18:07:48.756+0000] {logging_mixin.py:188} INFO - [2024-05-28T18:07:48.755+0000] {dagbag.py:545} INFO - Filling up the DagBag from /home/airflow/.local/lib/python3.12/site-packages/airflow/example_dags/tutorial_taskflow_api.py
[2024-05-28T18:07:48.773+0000] {processor.py:840} INFO - DAG(s) 'tutorial_taskflow_api' retrieved from /home/airflow/.local/lib/python3.12/site-packages/airflow/example_dags/tutorial_taskflow_api.py
[2024-05-28T18:07:48.821+0000] {logging_mixin.py:188} INFO - [2024-05-28T18:07:48.820+0000] {dag.py:3096} INFO - Sync 1 DAGs
[2024-05-28T18:07:48.882+0000] {logging_mixin.py:188} INFO - [2024-05-28T18:07:48.881+0000] {dag.py:3954} INFO - Setting next_dagrun for tutorial_taskflow_api to None, run_after=None
[2024-05-28T18:07:48.959+0000] {processor.py:183} INFO - Processing /home/airflow/.local/lib/python3.12/site-packages/airflow/example_dags/tutorial_taskflow_api.py took 0.224 seconds
[2024-05-28T18:08:19.183+0000] {processor.py:161} INFO - Started process (PID=181) to work on /home/airflow/.local/lib/python3.12/site-packages/airflow/example_dags/tutorial_taskflow_api.py
[2024-05-28T18:08:19.186+0000] {processor.py:830} INFO - Processing file /home/airflow/.local/lib/python3.12/site-packages/airflow/example_dags/tutorial_taskflow_api.py for tasks to queue
[2024-05-28T18:08:19.192+0000] {logging_mixin.py:188} INFO - [2024-05-28T18:08:19.191+0000] {dagbag.py:545} INFO - Filling up the DagBag from /home/airflow/.local/lib/python3.12/site-packages/airflow/example_dags/tutorial_taskflow_api.py
[2024-05-28T18:08:19.221+0000] {processor.py:840} INFO - DAG(s) 'tutorial_taskflow_api' retrieved from /home/airflow/.local/lib/python3.12/site-packages/airflow/example_dags/tutorial_taskflow_api.py
[2024-05-28T18:08:19.294+0000] {logging_mixin.py:188} INFO - [2024-05-28T18:08:19.293+0000] {dag.py:3096} INFO - Sync 1 DAGs
[2024-05-28T18:08:19.342+0000] {logging_mixin.py:188} INFO - [2024-05-28T18:08:19.341+0000] {dag.py:3954} INFO - Setting next_dagrun for tutorial_taskflow_api to None, run_after=None
[2024-05-28T18:08:19.430+0000] {processor.py:183} INFO - Processing /home/airflow/.local/lib/python3.12/site-packages/airflow/example_dags/tutorial_taskflow_api.py took 0.269 seconds
[2024-05-28T18:08:49.810+0000] {processor.py:161} INFO - Started process (PID=238) to work on /home/airflow/.local/lib/python3.12/site-packages/airflow/example_dags/tutorial_taskflow_api.py
[2024-05-28T18:08:49.815+0000] {processor.py:830} INFO - Processing file /home/airflow/.local/lib/python3.12/site-packages/airflow/example_dags/tutorial_taskflow_api.py for tasks to queue
[2024-05-28T18:08:49.830+0000] {logging_mixin.py:188} INFO - [2024-05-28T18:08:49.828+0000] {dagbag.py:545} INFO - Filling up the DagBag from /home/airflow/.local/lib/python3.12/site-packages/airflow/example_dags/tutorial_taskflow_api.py
[2024-05-28T18:08:49.872+0000] {processor.py:840} INFO - DAG(s) 'tutorial_taskflow_api' retrieved from /home/airflow/.local/lib/python3.12/site-packages/airflow/example_dags/tutorial_taskflow_api.py
[2024-05-28T18:08:49.969+0000] {logging_mixin.py:188} INFO - [2024-05-28T18:08:49.969+0000] {dag.py:3096} INFO - Sync 1 DAGs
[2024-05-28T18:08:50.007+0000] {logging_mixin.py:188} INFO - [2024-05-28T18:08:50.006+0000] {dag.py:3954} INFO - Setting next_dagrun for tutorial_taskflow_api to None, run_after=None
[2024-05-28T18:08:50.058+0000] {processor.py:183} INFO - Processing /home/airflow/.local/lib/python3.12/site-packages/airflow/example_dags/tutorial_taskflow_api.py took 0.288 seconds
[2024-05-28T18:09:20.872+0000] {processor.py:161} INFO - Started process (PID=296) to work on /home/airflow/.local/lib/python3.12/site-packages/airflow/example_dags/tutorial_taskflow_api.py
[2024-05-28T18:09:20.876+0000] {processor.py:830} INFO - Processing file /home/airflow/.local/lib/python3.12/site-packages/airflow/example_dags/tutorial_taskflow_api.py for tasks to queue
[2024-05-28T18:09:20.883+0000] {logging_mixin.py:188} INFO - [2024-05-28T18:09:20.881+0000] {dagbag.py:545} INFO - Filling up the DagBag from /home/airflow/.local/lib/python3.12/site-packages/airflow/example_dags/tutorial_taskflow_api.py
[2024-05-28T18:09:20.912+0000] {processor.py:840} INFO - DAG(s) 'tutorial_taskflow_api' retrieved from /home/airflow/.local/lib/python3.12/site-packages/airflow/example_dags/tutorial_taskflow_api.py
[2024-05-28T18:09:20.983+0000] {logging_mixin.py:188} INFO - [2024-05-28T18:09:20.983+0000] {dag.py:3096} INFO - Sync 1 DAGs
[2024-05-28T18:09:21.020+0000] {logging_mixin.py:188} INFO - [2024-05-28T18:09:21.020+0000] {dag.py:3954} INFO - Setting next_dagrun for tutorial_taskflow_api to None, run_after=None
[2024-05-28T18:09:21.075+0000] {processor.py:183} INFO - Processing /home/airflow/.local/lib/python3.12/site-packages/airflow/example_dags/tutorial_taskflow_api.py took 0.225 seconds
[2024-05-28T18:09:51.275+0000] {processor.py:161} INFO - Started process (PID=354) to work on /home/airflow/.local/lib/python3.12/site-packages/airflow/example_dags/tutorial_taskflow_api.py
[2024-05-28T18:09:51.277+0000] {processor.py:830} INFO - Processing file /home/airflow/.local/lib/python3.12/site-packages/airflow/example_dags/tutorial_taskflow_api.py for tasks to queue
[2024-05-28T18:09:51.284+0000] {logging_mixin.py:188} INFO - [2024-05-28T18:09:51.283+0000] {dagbag.py:545} INFO - Filling up the DagBag from /home/airflow/.local/lib/python3.12/site-packages/airflow/example_dags/tutorial_taskflow_api.py
[2024-05-28T18:09:51.311+0000] {processor.py:840} INFO - DAG(s) 'tutorial_taskflow_api' retrieved from /home/airflow/.local/lib/python3.12/site-packages/airflow/example_dags/tutorial_taskflow_api.py
[2024-05-28T18:09:51.381+0000] {logging_mixin.py:188} INFO - [2024-05-28T18:09:51.380+0000] {dag.py:3096} INFO - Sync 1 DAGs
[2024-05-28T18:09:51.426+0000] {logging_mixin.py:188} INFO - [2024-05-28T18:09:51.425+0000] {dag.py:3954} INFO - Setting next_dagrun for tutorial_taskflow_api to None, run_after=None
[2024-05-28T18:09:51.517+0000] {processor.py:183} INFO - Processing /home/airflow/.local/lib/python3.12/site-packages/airflow/example_dags/tutorial_taskflow_api.py took 0.264 seconds
[2024-05-28T18:10:22.193+0000] {processor.py:161} INFO - Started process (PID=412) to work on /home/airflow/.local/lib/python3.12/site-packages/airflow/example_dags/tutorial_taskflow_api.py
[2024-05-28T18:10:22.195+0000] {processor.py:830} INFO - Processing file /home/airflow/.local/lib/python3.12/site-packages/airflow/example_dags/tutorial_taskflow_api.py for tasks to queue
[2024-05-28T18:10:22.199+0000] {logging_mixin.py:188} INFO - [2024-05-28T18:10:22.199+0000] {dagbag.py:545} INFO - Filling up the DagBag from /home/airflow/.local/lib/python3.12/site-packages/airflow/example_dags/tutorial_taskflow_api.py
[2024-05-28T18:10:22.216+0000] {processor.py:840} INFO - DAG(s) 'tutorial_taskflow_api' retrieved from /home/airflow/.local/lib/python3.12/site-packages/airflow/example_dags/tutorial_taskflow_api.py
[2024-05-28T18:10:22.272+0000] {logging_mixin.py:188} INFO - [2024-05-28T18:10:22.272+0000] {dag.py:3096} INFO - Sync 1 DAGs
[2024-05-28T18:10:22.345+0000] {logging_mixin.py:188} INFO - [2024-05-28T18:10:22.344+0000] {dag.py:3954} INFO - Setting next_dagrun for tutorial_taskflow_api to None, run_after=None
[2024-05-28T18:10:22.416+0000] {processor.py:183} INFO - Processing /home/airflow/.local/lib/python3.12/site-packages/airflow/example_dags/tutorial_taskflow_api.py took 0.239 seconds
[2024-05-28T18:10:52.986+0000] {processor.py:161} INFO - Started process (PID=469) to work on /home/airflow/.local/lib/python3.12/site-packages/airflow/example_dags/tutorial_taskflow_api.py
[2024-05-28T18:10:52.989+0000] {processor.py:830} INFO - Processing file /home/airflow/.local/lib/python3.12/site-packages/airflow/example_dags/tutorial_taskflow_api.py for tasks to queue
[2024-05-28T18:10:52.993+0000] {logging_mixin.py:188} INFO - [2024-05-28T18:10:52.992+0000] {dagbag.py:545} INFO - Filling up the DagBag from /home/airflow/.local/lib/python3.12/site-packages/airflow/example_dags/tutorial_taskflow_api.py
[2024-05-28T18:10:53.016+0000] {processor.py:840} INFO - DAG(s) 'tutorial_taskflow_api' retrieved from /home/airflow/.local/lib/python3.12/site-packages/airflow/example_dags/tutorial_taskflow_api.py
[2024-05-28T18:10:53.077+0000] {logging_mixin.py:188} INFO - [2024-05-28T18:10:53.077+0000] {dag.py:3096} INFO - Sync 1 DAGs
[2024-05-28T18:10:53.152+0000] {logging_mixin.py:188} INFO - [2024-05-28T18:10:53.148+0000] {dag.py:3954} INFO - Setting next_dagrun for tutorial_taskflow_api to None, run_after=None
[2024-05-28T18:10:53.213+0000] {processor.py:183} INFO - Processing /home/airflow/.local/lib/python3.12/site-packages/airflow/example_dags/tutorial_taskflow_api.py took 0.248 seconds
[2024-05-28T18:11:32.767+0000] {processor.py:161} INFO - Started process (PID=528) to work on /home/airflow/.local/lib/python3.12/site-packages/airflow/example_dags/tutorial_taskflow_api.py
[2024-05-28T18:11:32.773+0000] {processor.py:830} INFO - Processing file /home/airflow/.local/lib/python3.12/site-packages/airflow/example_dags/tutorial_taskflow_api.py for tasks to queue
[2024-05-28T18:11:32.791+0000] {logging_mixin.py:188} INFO - [2024-05-28T18:11:32.790+0000] {dagbag.py:545} INFO - Filling up the DagBag from /home/airflow/.local/lib/python3.12/site-packages/airflow/example_dags/tutorial_taskflow_api.py
[2024-05-28T18:11:32.860+0000] {processor.py:840} INFO - DAG(s) 'tutorial_taskflow_api' retrieved from /home/airflow/.local/lib/python3.12/site-packages/airflow/example_dags/tutorial_taskflow_api.py
[2024-05-28T18:11:33.105+0000] {logging_mixin.py:188} INFO - [2024-05-28T18:11:33.104+0000] {dag.py:3096} INFO - Sync 1 DAGs
[2024-05-28T18:11:33.248+0000] {logging_mixin.py:188} INFO - [2024-05-28T18:11:33.247+0000] {dag.py:3954} INFO - Setting next_dagrun for tutorial_taskflow_api to None, run_after=None
[2024-05-28T18:11:33.477+0000] {processor.py:183} INFO - Processing /home/airflow/.local/lib/python3.12/site-packages/airflow/example_dags/tutorial_taskflow_api.py took 0.765 seconds
[2024-05-28T18:12:04.524+0000] {processor.py:161} INFO - Started process (PID=586) to work on /home/airflow/.local/lib/python3.12/site-packages/airflow/example_dags/tutorial_taskflow_api.py
[2024-05-28T18:12:04.528+0000] {processor.py:830} INFO - Processing file /home/airflow/.local/lib/python3.12/site-packages/airflow/example_dags/tutorial_taskflow_api.py for tasks to queue
[2024-05-28T18:12:04.534+0000] {logging_mixin.py:188} INFO - [2024-05-28T18:12:04.533+0000] {dagbag.py:545} INFO - Filling up the DagBag from /home/airflow/.local/lib/python3.12/site-packages/airflow/example_dags/tutorial_taskflow_api.py
[2024-05-28T18:12:04.555+0000] {processor.py:840} INFO - DAG(s) 'tutorial_taskflow_api' retrieved from /home/airflow/.local/lib/python3.12/site-packages/airflow/example_dags/tutorial_taskflow_api.py
[2024-05-28T18:12:04.637+0000] {logging_mixin.py:188} INFO - [2024-05-28T18:12:04.636+0000] {dag.py:3096} INFO - Sync 1 DAGs
[2024-05-28T18:12:04.679+0000] {logging_mixin.py:188} INFO - [2024-05-28T18:12:04.678+0000] {dag.py:3954} INFO - Setting next_dagrun for tutorial_taskflow_api to None, run_after=None
[2024-05-28T18:12:04.727+0000] {processor.py:183} INFO - Processing /home/airflow/.local/lib/python3.12/site-packages/airflow/example_dags/tutorial_taskflow_api.py took 0.243 seconds
[2024-05-28T18:12:35.887+0000] {processor.py:161} INFO - Started process (PID=644) to work on /home/airflow/.local/lib/python3.12/site-packages/airflow/example_dags/tutorial_taskflow_api.py
[2024-05-28T18:12:35.903+0000] {processor.py:830} INFO - Processing file /home/airflow/.local/lib/python3.12/site-packages/airflow/example_dags/tutorial_taskflow_api.py for tasks to queue
[2024-05-28T18:12:35.919+0000] {logging_mixin.py:188} INFO - [2024-05-28T18:12:35.918+0000] {dagbag.py:545} INFO - Filling up the DagBag from /home/airflow/.local/lib/python3.12/site-packages/airflow/example_dags/tutorial_taskflow_api.py
[2024-05-28T18:12:35.950+0000] {processor.py:840} INFO - DAG(s) 'tutorial_taskflow_api' retrieved from /home/airflow/.local/lib/python3.12/site-packages/airflow/example_dags/tutorial_taskflow_api.py
[2024-05-28T18:12:36.075+0000] {logging_mixin.py:188} INFO - [2024-05-28T18:12:36.073+0000] {dag.py:3096} INFO - Sync 1 DAGs
[2024-05-28T18:12:36.212+0000] {logging_mixin.py:188} INFO - [2024-05-28T18:12:36.205+0000] {dag.py:3954} INFO - Setting next_dagrun for tutorial_taskflow_api to None, run_after=None
[2024-05-28T18:12:36.329+0000] {processor.py:183} INFO - Processing /home/airflow/.local/lib/python3.12/site-packages/airflow/example_dags/tutorial_taskflow_api.py took 0.518 seconds
[2024-05-28T18:13:07.344+0000] {processor.py:161} INFO - Started process (PID=702) to work on /home/airflow/.local/lib/python3.12/site-packages/airflow/example_dags/tutorial_taskflow_api.py
[2024-05-28T18:13:07.347+0000] {processor.py:830} INFO - Processing file /home/airflow/.local/lib/python3.12/site-packages/airflow/example_dags/tutorial_taskflow_api.py for tasks to queue
[2024-05-28T18:13:07.352+0000] {logging_mixin.py:188} INFO - [2024-05-28T18:13:07.352+0000] {dagbag.py:545} INFO - Filling up the DagBag from /home/airflow/.local/lib/python3.12/site-packages/airflow/example_dags/tutorial_taskflow_api.py
[2024-05-28T18:13:07.371+0000] {processor.py:840} INFO - DAG(s) 'tutorial_taskflow_api' retrieved from /home/airflow/.local/lib/python3.12/site-packages/airflow/example_dags/tutorial_taskflow_api.py
[2024-05-28T18:13:07.438+0000] {logging_mixin.py:188} INFO - [2024-05-28T18:13:07.437+0000] {dag.py:3096} INFO - Sync 1 DAGs
[2024-05-28T18:13:07.487+0000] {logging_mixin.py:188} INFO - [2024-05-28T18:13:07.487+0000] {dag.py:3954} INFO - Setting next_dagrun for tutorial_taskflow_api to None, run_after=None
[2024-05-28T18:13:07.546+0000] {processor.py:183} INFO - Processing /home/airflow/.local/lib/python3.12/site-packages/airflow/example_dags/tutorial_taskflow_api.py took 0.236 seconds
[2024-05-28T18:13:38.279+0000] {processor.py:161} INFO - Started process (PID=761) to work on /home/airflow/.local/lib/python3.12/site-packages/airflow/example_dags/tutorial_taskflow_api.py
[2024-05-28T18:13:38.303+0000] {processor.py:830} INFO - Processing file /home/airflow/.local/lib/python3.12/site-packages/airflow/example_dags/tutorial_taskflow_api.py for tasks to queue
[2024-05-28T18:13:38.320+0000] {logging_mixin.py:188} INFO - [2024-05-28T18:13:38.316+0000] {dagbag.py:545} INFO - Filling up the DagBag from /home/airflow/.local/lib/python3.12/site-packages/airflow/example_dags/tutorial_taskflow_api.py
[2024-05-28T18:13:38.355+0000] {processor.py:840} INFO - DAG(s) 'tutorial_taskflow_api' retrieved from /home/airflow/.local/lib/python3.12/site-packages/airflow/example_dags/tutorial_taskflow_api.py
[2024-05-28T18:13:38.495+0000] {logging_mixin.py:188} INFO - [2024-05-28T18:13:38.493+0000] {dag.py:3096} INFO - Sync 1 DAGs
[2024-05-28T18:13:38.572+0000] {logging_mixin.py:188} INFO - [2024-05-28T18:13:38.571+0000] {dag.py:3954} INFO - Setting next_dagrun for tutorial_taskflow_api to None, run_after=None
[2024-05-28T18:13:38.665+0000] {processor.py:183} INFO - Processing /home/airflow/.local/lib/python3.12/site-packages/airflow/example_dags/tutorial_taskflow_api.py took 0.424 seconds
[2024-05-28T18:14:09.120+0000] {processor.py:161} INFO - Started process (PID=819) to work on /home/airflow/.local/lib/python3.12/site-packages/airflow/example_dags/tutorial_taskflow_api.py
[2024-05-28T18:14:09.124+0000] {processor.py:830} INFO - Processing file /home/airflow/.local/lib/python3.12/site-packages/airflow/example_dags/tutorial_taskflow_api.py for tasks to queue
[2024-05-28T18:14:09.132+0000] {logging_mixin.py:188} INFO - [2024-05-28T18:14:09.131+0000] {dagbag.py:545} INFO - Filling up the DagBag from /home/airflow/.local/lib/python3.12/site-packages/airflow/example_dags/tutorial_taskflow_api.py
[2024-05-28T18:14:09.152+0000] {processor.py:840} INFO - DAG(s) 'tutorial_taskflow_api' retrieved from /home/airflow/.local/lib/python3.12/site-packages/airflow/example_dags/tutorial_taskflow_api.py
[2024-05-28T18:14:09.199+0000] {logging_mixin.py:188} INFO - [2024-05-28T18:14:09.198+0000] {dag.py:3096} INFO - Sync 1 DAGs
[2024-05-28T18:14:09.242+0000] {logging_mixin.py:188} INFO - [2024-05-28T18:14:09.241+0000] {dag.py:3954} INFO - Setting next_dagrun for tutorial_taskflow_api to None, run_after=None
[2024-05-28T18:14:09.345+0000] {processor.py:183} INFO - Processing /home/airflow/.local/lib/python3.12/site-packages/airflow/example_dags/tutorial_taskflow_api.py took 0.248 seconds
[2024-05-28T18:14:39.707+0000] {processor.py:161} INFO - Started process (PID=876) to work on /home/airflow/.local/lib/python3.12/site-packages/airflow/example_dags/tutorial_taskflow_api.py
[2024-05-28T18:14:39.720+0000] {processor.py:830} INFO - Processing file /home/airflow/.local/lib/python3.12/site-packages/airflow/example_dags/tutorial_taskflow_api.py for tasks to queue
[2024-05-28T18:14:39.756+0000] {logging_mixin.py:188} INFO - [2024-05-28T18:14:39.753+0000] {dagbag.py:545} INFO - Filling up the DagBag from /home/airflow/.local/lib/python3.12/site-packages/airflow/example_dags/tutorial_taskflow_api.py
[2024-05-28T18:14:39.809+0000] {processor.py:840} INFO - DAG(s) 'tutorial_taskflow_api' retrieved from /home/airflow/.local/lib/python3.12/site-packages/airflow/example_dags/tutorial_taskflow_api.py
[2024-05-28T18:14:40.007+0000] {logging_mixin.py:188} INFO - [2024-05-28T18:14:40.004+0000] {dag.py:3096} INFO - Sync 1 DAGs
[2024-05-28T18:14:40.168+0000] {logging_mixin.py:188} INFO - [2024-05-28T18:14:40.168+0000] {dag.py:3954} INFO - Setting next_dagrun for tutorial_taskflow_api to None, run_after=None
[2024-05-28T18:14:40.410+0000] {processor.py:183} INFO - Processing /home/airflow/.local/lib/python3.12/site-packages/airflow/example_dags/tutorial_taskflow_api.py took 0.740 seconds
[2024-05-28T18:15:11.174+0000] {processor.py:161} INFO - Started process (PID=934) to work on /home/airflow/.local/lib/python3.12/site-packages/airflow/example_dags/tutorial_taskflow_api.py
[2024-05-28T18:15:11.177+0000] {processor.py:830} INFO - Processing file /home/airflow/.local/lib/python3.12/site-packages/airflow/example_dags/tutorial_taskflow_api.py for tasks to queue
[2024-05-28T18:15:11.183+0000] {logging_mixin.py:188} INFO - [2024-05-28T18:15:11.182+0000] {dagbag.py:545} INFO - Filling up the DagBag from /home/airflow/.local/lib/python3.12/site-packages/airflow/example_dags/tutorial_taskflow_api.py
[2024-05-28T18:15:11.208+0000] {processor.py:840} INFO - DAG(s) 'tutorial_taskflow_api' retrieved from /home/airflow/.local/lib/python3.12/site-packages/airflow/example_dags/tutorial_taskflow_api.py
[2024-05-28T18:15:11.278+0000] {logging_mixin.py:188} INFO - [2024-05-28T18:15:11.277+0000] {dag.py:3096} INFO - Sync 1 DAGs
[2024-05-28T18:15:11.325+0000] {logging_mixin.py:188} INFO - [2024-05-28T18:15:11.325+0000] {dag.py:3954} INFO - Setting next_dagrun for tutorial_taskflow_api to None, run_after=None
[2024-05-28T18:15:11.388+0000] {processor.py:183} INFO - Processing /home/airflow/.local/lib/python3.12/site-packages/airflow/example_dags/tutorial_taskflow_api.py took 0.234 seconds
[2024-05-28T18:15:44.957+0000] {processor.py:161} INFO - Started process (PID=992) to work on /home/airflow/.local/lib/python3.12/site-packages/airflow/example_dags/tutorial_taskflow_api.py
[2024-05-28T18:15:44.960+0000] {processor.py:830} INFO - Processing file /home/airflow/.local/lib/python3.12/site-packages/airflow/example_dags/tutorial_taskflow_api.py for tasks to queue
[2024-05-28T18:15:44.966+0000] {logging_mixin.py:188} INFO - [2024-05-28T18:15:44.965+0000] {dagbag.py:545} INFO - Filling up the DagBag from /home/airflow/.local/lib/python3.12/site-packages/airflow/example_dags/tutorial_taskflow_api.py
[2024-05-28T18:15:44.985+0000] {processor.py:840} INFO - DAG(s) 'tutorial_taskflow_api' retrieved from /home/airflow/.local/lib/python3.12/site-packages/airflow/example_dags/tutorial_taskflow_api.py
[2024-05-28T18:15:45.050+0000] {logging_mixin.py:188} INFO - [2024-05-28T18:15:45.049+0000] {dag.py:3096} INFO - Sync 1 DAGs
[2024-05-28T18:15:45.107+0000] {logging_mixin.py:188} INFO - [2024-05-28T18:15:45.106+0000] {dag.py:3954} INFO - Setting next_dagrun for tutorial_taskflow_api to None, run_after=None
[2024-05-28T18:15:45.287+0000] {processor.py:183} INFO - Processing /home/airflow/.local/lib/python3.12/site-packages/airflow/example_dags/tutorial_taskflow_api.py took 0.359 seconds
[2024-05-28T18:16:18.337+0000] {processor.py:161} INFO - Started process (PID=1046) to work on /home/airflow/.local/lib/python3.12/site-packages/airflow/example_dags/tutorial_taskflow_api.py
[2024-05-28T18:16:18.361+0000] {processor.py:830} INFO - Processing file /home/airflow/.local/lib/python3.12/site-packages/airflow/example_dags/tutorial_taskflow_api.py for tasks to queue
[2024-05-28T18:16:18.374+0000] {logging_mixin.py:188} INFO - [2024-05-28T18:16:18.370+0000] {dagbag.py:545} INFO - Filling up the DagBag from /home/airflow/.local/lib/python3.12/site-packages/airflow/example_dags/tutorial_taskflow_api.py
[2024-05-28T18:16:18.444+0000] {processor.py:840} INFO - DAG(s) 'tutorial_taskflow_api' retrieved from /home/airflow/.local/lib/python3.12/site-packages/airflow/example_dags/tutorial_taskflow_api.py
[2024-05-28T18:16:18.595+0000] {logging_mixin.py:188} INFO - [2024-05-28T18:16:18.594+0000] {dag.py:3096} INFO - Sync 1 DAGs
[2024-05-28T18:16:18.725+0000] {logging_mixin.py:188} INFO - [2024-05-28T18:16:18.724+0000] {dag.py:3954} INFO - Setting next_dagrun for tutorial_taskflow_api to None, run_after=None
[2024-05-28T18:16:18.985+0000] {processor.py:183} INFO - Processing /home/airflow/.local/lib/python3.12/site-packages/airflow/example_dags/tutorial_taskflow_api.py took 0.696 seconds
[2024-05-28T18:16:51.170+0000] {processor.py:161} INFO - Started process (PID=1105) to work on /home/airflow/.local/lib/python3.12/site-packages/airflow/example_dags/tutorial_taskflow_api.py
[2024-05-28T18:16:51.180+0000] {processor.py:830} INFO - Processing file /home/airflow/.local/lib/python3.12/site-packages/airflow/example_dags/tutorial_taskflow_api.py for tasks to queue
[2024-05-28T18:16:51.189+0000] {logging_mixin.py:188} INFO - [2024-05-28T18:16:51.187+0000] {dagbag.py:545} INFO - Filling up the DagBag from /home/airflow/.local/lib/python3.12/site-packages/airflow/example_dags/tutorial_taskflow_api.py
[2024-05-28T18:16:51.245+0000] {processor.py:840} INFO - DAG(s) 'tutorial_taskflow_api' retrieved from /home/airflow/.local/lib/python3.12/site-packages/airflow/example_dags/tutorial_taskflow_api.py
[2024-05-28T18:16:51.459+0000] {logging_mixin.py:188} INFO - [2024-05-28T18:16:51.456+0000] {dag.py:3096} INFO - Sync 1 DAGs
[2024-05-28T18:16:51.613+0000] {logging_mixin.py:188} INFO - [2024-05-28T18:16:51.611+0000] {dag.py:3954} INFO - Setting next_dagrun for tutorial_taskflow_api to None, run_after=None
[2024-05-28T18:16:51.796+0000] {processor.py:183} INFO - Processing /home/airflow/.local/lib/python3.12/site-packages/airflow/example_dags/tutorial_taskflow_api.py took 0.680 seconds
[2024-05-28T18:17:22.154+0000] {processor.py:161} INFO - Started process (PID=1162) to work on /home/airflow/.local/lib/python3.12/site-packages/airflow/example_dags/tutorial_taskflow_api.py
[2024-05-28T18:17:22.156+0000] {processor.py:830} INFO - Processing file /home/airflow/.local/lib/python3.12/site-packages/airflow/example_dags/tutorial_taskflow_api.py for tasks to queue
[2024-05-28T18:17:22.161+0000] {logging_mixin.py:188} INFO - [2024-05-28T18:17:22.160+0000] {dagbag.py:545} INFO - Filling up the DagBag from /home/airflow/.local/lib/python3.12/site-packages/airflow/example_dags/tutorial_taskflow_api.py
[2024-05-28T18:17:22.178+0000] {processor.py:840} INFO - DAG(s) 'tutorial_taskflow_api' retrieved from /home/airflow/.local/lib/python3.12/site-packages/airflow/example_dags/tutorial_taskflow_api.py
[2024-05-28T18:17:22.260+0000] {logging_mixin.py:188} INFO - [2024-05-28T18:17:22.256+0000] {dag.py:3096} INFO - Sync 1 DAGs
[2024-05-28T18:17:22.305+0000] {logging_mixin.py:188} INFO - [2024-05-28T18:17:22.304+0000] {dag.py:3954} INFO - Setting next_dagrun for tutorial_taskflow_api to None, run_after=None
[2024-05-28T18:17:22.363+0000] {processor.py:183} INFO - Processing /home/airflow/.local/lib/python3.12/site-packages/airflow/example_dags/tutorial_taskflow_api.py took 0.224 seconds
[2024-05-28T18:17:52.770+0000] {processor.py:161} INFO - Started process (PID=1224) to work on /home/airflow/.local/lib/python3.12/site-packages/airflow/example_dags/tutorial_taskflow_api.py
[2024-05-28T18:17:52.782+0000] {processor.py:830} INFO - Processing file /home/airflow/.local/lib/python3.12/site-packages/airflow/example_dags/tutorial_taskflow_api.py for tasks to queue
[2024-05-28T18:17:52.798+0000] {logging_mixin.py:188} INFO - [2024-05-28T18:17:52.797+0000] {dagbag.py:545} INFO - Filling up the DagBag from /home/airflow/.local/lib/python3.12/site-packages/airflow/example_dags/tutorial_taskflow_api.py
[2024-05-28T18:17:52.866+0000] {processor.py:840} INFO - DAG(s) 'tutorial_taskflow_api' retrieved from /home/airflow/.local/lib/python3.12/site-packages/airflow/example_dags/tutorial_taskflow_api.py
[2024-05-28T18:17:53.026+0000] {logging_mixin.py:188} INFO - [2024-05-28T18:17:53.025+0000] {dag.py:3096} INFO - Sync 1 DAGs
[2024-05-28T18:17:53.213+0000] {logging_mixin.py:188} INFO - [2024-05-28T18:17:53.203+0000] {dag.py:3954} INFO - Setting next_dagrun for tutorial_taskflow_api to None, run_after=None
[2024-05-28T18:17:53.553+0000] {processor.py:183} INFO - Processing /home/airflow/.local/lib/python3.12/site-packages/airflow/example_dags/tutorial_taskflow_api.py took 0.829 seconds
[2024-05-28T18:18:23.858+0000] {processor.py:161} INFO - Started process (PID=1282) to work on /home/airflow/.local/lib/python3.12/site-packages/airflow/example_dags/tutorial_taskflow_api.py
[2024-05-28T18:18:23.860+0000] {processor.py:830} INFO - Processing file /home/airflow/.local/lib/python3.12/site-packages/airflow/example_dags/tutorial_taskflow_api.py for tasks to queue
[2024-05-28T18:18:23.864+0000] {logging_mixin.py:188} INFO - [2024-05-28T18:18:23.863+0000] {dagbag.py:545} INFO - Filling up the DagBag from /home/airflow/.local/lib/python3.12/site-packages/airflow/example_dags/tutorial_taskflow_api.py
[2024-05-28T18:18:23.880+0000] {processor.py:840} INFO - DAG(s) 'tutorial_taskflow_api' retrieved from /home/airflow/.local/lib/python3.12/site-packages/airflow/example_dags/tutorial_taskflow_api.py
[2024-05-28T18:18:23.922+0000] {logging_mixin.py:188} INFO - [2024-05-28T18:18:23.922+0000] {dag.py:3096} INFO - Sync 1 DAGs
[2024-05-28T18:18:23.954+0000] {logging_mixin.py:188} INFO - [2024-05-28T18:18:23.954+0000] {dag.py:3954} INFO - Setting next_dagrun for tutorial_taskflow_api to None, run_after=None
[2024-05-28T18:18:24.046+0000] {processor.py:183} INFO - Processing /home/airflow/.local/lib/python3.12/site-packages/airflow/example_dags/tutorial_taskflow_api.py took 0.204 seconds
[2024-05-28T18:18:54.510+0000] {processor.py:161} INFO - Started process (PID=1340) to work on /home/airflow/.local/lib/python3.12/site-packages/airflow/example_dags/tutorial_taskflow_api.py
[2024-05-28T18:18:54.512+0000] {processor.py:830} INFO - Processing file /home/airflow/.local/lib/python3.12/site-packages/airflow/example_dags/tutorial_taskflow_api.py for tasks to queue
[2024-05-28T18:18:54.519+0000] {logging_mixin.py:188} INFO - [2024-05-28T18:18:54.518+0000] {dagbag.py:545} INFO - Filling up the DagBag from /home/airflow/.local/lib/python3.12/site-packages/airflow/example_dags/tutorial_taskflow_api.py
[2024-05-28T18:18:54.538+0000] {processor.py:840} INFO - DAG(s) 'tutorial_taskflow_api' retrieved from /home/airflow/.local/lib/python3.12/site-packages/airflow/example_dags/tutorial_taskflow_api.py
[2024-05-28T18:18:54.595+0000] {logging_mixin.py:188} INFO - [2024-05-28T18:18:54.594+0000] {dag.py:3096} INFO - Sync 1 DAGs
[2024-05-28T18:18:54.633+0000] {logging_mixin.py:188} INFO - [2024-05-28T18:18:54.632+0000] {dag.py:3954} INFO - Setting next_dagrun for tutorial_taskflow_api to None, run_after=None
[2024-05-28T18:18:54.714+0000] {processor.py:183} INFO - Processing /home/airflow/.local/lib/python3.12/site-packages/airflow/example_dags/tutorial_taskflow_api.py took 0.220 seconds
[2024-05-28T18:19:25.311+0000] {processor.py:161} INFO - Started process (PID=1398) to work on /home/airflow/.local/lib/python3.12/site-packages/airflow/example_dags/tutorial_taskflow_api.py
[2024-05-28T18:19:25.322+0000] {processor.py:830} INFO - Processing file /home/airflow/.local/lib/python3.12/site-packages/airflow/example_dags/tutorial_taskflow_api.py for tasks to queue
[2024-05-28T18:19:25.332+0000] {logging_mixin.py:188} INFO - [2024-05-28T18:19:25.331+0000] {dagbag.py:545} INFO - Filling up the DagBag from /home/airflow/.local/lib/python3.12/site-packages/airflow/example_dags/tutorial_taskflow_api.py
[2024-05-28T18:19:25.368+0000] {processor.py:840} INFO - DAG(s) 'tutorial_taskflow_api' retrieved from /home/airflow/.local/lib/python3.12/site-packages/airflow/example_dags/tutorial_taskflow_api.py
[2024-05-28T18:19:25.546+0000] {logging_mixin.py:188} INFO - [2024-05-28T18:19:25.545+0000] {dag.py:3096} INFO - Sync 1 DAGs
[2024-05-28T18:19:25.649+0000] {logging_mixin.py:188} INFO - [2024-05-28T18:19:25.648+0000] {dag.py:3954} INFO - Setting next_dagrun for tutorial_taskflow_api to None, run_after=None
[2024-05-28T18:19:25.775+0000] {processor.py:183} INFO - Processing /home/airflow/.local/lib/python3.12/site-packages/airflow/example_dags/tutorial_taskflow_api.py took 0.488 seconds
[2024-05-28T18:19:55.982+0000] {processor.py:161} INFO - Started process (PID=1456) to work on /home/airflow/.local/lib/python3.12/site-packages/airflow/example_dags/tutorial_taskflow_api.py
[2024-05-28T18:19:55.985+0000] {processor.py:830} INFO - Processing file /home/airflow/.local/lib/python3.12/site-packages/airflow/example_dags/tutorial_taskflow_api.py for tasks to queue
[2024-05-28T18:19:56.001+0000] {logging_mixin.py:188} INFO - [2024-05-28T18:19:55.998+0000] {dagbag.py:545} INFO - Filling up the DagBag from /home/airflow/.local/lib/python3.12/site-packages/airflow/example_dags/tutorial_taskflow_api.py
[2024-05-28T18:19:56.034+0000] {processor.py:840} INFO - DAG(s) 'tutorial_taskflow_api' retrieved from /home/airflow/.local/lib/python3.12/site-packages/airflow/example_dags/tutorial_taskflow_api.py
[2024-05-28T18:19:56.125+0000] {logging_mixin.py:188} INFO - [2024-05-28T18:19:56.124+0000] {dag.py:3096} INFO - Sync 1 DAGs
[2024-05-28T18:19:56.172+0000] {logging_mixin.py:188} INFO - [2024-05-28T18:19:56.172+0000] {dag.py:3954} INFO - Setting next_dagrun for tutorial_taskflow_api to None, run_after=None
[2024-05-28T18:19:56.265+0000] {processor.py:183} INFO - Processing /home/airflow/.local/lib/python3.12/site-packages/airflow/example_dags/tutorial_taskflow_api.py took 0.314 seconds
[2024-05-28T18:20:26.763+0000] {processor.py:161} INFO - Started process (PID=1514) to work on /home/airflow/.local/lib/python3.12/site-packages/airflow/example_dags/tutorial_taskflow_api.py
[2024-05-28T18:20:26.769+0000] {processor.py:830} INFO - Processing file /home/airflow/.local/lib/python3.12/site-packages/airflow/example_dags/tutorial_taskflow_api.py for tasks to queue
[2024-05-28T18:20:26.780+0000] {logging_mixin.py:188} INFO - [2024-05-28T18:20:26.777+0000] {dagbag.py:545} INFO - Filling up the DagBag from /home/airflow/.local/lib/python3.12/site-packages/airflow/example_dags/tutorial_taskflow_api.py
[2024-05-28T18:20:26.813+0000] {processor.py:840} INFO - DAG(s) 'tutorial_taskflow_api' retrieved from /home/airflow/.local/lib/python3.12/site-packages/airflow/example_dags/tutorial_taskflow_api.py
[2024-05-28T18:20:26.917+0000] {logging_mixin.py:188} INFO - [2024-05-28T18:20:26.916+0000] {dag.py:3096} INFO - Sync 1 DAGs
[2024-05-28T18:20:26.973+0000] {logging_mixin.py:188} INFO - [2024-05-28T18:20:26.972+0000] {dag.py:3954} INFO - Setting next_dagrun for tutorial_taskflow_api to None, run_after=None
[2024-05-28T18:20:27.120+0000] {processor.py:183} INFO - Processing /home/airflow/.local/lib/python3.12/site-packages/airflow/example_dags/tutorial_taskflow_api.py took 0.394 seconds
[2024-05-28T18:20:58.556+0000] {processor.py:161} INFO - Started process (PID=1571) to work on /home/airflow/.local/lib/python3.12/site-packages/airflow/example_dags/tutorial_taskflow_api.py
[2024-05-28T18:20:58.561+0000] {processor.py:830} INFO - Processing file /home/airflow/.local/lib/python3.12/site-packages/airflow/example_dags/tutorial_taskflow_api.py for tasks to queue
[2024-05-28T18:20:58.568+0000] {logging_mixin.py:188} INFO - [2024-05-28T18:20:58.566+0000] {dagbag.py:545} INFO - Filling up the DagBag from /home/airflow/.local/lib/python3.12/site-packages/airflow/example_dags/tutorial_taskflow_api.py
[2024-05-28T18:20:58.642+0000] {processor.py:840} INFO - DAG(s) 'tutorial_taskflow_api' retrieved from /home/airflow/.local/lib/python3.12/site-packages/airflow/example_dags/tutorial_taskflow_api.py
[2024-05-28T18:20:58.765+0000] {logging_mixin.py:188} INFO - [2024-05-28T18:20:58.764+0000] {dag.py:3096} INFO - Sync 1 DAGs
[2024-05-28T18:20:58.906+0000] {logging_mixin.py:188} INFO - [2024-05-28T18:20:58.905+0000] {dag.py:3954} INFO - Setting next_dagrun for tutorial_taskflow_api to None, run_after=None
[2024-05-28T18:20:59.051+0000] {processor.py:183} INFO - Processing /home/airflow/.local/lib/python3.12/site-packages/airflow/example_dags/tutorial_taskflow_api.py took 0.541 seconds
[2024-05-28T18:21:33.721+0000] {processor.py:161} INFO - Started process (PID=1624) to work on /home/airflow/.local/lib/python3.12/site-packages/airflow/example_dags/tutorial_taskflow_api.py
[2024-05-28T18:21:33.725+0000] {processor.py:830} INFO - Processing file /home/airflow/.local/lib/python3.12/site-packages/airflow/example_dags/tutorial_taskflow_api.py for tasks to queue
[2024-05-28T18:21:33.732+0000] {logging_mixin.py:188} INFO - [2024-05-28T18:21:33.730+0000] {dagbag.py:545} INFO - Filling up the DagBag from /home/airflow/.local/lib/python3.12/site-packages/airflow/example_dags/tutorial_taskflow_api.py
[2024-05-28T18:21:33.832+0000] {processor.py:840} INFO - DAG(s) 'tutorial_taskflow_api' retrieved from /home/airflow/.local/lib/python3.12/site-packages/airflow/example_dags/tutorial_taskflow_api.py
[2024-05-28T18:21:34.024+0000] {logging_mixin.py:188} INFO - [2024-05-28T18:21:34.023+0000] {dag.py:3096} INFO - Sync 1 DAGs
[2024-05-28T18:21:34.127+0000] {logging_mixin.py:188} INFO - [2024-05-28T18:21:34.127+0000] {dag.py:3954} INFO - Setting next_dagrun for tutorial_taskflow_api to None, run_after=None
[2024-05-28T18:21:34.240+0000] {processor.py:183} INFO - Processing /home/airflow/.local/lib/python3.12/site-packages/airflow/example_dags/tutorial_taskflow_api.py took 0.562 seconds
