[2024-05-28T18:07:44.322+0000] {processor.py:161} INFO - Started process (PID=105) to work on /home/airflow/.local/lib/python3.12/site-packages/airflow/example_dags/tutorial.py
[2024-05-28T18:07:44.328+0000] {processor.py:830} INFO - Processing file /home/airflow/.local/lib/python3.12/site-packages/airflow/example_dags/tutorial.py for tasks to queue
[2024-05-28T18:07:44.338+0000] {logging_mixin.py:188} INFO - [2024-05-28T18:07:44.337+0000] {dagbag.py:545} INFO - Filling up the DagBag from /home/airflow/.local/lib/python3.12/site-packages/airflow/example_dags/tutorial.py
[2024-05-28T18:07:44.360+0000] {processor.py:840} INFO - DAG(s) 'tutorial' retrieved from /home/airflow/.local/lib/python3.12/site-packages/airflow/example_dags/tutorial.py
[2024-05-28T18:07:45.002+0000] {logging_mixin.py:188} INFO - [2024-05-28T18:07:45.001+0000] {dag.py:3096} INFO - Sync 1 DAGs
[2024-05-28T18:07:45.108+0000] {logging_mixin.py:188} INFO - [2024-05-28T18:07:45.107+0000] {dag.py:3954} INFO - Setting next_dagrun for tutorial to 2024-05-27 00:00:00+00:00, run_after=2024-05-28 00:00:00+00:00
[2024-05-28T18:07:45.172+0000] {processor.py:183} INFO - Processing /home/airflow/.local/lib/python3.12/site-packages/airflow/example_dags/tutorial.py took 0.881 seconds
[2024-05-28T18:08:16.109+0000] {processor.py:161} INFO - Started process (PID=165) to work on /home/airflow/.local/lib/python3.12/site-packages/airflow/example_dags/tutorial.py
[2024-05-28T18:08:16.112+0000] {processor.py:830} INFO - Processing file /home/airflow/.local/lib/python3.12/site-packages/airflow/example_dags/tutorial.py for tasks to queue
[2024-05-28T18:08:16.117+0000] {logging_mixin.py:188} INFO - [2024-05-28T18:08:16.116+0000] {dagbag.py:545} INFO - Filling up the DagBag from /home/airflow/.local/lib/python3.12/site-packages/airflow/example_dags/tutorial.py
[2024-05-28T18:08:16.138+0000] {processor.py:840} INFO - DAG(s) 'tutorial' retrieved from /home/airflow/.local/lib/python3.12/site-packages/airflow/example_dags/tutorial.py
[2024-05-28T18:08:16.213+0000] {logging_mixin.py:188} INFO - [2024-05-28T18:08:16.213+0000] {dag.py:3096} INFO - Sync 1 DAGs
[2024-05-28T18:08:16.313+0000] {logging_mixin.py:188} INFO - [2024-05-28T18:08:16.312+0000] {dag.py:3954} INFO - Setting next_dagrun for tutorial to 2024-05-27 00:00:00+00:00, run_after=2024-05-28 00:00:00+00:00
[2024-05-28T18:08:16.378+0000] {processor.py:183} INFO - Processing /home/airflow/.local/lib/python3.12/site-packages/airflow/example_dags/tutorial.py took 0.295 seconds
[2024-05-28T18:08:47.255+0000] {processor.py:161} INFO - Started process (PID=222) to work on /home/airflow/.local/lib/python3.12/site-packages/airflow/example_dags/tutorial.py
[2024-05-28T18:08:47.258+0000] {processor.py:830} INFO - Processing file /home/airflow/.local/lib/python3.12/site-packages/airflow/example_dags/tutorial.py for tasks to queue
[2024-05-28T18:08:47.263+0000] {logging_mixin.py:188} INFO - [2024-05-28T18:08:47.262+0000] {dagbag.py:545} INFO - Filling up the DagBag from /home/airflow/.local/lib/python3.12/site-packages/airflow/example_dags/tutorial.py
[2024-05-28T18:08:47.279+0000] {processor.py:840} INFO - DAG(s) 'tutorial' retrieved from /home/airflow/.local/lib/python3.12/site-packages/airflow/example_dags/tutorial.py
[2024-05-28T18:08:47.329+0000] {logging_mixin.py:188} INFO - [2024-05-28T18:08:47.329+0000] {dag.py:3096} INFO - Sync 1 DAGs
[2024-05-28T18:08:47.380+0000] {logging_mixin.py:188} INFO - [2024-05-28T18:08:47.379+0000] {dag.py:3954} INFO - Setting next_dagrun for tutorial to 2024-05-27 00:00:00+00:00, run_after=2024-05-28 00:00:00+00:00
[2024-05-28T18:08:47.433+0000] {processor.py:183} INFO - Processing /home/airflow/.local/lib/python3.12/site-packages/airflow/example_dags/tutorial.py took 0.203 seconds
[2024-05-28T18:09:17.662+0000] {processor.py:161} INFO - Started process (PID=280) to work on /home/airflow/.local/lib/python3.12/site-packages/airflow/example_dags/tutorial.py
[2024-05-28T18:09:17.664+0000] {processor.py:830} INFO - Processing file /home/airflow/.local/lib/python3.12/site-packages/airflow/example_dags/tutorial.py for tasks to queue
[2024-05-28T18:09:17.673+0000] {logging_mixin.py:188} INFO - [2024-05-28T18:09:17.672+0000] {dagbag.py:545} INFO - Filling up the DagBag from /home/airflow/.local/lib/python3.12/site-packages/airflow/example_dags/tutorial.py
[2024-05-28T18:09:17.694+0000] {processor.py:840} INFO - DAG(s) 'tutorial' retrieved from /home/airflow/.local/lib/python3.12/site-packages/airflow/example_dags/tutorial.py
[2024-05-28T18:09:17.759+0000] {logging_mixin.py:188} INFO - [2024-05-28T18:09:17.758+0000] {dag.py:3096} INFO - Sync 1 DAGs
[2024-05-28T18:09:17.817+0000] {logging_mixin.py:188} INFO - [2024-05-28T18:09:17.816+0000] {dag.py:3954} INFO - Setting next_dagrun for tutorial to 2024-05-27 00:00:00+00:00, run_after=2024-05-28 00:00:00+00:00
[2024-05-28T18:09:17.881+0000] {processor.py:183} INFO - Processing /home/airflow/.local/lib/python3.12/site-packages/airflow/example_dags/tutorial.py took 0.238 seconds
[2024-05-28T18:09:49.556+0000] {processor.py:161} INFO - Started process (PID=344) to work on /home/airflow/.local/lib/python3.12/site-packages/airflow/example_dags/tutorial.py
[2024-05-28T18:09:49.558+0000] {processor.py:830} INFO - Processing file /home/airflow/.local/lib/python3.12/site-packages/airflow/example_dags/tutorial.py for tasks to queue
[2024-05-28T18:09:49.562+0000] {logging_mixin.py:188} INFO - [2024-05-28T18:09:49.561+0000] {dagbag.py:545} INFO - Filling up the DagBag from /home/airflow/.local/lib/python3.12/site-packages/airflow/example_dags/tutorial.py
[2024-05-28T18:09:49.579+0000] {processor.py:840} INFO - DAG(s) 'tutorial' retrieved from /home/airflow/.local/lib/python3.12/site-packages/airflow/example_dags/tutorial.py
[2024-05-28T18:09:49.636+0000] {logging_mixin.py:188} INFO - [2024-05-28T18:09:49.635+0000] {dag.py:3096} INFO - Sync 1 DAGs
[2024-05-28T18:09:49.701+0000] {logging_mixin.py:188} INFO - [2024-05-28T18:09:49.701+0000] {dag.py:3954} INFO - Setting next_dagrun for tutorial to 2024-05-27 00:00:00+00:00, run_after=2024-05-28 00:00:00+00:00
[2024-05-28T18:09:49.792+0000] {processor.py:183} INFO - Processing /home/airflow/.local/lib/python3.12/site-packages/airflow/example_dags/tutorial.py took 0.252 seconds
[2024-05-28T18:10:20.340+0000] {processor.py:161} INFO - Started process (PID=403) to work on /home/airflow/.local/lib/python3.12/site-packages/airflow/example_dags/tutorial.py
[2024-05-28T18:10:20.344+0000] {processor.py:830} INFO - Processing file /home/airflow/.local/lib/python3.12/site-packages/airflow/example_dags/tutorial.py for tasks to queue
[2024-05-28T18:10:20.349+0000] {logging_mixin.py:188} INFO - [2024-05-28T18:10:20.349+0000] {dagbag.py:545} INFO - Filling up the DagBag from /home/airflow/.local/lib/python3.12/site-packages/airflow/example_dags/tutorial.py
[2024-05-28T18:10:20.368+0000] {processor.py:840} INFO - DAG(s) 'tutorial' retrieved from /home/airflow/.local/lib/python3.12/site-packages/airflow/example_dags/tutorial.py
[2024-05-28T18:10:20.428+0000] {logging_mixin.py:188} INFO - [2024-05-28T18:10:20.427+0000] {dag.py:3096} INFO - Sync 1 DAGs
[2024-05-28T18:10:20.518+0000] {logging_mixin.py:188} INFO - [2024-05-28T18:10:20.517+0000] {dag.py:3954} INFO - Setting next_dagrun for tutorial to 2024-05-27 00:00:00+00:00, run_after=2024-05-28 00:00:00+00:00
[2024-05-28T18:10:20.586+0000] {processor.py:183} INFO - Processing /home/airflow/.local/lib/python3.12/site-packages/airflow/example_dags/tutorial.py took 0.266 seconds
[2024-05-28T18:10:51.052+0000] {processor.py:161} INFO - Started process (PID=462) to work on /home/airflow/.local/lib/python3.12/site-packages/airflow/example_dags/tutorial.py
[2024-05-28T18:10:51.054+0000] {processor.py:830} INFO - Processing file /home/airflow/.local/lib/python3.12/site-packages/airflow/example_dags/tutorial.py for tasks to queue
[2024-05-28T18:10:51.060+0000] {logging_mixin.py:188} INFO - [2024-05-28T18:10:51.059+0000] {dagbag.py:545} INFO - Filling up the DagBag from /home/airflow/.local/lib/python3.12/site-packages/airflow/example_dags/tutorial.py
[2024-05-28T18:10:51.074+0000] {processor.py:840} INFO - DAG(s) 'tutorial' retrieved from /home/airflow/.local/lib/python3.12/site-packages/airflow/example_dags/tutorial.py
[2024-05-28T18:10:51.148+0000] {logging_mixin.py:188} INFO - [2024-05-28T18:10:51.144+0000] {dag.py:3096} INFO - Sync 1 DAGs
[2024-05-28T18:10:51.229+0000] {logging_mixin.py:188} INFO - [2024-05-28T18:10:51.228+0000] {dag.py:3954} INFO - Setting next_dagrun for tutorial to 2024-05-27 00:00:00+00:00, run_after=2024-05-28 00:00:00+00:00
[2024-05-28T18:10:51.277+0000] {processor.py:183} INFO - Processing /home/airflow/.local/lib/python3.12/site-packages/airflow/example_dags/tutorial.py took 0.246 seconds
[2024-05-28T18:11:26.576+0000] {processor.py:161} INFO - Started process (PID=520) to work on /home/airflow/.local/lib/python3.12/site-packages/airflow/example_dags/tutorial.py
[2024-05-28T18:11:26.588+0000] {processor.py:830} INFO - Processing file /home/airflow/.local/lib/python3.12/site-packages/airflow/example_dags/tutorial.py for tasks to queue
[2024-05-28T18:11:26.600+0000] {logging_mixin.py:188} INFO - [2024-05-28T18:11:26.598+0000] {dagbag.py:545} INFO - Filling up the DagBag from /home/airflow/.local/lib/python3.12/site-packages/airflow/example_dags/tutorial.py
[2024-05-28T18:11:26.660+0000] {processor.py:840} INFO - DAG(s) 'tutorial' retrieved from /home/airflow/.local/lib/python3.12/site-packages/airflow/example_dags/tutorial.py
[2024-05-28T18:11:26.846+0000] {logging_mixin.py:188} INFO - [2024-05-28T18:11:26.846+0000] {dag.py:3096} INFO - Sync 1 DAGs
[2024-05-28T18:11:27.106+0000] {logging_mixin.py:188} INFO - [2024-05-28T18:11:27.105+0000] {dag.py:3954} INFO - Setting next_dagrun for tutorial to 2024-05-27 00:00:00+00:00, run_after=2024-05-28 00:00:00+00:00
[2024-05-28T18:11:27.474+0000] {processor.py:183} INFO - Processing /home/airflow/.local/lib/python3.12/site-packages/airflow/example_dags/tutorial.py took 0.973 seconds
[2024-05-28T18:11:57.907+0000] {processor.py:161} INFO - Started process (PID=578) to work on /home/airflow/.local/lib/python3.12/site-packages/airflow/example_dags/tutorial.py
[2024-05-28T18:11:57.910+0000] {processor.py:830} INFO - Processing file /home/airflow/.local/lib/python3.12/site-packages/airflow/example_dags/tutorial.py for tasks to queue
[2024-05-28T18:11:57.917+0000] {logging_mixin.py:188} INFO - [2024-05-28T18:11:57.915+0000] {dagbag.py:545} INFO - Filling up the DagBag from /home/airflow/.local/lib/python3.12/site-packages/airflow/example_dags/tutorial.py
[2024-05-28T18:11:57.951+0000] {processor.py:840} INFO - DAG(s) 'tutorial' retrieved from /home/airflow/.local/lib/python3.12/site-packages/airflow/example_dags/tutorial.py
[2024-05-28T18:11:58.026+0000] {logging_mixin.py:188} INFO - [2024-05-28T18:11:58.025+0000] {dag.py:3096} INFO - Sync 1 DAGs
[2024-05-28T18:11:58.097+0000] {logging_mixin.py:188} INFO - [2024-05-28T18:11:58.096+0000] {dag.py:3954} INFO - Setting next_dagrun for tutorial to 2024-05-27 00:00:00+00:00, run_after=2024-05-28 00:00:00+00:00
[2024-05-28T18:11:58.145+0000] {processor.py:183} INFO - Processing /home/airflow/.local/lib/python3.12/site-packages/airflow/example_dags/tutorial.py took 0.261 seconds
[2024-05-28T18:12:28.503+0000] {processor.py:161} INFO - Started process (PID=636) to work on /home/airflow/.local/lib/python3.12/site-packages/airflow/example_dags/tutorial.py
[2024-05-28T18:12:28.513+0000] {processor.py:830} INFO - Processing file /home/airflow/.local/lib/python3.12/site-packages/airflow/example_dags/tutorial.py for tasks to queue
[2024-05-28T18:12:28.530+0000] {logging_mixin.py:188} INFO - [2024-05-28T18:12:28.528+0000] {dagbag.py:545} INFO - Filling up the DagBag from /home/airflow/.local/lib/python3.12/site-packages/airflow/example_dags/tutorial.py
[2024-05-28T18:12:28.580+0000] {processor.py:840} INFO - DAG(s) 'tutorial' retrieved from /home/airflow/.local/lib/python3.12/site-packages/airflow/example_dags/tutorial.py
[2024-05-28T18:12:28.647+0000] {logging_mixin.py:188} INFO - [2024-05-28T18:12:28.646+0000] {dag.py:3096} INFO - Sync 1 DAGs
[2024-05-28T18:12:28.730+0000] {logging_mixin.py:188} INFO - [2024-05-28T18:12:28.730+0000] {dag.py:3954} INFO - Setting next_dagrun for tutorial to 2024-05-27 00:00:00+00:00, run_after=2024-05-28 00:00:00+00:00
[2024-05-28T18:12:28.807+0000] {processor.py:183} INFO - Processing /home/airflow/.local/lib/python3.12/site-packages/airflow/example_dags/tutorial.py took 0.346 seconds
[2024-05-28T18:12:59.172+0000] {processor.py:161} INFO - Started process (PID=694) to work on /home/airflow/.local/lib/python3.12/site-packages/airflow/example_dags/tutorial.py
[2024-05-28T18:12:59.178+0000] {processor.py:830} INFO - Processing file /home/airflow/.local/lib/python3.12/site-packages/airflow/example_dags/tutorial.py for tasks to queue
[2024-05-28T18:12:59.191+0000] {logging_mixin.py:188} INFO - [2024-05-28T18:12:59.188+0000] {dagbag.py:545} INFO - Filling up the DagBag from /home/airflow/.local/lib/python3.12/site-packages/airflow/example_dags/tutorial.py
[2024-05-28T18:12:59.238+0000] {processor.py:840} INFO - DAG(s) 'tutorial' retrieved from /home/airflow/.local/lib/python3.12/site-packages/airflow/example_dags/tutorial.py
[2024-05-28T18:12:59.362+0000] {logging_mixin.py:188} INFO - [2024-05-28T18:12:59.361+0000] {dag.py:3096} INFO - Sync 1 DAGs
[2024-05-28T18:12:59.514+0000] {logging_mixin.py:188} INFO - [2024-05-28T18:12:59.513+0000] {dag.py:3954} INFO - Setting next_dagrun for tutorial to 2024-05-27 00:00:00+00:00, run_after=2024-05-28 00:00:00+00:00
[2024-05-28T18:12:59.661+0000] {processor.py:183} INFO - Processing /home/airflow/.local/lib/python3.12/site-packages/airflow/example_dags/tutorial.py took 0.525 seconds
[2024-05-28T18:13:29.785+0000] {processor.py:161} INFO - Started process (PID=754) to work on /home/airflow/.local/lib/python3.12/site-packages/airflow/example_dags/tutorial.py
[2024-05-28T18:13:29.789+0000] {processor.py:830} INFO - Processing file /home/airflow/.local/lib/python3.12/site-packages/airflow/example_dags/tutorial.py for tasks to queue
[2024-05-28T18:13:29.798+0000] {logging_mixin.py:188} INFO - [2024-05-28T18:13:29.797+0000] {dagbag.py:545} INFO - Filling up the DagBag from /home/airflow/.local/lib/python3.12/site-packages/airflow/example_dags/tutorial.py
[2024-05-28T18:13:29.838+0000] {processor.py:840} INFO - DAG(s) 'tutorial' retrieved from /home/airflow/.local/lib/python3.12/site-packages/airflow/example_dags/tutorial.py
[2024-05-28T18:13:30.010+0000] {logging_mixin.py:188} INFO - [2024-05-28T18:13:30.008+0000] {dag.py:3096} INFO - Sync 1 DAGs
[2024-05-28T18:13:30.190+0000] {logging_mixin.py:188} INFO - [2024-05-28T18:13:30.189+0000] {dag.py:3954} INFO - Setting next_dagrun for tutorial to 2024-05-27 00:00:00+00:00, run_after=2024-05-28 00:00:00+00:00
[2024-05-28T18:13:30.408+0000] {processor.py:183} INFO - Processing /home/airflow/.local/lib/python3.12/site-packages/airflow/example_dags/tutorial.py took 0.650 seconds
[2024-05-28T18:14:01.836+0000] {processor.py:161} INFO - Started process (PID=812) to work on /home/airflow/.local/lib/python3.12/site-packages/airflow/example_dags/tutorial.py
[2024-05-28T18:14:01.848+0000] {processor.py:830} INFO - Processing file /home/airflow/.local/lib/python3.12/site-packages/airflow/example_dags/tutorial.py for tasks to queue
[2024-05-28T18:14:01.871+0000] {logging_mixin.py:188} INFO - [2024-05-28T18:14:01.869+0000] {dagbag.py:545} INFO - Filling up the DagBag from /home/airflow/.local/lib/python3.12/site-packages/airflow/example_dags/tutorial.py
[2024-05-28T18:14:01.951+0000] {processor.py:840} INFO - DAG(s) 'tutorial' retrieved from /home/airflow/.local/lib/python3.12/site-packages/airflow/example_dags/tutorial.py
[2024-05-28T18:14:02.115+0000] {logging_mixin.py:188} INFO - [2024-05-28T18:14:02.114+0000] {dag.py:3096} INFO - Sync 1 DAGs
[2024-05-28T18:14:02.348+0000] {logging_mixin.py:188} INFO - [2024-05-28T18:14:02.348+0000] {dag.py:3954} INFO - Setting next_dagrun for tutorial to 2024-05-27 00:00:00+00:00, run_after=2024-05-28 00:00:00+00:00
[2024-05-28T18:14:02.495+0000] {processor.py:183} INFO - Processing /home/airflow/.local/lib/python3.12/site-packages/airflow/example_dags/tutorial.py took 0.716 seconds
[2024-05-28T18:14:38.679+0000] {processor.py:161} INFO - Started process (PID=872) to work on /home/airflow/.local/lib/python3.12/site-packages/airflow/example_dags/tutorial.py
[2024-05-28T18:14:38.690+0000] {processor.py:830} INFO - Processing file /home/airflow/.local/lib/python3.12/site-packages/airflow/example_dags/tutorial.py for tasks to queue
[2024-05-28T18:14:38.712+0000] {logging_mixin.py:188} INFO - [2024-05-28T18:14:38.711+0000] {dagbag.py:545} INFO - Filling up the DagBag from /home/airflow/.local/lib/python3.12/site-packages/airflow/example_dags/tutorial.py
[2024-05-28T18:14:38.756+0000] {processor.py:840} INFO - DAG(s) 'tutorial' retrieved from /home/airflow/.local/lib/python3.12/site-packages/airflow/example_dags/tutorial.py
[2024-05-28T18:14:38.921+0000] {logging_mixin.py:188} INFO - [2024-05-28T18:14:38.918+0000] {dag.py:3096} INFO - Sync 1 DAGs
[2024-05-28T18:14:39.164+0000] {logging_mixin.py:188} INFO - [2024-05-28T18:14:39.163+0000] {dag.py:3954} INFO - Setting next_dagrun for tutorial to 2024-05-27 00:00:00+00:00, run_after=2024-05-28 00:00:00+00:00
[2024-05-28T18:14:39.291+0000] {processor.py:183} INFO - Processing /home/airflow/.local/lib/python3.12/site-packages/airflow/example_dags/tutorial.py took 0.688 seconds
[2024-05-28T18:15:09.869+0000] {processor.py:161} INFO - Started process (PID=931) to work on /home/airflow/.local/lib/python3.12/site-packages/airflow/example_dags/tutorial.py
[2024-05-28T18:15:09.876+0000] {processor.py:830} INFO - Processing file /home/airflow/.local/lib/python3.12/site-packages/airflow/example_dags/tutorial.py for tasks to queue
[2024-05-28T18:15:09.883+0000] {logging_mixin.py:188} INFO - [2024-05-28T18:15:09.882+0000] {dagbag.py:545} INFO - Filling up the DagBag from /home/airflow/.local/lib/python3.12/site-packages/airflow/example_dags/tutorial.py
[2024-05-28T18:15:09.906+0000] {processor.py:840} INFO - DAG(s) 'tutorial' retrieved from /home/airflow/.local/lib/python3.12/site-packages/airflow/example_dags/tutorial.py
[2024-05-28T18:15:10.000+0000] {logging_mixin.py:188} INFO - [2024-05-28T18:15:09.999+0000] {dag.py:3096} INFO - Sync 1 DAGs
[2024-05-28T18:15:10.094+0000] {logging_mixin.py:188} INFO - [2024-05-28T18:15:10.093+0000] {dag.py:3954} INFO - Setting next_dagrun for tutorial to 2024-05-27 00:00:00+00:00, run_after=2024-05-28 00:00:00+00:00
[2024-05-28T18:15:10.174+0000] {processor.py:183} INFO - Processing /home/airflow/.local/lib/python3.12/site-packages/airflow/example_dags/tutorial.py took 0.328 seconds
[2024-05-28T18:15:42.875+0000] {processor.py:161} INFO - Started process (PID=988) to work on /home/airflow/.local/lib/python3.12/site-packages/airflow/example_dags/tutorial.py
[2024-05-28T18:15:42.891+0000] {processor.py:830} INFO - Processing file /home/airflow/.local/lib/python3.12/site-packages/airflow/example_dags/tutorial.py for tasks to queue
[2024-05-28T18:15:42.911+0000] {logging_mixin.py:188} INFO - [2024-05-28T18:15:42.909+0000] {dagbag.py:545} INFO - Filling up the DagBag from /home/airflow/.local/lib/python3.12/site-packages/airflow/example_dags/tutorial.py
[2024-05-28T18:15:42.976+0000] {processor.py:840} INFO - DAG(s) 'tutorial' retrieved from /home/airflow/.local/lib/python3.12/site-packages/airflow/example_dags/tutorial.py
[2024-05-28T18:15:43.135+0000] {logging_mixin.py:188} INFO - [2024-05-28T18:15:43.134+0000] {dag.py:3096} INFO - Sync 1 DAGs
[2024-05-28T18:15:43.284+0000] {logging_mixin.py:188} INFO - [2024-05-28T18:15:43.283+0000] {dag.py:3954} INFO - Setting next_dagrun for tutorial to 2024-05-27 00:00:00+00:00, run_after=2024-05-28 00:00:00+00:00
[2024-05-28T18:15:43.431+0000] {processor.py:183} INFO - Processing /home/airflow/.local/lib/python3.12/site-packages/airflow/example_dags/tutorial.py took 0.607 seconds
[2024-05-28T18:16:20.456+0000] {processor.py:161} INFO - Started process (PID=1049) to work on /home/airflow/.local/lib/python3.12/site-packages/airflow/example_dags/tutorial.py
[2024-05-28T18:16:20.460+0000] {processor.py:830} INFO - Processing file /home/airflow/.local/lib/python3.12/site-packages/airflow/example_dags/tutorial.py for tasks to queue
[2024-05-28T18:16:20.488+0000] {logging_mixin.py:188} INFO - [2024-05-28T18:16:20.487+0000] {dagbag.py:545} INFO - Filling up the DagBag from /home/airflow/.local/lib/python3.12/site-packages/airflow/example_dags/tutorial.py
[2024-05-28T18:16:20.574+0000] {processor.py:840} INFO - DAG(s) 'tutorial' retrieved from /home/airflow/.local/lib/python3.12/site-packages/airflow/example_dags/tutorial.py
[2024-05-28T18:16:20.819+0000] {logging_mixin.py:188} INFO - [2024-05-28T18:16:20.818+0000] {dag.py:3096} INFO - Sync 1 DAGs
[2024-05-28T18:16:21.139+0000] {logging_mixin.py:188} INFO - [2024-05-28T18:16:21.136+0000] {dag.py:3954} INFO - Setting next_dagrun for tutorial to 2024-05-27 00:00:00+00:00, run_after=2024-05-28 00:00:00+00:00
[2024-05-28T18:16:21.550+0000] {processor.py:183} INFO - Processing /home/airflow/.local/lib/python3.12/site-packages/airflow/example_dags/tutorial.py took 1.198 seconds
[2024-05-28T18:16:52.593+0000] {processor.py:161} INFO - Started process (PID=1113) to work on /home/airflow/.local/lib/python3.12/site-packages/airflow/example_dags/tutorial.py
[2024-05-28T18:16:52.596+0000] {processor.py:830} INFO - Processing file /home/airflow/.local/lib/python3.12/site-packages/airflow/example_dags/tutorial.py for tasks to queue
[2024-05-28T18:16:52.612+0000] {logging_mixin.py:188} INFO - [2024-05-28T18:16:52.611+0000] {dagbag.py:545} INFO - Filling up the DagBag from /home/airflow/.local/lib/python3.12/site-packages/airflow/example_dags/tutorial.py
[2024-05-28T18:16:52.655+0000] {processor.py:840} INFO - DAG(s) 'tutorial' retrieved from /home/airflow/.local/lib/python3.12/site-packages/airflow/example_dags/tutorial.py
[2024-05-28T18:16:52.818+0000] {logging_mixin.py:188} INFO - [2024-05-28T18:16:52.817+0000] {dag.py:3096} INFO - Sync 1 DAGs
[2024-05-28T18:16:53.045+0000] {logging_mixin.py:188} INFO - [2024-05-28T18:16:53.044+0000] {dag.py:3954} INFO - Setting next_dagrun for tutorial to 2024-05-27 00:00:00+00:00, run_after=2024-05-28 00:00:00+00:00
[2024-05-28T18:16:53.161+0000] {processor.py:183} INFO - Processing /home/airflow/.local/lib/python3.12/site-packages/airflow/example_dags/tutorial.py took 0.619 seconds
[2024-05-28T18:17:23.620+0000] {processor.py:161} INFO - Started process (PID=1171) to work on /home/airflow/.local/lib/python3.12/site-packages/airflow/example_dags/tutorial.py
[2024-05-28T18:17:23.622+0000] {processor.py:830} INFO - Processing file /home/airflow/.local/lib/python3.12/site-packages/airflow/example_dags/tutorial.py for tasks to queue
[2024-05-28T18:17:23.626+0000] {logging_mixin.py:188} INFO - [2024-05-28T18:17:23.626+0000] {dagbag.py:545} INFO - Filling up the DagBag from /home/airflow/.local/lib/python3.12/site-packages/airflow/example_dags/tutorial.py
[2024-05-28T18:17:23.642+0000] {processor.py:840} INFO - DAG(s) 'tutorial' retrieved from /home/airflow/.local/lib/python3.12/site-packages/airflow/example_dags/tutorial.py
[2024-05-28T18:17:23.689+0000] {logging_mixin.py:188} INFO - [2024-05-28T18:17:23.688+0000] {dag.py:3096} INFO - Sync 1 DAGs
[2024-05-28T18:17:23.785+0000] {logging_mixin.py:188} INFO - [2024-05-28T18:17:23.784+0000] {dag.py:3954} INFO - Setting next_dagrun for tutorial to 2024-05-27 00:00:00+00:00, run_after=2024-05-28 00:00:00+00:00
[2024-05-28T18:17:23.832+0000] {processor.py:183} INFO - Processing /home/airflow/.local/lib/python3.12/site-packages/airflow/example_dags/tutorial.py took 0.232 seconds
[2024-05-28T18:17:55.225+0000] {processor.py:161} INFO - Started process (PID=1229) to work on /home/airflow/.local/lib/python3.12/site-packages/airflow/example_dags/tutorial.py
[2024-05-28T18:17:55.234+0000] {processor.py:830} INFO - Processing file /home/airflow/.local/lib/python3.12/site-packages/airflow/example_dags/tutorial.py for tasks to queue
[2024-05-28T18:17:55.258+0000] {logging_mixin.py:188} INFO - [2024-05-28T18:17:55.256+0000] {dagbag.py:545} INFO - Filling up the DagBag from /home/airflow/.local/lib/python3.12/site-packages/airflow/example_dags/tutorial.py
[2024-05-28T18:17:55.312+0000] {processor.py:840} INFO - DAG(s) 'tutorial' retrieved from /home/airflow/.local/lib/python3.12/site-packages/airflow/example_dags/tutorial.py
[2024-05-28T18:17:55.457+0000] {logging_mixin.py:188} INFO - [2024-05-28T18:17:55.456+0000] {dag.py:3096} INFO - Sync 1 DAGs
[2024-05-28T18:17:55.646+0000] {logging_mixin.py:188} INFO - [2024-05-28T18:17:55.645+0000] {dag.py:3954} INFO - Setting next_dagrun for tutorial to 2024-05-27 00:00:00+00:00, run_after=2024-05-28 00:00:00+00:00
[2024-05-28T18:17:55.880+0000] {processor.py:183} INFO - Processing /home/airflow/.local/lib/python3.12/site-packages/airflow/example_dags/tutorial.py took 0.721 seconds
[2024-05-28T18:18:26.699+0000] {processor.py:161} INFO - Started process (PID=1285) to work on /home/airflow/.local/lib/python3.12/site-packages/airflow/example_dags/tutorial.py
[2024-05-28T18:18:26.702+0000] {processor.py:830} INFO - Processing file /home/airflow/.local/lib/python3.12/site-packages/airflow/example_dags/tutorial.py for tasks to queue
[2024-05-28T18:18:26.710+0000] {logging_mixin.py:188} INFO - [2024-05-28T18:18:26.709+0000] {dagbag.py:545} INFO - Filling up the DagBag from /home/airflow/.local/lib/python3.12/site-packages/airflow/example_dags/tutorial.py
[2024-05-28T18:18:26.722+0000] {processor.py:840} INFO - DAG(s) 'tutorial' retrieved from /home/airflow/.local/lib/python3.12/site-packages/airflow/example_dags/tutorial.py
[2024-05-28T18:18:26.767+0000] {logging_mixin.py:188} INFO - [2024-05-28T18:18:26.767+0000] {dag.py:3096} INFO - Sync 1 DAGs
[2024-05-28T18:18:26.811+0000] {logging_mixin.py:188} INFO - [2024-05-28T18:18:26.810+0000] {dag.py:3954} INFO - Setting next_dagrun for tutorial to 2024-05-27 00:00:00+00:00, run_after=2024-05-28 00:00:00+00:00
[2024-05-28T18:18:26.848+0000] {processor.py:183} INFO - Processing /home/airflow/.local/lib/python3.12/site-packages/airflow/example_dags/tutorial.py took 0.202 seconds
[2024-05-28T18:18:57.181+0000] {processor.py:161} INFO - Started process (PID=1343) to work on /home/airflow/.local/lib/python3.12/site-packages/airflow/example_dags/tutorial.py
[2024-05-28T18:18:57.185+0000] {processor.py:830} INFO - Processing file /home/airflow/.local/lib/python3.12/site-packages/airflow/example_dags/tutorial.py for tasks to queue
[2024-05-28T18:18:57.191+0000] {logging_mixin.py:188} INFO - [2024-05-28T18:18:57.190+0000] {dagbag.py:545} INFO - Filling up the DagBag from /home/airflow/.local/lib/python3.12/site-packages/airflow/example_dags/tutorial.py
[2024-05-28T18:18:57.207+0000] {processor.py:840} INFO - DAG(s) 'tutorial' retrieved from /home/airflow/.local/lib/python3.12/site-packages/airflow/example_dags/tutorial.py
[2024-05-28T18:18:57.266+0000] {logging_mixin.py:188} INFO - [2024-05-28T18:18:57.266+0000] {dag.py:3096} INFO - Sync 1 DAGs
[2024-05-28T18:18:57.337+0000] {logging_mixin.py:188} INFO - [2024-05-28T18:18:57.336+0000] {dag.py:3954} INFO - Setting next_dagrun for tutorial to 2024-05-27 00:00:00+00:00, run_after=2024-05-28 00:00:00+00:00
[2024-05-28T18:18:57.399+0000] {processor.py:183} INFO - Processing /home/airflow/.local/lib/python3.12/site-packages/airflow/example_dags/tutorial.py took 0.237 seconds
[2024-05-28T18:19:27.799+0000] {processor.py:161} INFO - Started process (PID=1401) to work on /home/airflow/.local/lib/python3.12/site-packages/airflow/example_dags/tutorial.py
[2024-05-28T18:19:27.805+0000] {processor.py:830} INFO - Processing file /home/airflow/.local/lib/python3.12/site-packages/airflow/example_dags/tutorial.py for tasks to queue
[2024-05-28T18:19:27.816+0000] {logging_mixin.py:188} INFO - [2024-05-28T18:19:27.813+0000] {dagbag.py:545} INFO - Filling up the DagBag from /home/airflow/.local/lib/python3.12/site-packages/airflow/example_dags/tutorial.py
[2024-05-28T18:19:27.842+0000] {processor.py:840} INFO - DAG(s) 'tutorial' retrieved from /home/airflow/.local/lib/python3.12/site-packages/airflow/example_dags/tutorial.py
[2024-05-28T18:19:27.903+0000] {logging_mixin.py:188} INFO - [2024-05-28T18:19:27.902+0000] {dag.py:3096} INFO - Sync 1 DAGs
[2024-05-28T18:19:27.990+0000] {logging_mixin.py:188} INFO - [2024-05-28T18:19:27.989+0000] {dag.py:3954} INFO - Setting next_dagrun for tutorial to 2024-05-27 00:00:00+00:00, run_after=2024-05-28 00:00:00+00:00
[2024-05-28T18:19:28.055+0000] {processor.py:183} INFO - Processing /home/airflow/.local/lib/python3.12/site-packages/airflow/example_dags/tutorial.py took 0.293 seconds
[2024-05-28T18:19:58.469+0000] {processor.py:161} INFO - Started process (PID=1459) to work on /home/airflow/.local/lib/python3.12/site-packages/airflow/example_dags/tutorial.py
[2024-05-28T18:19:58.473+0000] {processor.py:830} INFO - Processing file /home/airflow/.local/lib/python3.12/site-packages/airflow/example_dags/tutorial.py for tasks to queue
[2024-05-28T18:19:58.477+0000] {logging_mixin.py:188} INFO - [2024-05-28T18:19:58.477+0000] {dagbag.py:545} INFO - Filling up the DagBag from /home/airflow/.local/lib/python3.12/site-packages/airflow/example_dags/tutorial.py
[2024-05-28T18:19:58.502+0000] {processor.py:840} INFO - DAG(s) 'tutorial' retrieved from /home/airflow/.local/lib/python3.12/site-packages/airflow/example_dags/tutorial.py
[2024-05-28T18:19:58.566+0000] {logging_mixin.py:188} INFO - [2024-05-28T18:19:58.565+0000] {dag.py:3096} INFO - Sync 1 DAGs
[2024-05-28T18:19:58.647+0000] {logging_mixin.py:188} INFO - [2024-05-28T18:19:58.646+0000] {dag.py:3954} INFO - Setting next_dagrun for tutorial to 2024-05-27 00:00:00+00:00, run_after=2024-05-28 00:00:00+00:00
[2024-05-28T18:19:58.746+0000] {processor.py:183} INFO - Processing /home/airflow/.local/lib/python3.12/site-packages/airflow/example_dags/tutorial.py took 0.306 seconds
[2024-05-28T18:20:29.282+0000] {processor.py:161} INFO - Started process (PID=1517) to work on /home/airflow/.local/lib/python3.12/site-packages/airflow/example_dags/tutorial.py
[2024-05-28T18:20:29.284+0000] {processor.py:830} INFO - Processing file /home/airflow/.local/lib/python3.12/site-packages/airflow/example_dags/tutorial.py for tasks to queue
[2024-05-28T18:20:29.290+0000] {logging_mixin.py:188} INFO - [2024-05-28T18:20:29.289+0000] {dagbag.py:545} INFO - Filling up the DagBag from /home/airflow/.local/lib/python3.12/site-packages/airflow/example_dags/tutorial.py
[2024-05-28T18:20:29.304+0000] {processor.py:840} INFO - DAG(s) 'tutorial' retrieved from /home/airflow/.local/lib/python3.12/site-packages/airflow/example_dags/tutorial.py
[2024-05-28T18:20:29.356+0000] {logging_mixin.py:188} INFO - [2024-05-28T18:20:29.355+0000] {dag.py:3096} INFO - Sync 1 DAGs
[2024-05-28T18:20:29.405+0000] {logging_mixin.py:188} INFO - [2024-05-28T18:20:29.404+0000] {dag.py:3954} INFO - Setting next_dagrun for tutorial to 2024-05-27 00:00:00+00:00, run_after=2024-05-28 00:00:00+00:00
[2024-05-28T18:20:29.492+0000] {processor.py:183} INFO - Processing /home/airflow/.local/lib/python3.12/site-packages/airflow/example_dags/tutorial.py took 0.224 seconds
[2024-05-28T18:21:00.121+0000] {processor.py:161} INFO - Started process (PID=1575) to work on /home/airflow/.local/lib/python3.12/site-packages/airflow/example_dags/tutorial.py
[2024-05-28T18:21:00.144+0000] {processor.py:830} INFO - Processing file /home/airflow/.local/lib/python3.12/site-packages/airflow/example_dags/tutorial.py for tasks to queue
[2024-05-28T18:21:00.166+0000] {logging_mixin.py:188} INFO - [2024-05-28T18:21:00.165+0000] {dagbag.py:545} INFO - Filling up the DagBag from /home/airflow/.local/lib/python3.12/site-packages/airflow/example_dags/tutorial.py
[2024-05-28T18:21:00.219+0000] {processor.py:840} INFO - DAG(s) 'tutorial' retrieved from /home/airflow/.local/lib/python3.12/site-packages/airflow/example_dags/tutorial.py
[2024-05-28T18:21:00.426+0000] {logging_mixin.py:188} INFO - [2024-05-28T18:21:00.423+0000] {dag.py:3096} INFO - Sync 1 DAGs
[2024-05-28T18:21:00.551+0000] {logging_mixin.py:188} INFO - [2024-05-28T18:21:00.551+0000] {dag.py:3954} INFO - Setting next_dagrun for tutorial to 2024-05-27 00:00:00+00:00, run_after=2024-05-28 00:00:00+00:00
[2024-05-28T18:21:00.662+0000] {processor.py:183} INFO - Processing /home/airflow/.local/lib/python3.12/site-packages/airflow/example_dags/tutorial.py took 0.600 seconds
[2024-05-28T18:21:35.352+0000] {processor.py:161} INFO - Started process (PID=1631) to work on /home/airflow/.local/lib/python3.12/site-packages/airflow/example_dags/tutorial.py
[2024-05-28T18:21:35.355+0000] {processor.py:830} INFO - Processing file /home/airflow/.local/lib/python3.12/site-packages/airflow/example_dags/tutorial.py for tasks to queue
[2024-05-28T18:21:35.360+0000] {logging_mixin.py:188} INFO - [2024-05-28T18:21:35.359+0000] {dagbag.py:545} INFO - Filling up the DagBag from /home/airflow/.local/lib/python3.12/site-packages/airflow/example_dags/tutorial.py
[2024-05-28T18:21:35.373+0000] {processor.py:840} INFO - DAG(s) 'tutorial' retrieved from /home/airflow/.local/lib/python3.12/site-packages/airflow/example_dags/tutorial.py
[2024-05-28T18:21:35.509+0000] {logging_mixin.py:188} INFO - [2024-05-28T18:21:35.508+0000] {dag.py:3096} INFO - Sync 1 DAGs
[2024-05-28T18:21:35.708+0000] {logging_mixin.py:188} INFO - [2024-05-28T18:21:35.707+0000] {dag.py:3954} INFO - Setting next_dagrun for tutorial to 2024-05-27 00:00:00+00:00, run_after=2024-05-28 00:00:00+00:00
[2024-05-28T18:21:35.919+0000] {processor.py:183} INFO - Processing /home/airflow/.local/lib/python3.12/site-packages/airflow/example_dags/tutorial.py took 0.586 seconds
