[2024-05-28T18:07:27.897+0000] {processor.py:161} INFO - Started process (PID=82) to work on /home/airflow/.local/lib/python3.12/site-packages/airflow/example_dags/tutorial_objectstorage.py
[2024-05-28T18:07:27.899+0000] {processor.py:830} INFO - Processing file /home/airflow/.local/lib/python3.12/site-packages/airflow/example_dags/tutorial_objectstorage.py for tasks to queue
[2024-05-28T18:07:27.904+0000] {logging_mixin.py:188} INFO - [2024-05-28T18:07:27.903+0000] {dagbag.py:545} INFO - Filling up the DagBag from /home/airflow/.local/lib/python3.12/site-packages/airflow/example_dags/tutorial_objectstorage.py
[2024-05-28T18:07:27.961+0000] {processor.py:840} INFO - DAG(s) 'tutorial_objectstorage' retrieved from /home/airflow/.local/lib/python3.12/site-packages/airflow/example_dags/tutorial_objectstorage.py
[2024-05-28T18:07:28.400+0000] {logging_mixin.py:188} INFO - [2024-05-28T18:07:28.400+0000] {dag.py:3096} INFO - Sync 1 DAGs
[2024-05-28T18:07:28.477+0000] {logging_mixin.py:188} INFO - [2024-05-28T18:07:28.476+0000] {dag.py:3954} INFO - Setting next_dagrun for tutorial_objectstorage to None, run_after=None
[2024-05-28T18:07:28.551+0000] {processor.py:183} INFO - Processing /home/airflow/.local/lib/python3.12/site-packages/airflow/example_dags/tutorial_objectstorage.py took 0.675 seconds
[2024-05-28T18:07:59.353+0000] {processor.py:161} INFO - Started process (PID=140) to work on /home/airflow/.local/lib/python3.12/site-packages/airflow/example_dags/tutorial_objectstorage.py
[2024-05-28T18:07:59.360+0000] {processor.py:830} INFO - Processing file /home/airflow/.local/lib/python3.12/site-packages/airflow/example_dags/tutorial_objectstorage.py for tasks to queue
[2024-05-28T18:07:59.368+0000] {logging_mixin.py:188} INFO - [2024-05-28T18:07:59.366+0000] {dagbag.py:545} INFO - Filling up the DagBag from /home/airflow/.local/lib/python3.12/site-packages/airflow/example_dags/tutorial_objectstorage.py
[2024-05-28T18:07:59.416+0000] {processor.py:840} INFO - DAG(s) 'tutorial_objectstorage' retrieved from /home/airflow/.local/lib/python3.12/site-packages/airflow/example_dags/tutorial_objectstorage.py
[2024-05-28T18:07:59.586+0000] {logging_mixin.py:188} INFO - [2024-05-28T18:07:59.585+0000] {dag.py:3096} INFO - Sync 1 DAGs
[2024-05-28T18:07:59.710+0000] {logging_mixin.py:188} INFO - [2024-05-28T18:07:59.707+0000] {dag.py:3954} INFO - Setting next_dagrun for tutorial_objectstorage to None, run_after=None
[2024-05-28T18:07:59.941+0000] {processor.py:183} INFO - Processing /home/airflow/.local/lib/python3.12/site-packages/airflow/example_dags/tutorial_objectstorage.py took 0.652 seconds
[2024-05-28T18:08:30.778+0000] {processor.py:161} INFO - Started process (PID=198) to work on /home/airflow/.local/lib/python3.12/site-packages/airflow/example_dags/tutorial_objectstorage.py
[2024-05-28T18:08:30.781+0000] {processor.py:830} INFO - Processing file /home/airflow/.local/lib/python3.12/site-packages/airflow/example_dags/tutorial_objectstorage.py for tasks to queue
[2024-05-28T18:08:30.786+0000] {logging_mixin.py:188} INFO - [2024-05-28T18:08:30.785+0000] {dagbag.py:545} INFO - Filling up the DagBag from /home/airflow/.local/lib/python3.12/site-packages/airflow/example_dags/tutorial_objectstorage.py
[2024-05-28T18:08:30.815+0000] {processor.py:840} INFO - DAG(s) 'tutorial_objectstorage' retrieved from /home/airflow/.local/lib/python3.12/site-packages/airflow/example_dags/tutorial_objectstorage.py
[2024-05-28T18:08:30.869+0000] {logging_mixin.py:188} INFO - [2024-05-28T18:08:30.869+0000] {dag.py:3096} INFO - Sync 1 DAGs
[2024-05-28T18:08:30.904+0000] {logging_mixin.py:188} INFO - [2024-05-28T18:08:30.903+0000] {dag.py:3954} INFO - Setting next_dagrun for tutorial_objectstorage to None, run_after=None
[2024-05-28T18:08:30.978+0000] {processor.py:183} INFO - Processing /home/airflow/.local/lib/python3.12/site-packages/airflow/example_dags/tutorial_objectstorage.py took 0.230 seconds
[2024-05-28T18:09:01.439+0000] {processor.py:161} INFO - Started process (PID=256) to work on /home/airflow/.local/lib/python3.12/site-packages/airflow/example_dags/tutorial_objectstorage.py
[2024-05-28T18:09:01.441+0000] {processor.py:830} INFO - Processing file /home/airflow/.local/lib/python3.12/site-packages/airflow/example_dags/tutorial_objectstorage.py for tasks to queue
[2024-05-28T18:09:01.446+0000] {logging_mixin.py:188} INFO - [2024-05-28T18:09:01.445+0000] {dagbag.py:545} INFO - Filling up the DagBag from /home/airflow/.local/lib/python3.12/site-packages/airflow/example_dags/tutorial_objectstorage.py
[2024-05-28T18:09:01.470+0000] {processor.py:840} INFO - DAG(s) 'tutorial_objectstorage' retrieved from /home/airflow/.local/lib/python3.12/site-packages/airflow/example_dags/tutorial_objectstorage.py
[2024-05-28T18:09:01.525+0000] {logging_mixin.py:188} INFO - [2024-05-28T18:09:01.525+0000] {dag.py:3096} INFO - Sync 1 DAGs
[2024-05-28T18:09:01.576+0000] {logging_mixin.py:188} INFO - [2024-05-28T18:09:01.574+0000] {dag.py:3954} INFO - Setting next_dagrun for tutorial_objectstorage to None, run_after=None
[2024-05-28T18:09:01.666+0000] {processor.py:183} INFO - Processing /home/airflow/.local/lib/python3.12/site-packages/airflow/example_dags/tutorial_objectstorage.py took 0.249 seconds
[2024-05-28T18:09:32.496+0000] {processor.py:161} INFO - Started process (PID=314) to work on /home/airflow/.local/lib/python3.12/site-packages/airflow/example_dags/tutorial_objectstorage.py
[2024-05-28T18:09:32.503+0000] {processor.py:830} INFO - Processing file /home/airflow/.local/lib/python3.12/site-packages/airflow/example_dags/tutorial_objectstorage.py for tasks to queue
[2024-05-28T18:09:32.516+0000] {logging_mixin.py:188} INFO - [2024-05-28T18:09:32.514+0000] {dagbag.py:545} INFO - Filling up the DagBag from /home/airflow/.local/lib/python3.12/site-packages/airflow/example_dags/tutorial_objectstorage.py
[2024-05-28T18:09:32.550+0000] {processor.py:840} INFO - DAG(s) 'tutorial_objectstorage' retrieved from /home/airflow/.local/lib/python3.12/site-packages/airflow/example_dags/tutorial_objectstorage.py
[2024-05-28T18:09:32.614+0000] {logging_mixin.py:188} INFO - [2024-05-28T18:09:32.612+0000] {dag.py:3096} INFO - Sync 1 DAGs
[2024-05-28T18:09:32.676+0000] {logging_mixin.py:188} INFO - [2024-05-28T18:09:32.675+0000] {dag.py:3954} INFO - Setting next_dagrun for tutorial_objectstorage to None, run_after=None
[2024-05-28T18:09:32.755+0000] {processor.py:183} INFO - Processing /home/airflow/.local/lib/python3.12/site-packages/airflow/example_dags/tutorial_objectstorage.py took 0.322 seconds
[2024-05-28T18:10:03.027+0000] {processor.py:161} INFO - Started process (PID=372) to work on /home/airflow/.local/lib/python3.12/site-packages/airflow/example_dags/tutorial_objectstorage.py
[2024-05-28T18:10:03.036+0000] {processor.py:830} INFO - Processing file /home/airflow/.local/lib/python3.12/site-packages/airflow/example_dags/tutorial_objectstorage.py for tasks to queue
[2024-05-28T18:10:03.058+0000] {logging_mixin.py:188} INFO - [2024-05-28T18:10:03.056+0000] {dagbag.py:545} INFO - Filling up the DagBag from /home/airflow/.local/lib/python3.12/site-packages/airflow/example_dags/tutorial_objectstorage.py
[2024-05-28T18:10:03.080+0000] {processor.py:840} INFO - DAG(s) 'tutorial_objectstorage' retrieved from /home/airflow/.local/lib/python3.12/site-packages/airflow/example_dags/tutorial_objectstorage.py
[2024-05-28T18:10:03.126+0000] {logging_mixin.py:188} INFO - [2024-05-28T18:10:03.126+0000] {dag.py:3096} INFO - Sync 1 DAGs
[2024-05-28T18:10:03.162+0000] {logging_mixin.py:188} INFO - [2024-05-28T18:10:03.161+0000] {dag.py:3954} INFO - Setting next_dagrun for tutorial_objectstorage to None, run_after=None
[2024-05-28T18:10:03.209+0000] {processor.py:183} INFO - Processing /home/airflow/.local/lib/python3.12/site-packages/airflow/example_dags/tutorial_objectstorage.py took 0.219 seconds
[2024-05-28T18:10:33.894+0000] {processor.py:161} INFO - Started process (PID=430) to work on /home/airflow/.local/lib/python3.12/site-packages/airflow/example_dags/tutorial_objectstorage.py
[2024-05-28T18:10:33.897+0000] {processor.py:830} INFO - Processing file /home/airflow/.local/lib/python3.12/site-packages/airflow/example_dags/tutorial_objectstorage.py for tasks to queue
[2024-05-28T18:10:33.902+0000] {logging_mixin.py:188} INFO - [2024-05-28T18:10:33.901+0000] {dagbag.py:545} INFO - Filling up the DagBag from /home/airflow/.local/lib/python3.12/site-packages/airflow/example_dags/tutorial_objectstorage.py
[2024-05-28T18:10:33.925+0000] {processor.py:840} INFO - DAG(s) 'tutorial_objectstorage' retrieved from /home/airflow/.local/lib/python3.12/site-packages/airflow/example_dags/tutorial_objectstorage.py
[2024-05-28T18:10:33.995+0000] {logging_mixin.py:188} INFO - [2024-05-28T18:10:33.994+0000] {dag.py:3096} INFO - Sync 1 DAGs
[2024-05-28T18:10:34.041+0000] {logging_mixin.py:188} INFO - [2024-05-28T18:10:34.040+0000] {dag.py:3954} INFO - Setting next_dagrun for tutorial_objectstorage to None, run_after=None
[2024-05-28T18:10:34.112+0000] {processor.py:183} INFO - Processing /home/airflow/.local/lib/python3.12/site-packages/airflow/example_dags/tutorial_objectstorage.py took 0.235 seconds
[2024-05-28T18:11:04.350+0000] {processor.py:161} INFO - Started process (PID=488) to work on /home/airflow/.local/lib/python3.12/site-packages/airflow/example_dags/tutorial_objectstorage.py
[2024-05-28T18:11:04.352+0000] {processor.py:830} INFO - Processing file /home/airflow/.local/lib/python3.12/site-packages/airflow/example_dags/tutorial_objectstorage.py for tasks to queue
[2024-05-28T18:11:04.370+0000] {logging_mixin.py:188} INFO - [2024-05-28T18:11:04.369+0000] {dagbag.py:545} INFO - Filling up the DagBag from /home/airflow/.local/lib/python3.12/site-packages/airflow/example_dags/tutorial_objectstorage.py
[2024-05-28T18:11:04.426+0000] {processor.py:840} INFO - DAG(s) 'tutorial_objectstorage' retrieved from /home/airflow/.local/lib/python3.12/site-packages/airflow/example_dags/tutorial_objectstorage.py
[2024-05-28T18:11:04.505+0000] {logging_mixin.py:188} INFO - [2024-05-28T18:11:04.504+0000] {dag.py:3096} INFO - Sync 1 DAGs
[2024-05-28T18:11:04.548+0000] {logging_mixin.py:188} INFO - [2024-05-28T18:11:04.547+0000] {dag.py:3954} INFO - Setting next_dagrun for tutorial_objectstorage to None, run_after=None
[2024-05-28T18:11:04.631+0000] {processor.py:183} INFO - Processing /home/airflow/.local/lib/python3.12/site-packages/airflow/example_dags/tutorial_objectstorage.py took 0.304 seconds
[2024-05-28T18:11:39.081+0000] {processor.py:161} INFO - Started process (PID=544) to work on /home/airflow/.local/lib/python3.12/site-packages/airflow/example_dags/tutorial_objectstorage.py
[2024-05-28T18:11:39.095+0000] {processor.py:830} INFO - Processing file /home/airflow/.local/lib/python3.12/site-packages/airflow/example_dags/tutorial_objectstorage.py for tasks to queue
[2024-05-28T18:11:39.109+0000] {logging_mixin.py:188} INFO - [2024-05-28T18:11:39.108+0000] {dagbag.py:545} INFO - Filling up the DagBag from /home/airflow/.local/lib/python3.12/site-packages/airflow/example_dags/tutorial_objectstorage.py
[2024-05-28T18:11:39.165+0000] {processor.py:840} INFO - DAG(s) 'tutorial_objectstorage' retrieved from /home/airflow/.local/lib/python3.12/site-packages/airflow/example_dags/tutorial_objectstorage.py
[2024-05-28T18:11:39.287+0000] {logging_mixin.py:188} INFO - [2024-05-28T18:11:39.285+0000] {dag.py:3096} INFO - Sync 1 DAGs
[2024-05-28T18:11:39.374+0000] {logging_mixin.py:188} INFO - [2024-05-28T18:11:39.373+0000] {dag.py:3954} INFO - Setting next_dagrun for tutorial_objectstorage to None, run_after=None
[2024-05-28T18:11:39.581+0000] {processor.py:183} INFO - Processing /home/airflow/.local/lib/python3.12/site-packages/airflow/example_dags/tutorial_objectstorage.py took 0.544 seconds
[2024-05-28T18:12:10.013+0000] {processor.py:161} INFO - Started process (PID=602) to work on /home/airflow/.local/lib/python3.12/site-packages/airflow/example_dags/tutorial_objectstorage.py
[2024-05-28T18:12:10.017+0000] {processor.py:830} INFO - Processing file /home/airflow/.local/lib/python3.12/site-packages/airflow/example_dags/tutorial_objectstorage.py for tasks to queue
[2024-05-28T18:12:10.031+0000] {logging_mixin.py:188} INFO - [2024-05-28T18:12:10.030+0000] {dagbag.py:545} INFO - Filling up the DagBag from /home/airflow/.local/lib/python3.12/site-packages/airflow/example_dags/tutorial_objectstorage.py
[2024-05-28T18:12:10.056+0000] {processor.py:840} INFO - DAG(s) 'tutorial_objectstorage' retrieved from /home/airflow/.local/lib/python3.12/site-packages/airflow/example_dags/tutorial_objectstorage.py
[2024-05-28T18:12:10.143+0000] {logging_mixin.py:188} INFO - [2024-05-28T18:12:10.142+0000] {dag.py:3096} INFO - Sync 1 DAGs
[2024-05-28T18:12:10.199+0000] {logging_mixin.py:188} INFO - [2024-05-28T18:12:10.199+0000] {dag.py:3954} INFO - Setting next_dagrun for tutorial_objectstorage to None, run_after=None
[2024-05-28T18:12:10.270+0000] {processor.py:183} INFO - Processing /home/airflow/.local/lib/python3.12/site-packages/airflow/example_dags/tutorial_objectstorage.py took 0.295 seconds
[2024-05-28T18:12:40.560+0000] {processor.py:161} INFO - Started process (PID=660) to work on /home/airflow/.local/lib/python3.12/site-packages/airflow/example_dags/tutorial_objectstorage.py
[2024-05-28T18:12:40.564+0000] {processor.py:830} INFO - Processing file /home/airflow/.local/lib/python3.12/site-packages/airflow/example_dags/tutorial_objectstorage.py for tasks to queue
[2024-05-28T18:12:40.577+0000] {logging_mixin.py:188} INFO - [2024-05-28T18:12:40.576+0000] {dagbag.py:545} INFO - Filling up the DagBag from /home/airflow/.local/lib/python3.12/site-packages/airflow/example_dags/tutorial_objectstorage.py
[2024-05-28T18:12:40.601+0000] {processor.py:840} INFO - DAG(s) 'tutorial_objectstorage' retrieved from /home/airflow/.local/lib/python3.12/site-packages/airflow/example_dags/tutorial_objectstorage.py
[2024-05-28T18:12:40.664+0000] {logging_mixin.py:188} INFO - [2024-05-28T18:12:40.663+0000] {dag.py:3096} INFO - Sync 1 DAGs
[2024-05-28T18:12:40.726+0000] {logging_mixin.py:188} INFO - [2024-05-28T18:12:40.725+0000] {dag.py:3954} INFO - Setting next_dagrun for tutorial_objectstorage to None, run_after=None
[2024-05-28T18:12:40.785+0000] {processor.py:183} INFO - Processing /home/airflow/.local/lib/python3.12/site-packages/airflow/example_dags/tutorial_objectstorage.py took 0.252 seconds
[2024-05-28T18:13:11.456+0000] {processor.py:161} INFO - Started process (PID=718) to work on /home/airflow/.local/lib/python3.12/site-packages/airflow/example_dags/tutorial_objectstorage.py
[2024-05-28T18:13:11.458+0000] {processor.py:830} INFO - Processing file /home/airflow/.local/lib/python3.12/site-packages/airflow/example_dags/tutorial_objectstorage.py for tasks to queue
[2024-05-28T18:13:11.463+0000] {logging_mixin.py:188} INFO - [2024-05-28T18:13:11.462+0000] {dagbag.py:545} INFO - Filling up the DagBag from /home/airflow/.local/lib/python3.12/site-packages/airflow/example_dags/tutorial_objectstorage.py
[2024-05-28T18:13:11.480+0000] {processor.py:840} INFO - DAG(s) 'tutorial_objectstorage' retrieved from /home/airflow/.local/lib/python3.12/site-packages/airflow/example_dags/tutorial_objectstorage.py
[2024-05-28T18:13:11.536+0000] {logging_mixin.py:188} INFO - [2024-05-28T18:13:11.535+0000] {dag.py:3096} INFO - Sync 1 DAGs
[2024-05-28T18:13:11.569+0000] {logging_mixin.py:188} INFO - [2024-05-28T18:13:11.569+0000] {dag.py:3954} INFO - Setting next_dagrun for tutorial_objectstorage to None, run_after=None
[2024-05-28T18:13:11.619+0000] {processor.py:183} INFO - Processing /home/airflow/.local/lib/python3.12/site-packages/airflow/example_dags/tutorial_objectstorage.py took 0.185 seconds
[2024-05-28T18:13:44.139+0000] {processor.py:161} INFO - Started process (PID=777) to work on /home/airflow/.local/lib/python3.12/site-packages/airflow/example_dags/tutorial_objectstorage.py
[2024-05-28T18:13:44.145+0000] {processor.py:830} INFO - Processing file /home/airflow/.local/lib/python3.12/site-packages/airflow/example_dags/tutorial_objectstorage.py for tasks to queue
[2024-05-28T18:13:44.151+0000] {logging_mixin.py:188} INFO - [2024-05-28T18:13:44.150+0000] {dagbag.py:545} INFO - Filling up the DagBag from /home/airflow/.local/lib/python3.12/site-packages/airflow/example_dags/tutorial_objectstorage.py
[2024-05-28T18:13:44.174+0000] {processor.py:840} INFO - DAG(s) 'tutorial_objectstorage' retrieved from /home/airflow/.local/lib/python3.12/site-packages/airflow/example_dags/tutorial_objectstorage.py
[2024-05-28T18:13:44.222+0000] {logging_mixin.py:188} INFO - [2024-05-28T18:13:44.220+0000] {dag.py:3096} INFO - Sync 1 DAGs
[2024-05-28T18:13:44.259+0000] {logging_mixin.py:188} INFO - [2024-05-28T18:13:44.259+0000] {dag.py:3954} INFO - Setting next_dagrun for tutorial_objectstorage to None, run_after=None
[2024-05-28T18:13:44.302+0000] {processor.py:183} INFO - Processing /home/airflow/.local/lib/python3.12/site-packages/airflow/example_dags/tutorial_objectstorage.py took 0.188 seconds
[2024-05-28T18:14:15.948+0000] {processor.py:161} INFO - Started process (PID=835) to work on /home/airflow/.local/lib/python3.12/site-packages/airflow/example_dags/tutorial_objectstorage.py
[2024-05-28T18:14:15.955+0000] {processor.py:830} INFO - Processing file /home/airflow/.local/lib/python3.12/site-packages/airflow/example_dags/tutorial_objectstorage.py for tasks to queue
[2024-05-28T18:14:15.966+0000] {logging_mixin.py:188} INFO - [2024-05-28T18:14:15.963+0000] {dagbag.py:545} INFO - Filling up the DagBag from /home/airflow/.local/lib/python3.12/site-packages/airflow/example_dags/tutorial_objectstorage.py
[2024-05-28T18:14:16.019+0000] {processor.py:840} INFO - DAG(s) 'tutorial_objectstorage' retrieved from /home/airflow/.local/lib/python3.12/site-packages/airflow/example_dags/tutorial_objectstorage.py
[2024-05-28T18:14:16.182+0000] {logging_mixin.py:188} INFO - [2024-05-28T18:14:16.181+0000] {dag.py:3096} INFO - Sync 1 DAGs
[2024-05-28T18:14:16.264+0000] {logging_mixin.py:188} INFO - [2024-05-28T18:14:16.263+0000] {dag.py:3954} INFO - Setting next_dagrun for tutorial_objectstorage to None, run_after=None
[2024-05-28T18:14:16.366+0000] {processor.py:183} INFO - Processing /home/airflow/.local/lib/python3.12/site-packages/airflow/example_dags/tutorial_objectstorage.py took 0.457 seconds
[2024-05-28T18:14:48.088+0000] {processor.py:161} INFO - Started process (PID=893) to work on /home/airflow/.local/lib/python3.12/site-packages/airflow/example_dags/tutorial_objectstorage.py
[2024-05-28T18:14:48.091+0000] {processor.py:830} INFO - Processing file /home/airflow/.local/lib/python3.12/site-packages/airflow/example_dags/tutorial_objectstorage.py for tasks to queue
[2024-05-28T18:14:48.098+0000] {logging_mixin.py:188} INFO - [2024-05-28T18:14:48.097+0000] {dagbag.py:545} INFO - Filling up the DagBag from /home/airflow/.local/lib/python3.12/site-packages/airflow/example_dags/tutorial_objectstorage.py
[2024-05-28T18:14:48.124+0000] {processor.py:840} INFO - DAG(s) 'tutorial_objectstorage' retrieved from /home/airflow/.local/lib/python3.12/site-packages/airflow/example_dags/tutorial_objectstorage.py
[2024-05-28T18:14:48.193+0000] {logging_mixin.py:188} INFO - [2024-05-28T18:14:48.192+0000] {dag.py:3096} INFO - Sync 1 DAGs
[2024-05-28T18:14:48.249+0000] {logging_mixin.py:188} INFO - [2024-05-28T18:14:48.248+0000] {dag.py:3954} INFO - Setting next_dagrun for tutorial_objectstorage to None, run_after=None
[2024-05-28T18:14:48.339+0000] {processor.py:183} INFO - Processing /home/airflow/.local/lib/python3.12/site-packages/airflow/example_dags/tutorial_objectstorage.py took 0.277 seconds
[2024-05-28T18:15:23.793+0000] {processor.py:161} INFO - Started process (PID=956) to work on /home/airflow/.local/lib/python3.12/site-packages/airflow/example_dags/tutorial_objectstorage.py
[2024-05-28T18:15:23.808+0000] {processor.py:830} INFO - Processing file /home/airflow/.local/lib/python3.12/site-packages/airflow/example_dags/tutorial_objectstorage.py for tasks to queue
[2024-05-28T18:15:23.829+0000] {logging_mixin.py:188} INFO - [2024-05-28T18:15:23.827+0000] {dagbag.py:545} INFO - Filling up the DagBag from /home/airflow/.local/lib/python3.12/site-packages/airflow/example_dags/tutorial_objectstorage.py
[2024-05-28T18:15:23.953+0000] {processor.py:840} INFO - DAG(s) 'tutorial_objectstorage' retrieved from /home/airflow/.local/lib/python3.12/site-packages/airflow/example_dags/tutorial_objectstorage.py
[2024-05-28T18:15:24.234+0000] {logging_mixin.py:188} INFO - [2024-05-28T18:15:24.223+0000] {dag.py:3096} INFO - Sync 1 DAGs
[2024-05-28T18:15:24.381+0000] {logging_mixin.py:188} INFO - [2024-05-28T18:15:24.381+0000] {dag.py:3954} INFO - Setting next_dagrun for tutorial_objectstorage to None, run_after=None
[2024-05-28T18:15:24.597+0000] {processor.py:183} INFO - Processing /home/airflow/.local/lib/python3.12/site-packages/airflow/example_dags/tutorial_objectstorage.py took 0.863 seconds
[2024-05-28T18:15:54.941+0000] {processor.py:161} INFO - Started process (PID=1014) to work on /home/airflow/.local/lib/python3.12/site-packages/airflow/example_dags/tutorial_objectstorage.py
[2024-05-28T18:15:54.943+0000] {processor.py:830} INFO - Processing file /home/airflow/.local/lib/python3.12/site-packages/airflow/example_dags/tutorial_objectstorage.py for tasks to queue
[2024-05-28T18:15:54.949+0000] {logging_mixin.py:188} INFO - [2024-05-28T18:15:54.948+0000] {dagbag.py:545} INFO - Filling up the DagBag from /home/airflow/.local/lib/python3.12/site-packages/airflow/example_dags/tutorial_objectstorage.py
[2024-05-28T18:15:54.982+0000] {processor.py:840} INFO - DAG(s) 'tutorial_objectstorage' retrieved from /home/airflow/.local/lib/python3.12/site-packages/airflow/example_dags/tutorial_objectstorage.py
[2024-05-28T18:15:55.074+0000] {logging_mixin.py:188} INFO - [2024-05-28T18:15:55.073+0000] {dag.py:3096} INFO - Sync 1 DAGs
[2024-05-28T18:15:55.303+0000] {logging_mixin.py:188} INFO - [2024-05-28T18:15:55.302+0000] {dag.py:3954} INFO - Setting next_dagrun for tutorial_objectstorage to None, run_after=None
[2024-05-28T18:15:55.506+0000] {processor.py:183} INFO - Processing /home/airflow/.local/lib/python3.12/site-packages/airflow/example_dags/tutorial_objectstorage.py took 0.584 seconds
[2024-05-28T18:16:31.233+0000] {processor.py:161} INFO - Started process (PID=1073) to work on /home/airflow/.local/lib/python3.12/site-packages/airflow/example_dags/tutorial_objectstorage.py
[2024-05-28T18:16:31.263+0000] {processor.py:830} INFO - Processing file /home/airflow/.local/lib/python3.12/site-packages/airflow/example_dags/tutorial_objectstorage.py for tasks to queue
[2024-05-28T18:16:31.303+0000] {logging_mixin.py:188} INFO - [2024-05-28T18:16:31.291+0000] {dagbag.py:545} INFO - Filling up the DagBag from /home/airflow/.local/lib/python3.12/site-packages/airflow/example_dags/tutorial_objectstorage.py
[2024-05-28T18:16:31.381+0000] {processor.py:840} INFO - DAG(s) 'tutorial_objectstorage' retrieved from /home/airflow/.local/lib/python3.12/site-packages/airflow/example_dags/tutorial_objectstorage.py
[2024-05-28T18:16:31.564+0000] {logging_mixin.py:188} INFO - [2024-05-28T18:16:31.563+0000] {dag.py:3096} INFO - Sync 1 DAGs
[2024-05-28T18:16:31.615+0000] {logging_mixin.py:188} INFO - [2024-05-28T18:16:31.615+0000] {dag.py:3954} INFO - Setting next_dagrun for tutorial_objectstorage to None, run_after=None
[2024-05-28T18:16:31.751+0000] {processor.py:183} INFO - Processing /home/airflow/.local/lib/python3.12/site-packages/airflow/example_dags/tutorial_objectstorage.py took 0.585 seconds
[2024-05-28T18:17:04.402+0000] {processor.py:161} INFO - Started process (PID=1130) to work on /home/airflow/.local/lib/python3.12/site-packages/airflow/example_dags/tutorial_objectstorage.py
[2024-05-28T18:17:04.406+0000] {processor.py:830} INFO - Processing file /home/airflow/.local/lib/python3.12/site-packages/airflow/example_dags/tutorial_objectstorage.py for tasks to queue
[2024-05-28T18:17:04.412+0000] {logging_mixin.py:188} INFO - [2024-05-28T18:17:04.411+0000] {dagbag.py:545} INFO - Filling up the DagBag from /home/airflow/.local/lib/python3.12/site-packages/airflow/example_dags/tutorial_objectstorage.py
[2024-05-28T18:17:04.440+0000] {processor.py:840} INFO - DAG(s) 'tutorial_objectstorage' retrieved from /home/airflow/.local/lib/python3.12/site-packages/airflow/example_dags/tutorial_objectstorage.py
[2024-05-28T18:17:04.570+0000] {logging_mixin.py:188} INFO - [2024-05-28T18:17:04.569+0000] {dag.py:3096} INFO - Sync 1 DAGs
[2024-05-28T18:17:04.713+0000] {logging_mixin.py:188} INFO - [2024-05-28T18:17:04.710+0000] {dag.py:3954} INFO - Setting next_dagrun for tutorial_objectstorage to None, run_after=None
[2024-05-28T18:17:05.012+0000] {processor.py:183} INFO - Processing /home/airflow/.local/lib/python3.12/site-packages/airflow/example_dags/tutorial_objectstorage.py took 0.634 seconds
[2024-05-28T18:17:35.608+0000] {processor.py:161} INFO - Started process (PID=1188) to work on /home/airflow/.local/lib/python3.12/site-packages/airflow/example_dags/tutorial_objectstorage.py
[2024-05-28T18:17:35.610+0000] {processor.py:830} INFO - Processing file /home/airflow/.local/lib/python3.12/site-packages/airflow/example_dags/tutorial_objectstorage.py for tasks to queue
[2024-05-28T18:17:35.616+0000] {logging_mixin.py:188} INFO - [2024-05-28T18:17:35.615+0000] {dagbag.py:545} INFO - Filling up the DagBag from /home/airflow/.local/lib/python3.12/site-packages/airflow/example_dags/tutorial_objectstorage.py
[2024-05-28T18:17:35.648+0000] {processor.py:840} INFO - DAG(s) 'tutorial_objectstorage' retrieved from /home/airflow/.local/lib/python3.12/site-packages/airflow/example_dags/tutorial_objectstorage.py
[2024-05-28T18:17:35.730+0000] {logging_mixin.py:188} INFO - [2024-05-28T18:17:35.729+0000] {dag.py:3096} INFO - Sync 1 DAGs
[2024-05-28T18:17:35.764+0000] {logging_mixin.py:188} INFO - [2024-05-28T18:17:35.764+0000] {dag.py:3954} INFO - Setting next_dagrun for tutorial_objectstorage to None, run_after=None
[2024-05-28T18:17:35.814+0000] {processor.py:183} INFO - Processing /home/airflow/.local/lib/python3.12/site-packages/airflow/example_dags/tutorial_objectstorage.py took 0.230 seconds
[2024-05-28T18:18:07.204+0000] {processor.py:161} INFO - Started process (PID=1246) to work on /home/airflow/.local/lib/python3.12/site-packages/airflow/example_dags/tutorial_objectstorage.py
[2024-05-28T18:18:07.207+0000] {processor.py:830} INFO - Processing file /home/airflow/.local/lib/python3.12/site-packages/airflow/example_dags/tutorial_objectstorage.py for tasks to queue
[2024-05-28T18:18:07.212+0000] {logging_mixin.py:188} INFO - [2024-05-28T18:18:07.211+0000] {dagbag.py:545} INFO - Filling up the DagBag from /home/airflow/.local/lib/python3.12/site-packages/airflow/example_dags/tutorial_objectstorage.py
[2024-05-28T18:18:07.240+0000] {processor.py:840} INFO - DAG(s) 'tutorial_objectstorage' retrieved from /home/airflow/.local/lib/python3.12/site-packages/airflow/example_dags/tutorial_objectstorage.py
[2024-05-28T18:18:07.294+0000] {logging_mixin.py:188} INFO - [2024-05-28T18:18:07.293+0000] {dag.py:3096} INFO - Sync 1 DAGs
[2024-05-28T18:18:07.338+0000] {logging_mixin.py:188} INFO - [2024-05-28T18:18:07.338+0000] {dag.py:3954} INFO - Setting next_dagrun for tutorial_objectstorage to None, run_after=None
[2024-05-28T18:18:07.385+0000] {processor.py:183} INFO - Processing /home/airflow/.local/lib/python3.12/site-packages/airflow/example_dags/tutorial_objectstorage.py took 0.204 seconds
[2024-05-28T18:18:37.922+0000] {processor.py:161} INFO - Started process (PID=1304) to work on /home/airflow/.local/lib/python3.12/site-packages/airflow/example_dags/tutorial_objectstorage.py
[2024-05-28T18:18:37.926+0000] {processor.py:830} INFO - Processing file /home/airflow/.local/lib/python3.12/site-packages/airflow/example_dags/tutorial_objectstorage.py for tasks to queue
[2024-05-28T18:18:37.930+0000] {logging_mixin.py:188} INFO - [2024-05-28T18:18:37.929+0000] {dagbag.py:545} INFO - Filling up the DagBag from /home/airflow/.local/lib/python3.12/site-packages/airflow/example_dags/tutorial_objectstorage.py
[2024-05-28T18:18:37.950+0000] {processor.py:840} INFO - DAG(s) 'tutorial_objectstorage' retrieved from /home/airflow/.local/lib/python3.12/site-packages/airflow/example_dags/tutorial_objectstorage.py
[2024-05-28T18:18:38.003+0000] {logging_mixin.py:188} INFO - [2024-05-28T18:18:38.002+0000] {dag.py:3096} INFO - Sync 1 DAGs
[2024-05-28T18:18:38.039+0000] {logging_mixin.py:188} INFO - [2024-05-28T18:18:38.039+0000] {dag.py:3954} INFO - Setting next_dagrun for tutorial_objectstorage to None, run_after=None
[2024-05-28T18:18:38.095+0000] {processor.py:183} INFO - Processing /home/airflow/.local/lib/python3.12/site-packages/airflow/example_dags/tutorial_objectstorage.py took 0.195 seconds
[2024-05-28T18:19:08.911+0000] {processor.py:161} INFO - Started process (PID=1362) to work on /home/airflow/.local/lib/python3.12/site-packages/airflow/example_dags/tutorial_objectstorage.py
[2024-05-28T18:19:08.914+0000] {processor.py:830} INFO - Processing file /home/airflow/.local/lib/python3.12/site-packages/airflow/example_dags/tutorial_objectstorage.py for tasks to queue
[2024-05-28T18:19:08.935+0000] {logging_mixin.py:188} INFO - [2024-05-28T18:19:08.925+0000] {dagbag.py:545} INFO - Filling up the DagBag from /home/airflow/.local/lib/python3.12/site-packages/airflow/example_dags/tutorial_objectstorage.py
[2024-05-28T18:19:08.972+0000] {processor.py:840} INFO - DAG(s) 'tutorial_objectstorage' retrieved from /home/airflow/.local/lib/python3.12/site-packages/airflow/example_dags/tutorial_objectstorage.py
[2024-05-28T18:19:09.063+0000] {logging_mixin.py:188} INFO - [2024-05-28T18:19:09.060+0000] {dag.py:3096} INFO - Sync 1 DAGs
[2024-05-28T18:19:09.119+0000] {logging_mixin.py:188} INFO - [2024-05-28T18:19:09.119+0000] {dag.py:3954} INFO - Setting next_dagrun for tutorial_objectstorage to None, run_after=None
[2024-05-28T18:19:09.204+0000] {processor.py:183} INFO - Processing /home/airflow/.local/lib/python3.12/site-packages/airflow/example_dags/tutorial_objectstorage.py took 0.326 seconds
[2024-05-28T18:19:40.105+0000] {processor.py:161} INFO - Started process (PID=1420) to work on /home/airflow/.local/lib/python3.12/site-packages/airflow/example_dags/tutorial_objectstorage.py
[2024-05-28T18:19:40.111+0000] {processor.py:830} INFO - Processing file /home/airflow/.local/lib/python3.12/site-packages/airflow/example_dags/tutorial_objectstorage.py for tasks to queue
[2024-05-28T18:19:40.123+0000] {logging_mixin.py:188} INFO - [2024-05-28T18:19:40.122+0000] {dagbag.py:545} INFO - Filling up the DagBag from /home/airflow/.local/lib/python3.12/site-packages/airflow/example_dags/tutorial_objectstorage.py
[2024-05-28T18:19:40.178+0000] {processor.py:840} INFO - DAG(s) 'tutorial_objectstorage' retrieved from /home/airflow/.local/lib/python3.12/site-packages/airflow/example_dags/tutorial_objectstorage.py
[2024-05-28T18:19:40.346+0000] {logging_mixin.py:188} INFO - [2024-05-28T18:19:40.345+0000] {dag.py:3096} INFO - Sync 1 DAGs
[2024-05-28T18:19:40.456+0000] {logging_mixin.py:188} INFO - [2024-05-28T18:19:40.455+0000] {dag.py:3954} INFO - Setting next_dagrun for tutorial_objectstorage to None, run_after=None
[2024-05-28T18:19:40.537+0000] {processor.py:183} INFO - Processing /home/airflow/.local/lib/python3.12/site-packages/airflow/example_dags/tutorial_objectstorage.py took 0.476 seconds
[2024-05-28T18:20:10.781+0000] {processor.py:161} INFO - Started process (PID=1477) to work on /home/airflow/.local/lib/python3.12/site-packages/airflow/example_dags/tutorial_objectstorage.py
[2024-05-28T18:20:10.785+0000] {processor.py:830} INFO - Processing file /home/airflow/.local/lib/python3.12/site-packages/airflow/example_dags/tutorial_objectstorage.py for tasks to queue
[2024-05-28T18:20:10.790+0000] {logging_mixin.py:188} INFO - [2024-05-28T18:20:10.789+0000] {dagbag.py:545} INFO - Filling up the DagBag from /home/airflow/.local/lib/python3.12/site-packages/airflow/example_dags/tutorial_objectstorage.py
[2024-05-28T18:20:10.819+0000] {processor.py:840} INFO - DAG(s) 'tutorial_objectstorage' retrieved from /home/airflow/.local/lib/python3.12/site-packages/airflow/example_dags/tutorial_objectstorage.py
[2024-05-28T18:20:10.873+0000] {logging_mixin.py:188} INFO - [2024-05-28T18:20:10.873+0000] {dag.py:3096} INFO - Sync 1 DAGs
[2024-05-28T18:20:10.912+0000] {logging_mixin.py:188} INFO - [2024-05-28T18:20:10.912+0000] {dag.py:3954} INFO - Setting next_dagrun for tutorial_objectstorage to None, run_after=None
[2024-05-28T18:20:10.988+0000] {processor.py:183} INFO - Processing /home/airflow/.local/lib/python3.12/site-packages/airflow/example_dags/tutorial_objectstorage.py took 0.229 seconds
[2024-05-28T18:20:41.804+0000] {processor.py:161} INFO - Started process (PID=1535) to work on /home/airflow/.local/lib/python3.12/site-packages/airflow/example_dags/tutorial_objectstorage.py
[2024-05-28T18:20:41.812+0000] {processor.py:830} INFO - Processing file /home/airflow/.local/lib/python3.12/site-packages/airflow/example_dags/tutorial_objectstorage.py for tasks to queue
[2024-05-28T18:20:41.836+0000] {logging_mixin.py:188} INFO - [2024-05-28T18:20:41.834+0000] {dagbag.py:545} INFO - Filling up the DagBag from /home/airflow/.local/lib/python3.12/site-packages/airflow/example_dags/tutorial_objectstorage.py
[2024-05-28T18:20:41.896+0000] {processor.py:840} INFO - DAG(s) 'tutorial_objectstorage' retrieved from /home/airflow/.local/lib/python3.12/site-packages/airflow/example_dags/tutorial_objectstorage.py
[2024-05-28T18:20:42.019+0000] {logging_mixin.py:188} INFO - [2024-05-28T18:20:42.018+0000] {dag.py:3096} INFO - Sync 1 DAGs
[2024-05-28T18:20:42.100+0000] {logging_mixin.py:188} INFO - [2024-05-28T18:20:42.099+0000] {dag.py:3954} INFO - Setting next_dagrun for tutorial_objectstorage to None, run_after=None
[2024-05-28T18:20:42.258+0000] {processor.py:183} INFO - Processing /home/airflow/.local/lib/python3.12/site-packages/airflow/example_dags/tutorial_objectstorage.py took 0.495 seconds
[2024-05-28T18:21:12.730+0000] {processor.py:161} INFO - Started process (PID=1591) to work on /home/airflow/.local/lib/python3.12/site-packages/airflow/example_dags/tutorial_objectstorage.py
[2024-05-28T18:21:12.731+0000] {processor.py:830} INFO - Processing file /home/airflow/.local/lib/python3.12/site-packages/airflow/example_dags/tutorial_objectstorage.py for tasks to queue
[2024-05-28T18:21:12.737+0000] {logging_mixin.py:188} INFO - [2024-05-28T18:21:12.736+0000] {dagbag.py:545} INFO - Filling up the DagBag from /home/airflow/.local/lib/python3.12/site-packages/airflow/example_dags/tutorial_objectstorage.py
[2024-05-28T18:21:12.751+0000] {processor.py:840} INFO - DAG(s) 'tutorial_objectstorage' retrieved from /home/airflow/.local/lib/python3.12/site-packages/airflow/example_dags/tutorial_objectstorage.py
[2024-05-28T18:21:12.800+0000] {logging_mixin.py:188} INFO - [2024-05-28T18:21:12.799+0000] {dag.py:3096} INFO - Sync 1 DAGs
[2024-05-28T18:21:12.855+0000] {logging_mixin.py:188} INFO - [2024-05-28T18:21:12.854+0000] {dag.py:3954} INFO - Setting next_dagrun for tutorial_objectstorage to None, run_after=None
[2024-05-28T18:21:13.013+0000] {processor.py:183} INFO - Processing /home/airflow/.local/lib/python3.12/site-packages/airflow/example_dags/tutorial_objectstorage.py took 0.297 seconds
[2024-05-28T18:21:44.306+0000] {processor.py:161} INFO - Started process (PID=1649) to work on /home/airflow/.local/lib/python3.12/site-packages/airflow/example_dags/tutorial_objectstorage.py
[2024-05-28T18:21:44.329+0000] {processor.py:830} INFO - Processing file /home/airflow/.local/lib/python3.12/site-packages/airflow/example_dags/tutorial_objectstorage.py for tasks to queue
[2024-05-28T18:21:44.351+0000] {logging_mixin.py:188} INFO - [2024-05-28T18:21:44.347+0000] {dagbag.py:545} INFO - Filling up the DagBag from /home/airflow/.local/lib/python3.12/site-packages/airflow/example_dags/tutorial_objectstorage.py
[2024-05-28T18:21:44.394+0000] {processor.py:840} INFO - DAG(s) 'tutorial_objectstorage' retrieved from /home/airflow/.local/lib/python3.12/site-packages/airflow/example_dags/tutorial_objectstorage.py
[2024-05-28T18:21:44.538+0000] {logging_mixin.py:188} INFO - [2024-05-28T18:21:44.535+0000] {dag.py:3096} INFO - Sync 1 DAGs
[2024-05-28T18:21:44.616+0000] {logging_mixin.py:188} INFO - [2024-05-28T18:21:44.616+0000] {dag.py:3954} INFO - Setting next_dagrun for tutorial_objectstorage to None, run_after=None
[2024-05-28T18:21:44.699+0000] {processor.py:183} INFO - Processing /home/airflow/.local/lib/python3.12/site-packages/airflow/example_dags/tutorial_objectstorage.py took 0.461 seconds
